<?xml version="1.0" encoding="UTF-8"?>
<!-- Generated by org.testng.reporters.JUnitXMLReporter -->
<testsuite ignored="2" hostname="DESKTOP-7NMSRQD" failures="0" tests="7" name="Surefire test" time="80.511" errors="0" timestamp="2025-07-21T19:49:46 IST">
  <testcase classname="tests.ElementsTests" name="ElementsCard" time="0.255"/>
  <testcase classname="tests.ElementsTests" name="TextBox" time="2.397"/>
  <testcase classname="tests.FormTests" name="FormCard" time="0.43"/>
  <testcase classname="tests.FormTests" name="fillForm" time="6.139"/>
  <testcase classname="tests.FormTests" name="fillForm" time="5.346"/>
  <testcase classname="tests.FormTests" name="fillForm" time="4.967"/>
  <testcase classname="tests.FormTests" name="fillForm" time="5.128"/>
  <testcase classname="base.demoqaBase" name="@AfterSuite teardownReport" time="0.0">
    <ignored/>
  </testcase> <!-- @AfterSuite teardownReport -->
  <testcase classname="base.demoqaBase" name="@BeforeSuite setupReport" time="0.0">
    <ignored/>
  </testcase> <!-- @BeforeSuite setupReport -->
</testsuite> <!-- Surefire test -->
