<?xml version="1.0" encoding="UTF-8"?>
<!-- Generated by org.testng.reporters.JUnitXMLReporter -->
<testsuite ignored="6" hostname="DESKTOP-7NMSRQD" failures="0" tests="137" name="Surefire test" time="3273.961" errors="0" timestamp="2025-09-24T10:11:48 IST">
  <testcase classname="tests.AlertsFramesWindowsTests" name="accessAlertsFrameWindows" time="0.427"/>
  <testcase classname="tests.AlertsFramesWindowsTests" name="browserWindows" time="0.968"/>
  <testcase classname="tests.AlertsFramesWindowsTests" name="browserWindowsNewTab" time="2.726"/>
  <testcase classname="tests.AlertsFramesWindowsTests" name="browserWindowsNewWindow" time="3.161"/>
  <testcase classname="tests.AlertsFramesWindowsTests" name="browserWindowsNewWindowMsg" time="2.59"/>
  <testcase classname="tests.AlertsFramesWindowsTests" name="ClickAlerts" time="0.613"/>
  <testcase classname="tests.AlertsFramesWindowsTests" name="ClickToSeeAlerts" time="12.249"/>
  <testcase classname="tests.AlertsFramesWindowsTests" name="ClickAcceptConfirmationBox" time="6.804"/>
  <testcase classname="tests.AlertsFramesWindowsTests" name="ClickDenyConfirmationBox" time="30.936"/>
  <testcase classname="tests.AlertsFramesWindowsTests" name="ClickPromptBoxFill" time="9.214"/>
  <testcase classname="tests.AlertsFramesWindowsTests" name="ClickFrames" time="0.976"/>
  <testcase classname="tests.AlertsFramesWindowsTests" name="GetFrame1" time="2.948"/>
  <testcase classname="tests.AlertsFramesWindowsTests" name="GetFrame2" time="2.722"/>
  <testcase classname="tests.AlertsFramesWindowsTests" name="ClickModalDialogs" time="0.663"/>
  <testcase classname="tests.AlertsFramesWindowsTests" name="ClickNestedFrames" time="2.94"/>
  <testcase classname="tests.AlertsFramesWindowsTests" name="ClickLargeModal" time="5.955"/>
  <testcase classname="tests.AlertsFramesWindowsTests" name="ClickSmallModal" time="3.852"/>
  <testcase classname="tests.AlertsFramesWindowsTests" name="GetParentFrame" time="5.185"/>
  <testcase classname="tests.AlertsFramesWindowsTests" name="GetChildFrame" time="2.595"/>
  <testcase classname="tests.ElementsTests" name="ElementsCard" time="0.662"/>
  <testcase classname="tests.ElementsTests" name="TextBox" time="2.879"/>
  <testcase classname="tests.ElementsTests" name="TextBox" time="2.727"/>
  <testcase classname="tests.ElementsTests" name="TextBox" time="5.532"/>
  <testcase classname="tests.ElementsTests" name="TextBox" time="3.715"/>
  <testcase classname="tests.ElementsTests" name="CheckBox" time="0.96"/>
  <testcase classname="tests.ElementsTests" name="SelectingHomeCheckBox" time="3.937"/>
  <testcase classname="tests.ElementsTests" name="SelectingDesktopCheckBox" time="3.07"/>
  <testcase classname="tests.ElementsTests" name="SelectingNotesCommandsClick" time="3.367"/>
  <testcase classname="tests.ElementsTests" name="SelectingDocumentsCheckBox" time="6.154"/>
  <testcase classname="tests.ElementsTests" name="SelectingWorkSpace" time="3.911"/>
  <testcase classname="tests.ElementsTests" name="SelectReact" time="3.311"/>
  <testcase classname="tests.ElementsTests" name="SelectAngular" time="28.773"/>
  <testcase classname="tests.ElementsTests" name="SelectVeu" time="2.663"/>
  <testcase classname="tests.ElementsTests" name="SelectReactAnuglarVeu" time="28.997"/>
  <testcase classname="tests.ElementsTests" name="SelectingOffice" time="4.395"/>
  <testcase classname="tests.ElementsTests" name="SelectPublic" time="4.51"/>
  <testcase classname="tests.ElementsTests" name="SelectPrivate" time="5.12"/>
  <testcase classname="tests.ElementsTests" name="SelectClassified" time="5.089"/>
  <testcase classname="tests.ElementsTests" name="SelectGeneral" time="29.154"/>
  <testcase classname="tests.ElementsTests" name="SelectOfficeAll" time="4.318"/>
  <testcase classname="tests.ElementsTests" name="SelectingDownloads" time="6.056"/>
  <testcase classname="tests.ElementsTests" name="SelectingWordFile" time="2.806"/>
  <testcase classname="tests.ElementsTests" name="SelectingExcelFile" time="2.944"/>
  <testcase classname="tests.ElementsTests" name="SelectingAllFiles" time="8.023"/>
  <testcase classname="tests.ElementsTests" name="clickRadioButton" time="1.004"/>
  <testcase classname="tests.ElementsTests" name="SelectYesRadioButton" time="1.353"/>
  <testcase classname="tests.ElementsTests" name="SelectImpressiveRadioButton" time="0.99"/>
  <testcase classname="tests.ElementsTests" name="WebTablesClick" time="0.963"/>
  <testcase classname="tests.ElementsTests" name="webTableNewRegistration" time="5.759"/>
  <testcase classname="tests.ElementsTests" name="webTableNewRegistration" time="5.503"/>
  <testcase classname="tests.ElementsTests" name="webTableNewRegistration" time="5.268"/>
  <testcase classname="tests.ElementsTests" name="webTableNewRegistration" time="4.827"/>
  <testcase classname="tests.ElementsTests" name="webTableAddSearch" time="9.765"/>
  <testcase classname="tests.ElementsTests" name="webTableAddEditFirstName" time="6.715"/>
  <testcase classname="tests.ElementsTests" name="webTableAddSearchEdit" time="8.069"/>
  <testcase classname="tests.ElementsTests" name="webTableDeleteUser" time="9.432"/>
  <testcase classname="tests.ElementsTests" name="testAddAllUsersFromExcel" time="12.574"/>
  <testcase classname="tests.ElementsTests" name="testAddAllUsersSearchEdit" time="14.207"/>
  <testcase classname="tests.ElementsTests" name="EditSalaryDepartment" time="21.936"/>
  <testcase classname="tests.ElementsTests" name="Buttons" time="0.737"/>
  <testcase classname="tests.ElementsTests" name="DoubleClickButtons" time="6.148"/>
  <testcase classname="tests.ElementsTests" name="RightClickButton" time="5.955"/>
  <testcase classname="tests.ElementsTests" name="ClickMeButton" time="6.045"/>
  <testcase classname="tests.ElementsTests" name="ClickAllButtons" time="9.624"/>
  <testcase classname="tests.ElementsTests" name="ClickLinks" time="0.824"/>
  <testcase classname="tests.ElementsTests" name="ClickHomeLink" time="2.325"/>
  <testcase classname="tests.ElementsTests" name="ClickDynamicHomeLink" time="3.077"/>
  <testcase classname="tests.ElementsTests" name="ClickCreatedAPILink" time="6.951"/>
  <testcase classname="tests.ElementsTests" name="ClickNoContentLink" time="2.741"/>
  <testcase classname="tests.ElementsTests" name="ClickMovedLink" time="3.956"/>
  <testcase classname="tests.ElementsTests" name="ClickBadRequestLink" time="3.099"/>
  <testcase classname="tests.ElementsTests" name="ClickUnauthorizedLink" time="3.639"/>
  <testcase classname="tests.ElementsTests" name="ClickForbiddenLink" time="2.504"/>
  <testcase classname="tests.ElementsTests" name="ClickNotFoundLink" time="27.973"/>
  <testcase classname="tests.ElementsTests" name="ClickAllLinks" time="4.28"/>
  <testcase classname="tests.ElementsTests" name="ClickBrokenLinksImages" time="1.15"/>
  <testcase classname="tests.ElementsTests" name="GetValidImage" time="2.427"/>
  <testcase classname="tests.ElementsTests" name="GetBrokenImage" time="7.023"/>
  <testcase classname="tests.ElementsTests" name="BrokenLinksValidlink" time="6.861"/>
  <testcase classname="tests.ElementsTests" name="BrokenLinksBrokenlink" time="10.217"/>
  <testcase classname="tests.ElementsTests" name="UploadDownloadlink" time="1.846"/>
  <testcase classname="tests.ElementsTests" name="Downloadbtn" time="5.652"/>
  <testcase classname="tests.ElementsTests" name="Uploadbtn" time="2.153"/>
  <testcase classname="tests.ElementsTests" name="DynamicPropertiesbtn" time="1.01"/>
  <testcase classname="tests.ElementsTests" name="WillEnablebtn" time="6.525"/>
  <testcase classname="tests.ElementsTests" name="ColorChangebtn" time="4.076"/>
  <testcase classname="tests.ElementsTests" name="VisibleAfterbtn" time="6.321"/>
  <testcase classname="tests.FormTests" name="FormsCard" time="0.778"/>
  <testcase classname="tests.FormTests" name="FormButton" time="0.394"/>
  <testcase classname="tests.FormTests" name="fillForm" time="8.734"/>
  <testcase classname="tests.FormTests" name="fillForm" time="7.612"/>
  <testcase classname="tests.FormTests" name="fillForm" time="8.083"/>
  <testcase classname="tests.FormTests" name="fillForm" time="8.284"/>
  <testcase classname="tests.WidgetsTests" name="accessWidgets" time="0.342"/>
  <testcase classname="tests.WidgetsTests" name="Accordian" time="2.552"/>
  <testcase classname="tests.WidgetsTests" name="AccessWhatis" time="2.682"/>
  <testcase classname="tests.WidgetsTests" name="AccessWhereDoes" time="3.788"/>
  <testcase classname="tests.WidgetsTests" name="AccessWhyDoWe" time="3.219"/>
  <testcase classname="tests.WidgetsTests" name="AutoComplete" time="0.509"/>
  <testcase classname="tests.WidgetsTests" name="AutoCompleteSearch" time="7.75"/>
  <testcase classname="tests.WidgetsTests" name="AutoCompleteSearch" time="4.785"/>
  <testcase classname="tests.WidgetsTests" name="AutoCompleteSearch" time="7.788"/>
  <testcase classname="tests.WidgetsTests" name="AutoCompleteSearch" time="4.58"/>
  <testcase classname="tests.WidgetsTests" name="AutoCompleteSearch" time="6.25"/>
  <testcase classname="tests.WidgetsTests" name="AutoCompleteSearch" time="4.045"/>
  <testcase classname="tests.WidgetsTests" name="AutoCompleteSearch" time="2.833"/>
  <testcase classname="tests.WidgetsTests" name="AutoCompleteSearch" time="3.826"/>
  <testcase classname="tests.WidgetsTests" name="AutoCompleteSearch" time="2.2"/>
  <testcase classname="tests.WidgetsTests" name="AutoCompleteSearch" time="5.067"/>
  <testcase classname="tests.WidgetsTests" name="AutoCompleteSearch" time="2.566"/>
  <testcase classname="tests.WidgetsTests" name="AutoCompleteSearch" time="4.273"/>
  <testcase classname="tests.WidgetsTests" name="AutoCompleteSearch" time="4.237"/>
  <testcase classname="tests.WidgetsTests" name="AutoCompleteSearch" time="3.251"/>
  <testcase classname="tests.WidgetsTests" name="AutoCompleteSearch" time="4.347"/>
  <testcase classname="tests.WidgetsTests" name="AutoCompleteSearch" time="3.965"/>
  <testcase classname="tests.WidgetsTests" name="AutoCompleteSearch" time="8.562"/>
  <testcase classname="tests.WidgetsTests" name="AutoCompleteSearch" time="32.56"/>
  <testcase classname="tests.WidgetsTests" name="AutoCompleteSearch" time="4.225"/>
  <testcase classname="tests.WidgetsTests" name="AutoCompleteSearch" time="3.316"/>
  <testcase classname="tests.WidgetsTests" name="AutoCompleteSearch" time="3.784"/>
  <testcase classname="tests.WidgetsTests" name="AutoCompleteSearchRemove" time="32.765"/>
  <testcase classname="tests.WidgetsTests" name="AutoCompleteSingle" time="6.048"/>
  <testcase classname="tests.WidgetsTests" name="SingleAddRemove" time="5.888"/>
  <testcase classname="tests.WidgetsTests" name="ClickDatePicker" time="0.562"/>
  <testcase classname="tests.WidgetsTests" name="SelectDate" time="2.542"/>
  <testcase classname="tests.WidgetsTests" name="SelectDate" time="3.161"/>
  <testcase classname="tests.WidgetsTests" name="SelectDate" time="3.315"/>
  <testcase classname="tests.WidgetsTests" name="SelectDate" time="2.806"/>
  <testcase classname="tests.WidgetsTests" name="SelectDateAndTime" time="24.541"/>
  <testcase classname="tests.WidgetsTests" name="SelectDateAndTime" time="19.113"/>
  <testcase classname="tests.WidgetsTests" name="SelectDateAndTime" time="23.644"/>
  <testcase classname="tests.WidgetsTests" name="SelectDateAndTime" time="20.52"/>
  <testcase classname="tests.WidgetsTests" name="ClickSlider" time="0.661"/>
  <testcase classname="tests.WidgetsTests" name="moveSliderBasedOnAge" time="5.102"/>
  <testcase classname="tests.WidgetsTests" name="moveSliderBasedOnAge" time="2.365"/>
  <testcase classname="tests.WidgetsTests" name="moveSliderBasedOnAge" time="2.246"/>
  <testcase classname="tests.WidgetsTests" name="moveSliderBasedOnAge" time="3.311"/>
  <testcase classname="base.demoqaBase" name="@AfterSuite teardownSuite" time="0.0">
    <ignored/>
  </testcase> <!-- @AfterSuite teardownSuite -->
  <testcase classname="base.demoqaBase" name="@AfterSuite teardownSuite" time="0.0">
    <ignored/>
  </testcase> <!-- @AfterSuite teardownSuite -->
  <testcase classname="base.demoqaBase" name="@BeforeSuite setupReport" time="0.0">
    <ignored/>
  </testcase> <!-- @BeforeSuite setupReport -->
  <testcase classname="base.demoqaBase" name="@AfterSuite teardownSuite" time="0.0">
    <ignored/>
  </testcase> <!-- @AfterSuite teardownSuite -->
  <testcase classname="base.demoqaBase" name="@BeforeSuite setupReport" time="0.0">
    <ignored/>
  </testcase> <!-- @BeforeSuite setupReport -->
  <testcase classname="base.demoqaBase" name="@BeforeSuite setupReport" time="0.0">
    <ignored/>
  </testcase> <!-- @BeforeSuite setupReport -->
</testsuite> <!-- Surefire test -->
