<?xml version="1.0" encoding="UTF-8"?>
<!-- Generated by org.testng.reporters.JUnitXMLReporter -->
<testsuite ignored="12" hostname="DESKTOP-7NMSRQD" failures="0" tests="4" name="Default test" time="333.309" errors="0" timestamp="2025-09-20T19:47:01 IST">
  <testcase classname="tests.WidgetsTests" name="SelectDateAndTime" time="16.584"/>
  <testcase classname="tests.WidgetsTests" name="SelectDateAndTime" time="13.261"/>
  <testcase classname="tests.WidgetsTests" name="SelectDateAndTime" time="17.95"/>
  <testcase classname="tests.WidgetsTests" name="SelectDateAndTime" time="13.494"/>
  <testcase classname="tests.WidgetsTests" name="AutoCompleteSearch" time="0.0">
    <ignored/>
  </testcase> <!-- AutoCompleteSearch -->
  <testcase classname="tests.WidgetsTests" name="ClickDatePicker" time="0.0">
    <ignored/>
  </testcase> <!-- ClickDatePicker -->
  <testcase classname="tests.WidgetsTests" name="accessWidgets" time="0.0">
    <ignored/>
  </testcase> <!-- accessWidgets -->
  <testcase classname="tests.WidgetsTests" name="AutoCompleteSearchRemove" time="0.0">
    <ignored/>
  </testcase> <!-- AutoCompleteSearchRemove -->
  <testcase classname="tests.WidgetsTests" name="Accordian" time="0.0">
    <ignored/>
  </testcase> <!-- Accordian -->
  <testcase classname="tests.WidgetsTests" name="SingleAddRemove" time="0.0">
    <ignored/>
  </testcase> <!-- SingleAddRemove -->
  <testcase classname="tests.WidgetsTests" name="AccessWhereDoes" time="0.0">
    <ignored/>
  </testcase> <!-- AccessWhereDoes -->
  <testcase classname="tests.WidgetsTests" name="AutoCompleteSingle" time="0.0">
    <ignored/>
  </testcase> <!-- AutoCompleteSingle -->
  <testcase classname="tests.WidgetsTests" name="AccessWhyDoWe" time="0.0">
    <ignored/>
  </testcase> <!-- AccessWhyDoWe -->
  <testcase classname="tests.WidgetsTests" name="AccessWhatis" time="0.0">
    <ignored/>
  </testcase> <!-- AccessWhatis -->
  <testcase classname="tests.WidgetsTests" name="AutoComplete" time="0.0">
    <ignored/>
  </testcase> <!-- AutoComplete -->
  <testcase classname="tests.WidgetsTests" name="SelectDate" time="0.0">
    <ignored/>
  </testcase> <!-- SelectDate -->
</testsuite> <!-- Default test -->
