<?xml version="1.0" encoding="UTF-8"?>
<!-- Generated by org.testng.reporters.JUnitXMLReporter -->
<testsuite ignored="32" hostname="DESKTOP-7NMSRQD" failures="0" tests="2" name="Default test" time="28.835" errors="0" timestamp="2025-08-12T12:17:33 IST">
  <testcase classname="tests.ElementsTests" name="WebTablesClick" time="1.148"/>
  <testcase classname="tests.ElementsTests" name="EditSalaryDepartment" time="15.966"/>
  <testcase classname="tests.ElementsTests" name="SelectingDownloads" time="0.0">
    <ignored/>
  </testcase> <!-- SelectingDownloads -->
  <testcase classname="tests.ElementsTests" name="SelectReact" time="0.0">
    <ignored/>
  </testcase> <!-- SelectReact -->
  <testcase classname="tests.ElementsTests" name="SelectYesRadioButton" time="0.0">
    <ignored/>
  </testcase> <!-- SelectYesRadioButton -->
  <testcase classname="tests.ElementsTests" name="SelectingExcelFile" time="0.0">
    <ignored/>
  </testcase> <!-- SelectingExcelFile -->
  <testcase classname="tests.ElementsTests" name="TextBox" time="0.0">
    <ignored/>
  </testcase> <!-- TextBox -->
  <testcase classname="tests.ElementsTests" name="clickRadioButton" time="0.0">
    <ignored/>
  </testcase> <!-- clickRadioButton -->
  <testcase classname="tests.ElementsTests" name="webTableAddEditFirstName" time="0.0">
    <ignored/>
  </testcase> <!-- webTableAddEditFirstName -->
  <testcase classname="tests.ElementsTests" name="testAddAllUsersFromExcel" time="0.0">
    <ignored/>
  </testcase> <!-- testAddAllUsersFromExcel -->
  <testcase classname="tests.ElementsTests" name="SelectPrivate" time="0.0">
    <ignored/>
  </testcase> <!-- SelectPrivate -->
  <testcase classname="tests.ElementsTests" name="ElementsCard" time="0.0">
    <ignored/>
  </testcase> <!-- ElementsCard -->
  <testcase classname="tests.ElementsTests" name="webTableDeleteUser" time="0.0">
    <ignored/>
  </testcase> <!-- webTableDeleteUser -->
  <testcase classname="tests.ElementsTests" name="SelectingAllFiles" time="0.0">
    <ignored/>
  </testcase> <!-- SelectingAllFiles -->
  <testcase classname="tests.ElementsTests" name="SelectingHomeCheckBox" time="0.0">
    <ignored/>
  </testcase> <!-- SelectingHomeCheckBox -->
  <testcase classname="tests.ElementsTests" name="SelectVeu" time="0.0">
    <ignored/>
  </testcase> <!-- SelectVeu -->
  <testcase classname="tests.ElementsTests" name="SelectAngular" time="0.0">
    <ignored/>
  </testcase> <!-- SelectAngular -->
  <testcase classname="tests.ElementsTests" name="SelectClassified" time="0.0">
    <ignored/>
  </testcase> <!-- SelectClassified -->
  <testcase classname="tests.ElementsTests" name="CheckBox" time="0.0">
    <ignored/>
  </testcase> <!-- CheckBox -->
  <testcase classname="tests.ElementsTests" name="SelectOfficeAll" time="0.0">
    <ignored/>
  </testcase> <!-- SelectOfficeAll -->
  <testcase classname="tests.ElementsTests" name="SelectGeneral" time="0.0">
    <ignored/>
  </testcase> <!-- SelectGeneral -->
  <testcase classname="tests.ElementsTests" name="SelectingDesktopCheckBox" time="0.0">
    <ignored/>
  </testcase> <!-- SelectingDesktopCheckBox -->
  <testcase classname="tests.ElementsTests" name="SelectingWordFile" time="0.0">
    <ignored/>
  </testcase> <!-- SelectingWordFile -->
  <testcase classname="tests.ElementsTests" name="SelectingDocumentsCheckBox" time="0.0">
    <ignored/>
  </testcase> <!-- SelectingDocumentsCheckBox -->
  <testcase classname="tests.ElementsTests" name="webTableAddSearchEdit" time="0.0">
    <ignored/>
  </testcase> <!-- webTableAddSearchEdit -->
  <testcase classname="tests.ElementsTests" name="webTableNewRegistration" time="0.0">
    <ignored/>
  </testcase> <!-- webTableNewRegistration -->
  <testcase classname="tests.ElementsTests" name="SelectImpressiveRadioButton" time="0.0">
    <ignored/>
  </testcase> <!-- SelectImpressiveRadioButton -->
  <testcase classname="tests.ElementsTests" name="webTableAddSearch" time="0.0">
    <ignored/>
  </testcase> <!-- webTableAddSearch -->
  <testcase classname="tests.ElementsTests" name="SelectPublic" time="0.0">
    <ignored/>
  </testcase> <!-- SelectPublic -->
  <testcase classname="tests.ElementsTests" name="SelectingWorkSpace" time="0.0">
    <ignored/>
  </testcase> <!-- SelectingWorkSpace -->
  <testcase classname="tests.ElementsTests" name="SelectReactAnuglarVeu" time="0.0">
    <ignored/>
  </testcase> <!-- SelectReactAnuglarVeu -->
  <testcase classname="tests.ElementsTests" name="testAddAllUsersSearchEdit" time="0.0">
    <ignored/>
  </testcase> <!-- testAddAllUsersSearchEdit -->
  <testcase classname="tests.ElementsTests" name="SelectingOffice" time="0.0">
    <ignored/>
  </testcase> <!-- SelectingOffice -->
  <testcase classname="tests.ElementsTests" name="SelectingNotesCommandsClick" time="0.0">
    <ignored/>
  </testcase> <!-- SelectingNotesCommandsClick -->
</testsuite> <!-- Default test -->
