<?xml version="1.0" encoding="UTF-8"?>
<!-- Generated by org.testng.reporters.JUnitXMLReporter -->
<testsuite ignored="9" hostname="DESKTOP-7NMSRQD" failures="0" tests="21" name="Default test(failed)(failed)" time="910.881" errors="0" timestamp="2025-09-07T15:31:19 IST">
  <testcase classname="tests.WidgetsTests" name="AutoCompleteSearch" time="2.978"/>
  <testcase classname="tests.WidgetsTests" name="AutoCompleteSearch" time="3.099"/>
  <testcase classname="tests.WidgetsTests" name="AutoCompleteSearch" time="1.459"/>
  <testcase classname="tests.WidgetsTests" name="AutoCompleteSearch" time="2.031"/>
  <testcase classname="tests.WidgetsTests" name="AutoCompleteSearch" time="4.196"/>
  <testcase classname="tests.WidgetsTests" name="AutoCompleteSearch" time="2.618"/>
  <testcase classname="tests.WidgetsTests" name="AutoCompleteSearch" time="1.085"/>
  <testcase classname="tests.WidgetsTests" name="AutoCompleteSearch" time="3.352"/>
  <testcase classname="tests.WidgetsTests" name="AutoCompleteSearch" time="1.279"/>
  <testcase classname="tests.WidgetsTests" name="AutoCompleteSearch" time="2.951"/>
  <testcase classname="tests.WidgetsTests" name="AutoCompleteSearch" time="1.36"/>
  <testcase classname="tests.WidgetsTests" name="AutoCompleteSearch" time="2.118"/>
  <testcase classname="tests.WidgetsTests" name="AutoCompleteSearch" time="1.983"/>
  <testcase classname="tests.WidgetsTests" name="AutoCompleteSearch" time="0.984"/>
  <testcase classname="tests.WidgetsTests" name="AutoCompleteSearch" time="1.509"/>
  <testcase classname="tests.WidgetsTests" name="AutoCompleteSearch" time="2.959"/>
  <testcase classname="tests.WidgetsTests" name="AutoCompleteSearch" time="1.895"/>
  <testcase classname="tests.WidgetsTests" name="AutoCompleteSearch" time="1.883"/>
  <testcase classname="tests.WidgetsTests" name="AutoCompleteSearch" time="1.152"/>
  <testcase classname="tests.WidgetsTests" name="AutoCompleteSearch" time="3.323"/>
  <testcase classname="tests.WidgetsTests" name="AutoCompleteSearch" time="1.565"/>
  <testcase classname="tests.WidgetsTests" name="accessWidgets" time="0.0">
    <ignored/>
  </testcase> <!-- accessWidgets -->
  <testcase classname="tests.WidgetsTests" name="AutoCompleteSearchRemove" time="0.0">
    <ignored/>
  </testcase> <!-- AutoCompleteSearchRemove -->
  <testcase classname="tests.WidgetsTests" name="Accordian" time="0.0">
    <ignored/>
  </testcase> <!-- Accordian -->
  <testcase classname="tests.WidgetsTests" name="SingleAddRemove" time="0.0">
    <ignored/>
  </testcase> <!-- SingleAddRemove -->
  <testcase classname="tests.WidgetsTests" name="AccessWhereDoes" time="0.0">
    <ignored/>
  </testcase> <!-- AccessWhereDoes -->
  <testcase classname="tests.WidgetsTests" name="AutoCompleteSingle" time="0.0">
    <ignored/>
  </testcase> <!-- AutoCompleteSingle -->
  <testcase classname="tests.WidgetsTests" name="AccessWhyDoWe" time="0.0">
    <ignored/>
  </testcase> <!-- AccessWhyDoWe -->
  <testcase classname="tests.WidgetsTests" name="AccessWhatis" time="0.0">
    <ignored/>
  </testcase> <!-- AccessWhatis -->
  <testcase classname="tests.WidgetsTests" name="AutoComplete" time="0.0">
    <ignored/>
  </testcase> <!-- AutoComplete -->
</testsuite> <!-- Default test(failed)(failed) -->
