<?xml version="1.0" encoding="UTF-8"?>
<!-- Generated by org.testng.reporters.JUnitXMLReporter -->
<testsuite ignored="0" hostname="DESKTOP-7NMSRQD" failures="0" tests="6" name="Elements test" time="37.657" errors="0" timestamp="2025-07-28T12:31:56 IST">
  <testcase classname="tests.ElementsTests" name="ElementsCard" time="0.265"/>
  <testcase classname="tests.ElementsTests" name="TextBox" time="1.796"/>
  <testcase classname="tests.ElementsTests" name="CheckBox" time="0.397"/>
  <testcase classname="tests.ElementsTests" name="SelectingHomeCheckBox" time="0.493"/>
  <testcase classname="tests.ElementsTests" name="SelectingDesktopCheckBox" time="0.562"/>
  <testcase classname="tests.ElementsTests" name="SelectingNotesCommandsClick" time="0.844"/>
</testsuite> <!-- Elements test -->
