<?xml version="1.0" encoding="UTF-8"?>
<!-- Generated by org.testng.reporters.JUnitXMLReporter -->
<testsuite ignored="0" hostname="DESKTOP-7NMSRQD" failures="0" tests="5" name="Forms test" time="62.151" errors="0" timestamp="2025-07-18T18:49:08 IST">
  <testcase classname="tests.FormTests" name="FormCard" time="0.579"/>
  <testcase classname="tests.FormTests" name="fillForm" time="4.979"/>
  <testcase classname="tests.FormTests" name="fillForm" time="4.836"/>
  <testcase classname="tests.FormTests" name="fillForm" time="4.512"/>
  <testcase classname="tests.FormTests" name="fillForm" time="5.705"/>
</testsuite> <!-- Forms test -->
