<?xml version="1.0" encoding="UTF-8"?>
<!-- Generated by org.testng.reporters.JUnitXMLReporter -->
<testsuite ignored="0" hostname="DESKTOP-7NMSRQD" failures="0" tests="5" name="Forms test" time="56.364" errors="0" timestamp="2025-07-21T19:41:47 IST">
  <testcase classname="tests.FormTests" name="FormCard" time="0.536"/>
  <testcase classname="tests.FormTests" name="fillForm" time="5.666"/>
  <testcase classname="tests.FormTests" name="fillForm" time="4.753"/>
  <testcase classname="tests.FormTests" name="fillForm" time="5.583"/>
  <testcase classname="tests.FormTests" name="fillForm" time="5.343"/>
</testsuite> <!-- Forms test -->
