<?xml version="1.0" encoding="UTF-8"?>
<testng-results ignored="0" total="19" passed="19" failed="0" skipped="0">
  <reporter-output>
  </reporter-output>
  <suite started-at="2025-07-28T16:55:11 IST" name="Surefire suite" finished-at="2025-07-28T16:58:47 IST" duration-ms="215796">
    <groups>
    </groups>
    <test started-at="2025-07-28T16:55:11 IST" name="Surefire test" finished-at="2025-07-28T16:58:47 IST" duration-ms="215796">
      <class name="tests.FormTests">
        <test-method is-config="true" signature="setUP()[pri:0, instance:tests.FormTests@3d51f06e]" started-at="2025-07-28T16:57:16 IST" name="setUP" finished-at="2025-07-28T16:57:24 IST" duration-ms="8394" status="PASS">
          <reporter-output>
          </reporter-output>
        </test-method> <!-- setUP -->
        <test-method signature="FormCard()[pri:1, instance:tests.FormTests@3d51f06e]" started-at="2025-07-28T16:57:24 IST" name="FormCard" finished-at="2025-07-28T16:57:25 IST" duration-ms="796" status="PASS">
          <reporter-output>
          </reporter-output>
        </test-method> <!-- FormCard -->
        <test-method is-config="true" signature="TearDown(org.testng.ITestResult)[pri:0, instance:tests.FormTests@3d51f06e]" started-at="2025-07-28T16:57:25 IST" name="TearDown" finished-at="2025-07-28T16:57:25 IST" duration-ms="181" status="PASS">
          <params>
            <param index="0">
              <value>
                <![CDATA[[TestResult name=FormCard status=SUCCESS method=FormTests.FormCard()[pri:1, instance:tests.FormTests@3d51f06e] output={null}]]]>
              </value>
            </param>
          </params>
          <reporter-output>
          </reporter-output>
        </test-method> <!-- TearDown -->
        <test-method is-config="true" signature="setUP()[pri:0, instance:tests.FormTests@3d51f06e]" started-at="2025-07-28T16:57:26 IST" name="setUP" finished-at="2025-07-28T16:57:35 IST" duration-ms="9187" status="PASS">
          <reporter-output>
          </reporter-output>
        </test-method> <!-- setUP -->
        <test-method signature="fillForm(models.UserFormData)[pri:2, instance:tests.FormTests@3d51f06e]" started-at="2025-07-28T16:57:35 IST" name="fillForm" data-provider="UserFormData1" finished-at="2025-07-28T16:57:41 IST" duration-ms="5384" status="PASS">
          <params>
            <param index="0">
              <value>
                <![CDATA[models.UserFormData@49e479da]]>
              </value>
            </param>
          </params>
          <reporter-output>
          </reporter-output>
        </test-method> <!-- fillForm -->
        <test-method is-config="true" signature="TearDown(org.testng.ITestResult)[pri:0, instance:tests.FormTests@3d51f06e]" started-at="2025-07-28T16:57:41 IST" name="TearDown" finished-at="2025-07-28T16:57:41 IST" duration-ms="492" status="PASS">
          <params>
            <param index="0">
              <value>
                <![CDATA[[TestResult name=fillForm status=SUCCESS method=FormTests.fillForm(models.UserFormData)[pri:2, instance:tests.FormTests@3d51f06e] output={null}]]]>
              </value>
            </param>
          </params>
          <reporter-output>
          </reporter-output>
        </test-method> <!-- TearDown -->
        <test-method is-config="true" signature="setUP()[pri:0, instance:tests.FormTests@3d51f06e]" started-at="2025-07-28T16:57:41 IST" name="setUP" finished-at="2025-07-28T16:57:47 IST" duration-ms="5680" status="PASS">
          <reporter-output>
          </reporter-output>
        </test-method> <!-- setUP -->
        <test-method signature="fillForm(models.UserFormData)[pri:2, instance:tests.FormTests@3d51f06e]" started-at="2025-07-28T16:57:47 IST" name="fillForm" data-provider="UserFormData1" finished-at="2025-07-28T16:57:52 IST" duration-ms="5342" status="PASS">
          <params>
            <param index="0">
              <value>
                <![CDATA[models.UserFormData@280d5a82]]>
              </value>
            </param>
          </params>
          <reporter-output>
          </reporter-output>
        </test-method> <!-- fillForm -->
        <test-method is-config="true" signature="TearDown(org.testng.ITestResult)[pri:0, instance:tests.FormTests@3d51f06e]" started-at="2025-07-28T16:57:52 IST" name="TearDown" finished-at="2025-07-28T16:57:53 IST" duration-ms="547" status="PASS">
          <params>
            <param index="0">
              <value>
                <![CDATA[[TestResult name=fillForm status=SUCCESS method=FormTests.fillForm(models.UserFormData)[pri:2, instance:tests.FormTests@3d51f06e] output={null}]]]>
              </value>
            </param>
          </params>
          <reporter-output>
          </reporter-output>
        </test-method> <!-- TearDown -->
        <test-method is-config="true" signature="setUP()[pri:0, instance:tests.FormTests@3d51f06e]" started-at="2025-07-28T16:57:53 IST" name="setUP" finished-at="2025-07-28T16:58:07 IST" duration-ms="14083" status="PASS">
          <reporter-output>
          </reporter-output>
        </test-method> <!-- setUP -->
        <test-method signature="fillForm(models.UserFormData)[pri:2, instance:tests.FormTests@3d51f06e]" started-at="2025-07-28T16:58:07 IST" name="fillForm" data-provider="UserFormData1" finished-at="2025-07-28T16:58:13 IST" duration-ms="5639" status="PASS">
          <params>
            <param index="0">
              <value>
                <![CDATA[models.UserFormData@4ff074a0]]>
              </value>
            </param>
          </params>
          <reporter-output>
          </reporter-output>
        </test-method> <!-- fillForm -->
        <test-method is-config="true" signature="TearDown(org.testng.ITestResult)[pri:0, instance:tests.FormTests@3d51f06e]" started-at="2025-07-28T16:58:13 IST" name="TearDown" finished-at="2025-07-28T16:58:13 IST" duration-ms="534" status="PASS">
          <params>
            <param index="0">
              <value>
                <![CDATA[[TestResult name=fillForm status=SUCCESS method=FormTests.fillForm(models.UserFormData)[pri:2, instance:tests.FormTests@3d51f06e] output={null}]]]>
              </value>
            </param>
          </params>
          <reporter-output>
          </reporter-output>
        </test-method> <!-- TearDown -->
        <test-method is-config="true" signature="setUP()[pri:0, instance:tests.FormTests@3d51f06e]" started-at="2025-07-28T16:58:13 IST" name="setUP" finished-at="2025-07-28T16:58:42 IST" duration-ms="28743" status="PASS">
          <reporter-output>
          </reporter-output>
        </test-method> <!-- setUP -->
        <test-method signature="fillForm(models.UserFormData)[pri:2, instance:tests.FormTests@3d51f06e]" started-at="2025-07-28T16:58:42 IST" name="fillForm" data-provider="UserFormData1" finished-at="2025-07-28T16:58:47 IST" duration-ms="4873" status="PASS">
          <params>
            <param index="0">
              <value>
                <![CDATA[models.UserFormData@4caf875c]]>
              </value>
            </param>
          </params>
          <reporter-output>
          </reporter-output>
        </test-method> <!-- fillForm -->
        <test-method is-config="true" signature="TearDown(org.testng.ITestResult)[pri:0, instance:tests.FormTests@3d51f06e]" started-at="2025-07-28T16:58:47 IST" name="TearDown" finished-at="2025-07-28T16:58:47 IST" duration-ms="474" status="PASS">
          <params>
            <param index="0">
              <value>
                <![CDATA[[TestResult name=fillForm status=SUCCESS method=FormTests.fillForm(models.UserFormData)[pri:2, instance:tests.FormTests@3d51f06e] output={null}]]]>
              </value>
            </param>
          </params>
          <reporter-output>
          </reporter-output>
        </test-method> <!-- TearDown -->
      </class> <!-- tests.FormTests -->
      <class name="tests.ElementsTests">
        <test-method is-config="true" signature="setUP()[pri:0, instance:tests.ElementsTests@481a996b]" started-at="2025-07-28T16:55:18 IST" name="setUP" finished-at="2025-07-28T16:55:24 IST" duration-ms="5421" status="PASS">
          <reporter-output>
          </reporter-output>
        </test-method> <!-- setUP -->
        <test-method signature="ElementsCard()[pri:1, instance:tests.ElementsTests@481a996b]" started-at="2025-07-28T16:55:24 IST" name="ElementsCard" finished-at="2025-07-28T16:55:24 IST" duration-ms="271" status="PASS">
          <reporter-output>
          </reporter-output>
        </test-method> <!-- ElementsCard -->
        <test-method is-config="true" signature="TearDown(org.testng.ITestResult)[pri:0, instance:tests.ElementsTests@481a996b]" started-at="2025-07-28T16:55:24 IST" name="TearDown" finished-at="2025-07-28T16:55:24 IST" duration-ms="241" status="PASS">
          <params>
            <param index="0">
              <value>
                <![CDATA[[TestResult name=ElementsCard status=SUCCESS method=ElementsTests.ElementsCard()[pri:1, instance:tests.ElementsTests@481a996b] output={null}]]]>
              </value>
            </param>
          </params>
          <reporter-output>
          </reporter-output>
        </test-method> <!-- TearDown -->
        <test-method is-config="true" signature="setUP()[pri:0, instance:tests.ElementsTests@481a996b]" started-at="2025-07-28T16:55:24 IST" name="setUP" finished-at="2025-07-28T16:55:35 IST" duration-ms="10975" status="PASS">
          <reporter-output>
          </reporter-output>
        </test-method> <!-- setUP -->
        <test-method signature="TextBox()[pri:2, instance:tests.ElementsTests@481a996b]" started-at="2025-07-28T16:55:35 IST" name="TextBox" finished-at="2025-07-28T16:55:38 IST" duration-ms="2980" status="PASS">
          <reporter-output>
          </reporter-output>
        </test-method> <!-- TextBox -->
        <test-method is-config="true" signature="TearDown(org.testng.ITestResult)[pri:0, instance:tests.ElementsTests@481a996b]" started-at="2025-07-28T16:55:38 IST" name="TearDown" finished-at="2025-07-28T16:55:39 IST" duration-ms="549" status="PASS">
          <params>
            <param index="0">
              <value>
                <![CDATA[[TestResult name=TextBox status=SUCCESS method=ElementsTests.TextBox()[pri:2, instance:tests.ElementsTests@481a996b] output={null}]]]>
              </value>
            </param>
          </params>
          <reporter-output>
          </reporter-output>
        </test-method> <!-- TearDown -->
        <test-method is-config="true" signature="setUP()[pri:0, instance:tests.ElementsTests@481a996b]" started-at="2025-07-28T16:55:39 IST" name="setUP" finished-at="2025-07-28T16:55:54 IST" duration-ms="14910" status="PASS">
          <reporter-output>
          </reporter-output>
        </test-method> <!-- setUP -->
        <test-method signature="CheckBox()[pri:3, instance:tests.ElementsTests@481a996b]" started-at="2025-07-28T16:55:54 IST" name="CheckBox" finished-at="2025-07-28T16:55:54 IST" duration-ms="683" status="PASS">
          <reporter-output>
          </reporter-output>
        </test-method> <!-- CheckBox -->
        <test-method is-config="true" signature="TearDown(org.testng.ITestResult)[pri:0, instance:tests.ElementsTests@481a996b]" started-at="2025-07-28T16:55:54 IST" name="TearDown" finished-at="2025-07-28T16:55:55 IST" duration-ms="206" status="PASS">
          <params>
            <param index="0">
              <value>
                <![CDATA[[TestResult name=CheckBox status=SUCCESS method=ElementsTests.CheckBox()[pri:3, instance:tests.ElementsTests@481a996b] output={null}]]]>
              </value>
            </param>
          </params>
          <reporter-output>
          </reporter-output>
        </test-method> <!-- TearDown -->
        <test-method is-config="true" signature="setUP()[pri:0, instance:tests.ElementsTests@481a996b]" started-at="2025-07-28T16:55:55 IST" name="setUP" finished-at="2025-07-28T16:56:00 IST" duration-ms="5628" status="PASS">
          <reporter-output>
          </reporter-output>
        </test-method> <!-- setUP -->
        <test-method signature="SelectingHomeCheckBox()[pri:4, instance:tests.ElementsTests@481a996b]" started-at="2025-07-28T16:56:00 IST" name="SelectingHomeCheckBox" finished-at="2025-07-28T16:56:01 IST" duration-ms="865" status="PASS">
          <reporter-output>
          </reporter-output>
        </test-method> <!-- SelectingHomeCheckBox -->
        <test-method is-config="true" signature="TearDown(org.testng.ITestResult)[pri:0, instance:tests.ElementsTests@481a996b]" started-at="2025-07-28T16:56:01 IST" name="TearDown" finished-at="2025-07-28T16:56:01 IST" duration-ms="201" status="PASS">
          <params>
            <param index="0">
              <value>
                <![CDATA[[TestResult name=SelectingHomeCheckBox status=SUCCESS method=ElementsTests.SelectingHomeCheckBox()[pri:4, instance:tests.ElementsTests@481a996b] output={null}]]]>
              </value>
            </param>
          </params>
          <reporter-output>
          </reporter-output>
        </test-method> <!-- TearDown -->
        <test-method is-config="true" signature="setUP()[pri:0, instance:tests.ElementsTests@481a996b]" started-at="2025-07-28T16:56:01 IST" name="setUP" finished-at="2025-07-28T16:56:16 IST" duration-ms="14953" status="PASS">
          <reporter-output>
          </reporter-output>
        </test-method> <!-- setUP -->
        <test-method signature="SelectingDesktopCheckBox()[pri:5, instance:tests.ElementsTests@481a996b]" started-at="2025-07-28T16:56:16 IST" name="SelectingDesktopCheckBox" finished-at="2025-07-28T16:56:18 IST" duration-ms="1362" status="PASS">
          <reporter-output>
          </reporter-output>
        </test-method> <!-- SelectingDesktopCheckBox -->
        <test-method is-config="true" signature="TearDown(org.testng.ITestResult)[pri:0, instance:tests.ElementsTests@481a996b]" started-at="2025-07-28T16:56:18 IST" name="TearDown" finished-at="2025-07-28T16:56:18 IST" duration-ms="211" status="PASS">
          <params>
            <param index="0">
              <value>
                <![CDATA[[TestResult name=SelectingDesktopCheckBox status=SUCCESS method=ElementsTests.SelectingDesktopCheckBox()[pri:5, instance:tests.ElementsTests@481a996b] output={null}]]]>
              </value>
            </param>
          </params>
          <reporter-output>
          </reporter-output>
        </test-method> <!-- TearDown -->
        <test-method is-config="true" signature="setUP()[pri:0, instance:tests.ElementsTests@481a996b]" started-at="2025-07-28T16:56:18 IST" name="setUP" finished-at="2025-07-28T16:56:23 IST" duration-ms="5607" status="PASS">
          <reporter-output>
          </reporter-output>
        </test-method> <!-- setUP -->
        <test-method signature="SelectingNotesCommandsClick()[pri:6, instance:tests.ElementsTests@481a996b]" started-at="2025-07-28T16:56:23 IST" name="SelectingNotesCommandsClick" finished-at="2025-07-28T16:56:25 IST" duration-ms="1253" status="PASS">
          <reporter-output>
          </reporter-output>
        </test-method> <!-- SelectingNotesCommandsClick -->
        <test-method is-config="true" signature="TearDown(org.testng.ITestResult)[pri:0, instance:tests.ElementsTests@481a996b]" started-at="2025-07-28T16:56:25 IST" name="TearDown" finished-at="2025-07-28T16:56:25 IST" duration-ms="251" status="PASS">
          <params>
            <param index="0">
              <value>
                <![CDATA[[TestResult name=SelectingNotesCommandsClick status=SUCCESS method=ElementsTests.SelectingNotesCommandsClick()[pri:6, instance:tests.ElementsTests@481a996b] output={null}]]]>
              </value>
            </param>
          </params>
          <reporter-output>
          </reporter-output>
        </test-method> <!-- TearDown -->
        <test-method is-config="true" signature="setUP()[pri:0, instance:tests.ElementsTests@481a996b]" started-at="2025-07-28T16:56:25 IST" name="setUP" finished-at="2025-07-28T16:56:30 IST" duration-ms="5347" status="PASS">
          <reporter-output>
          </reporter-output>
        </test-method> <!-- setUP -->
        <test-method signature="SelectingDocumentsCheckBox()[pri:7, instance:tests.ElementsTests@481a996b]" started-at="2025-07-28T16:56:30 IST" name="SelectingDocumentsCheckBox" finished-at="2025-07-28T16:56:31 IST" duration-ms="751" status="PASS">
          <reporter-output>
          </reporter-output>
        </test-method> <!-- SelectingDocumentsCheckBox -->
        <test-method is-config="true" signature="TearDown(org.testng.ITestResult)[pri:0, instance:tests.ElementsTests@481a996b]" started-at="2025-07-28T16:56:31 IST" name="TearDown" finished-at="2025-07-28T16:56:31 IST" duration-ms="184" status="PASS">
          <params>
            <param index="0">
              <value>
                <![CDATA[[TestResult name=SelectingDocumentsCheckBox status=SUCCESS method=ElementsTests.SelectingDocumentsCheckBox()[pri:7, instance:tests.ElementsTests@481a996b] output={null}]]]>
              </value>
            </param>
          </params>
          <reporter-output>
          </reporter-output>
        </test-method> <!-- TearDown -->
        <test-method is-config="true" signature="setUP()[pri:0, instance:tests.ElementsTests@481a996b]" started-at="2025-07-28T16:56:31 IST" name="setUP" finished-at="2025-07-28T16:56:38 IST" duration-ms="6461" status="PASS">
          <reporter-output>
          </reporter-output>
        </test-method> <!-- setUP -->
        <test-method signature="SelectingWorkSpace()[pri:8, instance:tests.ElementsTests@481a996b]" started-at="2025-07-28T16:56:38 IST" name="SelectingWorkSpace" finished-at="2025-07-28T16:56:39 IST" duration-ms="1029" status="PASS">
          <reporter-output>
          </reporter-output>
        </test-method> <!-- SelectingWorkSpace -->
        <test-method is-config="true" signature="TearDown(org.testng.ITestResult)[pri:0, instance:tests.ElementsTests@481a996b]" started-at="2025-07-28T16:56:39 IST" name="TearDown" finished-at="2025-07-28T16:56:39 IST" duration-ms="152" status="PASS">
          <params>
            <param index="0">
              <value>
                <![CDATA[[TestResult name=SelectingWorkSpace status=SUCCESS method=ElementsTests.SelectingWorkSpace()[pri:8, instance:tests.ElementsTests@481a996b] output={null}]]]>
              </value>
            </param>
          </params>
          <reporter-output>
          </reporter-output>
        </test-method> <!-- TearDown -->
        <test-method is-config="true" signature="setUP()[pri:0, instance:tests.ElementsTests@481a996b]" started-at="2025-07-28T16:56:39 IST" name="setUP" finished-at="2025-07-28T16:56:44 IST" duration-ms="5312" status="PASS">
          <reporter-output>
          </reporter-output>
        </test-method> <!-- setUP -->
        <test-method signature="SelectReact()[pri:9, instance:tests.ElementsTests@481a996b]" started-at="2025-07-28T16:56:44 IST" name="SelectReact" finished-at="2025-07-28T16:56:45 IST" duration-ms="1237" status="PASS">
          <reporter-output>
          </reporter-output>
        </test-method> <!-- SelectReact -->
        <test-method is-config="true" signature="TearDown(org.testng.ITestResult)[pri:0, instance:tests.ElementsTests@481a996b]" started-at="2025-07-28T16:56:45 IST" name="TearDown" finished-at="2025-07-28T16:56:46 IST" duration-ms="214" status="PASS">
          <params>
            <param index="0">
              <value>
                <![CDATA[[TestResult name=SelectReact status=SUCCESS method=ElementsTests.SelectReact()[pri:9, instance:tests.ElementsTests@481a996b] output={null}]]]>
              </value>
            </param>
          </params>
          <reporter-output>
          </reporter-output>
        </test-method> <!-- TearDown -->
        <test-method is-config="true" signature="setUP()[pri:0, instance:tests.ElementsTests@481a996b]" started-at="2025-07-28T16:56:46 IST" name="setUP" finished-at="2025-07-28T16:56:51 IST" duration-ms="5489" status="PASS">
          <reporter-output>
          </reporter-output>
        </test-method> <!-- setUP -->
        <test-method signature="SelectAngular()[pri:10, instance:tests.ElementsTests@481a996b]" started-at="2025-07-28T16:56:51 IST" name="SelectAngular" finished-at="2025-07-28T16:56:52 IST" duration-ms="1069" status="PASS">
          <reporter-output>
          </reporter-output>
        </test-method> <!-- SelectAngular -->
        <test-method is-config="true" signature="TearDown(org.testng.ITestResult)[pri:0, instance:tests.ElementsTests@481a996b]" started-at="2025-07-28T16:56:52 IST" name="TearDown" finished-at="2025-07-28T16:56:52 IST" duration-ms="227" status="PASS">
          <params>
            <param index="0">
              <value>
                <![CDATA[[TestResult name=SelectAngular status=SUCCESS method=ElementsTests.SelectAngular()[pri:10, instance:tests.ElementsTests@481a996b] output={null}]]]>
              </value>
            </param>
          </params>
          <reporter-output>
          </reporter-output>
        </test-method> <!-- TearDown -->
        <test-method is-config="true" signature="setUP()[pri:0, instance:tests.ElementsTests@481a996b]" started-at="2025-07-28T16:56:52 IST" name="setUP" finished-at="2025-07-28T16:57:00 IST" duration-ms="7892" status="PASS">
          <reporter-output>
          </reporter-output>
        </test-method> <!-- setUP -->
        <test-method signature="SelectVeu()[pri:11, instance:tests.ElementsTests@481a996b]" started-at="2025-07-28T16:57:00 IST" name="SelectVeu" finished-at="2025-07-28T16:57:02 IST" duration-ms="1418" status="PASS">
          <reporter-output>
          </reporter-output>
        </test-method> <!-- SelectVeu -->
        <test-method is-config="true" signature="TearDown(org.testng.ITestResult)[pri:0, instance:tests.ElementsTests@481a996b]" started-at="2025-07-28T16:57:02 IST" name="TearDown" finished-at="2025-07-28T16:57:02 IST" duration-ms="220" status="PASS">
          <params>
            <param index="0">
              <value>
                <![CDATA[[TestResult name=SelectVeu status=SUCCESS method=ElementsTests.SelectVeu()[pri:11, instance:tests.ElementsTests@481a996b] output={null}]]]>
              </value>
            </param>
          </params>
          <reporter-output>
          </reporter-output>
        </test-method> <!-- TearDown -->
        <test-method is-config="true" signature="setUP()[pri:0, instance:tests.ElementsTests@481a996b]" started-at="2025-07-28T16:57:02 IST" name="setUP" finished-at="2025-07-28T16:57:08 IST" duration-ms="5672" status="PASS">
          <reporter-output>
          </reporter-output>
        </test-method> <!-- setUP -->
        <test-method signature="SelectReactAnuglarVeu()[pri:12, instance:tests.ElementsTests@481a996b]" started-at="2025-07-28T16:57:08 IST" name="SelectReactAnuglarVeu" finished-at="2025-07-28T16:57:09 IST" duration-ms="1718" status="PASS">
          <reporter-output>
          </reporter-output>
        </test-method> <!-- SelectReactAnuglarVeu -->
        <test-method is-config="true" signature="TearDown(org.testng.ITestResult)[pri:0, instance:tests.ElementsTests@481a996b]" started-at="2025-07-28T16:57:09 IST" name="TearDown" finished-at="2025-07-28T16:57:10 IST" duration-ms="221" status="PASS">
          <params>
            <param index="0">
              <value>
                <![CDATA[[TestResult name=SelectReactAnuglarVeu status=SUCCESS method=ElementsTests.SelectReactAnuglarVeu()[pri:12, instance:tests.ElementsTests@481a996b] output={null}]]]>
              </value>
            </param>
          </params>
          <reporter-output>
          </reporter-output>
        </test-method> <!-- TearDown -->
        <test-method is-config="true" signature="setUP()[pri:0, instance:tests.ElementsTests@481a996b]" started-at="2025-07-28T16:57:10 IST" name="setUP" finished-at="2025-07-28T16:57:15 IST" duration-ms="5175" status="PASS">
          <reporter-output>
          </reporter-output>
        </test-method> <!-- setUP -->
        <test-method signature="SelectingOffice()[pri:13, instance:tests.ElementsTests@481a996b]" started-at="2025-07-28T16:57:15 IST" name="SelectingOffice" finished-at="2025-07-28T16:57:16 IST" duration-ms="1001" status="PASS">
          <reporter-output>
          </reporter-output>
        </test-method> <!-- SelectingOffice -->
        <test-method is-config="true" signature="TearDown(org.testng.ITestResult)[pri:0, instance:tests.ElementsTests@481a996b]" started-at="2025-07-28T16:57:16 IST" name="TearDown" finished-at="2025-07-28T16:57:16 IST" duration-ms="235" status="PASS">
          <params>
            <param index="0">
              <value>
                <![CDATA[[TestResult name=SelectingOffice status=SUCCESS method=ElementsTests.SelectingOffice()[pri:13, instance:tests.ElementsTests@481a996b] output={null}]]]>
              </value>
            </param>
          </params>
          <reporter-output>
          </reporter-output>
        </test-method> <!-- TearDown -->
      </class> <!-- tests.ElementsTests -->
      <class name="tests.AlertsFramesWindowsTests">
        <test-method is-config="true" signature="setupReport()[pri:0, instance:tests.AlertsFramesWindowsTests@39529185]" started-at="2025-07-28T16:55:11 IST" name="setupReport" finished-at="2025-07-28T16:55:11 IST" duration-ms="230" status="PASS">
          <reporter-output>
          </reporter-output>
        </test-method> <!-- setupReport -->
        <test-method is-config="true" signature="setUP()[pri:0, instance:tests.AlertsFramesWindowsTests@39529185]" started-at="2025-07-28T16:55:11 IST" name="setUP" finished-at="2025-07-28T16:55:18 IST" duration-ms="6373" status="PASS">
          <reporter-output>
          </reporter-output>
        </test-method> <!-- setUP -->
        <test-method signature="accessAlertsFrameWindows()[pri:1, instance:tests.AlertsFramesWindowsTests@39529185]" started-at="2025-07-28T16:55:18 IST" name="accessAlertsFrameWindows" finished-at="2025-07-28T16:55:18 IST" duration-ms="273" status="PASS">
          <reporter-output>
          </reporter-output>
        </test-method> <!-- accessAlertsFrameWindows -->
        <test-method is-config="true" signature="TearDown(org.testng.ITestResult)[pri:0, instance:tests.AlertsFramesWindowsTests@39529185]" started-at="2025-07-28T16:55:18 IST" name="TearDown" finished-at="2025-07-28T16:55:18 IST" duration-ms="235" status="PASS">
          <params>
            <param index="0">
              <value>
                <![CDATA[[TestResult name=accessAlertsFrameWindows status=SUCCESS method=AlertsFramesWindowsTests.accessAlertsFrameWindows()[pri:1, instance:tests.AlertsFramesWindowsTests@39529185] output={null}]]]>
              </value>
            </param>
          </params>
          <reporter-output>
          </reporter-output>
        </test-method> <!-- TearDown -->
        <test-method is-config="true" signature="teardownReport()[pri:0, instance:tests.AlertsFramesWindowsTests@39529185]" started-at="2025-07-28T16:58:47 IST" name="teardownReport" finished-at="2025-07-28T16:58:54 IST" duration-ms="6447" status="PASS">
          <reporter-output>
          </reporter-output>
        </test-method> <!-- teardownReport -->
      </class> <!-- tests.AlertsFramesWindowsTests -->
    </test> <!-- Surefire test -->
  </suite> <!-- Surefire suite -->
</testng-results>
