<?xml version="1.0" encoding="UTF-8"?>
<testng-results ignored="0" total="128" passed="125" failed="1" skipped="2">
  <reporter-output>
  </reporter-output>
  <suite started-at="2025-09-19T12:00:12 IST" name="Surefire suite" finished-at="2025-09-19T13:04:39 IST" duration-ms="3866701">
    <groups>
    </groups>
    <test started-at="2025-09-19T12:00:12 IST" name="Surefire test" finished-at="2025-09-19T13:04:39 IST" duration-ms="3866701">
      <class name="tests.FormTests">
        <test-method is-config="true" signature="setup(java.lang.reflect.Method)[pri:0, instance:tests.FormTests@5be46f9d]" started-at="2025-09-19T12:45:41 IST" name="setup" finished-at="2025-09-19T12:45:57 IST" duration-ms="15487" status="PASS">
          <params>
            <param index="0">
              <value>
                <![CDATA[public void tests.FormTests.FormsCard()]]>
              </value>
            </param>
          </params>
          <reporter-output>
          </reporter-output>
        </test-method> <!-- setup -->
        <test-method signature="FormsCard()[pri:1, instance:tests.FormTests@5be46f9d]" started-at="2025-09-19T12:45:57 IST" name="FormsCard" finished-at="2025-09-19T12:45:58 IST" duration-ms="974" status="PASS">
          <reporter-output>
          </reporter-output>
        </test-method> <!-- FormsCard -->
        <test-method is-config="true" signature="tearDown(org.testng.ITestResult)[pri:0, instance:tests.FormTests@5be46f9d]" started-at="2025-09-19T12:45:58 IST" name="tearDown" finished-at="2025-09-19T12:45:58 IST" duration-ms="299" status="PASS">
          <params>
            <param index="0">
              <value>
                <![CDATA[[TestResult name=FormsCard status=SUCCESS method=FormTests.FormsCard()[pri:1, instance:tests.FormTests@5be46f9d] output={null}]]]>
              </value>
            </param>
          </params>
          <reporter-output>
          </reporter-output>
        </test-method> <!-- tearDown -->
        <test-method is-config="true" signature="setup(java.lang.reflect.Method)[pri:0, instance:tests.FormTests@5be46f9d]" started-at="2025-09-19T12:45:58 IST" name="setup" finished-at="2025-09-19T12:46:33 IST" duration-ms="35138" status="PASS">
          <params>
            <param index="0">
              <value>
                <![CDATA[public void tests.FormTests.FormButton()]]>
              </value>
            </param>
          </params>
          <reporter-output>
          </reporter-output>
        </test-method> <!-- setup -->
        <test-method signature="FormButton()[pri:2, instance:tests.FormTests@5be46f9d]" started-at="2025-09-19T12:46:33 IST" name="FormButton" finished-at="2025-09-19T12:46:34 IST" duration-ms="349" status="PASS">
          <reporter-output>
          </reporter-output>
        </test-method> <!-- FormButton -->
        <test-method is-config="true" signature="tearDown(org.testng.ITestResult)[pri:0, instance:tests.FormTests@5be46f9d]" started-at="2025-09-19T12:46:34 IST" name="tearDown" finished-at="2025-09-19T12:46:34 IST" duration-ms="299" status="PASS">
          <params>
            <param index="0">
              <value>
                <![CDATA[[TestResult name=FormButton status=SUCCESS method=FormTests.FormButton()[pri:2, instance:tests.FormTests@5be46f9d] output={null}]]]>
              </value>
            </param>
          </params>
          <reporter-output>
          </reporter-output>
        </test-method> <!-- tearDown -->
        <test-method is-config="true" signature="setup(java.lang.reflect.Method)[pri:0, instance:tests.FormTests@5be46f9d]" started-at="2025-09-19T12:46:34 IST" name="setup" finished-at="2025-09-19T12:46:47 IST" duration-ms="13544" status="PASS">
          <params>
            <param index="0">
              <value>
                <![CDATA[public void tests.FormTests.fillForm(models.UserFormData)]]>
              </value>
            </param>
          </params>
          <reporter-output>
          </reporter-output>
        </test-method> <!-- setup -->
        <test-method signature="fillForm(models.UserFormData)[pri:3, instance:tests.FormTests@5be46f9d]" started-at="2025-09-19T12:46:47 IST" name="fillForm" data-provider="UserFormData" finished-at="2025-09-19T12:46:53 IST" duration-ms="5991" status="PASS">
          <params>
            <param index="0">
              <value>
                <![CDATA[UserFormData{firstName='Johny', lastName='Bravo', userMail='Jbravo@demoqa.com', gender='Male', mobile='9.238343488E9', dob='15/08/2000', dobTime='6:45:00 am', subject='Computer Science', hobbies='Sports,Music', picturePath='/TestData/Mphoto.jpg', address='511 Grant 481, Prattsville\n Arkansas 72129\n United States', state='NCR', city='Delhi'}]]>
              </value>
            </param>
          </params>
          <reporter-output>
          </reporter-output>
        </test-method> <!-- fillForm -->
        <test-method is-config="true" signature="tearDown(org.testng.ITestResult)[pri:0, instance:tests.FormTests@5be46f9d]" started-at="2025-09-19T12:46:53 IST" name="tearDown" finished-at="2025-09-19T12:46:54 IST" duration-ms="695" status="PASS">
          <params>
            <param index="0">
              <value>
                <![CDATA[[TestResult name=fillForm status=SUCCESS method=FormTests.fillForm(models.UserFormData)[pri:3, instance:tests.FormTests@5be46f9d] output={null}]]]>
              </value>
            </param>
          </params>
          <reporter-output>
          </reporter-output>
        </test-method> <!-- tearDown -->
        <test-method is-config="true" signature="setup(java.lang.reflect.Method)[pri:0, instance:tests.FormTests@5be46f9d]" started-at="2025-09-19T12:46:54 IST" name="setup" finished-at="2025-09-19T12:47:01 IST" duration-ms="6638" status="PASS">
          <params>
            <param index="0">
              <value>
                <![CDATA[public void tests.FormTests.fillForm(models.UserFormData)]]>
              </value>
            </param>
          </params>
          <reporter-output>
          </reporter-output>
        </test-method> <!-- setup -->
        <test-method signature="fillForm(models.UserFormData)[pri:3, instance:tests.FormTests@5be46f9d]" started-at="2025-09-19T12:47:01 IST" name="fillForm" data-provider="UserFormData" finished-at="2025-09-19T12:47:07 IST" duration-ms="5946" status="PASS">
          <params>
            <param index="0">
              <value>
                <![CDATA[UserFormData{firstName='Gene', lastName='Femina', userMail='GFemina@demoqa.com', gender='Female', mobile='1.888343432E9', dob='22/05/2002', dobTime='4:30:00 pm', subject='Accounting', hobbies='Music,Reading', picturePath='/TestData/Fphoto.png', address='512 Grant 481, Prattsville\n Arkansas 72129\n United States', state='Uttar Pradesh', city='Merrut'}]]>
              </value>
            </param>
          </params>
          <reporter-output>
          </reporter-output>
        </test-method> <!-- fillForm -->
        <test-method is-config="true" signature="tearDown(org.testng.ITestResult)[pri:0, instance:tests.FormTests@5be46f9d]" started-at="2025-09-19T12:47:07 IST" name="tearDown" finished-at="2025-09-19T12:47:08 IST" duration-ms="1369" status="PASS">
          <params>
            <param index="0">
              <value>
                <![CDATA[[TestResult name=fillForm status=SUCCESS method=FormTests.fillForm(models.UserFormData)[pri:3, instance:tests.FormTests@5be46f9d] output={null}]]]>
              </value>
            </param>
          </params>
          <reporter-output>
          </reporter-output>
        </test-method> <!-- tearDown -->
        <test-method is-config="true" signature="setup(java.lang.reflect.Method)[pri:0, instance:tests.FormTests@5be46f9d]" started-at="2025-09-19T12:47:08 IST" name="setup" finished-at="2025-09-19T12:47:14 IST" duration-ms="5573" status="PASS">
          <params>
            <param index="0">
              <value>
                <![CDATA[public void tests.FormTests.fillForm(models.UserFormData)]]>
              </value>
            </param>
          </params>
          <reporter-output>
          </reporter-output>
        </test-method> <!-- setup -->
        <test-method signature="fillForm(models.UserFormData)[pri:3, instance:tests.FormTests@5be46f9d]" started-at="2025-09-19T12:47:14 IST" name="fillForm" data-provider="UserFormData" finished-at="2025-09-19T12:47:20 IST" duration-ms="6795" status="PASS">
          <params>
            <param index="0">
              <value>
                <![CDATA[UserFormData{firstName='Bud', lastName='Wisem', userMail='BWisem@demoqa.com', gender='Other', mobile='8.932465432E9', dob='31/12/1999', dobTime='8:45:00 pm', subject='Biology', hobbies='Reading', picturePath='/TestData/Ophoto.jpg', address='513 Grant 481, Prattsville\n Arkansas 72129\n United States', state='Haryana', city='Panipat'}]]>
              </value>
            </param>
          </params>
          <reporter-output>
          </reporter-output>
        </test-method> <!-- fillForm -->
        <test-method is-config="true" signature="tearDown(org.testng.ITestResult)[pri:0, instance:tests.FormTests@5be46f9d]" started-at="2025-09-19T12:47:20 IST" name="tearDown" finished-at="2025-09-19T12:47:21 IST" duration-ms="551" status="PASS">
          <params>
            <param index="0">
              <value>
                <![CDATA[[TestResult name=fillForm status=SUCCESS method=FormTests.fillForm(models.UserFormData)[pri:3, instance:tests.FormTests@5be46f9d] output={null}]]]>
              </value>
            </param>
          </params>
          <reporter-output>
          </reporter-output>
        </test-method> <!-- tearDown -->
        <test-method is-config="true" signature="setup(java.lang.reflect.Method)[pri:0, instance:tests.FormTests@5be46f9d]" started-at="2025-09-19T12:47:21 IST" name="setup" finished-at="2025-09-19T12:47:35 IST" duration-ms="14367" status="PASS">
          <params>
            <param index="0">
              <value>
                <![CDATA[public void tests.FormTests.fillForm(models.UserFormData)]]>
              </value>
            </param>
          </params>
          <reporter-output>
          </reporter-output>
        </test-method> <!-- setup -->
        <test-method signature="fillForm(models.UserFormData)[pri:3, instance:tests.FormTests@5be46f9d]" started-at="2025-09-19T12:47:35 IST" name="fillForm" data-provider="UserFormData" finished-at="2025-09-19T12:47:41 IST" duration-ms="5849" status="PASS">
          <params>
            <param index="0">
              <value>
                <![CDATA[UserFormData{firstName='Tom', lastName='Boss', userMail='TBoss@demoqa.com', gender='Male', mobile='7.839875281E9', dob='1/26/03', dobTime='5:45:00 am', subject='Social Studies', hobbies='Sports,Reading', picturePath='/TestData/M2photo.jpg', address='514 Grant 481, Prattsville\n Arkansas 72129\n United States', state='Rajasthan', city='Jaiselmer'}]]>
              </value>
            </param>
          </params>
          <reporter-output>
          </reporter-output>
        </test-method> <!-- fillForm -->
        <test-method is-config="true" signature="tearDown(org.testng.ITestResult)[pri:0, instance:tests.FormTests@5be46f9d]" started-at="2025-09-19T12:47:41 IST" name="tearDown" finished-at="2025-09-19T12:47:42 IST" duration-ms="639" status="PASS">
          <params>
            <param index="0">
              <value>
                <![CDATA[[TestResult name=fillForm status=SUCCESS method=FormTests.fillForm(models.UserFormData)[pri:3, instance:tests.FormTests@5be46f9d] output={null}]]]>
              </value>
            </param>
          </params>
          <reporter-output>
          </reporter-output>
        </test-method> <!-- tearDown -->
      </class> <!-- tests.FormTests -->
      <class name="tests.WidgetsTests">
        <test-method is-config="true" signature="setup(java.lang.reflect.Method)[pri:0, instance:tests.WidgetsTests@3f91b517]" started-at="2025-09-19T12:47:42 IST" name="setup" finished-at="2025-09-19T12:47:48 IST" duration-ms="6097" status="PASS">
          <params>
            <param index="0">
              <value>
                <![CDATA[public void tests.WidgetsTests.accessWidgets()]]>
              </value>
            </param>
          </params>
          <reporter-output>
          </reporter-output>
        </test-method> <!-- setup -->
        <test-method signature="accessWidgets()[pri:1, instance:tests.WidgetsTests@3f91b517]" started-at="2025-09-19T12:47:48 IST" name="accessWidgets" finished-at="2025-09-19T12:47:48 IST" duration-ms="285" status="PASS">
          <reporter-output>
          </reporter-output>
        </test-method> <!-- accessWidgets -->
        <test-method is-config="true" signature="tearDown(org.testng.ITestResult)[pri:0, instance:tests.WidgetsTests@3f91b517]" started-at="2025-09-19T12:47:48 IST" name="tearDown" finished-at="2025-09-19T12:47:49 IST" duration-ms="293" status="PASS">
          <params>
            <param index="0">
              <value>
                <![CDATA[[TestResult name=accessWidgets status=SUCCESS method=WidgetsTests.accessWidgets()[pri:1, instance:tests.WidgetsTests@3f91b517] output={null}]]]>
              </value>
            </param>
          </params>
          <reporter-output>
          </reporter-output>
        </test-method> <!-- tearDown -->
        <test-method is-config="true" signature="setup(java.lang.reflect.Method)[pri:0, instance:tests.WidgetsTests@3f91b517]" started-at="2025-09-19T12:47:49 IST" name="setup" finished-at="2025-09-19T12:47:54 IST" duration-ms="5719" status="PASS">
          <params>
            <param index="0">
              <value>
                <![CDATA[public void tests.WidgetsTests.Accordian()]]>
              </value>
            </param>
          </params>
          <reporter-output>
          </reporter-output>
        </test-method> <!-- setup -->
        <test-method signature="Accordian()[pri:2, instance:tests.WidgetsTests@3f91b517]" started-at="2025-09-19T12:47:54 IST" name="Accordian" finished-at="2025-09-19T12:47:55 IST" duration-ms="443" status="PASS">
          <reporter-output>
          </reporter-output>
        </test-method> <!-- Accordian -->
        <test-method is-config="true" signature="tearDown(org.testng.ITestResult)[pri:0, instance:tests.WidgetsTests@3f91b517]" started-at="2025-09-19T12:47:55 IST" name="tearDown" finished-at="2025-09-19T12:47:55 IST" duration-ms="272" status="PASS">
          <params>
            <param index="0">
              <value>
                <![CDATA[[TestResult name=Accordian status=SUCCESS method=WidgetsTests.Accordian()[pri:2, instance:tests.WidgetsTests@3f91b517] output={null}]]]>
              </value>
            </param>
          </params>
          <reporter-output>
          </reporter-output>
        </test-method> <!-- tearDown -->
        <test-method is-config="true" signature="setup(java.lang.reflect.Method)[pri:0, instance:tests.WidgetsTests@3f91b517]" started-at="2025-09-19T12:47:55 IST" name="setup" finished-at="2025-09-19T12:48:09 IST" duration-ms="14234" status="PASS">
          <params>
            <param index="0">
              <value>
                <![CDATA[public void tests.WidgetsTests.AccessWhatis()]]>
              </value>
            </param>
          </params>
          <reporter-output>
          </reporter-output>
        </test-method> <!-- setup -->
        <test-method signature="AccessWhatis()[pri:3, instance:tests.WidgetsTests@3f91b517]" started-at="2025-09-19T12:48:09 IST" name="AccessWhatis" finished-at="2025-09-19T12:48:10 IST" duration-ms="829" status="PASS">
          <reporter-output>
          </reporter-output>
        </test-method> <!-- AccessWhatis -->
        <test-method is-config="true" signature="tearDown(org.testng.ITestResult)[pri:0, instance:tests.WidgetsTests@3f91b517]" started-at="2025-09-19T12:48:10 IST" name="tearDown" finished-at="2025-09-19T12:48:10 IST" duration-ms="307" status="PASS">
          <params>
            <param index="0">
              <value>
                <![CDATA[[TestResult name=AccessWhatis status=SUCCESS method=WidgetsTests.AccessWhatis()[pri:3, instance:tests.WidgetsTests@3f91b517] output={null}]]]>
              </value>
            </param>
          </params>
          <reporter-output>
          </reporter-output>
        </test-method> <!-- tearDown -->
        <test-method is-config="true" signature="setup(java.lang.reflect.Method)[pri:0, instance:tests.WidgetsTests@3f91b517]" started-at="2025-09-19T12:48:10 IST" name="setup" finished-at="2025-09-19T12:48:21 IST" duration-ms="10570" status="PASS">
          <params>
            <param index="0">
              <value>
                <![CDATA[public void tests.WidgetsTests.AccessWhereDoes()]]>
              </value>
            </param>
          </params>
          <reporter-output>
          </reporter-output>
        </test-method> <!-- setup -->
        <test-method signature="AccessWhereDoes()[pri:4, instance:tests.WidgetsTests@3f91b517]" started-at="2025-09-19T12:48:21 IST" name="AccessWhereDoes" finished-at="2025-09-19T12:48:22 IST" duration-ms="1235" status="PASS">
          <reporter-output>
          </reporter-output>
        </test-method> <!-- AccessWhereDoes -->
        <test-method is-config="true" signature="tearDown(org.testng.ITestResult)[pri:0, instance:tests.WidgetsTests@3f91b517]" started-at="2025-09-19T12:48:22 IST" name="tearDown" finished-at="2025-09-19T12:48:22 IST" duration-ms="281" status="PASS">
          <params>
            <param index="0">
              <value>
                <![CDATA[[TestResult name=AccessWhereDoes status=SUCCESS method=WidgetsTests.AccessWhereDoes()[pri:4, instance:tests.WidgetsTests@3f91b517] output={null}]]]>
              </value>
            </param>
          </params>
          <reporter-output>
          </reporter-output>
        </test-method> <!-- tearDown -->
        <test-method is-config="true" signature="setup(java.lang.reflect.Method)[pri:0, instance:tests.WidgetsTests@3f91b517]" started-at="2025-09-19T12:48:22 IST" name="setup" finished-at="2025-09-19T12:48:36 IST" duration-ms="13081" status="PASS">
          <params>
            <param index="0">
              <value>
                <![CDATA[public void tests.WidgetsTests.AccessWhyDoWe()]]>
              </value>
            </param>
          </params>
          <reporter-output>
          </reporter-output>
        </test-method> <!-- setup -->
        <test-method signature="AccessWhyDoWe()[pri:5, instance:tests.WidgetsTests@3f91b517]" started-at="2025-09-19T12:48:36 IST" name="AccessWhyDoWe" finished-at="2025-09-19T12:48:37 IST" duration-ms="1316" status="PASS">
          <reporter-output>
          </reporter-output>
        </test-method> <!-- AccessWhyDoWe -->
        <test-method is-config="true" signature="tearDown(org.testng.ITestResult)[pri:0, instance:tests.WidgetsTests@3f91b517]" started-at="2025-09-19T12:48:37 IST" name="tearDown" finished-at="2025-09-19T12:48:37 IST" duration-ms="294" status="PASS">
          <params>
            <param index="0">
              <value>
                <![CDATA[[TestResult name=AccessWhyDoWe status=SUCCESS method=WidgetsTests.AccessWhyDoWe()[pri:5, instance:tests.WidgetsTests@3f91b517] output={null}]]]>
              </value>
            </param>
          </params>
          <reporter-output>
          </reporter-output>
        </test-method> <!-- tearDown -->
        <test-method is-config="true" signature="setup(java.lang.reflect.Method)[pri:0, instance:tests.WidgetsTests@3f91b517]" started-at="2025-09-19T12:48:37 IST" name="setup" finished-at="2025-09-19T12:48:43 IST" duration-ms="5654" status="PASS">
          <params>
            <param index="0">
              <value>
                <![CDATA[public void tests.WidgetsTests.AutoComplete()]]>
              </value>
            </param>
          </params>
          <reporter-output>
          </reporter-output>
        </test-method> <!-- setup -->
        <test-method signature="AutoComplete()[pri:6, instance:tests.WidgetsTests@3f91b517]" started-at="2025-09-19T12:48:43 IST" name="AutoComplete" finished-at="2025-09-19T12:48:43 IST" duration-ms="384" status="PASS">
          <reporter-output>
          </reporter-output>
        </test-method> <!-- AutoComplete -->
        <test-method is-config="true" signature="tearDown(org.testng.ITestResult)[pri:0, instance:tests.WidgetsTests@3f91b517]" started-at="2025-09-19T12:48:43 IST" name="tearDown" finished-at="2025-09-19T12:48:43 IST" duration-ms="280" status="PASS">
          <params>
            <param index="0">
              <value>
                <![CDATA[[TestResult name=AutoComplete status=SUCCESS method=WidgetsTests.AutoComplete()[pri:6, instance:tests.WidgetsTests@3f91b517] output={null}]]]>
              </value>
            </param>
          </params>
          <reporter-output>
          </reporter-output>
        </test-method> <!-- tearDown -->
        <test-method is-config="true" signature="setup(java.lang.reflect.Method)[pri:0, instance:tests.WidgetsTests@3f91b517]" started-at="2025-09-19T12:48:43 IST" name="setup" finished-at="2025-09-19T12:48:51 IST" duration-ms="7634" status="PASS">
          <params>
            <param index="0">
              <value>
                <![CDATA[public void tests.WidgetsTests.AutoCompleteSearch(models.ColorSelectionData)]]>
              </value>
            </param>
          </params>
          <reporter-output>
          </reporter-output>
        </test-method> <!-- setup -->
        <test-method signature="AutoCompleteSearch(models.ColorSelectionData)[pri:7, instance:tests.WidgetsTests@3f91b517]" started-at="2025-09-19T12:48:51 IST" name="AutoCompleteSearch" data-provider="ColorSelectionData" finished-at="2025-09-19T12:48:53 IST" duration-ms="1559" status="PASS">
          <params>
            <param index="0">
              <value>
                <![CDATA[ColorSelectionData{searchFor='A', expectedColors=[Black, Magenta, Aqua]}]]>
              </value>
            </param>
          </params>
          <reporter-output>
          </reporter-output>
        </test-method> <!-- AutoCompleteSearch -->
        <test-method is-config="true" signature="tearDown(org.testng.ITestResult)[pri:0, instance:tests.WidgetsTests@3f91b517]" started-at="2025-09-19T12:48:53 IST" name="tearDown" finished-at="2025-09-19T12:48:53 IST" duration-ms="319" status="PASS">
          <params>
            <param index="0">
              <value>
                <![CDATA[[TestResult name=AutoCompleteSearch status=SUCCESS method=WidgetsTests.AutoCompleteSearch(models.ColorSelectionData)[pri:7, instance:tests.WidgetsTests@3f91b517] output={null}]]]>
              </value>
            </param>
          </params>
          <reporter-output>
          </reporter-output>
        </test-method> <!-- tearDown -->
        <test-method is-config="true" signature="setup(java.lang.reflect.Method)[pri:0, instance:tests.WidgetsTests@3f91b517]" started-at="2025-09-19T12:48:53 IST" name="setup" finished-at="2025-09-19T12:49:05 IST" duration-ms="12260" status="PASS">
          <params>
            <param index="0">
              <value>
                <![CDATA[public void tests.WidgetsTests.AutoCompleteSearch(models.ColorSelectionData)]]>
              </value>
            </param>
          </params>
          <reporter-output>
          </reporter-output>
        </test-method> <!-- setup -->
        <test-method signature="AutoCompleteSearch(models.ColorSelectionData)[pri:7, instance:tests.WidgetsTests@3f91b517]" started-at="2025-09-19T12:49:05 IST" name="AutoCompleteSearch" data-provider="ColorSelectionData" finished-at="2025-09-19T12:49:07 IST" duration-ms="1608" status="PASS">
          <params>
            <param index="0">
              <value>
                <![CDATA[ColorSelectionData{searchFor='B', expectedColors=[Blue, Black]}]]>
              </value>
            </param>
          </params>
          <reporter-output>
          </reporter-output>
        </test-method> <!-- AutoCompleteSearch -->
        <test-method is-config="true" signature="tearDown(org.testng.ITestResult)[pri:0, instance:tests.WidgetsTests@3f91b517]" started-at="2025-09-19T12:49:07 IST" name="tearDown" finished-at="2025-09-19T12:54:10 IST" duration-ms="302755" status="PASS">
          <params>
            <param index="0">
              <value>
                <![CDATA[[TestResult name=AutoCompleteSearch status=SUCCESS method=WidgetsTests.AutoCompleteSearch(models.ColorSelectionData)[pri:7, instance:tests.WidgetsTests@3f91b517] output={null}]]]>
              </value>
            </param>
          </params>
          <reporter-output>
          </reporter-output>
        </test-method> <!-- tearDown -->
        <test-method is-config="true" signature="setup(java.lang.reflect.Method)[pri:0, instance:tests.WidgetsTests@3f91b517]" started-at="2025-09-19T12:54:10 IST" name="setup" finished-at="2025-09-19T12:54:16 IST" duration-ms="6471" status="PASS">
          <params>
            <param index="0">
              <value>
                <![CDATA[public void tests.WidgetsTests.AutoCompleteSearch(models.ColorSelectionData)]]>
              </value>
            </param>
          </params>
          <reporter-output>
          </reporter-output>
        </test-method> <!-- setup -->
        <test-method signature="AutoCompleteSearch(models.ColorSelectionData)[pri:7, instance:tests.WidgetsTests@3f91b517]" started-at="2025-09-19T12:54:16 IST" name="AutoCompleteSearch" data-provider="ColorSelectionData" finished-at="2025-09-19T12:54:17 IST" duration-ms="1080" status="PASS">
          <params>
            <param index="0">
              <value>
                <![CDATA[ColorSelectionData{searchFor='C', expectedColors=[Black]}]]>
              </value>
            </param>
          </params>
          <reporter-output>
          </reporter-output>
        </test-method> <!-- AutoCompleteSearch -->
        <test-method is-config="true" signature="tearDown(org.testng.ITestResult)[pri:0, instance:tests.WidgetsTests@3f91b517]" started-at="2025-09-19T12:54:17 IST" name="tearDown" finished-at="2025-09-19T12:54:18 IST" duration-ms="439" status="PASS">
          <params>
            <param index="0">
              <value>
                <![CDATA[[TestResult name=AutoCompleteSearch status=SUCCESS method=WidgetsTests.AutoCompleteSearch(models.ColorSelectionData)[pri:7, instance:tests.WidgetsTests@3f91b517] output={null}]]]>
              </value>
            </param>
          </params>
          <reporter-output>
          </reporter-output>
        </test-method> <!-- tearDown -->
        <test-method is-config="true" signature="setup(java.lang.reflect.Method)[pri:0, instance:tests.WidgetsTests@3f91b517]" started-at="2025-09-19T12:54:18 IST" name="setup" finished-at="2025-09-19T12:54:23 IST" duration-ms="5790" status="PASS">
          <params>
            <param index="0">
              <value>
                <![CDATA[public void tests.WidgetsTests.AutoCompleteSearch(models.ColorSelectionData)]]>
              </value>
            </param>
          </params>
          <reporter-output>
          </reporter-output>
        </test-method> <!-- setup -->
        <test-method signature="AutoCompleteSearch(models.ColorSelectionData)[pri:7, instance:tests.WidgetsTests@3f91b517]" started-at="2025-09-19T12:54:23 IST" name="AutoCompleteSearch" data-provider="ColorSelectionData" finished-at="2025-09-19T12:54:25 IST" duration-ms="1579" status="PASS">
          <params>
            <param index="0">
              <value>
                <![CDATA[ColorSelectionData{searchFor='D', expectedColors=[Red, Indigo]}]]>
              </value>
            </param>
          </params>
          <reporter-output>
          </reporter-output>
        </test-method> <!-- AutoCompleteSearch -->
        <test-method is-config="true" signature="tearDown(org.testng.ITestResult)[pri:0, instance:tests.WidgetsTests@3f91b517]" started-at="2025-09-19T12:54:25 IST" name="tearDown" finished-at="2025-09-19T12:54:25 IST" duration-ms="379" status="PASS">
          <params>
            <param index="0">
              <value>
                <![CDATA[[TestResult name=AutoCompleteSearch status=SUCCESS method=WidgetsTests.AutoCompleteSearch(models.ColorSelectionData)[pri:7, instance:tests.WidgetsTests@3f91b517] output={null}]]]>
              </value>
            </param>
          </params>
          <reporter-output>
          </reporter-output>
        </test-method> <!-- tearDown -->
        <test-method is-config="true" signature="setup(java.lang.reflect.Method)[pri:0, instance:tests.WidgetsTests@3f91b517]" started-at="2025-09-19T12:54:25 IST" name="setup" finished-at="2025-09-19T12:54:31 IST" duration-ms="5741" status="PASS">
          <params>
            <param index="0">
              <value>
                <![CDATA[public void tests.WidgetsTests.AutoCompleteSearch(models.ColorSelectionData)]]>
              </value>
            </param>
          </params>
          <reporter-output>
          </reporter-output>
        </test-method> <!-- setup -->
        <test-method signature="AutoCompleteSearch(models.ColorSelectionData)[pri:7, instance:tests.WidgetsTests@3f91b517]" started-at="2025-09-19T12:54:31 IST" name="AutoCompleteSearch" data-provider="ColorSelectionData" finished-at="2025-09-19T12:54:34 IST" duration-ms="3162" status="PASS">
          <params>
            <param index="0">
              <value>
                <![CDATA[ColorSelectionData{searchFor='E', expectedColors=[Red, Blue, Green, Yellow, Purple, White, Voilet, Magenta]}]]>
              </value>
            </param>
          </params>
          <reporter-output>
          </reporter-output>
        </test-method> <!-- AutoCompleteSearch -->
        <test-method is-config="true" signature="tearDown(org.testng.ITestResult)[pri:0, instance:tests.WidgetsTests@3f91b517]" started-at="2025-09-19T12:54:34 IST" name="tearDown" finished-at="2025-09-19T12:54:35 IST" duration-ms="338" status="PASS">
          <params>
            <param index="0">
              <value>
                <![CDATA[[TestResult name=AutoCompleteSearch status=SUCCESS method=WidgetsTests.AutoCompleteSearch(models.ColorSelectionData)[pri:7, instance:tests.WidgetsTests@3f91b517] output={null}]]]>
              </value>
            </param>
          </params>
          <reporter-output>
          </reporter-output>
        </test-method> <!-- tearDown -->
        <test-method is-config="true" signature="setup(java.lang.reflect.Method)[pri:0, instance:tests.WidgetsTests@3f91b517]" started-at="2025-09-19T12:54:35 IST" name="setup" finished-at="2025-09-19T12:54:40 IST" duration-ms="5864" status="PASS">
          <params>
            <param index="0">
              <value>
                <![CDATA[public void tests.WidgetsTests.AutoCompleteSearch(models.ColorSelectionData)]]>
              </value>
            </param>
          </params>
          <reporter-output>
          </reporter-output>
        </test-method> <!-- setup -->
        <test-method signature="AutoCompleteSearch(models.ColorSelectionData)[pri:7, instance:tests.WidgetsTests@3f91b517]" started-at="2025-09-19T12:54:40 IST" name="AutoCompleteSearch" data-provider="ColorSelectionData" finished-at="2025-09-19T12:54:42 IST" duration-ms="1876" status="PASS">
          <params>
            <param index="0">
              <value>
                <![CDATA[ColorSelectionData{searchFor='G', expectedColors=[Green, Indigo, Magenta]}]]>
              </value>
            </param>
          </params>
          <reporter-output>
          </reporter-output>
        </test-method> <!-- AutoCompleteSearch -->
        <test-method is-config="true" signature="tearDown(org.testng.ITestResult)[pri:0, instance:tests.WidgetsTests@3f91b517]" started-at="2025-09-19T12:54:42 IST" name="tearDown" finished-at="2025-09-19T12:54:43 IST" duration-ms="345" status="PASS">
          <params>
            <param index="0">
              <value>
                <![CDATA[[TestResult name=AutoCompleteSearch status=SUCCESS method=WidgetsTests.AutoCompleteSearch(models.ColorSelectionData)[pri:7, instance:tests.WidgetsTests@3f91b517] output={null}]]]>
              </value>
            </param>
          </params>
          <reporter-output>
          </reporter-output>
        </test-method> <!-- tearDown -->
        <test-method is-config="true" signature="setup(java.lang.reflect.Method)[pri:0, instance:tests.WidgetsTests@3f91b517]" started-at="2025-09-19T12:54:43 IST" name="setup" finished-at="2025-09-19T12:55:00 IST" duration-ms="17031" status="PASS">
          <params>
            <param index="0">
              <value>
                <![CDATA[public void tests.WidgetsTests.AutoCompleteSearch(models.ColorSelectionData)]]>
              </value>
            </param>
          </params>
          <reporter-output>
          </reporter-output>
        </test-method> <!-- setup -->
        <test-method signature="AutoCompleteSearch(models.ColorSelectionData)[pri:7, instance:tests.WidgetsTests@3f91b517]" started-at="2025-09-19T12:55:00 IST" name="AutoCompleteSearch" data-provider="ColorSelectionData" finished-at="2025-09-19T12:55:01 IST" duration-ms="1296" status="PASS">
          <params>
            <param index="0">
              <value>
                <![CDATA[ColorSelectionData{searchFor='H', expectedColors=[White]}]]>
              </value>
            </param>
          </params>
          <reporter-output>
          </reporter-output>
        </test-method> <!-- AutoCompleteSearch -->
        <test-method is-config="true" signature="tearDown(org.testng.ITestResult)[pri:0, instance:tests.WidgetsTests@3f91b517]" started-at="2025-09-19T12:55:01 IST" name="tearDown" finished-at="2025-09-19T12:55:01 IST" duration-ms="327" status="PASS">
          <params>
            <param index="0">
              <value>
                <![CDATA[[TestResult name=AutoCompleteSearch status=SUCCESS method=WidgetsTests.AutoCompleteSearch(models.ColorSelectionData)[pri:7, instance:tests.WidgetsTests@3f91b517] output={null}]]]>
              </value>
            </param>
          </params>
          <reporter-output>
          </reporter-output>
        </test-method> <!-- tearDown -->
        <test-method is-config="true" signature="setup(java.lang.reflect.Method)[pri:0, instance:tests.WidgetsTests@3f91b517]" started-at="2025-09-19T12:55:01 IST" name="setup" finished-at="2025-09-19T12:55:12 IST" duration-ms="10505" status="PASS">
          <params>
            <param index="0">
              <value>
                <![CDATA[public void tests.WidgetsTests.AutoCompleteSearch(models.ColorSelectionData)]]>
              </value>
            </param>
          </params>
          <reporter-output>
          </reporter-output>
        </test-method> <!-- setup -->
        <test-method signature="AutoCompleteSearch(models.ColorSelectionData)[pri:7, instance:tests.WidgetsTests@3f91b517]" started-at="2025-09-19T12:55:12 IST" name="AutoCompleteSearch" data-provider="ColorSelectionData" finished-at="2025-09-19T12:55:13 IST" duration-ms="1505" status="PASS">
          <params>
            <param index="0">
              <value>
                <![CDATA[ColorSelectionData{searchFor='I', expectedColors=[White, Voilet, Indigo]}]]>
              </value>
            </param>
          </params>
          <reporter-output>
          </reporter-output>
        </test-method> <!-- AutoCompleteSearch -->
        <test-method is-config="true" signature="tearDown(org.testng.ITestResult)[pri:0, instance:tests.WidgetsTests@3f91b517]" started-at="2025-09-19T12:55:13 IST" name="tearDown" finished-at="2025-09-19T12:55:14 IST" duration-ms="331" status="PASS">
          <params>
            <param index="0">
              <value>
                <![CDATA[[TestResult name=AutoCompleteSearch status=SUCCESS method=WidgetsTests.AutoCompleteSearch(models.ColorSelectionData)[pri:7, instance:tests.WidgetsTests@3f91b517] output={null}]]]>
              </value>
            </param>
          </params>
          <reporter-output>
          </reporter-output>
        </test-method> <!-- tearDown -->
        <test-method is-config="true" signature="setup(java.lang.reflect.Method)[pri:0, instance:tests.WidgetsTests@3f91b517]" started-at="2025-09-19T12:55:14 IST" name="setup" finished-at="2025-09-19T12:55:20 IST" duration-ms="6171" status="PASS">
          <params>
            <param index="0">
              <value>
                <![CDATA[public void tests.WidgetsTests.AutoCompleteSearch(models.ColorSelectionData)]]>
              </value>
            </param>
          </params>
          <reporter-output>
          </reporter-output>
        </test-method> <!-- setup -->
        <test-method signature="AutoCompleteSearch(models.ColorSelectionData)[pri:7, instance:tests.WidgetsTests@3f91b517]" started-at="2025-09-19T12:55:20 IST" name="AutoCompleteSearch" data-provider="ColorSelectionData" finished-at="2025-09-19T12:55:21 IST" duration-ms="1124" status="PASS">
          <params>
            <param index="0">
              <value>
                <![CDATA[ColorSelectionData{searchFor='K', expectedColors=[Black]}]]>
              </value>
            </param>
          </params>
          <reporter-output>
          </reporter-output>
        </test-method> <!-- AutoCompleteSearch -->
        <test-method is-config="true" signature="tearDown(org.testng.ITestResult)[pri:0, instance:tests.WidgetsTests@3f91b517]" started-at="2025-09-19T12:55:21 IST" name="tearDown" finished-at="2025-09-19T12:55:21 IST" duration-ms="299" status="PASS">
          <params>
            <param index="0">
              <value>
                <![CDATA[[TestResult name=AutoCompleteSearch status=SUCCESS method=WidgetsTests.AutoCompleteSearch(models.ColorSelectionData)[pri:7, instance:tests.WidgetsTests@3f91b517] output={null}]]]>
              </value>
            </param>
          </params>
          <reporter-output>
          </reporter-output>
        </test-method> <!-- tearDown -->
        <test-method is-config="true" signature="setup(java.lang.reflect.Method)[pri:0, instance:tests.WidgetsTests@3f91b517]" started-at="2025-09-19T12:55:21 IST" name="setup" finished-at="2025-09-19T12:55:27 IST" duration-ms="5537" status="PASS">
          <params>
            <param index="0">
              <value>
                <![CDATA[public void tests.WidgetsTests.AutoCompleteSearch(models.ColorSelectionData)]]>
              </value>
            </param>
          </params>
          <reporter-output>
          </reporter-output>
        </test-method> <!-- setup -->
        <test-method signature="AutoCompleteSearch(models.ColorSelectionData)[pri:7, instance:tests.WidgetsTests@3f91b517]" started-at="2025-09-19T12:55:27 IST" name="AutoCompleteSearch" data-provider="ColorSelectionData" finished-at="2025-09-19T12:55:29 IST" duration-ms="2302" status="PASS">
          <params>
            <param index="0">
              <value>
                <![CDATA[ColorSelectionData{searchFor='L', expectedColors=[Blue, Yellow, Purple, Black, Voilet]}]]>
              </value>
            </param>
          </params>
          <reporter-output>
          </reporter-output>
        </test-method> <!-- AutoCompleteSearch -->
        <test-method is-config="true" signature="tearDown(org.testng.ITestResult)[pri:0, instance:tests.WidgetsTests@3f91b517]" started-at="2025-09-19T12:55:29 IST" name="tearDown" finished-at="2025-09-19T12:55:29 IST" duration-ms="346" status="PASS">
          <params>
            <param index="0">
              <value>
                <![CDATA[[TestResult name=AutoCompleteSearch status=SUCCESS method=WidgetsTests.AutoCompleteSearch(models.ColorSelectionData)[pri:7, instance:tests.WidgetsTests@3f91b517] output={null}]]]>
              </value>
            </param>
          </params>
          <reporter-output>
          </reporter-output>
        </test-method> <!-- tearDown -->
        <test-method is-config="true" signature="setup(java.lang.reflect.Method)[pri:0, instance:tests.WidgetsTests@3f91b517]" started-at="2025-09-19T12:55:29 IST" name="setup" finished-at="2025-09-19T12:55:36 IST" duration-ms="6259" status="PASS">
          <params>
            <param index="0">
              <value>
                <![CDATA[public void tests.WidgetsTests.AutoCompleteSearch(models.ColorSelectionData)]]>
              </value>
            </param>
          </params>
          <reporter-output>
          </reporter-output>
        </test-method> <!-- setup -->
        <test-method signature="AutoCompleteSearch(models.ColorSelectionData)[pri:7, instance:tests.WidgetsTests@3f91b517]" started-at="2025-09-19T12:55:36 IST" name="AutoCompleteSearch" data-provider="ColorSelectionData" finished-at="2025-09-19T12:55:37 IST" duration-ms="989" status="PASS">
          <params>
            <param index="0">
              <value>
                <![CDATA[ColorSelectionData{searchFor='M', expectedColors=[Magenta]}]]>
              </value>
            </param>
          </params>
          <reporter-output>
          </reporter-output>
        </test-method> <!-- AutoCompleteSearch -->
        <test-method is-config="true" signature="tearDown(org.testng.ITestResult)[pri:0, instance:tests.WidgetsTests@3f91b517]" started-at="2025-09-19T12:55:37 IST" name="tearDown" finished-at="2025-09-19T12:55:37 IST" duration-ms="384" status="PASS">
          <params>
            <param index="0">
              <value>
                <![CDATA[[TestResult name=AutoCompleteSearch status=SUCCESS method=WidgetsTests.AutoCompleteSearch(models.ColorSelectionData)[pri:7, instance:tests.WidgetsTests@3f91b517] output={null}]]]>
              </value>
            </param>
          </params>
          <reporter-output>
          </reporter-output>
        </test-method> <!-- tearDown -->
        <test-method is-config="true" signature="setup(java.lang.reflect.Method)[pri:0, instance:tests.WidgetsTests@3f91b517]" started-at="2025-09-19T12:55:37 IST" name="setup" finished-at="2025-09-19T12:55:51 IST" duration-ms="13950" status="PASS">
          <params>
            <param index="0">
              <value>
                <![CDATA[public void tests.WidgetsTests.AutoCompleteSearch(models.ColorSelectionData)]]>
              </value>
            </param>
          </params>
          <reporter-output>
          </reporter-output>
        </test-method> <!-- setup -->
        <test-method signature="AutoCompleteSearch(models.ColorSelectionData)[pri:7, instance:tests.WidgetsTests@3f91b517]" started-at="2025-09-19T12:55:51 IST" name="AutoCompleteSearch" data-provider="ColorSelectionData" finished-at="2025-09-19T12:55:53 IST" duration-ms="1780" status="PASS">
          <params>
            <param index="0">
              <value>
                <![CDATA[ColorSelectionData{searchFor='N', expectedColors=[Green, Indigo, Magenta]}]]>
              </value>
            </param>
          </params>
          <reporter-output>
          </reporter-output>
        </test-method> <!-- AutoCompleteSearch -->
        <test-method is-config="true" signature="tearDown(org.testng.ITestResult)[pri:0, instance:tests.WidgetsTests@3f91b517]" started-at="2025-09-19T12:55:53 IST" name="tearDown" finished-at="2025-09-19T12:55:53 IST" duration-ms="427" status="PASS">
          <params>
            <param index="0">
              <value>
                <![CDATA[[TestResult name=AutoCompleteSearch status=SUCCESS method=WidgetsTests.AutoCompleteSearch(models.ColorSelectionData)[pri:7, instance:tests.WidgetsTests@3f91b517] output={null}]]]>
              </value>
            </param>
          </params>
          <reporter-output>
          </reporter-output>
        </test-method> <!-- tearDown -->
        <test-method is-config="true" signature="setup(java.lang.reflect.Method)[pri:0, instance:tests.WidgetsTests@3f91b517]" started-at="2025-09-19T12:55:53 IST" name="setup" finished-at="2025-09-19T12:56:04 IST" duration-ms="10404" status="PASS">
          <params>
            <param index="0">
              <value>
                <![CDATA[public void tests.WidgetsTests.AutoCompleteSearch(models.ColorSelectionData)]]>
              </value>
            </param>
          </params>
          <reporter-output>
          </reporter-output>
        </test-method> <!-- setup -->
        <test-method signature="AutoCompleteSearch(models.ColorSelectionData)[pri:7, instance:tests.WidgetsTests@3f91b517]" started-at="2025-09-19T12:56:04 IST" name="AutoCompleteSearch" data-provider="ColorSelectionData" finished-at="2025-09-19T12:56:06 IST" duration-ms="2026" status="PASS">
          <params>
            <param index="0">
              <value>
                <![CDATA[ColorSelectionData{searchFor='O', expectedColors=[Yellow, Voilet, Indigo]}]]>
              </value>
            </param>
          </params>
          <reporter-output>
          </reporter-output>
        </test-method> <!-- AutoCompleteSearch -->
        <test-method is-config="true" signature="tearDown(org.testng.ITestResult)[pri:0, instance:tests.WidgetsTests@3f91b517]" started-at="2025-09-19T12:56:06 IST" name="tearDown" finished-at="2025-09-19T12:56:06 IST" duration-ms="372" status="PASS">
          <params>
            <param index="0">
              <value>
                <![CDATA[[TestResult name=AutoCompleteSearch status=SUCCESS method=WidgetsTests.AutoCompleteSearch(models.ColorSelectionData)[pri:7, instance:tests.WidgetsTests@3f91b517] output={null}]]]>
              </value>
            </param>
          </params>
          <reporter-output>
          </reporter-output>
        </test-method> <!-- tearDown -->
        <test-method is-config="true" signature="setup(java.lang.reflect.Method)[pri:0, instance:tests.WidgetsTests@3f91b517]" started-at="2025-09-19T12:56:06 IST" name="setup" finished-at="2025-09-19T12:56:13 IST" duration-ms="7273" status="PASS">
          <params>
            <param index="0">
              <value>
                <![CDATA[public void tests.WidgetsTests.AutoCompleteSearch(models.ColorSelectionData)]]>
              </value>
            </param>
          </params>
          <reporter-output>
          </reporter-output>
        </test-method> <!-- setup -->
        <test-method signature="AutoCompleteSearch(models.ColorSelectionData)[pri:7, instance:tests.WidgetsTests@3f91b517]" started-at="2025-09-19T12:56:13 IST" name="AutoCompleteSearch" data-provider="ColorSelectionData" finished-at="2025-09-19T12:56:14 IST" duration-ms="1137" status="PASS">
          <params>
            <param index="0">
              <value>
                <![CDATA[ColorSelectionData{searchFor='P', expectedColors=[Purple]}]]>
              </value>
            </param>
          </params>
          <reporter-output>
          </reporter-output>
        </test-method> <!-- AutoCompleteSearch -->
        <test-method is-config="true" signature="tearDown(org.testng.ITestResult)[pri:0, instance:tests.WidgetsTests@3f91b517]" started-at="2025-09-19T12:56:14 IST" name="tearDown" finished-at="2025-09-19T12:56:15 IST" duration-ms="313" status="PASS">
          <params>
            <param index="0">
              <value>
                <![CDATA[[TestResult name=AutoCompleteSearch status=SUCCESS method=WidgetsTests.AutoCompleteSearch(models.ColorSelectionData)[pri:7, instance:tests.WidgetsTests@3f91b517] output={null}]]]>
              </value>
            </param>
          </params>
          <reporter-output>
          </reporter-output>
        </test-method> <!-- tearDown -->
        <test-method is-config="true" signature="setup(java.lang.reflect.Method)[pri:0, instance:tests.WidgetsTests@3f91b517]" started-at="2025-09-19T12:56:15 IST" name="setup" finished-at="2025-09-19T12:56:21 IST" duration-ms="5859" status="PASS">
          <params>
            <param index="0">
              <value>
                <![CDATA[public void tests.WidgetsTests.AutoCompleteSearch(models.ColorSelectionData)]]>
              </value>
            </param>
          </params>
          <reporter-output>
          </reporter-output>
        </test-method> <!-- setup -->
        <test-method signature="AutoCompleteSearch(models.ColorSelectionData)[pri:7, instance:tests.WidgetsTests@3f91b517]" started-at="2025-09-19T12:56:21 IST" name="AutoCompleteSearch" data-provider="ColorSelectionData" finished-at="2025-09-19T12:56:22 IST" duration-ms="1010" status="PASS">
          <params>
            <param index="0">
              <value>
                <![CDATA[ColorSelectionData{searchFor='Q', expectedColors=[Aqua]}]]>
              </value>
            </param>
          </params>
          <reporter-output>
          </reporter-output>
        </test-method> <!-- AutoCompleteSearch -->
        <test-method is-config="true" signature="tearDown(org.testng.ITestResult)[pri:0, instance:tests.WidgetsTests@3f91b517]" started-at="2025-09-19T12:56:22 IST" name="tearDown" finished-at="2025-09-19T12:56:22 IST" duration-ms="456" status="PASS">
          <params>
            <param index="0">
              <value>
                <![CDATA[[TestResult name=AutoCompleteSearch status=SUCCESS method=WidgetsTests.AutoCompleteSearch(models.ColorSelectionData)[pri:7, instance:tests.WidgetsTests@3f91b517] output={null}]]]>
              </value>
            </param>
          </params>
          <reporter-output>
          </reporter-output>
        </test-method> <!-- tearDown -->
        <test-method is-config="true" signature="setup(java.lang.reflect.Method)[pri:0, instance:tests.WidgetsTests@3f91b517]" started-at="2025-09-19T12:56:22 IST" name="setup" finished-at="2025-09-19T12:56:35 IST" duration-ms="13016" status="PASS">
          <params>
            <param index="0">
              <value>
                <![CDATA[public void tests.WidgetsTests.AutoCompleteSearch(models.ColorSelectionData)]]>
              </value>
            </param>
          </params>
          <reporter-output>
          </reporter-output>
        </test-method> <!-- setup -->
        <test-method signature="AutoCompleteSearch(models.ColorSelectionData)[pri:7, instance:tests.WidgetsTests@3f91b517]" started-at="2025-09-19T12:56:35 IST" name="AutoCompleteSearch" data-provider="ColorSelectionData" finished-at="2025-09-19T12:56:37 IST" duration-ms="1760" status="PASS">
          <params>
            <param index="0">
              <value>
                <![CDATA[ColorSelectionData{searchFor='R', expectedColors=[Red, Green, Purple]}]]>
              </value>
            </param>
          </params>
          <reporter-output>
          </reporter-output>
        </test-method> <!-- AutoCompleteSearch -->
        <test-method is-config="true" signature="tearDown(org.testng.ITestResult)[pri:0, instance:tests.WidgetsTests@3f91b517]" started-at="2025-09-19T12:56:37 IST" name="tearDown" finished-at="2025-09-19T12:56:37 IST" duration-ms="328" status="PASS">
          <params>
            <param index="0">
              <value>
                <![CDATA[[TestResult name=AutoCompleteSearch status=SUCCESS method=WidgetsTests.AutoCompleteSearch(models.ColorSelectionData)[pri:7, instance:tests.WidgetsTests@3f91b517] output={null}]]]>
              </value>
            </param>
          </params>
          <reporter-output>
          </reporter-output>
        </test-method> <!-- tearDown -->
        <test-method is-config="true" signature="setup(java.lang.reflect.Method)[pri:0, instance:tests.WidgetsTests@3f91b517]" started-at="2025-09-19T12:56:37 IST" name="setup" finished-at="2025-09-19T12:56:43 IST" duration-ms="5521" status="PASS">
          <params>
            <param index="0">
              <value>
                <![CDATA[public void tests.WidgetsTests.AutoCompleteSearch(models.ColorSelectionData)]]>
              </value>
            </param>
          </params>
          <reporter-output>
          </reporter-output>
        </test-method> <!-- setup -->
        <test-method signature="AutoCompleteSearch(models.ColorSelectionData)[pri:7, instance:tests.WidgetsTests@3f91b517]" started-at="2025-09-19T12:56:43 IST" name="AutoCompleteSearch" data-provider="ColorSelectionData" finished-at="2025-09-19T12:56:44 IST" duration-ms="1594" status="PASS">
          <params>
            <param index="0">
              <value>
                <![CDATA[ColorSelectionData{searchFor='T', expectedColors=[White, Voilet, Magenta]}]]>
              </value>
            </param>
          </params>
          <reporter-output>
          </reporter-output>
        </test-method> <!-- AutoCompleteSearch -->
        <test-method is-config="true" signature="tearDown(org.testng.ITestResult)[pri:0, instance:tests.WidgetsTests@3f91b517]" started-at="2025-09-19T12:56:44 IST" name="tearDown" finished-at="2025-09-19T12:56:45 IST" duration-ms="337" status="PASS">
          <params>
            <param index="0">
              <value>
                <![CDATA[[TestResult name=AutoCompleteSearch status=SUCCESS method=WidgetsTests.AutoCompleteSearch(models.ColorSelectionData)[pri:7, instance:tests.WidgetsTests@3f91b517] output={null}]]]>
              </value>
            </param>
          </params>
          <reporter-output>
          </reporter-output>
        </test-method> <!-- tearDown -->
        <test-method is-config="true" signature="setup(java.lang.reflect.Method)[pri:0, instance:tests.WidgetsTests@3f91b517]" started-at="2025-09-19T12:56:45 IST" name="setup" finished-at="2025-09-19T12:56:57 IST" duration-ms="12211" status="PASS">
          <params>
            <param index="0">
              <value>
                <![CDATA[public void tests.WidgetsTests.AutoCompleteSearch(models.ColorSelectionData)]]>
              </value>
            </param>
          </params>
          <reporter-output>
          </reporter-output>
        </test-method> <!-- setup -->
        <test-method signature="AutoCompleteSearch(models.ColorSelectionData)[pri:7, instance:tests.WidgetsTests@3f91b517]" started-at="2025-09-19T12:56:57 IST" name="AutoCompleteSearch" data-provider="ColorSelectionData" finished-at="2025-09-19T12:56:58 IST" duration-ms="1528" status="PASS">
          <params>
            <param index="0">
              <value>
                <![CDATA[ColorSelectionData{searchFor='U', expectedColors=[Blue, Purple, Aqua]}]]>
              </value>
            </param>
          </params>
          <reporter-output>
          </reporter-output>
        </test-method> <!-- AutoCompleteSearch -->
        <test-method is-config="true" signature="tearDown(org.testng.ITestResult)[pri:0, instance:tests.WidgetsTests@3f91b517]" started-at="2025-09-19T12:56:58 IST" name="tearDown" finished-at="2025-09-19T12:56:59 IST" duration-ms="355" status="PASS">
          <params>
            <param index="0">
              <value>
                <![CDATA[[TestResult name=AutoCompleteSearch status=SUCCESS method=WidgetsTests.AutoCompleteSearch(models.ColorSelectionData)[pri:7, instance:tests.WidgetsTests@3f91b517] output={null}]]]>
              </value>
            </param>
          </params>
          <reporter-output>
          </reporter-output>
        </test-method> <!-- tearDown -->
        <test-method is-config="true" signature="setup(java.lang.reflect.Method)[pri:0, instance:tests.WidgetsTests@3f91b517]" started-at="2025-09-19T12:56:59 IST" name="setup" finished-at="2025-09-19T12:57:14 IST" duration-ms="15264" status="PASS">
          <params>
            <param index="0">
              <value>
                <![CDATA[public void tests.WidgetsTests.AutoCompleteSearch(models.ColorSelectionData)]]>
              </value>
            </param>
          </params>
          <reporter-output>
          </reporter-output>
        </test-method> <!-- setup -->
        <test-method signature="AutoCompleteSearch(models.ColorSelectionData)[pri:7, instance:tests.WidgetsTests@3f91b517]" started-at="2025-09-19T12:57:14 IST" name="AutoCompleteSearch" data-provider="ColorSelectionData" finished-at="2025-09-19T12:57:15 IST" duration-ms="962" status="PASS">
          <params>
            <param index="0">
              <value>
                <![CDATA[ColorSelectionData{searchFor='V', expectedColors=[Voilet]}]]>
              </value>
            </param>
          </params>
          <reporter-output>
          </reporter-output>
        </test-method> <!-- AutoCompleteSearch -->
        <test-method is-config="true" signature="tearDown(org.testng.ITestResult)[pri:0, instance:tests.WidgetsTests@3f91b517]" started-at="2025-09-19T12:57:15 IST" name="tearDown" finished-at="2025-09-19T12:57:15 IST" duration-ms="292" status="PASS">
          <params>
            <param index="0">
              <value>
                <![CDATA[[TestResult name=AutoCompleteSearch status=SUCCESS method=WidgetsTests.AutoCompleteSearch(models.ColorSelectionData)[pri:7, instance:tests.WidgetsTests@3f91b517] output={null}]]]>
              </value>
            </param>
          </params>
          <reporter-output>
          </reporter-output>
        </test-method> <!-- tearDown -->
        <test-method is-config="true" signature="setup(java.lang.reflect.Method)[pri:0, instance:tests.WidgetsTests@3f91b517]" started-at="2025-09-19T12:57:15 IST" name="setup" finished-at="2025-09-19T12:57:21 IST" duration-ms="5780" status="PASS">
          <params>
            <param index="0">
              <value>
                <![CDATA[public void tests.WidgetsTests.AutoCompleteSearch(models.ColorSelectionData)]]>
              </value>
            </param>
          </params>
          <reporter-output>
          </reporter-output>
        </test-method> <!-- setup -->
        <test-method signature="AutoCompleteSearch(models.ColorSelectionData)[pri:7, instance:tests.WidgetsTests@3f91b517]" started-at="2025-09-19T12:57:21 IST" name="AutoCompleteSearch" data-provider="ColorSelectionData" finished-at="2025-09-19T12:57:22 IST" duration-ms="1324" status="PASS">
          <params>
            <param index="0">
              <value>
                <![CDATA[ColorSelectionData{searchFor='W', expectedColors=[Yellow, White]}]]>
              </value>
            </param>
          </params>
          <reporter-output>
          </reporter-output>
        </test-method> <!-- AutoCompleteSearch -->
        <test-method is-config="true" signature="tearDown(org.testng.ITestResult)[pri:0, instance:tests.WidgetsTests@3f91b517]" started-at="2025-09-19T12:57:22 IST" name="tearDown" finished-at="2025-09-19T12:57:23 IST" duration-ms="373" status="PASS">
          <params>
            <param index="0">
              <value>
                <![CDATA[[TestResult name=AutoCompleteSearch status=SUCCESS method=WidgetsTests.AutoCompleteSearch(models.ColorSelectionData)[pri:7, instance:tests.WidgetsTests@3f91b517] output={null}]]]>
              </value>
            </param>
          </params>
          <reporter-output>
          </reporter-output>
        </test-method> <!-- tearDown -->
        <test-method is-config="true" signature="setup(java.lang.reflect.Method)[pri:0, instance:tests.WidgetsTests@3f91b517]" started-at="2025-09-19T12:57:23 IST" name="setup" finished-at="2025-09-19T12:57:56 IST" duration-ms="33219" status="PASS">
          <params>
            <param index="0">
              <value>
                <![CDATA[public void tests.WidgetsTests.AutoCompleteSearch(models.ColorSelectionData)]]>
              </value>
            </param>
          </params>
          <reporter-output>
          </reporter-output>
        </test-method> <!-- setup -->
        <test-method signature="AutoCompleteSearch(models.ColorSelectionData)[pri:7, instance:tests.WidgetsTests@3f91b517]" started-at="2025-09-19T12:57:56 IST" name="AutoCompleteSearch" data-provider="ColorSelectionData" finished-at="2025-09-19T12:57:57 IST" duration-ms="997" status="PASS">
          <params>
            <param index="0">
              <value>
                <![CDATA[ColorSelectionData{searchFor='Y', expectedColors=[Yellow]}]]>
              </value>
            </param>
          </params>
          <reporter-output>
          </reporter-output>
        </test-method> <!-- AutoCompleteSearch -->
        <test-method is-config="true" signature="tearDown(org.testng.ITestResult)[pri:0, instance:tests.WidgetsTests@3f91b517]" started-at="2025-09-19T12:57:57 IST" name="tearDown" finished-at="2025-09-19T12:57:57 IST" duration-ms="357" status="PASS">
          <params>
            <param index="0">
              <value>
                <![CDATA[[TestResult name=AutoCompleteSearch status=SUCCESS method=WidgetsTests.AutoCompleteSearch(models.ColorSelectionData)[pri:7, instance:tests.WidgetsTests@3f91b517] output={null}]]]>
              </value>
            </param>
          </params>
          <reporter-output>
          </reporter-output>
        </test-method> <!-- tearDown -->
        <test-method is-config="true" signature="setup(java.lang.reflect.Method)[pri:0, instance:tests.WidgetsTests@3f91b517]" started-at="2025-09-19T12:57:57 IST" name="setup" finished-at="2025-09-19T12:58:03 IST" duration-ms="5825" status="PASS">
          <params>
            <param index="0">
              <value>
                <![CDATA[public void tests.WidgetsTests.AutoCompleteSearchRemove(models.ColorSelectionData) throws java.io.IOException]]>
              </value>
            </param>
          </params>
          <reporter-output>
          </reporter-output>
        </test-method> <!-- setup -->
        <test-method signature="AutoCompleteSearchRemove(models.ColorSelectionData)[pri:8, instance:tests.WidgetsTests@3f91b517]" started-at="2025-09-19T12:58:03 IST" name="AutoCompleteSearchRemove" data-provider="ColorSelectionDataRemove" finished-at="2025-09-19T12:58:09 IST" duration-ms="5905" status="PASS">
          <params>
            <param index="0">
              <value>
                <![CDATA[ColorSelectionData{searchFor='E', expectedColors=[Green, Yellow]}]]>
              </value>
            </param>
          </params>
          <reporter-output>
          </reporter-output>
        </test-method> <!-- AutoCompleteSearchRemove -->
        <test-method is-config="true" signature="tearDown(org.testng.ITestResult)[pri:0, instance:tests.WidgetsTests@3f91b517]" started-at="2025-09-19T12:58:09 IST" name="tearDown" finished-at="2025-09-19T13:03:12 IST" duration-ms="302803" status="PASS">
          <params>
            <param index="0">
              <value>
                <![CDATA[[TestResult name=AutoCompleteSearchRemove status=SUCCESS method=WidgetsTests.AutoCompleteSearchRemove(models.ColorSelectionData)[pri:8, instance:tests.WidgetsTests@3f91b517] output={null}]]]>
              </value>
            </param>
          </params>
          <reporter-output>
          </reporter-output>
        </test-method> <!-- tearDown -->
        <test-method is-config="true" signature="setup(java.lang.reflect.Method)[pri:0, instance:tests.WidgetsTests@3f91b517]" started-at="2025-09-19T13:03:12 IST" name="setup" finished-at="2025-09-19T13:03:26 IST" duration-ms="14343" status="PASS">
          <params>
            <param index="0">
              <value>
                <![CDATA[public void tests.WidgetsTests.AutoCompleteSingle(java.lang.String,java.lang.String)]]>
              </value>
            </param>
          </params>
          <reporter-output>
          </reporter-output>
        </test-method> <!-- setup -->
        <test-method signature="AutoCompleteSingle(java.lang.String,java.lang.String)[pri:9, instance:tests.WidgetsTests@3f91b517]" started-at="2025-09-19T13:03:26 IST" name="AutoCompleteSingle" data-provider="SingleColorData" finished-at="2025-09-19T13:03:30 IST" duration-ms="4229" status="PASS">
          <params>
            <param index="0">
              <value>
                <![CDATA[E]]>
              </value>
            </param>
            <param index="1">
              <value>
                <![CDATA[Green]]>
              </value>
            </param>
          </params>
          <reporter-output>
          </reporter-output>
        </test-method> <!-- AutoCompleteSingle -->
        <test-method is-config="true" signature="tearDown(org.testng.ITestResult)[pri:0, instance:tests.WidgetsTests@3f91b517]" started-at="2025-09-19T13:03:30 IST" name="tearDown" finished-at="2025-09-19T13:03:31 IST" duration-ms="373" status="PASS">
          <params>
            <param index="0">
              <value>
                <![CDATA[[TestResult name=AutoCompleteSingle status=SUCCESS method=WidgetsTests.AutoCompleteSingle(java.lang.String,java.lang.String)[pri:9, instance:tests.WidgetsTests@3f91b517] output={null}]]]>
              </value>
            </param>
          </params>
          <reporter-output>
          </reporter-output>
        </test-method> <!-- tearDown -->
        <test-method is-config="true" signature="setup(java.lang.reflect.Method)[pri:0, instance:tests.WidgetsTests@3f91b517]" started-at="2025-09-19T13:03:31 IST" name="setup" finished-at="2025-09-19T13:03:37 IST" duration-ms="6581" status="PASS">
          <params>
            <param index="0">
              <value>
                <![CDATA[public void tests.WidgetsTests.SingleAddRemove(java.lang.String,java.lang.String)]]>
              </value>
            </param>
          </params>
          <reporter-output>
          </reporter-output>
        </test-method> <!-- setup -->
        <test-method signature="SingleAddRemove(java.lang.String,java.lang.String)[pri:10, instance:tests.WidgetsTests@3f91b517]" started-at="2025-09-19T13:03:37 IST" name="SingleAddRemove" data-provider="SingleColorData" finished-at="2025-09-19T13:03:42 IST" duration-ms="4186" status="PASS">
          <params>
            <param index="0">
              <value>
                <![CDATA[E]]>
              </value>
            </param>
            <param index="1">
              <value>
                <![CDATA[Green]]>
              </value>
            </param>
          </params>
          <reporter-output>
          </reporter-output>
        </test-method> <!-- SingleAddRemove -->
        <test-method is-config="true" signature="tearDown(org.testng.ITestResult)[pri:0, instance:tests.WidgetsTests@3f91b517]" started-at="2025-09-19T13:03:42 IST" name="tearDown" finished-at="2025-09-19T13:03:42 IST" duration-ms="793" status="PASS">
          <params>
            <param index="0">
              <value>
                <![CDATA[[TestResult name=SingleAddRemove status=SUCCESS method=WidgetsTests.SingleAddRemove(java.lang.String,java.lang.String)[pri:10, instance:tests.WidgetsTests@3f91b517] output={null}]]]>
              </value>
            </param>
          </params>
          <reporter-output>
          </reporter-output>
        </test-method> <!-- tearDown -->
        <test-method is-config="true" signature="setup(java.lang.reflect.Method)[pri:0, instance:tests.WidgetsTests@3f91b517]" started-at="2025-09-19T13:03:42 IST" name="setup" finished-at="2025-09-19T13:04:06 IST" duration-ms="23814" status="PASS">
          <params>
            <param index="0">
              <value>
                <![CDATA[public void tests.WidgetsTests.ClickDatePicker()]]>
              </value>
            </param>
          </params>
          <reporter-output>
          </reporter-output>
        </test-method> <!-- setup -->
        <test-method signature="ClickDatePicker()[pri:11, instance:tests.WidgetsTests@3f91b517]" started-at="2025-09-19T13:04:06 IST" name="ClickDatePicker" finished-at="2025-09-19T13:04:07 IST" duration-ms="403" status="PASS">
          <reporter-output>
          </reporter-output>
        </test-method> <!-- ClickDatePicker -->
        <test-method is-config="true" signature="tearDown(org.testng.ITestResult)[pri:0, instance:tests.WidgetsTests@3f91b517]" started-at="2025-09-19T13:04:07 IST" name="tearDown" finished-at="2025-09-19T13:04:07 IST" duration-ms="294" status="PASS">
          <params>
            <param index="0">
              <value>
                <![CDATA[[TestResult name=ClickDatePicker status=SUCCESS method=WidgetsTests.ClickDatePicker()[pri:11, instance:tests.WidgetsTests@3f91b517] output={null}]]]>
              </value>
            </param>
          </params>
          <reporter-output>
          </reporter-output>
        </test-method> <!-- tearDown -->
        <test-method is-config="true" signature="setup(java.lang.reflect.Method)[pri:0, instance:tests.WidgetsTests@3f91b517]" started-at="2025-09-19T13:04:07 IST" name="setup" finished-at="2025-09-19T13:04:14 IST" duration-ms="7276" status="PASS">
          <params>
            <param index="0">
              <value>
                <![CDATA[public void tests.WidgetsTests.SelectDate(models.UserFormData)]]>
              </value>
            </param>
          </params>
          <reporter-output>
          </reporter-output>
        </test-method> <!-- setup -->
        <test-method signature="SelectDate(models.UserFormData)[pri:12, instance:tests.WidgetsTests@3f91b517]" started-at="2025-09-19T13:04:14 IST" name="SelectDate" data-provider="DateSource" finished-at="2025-09-19T13:04:15 IST" duration-ms="875" status="PASS">
          <params>
            <param index="0">
              <value>
                <![CDATA[UserFormData{firstName='Johny', lastName='Bravo', userMail='Jbravo@demoqa.com', gender='Male', mobile='9.238343488E9', dob='15/08/2000', dobTime='6:45:00 am', subject='Computer Science', hobbies='Sports,Music', picturePath='/TestData/Mphoto.jpg', address='511 Grant 481, Prattsville\n Arkansas 72129\n United States', state='NCR', city='Delhi'}]]>
              </value>
            </param>
          </params>
          <reporter-output>
          </reporter-output>
        </test-method> <!-- SelectDate -->
        <test-method is-config="true" signature="tearDown(org.testng.ITestResult)[pri:0, instance:tests.WidgetsTests@3f91b517]" started-at="2025-09-19T13:04:15 IST" name="tearDown" finished-at="2025-09-19T13:04:15 IST" duration-ms="297" status="PASS">
          <params>
            <param index="0">
              <value>
                <![CDATA[[TestResult name=SelectDate status=SUCCESS method=WidgetsTests.SelectDate(models.UserFormData)[pri:12, instance:tests.WidgetsTests@3f91b517] output={null}]]]>
              </value>
            </param>
          </params>
          <reporter-output>
          </reporter-output>
        </test-method> <!-- tearDown -->
        <test-method is-config="true" signature="setup(java.lang.reflect.Method)[pri:0, instance:tests.WidgetsTests@3f91b517]" started-at="2025-09-19T13:04:15 IST" name="setup" finished-at="2025-09-19T13:04:23 IST" duration-ms="7631" status="PASS">
          <params>
            <param index="0">
              <value>
                <![CDATA[public void tests.WidgetsTests.SelectDate(models.UserFormData)]]>
              </value>
            </param>
          </params>
          <reporter-output>
          </reporter-output>
        </test-method> <!-- setup -->
        <test-method signature="SelectDate(models.UserFormData)[pri:12, instance:tests.WidgetsTests@3f91b517]" started-at="2025-09-19T13:04:23 IST" name="SelectDate" data-provider="DateSource" finished-at="2025-09-19T13:04:24 IST" duration-ms="933" status="PASS">
          <params>
            <param index="0">
              <value>
                <![CDATA[UserFormData{firstName='Gene', lastName='Femina', userMail='GFemina@demoqa.com', gender='Female', mobile='1.888343432E9', dob='22/05/2002', dobTime='4:30:00 pm', subject='Accounting', hobbies='Music,Reading', picturePath='/TestData/Fphoto.png', address='512 Grant 481, Prattsville\n Arkansas 72129\n United States', state='Uttar Pradesh', city='Merrut'}]]>
              </value>
            </param>
          </params>
          <reporter-output>
          </reporter-output>
        </test-method> <!-- SelectDate -->
        <test-method is-config="true" signature="tearDown(org.testng.ITestResult)[pri:0, instance:tests.WidgetsTests@3f91b517]" started-at="2025-09-19T13:04:24 IST" name="tearDown" finished-at="2025-09-19T13:04:24 IST" duration-ms="285" status="PASS">
          <params>
            <param index="0">
              <value>
                <![CDATA[[TestResult name=SelectDate status=SUCCESS method=WidgetsTests.SelectDate(models.UserFormData)[pri:12, instance:tests.WidgetsTests@3f91b517] output={null}]]]>
              </value>
            </param>
          </params>
          <reporter-output>
          </reporter-output>
        </test-method> <!-- tearDown -->
        <test-method is-config="true" signature="setup(java.lang.reflect.Method)[pri:0, instance:tests.WidgetsTests@3f91b517]" started-at="2025-09-19T13:04:24 IST" name="setup" finished-at="2025-09-19T13:04:31 IST" duration-ms="6279" status="PASS">
          <params>
            <param index="0">
              <value>
                <![CDATA[public void tests.WidgetsTests.SelectDate(models.UserFormData)]]>
              </value>
            </param>
          </params>
          <reporter-output>
          </reporter-output>
        </test-method> <!-- setup -->
        <test-method signature="SelectDate(models.UserFormData)[pri:12, instance:tests.WidgetsTests@3f91b517]" started-at="2025-09-19T13:04:31 IST" name="SelectDate" data-provider="DateSource" finished-at="2025-09-19T13:04:32 IST" duration-ms="1025" status="PASS">
          <params>
            <param index="0">
              <value>
                <![CDATA[UserFormData{firstName='Bud', lastName='Wisem', userMail='BWisem@demoqa.com', gender='Other', mobile='8.932465432E9', dob='31/12/1999', dobTime='8:45:00 pm', subject='Biology', hobbies='Reading', picturePath='/TestData/Ophoto.jpg', address='513 Grant 481, Prattsville\n Arkansas 72129\n United States', state='Haryana', city='Panipat'}]]>
              </value>
            </param>
          </params>
          <reporter-output>
          </reporter-output>
        </test-method> <!-- SelectDate -->
        <test-method is-config="true" signature="tearDown(org.testng.ITestResult)[pri:0, instance:tests.WidgetsTests@3f91b517]" started-at="2025-09-19T13:04:32 IST" name="tearDown" finished-at="2025-09-19T13:04:32 IST" duration-ms="316" status="PASS">
          <params>
            <param index="0">
              <value>
                <![CDATA[[TestResult name=SelectDate status=SUCCESS method=WidgetsTests.SelectDate(models.UserFormData)[pri:12, instance:tests.WidgetsTests@3f91b517] output={null}]]]>
              </value>
            </param>
          </params>
          <reporter-output>
          </reporter-output>
        </test-method> <!-- tearDown -->
        <test-method is-config="true" signature="setup(java.lang.reflect.Method)[pri:0, instance:tests.WidgetsTests@3f91b517]" started-at="2025-09-19T13:04:32 IST" name="setup" finished-at="2025-09-19T13:04:37 IST" duration-ms="5536" status="PASS">
          <params>
            <param index="0">
              <value>
                <![CDATA[public void tests.WidgetsTests.SelectDate(models.UserFormData)]]>
              </value>
            </param>
          </params>
          <reporter-output>
          </reporter-output>
        </test-method> <!-- setup -->
        <test-method signature="SelectDate(models.UserFormData)[pri:12, instance:tests.WidgetsTests@3f91b517]" started-at="2025-09-19T13:04:37 IST" name="SelectDate" data-provider="DateSource" finished-at="2025-09-19T13:04:39 IST" duration-ms="1245" status="PASS">
          <params>
            <param index="0">
              <value>
                <![CDATA[UserFormData{firstName='Tom', lastName='Boss', userMail='TBoss@demoqa.com', gender='Male', mobile='7.839875281E9', dob='1/26/03', dobTime='5:45:00 am', subject='Social Studies', hobbies='Sports,Reading', picturePath='/TestData/M2photo.jpg', address='514 Grant 481, Prattsville\n Arkansas 72129\n United States', state='Rajasthan', city='Jaiselmer'}]]>
              </value>
            </param>
          </params>
          <reporter-output>
          </reporter-output>
        </test-method> <!-- SelectDate -->
        <test-method is-config="true" signature="tearDown(org.testng.ITestResult)[pri:0, instance:tests.WidgetsTests@3f91b517]" started-at="2025-09-19T13:04:39 IST" name="tearDown" finished-at="2025-09-19T13:04:39 IST" duration-ms="354" status="PASS">
          <params>
            <param index="0">
              <value>
                <![CDATA[[TestResult name=SelectDate status=SUCCESS method=WidgetsTests.SelectDate(models.UserFormData)[pri:12, instance:tests.WidgetsTests@3f91b517] output={null}]]]>
              </value>
            </param>
          </params>
          <reporter-output>
          </reporter-output>
        </test-method> <!-- tearDown -->
      </class> <!-- tests.WidgetsTests -->
      <class name="tests.ElementsTests">
        <test-method is-config="true" signature="setup(java.lang.reflect.Method)[pri:0, instance:tests.ElementsTests@4f3bbf68]" started-at="2025-09-19T12:07:18 IST" name="setup" finished-at="2025-09-19T12:07:24 IST" duration-ms="5708" status="PASS">
          <params>
            <param index="0">
              <value>
                <![CDATA[public void tests.ElementsTests.ElementsCard()]]>
              </value>
            </param>
          </params>
          <reporter-output>
          </reporter-output>
        </test-method> <!-- setup -->
        <test-method signature="ElementsCard()[pri:1, instance:tests.ElementsTests@4f3bbf68]" started-at="2025-09-19T12:07:24 IST" name="ElementsCard" finished-at="2025-09-19T12:07:24 IST" duration-ms="475" status="PASS">
          <reporter-output>
          </reporter-output>
        </test-method> <!-- ElementsCard -->
        <test-method is-config="true" signature="tearDown(org.testng.ITestResult)[pri:0, instance:tests.ElementsTests@4f3bbf68]" started-at="2025-09-19T12:07:24 IST" name="tearDown" finished-at="2025-09-19T12:07:24 IST" duration-ms="365" status="PASS">
          <params>
            <param index="0">
              <value>
                <![CDATA[[TestResult name=ElementsCard status=SUCCESS method=ElementsTests.ElementsCard()[pri:1, instance:tests.ElementsTests@4f3bbf68] output={null}]]]>
              </value>
            </param>
          </params>
          <reporter-output>
          </reporter-output>
        </test-method> <!-- tearDown -->
        <test-method is-config="true" signature="setup(java.lang.reflect.Method)[pri:0, instance:tests.ElementsTests@4f3bbf68]" started-at="2025-09-19T12:07:25 IST" name="setup" finished-at="2025-09-19T12:07:42 IST" duration-ms="16748" status="PASS">
          <params>
            <param index="0">
              <value>
                <![CDATA[public void tests.ElementsTests.TextBox(models.TextBoxUser)]]>
              </value>
            </param>
          </params>
          <reporter-output>
          </reporter-output>
        </test-method> <!-- setup -->
        <test-method signature="TextBox(models.TextBoxUser)[pri:2, instance:tests.ElementsTests@4f3bbf68]" started-at="2025-09-19T12:07:42 IST" name="TextBox" data-provider="TextBoxUserData" finished-at="2025-09-19T12:07:44 IST" duration-ms="1730" status="PASS">
          <params>
            <param index="0">
              <value>
                <![CDATA[TextBoxUser{firstName='Johny', lastName='Bravo', email='Jbravo@demoqa.com', currentAddress='301 Town 481, Brookville\n kansas 42129\n United States', permanentAddress='511 Grant 481, Prattsville\n Arkansas 72129\n United States'}]]>
              </value>
            </param>
          </params>
          <reporter-output>
[...]
            <full-stacktrace>
              <![CDATA[java.lang.RuntimeException: ❌ smartClick failed after 3 attempts
at utils.ClickHandler.smartClick(ClickHandler.java:100)
at pages.homePage.clickAlertsFrameWindowsCard(homePage.java:36)
at pages.alertsframewindowsPage.accessAlertFramesWindows(alertsframewindowsPage.java:147)
at tests.AlertsFramesWindowsTests.ClickSmallModal(AlertsFramesWindowsTests.java:272)
at java.base/jdk.internal.reflect.DirectMethodHandleAccessor.invoke(DirectMethodHandleAccessor.java:103)
at java.base/java.lang.reflect.Method.invoke(Method.java:580)
at org.testng.internal.invokers.MethodInvocationHelper.invokeMethod(MethodInvocationHelper.java:141)
at org.testng.internal.invokers.TestInvoker.invokeMethod(TestInvoker.java:687)
at org.testng.internal.invokers.TestInvoker.invokeTestMethod(TestInvoker.java:230)
at org.testng.internal.invokers.MethodRunner.runInSequence(MethodRunner.java:63)
at org.testng.internal.invokers.TestInvoker$MethodInvocationAgent.invoke(TestInvoker.java:995)
at org.testng.internal.invokers.TestInvoker.invokeTestMethods(TestInvoker.java:203)
at org.testng.internal.invokers.TestMethodWorker.invokeTestMethods(TestMethodWorker.java:154)
at org.testng.internal.invokers.TestMethodWorker.run(TestMethodWorker.java:134)
at java.base/java.util.ArrayList.forEach(ArrayList.java:1596)
at org.testng.TestRunner.privateRun(TestRunner.java:741)
at org.testng.TestRunner.run(TestRunner.java:616)
at org.testng.SuiteRunner.runTest(SuiteRunner.java:421)
at org.testng.SuiteRunner.runSequentially(SuiteRunner.java:413)
at org.testng.SuiteRunner.privateRun(SuiteRunner.java:373)
at org.testng.SuiteRunner.run(SuiteRunner.java:312)
at org.testng.SuiteRunnerWorker.runSuite(SuiteRunnerWorker.java:52)
at org.testng.SuiteRunnerWorker.run(SuiteRunnerWorker.java:95)
at org.testng.TestNG.runSuitesSequentially(TestNG.java:1274)
at org.testng.TestNG.runSuitesLocally(TestNG.java:1208)
at org.testng.TestNG.runSuites(TestNG.java:1112)
at org.testng.TestNG.run(TestNG.java:1079)
at org.apache.maven.surefire.testng.TestNGExecutor.run(TestNGExecutor.java:155)
at org.apache.maven.surefire.testng.TestNGDirectoryTestSuite.executeMulti(TestNGDirectoryTestSuite.java:169)
at org.apache.maven.surefire.testng.TestNGDirectoryTestSuite.execute(TestNGDirectoryTestSuite.java:88)
at org.apache.maven.surefire.testng.TestNGProvider.invoke(TestNGProvider.java:137)
at org.apache.maven.surefire.booter.ForkedBooter.runSuitesInProcess(ForkedBooter.java:385)
at org.apache.maven.surefire.booter.ForkedBooter.execute(ForkedBooter.java:162)
at org.apache.maven.surefire.booter.ForkedBooter.run(ForkedBooter.java:507)
at org.apache.maven.surefire.booter.ForkedBooter.main(ForkedBooter.java:495)
Caused by: org.openqa.selenium.NoSuchSessionException: Session ID is null. Using WebDriver after calling quit()?
Build info: version: '4.35.0', revision: '1c58e5028b'
System info: os.name: 'Windows 11', os.arch: 'amd64', os.version: '10.0', java.version: '21.0.7'
Driver info: org.openqa.selenium.chrome.ChromeDriver
Command: [null, findElement {value=//body/div[@id='app']/div[@class='body-height']/div[@class='home-content']/div[@class='home-body']/div[@class='category-cards']/div[3]/div[1], using=xpath}]
Capabilities {acceptInsecureCerts: false, browserName: chrome, browserVersion: 137.0.7151.120, chrome: {chromedriverVersion: 137.0.7151.119 (e0ac9d12dff..., userDataDir: C:\Users\dell\AppData\Local...}, fedcm:accounts: true, goog:chromeOptions: {debuggerAddress: localhost:62242}, networkConnectionEnabled: false, pageLoadStrategy: normal, platformName: windows, proxy: Proxy(), se:cdp: ws://localhost:62242/devtoo..., se:cdpVersion: 137.0.7151.120, setWindowRect: true, strictFileInteractability: false, timeouts: {implicit: 0, pageLoad: 300000, script: 30000}, unhandledPromptBehavior: dismiss and notify, webauthn:extension:credBlob: true, webauthn:extension:largeBlob: true, webauthn:extension:minPinLength: true, webauthn:extension:prf: true, webauthn:virtualAuthenticators: true}
at org.openqa.selenium.remote.HttpCommandExecutor.execute(HttpCommandExecutor.java:176)
at org.openqa.selenium.remote.service.DriverCommandExecutor.invokeExecute(DriverCommandExecutor.java:216)
at org.openqa.selenium.remote.service.DriverCommandExecutor.execute(DriverCommandExecutor.java:174)
at org.openqa.selenium.remote.RemoteWebDriver.execute(RemoteWebDriver.java:557)
at org.openqa.selenium.remote.ElementLocation$ElementFinder$2.findElement(ElementLocation.java:165)
at org.openqa.selenium.remote.ElementLocation.findElement(ElementLocation.java:59)
at org.openqa.selenium.remote.RemoteWebDriver.findElement(RemoteWebDriver.java:380)
at org.openqa.selenium.remote.RemoteWebDriver.findElement(RemoteWebDriver.java:374)
at utils.ClickHandler.smartClick(ClickHandler.java:78)
... 34 more
]]>
            </full-stacktrace>
          </exception> <!-- java.lang.RuntimeException -->
          <reporter-output>
          </reporter-output>
        </test-method> <!-- ClickSmallModal -->
        <test-method is-config="true" signature="tearDown(org.testng.ITestResult)[pri:0, instance:tests.AlertsFramesWindowsTests@6239aba6]" started-at="2025-09-19T12:06:25 IST" name="tearDown" finished-at="2025-09-19T12:06:25 IST" duration-ms="3" status="FAIL">
          <params>
            <param index="0">
              <value>
                <![CDATA[[TestResult name=ClickSmallModal status=FAILURE method=AlertsFramesWindowsTests.ClickSmallModal()[pri:14, instance:tests.AlertsFramesWindowsTests@6239aba6] output={null}]]]>
              </value>
            </param>
          </params>
          <exception class="java.lang.IllegalArgumentException">
            <message>
              <![CDATA[ScreenCapture path must not be null or empty]]>
            </message>
            <full-stacktrace>
              <![CDATA[java.lang.IllegalArgumentException: ScreenCapture path must not be null or empty
at com.aventstack.extentreports.util.Assert.notEmpty(Assert.java:12)
at com.aventstack.extentreports.MediaEntityBuilder.createScreenCaptureFromPath(MediaEntityBuilder.java:34)
at com.aventstack.extentreports.MediaEntityBuilder.createScreenCaptureFromPath(MediaEntityBuilder.java:40)
at base.demoqaBase.tearDown(demoqaBase.java:64)
at java.base/jdk.internal.reflect.DirectMethodHandleAccessor.invoke(DirectMethodHandleAccessor.java:103)
at java.base/java.lang.reflect.Method.invoke(Method.java:580)
at org.testng.internal.invokers.MethodInvocationHelper.invokeMethod(MethodInvocationHelper.java:141)
at org.testng.internal.invokers.MethodInvocationHelper.invokeMethodConsideringTimeout(MethodInvocationHelper.java:71)
at org.testng.internal.invokers.ConfigInvoker.invokeConfigurationMethod(ConfigInvoker.java:400)
at org.testng.internal.invokers.ConfigInvoker.invokeConfigurations(ConfigInvoker.java:333)
at org.testng.internal.invokers.TestInvoker.runConfigMethods(TestInvoker.java:836)
at org.testng.internal.invokers.TestInvoker.runAfterConfigurations(TestInvoker.java:805)
at org.testng.internal.invokers.TestInvoker.invokeMethod(TestInvoker.java:781)
at org.testng.internal.invokers.TestInvoker.invokeTestMethod(TestInvoker.java:230)
at org.testng.internal.invokers.MethodRunner.runInSequence(MethodRunner.java:63)
at org.testng.internal.invokers.TestInvoker$MethodInvocationAgent.invoke(TestInvoker.java:995)
at org.testng.internal.invokers.TestInvoker.invokeTestMethods(TestInvoker.java:203)
at org.testng.internal.invokers.TestMethodWorker.invokeTestMethods(TestMethodWorker.java:154)
at org.testng.internal.invokers.TestMethodWorker.run(TestMethodWorker.java:134)
at java.base/java.util.ArrayList.forEach(ArrayList.java:1596)
at org.testng.TestRunner.privateRun(TestRunner.java:741)
at org.testng.TestRunner.run(TestRunner.java:616)
at org.testng.SuiteRunner.runTest(SuiteRunner.java:421)
at org.testng.SuiteRunner.runSequentially(SuiteRunner.java:413)
at org.testng.SuiteRunner.privateRun(SuiteRunner.java:373)
at org.testng.SuiteRunner.run(SuiteRunner.java:312)
at org.testng.SuiteRunnerWorker.runSuite(SuiteRunnerWorker.java:52)
at org.testng.SuiteRunnerWorker.run(SuiteRunnerWorker.java:95)
at org.testng.TestNG.runSuitesSequentially(TestNG.java:1274)
at org.testng.TestNG.runSuitesLocally(TestNG.java:1208)
at org.testng.TestNG.runSuites(TestNG.java:1112)
at org.testng.TestNG.run(TestNG.java:1079)
at org.apache.maven.surefire.testng.TestNGExecutor.run(TestNGExecutor.java:155)
at org.apache.maven.surefire.testng.TestNGDirectoryTestSuite.executeMulti(TestNGDirectoryTestSuite.java:169)
at org.apache.maven.surefire.testng.TestNGDirectoryTestSuite.execute(TestNGDirectoryTestSuite.java:88)
at org.apache.maven.surefire.testng.TestNGProvider.invoke(TestNGProvider.java:137)
at org.apache.maven.surefire.booter.ForkedBooter.runSuitesInProcess(ForkedBooter.java:385)
at org.apache.maven.surefire.booter.ForkedBooter.execute(ForkedBooter.java:162)
at org.apache.maven.surefire.booter.ForkedBooter.run(ForkedBooter.java:507)
at org.apache.maven.surefire.booter.ForkedBooter.main(ForkedBooter.java:495)
]]>
            </full-stacktrace>
          </exception> <!-- java.lang.IllegalArgumentException -->
          <reporter-output>
          </reporter-output>
        </test-method> <!-- tearDown -->
        <test-method is-config="true" signature="setup(java.lang.reflect.Method)[pri:0, instance:tests.AlertsFramesWindowsTests@6239aba6]" started-at="2025-09-19T12:06:25 IST" name="setup" finished-at="2025-09-19T12:06:42 IST" duration-ms="16557" status="PASS">
          <params>
            <param index="0">
              <value>
                <![CDATA[public void tests.AlertsFramesWindowsTests.GetParentFrame()]]>
              </value>
            </param>
          </params>
          <reporter-output>
          </reporter-output>
        </test-method> <!-- setup -->
        <test-method signature="GetParentFrame()[pri:14, instance:tests.AlertsFramesWindowsTests@6239aba6]" started-at="2025-09-19T12:06:42 IST" name="GetParentFrame" finished-at="2025-09-19T12:06:42 IST" duration-ms="0" status="SKIP">
          <exception class="java.lang.IllegalArgumentException">
            <message>
              <![CDATA[ScreenCapture path must not be null or empty]]>
            </message>
            <full-stacktrace>
              <![CDATA[java.lang.IllegalArgumentException: ScreenCapture path must not be null or empty
at com.aventstack.extentreports.util.Assert.notEmpty(Assert.java:12)
at com.aventstack.extentreports.MediaEntityBuilder.createScreenCaptureFromPath(MediaEntityBuilder.java:34)
at com.aventstack.extentreports.MediaEntityBuilder.createScreenCaptureFromPath(MediaEntityBuilder.java:40)
at base.demoqaBase.tearDown(demoqaBase.java:64)
at java.base/jdk.internal.reflect.DirectMethodHandleAccessor.invoke(DirectMethodHandleAccessor.java:103)
at java.base/java.lang.reflect.Method.invoke(Method.java:580)
at org.testng.internal.invokers.MethodInvocationHelper.invokeMethod(MethodInvocationHelper.java:141)
at org.testng.internal.invokers.MethodInvocationHelper.invokeMethodConsideringTimeout(MethodInvocationHelper.java:71)
at org.testng.internal.invokers.ConfigInvoker.invokeConfigurationMethod(ConfigInvoker.java:400)
at org.testng.internal.invokers.ConfigInvoker.invokeConfigurations(ConfigInvoker.java:333)
at org.testng.internal.invokers.TestInvoker.runConfigMethods(TestInvoker.java:836)
at org.testng.internal.invokers.TestInvoker.runAfterConfigurations(TestInvoker.java:805)
at org.testng.internal.invokers.TestInvoker.invokeMethod(TestInvoker.java:781)
at org.testng.internal.invokers.TestInvoker.invokeTestMethod(TestInvoker.java:230)
at org.testng.internal.invokers.MethodRunner.runInSequence(MethodRunner.java:63)
at org.testng.internal.invokers.TestInvoker$MethodInvocationAgent.invoke(TestInvoker.java:995)
at org.testng.internal.invokers.TestInvoker.invokeTestMethods(TestInvoker.java:203)
at org.testng.internal.invokers.TestMethodWorker.invokeTestMethods(TestMethodWorker.java:154)
at org.testng.internal.invokers.TestMethodWorker.run(TestMethodWorker.java:134)
at java.base/java.util.ArrayList.forEach(ArrayList.java:1596)
at org.testng.TestRunner.privateRun(TestRunner.java:741)
at org.testng.TestRunner.run(TestRunner.java:616)
at org.testng.SuiteRunner.runTest(SuiteRunner.java:421)
at org.testng.SuiteRunner.runSequentially(SuiteRunner.java:413)
at org.testng.SuiteRunner.privateRun(SuiteRunner.java:373)
at org.testng.SuiteRunner.run(SuiteRunner.java:312)
at org.testng.SuiteRunnerWorker.runSuite(SuiteRunnerWorker.java:52)
at org.testng.SuiteRunnerWorker.run(SuiteRunnerWorker.java:95)
at org.testng.TestNG.runSuitesSequentially(TestNG.java:1274)
at org.testng.TestNG.runSuitesLocally(TestNG.java:1208)
at org.testng.TestNG.runSuites(TestNG.java:1112)
at org.testng.TestNG.run(TestNG.java:1079)
at org.apache.maven.surefire.testng.TestNGExecutor.run(TestNGExecutor.java:155)
at org.apache.maven.surefire.testng.TestNGDirectoryTestSuite.executeMulti(TestNGDirectoryTestSuite.java:169)
at org.apache.maven.surefire.testng.TestNGDirectoryTestSuite.execute(TestNGDirectoryTestSuite.java:88)
at org.apache.maven.surefire.testng.TestNGProvider.invoke(TestNGProvider.java:137)
at org.apache.maven.surefire.booter.ForkedBooter.runSuitesInProcess(ForkedBooter.java:385)
at org.apache.maven.surefire.booter.ForkedBooter.execute(ForkedBooter.java:162)
at org.apache.maven.surefire.booter.ForkedBooter.run(ForkedBooter.java:507)
at org.apache.maven.surefire.booter.ForkedBooter.main(ForkedBooter.java:495)
]]>
            </full-stacktrace>
          </exception> <!-- java.lang.IllegalArgumentException -->
          <reporter-output>
          </reporter-output>
        </test-method> <!-- GetParentFrame -->
        <test-method is-config="true" signature="tearDown(org.testng.ITestResult)[pri:0, instance:tests.AlertsFramesWindowsTests@6239aba6]" started-at="2025-09-19T12:06:42 IST" name="tearDown" finished-at="2025-09-19T12:06:42 IST" duration-ms="328" status="PASS">
          <params>
            <param index="0">
              <value>
                <![CDATA[[TestResult name=GetParentFrame status=SKIP method=AlertsFramesWindowsTests.GetParentFrame()[pri:14, instance:tests.AlertsFramesWindowsTests@6239aba6] output={null}]]]>
              </value>
            </param>
          </params>
          <reporter-output>
          </reporter-output>
        </test-method> <!-- tearDown -->
        <test-method is-config="true" signature="setup(java.lang.reflect.Method)[pri:0, instance:tests.AlertsFramesWindowsTests@6239aba6]" started-at="2025-09-19T12:06:42 IST" name="setup" finished-at="2025-09-19T12:07:18 IST" duration-ms="35584" status="PASS">
          <params>
            <param index="0">
              <value>
                <![CDATA[public void tests.AlertsFramesWindowsTests.GetChildFrame()]]>
              </value>
            </param>
          </params>
          <reporter-output>
          </reporter-output>
        </test-method> <!-- setup -->
        <test-method signature="GetChildFrame()[pri:15, instance:tests.AlertsFramesWindowsTests@6239aba6]" started-at="2025-09-19T12:07:18 IST" name="GetChildFrame" finished-at="2025-09-19T12:07:18 IST" duration-ms="0" status="SKIP">
          <exception class="java.lang.IllegalArgumentException">
            <message>
              <![CDATA[ScreenCapture path must not be null or empty]]>
            </message>
            <full-stacktrace>
              <![CDATA[java.lang.IllegalArgumentException: ScreenCapture path must not be null or empty
at com.aventstack.extentreports.util.Assert.notEmpty(Assert.java:12)
at com.aventstack.extentreports.MediaEntityBuilder.createScreenCaptureFromPath(MediaEntityBuilder.java:34)
at com.aventstack.extentreports.MediaEntityBuilder.createScreenCaptureFromPath(MediaEntityBuilder.java:40)
at base.demoqaBase.tearDown(demoqaBase.java:64)
at java.base/jdk.internal.reflect.DirectMethodHandleAccessor.invoke(DirectMethodHandleAccessor.java:103)
at java.base/java.lang.reflect.Method.invoke(Method.java:580)
at org.testng.internal.invokers.MethodInvocationHelper.invokeMethod(MethodInvocationHelper.java:141)
at org.testng.internal.invokers.MethodInvocationHelper.invokeMethodConsideringTimeout(MethodInvocationHelper.java:71)
at org.testng.internal.invokers.ConfigInvoker.invokeConfigurationMethod(ConfigInvoker.java:400)
at org.testng.internal.invokers.ConfigInvoker.invokeConfigurations(ConfigInvoker.java:333)
at org.testng.internal.invokers.TestInvoker.runConfigMethods(TestInvoker.java:836)
at org.testng.internal.invokers.TestInvoker.runAfterConfigurations(TestInvoker.java:805)
at org.testng.internal.invokers.TestInvoker.invokeMethod(TestInvoker.java:781)
at org.testng.internal.invokers.TestInvoker.invokeTestMethod(TestInvoker.java:230)
at org.testng.internal.invokers.MethodRunner.runInSequence(MethodRunner.java:63)
at org.testng.internal.invokers.TestInvoker$MethodInvocationAgent.invoke(TestInvoker.java:995)
at org.testng.internal.invokers.TestInvoker.invokeTestMethods(TestInvoker.java:203)
at org.testng.internal.invokers.TestMethodWorker.invokeTestMethods(TestMethodWorker.java:154)
at org.testng.internal.invokers.TestMethodWorker.run(TestMethodWorker.java:134)
at java.base/java.util.ArrayList.forEach(ArrayList.java:1596)
at org.testng.TestRunner.privateRun(TestRunner.java:741)
at org.testng.TestRunner.run(TestRunner.java:616)
at org.testng.SuiteRunner.runTest(SuiteRunner.java:421)
at org.testng.SuiteRunner.runSequentially(SuiteRunner.java:413)
at org.testng.SuiteRunner.privateRun(SuiteRunner.java:373)
at org.testng.SuiteRunner.run(SuiteRunner.java:312)
at org.testng.SuiteRunnerWorker.runSuite(SuiteRunnerWorker.java:52)
at org.testng.SuiteRunnerWorker.run(SuiteRunnerWorker.java:95)
at org.testng.TestNG.runSuitesSequentially(TestNG.java:1274)
at org.testng.TestNG.runSuitesLocally(TestNG.java:1208)
at org.testng.TestNG.runSuites(TestNG.java:1112)
at org.testng.TestNG.run(TestNG.java:1079)
at org.apache.maven.surefire.testng.TestNGExecutor.run(TestNGExecutor.java:155)
at org.apache.maven.surefire.testng.TestNGDirectoryTestSuite.executeMulti(TestNGDirectoryTestSuite.java:169)
at org.apache.maven.surefire.testng.TestNGDirectoryTestSuite.execute(TestNGDirectoryTestSuite.java:88)
at org.apache.maven.surefire.testng.TestNGProvider.invoke(TestNGProvider.java:137)
at org.apache.maven.surefire.booter.ForkedBooter.runSuitesInProcess(ForkedBooter.java:385)
at org.apache.maven.surefire.booter.ForkedBooter.execute(ForkedBooter.java:162)
at org.apache.maven.surefire.booter.ForkedBooter.run(ForkedBooter.java:507)
at org.apache.maven.surefire.booter.ForkedBooter.main(ForkedBooter.java:495)
]]>
            </full-stacktrace>
          </exception> <!-- java.lang.IllegalArgumentException -->
          <reporter-output>
          </reporter-output>
        </test-method> <!-- GetChildFrame -->
        <test-method is-config="true" signature="tearDown(org.testng.ITestResult)[pri:0, instance:tests.AlertsFramesWindowsTests@6239aba6]" started-at="2025-09-19T12:07:18 IST" name="tearDown" finished-at="2025-09-19T12:07:18 IST" duration-ms="286" status="PASS">
          <params>
            <param index="0">
              <value>
                <![CDATA[[TestResult name=GetChildFrame status=SKIP method=AlertsFramesWindowsTests.GetChildFrame()[pri:15, instance:tests.AlertsFramesWindowsTests@6239aba6] output={null}]]]>
              </value>
            </param>
          </params>
          <reporter-output>
          </reporter-output>
        </test-method> <!-- tearDown -->
        <test-method is-config="true" signature="teardownSuite()[pri:0, instance:tests.AlertsFramesWindowsTests@6239aba6]" started-at="2025-09-19T13:04:39 IST" name="teardownSuite" finished-at="2025-09-19T13:05:01 IST" duration-ms="21584" status="PASS">
          <reporter-output>
          </reporter-output>
        </test-method> <!-- teardownSuite -->
      </class> <!-- tests.AlertsFramesWindowsTests -->
    </test> <!-- Surefire test -->
  </suite> <!-- Surefire suite -->
</testng-results>
