<?xml version="1.0" encoding="UTF-8"?>
<testng-results ignored="0" total="28" passed="28" failed="0" skipped="0">
  <reporter-output>
  </reporter-output>
  <suite started-at="2025-07-29T11:09:08 IST" name="Surefire suite" finished-at="2025-07-29T11:15:14 IST" duration-ms="365866">
    <groups>
    </groups>
    <test started-at="2025-07-29T11:09:08 IST" name="Surefire test" finished-at="2025-07-29T11:15:14 IST" duration-ms="365866">
      <class name="tests.FormTests">
        <test-method is-config="true" signature="setUP()[pri:0, instance:tests.FormTests@130161f7]" started-at="2025-07-29T11:14:16 IST" name="setUP" finished-at="2025-07-29T11:14:22 IST" duration-ms="5513" status="PASS">
          <reporter-output>
          </reporter-output>
        </test-method> <!-- setUP -->
        <test-method signature="FormCard()[pri:1, instance:tests.FormTests@130161f7]" started-at="2025-07-29T11:14:22 IST" name="FormCard" finished-at="2025-07-29T11:14:23 IST" duration-ms="956" status="PASS">
          <reporter-output>
          </reporter-output>
        </test-method> <!-- FormCard -->
        <test-method is-config="true" signature="TearDown(org.testng.ITestResult)[pri:0, instance:tests.FormTests@130161f7]" started-at="2025-07-29T11:14:23 IST" name="TearDown" finished-at="2025-07-29T11:14:23 IST" duration-ms="3" status="PASS">
          <params>
            <param index="0">
              <value>
                <![CDATA[[TestResult name=FormCard status=SUCCESS method=FormTests.FormCard()[pri:1, instance:tests.FormTests@130161f7] output={null}]]]>
              </value>
            </param>
          </params>
          <reporter-output>
          </reporter-output>
        </test-method> <!-- TearDown -->
        <test-method is-config="true" signature="setUP()[pri:0, instance:tests.FormTests@130161f7]" started-at="2025-07-29T11:14:25 IST" name="setUP" finished-at="2025-07-29T11:14:32 IST" duration-ms="7270" status="PASS">
          <reporter-output>
          </reporter-output>
        </test-method> <!-- setUP -->
        <test-method signature="fillForm(models.UserFormData)[pri:2, instance:tests.FormTests@130161f7]" started-at="2025-07-29T11:14:32 IST" name="fillForm" data-provider="UserFormData1" finished-at="2025-07-29T11:14:37 IST" duration-ms="4972" status="PASS">
          <params>
            <param index="0">
              <value>
                <![CDATA[models.UserFormData@72b1df49]]>
              </value>
            </param>
          </params>
          <reporter-output>
          </reporter-output>
        </test-method> <!-- fillForm -->
        <test-method is-config="true" signature="TearDown(org.testng.ITestResult)[pri:0, instance:tests.FormTests@130161f7]" started-at="2025-07-29T11:14:37 IST" name="TearDown" finished-at="2025-07-29T11:14:37 IST" duration-ms="350" status="PASS">
          <params>
            <param index="0">
              <value>
                <![CDATA[[TestResult name=fillForm status=SUCCESS method=FormTests.fillForm(models.UserFormData)[pri:2, instance:tests.FormTests@130161f7] output={null}]]]>
              </value>
            </param>
          </params>
          <reporter-output>
          </reporter-output>
        </test-method> <!-- TearDown -->
        <test-method is-config="true" signature="setUP()[pri:0, instance:tests.FormTests@130161f7]" started-at="2025-07-29T11:14:37 IST" name="setUP" finished-at="2025-07-29T11:14:44 IST" duration-ms="6389" status="PASS">
          <reporter-output>
          </reporter-output>
        </test-method> <!-- setUP -->
        <test-method signature="fillForm(models.UserFormData)[pri:2, instance:tests.FormTests@130161f7]" started-at="2025-07-29T11:14:44 IST" name="fillForm" data-provider="UserFormData1" finished-at="2025-07-29T11:14:50 IST" duration-ms="5886" status="PASS">
          <params>
            <param index="0">
              <value>
                <![CDATA[models.UserFormData@6d5de79a]]>
              </value>
            </param>
          </params>
          <reporter-output>
          </reporter-output>
        </test-method> <!-- fillForm -->
        <test-method is-config="true" signature="TearDown(org.testng.ITestResult)[pri:0, instance:tests.FormTests@130161f7]" started-at="2025-07-29T11:14:50 IST" name="TearDown" finished-at="2025-07-29T11:14:50 IST" duration-ms="278" status="PASS">
          <params>
            <param index="0">
              <value>
                <![CDATA[[TestResult name=fillForm status=SUCCESS method=FormTests.fillForm(models.UserFormData)[pri:2, instance:tests.FormTests@130161f7] output={null}]]]>
              </value>
            </param>
          </params>
          <reporter-output>
          </reporter-output>
        </test-method> <!-- TearDown -->
        <test-method is-config="true" signature="setUP()[pri:0, instance:tests.FormTests@130161f7]" started-at="2025-07-29T11:14:50 IST" name="setUP" finished-at="2025-07-29T11:14:58 IST" duration-ms="7931" status="PASS">
          <reporter-output>
          </reporter-output>
        </test-method> <!-- setUP -->
        <test-method signature="fillForm(models.UserFormData)[pri:2, instance:tests.FormTests@130161f7]" started-at="2025-07-29T11:14:58 IST" name="fillForm" data-provider="UserFormData1" finished-at="2025-07-29T11:15:02 IST" duration-ms="3789" status="PASS">
          <params>
            <param index="0">
              <value>
                <![CDATA[models.UserFormData@5e5d40ec]]>
              </value>
            </param>
          </params>
          <reporter-output>
          </reporter-output>
        </test-method> <!-- fillForm -->
        <test-method is-config="true" signature="TearDown(org.testng.ITestResult)[pri:0, instance:tests.FormTests@130161f7]" started-at="2025-07-29T11:15:02 IST" name="TearDown" finished-at="2025-07-29T11:15:02 IST" duration-ms="332" status="PASS">
          <params>
            <param index="0">
              <value>
                <![CDATA[[TestResult name=fillForm status=SUCCESS method=FormTests.fillForm(models.UserFormData)[pri:2, instance:tests.FormTests@130161f7] output={null}]]]>
              </value>
            </param>
          </params>
          <reporter-output>
          </reporter-output>
        </test-method> <!-- TearDown -->
        <test-method is-config="true" signature="setUP()[pri:0, instance:tests.FormTests@130161f7]" started-at="2025-07-29T11:15:02 IST" name="setUP" finished-at="2025-07-29T11:15:07 IST" duration-ms="5326" status="PASS">
          <reporter-output>
          </reporter-output>
        </test-method> <!-- setUP -->
        <test-method signature="fillForm(models.UserFormData)[pri:2, instance:tests.FormTests@130161f7]" started-at="2025-07-29T11:15:07 IST" name="fillForm" data-provider="UserFormData1" finished-at="2025-07-29T11:15:13 IST" duration-ms="6094" status="PASS">
          <params>
            <param index="0">
              <value>
                <![CDATA[models.UserFormData@5fa9971f]]>
              </value>
            </param>
          </params>
          <reporter-output>
          </reporter-output>
        </test-method> <!-- fillForm -->
        <test-method is-config="true" signature="TearDown(org.testng.ITestResult)[pri:0, instance:tests.FormTests@130161f7]" started-at="2025-07-29T11:15:13 IST" name="TearDown" finished-at="2025-07-29T11:15:14 IST" duration-ms="424" status="PASS">
          <params>
            <param index="0">
              <value>
                <![CDATA[[TestResult name=fillForm status=SUCCESS method=FormTests.fillForm(models.UserFormData)[pri:2, instance:tests.FormTests@130161f7] output={null}]]]>
              </value>
            </param>
          </params>
          <reporter-output>
          </reporter-output>
        </test-method> <!-- TearDown -->
      </class> <!-- tests.FormTests -->
      <class name="tests.ElementsTests">
        <test-method is-config="true" signature="setUP()[pri:0, instance:tests.ElementsTests@c33b74f]" started-at="2025-07-29T11:09:18 IST" name="setUP" finished-at="2025-07-29T11:09:24 IST" duration-ms="6132" status="PASS">
          <reporter-output>
          </reporter-output>
        </test-method> <!-- setUP -->
        <test-method signature="ElementsCard()[pri:1, instance:tests.ElementsTests@c33b74f]" started-at="2025-07-29T11:09:24 IST" name="ElementsCard" finished-at="2025-07-29T11:09:24 IST" duration-ms="393" status="PASS">
          <reporter-output>
          </reporter-output>
        </test-method> <!-- ElementsCard -->
        <test-method is-config="true" signature="TearDown(org.testng.ITestResult)[pri:0, instance:tests.ElementsTests@c33b74f]" started-at="2025-07-29T11:09:24 IST" name="TearDown" finished-at="2025-07-29T11:09:24 IST" duration-ms="13" status="PASS">
          <params>
            <param index="0">
              <value>
                <![CDATA[[TestResult name=ElementsCard status=SUCCESS method=ElementsTests.ElementsCard()[pri:1, instance:tests.ElementsTests@c33b74f] output={null}]]]>
              </value>
            </param>
          </params>
          <reporter-output>
          </reporter-output>
        </test-method> <!-- TearDown -->
        <test-method is-config="true" signature="setUP()[pri:0, instance:tests.ElementsTests@c33b74f]" started-at="2025-07-29T11:09:24 IST" name="setUP" finished-at="2025-07-29T11:09:34 IST" duration-ms="9204" status="PASS">
          <reporter-output>
          </reporter-output>
        </test-method> <!-- setUP -->
        <test-method signature="TextBox()[pri:2, instance:tests.ElementsTests@c33b74f]" started-at="2025-07-29T11:09:34 IST" name="TextBox" finished-at="2025-07-29T11:09:36 IST" duration-ms="2669" status="PASS">
          <reporter-output>
          </reporter-output>
        </test-method> <!-- TextBox -->
        <test-method is-config="true" signature="TearDown(org.testng.ITestResult)[pri:0, instance:tests.ElementsTests@c33b74f]" started-at="2025-07-29T11:09:36 IST" name="TearDown" finished-at="2025-07-29T11:09:37 IST" duration-ms="310" status="PASS">
          <params>
            <param index="0">
              <value>
                <![CDATA[[TestResult name=TextBox status=SUCCESS method=ElementsTests.TextBox()[pri:2, instance:tests.ElementsTests@c33b74f] output={null}]]]>
              </value>
            </param>
          </params>
          <reporter-output>
          </reporter-output>
        </test-method> <!-- TearDown -->
        <test-method is-config="true" signature="setUP()[pri:0, instance:tests.ElementsTests@c33b74f]" started-at="2025-07-29T11:09:37 IST" name="setUP" finished-at="2025-07-29T11:09:42 IST" duration-ms="5061" status="PASS">
          <reporter-output>
          </reporter-output>
        </test-method> <!-- setUP -->
        <test-method signature="CheckBox()[pri:3, instance:tests.ElementsTests@c33b74f]" started-at="2025-07-29T11:09:42 IST" name="CheckBox" finished-at="2025-07-29T11:09:43 IST" duration-ms="987" status="PASS">
          <reporter-output>
          </reporter-output>
        </test-method> <!-- CheckBox -->
        <test-method is-config="true" signature="TearDown(org.testng.ITestResult)[pri:0, instance:tests.ElementsTests@c33b74f]" started-at="2025-07-29T11:09:43 IST" name="TearDown" finished-at="2025-07-29T11:09:43 IST" duration-ms="1" status="PASS">
          <params>
            <param index="0">
              <value>
                <![CDATA[[TestResult name=CheckBox status=SUCCESS method=ElementsTests.CheckBox()[pri:3, instance:tests.ElementsTests@c33b74f] output={null}]]]>
              </value>
            </param>
          </params>
          <reporter-output>
          </reporter-output>
        </test-method> <!-- TearDown -->
        <test-method is-config="true" signature="setUP()[pri:0, instance:tests.ElementsTests@c33b74f]" started-at="2025-07-29T11:09:43 IST" name="setUP" finished-at="2025-07-29T11:10:04 IST" duration-ms="21068" status="PASS">
          <reporter-output>
          </reporter-output>
        </test-method> <!-- setUP -->
        <test-method signature="SelectingHomeCheckBox()[pri:4, instance:tests.ElementsTests@c33b74f]" started-at="2025-07-29T11:10:04 IST" name="SelectingHomeCheckBox" finished-at="2025-07-29T11:10:04 IST" duration-ms="769" status="PASS">
          <reporter-output>
          </reporter-output>
        </test-method> <!-- SelectingHomeCheckBox -->
        <test-method is-config="true" signature="TearDown(org.testng.ITestResult)[pri:0, instance:tests.ElementsTests@c33b74f]" started-at="2025-07-29T11:10:04 IST" name="TearDown" finished-at="2025-07-29T11:10:04 IST" duration-ms="2" status="PASS">
          <params>
            <param index="0">
              <value>
                <![CDATA[[TestResult name=SelectingHomeCheckBox status=SUCCESS method=ElementsTests.SelectingHomeCheckBox()[pri:4, instance:tests.ElementsTests@c33b74f] output={null}]]]>
              </value>
            </param>
          </params>
          <reporter-output>
          </reporter-output>
        </test-method> <!-- TearDown -->
        <test-method is-config="true" signature="setUP()[pri:0, instance:tests.ElementsTests@c33b74f]" started-at="2025-07-29T11:10:04 IST" name="setUP" finished-at="2025-07-29T11:10:16 IST" duration-ms="11654" status="PASS">
          <reporter-output>
          </reporter-output>
        </test-method> <!-- setUP -->
        <test-method signature="SelectingDesktopCheckBox()[pri:5, instance:tests.ElementsTests@c33b74f]" started-at="2025-07-29T11:10:16 IST" name="SelectingDesktopCheckBox" finished-at="2025-07-29T11:10:17 IST" duration-ms="702" status="PASS">
          <reporter-output>
          </reporter-output>
        </test-method> <!-- SelectingDesktopCheckBox -->
        <test-method is-config="true" signature="TearDown(org.testng.ITestResult)[pri:0, instance:tests.ElementsTests@c33b74f]" started-at="2025-07-29T11:10:17 IST" name="TearDown" finished-at="2025-07-29T11:10:17 IST" duration-ms="0" status="PASS">
          <params>
            <param index="0">
              <value>
                <![CDATA[[TestResult name=SelectingDesktopCheckBox status=SUCCESS method=ElementsTests.SelectingDesktopCheckBox()[pri:5, instance:tests.ElementsTests@c33b74f] output={null}]]]>
              </value>
            </param>
          </params>
          <reporter-output>
          </reporter-output>
        </test-method> <!-- TearDown -->
        <test-method is-config="true" signature="setUP()[pri:0, instance:tests.ElementsTests@c33b74f]" started-at="2025-07-29T11:10:17 IST" name="setUP" finished-at="2025-07-29T11:10:19 IST" duration-ms="2192" status="PASS">
          <reporter-output>
          </reporter-output>
        </test-method> <!-- setUP -->
        <test-method signature="SelectingNotesCommandsClick()[pri:6, instance:tests.ElementsTests@c33b74f]" started-at="2025-07-29T11:10:19 IST" name="SelectingNotesCommandsClick" finished-at="2025-07-29T11:10:27 IST" duration-ms="8447" status="PASS">
          <reporter-output>
          </reporter-output>
        </test-method> <!-- SelectingNotesCommandsClick -->
        <test-method is-config="true" signature="TearDown(org.testng.ITestResult)[pri:0, instance:tests.ElementsTests@c33b74f]" started-at="2025-07-29T11:10:27 IST" name="TearDown" finished-at="2025-07-29T11:10:27 IST" duration-ms="2" status="PASS">
          <params>
            <param index="0">
              <value>
                <![CDATA[[TestResult name=SelectingNotesCommandsClick status=SUCCESS method=ElementsTests.SelectingNotesCommandsClick()[pri:6, instance:tests.ElementsTests@c33b74f] output={null}]]]>
              </value>
            </param>
          </params>
          <reporter-output>
          </reporter-output>
        </test-method> <!-- TearDown -->
        <test-method is-config="true" signature="setUP()[pri:0, instance:tests.ElementsTests@c33b74f]" started-at="2025-07-29T11:10:27 IST" name="setUP" finished-at="2025-07-29T11:10:51 IST" duration-ms="23329" status="PASS">
          <reporter-output>
          </reporter-output>
        </test-method> <!-- setUP -->
        <test-method signature="SelectingDocumentsCheckBox()[pri:7, instance:tests.ElementsTests@c33b74f]" started-at="2025-07-29T11:10:51 IST" name="SelectingDocumentsCheckBox" finished-at="2025-07-29T11:10:52 IST" duration-ms="902" status="PASS">
          <reporter-output>
          </reporter-output>
        </test-method> <!-- SelectingDocumentsCheckBox -->
        <test-method is-config="true" signature="TearDown(org.testng.ITestResult)[pri:0, instance:tests.ElementsTests@c33b74f]" started-at="2025-07-29T11:10:52 IST" name="TearDown" finished-at="2025-07-29T11:10:52 IST" duration-ms="2" status="PASS">
          <params>
            <param index="0">
              <value>
                <![CDATA[[TestResult name=SelectingDocumentsCheckBox status=SUCCESS method=ElementsTests.SelectingDocumentsCheckBox()[pri:7, instance:tests.ElementsTests@c33b74f] output={null}]]]>
              </value>
            </param>
          </params>
          <reporter-output>
          </reporter-output>
        </test-method> <!-- TearDown -->
        <test-method is-config="true" signature="setUP()[pri:0, instance:tests.ElementsTests@c33b74f]" started-at="2025-07-29T11:10:52 IST" name="setUP" finished-at="2025-07-29T11:11:00 IST" duration-ms="8692" status="PASS">
          <reporter-output>
          </reporter-output>
        </test-method> <!-- setUP -->
        <test-method signature="SelectingWorkSpace()[pri:8, instance:tests.ElementsTests@c33b74f]" started-at="2025-07-29T11:11:00 IST" name="SelectingWorkSpace" finished-at="2025-07-29T11:11:02 IST" duration-ms="1406" status="PASS">
          <reporter-output>
          </reporter-output>
        </test-method> <!-- SelectingWorkSpace -->
        <test-method is-config="true" signature="TearDown(org.testng.ITestResult)[pri:0, instance:tests.ElementsTests@c33b74f]" started-at="2025-07-29T11:11:02 IST" name="TearDown" finished-at="2025-07-29T11:11:02 IST" duration-ms="2" status="PASS">
          <params>
            <param index="0">
              <value>
                <![CDATA[[TestResult name=SelectingWorkSpace status=SUCCESS method=ElementsTests.SelectingWorkSpace()[pri:8, instance:tests.ElementsTests@c33b74f] output={null}]]]>
              </value>
            </param>
          </params>
          <reporter-output>
          </reporter-output>
        </test-method> <!-- TearDown -->
        <test-method is-config="true" signature="setUP()[pri:0, instance:tests.ElementsTests@c33b74f]" started-at="2025-07-29T11:11:02 IST" name="setUP" finished-at="2025-07-29T11:11:09 IST" duration-ms="7179" status="PASS">
          <reporter-output>
          </reporter-output>
        </test-method> <!-- setUP -->
        <test-method signature="SelectReact()[pri:9, instance:tests.ElementsTests@c33b74f]" started-at="2025-07-29T11:11:09 IST" name="SelectReact" finished-at="2025-07-29T11:11:10 IST" duration-ms="1549" status="PASS">
          <reporter-output>
          </reporter-output>
        </test-method> <!-- SelectReact -->
        <test-method is-config="true" signature="TearDown(org.testng.ITestResult)[pri:0, instance:tests.ElementsTests@c33b74f]" started-at="2025-07-29T11:11:10 IST" name="TearDown" finished-at="2025-07-29T11:11:10 IST" duration-ms="1" status="PASS">
          <params>
            <param index="0">
              <value>
                <![CDATA[[TestResult name=SelectReact status=SUCCESS method=ElementsTests.SelectReact()[pri:9, instance:tests.ElementsTests@c33b74f] output={null}]]]>
              </value>
            </param>
          </params>
          <reporter-output>
          </reporter-output>
        </test-method> <!-- TearDown -->
        <test-method is-config="true" signature="setUP()[pri:0, instance:tests.ElementsTests@c33b74f]" started-at="2025-07-29T11:11:10 IST" name="setUP" finished-at="2025-07-29T11:11:35 IST" duration-ms="24292" status="PASS">
          <reporter-output>
          </reporter-output>
        </test-method> <!-- setUP -->
        <test-method signature="SelectAngular()[pri:10, instance:tests.ElementsTests@c33b74f]" started-at="2025-07-29T11:11:35 IST" name="SelectAngular" finished-at="2025-07-29T11:11:36 IST" duration-ms="1272" status="PASS">
          <reporter-output>
          </reporter-output>
        </test-method> <!-- SelectAngular -->
        <test-method is-config="true" signature="TearDown(org.testng.ITestResult)[pri:0, instance:tests.ElementsTests@c33b74f]" started-at="2025-07-29T11:11:36 IST" name="TearDown" finished-at="2025-07-29T11:11:36 IST" duration-ms="1" status="PASS">
          <params>
            <param index="0">
              <value>
                <![CDATA[[TestResult name=SelectAngular status=SUCCESS method=ElementsTests.SelectAngular()[pri:10, instance:tests.ElementsTests@c33b74f] output={null}]]]>
              </value>
            </param>
          </params>
          <reporter-output>
          </reporter-output>
        </test-method> <!-- TearDown -->
        <test-method is-config="true" signature="setUP()[pri:0, instance:tests.ElementsTests@c33b74f]" started-at="2025-07-29T11:11:36 IST" name="setUP" finished-at="2025-07-29T11:12:02 IST" duration-ms="26117" status="PASS">
          <reporter-output>
          </reporter-output>
        </test-method> <!-- setUP -->
        <test-method signature="SelectVeu()[pri:11, instance:tests.ElementsTests@c33b74f]" started-at="2025-07-29T11:12:02 IST" name="SelectVeu" finished-at="2025-07-29T11:12:03 IST" duration-ms="997" status="PASS">
          <reporter-output>
          </reporter-output>
        </test-method> <!-- SelectVeu -->
        <test-method is-config="true" signature="TearDown(org.testng.ITestResult)[pri:0, instance:tests.ElementsTests@c33b74f]" started-at="2025-07-29T11:12:03 IST" name="TearDown" finished-at="2025-07-29T11:12:03 IST" duration-ms="1" status="PASS">
          <params>
            <param index="0">
              <value>
                <![CDATA[[TestResult name=SelectVeu status=SUCCESS method=ElementsTests.SelectVeu()[pri:11, instance:tests.ElementsTests@c33b74f] output={null}]]]>
              </value>
            </param>
          </params>
          <reporter-output>
          </reporter-output>
        </test-method> <!-- TearDown -->
        <test-method is-config="true" signature="setUP()[pri:0, instance:tests.ElementsTests@c33b74f]" started-at="2025-07-29T11:12:03 IST" name="setUP" finished-at="2025-07-29T11:12:12 IST" duration-ms="8403" status="PASS">
          <reporter-output>
          </reporter-output>
        </test-method> <!-- setUP -->
        <test-method signature="SelectReactAnuglarVeu()[pri:12, instance:tests.ElementsTests@c33b74f]" started-at="2025-07-29T11:12:12 IST" name="SelectReactAnuglarVeu" finished-at="2025-07-29T11:12:13 IST" duration-ms="1760" status="PASS">
          <reporter-output>
          </reporter-output>
        </test-method> <!-- SelectReactAnuglarVeu -->
        <test-method is-config="true" signature="TearDown(org.testng.ITestResult)[pri:0, instance:tests.ElementsTests@c33b74f]" started-at="2025-07-29T11:12:13 IST" name="TearDown" finished-at="2025-07-29T11:12:13 IST" duration-ms="1" status="PASS">
          <params>
            <param index="0">
              <value>
                <![CDATA[[TestResult name=SelectReactAnuglarVeu status=SUCCESS method=ElementsTests.SelectReactAnuglarVeu()[pri:12, instance:tests.ElementsTests@c33b74f] output={null}]]]>
              </value>
            </param>
          </params>
          <reporter-output>
          </reporter-output>
        </test-method> <!-- TearDown -->
        <test-method is-config="true" signature="setUP()[pri:0, instance:tests.ElementsTests@c33b74f]" started-at="2025-07-29T11:12:13 IST" name="setUP" finished-at="2025-07-29T11:12:16 IST" duration-ms="2153" status="PASS">
          <reporter-output>
          </reporter-output>
        </test-method> <!-- setUP -->
        <test-method signature="SelectingOffice()[pri:13, instance:tests.ElementsTests@c33b74f]" started-at="2025-07-29T11:12:16 IST" name="SelectingOffice" finished-at="2025-07-29T11:12:23 IST" duration-ms="7803" status="PASS">
          <reporter-output>
          </reporter-output>
        </test-method> <!-- SelectingOffice -->
        <test-method is-config="true" signature="TearDown(org.testng.ITestResult)[pri:0, instance:tests.ElementsTests@c33b74f]" started-at="2025-07-29T11:12:23 IST" name="TearDown" finished-at="2025-07-29T11:12:23 IST" duration-ms="7" status="PASS">
          <params>
            <param index="0">
              <value>
                <![CDATA[[TestResult name=SelectingOffice status=SUCCESS method=ElementsTests.SelectingOffice()[pri:13, instance:tests.ElementsTests@c33b74f] output={null}]]]>
              </value>
            </param>
          </params>
          <reporter-output>
          </reporter-output>
        </test-method> <!-- TearDown -->
        <test-method is-config="true" signature="setUP()[pri:0, instance:tests.ElementsTests@c33b74f]" started-at="2025-07-29T11:12:23 IST" name="setUP" finished-at="2025-07-29T11:12:28 IST" duration-ms="4836" status="PASS">
          <reporter-output>
          </reporter-output>
        </test-method> <!-- setUP -->
        <test-method signature="SelectPublic()[pri:14, instance:tests.ElementsTests@c33b74f]" started-at="2025-07-29T11:12:28 IST" name="SelectPublic" finished-at="2025-07-29T11:12:52 IST" duration-ms="24117" status="PASS">
          <reporter-output>
          </reporter-output>
        </test-method> <!-- SelectPublic -->
        <test-method is-config="true" signature="TearDown(org.testng.ITestResult)[pri:0, instance:tests.ElementsTests@c33b74f]" started-at="2025-07-29T11:12:52 IST" name="TearDown" finished-at="2025-07-29T11:12:52 IST" duration-ms="6" status="PASS">
          <params>
            <param index="0">
              <value>
                <![CDATA[[TestResult name=SelectPublic status=SUCCESS method=ElementsTests.SelectPublic()[pri:14, instance:tests.ElementsTests@c33b74f] output={null}]]]>
              </value>
            </param>
          </params>
          <reporter-output>
          </reporter-output>
        </test-method> <!-- TearDown -->
        <test-method is-config="true" signature="setUP()[pri:0, instance:tests.ElementsTests@c33b74f]" started-at="2025-07-29T11:12:52 IST" name="setUP" finished-at="2025-07-29T11:13:02 IST" duration-ms="9698" status="PASS">
          <reporter-output>
          </reporter-output>
        </test-method> <!-- setUP -->
        <test-method signature="SelectPrivate()[pri:15, instance:tests.ElementsTests@c33b74f]" started-at="2025-07-29T11:13:02 IST" name="SelectPrivate" finished-at="2025-07-29T11:13:04 IST" duration-ms="2117" status="PASS">
          <reporter-output>
          </reporter-output>
        </test-method> <!-- SelectPrivate -->
        <test-method is-config="true" signature="TearDown(org.testng.ITestResult)[pri:0, instance:tests.ElementsTests@c33b74f]" started-at="2025-07-29T11:13:04 IST" name="TearDown" finished-at="2025-07-29T11:13:04 IST" duration-ms="3" status="PASS">
          <params>
            <param index="0">
              <value>
                <![CDATA[[TestResult name=SelectPrivate status=SUCCESS method=ElementsTests.SelectPrivate()[pri:15, instance:tests.ElementsTests@c33b74f] output={null}]]]>
              </value>
            </param>
          </params>
          <reporter-output>
          </reporter-output>
        </test-method> <!-- TearDown -->
        <test-method is-config="true" signature="setUP()[pri:0, instance:tests.ElementsTests@c33b74f]" started-at="2025-07-29T11:13:04 IST" name="setUP" finished-at="2025-07-29T11:13:13 IST" duration-ms="8914" status="PASS">
          <reporter-output>
          </reporter-output>
        </test-method> <!-- setUP -->
        <test-method signature="SelectClassified()[pri:16, instance:tests.ElementsTests@c33b74f]" started-at="2025-07-29T11:13:13 IST" name="SelectClassified" finished-at="2025-07-29T11:13:16 IST" duration-ms="2650" status="PASS">
          <reporter-output>
          </reporter-output>
        </test-method> <!-- SelectClassified -->
        <test-method is-config="true" signature="TearDown(org.testng.ITestResult)[pri:0, instance:tests.ElementsTests@c33b74f]" started-at="2025-07-29T11:13:16 IST" name="TearDown" finished-at="2025-07-29T11:13:16 IST" duration-ms="3" status="PASS">
          <params>
            <param index="0">
              <value>
                <![CDATA[[TestResult name=SelectClassified status=SUCCESS method=ElementsTests.SelectClassified()[pri:16, instance:tests.ElementsTests@c33b74f] output={null}]]]>
              </value>
            </param>
          </params>
          <reporter-output>
          </reporter-output>
        </test-method> <!-- TearDown -->
        <test-method is-config="true" signature="setUP()[pri:0, instance:tests.ElementsTests@c33b74f]" started-at="2025-07-29T11:13:16 IST" name="setUP" finished-at="2025-07-29T11:13:26 IST" duration-ms="10372" status="PASS">
          <reporter-output>
          </reporter-output>
        </test-method> <!-- setUP -->
        <test-method signature="SelectGeneral()[pri:17, instance:tests.ElementsTests@c33b74f]" started-at="2025-07-29T11:13:26 IST" name="SelectGeneral" finished-at="2025-07-29T11:13:28 IST" duration-ms="1466" status="PASS">
          <reporter-output>
          </reporter-output>
        </test-method> <!-- SelectGeneral -->
        <test-method is-config="true" signature="TearDown(org.testng.ITestResult)[pri:0, instance:tests.ElementsTests@c33b74f]" started-at="2025-07-29T11:13:28 IST" name="TearDown" finished-at="2025-07-29T11:13:28 IST" duration-ms="1" status="PASS">
          <params>
            <param index="0">
              <value>
                <![CDATA[[TestResult name=SelectGeneral status=SUCCESS method=ElementsTests.SelectGeneral()[pri:17, instance:tests.ElementsTests@c33b74f] output={null}]]]>
              </value>
            </param>
          </params>
          <reporter-output>
          </reporter-output>
        </test-method> <!-- TearDown -->
        <test-method is-config="true" signature="setUP()[pri:0, instance:tests.ElementsTests@c33b74f]" started-at="2025-07-29T11:13:28 IST" name="setUP" finished-at="2025-07-29T11:13:30 IST" duration-ms="1981" status="PASS">
          <reporter-output>
          </reporter-output>
        </test-method> <!-- setUP -->
        <test-method signature="SelectOfficeAll()[pri:18, instance:tests.ElementsTests@c33b74f]" started-at="2025-07-29T11:13:30 IST" name="SelectOfficeAll" finished-at="2025-07-29T11:13:37 IST" duration-ms="7330" status="PASS">
          <reporter-output>
          </reporter-output>
        </test-method> <!-- SelectOfficeAll -->
        <test-method is-config="true" signature="TearDown(org.testng.ITestResult)[pri:0, instance:tests.ElementsTests@c33b74f]" started-at="2025-07-29T11:13:37 IST" name="TearDown" finished-at="2025-07-29T11:13:37 IST" duration-ms="1" status="PASS">
          <params>
            <param index="0">
              <value>
                <![CDATA[[TestResult name=SelectOfficeAll status=SUCCESS method=ElementsTests.SelectOfficeAll()[pri:18, instance:tests.ElementsTests@c33b74f] output={null}]]]>
              </value>
            </param>
          </params>
          <reporter-output>
          </reporter-output>
        </test-method> <!-- TearDown -->
        <test-method is-config="true" signature="setUP()[pri:0, instance:tests.ElementsTests@c33b74f]" started-at="2025-07-29T11:13:37 IST" name="setUP" finished-at="2025-07-29T11:13:44 IST" duration-ms="6840" status="PASS">
          <reporter-output>
          </reporter-output>
        </test-method> <!-- setUP -->
        <test-method signature="SelectingDownloads()[pri:19, instance:tests.ElementsTests@c33b74f]" started-at="2025-07-29T11:13:44 IST" name="SelectingDownloads" finished-at="2025-07-29T11:13:46 IST" duration-ms="1961" status="PASS">
          <reporter-output>
          </reporter-output>
        </test-method> <!-- SelectingDownloads -->
        <test-method is-config="true" signature="TearDown(org.testng.ITestResult)[pri:0, instance:tests.ElementsTests@c33b74f]" started-at="2025-07-29T11:13:46 IST" name="TearDown" finished-at="2025-07-29T11:13:46 IST" duration-ms="1" status="PASS">
          <params>
            <param index="0">
              <value>
                <![CDATA[[TestResult name=SelectingDownloads status=SUCCESS method=ElementsTests.SelectingDownloads()[pri:19, instance:tests.ElementsTests@c33b74f] output={null}]]]>
              </value>
            </param>
          </params>
          <reporter-output>
          </reporter-output>
        </test-method> <!-- TearDown -->
        <test-method is-config="true" signature="setUP()[pri:0, instance:tests.ElementsTests@c33b74f]" started-at="2025-07-29T11:13:46 IST" name="setUP" finished-at="2025-07-29T11:13:52 IST" duration-ms="6027" status="PASS">
          <reporter-output>
          </reporter-output>
        </test-method> <!-- setUP -->
        <test-method signature="SelectingWordFile()[pri:20, instance:tests.ElementsTests@c33b74f]" started-at="2025-07-29T11:13:52 IST" name="SelectingWordFile" finished-at="2025-07-29T11:13:53 IST" duration-ms="1475" status="PASS">
          <reporter-output>
          </reporter-output>
        </test-method> <!-- SelectingWordFile -->
        <test-method is-config="true" signature="TearDown(org.testng.ITestResult)[pri:0, instance:tests.ElementsTests@c33b74f]" started-at="2025-07-29T11:13:53 IST" name="TearDown" finished-at="2025-07-29T11:13:53 IST" duration-ms="2" status="PASS">
          <params>
            <param index="0">
              <value>
                <![CDATA[[TestResult name=SelectingWordFile status=SUCCESS method=ElementsTests.SelectingWordFile()[pri:20, instance:tests.ElementsTests@c33b74f] output={null}]]]>
              </value>
            </param>
          </params>
          <reporter-output>
          </reporter-output>
        </test-method> <!-- TearDown -->
        <test-method is-config="true" signature="setUP()[pri:0, instance:tests.ElementsTests@c33b74f]" started-at="2025-07-29T11:13:53 IST" name="setUP" finished-at="2025-07-29T11:14:07 IST" duration-ms="14113" status="PASS">
          <reporter-output>
          </reporter-output>
        </test-method> <!-- setUP -->
        <test-method signature="SelectingExcelFile()[pri:21, instance:tests.ElementsTests@c33b74f]" started-at="2025-07-29T11:14:07 IST" name="SelectingExcelFile" finished-at="2025-07-29T11:14:09 IST" duration-ms="1203" status="PASS">
          <reporter-output>
          </reporter-output>
        </test-method> <!-- SelectingExcelFile -->
        <test-method is-config="true" signature="TearDown(org.testng.ITestResult)[pri:0, instance:tests.ElementsTests@c33b74f]" started-at="2025-07-29T11:14:09 IST" name="TearDown" finished-at="2025-07-29T11:14:09 IST" duration-ms="1" status="PASS">
          <params>
            <param index="0">
              <value>
                <![CDATA[[TestResult name=SelectingExcelFile status=SUCCESS method=ElementsTests.SelectingExcelFile()[pri:21, instance:tests.ElementsTests@c33b74f] output={null}]]]>
              </value>
            </param>
          </params>
          <reporter-output>
          </reporter-output>
        </test-method> <!-- TearDown -->
        <test-method is-config="true" signature="setUP()[pri:0, instance:tests.ElementsTests@c33b74f]" started-at="2025-07-29T11:14:09 IST" name="setUP" finished-at="2025-07-29T11:14:15 IST" duration-ms="6776" status="PASS">
          <reporter-output>
          </reporter-output>
        </test-method> <!-- setUP -->
        <test-method signature="SelectingAllFiles()[pri:22, instance:tests.ElementsTests@c33b74f]" started-at="2025-07-29T11:14:15 IST" name="SelectingAllFiles" finished-at="2025-07-29T11:14:16 IST" duration-ms="976" status="PASS">
          <reporter-output>
          </reporter-output>
        </test-method> <!-- SelectingAllFiles -->
        <test-method is-config="true" signature="TearDown(org.testng.ITestResult)[pri:0, instance:tests.ElementsTests@c33b74f]" started-at="2025-07-29T11:14:16 IST" name="TearDown" finished-at="2025-07-29T11:14:16 IST" duration-ms="1" status="PASS">
          <params>
            <param index="0">
              <value>
                <![CDATA[[TestResult name=SelectingAllFiles status=SUCCESS method=ElementsTests.SelectingAllFiles()[pri:22, instance:tests.ElementsTests@c33b74f] output={null}]]]>
              </value>
            </param>
          </params>
          <reporter-output>
          </reporter-output>
        </test-method> <!-- TearDown -->
      </class> <!-- tests.ElementsTests -->
      <class name="tests.AlertsFramesWindowsTests">
        <test-method is-config="true" signature="setupReport()[pri:0, instance:tests.AlertsFramesWindowsTests@28eaa59a]" started-at="2025-07-29T11:09:08 IST" name="setupReport" finished-at="2025-07-29T11:09:08 IST" duration-ms="444" status="PASS">
          <reporter-output>
          </reporter-output>
        </test-method> <!-- setupReport -->
        <test-method is-config="true" signature="setUP()[pri:0, instance:tests.AlertsFramesWindowsTests@28eaa59a]" started-at="2025-07-29T11:09:08 IST" name="setUP" finished-at="2025-07-29T11:09:17 IST" duration-ms="8823" status="PASS">
          <reporter-output>
          </reporter-output>
        </test-method> <!-- setUP -->
        <test-method signature="accessAlertsFrameWindows()[pri:1, instance:tests.AlertsFramesWindowsTests@28eaa59a]" started-at="2025-07-29T11:09:17 IST" name="accessAlertsFrameWindows" finished-at="2025-07-29T11:09:18 IST" duration-ms="894" status="PASS">
          <reporter-output>
          </reporter-output>
        </test-method> <!-- accessAlertsFrameWindows -->
        <test-method is-config="true" signature="TearDown(org.testng.ITestResult)[pri:0, instance:tests.AlertsFramesWindowsTests@28eaa59a]" started-at="2025-07-29T11:09:18 IST" name="TearDown" finished-at="2025-07-29T11:09:18 IST" duration-ms="7" status="PASS">
          <params>
            <param index="0">
              <value>
                <![CDATA[[TestResult name=accessAlertsFrameWindows status=SUCCESS method=AlertsFramesWindowsTests.accessAlertsFrameWindows()[pri:1, instance:tests.AlertsFramesWindowsTests@28eaa59a] output={null}]]]>
              </value>
            </param>
          </params>
          <reporter-output>
          </reporter-output>
        </test-method> <!-- TearDown -->
        <test-method is-config="true" signature="teardownReport()[pri:0, instance:tests.AlertsFramesWindowsTests@28eaa59a]" started-at="2025-07-29T11:15:14 IST" name="teardownReport" finished-at="2025-07-29T11:15:16 IST" duration-ms="2006" status="PASS">
          <reporter-output>
          </reporter-output>
        </test-method> <!-- teardownReport -->
      </class> <!-- tests.AlertsFramesWindowsTests -->
    </test> <!-- Surefire test -->
  </suite> <!-- Surefire suite -->
</testng-results>
