<?xml version="1.0" encoding="UTF-8"?>
<testsuite xmlns:xsi="http://www.w3.org/2001/XMLSchema-instance" xsi:noNamespaceSchemaLocation="https://maven.apache.org/surefire/maven-surefire-plugin/xsd/surefire-test-report-3.0.xsd" version="3.0" name="TestSuite" time="8192.619" tests="123" errors="0" skipped="0" failures="2">
  <properties>
[...]
</properties>
  <testcase name="accessAlertsFrameWindows" classname="tests.AlertsFramesWindowsTests" time="0.313">
    <system-out><![CDATA[2025-09-12T13:47:20.374604200Z main INFO Starting configuration XmlConfiguration[location=C:\ASN\eclipse_workspace\demoqa-automation\target\classes\log4j2.xml, lastModified=2025-09-11T04:15:37.379Z]...
2025-09-12T13:47:20.377257Z main INFO Start watching for changes to C:\ASN\eclipse_workspace\demoqa-automation\target\classes\log4j2.xml every 0 seconds
2025-09-12T13:47:20.377257Z main INFO Configuration XmlConfiguration[location=C:\ASN\eclipse_workspace\demoqa-automation\target\classes\log4j2.xml, lastModified=2025-09-11T04:15:37.379Z] started.
2025-09-12T13:47:20.382693Z main INFO Stopping configuration org.apache.logging.log4j.core.config.DefaultConfiguration@46cdf8bd...
2025-09-12T13:47:20.382693Z main INFO Configuration org.apache.logging.log4j.core.config.DefaultConfiguration@46cdf8bd stopped.
2025-09-12 19:17:21 [main] INFO  DriverFactory - 🌐 Starting Chrome Web Browser...
2025-09-12 19:17:21 [main] INFO  DriverFactory - ✅ Created temporary Chrome profile at C:\Users\dell\AppData\Local\Temp\chrome-profile-14573859970414270173
2025-09-12 19:17:24 [main] INFO  DriverFactory - 🚀 WebDriver started successfully
2025-09-12 19:17:24 [main] INFO  RetryUrlAccess - Navigating to URL (attempt 1): https://demoqa.com
2025-09-12 19:17:45 [main] INFO  demoqaBase - 🧪 Starting Test Alerts, Frames & Windows...
2025-09-12 19:17:45 [main] INFO  demoqaBase - Accessing Alerts, Frame & Windows Card...
Declared Instance WebDriverWait: org.openqa.selenium.support.ui.WebDriverWait@27c04377
2025-09-12 19:17:45 [main] INFO  demoqaLog - Clicking on Alert Frame & Windows Card...
🔹 Trying JS click by locator (attempt 1)
2025-09-12 19:17:45 [main] INFO  demoqaLog - 🔹 Trying JS click by locator (attempt 1)
🔹 Attempting JS click...
2025-09-12 19:17:45 [main] INFO  demoqaLog - 🔹 Attempting JS click...
2025-09-12 19:17:45 [main] INFO  demoqaLog - Clicked on Alert Frame & Windows Card...
Title of this Page is: DEMOQA
You are Accessing: Alerts, Frame & Windows
2025-09-12 19:17:45 [main] INFO  demoqaBase - Alerts, Frame & Windows Card: Please select an item from left to start practice.
2025-09-12 19:17:45 [main] INFO  demoqaBase - ✅ Alerts, Frames & Windows Test Completed...
]]></system-out>
    <system-err><![CDATA[SLF4J(W): No SLF4J providers were found.
SLF4J(W): Defaulting to no-operation (NOP) logger implementation
SLF4J(W): See https://www.slf4j.org/codes.html#noProviders for further details.
]]></system-err>
  </testcase>
  <testcase name="browserWindows" classname="tests.AlertsFramesWindowsTests" time="0.435">
    <system-out><![CDATA[2025-09-12 19:17:45 [main] INFO  demoqaBase - Closing browser for test: accessAlertsFrameWindows
2025-09-12 19:17:46 [main] INFO  DriverFactory - 🌐 Starting Chrome Web Browser...
2025-09-12 19:17:46 [main] INFO  DriverFactory - ✅ Created temporary Chrome profile at C:\Users\dell\AppData\Local\Temp\chrome-profile-18181503659697398287
2025-09-12 19:17:47 [main] INFO  DriverFactory - 🚀 WebDriver started successfully
2025-09-12 19:17:47 [main] INFO  RetryUrlAccess - Navigating to URL (attempt 1): https://demoqa.com
2025-09-12 19:18:21 [main] INFO  demoqaBase - 🧪 Starting Test Alerts, Frames & Windows...
2025-09-12 19:18:21 [main] INFO  demoqaBase - Accessing Alerts, Frame & Windows Card...
Declared Instance WebDriverWait: org.openqa.selenium.support.ui.WebDriverWait@1686f0b4
2025-09-12 19:18:21 [main] INFO  demoqaLog - Clicking on Alert Frame & Windows Card...
🔹 Trying JS click by locator (attempt 1)
2025-09-12 19:18:21 [main] INFO  demoqaLog - 🔹 Trying JS click by locator (attempt 1)
🔹 Attempting JS click...
2025-09-12 19:18:21 [main] INFO  demoqaLog - 🔹 Attempting JS click...
2025-09-12 19:18:21 [main] INFO  demoqaLog - Clicked on Alert Frame & Windows Card...
Title of this Page is: DEMOQA
You are Accessing: Alerts, Frame & Windows
2025-09-12 19:18:21 [main] INFO  demoqaBase - Alerts, Frame & Windows Card: Please select an item from left to start practice.
2025-09-12 19:18:21 [main] INFO  demoqaBase - Clicking on Alerts, Frame & Windows Card|Browser Windows...
You are now Accessing: Browser Windows
2025-09-12 19:18:21 [main] INFO  demoqaBase - You are now Accessing: Browser Windows
2025-09-12 19:18:21 [main] INFO  demoqaBase - ✅ Alerts, Frames & Windows|Browser Windows Test Completed...
]]></system-out>
  </testcase>
  <testcase name="browserWindowsNewTab" classname="tests.AlertsFramesWindowsTests" time="1.01">
    <system-out><![CDATA[2025-09-12 19:18:21 [main] INFO  demoqaBase - Closing browser for test: browserWindows
2025-09-12 19:18:21 [main] INFO  DriverFactory - 🌐 Starting Chrome Web Browser...
2025-09-12 19:18:21 [main] INFO  DriverFactory - ✅ Created temporary Chrome profile at C:\Users\dell\AppData\Local\Temp\chrome-profile-6105852749349634293
2025-09-12 19:18:22 [main] INFO  DriverFactory - 🚀 WebDriver started successfully
2025-09-12 19:18:22 [main] INFO  RetryUrlAccess - Navigating to URL (attempt 1): https://demoqa.com
2025-09-12 19:19:05 [main] INFO  demoqaBase - 🧪 Starting Test Alerts, Frames & Windows|New Tab...
2025-09-12 19:19:05 [main] INFO  demoqaBase - Accessing Alerts, Frame & Windows Card...
Declared Instance WebDriverWait: org.openqa.selenium.support.ui.WebDriverWait@367b22e5
2025-09-12 19:19:05 [main] INFO  demoqaLog - Clicking on Alert Frame & Windows Card...
🔹 Trying JS click by locator (attempt 1)
2025-09-12 19:19:05 [main] INFO  demoqaLog - 🔹 Trying JS click by locator (attempt 1)
🔹 Attempting JS click...
2025-09-12 19:19:05 [main] INFO  demoqaLog - 🔹 Attempting JS click...
2025-09-12 19:19:05 [main] INFO  demoqaLog - Clicked on Alert Frame & Windows Card...
Title of this Page is: DEMOQA
You are Accessing: Alerts, Frame & Windows
2025-09-12 19:19:06 [main] INFO  demoqaBase - Alerts, Frame & Windows Card: Please select an item from left to start practice.
2025-09-12 19:19:06 [main] INFO  demoqaBase - Clicking on Alerts, Frame & Windows Card|Browser Windows...
You are now Accessing: Browser Windows
2025-09-12 19:19:06 [main] INFO  demoqaBase - You are now Accessing: Browser Windows
2025-09-12 19:19:06 [main] INFO  demoqaBase - Initiating New Tab click sequence...
2025-09-12 19:19:06 [main] INFO  demoqaBase - Clicked New Tab button
2025-09-12 19:19:06 [main] INFO  demoqaBase - Switched to new tab: FA8DEDD0E9710B94DEBBEF59CB6E03F2
2025-09-12 19:19:06 [main] INFO  demoqaBase - New tab content: 'This is a sample page'
You are now accessing: This is a sample page
2025-09-12 19:19:06 [main] INFO  demoqaBase - ✅ Alerts, Frames & Windows|Browser Windows|New Tab Test Completed...
]]></system-out>
  </testcase>
  <testcase name="browserWindowsNewWindow" classname="tests.AlertsFramesWindowsTests" time="2.158">
    <system-out><![CDATA[2025-09-12 19:19:06 [main] INFO  demoqaBase - Closing browser for test: browserWindowsNewTab
2025-09-12 19:19:07 [main] INFO  DriverFactory - 🌐 Starting Chrome Web Browser...
2025-09-12 19:19:07 [main] INFO  DriverFactory - ✅ Created temporary Chrome profile at C:\Users\dell\AppData\Local\Temp\chrome-profile-2240211626280911573
2025-09-12 19:19:08 [main] INFO  DriverFactory - 🚀 WebDriver started successfully
2025-09-12 19:19:08 [main] INFO  RetryUrlAccess - Navigating to URL (attempt 1): https://demoqa.com
2025-09-12 19:20:08 [main] WARN  RetryUrlAccess - Navigation attempt 1 failed: timeout: Timed out receiving message from renderer: 59.077
  (Session info: chrome=137.0.7151.120)
Build info: version: '4.35.0', revision: '1c58e5028b'
System info: os.name: 'Windows 11', os.arch: 'amd64', os.version: '10.0', java.version: '21.0.7'
Driver info: org.openqa.selenium.chrome.ChromeDriver
Command: [721b1c04b9c20beaba76386086eb4db5, get {url=https://demoqa.com}]
Capabilities {acceptInsecureCerts: false, browserName: chrome, browserVersion: 137.0.7151.120, chrome: {chromedriverVersion: 137.0.7151.119 (e0ac9d12dff..., userDataDir: C:\Users\dell\AppData\Local...}, fedcm:accounts: true, goog:chromeOptions: {debuggerAddress: localhost:61464}, networkConnectionEnabled: false, pageLoadStrategy: normal, platformName: windows, proxy: Proxy(), se:cdp: ws://localhost:61464/devtoo..., se:cdpVersion: 137.0.7151.120, setWindowRect: true, strictFileInteractability: false, timeouts: {implicit: 0, pageLoad: 300000, script: 30000}, unhandledPromptBehavior: dismiss and notify, webauthn:extension:credBlob: true, webauthn:extension:largeBlob: true, webauthn:extension:minPinLength: true, webauthn:extension:prf: true, webauthn:virtualAuthenticators: true}
Session ID: 721b1c04b9c20beaba76386086eb4db5
2025-09-12 19:20:11 [main] INFO  RetryUrlAccess - Navigating to URL (attempt 2): https://demoqa.com
2025-09-12 19:20:12 [main] INFO  demoqaBase - 🧪 Starting Test Alerts, Frames & Windows|New Window...
2025-09-12 19:20:12 [main] INFO  demoqaBase - Accessing Alerts, Frame & Windows Card...
Declared Instance WebDriverWait: org.openqa.selenium.support.ui.WebDriverWait@2d82408
2025-09-12 19:20:12 [main] INFO  demoqaLog - Clicking on Alert Frame & Windows Card...
🔹 Trying JS click by locator (attempt 1)
2025-09-12 19:20:12 [main] INFO  demoqaLog - 🔹 Trying JS click by locator (attempt 1)
🔹 Attempting JS click...
2025-09-12 19:20:12 [main] INFO  demoqaLog - 🔹 Attempting JS click...
2025-09-12 19:20:12 [main] INFO  demoqaLog - Clicked on Alert Frame & Windows Card...
Title of this Page is: DEMOQA
You are Accessing: Alerts, Frame & Windows
2025-09-12 19:20:12 [main] INFO  demoqaBase - Alerts, Frame & Windows Card: Please select an item from left to start practice.
2025-09-12 19:20:12 [main] INFO  demoqaBase - Clicking on Alerts, Frame & Windows Card|Browser Windows...
You are now Accessing: Browser Windows
2025-09-12 19:20:13 [main] INFO  demoqaBase - You are now Accessing: Browser Windows
2025-09-12 19:20:13 [main] INFO  demoqaBase - Initiating New Window click sequence...
2025-09-12 19:20:14 [main] INFO  demoqaBase - Clicked New Window button
2025-09-12 19:20:14 [main] INFO  demoqaBase - Switched to new tab: FCB33B2CEC1B02FCD2A1D45BEE58E990
2025-09-12 19:20:14 [main] INFO  demoqaBase - New tab content: 'This is a sample page'
You are now accessing: This is a sample page
2025-09-12 19:20:14 [main] INFO  demoqaBase - ✅ Alerts, Frames & Windows|Browser Windows|New Window Test Completed...
]]></system-out>
  </testcase>
  <testcase name="browserWindowsNewWindowMsg" classname="tests.AlertsFramesWindowsTests" time="1.105">
    <system-out><![CDATA[2025-09-12 19:20:14 [main] INFO  demoqaBase - Closing browser for test: browserWindowsNewWindow
2025-09-12 19:20:14 [main] INFO  DriverFactory - 🌐 Starting Chrome Web Browser...
2025-09-12 19:20:14 [main] INFO  DriverFactory - ✅ Created temporary Chrome profile at C:\Users\dell\AppData\Local\Temp\chrome-profile-4225999039797638133
2025-09-12 19:20:16 [main] INFO  DriverFactory - 🚀 WebDriver started successfully
2025-09-12 19:20:16 [main] INFO  RetryUrlAccess - Navigating to URL (attempt 1): https://demoqa.com
2025-09-12 19:20:49 [main] INFO  demoqaBase - 🧪 Starting Test Alerts, Frames & Windows|New Window Message...
2025-09-12 19:20:49 [main] INFO  demoqaBase - Accessing Alerts, Frame & Windows Card...
Declared Instance WebDriverWait: org.openqa.selenium.support.ui.WebDriverWait@587a1cfb
2025-09-12 19:20:49 [main] INFO  demoqaLog - Clicking on Alert Frame & Windows Card...
🔹 Trying JS click by locator (attempt 1)
2025-09-12 19:20:49 [main] INFO  demoqaLog - 🔹 Trying JS click by locator (attempt 1)
🔹 Attempting JS click...
2025-09-12 19:20:49 [main] INFO  demoqaLog - 🔹 Attempting JS click...
2025-09-12 19:20:49 [main] INFO  demoqaLog - Clicked on Alert Frame & Windows Card...
Title of this Page is: DEMOQA
You are Accessing: Alerts, Frame & Windows
2025-09-12 19:20:49 [main] INFO  demoqaBase - Alerts, Frame & Windows Card: Please select an item from left to start practice.
2025-09-12 19:20:49 [main] INFO  demoqaBase - Clicking on Alerts, Frame & Windows Card|Browser Windows...
You are now Accessing: Browser Windows
2025-09-12 19:20:49 [main] INFO  demoqaBase - You are now Accessing: Browser Windows
2025-09-12 19:20:49 [main] INFO  demoqaBase - 🔍 Starting 'New Window Message' click sequence...
🔹 Trying JS click on WebElement (attempt 1)
2025-09-12 19:20:49 [main] INFO  demoqaLog - 🔹 Trying JS click on WebElement (attempt 1)
🔹 Attempting JS click...
2025-09-12 19:20:49 [main] INFO  demoqaLog - 🔹 Attempting JS click...
2025-09-12 19:20:50 [main] INFO  demoqaBase - 🔀 Switched to new window: 2A25EBB68587D244C969A315A0787235
2025-09-12 19:20:50 [main] INFO  demoqaBase - ✅ Verified new popup window opened successfully.
2025-09-12 19:20:50 [main] INFO  demoqaBase - ↩️ Switched back to original window: 7B0DACF10FBA0E7A9F9A87832933E95C
2025-09-12 19:20:50 [main] INFO  demoqaBase - ✅ 'New Window Message' flow completed successfully.
2025-09-12 19:20:50 [main] INFO  demoqaBase - ✅ Alerts, Frames & Windows|Browser Windows|New Window Message Test Completed...
]]></system-out>
  </testcase>
  <testcase name="ClickAlerts" classname="tests.AlertsFramesWindowsTests" time="0.549">
    <system-out><![CDATA[2025-09-12 19:20:50 [main] INFO  demoqaBase - Closing browser for test: browserWindowsNewWindowMsg
2025-09-12 19:20:50 [main] INFO  DriverFactory - 🌐 Starting Chrome Web Browser...
2025-09-12 19:20:50 [main] INFO  DriverFactory - ✅ Created temporary Chrome profile at C:\Users\dell\AppData\Local\Temp\chrome-profile-12322749731080759103
2025-09-12 19:20:51 [main] INFO  DriverFactory - 🚀 WebDriver started successfully
2025-09-12 19:20:51 [main] INFO  RetryUrlAccess - Navigating to URL (attempt 1): https://demoqa.com
2025-09-12 19:21:44 [main] INFO  demoqaBase - 🧪 Starting Test Alerts, Frames & Windows|New Window Message...
2025-09-12 19:21:44 [main] INFO  demoqaBase - Accessing Alerts, Frame & Windows Card...
Declared Instance WebDriverWait: org.openqa.selenium.support.ui.WebDriverWait@4d18b73a
2025-09-12 19:21:44 [main] INFO  demoqaLog - Clicking on Alert Frame & Windows Card...
🔹 Trying JS click by locator (attempt 1)
2025-09-12 19:21:44 [main] INFO  demoqaLog - 🔹 Trying JS click by locator (attempt 1)
🔹 Attempting JS click...
2025-09-12 19:21:44 [main] INFO  demoqaLog - 🔹 Attempting JS click...
2025-09-12 19:21:44 [main] INFO  demoqaLog - Clicked on Alert Frame & Windows Card...
Title of this Page is: DEMOQA
You are Accessing: Alerts, Frame & Windows
2025-09-12 19:21:44 [main] INFO  demoqaBase - Alerts, Frame & Windows Card: Please select an item from left to start practice.
2025-09-12 19:21:44 [main] INFO  demoqaBase - 🔍 Starting test for Alerts click ..
🔹 Trying JS click on WebElement (attempt 1)
2025-09-12 19:21:44 [main] INFO  demoqaLog - 🔹 Trying JS click on WebElement (attempt 1)
🔹 Attempting JS click...
2025-09-12 19:21:44 [main] INFO  demoqaLog - 🔹 Attempting JS click...
2025-09-12 19:21:45 [main] INFO  demoqaBase - ✅ Clicked on Alerts...
2025-09-12 19:21:45 [main] INFO  demoqaBase - Page Title is: Alerts
2025-09-12 19:21:45 [main] INFO  demoqaBase - ✅ Alerts, Frames & Windows|Alerts Test Completed...
]]></system-out>
  </testcase>
  <testcase name="ClickToSeeAlerts" classname="tests.AlertsFramesWindowsTests" time="8.972">
    <system-out><![CDATA[2025-09-12 19:21:45 [main] INFO  demoqaBase - Closing browser for test: ClickAlerts
2025-09-12 19:21:45 [main] INFO  DriverFactory - 🌐 Starting Chrome Web Browser...
2025-09-12 19:21:45 [main] INFO  DriverFactory - ✅ Created temporary Chrome profile at C:\Users\dell\AppData\Local\Temp\chrome-profile-7677385968257286220
2025-09-12 19:21:46 [main] INFO  DriverFactory - 🚀 WebDriver started successfully
2025-09-12 19:21:46 [main] INFO  RetryUrlAccess - Navigating to URL (attempt 1): https://demoqa.com
2025-09-12 19:22:46 [main] WARN  RetryUrlAccess - Navigation attempt 1 failed: timeout: Timed out receiving message from renderer: 59.059
  (Session info: chrome=137.0.7151.120)
Build info: version: '4.35.0', revision: '1c58e5028b'
System info: os.name: 'Windows 11', os.arch: 'amd64', os.version: '10.0', java.version: '21.0.7'
Driver info: org.openqa.selenium.chrome.ChromeDriver
Command: [901c00974c1b2be3f975e6282925c011, get {url=https://demoqa.com}]
Capabilities {acceptInsecureCerts: false, browserName: chrome, browserVersion: 137.0.7151.120, chrome: {chromedriverVersion: 137.0.7151.119 (e0ac9d12dff..., userDataDir: C:\Users\dell\AppData\Local...}, fedcm:accounts: true, goog:chromeOptions: {debuggerAddress: localhost:62071}, networkConnectionEnabled: false, pageLoadStrategy: normal, platformName: windows, proxy: Proxy(), se:cdp: ws://localhost:62071/devtoo..., se:cdpVersion: 137.0.7151.120, setWindowRect: true, strictFileInteractability: false, timeouts: {implicit: 0, pageLoad: 300000, script: 30000}, unhandledPromptBehavior: dismiss and notify, webauthn:extension:credBlob: true, webauthn:extension:largeBlob: true, webauthn:extension:minPinLength: true, webauthn:extension:prf: true, webauthn:virtualAuthenticators: true}
Session ID: 901c00974c1b2be3f975e6282925c011
2025-09-12 19:22:49 [main] INFO  RetryUrlAccess - Navigating to URL (attempt 2): https://demoqa.com
2025-09-12 19:22:50 [main] INFO  demoqaBase - 🧪 Starting Test Alerts, Frames & Windows|Alerts|Click button to see Alert...
2025-09-12 19:22:50 [main] INFO  demoqaBase - Accessing Alerts, Frame & Windows Card...
Declared Instance WebDriverWait: org.openqa.selenium.support.ui.WebDriverWait@59fbb34
2025-09-12 19:22:50 [main] INFO  demoqaLog - Clicking on Alert Frame & Windows Card...
🔹 Trying JS click by locator (attempt 1)
2025-09-12 19:22:50 [main] INFO  demoqaLog - 🔹 Trying JS click by locator (attempt 1)
🔹 Attempting JS click...
2025-09-12 19:22:50 [main] INFO  demoqaLog - 🔹 Attempting JS click...
2025-09-12 19:22:50 [main] INFO  demoqaLog - Clicked on Alert Frame & Windows Card...
Title of this Page is: DEMOQA
You are Accessing: Alerts, Frame & Windows
2025-09-12 19:22:50 [main] INFO  demoqaBase - Alerts, Frame & Windows Card: Please select an item from left to start practice.
2025-09-12 19:22:50 [main] INFO  demoqaBase - 🔍 Starting test for Alerts click ..
🔹 Trying JS click on WebElement (attempt 1)
2025-09-12 19:22:50 [main] INFO  demoqaLog - 🔹 Trying JS click on WebElement (attempt 1)
🔹 Attempting JS click...
2025-09-12 19:22:50 [main] INFO  demoqaLog - 🔹 Attempting JS click...
2025-09-12 19:22:50 [main] INFO  demoqaBase - ✅ Clicked on Alerts...
2025-09-12 19:22:51 [main] INFO  demoqaBase - Page Title is: Alerts
2025-09-12 19:22:54 [main] INFO  demoqaBase - 🔍 Starting test for On button click, alert will appear after 5 seconds...
🔹 Trying JS click on WebElement (attempt 1)
2025-09-12 19:22:54 [main] INFO  demoqaLog - 🔹 Trying JS click on WebElement (attempt 1)
🔹 Attempting JS click...
2025-09-12 19:22:54 [main] INFO  demoqaLog - 🔹 Attempting JS click...
2025-09-12 19:22:54 [main] INFO  demoqaBase - ✅ Clicked on Click Button to see Alert after 5 seconds...
2025-09-12 19:22:59 [main] INFO  demoqaBase - ✅ On button click, alert will appear after 5 seconds, message is: This alert appeared after 5 seconds
2025-09-12 19:22:59 [main] INFO  demoqaBase - ✅ Alerts, Frames & Windows|Alerts|Click button to see Alert Test Completed...
]]></system-out>
  </testcase>
  <testcase name="ClickAcceptConfirmationBox" classname="tests.AlertsFramesWindowsTests" time="3.634">
    <system-out><![CDATA[2025-09-12 19:22:59 [main] INFO  demoqaBase - Closing browser for test: ClickToSeeAlerts
2025-09-12 19:22:59 [main] INFO  DriverFactory - 🌐 Starting Chrome Web Browser...
2025-09-12 19:22:59 [main] INFO  DriverFactory - ✅ Created temporary Chrome profile at C:\Users\dell\AppData\Local\Temp\chrome-profile-963200742156626288
2025-09-12 19:23:00 [main] INFO  DriverFactory - 🚀 WebDriver started successfully
2025-09-12 19:23:00 [main] INFO  RetryUrlAccess - Navigating to URL (attempt 1): https://demoqa.com
2025-09-12 19:23:14 [main] INFO  demoqaBase - 🧪 Starting Test Alerts, Frames & Windows|AlertsOn button click, confirm box will appear, Accept...
2025-09-12 19:23:14 [main] INFO  demoqaBase - Accessing Alerts, Frame & Windows Card...
Declared Instance WebDriverWait: org.openqa.selenium.support.ui.WebDriverWait@631cb129
2025-09-12 19:23:14 [main] INFO  demoqaLog - Clicking on Alert Frame & Windows Card...
🔹 Trying JS click by locator (attempt 1)
2025-09-12 19:23:15 [main] INFO  demoqaLog - 🔹 Trying JS click by locator (attempt 1)
🔹 Attempting JS click...
2025-09-12 19:23:15 [main] INFO  demoqaLog - 🔹 Attempting JS click...
2025-09-12 19:23:15 [main] INFO  demoqaLog - Clicked on Alert Frame & Windows Card...
Title of this Page is: DEMOQA
You are Accessing: Alerts, Frame & Windows
2025-09-12 19:23:15 [main] INFO  demoqaBase - Alerts, Frame & Windows Card: Please select an item from left to start practice.
2025-09-12 19:23:15 [main] INFO  demoqaBase - 🔍 Starting test for Alerts click ..
🔹 Trying JS click on WebElement (attempt 1)
2025-09-12 19:23:15 [main] INFO  demoqaLog - 🔹 Trying JS click on WebElement (attempt 1)
🔹 Attempting JS click...
2025-09-12 19:23:15 [main] INFO  demoqaLog - 🔹 Attempting JS click...
2025-09-12 19:23:15 [main] INFO  demoqaBase - ✅ Clicked on Alerts...
2025-09-12 19:23:15 [main] INFO  demoqaBase - Page Title is: Alerts
2025-09-12 19:23:18 [main] INFO  demoqaBase - 🔍 Starting test for On button click, confirm box will appear, Accept...
🔹 Trying JS click on WebElement (attempt 1)
2025-09-12 19:23:18 [main] INFO  demoqaLog - 🔹 Trying JS click on WebElement (attempt 1)
🔹 Attempting JS click...
2025-09-12 19:23:18 [main] INFO  demoqaLog - 🔹 Attempting JS click...
2025-09-12 19:23:18 [main] INFO  demoqaBase - ✅ Clicked On button click, confirm box will appear, Accept...
2025-09-12 19:23:18 [main] INFO  demoqaBase - ✅ On button click, confirm box will appear, message is: Do you confirm action?
2025-09-12 19:23:18 [main] INFO  demoqaBase - ✅ Your Selection was: You selected Ok
2025-09-12 19:23:18 [main] INFO  demoqaBase - ✅ Alerts, Frames & Windows|Alerts|On button click, confirm box will appear, Accept Test Completed...
]]></system-out>
  </testcase>
  <testcase name="ClickDenyConfirmationBox" classname="tests.AlertsFramesWindowsTests" time="3.645">
    <system-out><![CDATA[2025-09-12 19:23:18 [main] INFO  demoqaBase - Closing browser for test: ClickAcceptConfirmationBox
2025-09-12 19:23:18 [main] INFO  DriverFactory - 🌐 Starting Chrome Web Browser...
2025-09-12 19:23:18 [main] INFO  DriverFactory - ✅ Created temporary Chrome profile at C:\Users\dell\AppData\Local\Temp\chrome-profile-5106407762185049635
2025-09-12 19:23:19 [main] INFO  DriverFactory - 🚀 WebDriver started successfully
2025-09-12 19:23:19 [main] INFO  RetryUrlAccess - Navigating to URL (attempt 1): https://demoqa.com
2025-09-12 19:23:34 [main] INFO  demoqaBase - 🧪 Starting Test Alerts, Frames & Windows|Alerts|On button click, confirm box will appear, Deny...
2025-09-12 19:23:34 [main] INFO  demoqaBase - Accessing Alerts, Frame & Windows Card...
Declared Instance WebDriverWait: org.openqa.selenium.support.ui.WebDriverWait@467b0f6e
2025-09-12 19:23:34 [main] INFO  demoqaLog - Clicking on Alert Frame & Windows Card...
🔹 Trying JS click by locator (attempt 1)
2025-09-12 19:23:34 [main] INFO  demoqaLog - 🔹 Trying JS click by locator (attempt 1)
🔹 Attempting JS click...
2025-09-12 19:23:34 [main] INFO  demoqaLog - 🔹 Attempting JS click...
2025-09-12 19:23:34 [main] INFO  demoqaLog - Clicked on Alert Frame & Windows Card...
Title of this Page is: DEMOQA
You are Accessing: Alerts, Frame & Windows
2025-09-12 19:23:34 [main] INFO  demoqaBase - Alerts, Frame & Windows Card: Please select an item from left to start practice.
2025-09-12 19:23:34 [main] INFO  demoqaBase - 🔍 Starting test for Alerts click ..
🔹 Trying JS click on WebElement (attempt 1)
2025-09-12 19:23:34 [main] INFO  demoqaLog - 🔹 Trying JS click on WebElement (attempt 1)
🔹 Attempting JS click...
2025-09-12 19:23:34 [main] INFO  demoqaLog - 🔹 Attempting JS click...
2025-09-12 19:23:34 [main] INFO  demoqaBase - ✅ Clicked on Alerts...
2025-09-12 19:23:34 [main] INFO  demoqaBase - Page Title is: Alerts
2025-09-12 19:23:37 [main] INFO  demoqaBase - 🔍 Starting test for On button click, confirm box will appear, Deny...
🔹 Trying JS click on WebElement (attempt 1)
2025-09-12 19:23:37 [main] INFO  demoqaLog - 🔹 Trying JS click on WebElement (attempt 1)
🔹 Attempting JS click...
2025-09-12 19:23:37 [main] INFO  demoqaLog - 🔹 Attempting JS click...
2025-09-12 19:23:37 [main] INFO  demoqaBase - ✅ Clicked On button click, confirm box will appear, Deny...
2025-09-12 19:23:37 [main] INFO  demoqaBase - ✅ On button click, confirm box will appear, message is: Do you confirm action?
2025-09-12 19:23:38 [main] INFO  demoqaBase - ✅ Your Selection was: You selected Cancel
2025-09-12 19:23:38 [main] INFO  demoqaBase - ✅ Alerts, Frames & Windows|Alerts|On button click, confirm box will appear, Deny Test Completed...
]]></system-out>
  </testcase>
  <testcase name="ClickPromptBoxFill" classname="tests.AlertsFramesWindowsTests" time="3.593">
    <system-out><![CDATA[2025-09-12 19:23:38 [main] INFO  demoqaBase - Closing browser for test: ClickDenyConfirmationBox
2025-09-12 19:23:38 [main] INFO  DriverFactory - 🌐 Starting Chrome Web Browser...
2025-09-12 19:23:38 [main] INFO  DriverFactory - ✅ Created temporary Chrome profile at C:\Users\dell\AppData\Local\Temp\chrome-profile-9068026261877186317
2025-09-12 19:23:39 [main] INFO  DriverFactory - 🚀 WebDriver started successfully
2025-09-12 19:23:39 [main] INFO  RetryUrlAccess - Navigating to URL (attempt 1): https://demoqa.com
2025-09-12 19:24:01 [main] INFO  demoqaBase - 🧪 Starting Test Alerts, Frames & Windows|Alerts|On button click, prompt box will appear, Fill data...
2025-09-12 19:24:01 [main] INFO  demoqaBase - Accessing Alerts, Frame & Windows Card...
Declared Instance WebDriverWait: org.openqa.selenium.support.ui.WebDriverWait@1af4955e
2025-09-12 19:24:01 [main] INFO  demoqaLog - Clicking on Alert Frame & Windows Card...
🔹 Trying JS click by locator (attempt 1)
2025-09-12 19:24:01 [main] INFO  demoqaLog - 🔹 Trying JS click by locator (attempt 1)
🔹 Attempting JS click...
2025-09-12 19:24:01 [main] INFO  demoqaLog - 🔹 Attempting JS click...
2025-09-12 19:24:01 [main] INFO  demoqaLog - Clicked on Alert Frame & Windows Card...
Title of this Page is: DEMOQA
You are Accessing: Alerts, Frame & Windows
2025-09-12 19:24:01 [main] INFO  demoqaBase - Alerts, Frame & Windows Card: Please select an item from left to start practice.
2025-09-12 19:24:01 [main] INFO  demoqaBase - 🔍 Starting test for Alerts click ..
🔹 Trying JS click on WebElement (attempt 1)
2025-09-12 19:24:01 [main] INFO  demoqaLog - 🔹 Trying JS click on WebElement (attempt 1)
🔹 Attempting JS click...
2025-09-12 19:24:01 [main] INFO  demoqaLog - 🔹 Attempting JS click...
2025-09-12 19:24:01 [main] INFO  demoqaBase - ✅ Clicked on Alerts...
2025-09-12 19:24:01 [main] INFO  demoqaBase - Page Title is: Alerts
2025-09-12 19:24:04 [main] INFO  demoqaBase - 🔍 Starting test for On button click, prompt box will appear, Fill data...
🔹 Trying JS click on WebElement (attempt 1)
2025-09-12 19:24:04 [main] INFO  demoqaLog - 🔹 Trying JS click on WebElement (attempt 1)
🔹 Attempting JS click...
2025-09-12 19:24:04 [main] INFO  demoqaLog - 🔹 Attempting JS click...
2025-09-12 19:24:04 [main] INFO  demoqaBase - ✅ Clicked On button click, prompt box will appear, Fill data...
2025-09-12 19:24:04 [main] INFO  demoqaBase - ✅ On button click, prompt box will appear, message is: Please enter your name
2025-09-12 19:24:04 [main] INFO  demoqaBase - ✅ Your Selection was: You entered Java Selenium
2025-09-12 19:24:04 [main] INFO  demoqaBase - ✅ Alerts, Frames & Windows|Alerts|On button click, prompt box will appear, Fill data Test Completed...
]]></system-out>
  </testcase>
  <testcase name="ClickFrames" classname="tests.AlertsFramesWindowsTests" time="0.429">
    <system-out><![CDATA[2025-09-12 19:24:04 [main] INFO  demoqaBase - Closing browser for test: ClickPromptBoxFill
2025-09-12 19:24:05 [main] INFO  DriverFactory - 🌐 Starting Chrome Web Browser...
2025-09-12 19:24:05 [main] INFO  DriverFactory - ✅ Created temporary Chrome profile at C:\Users\dell\AppData\Local\Temp\chrome-profile-14782674450375923561
2025-09-12 19:24:06 [main] INFO  DriverFactory - 🚀 WebDriver started successfully
2025-09-12 19:24:06 [main] INFO  RetryUrlAccess - Navigating to URL (attempt 1): https://demoqa.com
2025-09-12 19:24:39 [main] INFO  demoqaBase - 🧪 Starting Test Alerts, Frames & Windows|Frames...
2025-09-12 19:24:39 [main] INFO  demoqaBase - Accessing Alerts, Frame & Windows Card...
Declared Instance WebDriverWait: org.openqa.selenium.support.ui.WebDriverWait@541afb85
2025-09-12 19:24:39 [main] INFO  demoqaLog - Clicking on Alert Frame & Windows Card...
🔹 Trying JS click by locator (attempt 1)
2025-09-12 19:24:40 [main] INFO  demoqaLog - 🔹 Trying JS click by locator (attempt 1)
🔹 Attempting JS click...
2025-09-12 19:24:40 [main] INFO  demoqaLog - 🔹 Attempting JS click...
2025-09-12 19:24:40 [main] INFO  demoqaLog - Clicked on Alert Frame & Windows Card...
Title of this Page is: DEMOQA
You are Accessing: Alerts, Frame & Windows
2025-09-12 19:24:40 [main] INFO  demoqaBase - Alerts, Frame & Windows Card: Please select an item from left to start practice.
2025-09-12 19:24:40 [main] INFO  demoqaBase - 🔍 Starting test for Frames click ..
🔹 Trying JS click on WebElement (attempt 1)
2025-09-12 19:24:40 [main] INFO  demoqaLog - 🔹 Trying JS click on WebElement (attempt 1)
🔹 Attempting JS click...
2025-09-12 19:24:40 [main] INFO  demoqaLog - 🔹 Attempting JS click...
2025-09-12 19:24:40 [main] INFO  demoqaBase - ✅ Clicked on Frames...
2025-09-12 19:24:40 [main] INFO  demoqaBase - Page Title is: Frames
2025-09-12 19:24:40 [main] INFO  demoqaBase - ✅ Alerts, Frames & Windows|Frames Test Completed...
]]></system-out>
  </testcase>
  <testcase name="GetFrame1" classname="tests.AlertsFramesWindowsTests" time="3.547">
    <system-out><![CDATA[2025-09-12 19:24:40 [main] INFO  demoqaBase - Closing browser for test: ClickFrames
2025-09-12 19:24:40 [main] INFO  DriverFactory - 🌐 Starting Chrome Web Browser...
2025-09-12 19:24:40 [main] INFO  DriverFactory - ✅ Created temporary Chrome profile at C:\Users\dell\AppData\Local\Temp\chrome-profile-1679877609103922183
2025-09-12 19:24:41 [main] INFO  DriverFactory - 🚀 WebDriver started successfully
2025-09-12 19:24:41 [main] INFO  RetryUrlAccess - Navigating to URL (attempt 1): https://demoqa.com
2025-09-12 19:25:22 [main] INFO  demoqaBase - 🧪 Starting Test Alerts, Frames & Windows|Frames|Frame1 message...
2025-09-12 19:25:22 [main] INFO  demoqaBase - Accessing Alerts, Frame & Windows Card...
Declared Instance WebDriverWait: org.openqa.selenium.support.ui.WebDriverWait@2dc39b53
2025-09-12 19:25:22 [main] INFO  demoqaLog - Clicking on Alert Frame & Windows Card...
🔹 Trying JS click by locator (attempt 1)
2025-09-12 19:25:22 [main] INFO  demoqaLog - 🔹 Trying JS click by locator (attempt 1)
🔹 Attempting JS click...
2025-09-12 19:25:22 [main] INFO  demoqaLog - 🔹 Attempting JS click...
2025-09-12 19:25:22 [main] INFO  demoqaLog - Clicked on Alert Frame & Windows Card...
Title of this Page is: DEMOQA
You are Accessing: Alerts, Frame & Windows
2025-09-12 19:25:22 [main] INFO  demoqaBase - Alerts, Frame & Windows Card: Please select an item from left to start practice.
2025-09-12 19:25:22 [main] INFO  demoqaBase - 🔍 Starting test for Frames click ..
🔹 Trying JS click on WebElement (attempt 1)
2025-09-12 19:25:22 [main] INFO  demoqaLog - 🔹 Trying JS click on WebElement (attempt 1)
🔹 Attempting JS click...
2025-09-12 19:25:22 [main] INFO  demoqaLog - 🔹 Attempting JS click...
2025-09-12 19:25:22 [main] INFO  demoqaBase - ✅ Clicked on Frames...
2025-09-12 19:25:22 [main] INFO  demoqaBase - Page Title is: Frames
2025-09-12 19:25:25 [main] INFO  demoqaBase - 🔍 Starting test for Frames|Frame1 Message...
2025-09-12 19:25:25 [main] INFO  demoqaBase - ✅ Switched to Frame1...
2025-09-12 19:25:25 [main] INFO  demoqaBase - Frame1 contains: This is a sample page
2025-09-12 19:25:25 [main] INFO  demoqaBase - ✅ Alerts, Frames & Windows|Frames|Frame1 message Test Completed...
]]></system-out>
  </testcase>
  <testcase name="GetFrame2" classname="tests.AlertsFramesWindowsTests" time="3.797">
    <system-out><![CDATA[2025-09-12 19:25:25 [main] INFO  demoqaBase - Closing browser for test: GetFrame1
2025-09-12 19:25:26 [main] INFO  DriverFactory - 🌐 Starting Chrome Web Browser...
2025-09-12 19:25:26 [main] INFO  DriverFactory - ✅ Created temporary Chrome profile at C:\Users\dell\AppData\Local\Temp\chrome-profile-14693455690802834876
2025-09-12 19:25:27 [main] INFO  DriverFactory - 🚀 WebDriver started successfully
2025-09-12 19:25:27 [main] INFO  RetryUrlAccess - Navigating to URL (attempt 1): https://demoqa.com
2025-09-12 19:26:27 [main] WARN  RetryUrlAccess - Navigation attempt 1 failed: timeout: Timed out receiving message from renderer: 59.051
  (Session info: chrome=137.0.7151.120)
Build info: version: '4.35.0', revision: '1c58e5028b'
System info: os.name: 'Windows 11', os.arch: 'amd64', os.version: '10.0', java.version: '21.0.7'
Driver info: org.openqa.selenium.chrome.ChromeDriver
Command: [14732a715470c34f7ba0dfd1084f1d3b, get {url=https://demoqa.com}]
Capabilities {acceptInsecureCerts: false, browserName: chrome, browserVersion: 137.0.7151.120, chrome: {chromedriverVersion: 137.0.7151.119 (e0ac9d12dff..., userDataDir: C:\Users\dell\AppData\Local...}, fedcm:accounts: true, goog:chromeOptions: {debuggerAddress: localhost:63295}, networkConnectionEnabled: false, pageLoadStrategy: normal, platformName: windows, proxy: Proxy(), se:cdp: ws://localhost:63295/devtoo..., se:cdpVersion: 137.0.7151.120, setWindowRect: true, strictFileInteractability: false, timeouts: {implicit: 0, pageLoad: 300000, script: 30000}, unhandledPromptBehavior: dismiss and notify, webauthn:extension:credBlob: true, webauthn:extension:largeBlob: true, webauthn:extension:minPinLength: true, webauthn:extension:prf: true, webauthn:virtualAuthenticators: true}
Session ID: 14732a715470c34f7ba0dfd1084f1d3b
2025-09-12 19:26:30 [main] INFO  RetryUrlAccess - Navigating to URL (attempt 2): https://demoqa.com
2025-09-12 19:26:31 [main] INFO  demoqaBase - 🧪 Starting Test Alerts, Frames & Windows|Frames|Frame2 message...
2025-09-12 19:26:31 [main] INFO  demoqaBase - Accessing Alerts, Frame & Windows Card...
Declared Instance WebDriverWait: org.openqa.selenium.support.ui.WebDriverWait@6ddc67d0
2025-09-12 19:26:31 [main] INFO  demoqaLog - Clicking on Alert Frame & Windows Card...
🔹 Trying JS click by locator (attempt 1)
2025-09-12 19:26:31 [main] INFO  demoqaLog - 🔹 Trying JS click by locator (attempt 1)
🔹 Attempting JS click...
2025-09-12 19:26:31 [main] INFO  demoqaLog - 🔹 Attempting JS click...
2025-09-12 19:26:31 [main] INFO  demoqaLog - Clicked on Alert Frame & Windows Card...
Title of this Page is: DEMOQA
You are Accessing: Alerts, Frame & Windows
2025-09-12 19:26:31 [main] INFO  demoqaBase - Alerts, Frame & Windows Card: Please select an item from left to start practice.
2025-09-12 19:26:31 [main] INFO  demoqaBase - 🔍 Starting test for Frames click ..
🔹 Trying JS click on WebElement (attempt 1)
2025-09-12 19:26:31 [main] INFO  demoqaLog - 🔹 Trying JS click on WebElement (attempt 1)
🔹 Attempting JS click...
2025-09-12 19:26:31 [main] INFO  demoqaLog - 🔹 Attempting JS click...
2025-09-12 19:26:31 [main] INFO  demoqaBase - ✅ Clicked on Frames...
2025-09-12 19:26:31 [main] INFO  demoqaBase - Page Title is: Frames
2025-09-12 19:26:34 [main] INFO  demoqaBase - 🔍 Starting test for Frames|Frame2 Message...
2025-09-12 19:26:34 [main] INFO  demoqaBase - ✅ Switched to Frame2...
2025-09-12 19:26:35 [main] INFO  demoqaBase - Frame2 contains: This is a sample page
2025-09-12 19:26:35 [main] INFO  demoqaBase - ✅ Alerts, Frames & Windows|Frames|Frame2 message Test Completed...
]]></system-out>
  </testcase>
  <testcase name="ClickModalDialogs" classname="tests.AlertsFramesWindowsTests" time="0.961">
    <system-out><![CDATA[2025-09-12 19:26:35 [main] INFO  demoqaBase - Closing browser for test: GetFrame2
2025-09-12 19:26:35 [main] INFO  DriverFactory - 🌐 Starting Chrome Web Browser...
2025-09-12 19:26:35 [main] INFO  DriverFactory - ✅ Created temporary Chrome profile at C:\Users\dell\AppData\Local\Temp\chrome-profile-17711933015231602041
2025-09-12 19:26:36 [main] INFO  DriverFactory - 🚀 WebDriver started successfully
2025-09-12 19:26:36 [main] INFO  RetryUrlAccess - Navigating to URL (attempt 1): https://demoqa.com
2025-09-12 19:27:36 [main] WARN  RetryUrlAccess - Navigation attempt 1 failed: timeout: Timed out receiving message from renderer: 59.135
  (Session info: chrome=137.0.7151.120)
Build info: version: '4.35.0', revision: '1c58e5028b'
System info: os.name: 'Windows 11', os.arch: 'amd64', os.version: '10.0', java.version: '21.0.7'
Driver info: org.openqa.selenium.chrome.ChromeDriver
Command: [cb7867ee148076f38b383a349c987293, get {url=https://demoqa.com}]
Capabilities {acceptInsecureCerts: false, browserName: chrome, browserVersion: 137.0.7151.120, chrome: {chromedriverVersion: 137.0.7151.119 (e0ac9d12dff..., userDataDir: C:\Users\dell\AppData\Local...}, fedcm:accounts: true, goog:chromeOptions: {debuggerAddress: localhost:63513}, networkConnectionEnabled: false, pageLoadStrategy: normal, platformName: windows, proxy: Proxy(), se:cdp: ws://localhost:63513/devtoo..., se:cdpVersion: 137.0.7151.120, setWindowRect: true, strictFileInteractability: false, timeouts: {implicit: 0, pageLoad: 300000, script: 30000}, unhandledPromptBehavior: dismiss and notify, webauthn:extension:credBlob: true, webauthn:extension:largeBlob: true, webauthn:extension:minPinLength: true, webauthn:extension:prf: true, webauthn:virtualAuthenticators: true}
Session ID: cb7867ee148076f38b383a349c987293
2025-09-12 19:27:39 [main] INFO  RetryUrlAccess - Navigating to URL (attempt 2): https://demoqa.com
2025-09-12 19:27:40 [main] INFO  demoqaBase - 🧪 Starting Test Alerts, Frames & Windows|Modal Dialogs...
2025-09-12 19:27:40 [main] INFO  demoqaBase - Accessing Alerts, Frame & Windows Card...
Declared Instance WebDriverWait: org.openqa.selenium.support.ui.WebDriverWait@baa9ce4
2025-09-12 19:27:40 [main] INFO  demoqaLog - Clicking on Alert Frame & Windows Card...
🔹 Trying JS click by locator (attempt 1)
2025-09-12 19:27:40 [main] INFO  demoqaLog - 🔹 Trying JS click by locator (attempt 1)
🔹 Attempting JS click...
2025-09-12 19:27:40 [main] INFO  demoqaLog - 🔹 Attempting JS click...
2025-09-12 19:27:40 [main] INFO  demoqaLog - Clicked on Alert Frame & Windows Card...
Title of this Page is: DEMOQA
You are Accessing: Alerts, Frame & Windows
2025-09-12 19:27:40 [main] INFO  demoqaBase - Alerts, Frame & Windows Card: Please select an item from left to start practice.
2025-09-12 19:27:40 [main] INFO  demoqaBase - 🔍 Starting test for Frames|Modal Dialogs click ..
🔹 Trying JS click on WebElement (attempt 1)
2025-09-12 19:27:40 [main] INFO  demoqaLog - 🔹 Trying JS click on WebElement (attempt 1)
🔹 Attempting JS click...
2025-09-12 19:27:40 [main] INFO  demoqaLog - 🔹 Attempting JS click...
2025-09-12 19:27:40 [main] INFO  demoqaBase - ✅ Clicked on Modal Dialogs...
2025-09-12 19:27:41 [main] INFO  demoqaBase - Page Title is: Modal Dialogs
2025-09-12 19:27:41 [main] INFO  demoqaBase - ✅ Alerts, Frames & Windows|Modal Dialogs Test Completed...
]]></system-out>
  </testcase>
  <testcase name="ClickNestedFrames" classname="tests.AlertsFramesWindowsTests" time="3.391">
    <system-out><![CDATA[2025-09-12 19:27:41 [main] INFO  demoqaBase - Closing browser for test: ClickModalDialogs
2025-09-12 19:27:41 [main] INFO  DriverFactory - 🌐 Starting Chrome Web Browser...
2025-09-12 19:27:41 [main] INFO  DriverFactory - ✅ Created temporary Chrome profile at C:\Users\dell\AppData\Local\Temp\chrome-profile-17932760133963868093
2025-09-12 19:27:42 [main] INFO  DriverFactory - 🚀 WebDriver started successfully
2025-09-12 19:27:42 [main] INFO  RetryUrlAccess - Navigating to URL (attempt 1): https://demoqa.com
2025-09-12 19:28:16 [main] INFO  demoqaBase - 🧪 Starting Test Alerts, Frames & Windows|Nested Frames...
2025-09-12 19:28:16 [main] INFO  demoqaBase - Accessing Alerts, Frame & Windows Card...
Declared Instance WebDriverWait: org.openqa.selenium.support.ui.WebDriverWait@2ab9e43e
2025-09-12 19:28:16 [main] INFO  demoqaLog - Clicking on Alert Frame & Windows Card...
🔹 Trying JS click by locator (attempt 1)
2025-09-12 19:28:16 [main] INFO  demoqaLog - 🔹 Trying JS click by locator (attempt 1)
🔹 Attempting JS click...
2025-09-12 19:28:16 [main] INFO  demoqaLog - 🔹 Attempting JS click...
2025-09-12 19:28:16 [main] INFO  demoqaLog - Clicked on Alert Frame & Windows Card...
Title of this Page is: DEMOQA
You are Accessing: Alerts, Frame & Windows
2025-09-12 19:28:16 [main] INFO  demoqaBase - Alerts, Frame & Windows Card: Please select an item from left to start practice.
2025-09-12 19:28:19 [main] INFO  demoqaBase - 🔍 Starting test for Frames|Nested Frames click ..
🔹 Trying JS click on WebElement (attempt 1)
2025-09-12 19:28:19 [main] INFO  demoqaLog - 🔹 Trying JS click on WebElement (attempt 1)
🔹 Attempting JS click...
2025-09-12 19:28:19 [main] INFO  demoqaLog - 🔹 Attempting JS click...
2025-09-12 19:28:19 [main] INFO  demoqaBase - ✅ Clicked on Nested Frames...
2025-09-12 19:28:19 [main] INFO  demoqaBase - Page Title is: Nested Frames
2025-09-12 19:28:19 [main] INFO  demoqaBase - ✅ Alerts, Frames & Windows|Nested Frames Test Completed...
]]></system-out>
  </testcase>
  <testcase name="ClickLargeModal" classname="tests.AlertsFramesWindowsTests" time="3.529">
    <failure message="expected [] but found [Large Modal]" type="java.lang.AssertionError"><![CDATA[java.lang.AssertionError: expected [] but found [Large Modal]
	at org.testng.Assert.fail(Assert.java:111)
	at org.testng.Assert.failNotEquals(Assert.java:1590)
	at org.testng.Assert.assertEqualsImpl(Assert.java:150)
	at org.testng.Assert.assertEquals(Assert.java:132)
	at org.testng.Assert.assertEquals(Assert.java:656)
	at org.testng.Assert.assertEquals(Assert.java:666)
	at pages.alertsframewindowsPage.clickLargeModal(alertsframewindowsPage.java:462)
	at tests.AlertsFramesWindowsTests.ClickLargeModal(AlertsFramesWindowsTests.java:330)
	at java.base/jdk.internal.reflect.DirectMethodHandleAccessor.invoke(DirectMethodHandleAccessor.java:103)
	at java.base/java.lang.reflect.Method.invoke(Method.java:580)
	at org.testng.internal.invokers.MethodInvocationHelper.invokeMethod(MethodInvocationHelper.java:141)
	at org.testng.internal.invokers.TestInvoker.invokeMethod(TestInvoker.java:687)
	at org.testng.internal.invokers.TestInvoker.invokeTestMethod(TestInvoker.java:230)
	at org.testng.internal.invokers.MethodRunner.runInSequence(MethodRunner.java:63)
	at org.testng.internal.invokers.TestInvoker$MethodInvocationAgent.invoke(TestInvoker.java:995)
	at org.testng.internal.invokers.TestInvoker.invokeTestMethods(TestInvoker.java:203)
	at org.testng.internal.invokers.TestMethodWorker.invokeTestMethods(TestMethodWorker.java:154)
	at org.testng.internal.invokers.TestMethodWorker.run(TestMethodWorker.java:134)
	at java.base/java.util.ArrayList.forEach(ArrayList.java:1596)
	at org.testng.TestRunner.privateRun(TestRunner.java:741)
	at org.testng.TestRunner.run(TestRunner.java:616)
	at org.testng.SuiteRunner.runTest(SuiteRunner.java:421)
	at org.testng.SuiteRunner.runSequentially(SuiteRunner.java:413)
	at org.testng.SuiteRunner.privateRun(SuiteRunner.java:373)
	at org.testng.SuiteRunner.run(SuiteRunner.java:312)
	at org.testng.SuiteRunnerWorker.runSuite(SuiteRunnerWorker.java:52)
	at org.testng.SuiteRunnerWorker.run(SuiteRunnerWorker.java:95)
	at org.testng.TestNG.runSuitesSequentially(TestNG.java:1274)
	at org.testng.TestNG.runSuitesLocally(TestNG.java:1208)
	at org.testng.TestNG.runSuites(TestNG.java:1112)
	at org.testng.TestNG.run(TestNG.java:1079)
	at org.apache.maven.surefire.testng.TestNGExecutor.run(TestNGExecutor.java:155)
	at org.apache.maven.surefire.testng.TestNGDirectoryTestSuite.executeMulti(TestNGDirectoryTestSuite.java:169)
	at org.apache.maven.surefire.testng.TestNGDirectoryTestSuite.execute(TestNGDirectoryTestSuite.java:88)
	at org.apache.maven.surefire.testng.TestNGProvider.invoke(TestNGProvider.java:137)
	at org.apache.maven.surefire.booter.ForkedBooter.runSuitesInProcess(ForkedBooter.java:385)
	at org.apache.maven.surefire.booter.ForkedBooter.execute(ForkedBooter.java:162)
	at org.apache.maven.surefire.booter.ForkedBooter.run(ForkedBooter.java:507)
	at org.apache.maven.surefire.booter.ForkedBooter.main(ForkedBooter.java:495)
]]></failure>
    <system-out><![CDATA[2025-09-12 19:28:19 [main] INFO  demoqaBase - Closing browser for test: ClickNestedFrames
2025-09-12 19:28:20 [main] INFO  DriverFactory - 🌐 Starting Chrome Web Browser...
2025-09-12 19:28:20 [main] INFO  DriverFactory - ✅ Created temporary Chrome profile at C:\Users\dell\AppData\Local\Temp\chrome-profile-7763640479589048748
2025-09-12 19:28:21 [main] INFO  DriverFactory - 🚀 WebDriver started successfully
2025-09-12 19:28:21 [main] INFO  RetryUrlAccess - Navigating to URL (attempt 1): https://demoqa.com
2025-09-12 19:28:43 [main] INFO  demoqaBase - 🧪 Starting Test Alerts, Frames & Windows|Modal Dialogs|Large Modal...
2025-09-12 19:28:43 [main] INFO  demoqaBase - Accessing Alerts, Frame & Windows Card...
Declared Instance WebDriverWait: org.openqa.selenium.support.ui.WebDriverWait@5731caaf
2025-09-12 19:28:43 [main] INFO  demoqaLog - Clicking on Alert Frame & Windows Card...
🔹 Trying JS click by locator (attempt 1)
2025-09-12 19:28:43 [main] INFO  demoqaLog - 🔹 Trying JS click by locator (attempt 1)
🔹 Attempting JS click...
2025-09-12 19:28:43 [main] INFO  demoqaLog - 🔹 Attempting JS click...
2025-09-12 19:28:44 [main] INFO  demoqaLog - Clicked on Alert Frame & Windows Card...
Title of this Page is: DEMOQA
You are Accessing: Alerts, Frame & Windows
2025-09-12 19:28:44 [main] INFO  demoqaBase - Alerts, Frame & Windows Card: Please select an item from left to start practice.
2025-09-12 19:28:44 [main] INFO  demoqaBase - 🔍 Starting test for Frames|Modal Dialogs click ..
🔹 Trying JS click on WebElement (attempt 1)
2025-09-12 19:28:44 [main] INFO  demoqaLog - 🔹 Trying JS click on WebElement (attempt 1)
🔹 Attempting JS click...
2025-09-12 19:28:44 [main] INFO  demoqaLog - 🔹 Attempting JS click...
2025-09-12 19:28:44 [main] INFO  demoqaBase - ✅ Clicked on Modal Dialogs...
2025-09-12 19:28:44 [main] INFO  demoqaBase - Page Title is: Modal Dialogs
2025-09-12 19:28:47 [main] INFO  demoqaBase - 🔍 Starting test for Frames|Modal Dialogs|Large Modal click...
🔹 Trying JS click on WebElement (attempt 1)
2025-09-12 19:28:47 [main] INFO  demoqaLog - 🔹 Trying JS click on WebElement (attempt 1)
🔹 Attempting JS click...
2025-09-12 19:28:47 [main] INFO  demoqaLog - 🔹 Attempting JS click...
2025-09-12 19:28:47 [main] INFO  demoqaBase - ✅ Clicked on Modal Dialogs|Large Modal...
2025-09-12 19:28:47 [main] INFO  demoqaBase - Page Title is: 
]]></system-out>
  </testcase>
  <testcase name="ClickSmallModal" classname="tests.AlertsFramesWindowsTests" time="3.661">
    <system-out><![CDATA[Path for Screenshot is: C:\ASN\eclipse_workspace\demoqa-automation/screenshots/ClickLargeModal_Failed_20250912_192847+2025-09-12_19-28-47.png
2025-09-12 19:28:47 [main] ERROR demoqaBase - ❌ Test ClickLargeModal failed. Screenshot captured.
2025-09-12 19:28:47 [main] INFO  demoqaBase - Closing browser for test: ClickLargeModal
2025-09-12 19:28:48 [main] INFO  DriverFactory - 🌐 Starting Chrome Web Browser...
2025-09-12 19:28:48 [main] INFO  DriverFactory - ✅ Created temporary Chrome profile at C:\Users\dell\AppData\Local\Temp\chrome-profile-16596147991299270274
2025-09-12 19:28:48 [main] INFO  DriverFactory - 🚀 WebDriver started successfully
2025-09-12 19:28:48 [main] INFO  RetryUrlAccess - Navigating to URL (attempt 1): https://demoqa.com
2025-09-12 19:29:13 [main] INFO  demoqaBase - 🧪 Starting Test Alerts, Frames & Windows|Modal Dialogs|Small Modal...
2025-09-12 19:29:13 [main] INFO  demoqaBase - Accessing Alerts, Frame & Windows Card...
Declared Instance WebDriverWait: org.openqa.selenium.support.ui.WebDriverWait@6ec3d8e4
2025-09-12 19:29:13 [main] INFO  demoqaLog - Clicking on Alert Frame & Windows Card...
🔹 Trying JS click by locator (attempt 1)
2025-09-12 19:29:13 [main] INFO  demoqaLog - 🔹 Trying JS click by locator (attempt 1)
🔹 Attempting JS click...
2025-09-12 19:29:13 [main] INFO  demoqaLog - 🔹 Attempting JS click...
2025-09-12 19:29:13 [main] INFO  demoqaLog - Clicked on Alert Frame & Windows Card...
Title of this Page is: DEMOQA
You are Accessing: Alerts, Frame & Windows
2025-09-12 19:29:13 [main] INFO  demoqaBase - Alerts, Frame & Windows Card: Please select an item from left to start practice.
2025-09-12 19:29:13 [main] INFO  demoqaBase - 🔍 Starting test for Frames|Modal Dialogs click ..
🔹 Trying JS click on WebElement (attempt 1)
2025-09-12 19:29:13 [main] INFO  demoqaLog - 🔹 Trying JS click on WebElement (attempt 1)
🔹 Attempting JS click...
2025-09-12 19:29:13 [main] INFO  demoqaLog - 🔹 Attempting JS click...
2025-09-12 19:29:13 [main] INFO  demoqaBase - ✅ Clicked on Modal Dialogs...
2025-09-12 19:29:13 [main] INFO  demoqaBase - Page Title is: Modal Dialogs
2025-09-12 19:29:16 [main] INFO  demoqaBase - 🔍 Starting test for Frames|Modal Dialogs|Small Modal click...
🔹 Trying JS click on WebElement (attempt 1)
2025-09-12 19:29:16 [main] INFO  demoqaLog - 🔹 Trying JS click on WebElement (attempt 1)
🔹 Attempting JS click...
2025-09-12 19:29:16 [main] INFO  demoqaLog - 🔹 Attempting JS click...
2025-09-12 19:29:16 [main] INFO  demoqaBase - ✅ Clicked on Modal Dialogs|Small Modal...
2025-09-12 19:29:16 [main] INFO  demoqaBase - Page Title is: Small Modal
2025-09-12 19:29:16 [main] INFO  demoqaBase - Small Modal Body Contains: This is a small modal. It has very less content
🔹 Trying JS click on WebElement (attempt 1)
2025-09-12 19:29:16 [main] INFO  demoqaLog - 🔹 Trying JS click on WebElement (attempt 1)
🔹 Attempting JS click...
2025-09-12 19:29:16 [main] INFO  demoqaLog - 🔹 Attempting JS click...
2025-09-12 19:29:17 [main] INFO  demoqaBase - ✅ Alerts, Frames & Windows|Modal Dialogs|Small Modal click Test Completed...
]]></system-out>
  </testcase>
  <testcase name="GetParentFrame" classname="tests.AlertsFramesWindowsTests" time="6.782">
    <system-out><![CDATA[2025-09-12 19:29:17 [main] INFO  demoqaBase - Closing browser for test: ClickSmallModal
2025-09-12 19:29:17 [main] INFO  DriverFactory - 🌐 Starting Chrome Web Browser...
2025-09-12 19:29:17 [main] INFO  DriverFactory - ✅ Created temporary Chrome profile at C:\Users\dell\AppData\Local\Temp\chrome-profile-1015353131823591029
2025-09-12 19:29:18 [main] INFO  DriverFactory - 🚀 WebDriver started successfully
2025-09-12 19:29:18 [main] INFO  RetryUrlAccess - Navigating to URL (attempt 1): https://demoqa.com
2025-09-12 19:30:18 [main] WARN  RetryUrlAccess - Navigation attempt 1 failed: timeout: Timed out receiving message from renderer: 59.001
  (Session info: chrome=137.0.7151.120)
Build info: version: '4.35.0', revision: '1c58e5028b'
System info: os.name: 'Windows 11', os.arch: 'amd64', os.version: '10.0', java.version: '21.0.7'
Driver info: org.openqa.selenium.chrome.ChromeDriver
Command: [175d751781827bdc9dbe6123b8f6828e, get {url=https://demoqa.com}]
Capabilities {acceptInsecureCerts: false, browserName: chrome, browserVersion: 137.0.7151.120, chrome: {chromedriverVersion: 137.0.7151.119 (e0ac9d12dff..., userDataDir: C:\Users\dell\AppData\Local...}, fedcm:accounts: true, goog:chromeOptions: {debuggerAddress: localhost:64153}, networkConnectionEnabled: false, pageLoadStrategy: normal, platformName: windows, proxy: Proxy(), se:cdp: ws://localhost:64153/devtoo..., se:cdpVersion: 137.0.7151.120, setWindowRect: true, strictFileInteractability: false, timeouts: {implicit: 0, pageLoad: 300000, script: 30000}, unhandledPromptBehavior: dismiss and notify, webauthn:extension:credBlob: true, webauthn:extension:largeBlob: true, webauthn:extension:minPinLength: true, webauthn:extension:prf: true, webauthn:virtualAuthenticators: true}
Session ID: 175d751781827bdc9dbe6123b8f6828e
2025-09-12 19:30:21 [main] INFO  RetryUrlAccess - Navigating to URL (attempt 2): https://demoqa.com
2025-09-12 19:30:21 [main] INFO  demoqaBase - 🧪 Starting Test Alerts, Frames & Windows|Frames|Parent Frame message...
2025-09-12 19:30:21 [main] INFO  demoqaBase - Accessing Alerts, Frame & Windows Card...
Declared Instance WebDriverWait: org.openqa.selenium.support.ui.WebDriverWait@3bcc8f13
2025-09-12 19:30:21 [main] INFO  demoqaLog - Clicking on Alert Frame & Windows Card...
🔹 Trying JS click by locator (attempt 1)
2025-09-12 19:30:22 [main] INFO  demoqaLog - 🔹 Trying JS click by locator (attempt 1)
🔹 Attempting JS click...
2025-09-12 19:30:22 [main] INFO  demoqaLog - 🔹 Attempting JS click...
2025-09-12 19:30:22 [main] INFO  demoqaLog - Clicked on Alert Frame & Windows Card...
Title of this Page is: DEMOQA
You are Accessing: Alerts, Frame & Windows
2025-09-12 19:30:22 [main] INFO  demoqaBase - Alerts, Frame & Windows Card: Please select an item from left to start practice.
2025-09-12 19:30:22 [main] INFO  demoqaBase - 🔍 Starting test for Frames|Nested Frames click ..
🔹 Trying JS click on WebElement (attempt 1)
2025-09-12 19:30:22 [main] INFO  demoqaLog - 🔹 Trying JS click on WebElement (attempt 1)
🔹 Attempting JS click...
2025-09-12 19:30:22 [main] INFO  demoqaLog - 🔹 Attempting JS click...
2025-09-12 19:30:22 [main] INFO  demoqaBase - ✅ Clicked on Nested Frames...
2025-09-12 19:30:22 [main] INFO  demoqaBase - Page Title is: Nested Frames
2025-09-12 19:30:25 [main] INFO  demoqaBase - 🔍 Starting test for Frames|Parent Frame Message...
2025-09-12 19:30:28 [main] INFO  demoqaBase - After switching, frame body contains: [Parent frame]
2025-09-12 19:30:28 [main] INFO  demoqaBase - ✅ Alerts, Frames & Windows|Frames|Parent Frame message Test Completed...
]]></system-out>
  </testcase>
  <testcase name="GetChildFrame" classname="tests.AlertsFramesWindowsTests" time="3.551">
    <system-out><![CDATA[2025-09-12 19:30:28 [main] INFO  demoqaBase - Closing browser for test: GetParentFrame
2025-09-12 19:30:29 [main] INFO  DriverFactory - 🌐 Starting Chrome Web Browser...
2025-09-12 19:30:29 [main] INFO  DriverFactory - ✅ Created temporary Chrome profile at C:\Users\dell\AppData\Local\Temp\chrome-profile-3113235154159485949
2025-09-12 19:30:30 [main] INFO  DriverFactory - 🚀 WebDriver started successfully
2025-09-12 19:30:30 [main] INFO  RetryUrlAccess - Navigating to URL (attempt 1): https://demoqa.com
2025-09-12 19:31:30 [main] WARN  RetryUrlAccess - Navigation attempt 1 failed: timeout: Timed out receiving message from renderer: 59.009
  (Session info: chrome=137.0.7151.120)
Build info: version: '4.35.0', revision: '1c58e5028b'
System info: os.name: 'Windows 11', os.arch: 'amd64', os.version: '10.0', java.version: '21.0.7'
Driver info: org.openqa.selenium.chrome.ChromeDriver
Command: [99422a3de4e7d6d8b81600b72dda3276, get {url=https://demoqa.com}]
Capabilities {acceptInsecureCerts: false, browserName: chrome, browserVersion: 137.0.7151.120, chrome: {chromedriverVersion: 137.0.7151.119 (e0ac9d12dff..., userDataDir: C:\Users\dell\AppData\Local...}, fedcm:accounts: true, goog:chromeOptions: {debuggerAddress: localhost:64403}, networkConnectionEnabled: false, pageLoadStrategy: normal, platformName: windows, proxy: Proxy(), se:cdp: ws://localhost:64403/devtoo..., se:cdpVersion: 137.0.7151.120, setWindowRect: true, strictFileInteractability: false, timeouts: {implicit: 0, pageLoad: 300000, script: 30000}, unhandledPromptBehavior: dismiss and notify, webauthn:extension:credBlob: true, webauthn:extension:largeBlob: true, webauthn:extension:minPinLength: true, webauthn:extension:prf: true, webauthn:virtualAuthenticators: true}
Session ID: 99422a3de4e7d6d8b81600b72dda3276
2025-09-12 19:31:33 [main] INFO  RetryUrlAccess - Navigating to URL (attempt 2): https://demoqa.com
2025-09-12 19:31:33 [main] INFO  demoqaBase - 🧪 Starting Test Alerts, Frames & Windows|Frames|Child Frame message...
2025-09-12 19:31:33 [main] INFO  demoqaBase - Accessing Alerts, Frame & Windows Card...
Declared Instance WebDriverWait: org.openqa.selenium.support.ui.WebDriverWait@26d8908e
2025-09-12 19:31:33 [main] INFO  demoqaLog - Clicking on Alert Frame & Windows Card...
🔹 Trying JS click by locator (attempt 1)
2025-09-12 19:31:33 [main] INFO  demoqaLog - 🔹 Trying JS click by locator (attempt 1)
🔹 Attempting JS click...
2025-09-12 19:31:33 [main] INFO  demoqaLog - 🔹 Attempting JS click...
2025-09-12 19:31:33 [main] INFO  demoqaLog - Clicked on Alert Frame & Windows Card...
Title of this Page is: DEMOQA
You are Accessing: Alerts, Frame & Windows
2025-09-12 19:31:34 [main] INFO  demoqaBase - Alerts, Frame & Windows Card: Please select an item from left to start practice.
2025-09-12 19:31:34 [main] INFO  demoqaBase - 🔍 Starting test for Frames|Nested Frames click ..
🔹 Trying JS click on WebElement (attempt 1)
2025-09-12 19:31:34 [main] INFO  demoqaLog - 🔹 Trying JS click on WebElement (attempt 1)
🔹 Attempting JS click...
2025-09-12 19:31:34 [main] INFO  demoqaLog - 🔹 Attempting JS click...
2025-09-12 19:31:34 [main] INFO  demoqaBase - ✅ Clicked on Nested Frames...
2025-09-12 19:31:34 [main] INFO  demoqaBase - Page Title is: Nested Frames
2025-09-12 19:31:37 [main] INFO  demoqaBase - 🔍 Starting test for Frames|Child Frame Message...
2025-09-12 19:31:37 [main] INFO  demoqaBase - After switching, frame body contains: [Child Iframe]
2025-09-12 19:31:37 [main] INFO  demoqaBase - ✅ Alerts, Frames & Windows|Frames|Child Frame message Test Completed...
]]></system-out>
  </testcase>
  <testcase name="ElementsCard" classname="tests.ElementsTests" time="0.372">
    <system-out><![CDATA[2025-09-12 19:31:37 [main] INFO  demoqaBase - Closing browser for test: GetChildFrame
2025-09-12 19:31:37 [main] INFO  DriverFactory - 🌐 Starting Chrome Web Browser...
2025-09-12 19:31:37 [main] INFO  DriverFactory - ✅ Created temporary Chrome profile at C:\Users\dell\AppData\Local\Temp\chrome-profile-1447366426030308213
2025-09-12 19:31:38 [main] INFO  DriverFactory - 🚀 WebDriver started successfully
2025-09-12 19:31:38 [main] INFO  RetryUrlAccess - Navigating to URL (attempt 1): https://demoqa.com
2025-09-12 19:32:38 [main] WARN  RetryUrlAccess - Navigation attempt 1 failed: timeout: Timed out receiving message from renderer: 59.064
  (Session info: chrome=137.0.7151.120)
Build info: version: '4.35.0', revision: '1c58e5028b'
System info: os.name: 'Windows 11', os.arch: 'amd64', os.version: '10.0', java.version: '21.0.7'
Driver info: org.openqa.selenium.chrome.ChromeDriver
Command: [42da4c19722c394108ed12993a4e9a3f, get {url=https://demoqa.com}]
Capabilities {acceptInsecureCerts: false, browserName: chrome, browserVersion: 137.0.7151.120, chrome: {chromedriverVersion: 137.0.7151.119 (e0ac9d12dff..., userDataDir: C:\Users\dell\AppData\Local...}, fedcm:accounts: true, goog:chromeOptions: {debuggerAddress: localhost:64590}, networkConnectionEnabled: false, pageLoadStrategy: normal, platformName: windows, proxy: Proxy(), se:cdp: ws://localhost:64590/devtoo..., se:cdpVersion: 137.0.7151.120, setWindowRect: true, strictFileInteractability: false, timeouts: {implicit: 0, pageLoad: 300000, script: 30000}, unhandledPromptBehavior: dismiss and notify, webauthn:extension:credBlob: true, webauthn:extension:largeBlob: true, webauthn:extension:minPinLength: true, webauthn:extension:prf: true, webauthn:virtualAuthenticators: true}
Session ID: 42da4c19722c394108ed12993a4e9a3f
2025-09-12 19:32:41 [main] INFO  RetryUrlAccess - Navigating to URL (attempt 2): https://demoqa.com
2025-09-12 19:32:42 [main] INFO  demoqaBase - 🧪 Starting Test Elements | Text Box Test...
Instance Variables Declared are: nullnull
2025-09-12 19:32:42 [main] INFO  demoqaBase - Accessing Elements Card...
2025-09-12 19:32:42 [main] INFO  demoqaLog - Clicking on Elements Card...
🔹 Trying JS click by locator (attempt 1)
2025-09-12 19:32:42 [main] INFO  demoqaLog - 🔹 Trying JS click by locator (attempt 1)
🔹 Attempting JS click...
2025-09-12 19:32:42 [main] INFO  demoqaLog - 🔹 Attempting JS click...
⚡ Falling back to native click by locator (attempt 1)
2025-09-12 19:32:42 [main] INFO  demoqaLog - ⚡ Falling back to native click by locator (attempt 1)
2025-09-12 19:32:42 [main] INFO  demoqaLog - Clicked on Elements Card...
Title of this Page is: DEMOQA
You are Accessing: Elements
 
Elements: Please select an item from left to start practice.
2025-09-12 19:32:42 [main] INFO  demoqaBase - Elements: Please select an item from left to start practice.
Title of this Page is: DEMOQA
2025-09-12 19:32:42 [main] INFO  demoqaBase - ✅ Element Card Test Completed...
]]></system-out>
  </testcase>
  <testcase name="TextBox[TextBoxUser{firstName=&apos;Johny&apos;, lastName=&apos;Bravo&apos;, email=&apos;Jbravo@demoqa.com&apos;, currentAddress=&apos;301 Town 481, Brookville\n kansas 42129\n United States&apos;, permanentAddress=&apos;511 Grant 481, Prattsville\n Arkansas 72129\n United States&apos;}](1)" classname="tests.ElementsTests" time="4.427">
    <system-out><![CDATA[2025-09-12 19:32:42 [main] INFO  demoqaBase - Closing browser for test: ElementsCard
2025-09-12 19:32:43 [main] WARN  PauseManager - ⏸ Pausing for 5 minutes after 20 tests...
2025-09-12 19:32:43 [main] INFO  PauseManager - ▶ Resuming in 5 minutes...
2025-09-12 19:33:43 [main] INFO  PauseManager - ▶ Resuming in 4 minutes...
2025-09-12 19:34:43 [main] INFO  PauseManager - ▶ Resuming in 3 minutes...
2025-09-12 19:35:43 [main] INFO  PauseManager - ▶ Resuming in 2 minutes...
2025-09-12 19:36:44 [main] INFO  PauseManager - ▶ Resuming in 1 minutes...
2025-09-12 19:37:34 [main] INFO  PauseManager - ▶ Resuming in 10 seconds...
2025-09-12 19:37:35 [main] INFO  PauseManager - ▶ Resuming in 9 seconds...
2025-09-12 19:37:36 [main] INFO  PauseManager - ▶ Resuming in 8 seconds...
2025-09-12 19:37:37 [main] INFO  PauseManager - ▶ Resuming in 7 seconds...
2025-09-12 19:37:38 [main] INFO  PauseManager - ▶ Resuming in 6 seconds...
2025-09-12 19:37:39 [main] INFO  PauseManager - ▶ Resuming in 5 seconds...
2025-09-12 19:37:40 [main] INFO  PauseManager - ▶ Resuming in 4 seconds...
2025-09-12 19:37:41 [main] INFO  PauseManager - ▶ Resuming in 3 seconds...
2025-09-12 19:37:42 [main] INFO  PauseManager - ▶ Resuming in 2 seconds...
2025-09-12 19:37:43 [main] INFO  PauseManager - ▶ Resuming in 1 seconds...
2025-09-12 19:37:44 [main] INFO  PauseManager - ✅ Pause complete. Resuming tests...
🧾 Row 1: {Salary=28000.0, Email=Jbravo@demoqa.com, Address=511 Grant 481, Prattsville\n Arkansas 72129\n United States, First Name=Johny, Gender=Male, City=Delhi, Mobile=9.238343488E9, Hobbies=Sports,Music, Subject=Computer Science, Current Address=301 Town 481, Brookville\n kansas 42129\n United States, Department=Information Technology, DOB=15/08/2000, Picture=/TestData/Mphoto.jpg, State=NCR, Last Name=Bravo, Age=34.0}
🔍 Mapping field: firstName | Excel Column: First Name | Value: Johny
🔍 Mapping field: lastName | Excel Column: Last Name | Value: Bravo
🔍 Mapping field: email | Excel Column: Email | Value: Jbravo@demoqa.com
🔍 Mapping field: currentAddress | Excel Column: Current Address | Value: 301 Town 481, Brookville\n kansas 42129\n United States
🔍 Mapping field: permanentAddress | Excel Column: Address | Value: 511 Grant 481, Prattsville\n Arkansas 72129\n United States
🧾 Row 2: {Salary=18000.0, Email=GFemina@demoqa.com, Address=512 Grant 481, Prattsville\n Arkansas 72129\n United States, First Name=Gene, Gender=Female, City=Merrut, Mobile=1.888343432E9, Hobbies=Music,Reading, Subject=Accounting, Current Address=302 Town 481, Brookville\n kansas 42129\n United States, Department=Finance, DOB=22/05/2002, Picture=/TestData/Fphoto.png, State=Uttar Pradesh, Last Name=Femina, Age=30.0}
🔍 Mapping field: firstName | Excel Column: First Name | Value: Gene
🔍 Mapping field: lastName | Excel Column: Last Name | Value: Femina
🔍 Mapping field: email | Excel Column: Email | Value: GFemina@demoqa.com
🔍 Mapping field: currentAddress | Excel Column: Current Address | Value: 302 Town 481, Brookville\n kansas 42129\n United States
🔍 Mapping field: permanentAddress | Excel Column: Address | Value: 512 Grant 481, Prattsville\n Arkansas 72129\n United States
🧾 Row 3: {Salary=15000.0, Email=BWisem@demoqa.com, Address=513 Grant 481, Prattsville\n Arkansas 72129\n United States, First Name=Bud, Gender=Other, City=Panipat, Mobile=8.932465432E9, Hobbies=Reading, Subject=Biology, Current Address=303 Town 481, Brookville\n kansas 42129\n United States, Department=Medicine, DOB=31/12/1999, Picture=/TestData/Ophoto.jpg, State=Haryana, Last Name=Wisem, Age=40.0}
🔍 Mapping field: firstName | Excel Column: First Name | Value: Bud
🔍 Mapping field: lastName | Excel Column: Last Name | Value: Wisem
🔍 Mapping field: email | Excel Column: Email | Value: BWisem@demoqa.com
🔍 Mapping field: currentAddress | Excel Column: Current Address | Value: 303 Town 481, Brookville\n kansas 42129\n United States
🔍 Mapping field: permanentAddress | Excel Column: Address | Value: 513 Grant 481, Prattsville\n Arkansas 72129\n United States
🧾 Row 4: {Salary=19000.0, Email=TBoss@demoqa.com, Address=514 Grant 481, Prattsville\n Arkansas 72129\n United States, First Name=Tom, Gender=Male, City=Jaiselmer, Mobile=7.839875281E9, Hobbies=Sports,Reading, Subject=Social Studies, Current Address=304 Town 481, Brookville\n kansas 42129\n United States, Department=Recreation, DOB=1/26/03, Picture=/TestData/M2photo.jpg, State=Rajasthan, Last Name=Boss, Age=42.0}
🔍 Mapping field: firstName | Excel Column: First Name | Value: Tom
🔍 Mapping field: lastName | Excel Column: Last Name | Value: Boss
🔍 Mapping field: email | Excel Column: Email | Value: TBoss@demoqa.com
🔍 Mapping field: currentAddress | Excel Column: Current Address | Value: 304 Town 481, Brookville\n kansas 42129\n United States
🔍 Mapping field: permanentAddress | Excel Column: Address | Value: 514 Grant 481, Prattsville\n Arkansas 72129\n United States
2025-09-12 19:37:44 [main] INFO  DriverFactory - 🌐 Starting Chrome Web Browser...
2025-09-12 19:37:44 [main] INFO  DriverFactory - ✅ Created temporary Chrome profile at C:\Users\dell\AppData\Local\Temp\chrome-profile-14116377378893671957
2025-09-12 19:37:45 [main] INFO  DriverFactory - 🚀 WebDriver started successfully
2025-09-12 19:37:45 [main] INFO  RetryUrlAccess - Navigating to URL (attempt 1): https://demoqa.com
2025-09-12 19:38:20 [main] INFO  demoqaBase - 🧪 Starting Test Elements | Text Box Test...
Instance Variables Declared are: nullnull
2025-09-12 19:38:20 [main] INFO  demoqaBase - Accessing Elements Card...
2025-09-12 19:38:20 [main] INFO  demoqaLog - Clicking on Elements Card...
🔹 Trying JS click by locator (attempt 1)
2025-09-12 19:38:20 [main] INFO  demoqaLog - 🔹 Trying JS click by locator (attempt 1)
🔹 Attempting JS click...
2025-09-12 19:38:20 [main] INFO  demoqaLog - 🔹 Attempting JS click...
⚡ Falling back to native click by locator (attempt 1)
2025-09-12 19:38:20 [main] INFO  demoqaLog - ⚡ Falling back to native click by locator (attempt 1)
2025-09-12 19:38:20 [main] INFO  demoqaLog - Clicked on Elements Card...
Title of this Page is: DEMOQA
You are Accessing: Elements
 
Elements: Please select an item from left to start practice.
2025-09-12 19:38:20 [main] INFO  demoqaBase - Elements: Please select an item from left to start practice.
2025-09-12 19:38:20 [main] INFO  demoqaBase - Accessing Text Box...
🔹 Trying JS click on WebElement (attempt 1)
2025-09-12 19:38:20 [main] INFO  demoqaLog - 🔹 Trying JS click on WebElement (attempt 1)
🔹 Attempting JS click...
2025-09-12 19:38:20 [main] INFO  demoqaLog - 🔹 Attempting JS click...
Text Box
2025-09-12 19:38:21 [main] INFO  demoqaBase - You are accessing: Text Box
2025-09-12 19:38:24 [main] INFO  demoqaBase - 📝 Filling TextBox form for user: Johny Bravo
2025-09-12 19:38:24 [main] INFO  demoqaBase - ✅ Form filled successfully for: Johny Bravo
2025-09-12 19:38:24 [main] INFO  demoqaLog - ✅ JS click executed on element: {}
2025-09-12 19:38:24 [main] INFO  demoqaBase - 🔍 Validating submitted form for: Johny Bravo
2025-09-12 19:38:24 [main] INFO  demoqaBase - ✅ Validation passed for user: Johny Bravo
2025-09-12 19:38:24 [main] INFO  demoqaBase - ✅ Text Box Element Test Completed...
]]></system-out>
  </testcase>
  <testcase name="TextBox[TextBoxUser{firstName=&apos;Gene&apos;, lastName=&apos;Femina&apos;, email=&apos;GFemina@demoqa.com&apos;, currentAddress=&apos;302 Town 481, Brookville\n kansas 42129\n United States&apos;, permanentAddress=&apos;512 Grant 481, Prattsville\n Arkansas 72129\n United States&apos;}](2)" classname="tests.ElementsTests" time="4.181">
    <system-out><![CDATA[Path for Screenshot is: C:\ASN\eclipse_workspace\demoqa-automation/screenshots/TextBox_Passed_20250912_193824+2025-09-12_19-38-24.png
2025-09-12 19:38:25 [main] INFO  demoqaBase - ✅ Test TextBox passed. Screenshot captured.
2025-09-12 19:38:25 [main] INFO  demoqaBase - Closing browser for test: TextBox
2025-09-12 19:38:25 [main] INFO  DriverFactory - 🌐 Starting Chrome Web Browser...
2025-09-12 19:38:25 [main] INFO  DriverFactory - ✅ Created temporary Chrome profile at C:\Users\dell\AppData\Local\Temp\chrome-profile-3318074336544700825
2025-09-12 19:38:26 [main] INFO  DriverFactory - 🚀 WebDriver started successfully
2025-09-12 19:38:26 [main] INFO  RetryUrlAccess - Navigating to URL (attempt 1): https://demoqa.com
2025-09-12 19:39:00 [main] INFO  demoqaBase - 🧪 Starting Test Elements | Text Box Test...
Instance Variables Declared are: nullnull
2025-09-12 19:39:00 [main] INFO  demoqaBase - Accessing Elements Card...
2025-09-12 19:39:00 [main] INFO  demoqaLog - Clicking on Elements Card...
🔹 Trying JS click by locator (attempt 1)
2025-09-12 19:39:00 [main] INFO  demoqaLog - 🔹 Trying JS click by locator (attempt 1)
🔹 Attempting JS click...
2025-09-12 19:39:00 [main] INFO  demoqaLog - 🔹 Attempting JS click...
⚡ Falling back to native click by locator (attempt 1)
2025-09-12 19:39:00 [main] INFO  demoqaLog - ⚡ Falling back to native click by locator (attempt 1)
2025-09-12 19:39:00 [main] INFO  demoqaLog - Clicked on Elements Card...
Title of this Page is: DEMOQA
You are Accessing: Elements
 
Elements: Please select an item from left to start practice.
2025-09-12 19:39:00 [main] INFO  demoqaBase - Elements: Please select an item from left to start practice.
2025-09-12 19:39:00 [main] INFO  demoqaBase - Accessing Text Box...
🔹 Trying JS click on WebElement (attempt 1)
2025-09-12 19:39:00 [main] INFO  demoqaLog - 🔹 Trying JS click on WebElement (attempt 1)
🔹 Attempting JS click...
2025-09-12 19:39:00 [main] INFO  demoqaLog - 🔹 Attempting JS click...
Text Box
2025-09-12 19:39:00 [main] INFO  demoqaBase - You are accessing: Text Box
2025-09-12 19:39:03 [main] INFO  demoqaBase - 📝 Filling TextBox form for user: Gene Femina
2025-09-12 19:39:04 [main] INFO  demoqaBase - ✅ Form filled successfully for: Gene Femina
2025-09-12 19:39:04 [main] INFO  demoqaLog - ✅ JS click executed on element: {}
2025-09-12 19:39:04 [main] INFO  demoqaBase - 🔍 Validating submitted form for: Gene Femina
2025-09-12 19:39:04 [main] INFO  demoqaBase - ✅ Validation passed for user: Gene Femina
2025-09-12 19:39:04 [main] INFO  demoqaBase - ✅ Text Box Element Test Completed...
]]></system-out>
  </testcase>
  <testcase name="TextBox[TextBoxUser{firstName=&apos;Bud&apos;, lastName=&apos;Wisem&apos;, email=&apos;BWisem@demoqa.com&apos;, currentAddress=&apos;303 Town 481, Brookville\n kansas 42129\n United States&apos;, permanentAddress=&apos;513 Grant 481, Prattsville\n Arkansas 72129\n United States&apos;}](3)" classname="tests.ElementsTests" time="4.656">
    <system-out><![CDATA[Path for Screenshot is: C:\ASN\eclipse_workspace\demoqa-automation/screenshots/TextBox_Passed_20250912_193904+2025-09-12_19-39-04.png
2025-09-12 19:39:04 [main] INFO  demoqaBase - ✅ Test TextBox passed. Screenshot captured.
2025-09-12 19:39:04 [main] INFO  demoqaBase - Closing browser for test: TextBox
2025-09-12 19:39:05 [main] INFO  DriverFactory - 🌐 Starting Chrome Web Browser...
2025-09-12 19:39:05 [main] INFO  DriverFactory - ✅ Created temporary Chrome profile at C:\Users\dell\AppData\Local\Temp\chrome-profile-442843687785447242
2025-09-12 19:39:06 [main] INFO  DriverFactory - 🚀 WebDriver started successfully
2025-09-12 19:39:06 [main] INFO  RetryUrlAccess - Navigating to URL (attempt 1): https://demoqa.com
2025-09-12 19:40:06 [main] WARN  RetryUrlAccess - Navigation attempt 1 failed: timeout: Timed out receiving message from renderer: 59.078
  (Session info: chrome=137.0.7151.120)
Build info: version: '4.35.0', revision: '1c58e5028b'
System info: os.name: 'Windows 11', os.arch: 'amd64', os.version: '10.0', java.version: '21.0.7'
Driver info: org.openqa.selenium.chrome.ChromeDriver
Command: [ee8d12a83b74a9216281b880cf429711, get {url=https://demoqa.com}]
Capabilities {acceptInsecureCerts: false, browserName: chrome, browserVersion: 137.0.7151.120, chrome: {chromedriverVersion: 137.0.7151.119 (e0ac9d12dff..., userDataDir: C:\Users\dell\AppData\Local...}, fedcm:accounts: true, goog:chromeOptions: {debuggerAddress: localhost:65156}, networkConnectionEnabled: false, pageLoadStrategy: normal, platformName: windows, proxy: Proxy(), se:cdp: ws://localhost:65156/devtoo..., se:cdpVersion: 137.0.7151.120, setWindowRect: true, strictFileInteractability: false, timeouts: {implicit: 0, pageLoad: 300000, script: 30000}, unhandledPromptBehavior: dismiss and notify, webauthn:extension:credBlob: true, webauthn:extension:largeBlob: true, webauthn:extension:minPinLength: true, webauthn:extension:prf: true, webauthn:virtualAuthenticators: true}
Session ID: ee8d12a83b74a9216281b880cf429711
2025-09-12 19:40:09 [main] INFO  RetryUrlAccess - Navigating to URL (attempt 2): https://demoqa.com
2025-09-12 19:40:09 [main] INFO  demoqaBase - 🧪 Starting Test Elements | Text Box Test...
Instance Variables Declared are: nullnull
2025-09-12 19:40:09 [main] INFO  demoqaBase - Accessing Elements Card...
2025-09-12 19:40:09 [main] INFO  demoqaLog - Clicking on Elements Card...
🔹 Trying JS click by locator (attempt 1)
2025-09-12 19:40:09 [main] INFO  demoqaLog - 🔹 Trying JS click by locator (attempt 1)
🔹 Attempting JS click...
2025-09-12 19:40:09 [main] INFO  demoqaLog - 🔹 Attempting JS click...
⚡ Falling back to native click by locator (attempt 1)
2025-09-12 19:40:09 [main] INFO  demoqaLog - ⚡ Falling back to native click by locator (attempt 1)
2025-09-12 19:40:10 [main] INFO  demoqaLog - Clicked on Elements Card...
Title of this Page is: DEMOQA
You are Accessing: Elements
 
Elements: Please select an item from left to start practice.
2025-09-12 19:40:10 [main] INFO  demoqaBase - Elements: Please select an item from left to start practice.
2025-09-12 19:40:10 [main] INFO  demoqaBase - Accessing Text Box...
🔹 Trying JS click on WebElement (attempt 1)
2025-09-12 19:40:10 [main] INFO  demoqaLog - 🔹 Trying JS click on WebElement (attempt 1)
🔹 Attempting JS click...
2025-09-12 19:40:10 [main] INFO  demoqaLog - 🔹 Attempting JS click...
Text Box
2025-09-12 19:40:10 [main] INFO  demoqaBase - You are accessing: Text Box
2025-09-12 19:40:13 [main] INFO  demoqaBase - 📝 Filling TextBox form for user: Bud Wisem
2025-09-12 19:40:14 [main] INFO  demoqaBase - ✅ Form filled successfully for: Bud Wisem
2025-09-12 19:40:14 [main] INFO  demoqaLog - ✅ JS click executed on element: {}
2025-09-12 19:40:14 [main] INFO  demoqaBase - 🔍 Validating submitted form for: Bud Wisem
2025-09-12 19:40:14 [main] INFO  demoqaBase - ✅ Validation passed for user: Bud Wisem
2025-09-12 19:40:14 [main] INFO  demoqaBase - ✅ Text Box Element Test Completed...
]]></system-out>
  </testcase>
  <testcase name="TextBox[TextBoxUser{firstName=&apos;Tom&apos;, lastName=&apos;Boss&apos;, email=&apos;TBoss@demoqa.com&apos;, currentAddress=&apos;304 Town 481, Brookville\n kansas 42129\n United States&apos;, permanentAddress=&apos;514 Grant 481, Prattsville\n Arkansas 72129\n United States&apos;}](4)" classname="tests.ElementsTests" time="4.077">
    <system-out><![CDATA[Path for Screenshot is: C:\ASN\eclipse_workspace\demoqa-automation/screenshots/TextBox_Passed_20250912_194014+2025-09-12_19-40-14.png
2025-09-12 19:40:14 [main] INFO  demoqaBase - ✅ Test TextBox passed. Screenshot captured.
2025-09-12 19:40:14 [main] INFO  demoqaBase - Closing browser for test: TextBox
2025-09-12 19:40:14 [main] INFO  DriverFactory - 🌐 Starting Chrome Web Browser...
2025-09-12 19:40:14 [main] INFO  DriverFactory - ✅ Created temporary Chrome profile at C:\Users\dell\AppData\Local\Temp\chrome-profile-15669731875870195
2025-09-12 19:40:15 [main] INFO  DriverFactory - 🚀 WebDriver started successfully
2025-09-12 19:40:15 [main] INFO  RetryUrlAccess - Navigating to URL (attempt 1): https://demoqa.com
2025-09-12 19:40:48 [main] INFO  demoqaBase - 🧪 Starting Test Elements | Text Box Test...
Instance Variables Declared are: nullnull
2025-09-12 19:40:48 [main] INFO  demoqaBase - Accessing Elements Card...
2025-09-12 19:40:48 [main] INFO  demoqaLog - Clicking on Elements Card...
🔹 Trying JS click by locator (attempt 1)
2025-09-12 19:40:48 [main] INFO  demoqaLog - 🔹 Trying JS click by locator (attempt 1)
🔹 Attempting JS click...
2025-09-12 19:40:48 [main] INFO  demoqaLog - 🔹 Attempting JS click...
⚡ Falling back to native click by locator (attempt 1)
2025-09-12 19:40:48 [main] INFO  demoqaLog - ⚡ Falling back to native click by locator (attempt 1)
2025-09-12 19:40:48 [main] INFO  demoqaLog - Clicked on Elements Card...
Title of this Page is: DEMOQA
You are Accessing: Elements
 
Elements: Please select an item from left to start practice.
2025-09-12 19:40:48 [main] INFO  demoqaBase - Elements: Please select an item from left to start practice.
2025-09-12 19:40:48 [main] INFO  demoqaBase - Accessing Text Box...
🔹 Trying JS click on WebElement (attempt 1)
2025-09-12 19:40:48 [main] INFO  demoqaLog - 🔹 Trying JS click on WebElement (attempt 1)
🔹 Attempting JS click...
2025-09-12 19:40:48 [main] INFO  demoqaLog - 🔹 Attempting JS click...
Text Box
2025-09-12 19:40:48 [main] INFO  demoqaBase - You are accessing: Text Box
2025-09-12 19:40:51 [main] INFO  demoqaBase - 📝 Filling TextBox form for user: Tom Boss
2025-09-12 19:40:51 [main] INFO  demoqaBase - ✅ Form filled successfully for: Tom Boss
2025-09-12 19:40:52 [main] INFO  demoqaLog - ✅ JS click executed on element: {}
2025-09-12 19:40:52 [main] INFO  demoqaBase - 🔍 Validating submitted form for: Tom Boss
2025-09-12 19:40:52 [main] INFO  demoqaBase - ✅ Validation passed for user: Tom Boss
2025-09-12 19:40:52 [main] INFO  demoqaBase - ✅ Text Box Element Test Completed...
]]></system-out>
  </testcase>
  <testcase name="CheckBox" classname="tests.ElementsTests" time="0.89">
    <system-out><![CDATA[Path for Screenshot is: C:\ASN\eclipse_workspace\demoqa-automation/screenshots/TextBox_Passed_20250912_194052+2025-09-12_19-40-52.png
2025-09-12 19:40:52 [main] INFO  demoqaBase - ✅ Test TextBox passed. Screenshot captured.
2025-09-12 19:40:52 [main] INFO  demoqaBase - Closing browser for test: TextBox
2025-09-12 19:40:52 [main] INFO  DriverFactory - 🌐 Starting Chrome Web Browser...
2025-09-12 19:40:52 [main] INFO  DriverFactory - ✅ Created temporary Chrome profile at C:\Users\dell\AppData\Local\Temp\chrome-profile-7969313290977069024
2025-09-12 19:40:53 [main] INFO  DriverFactory - 🚀 WebDriver started successfully
2025-09-12 19:40:53 [main] INFO  RetryUrlAccess - Navigating to URL (attempt 1): https://demoqa.com
2025-09-12 19:41:53 [main] WARN  RetryUrlAccess - Navigation attempt 1 failed: timeout: Timed out receiving message from renderer: 59.060
  (Session info: chrome=137.0.7151.120)
[...]
Searching Colors using: Y
Expected Color to be selected is/are: [Yellow]
2025-09-12 21:25:06 [main] INFO  demoqaBase - You are now Accessing: Auto Complete
2025-09-12 21:25:06 [main] INFO  demoqaBase - Available Color: Yellow
🔹 Trying JS click on WebElement (attempt 1)
2025-09-12 21:25:06 [main] INFO  demoqaLog - 🔹 Trying JS click on WebElement (attempt 1)
🔹 Attempting JS click...
2025-09-12 21:25:06 [main] INFO  demoqaLog - 🔹 Attempting JS click...
2025-09-12 21:25:06 [main] INFO  demoqaBase - ✅ Selected Color: Yellow
2025-09-12 21:25:06 [main] INFO  demoqaBase - 🎯 Final selected colors: [Yellow]
2025-09-12 21:25:06 [main] INFO  demoqaBase - ✅ Widgets|Auto Complete Test Completed...
]]></system-out>
  </testcase>
  <testcase name="AutoCompleteSearchRemove[ColorSelectionData{searchFor=&apos;E&apos;, expectedColors=[Green, Yellow]}](1)" classname="tests.WidgetsTests" time="9.48">
    <system-out><![CDATA[2025-09-12 21:25:06 [main] INFO  demoqaBase - Closing browser for test: AutoCompleteSearch
2025-09-12 21:25:07 [main] WARN  PauseManager - ⏸ Pausing for 5 minutes after 120 tests...
2025-09-12 21:25:07 [main] INFO  PauseManager - ▶ Resuming in 5 minutes...
2025-09-12 21:26:07 [main] INFO  PauseManager - ▶ Resuming in 4 minutes...
2025-09-12 21:27:08 [main] INFO  PauseManager - ▶ Resuming in 3 minutes...
2025-09-12 21:28:08 [main] INFO  PauseManager - ▶ Resuming in 2 minutes...
2025-09-12 21:29:09 [main] INFO  PauseManager - ▶ Resuming in 1 minutes...
2025-09-12 21:29:59 [main] INFO  PauseManager - ▶ Resuming in 10 seconds...
2025-09-12 21:30:00 [main] INFO  PauseManager - ▶ Resuming in 9 seconds...
2025-09-12 21:30:01 [main] INFO  PauseManager - ▶ Resuming in 8 seconds...
2025-09-12 21:30:02 [main] INFO  PauseManager - ▶ Resuming in 7 seconds...
2025-09-12 21:30:04 [main] INFO  PauseManager - ▶ Resuming in 6 seconds...
2025-09-12 21:30:05 [main] INFO  PauseManager - ▶ Resuming in 5 seconds...
2025-09-12 21:30:06 [main] INFO  PauseManager - ▶ Resuming in 4 seconds...
2025-09-12 21:30:07 [main] INFO  PauseManager - ▶ Resuming in 3 seconds...
2025-09-12 21:30:08 [main] INFO  PauseManager - ▶ Resuming in 2 seconds...
2025-09-12 21:30:09 [main] INFO  PauseManager - ▶ Resuming in 1 seconds...
2025-09-12 21:30:10 [main] INFO  PauseManager - ✅ Pause complete. Resuming tests...
🧾 Row 1: {SearchFor=E, ExpectedColors=Green,Yellow}
🔍 Mapping field: searchFor | Excel Column: SearchFor | Value: E
🔍 Mapping field: expectedColorsRaw | Excel Column: ExpectedColors | Value: Green,Yellow
2025-09-12 21:30:10 [main] INFO  DriverFactory - 🌐 Starting Chrome Web Browser...
2025-09-12 21:30:10 [main] INFO  DriverFactory - ✅ Created temporary Chrome profile at C:\Users\dell\AppData\Local\Temp\chrome-profile-8251254196173516050
2025-09-12 21:30:11 [main] INFO  DriverFactory - 🚀 WebDriver started successfully
2025-09-12 21:30:11 [main] INFO  RetryUrlAccess - Navigating to URL (attempt 1): https://demoqa.com
2025-09-12 21:31:11 [main] WARN  RetryUrlAccess - Navigation attempt 1 failed: timeout: Timed out receiving message from renderer: 59.315
  (Session info: chrome=137.0.7151.120)
Build info: version: '4.35.0', revision: '1c58e5028b'
System info: os.name: 'Windows 11', os.arch: 'amd64', os.version: '10.0', java.version: '21.0.7'
Driver info: org.openqa.selenium.chrome.ChromeDriver
Command: [0b28d15474cd072b5d030dbb218ae0e5, get {url=https://demoqa.com}]
Capabilities {acceptInsecureCerts: false, browserName: chrome, browserVersion: 137.0.7151.120, chrome: {chromedriverVersion: 137.0.7151.119 (e0ac9d12dff..., userDataDir: C:\Users\dell\AppData\Local...}, fedcm:accounts: true, goog:chromeOptions: {debuggerAddress: localhost:52814}, networkConnectionEnabled: false, pageLoadStrategy: normal, platformName: windows, proxy: Proxy(), se:cdp: ws://localhost:52814/devtoo..., se:cdpVersion: 137.0.7151.120, setWindowRect: true, strictFileInteractability: false, timeouts: {implicit: 0, pageLoad: 300000, script: 30000}, unhandledPromptBehavior: dismiss and notify, webauthn:extension:credBlob: true, webauthn:extension:largeBlob: true, webauthn:extension:minPinLength: true, webauthn:extension:prf: true, webauthn:virtualAuthenticators: true}
Session ID: 0b28d15474cd072b5d030dbb218ae0e5
2025-09-12 21:31:14 [main] INFO  RetryUrlAccess - Navigating to URL (attempt 2): https://demoqa.com
2025-09-12 21:31:15 [main] INFO  demoqaBase - 🧪 Starting Test Widgets|Auto Complete - Select & Remove Flow
2025-09-12 21:31:15 [main] INFO  demoqaBase - Accessing Widgets Card...
Declared Instance WebDriverWait: org.openqa.selenium.support.ui.WebDriverWait@30902bd4
2025-09-12 21:31:15 [main] INFO  demoqaLog - Clicking on Widgets Card...
🔹 Trying JS click by locator (attempt 1)
2025-09-12 21:31:15 [main] INFO  demoqaLog - 🔹 Trying JS click by locator (attempt 1)
🔹 Attempting JS click...
2025-09-12 21:31:15 [main] INFO  demoqaLog - 🔹 Attempting JS click...
2025-09-12 21:31:15 [main] INFO  demoqaLog - Clicked on Widgets Card...
Title of this Page is: DEMOQA
You are Accessing: Widgets
 
2025-09-12 21:31:15 [main] INFO  demoqaBase - Widgets: Please select an item from left to start practice.
2025-09-12 21:31:15 [main] INFO  demoqaBase - Clicking on Widgets|AutoComplete...
You are now Accessing: Auto Complete
2025-09-12 21:31:15 [main] INFO  demoqaBase - You are now Accessing: Auto Complete
🧾 Row 1: {SearchFor=A, ExpectedColors=Black,Magenta,Aqua}
🔍 Mapping field: searchFor | Excel Column: SearchFor | Value: A
🔍 Mapping field: expectedColorsRaw | Excel Column: ExpectedColors | Value: Black,Magenta,Aqua
🧾 Row 2: {SearchFor=B, ExpectedColors=Blue,Black}
🔍 Mapping field: searchFor | Excel Column: SearchFor | Value: B
🔍 Mapping field: expectedColorsRaw | Excel Column: ExpectedColors | Value: Blue,Black
🧾 Row 3: {SearchFor=C, ExpectedColors=Black}
🔍 Mapping field: searchFor | Excel Column: SearchFor | Value: C
🔍 Mapping field: expectedColorsRaw | Excel Column: ExpectedColors | Value: Black
🧾 Row 4: {SearchFor=D, ExpectedColors=Red,Indigo}
🔍 Mapping field: searchFor | Excel Column: SearchFor | Value: D
🔍 Mapping field: expectedColorsRaw | Excel Column: ExpectedColors | Value: Red,Indigo
🧾 Row 5: {SearchFor=E, ExpectedColors=Red,Blue,Green,Yellow,Purple,White,Voilet,Magenta}
🔍 Mapping field: searchFor | Excel Column: SearchFor | Value: E
🔍 Mapping field: expectedColorsRaw | Excel Column: ExpectedColors | Value: Red,Blue,Green,Yellow,Purple,White,Voilet,Magenta
🧾 Row 6: {SearchFor=G, ExpectedColors=Green,Indigo,Magenta}
🔍 Mapping field: searchFor | Excel Column: SearchFor | Value: G
🔍 Mapping field: expectedColorsRaw | Excel Column: ExpectedColors | Value: Green,Indigo,Magenta
🧾 Row 7: {SearchFor=H, ExpectedColors=White}
🔍 Mapping field: searchFor | Excel Column: SearchFor | Value: H
🔍 Mapping field: expectedColorsRaw | Excel Column: ExpectedColors | Value: White
🧾 Row 8: {SearchFor=I, ExpectedColors=White,Voilet,Indigo}
🔍 Mapping field: searchFor | Excel Column: SearchFor | Value: I
🔍 Mapping field: expectedColorsRaw | Excel Column: ExpectedColors | Value: White,Voilet,Indigo
🧾 Row 9: {SearchFor=K, ExpectedColors=Black}
🔍 Mapping field: searchFor | Excel Column: SearchFor | Value: K
🔍 Mapping field: expectedColorsRaw | Excel Column: ExpectedColors | Value: Black
🧾 Row 10: {SearchFor=L, ExpectedColors=Blue,Yellow,Purple,Black,Voilet}
🔍 Mapping field: searchFor | Excel Column: SearchFor | Value: L
🔍 Mapping field: expectedColorsRaw | Excel Column: ExpectedColors | Value: Blue,Yellow,Purple,Black,Voilet
🧾 Row 11: {SearchFor=M, ExpectedColors=Magenta}
🔍 Mapping field: searchFor | Excel Column: SearchFor | Value: M
🔍 Mapping field: expectedColorsRaw | Excel Column: ExpectedColors | Value: Magenta
🧾 Row 12: {SearchFor=N, ExpectedColors=Green,Indigo,Magenta}
🔍 Mapping field: searchFor | Excel Column: SearchFor | Value: N
🔍 Mapping field: expectedColorsRaw | Excel Column: ExpectedColors | Value: Green,Indigo,Magenta
🧾 Row 13: {SearchFor=O, ExpectedColors=Yellow,Voilet,Indigo}
🔍 Mapping field: searchFor | Excel Column: SearchFor | Value: O
🔍 Mapping field: expectedColorsRaw | Excel Column: ExpectedColors | Value: Yellow,Voilet,Indigo
🧾 Row 14: {SearchFor=P, ExpectedColors=Purple}
🔍 Mapping field: searchFor | Excel Column: SearchFor | Value: P
🔍 Mapping field: expectedColorsRaw | Excel Column: ExpectedColors | Value: Purple
🧾 Row 15: {SearchFor=Q, ExpectedColors=Aqua}
🔍 Mapping field: searchFor | Excel Column: SearchFor | Value: Q
🔍 Mapping field: expectedColorsRaw | Excel Column: ExpectedColors | Value: Aqua
🧾 Row 16: {SearchFor=R, ExpectedColors=Red,Green,Purple}
🔍 Mapping field: searchFor | Excel Column: SearchFor | Value: R
🔍 Mapping field: expectedColorsRaw | Excel Column: ExpectedColors | Value: Red,Green,Purple
🧾 Row 17: {SearchFor=T, ExpectedColors=White,Voilet,Magenta}
🔍 Mapping field: searchFor | Excel Column: SearchFor | Value: T
🔍 Mapping field: expectedColorsRaw | Excel Column: ExpectedColors | Value: White,Voilet,Magenta
🧾 Row 18: {SearchFor=U, ExpectedColors=Blue,Purple,Aqua}
🔍 Mapping field: searchFor | Excel Column: SearchFor | Value: U
🔍 Mapping field: expectedColorsRaw | Excel Column: ExpectedColors | Value: Blue,Purple,Aqua
🧾 Row 19: {SearchFor=V, ExpectedColors=Voilet}
🔍 Mapping field: searchFor | Excel Column: SearchFor | Value: V
🔍 Mapping field: expectedColorsRaw | Excel Column: ExpectedColors | Value: Voilet
🧾 Row 20: {SearchFor=W, ExpectedColors=Yellow,White}
🔍 Mapping field: searchFor | Excel Column: SearchFor | Value: W
🔍 Mapping field: expectedColorsRaw | Excel Column: ExpectedColors | Value: Yellow,White
🧾 Row 21: {SearchFor=Y, ExpectedColors=Yellow}
🔍 Mapping field: searchFor | Excel Column: SearchFor | Value: Y
🔍 Mapping field: expectedColorsRaw | Excel Column: ExpectedColors | Value: Yellow
2025-09-12 21:31:18 [main] INFO  demoqaBase - 🎨 Selecting colors for 'E': [Red, Blue, Green, Yellow, Purple, White, Voilet, Magenta]
🔹 Trying JS click on WebElement (attempt 1)
2025-09-12 21:31:19 [main] INFO  demoqaLog - 🔹 Trying JS click on WebElement (attempt 1)
🔹 Attempting JS click...
2025-09-12 21:31:19 [main] INFO  demoqaLog - 🔹 Attempting JS click...
2025-09-12 21:31:19 [main] INFO  demoqaBase - ✅ Selected color 'Red' for 'E'
🔹 Trying JS click on WebElement (attempt 1)
2025-09-12 21:31:20 [main] INFO  demoqaLog - 🔹 Trying JS click on WebElement (attempt 1)
🔹 Attempting JS click...
2025-09-12 21:31:20 [main] INFO  demoqaLog - 🔹 Attempting JS click...
2025-09-12 21:31:20 [main] INFO  demoqaBase - ✅ Selected color 'Blue' for 'E'
🔹 Trying JS click on WebElement (attempt 1)
2025-09-12 21:31:20 [main] INFO  demoqaLog - 🔹 Trying JS click on WebElement (attempt 1)
🔹 Attempting JS click...
2025-09-12 21:31:20 [main] INFO  demoqaLog - 🔹 Attempting JS click...
2025-09-12 21:31:21 [main] INFO  demoqaBase - ✅ Selected color 'Green' for 'E'
🔹 Trying JS click on WebElement (attempt 1)
2025-09-12 21:31:21 [main] INFO  demoqaLog - 🔹 Trying JS click on WebElement (attempt 1)
🔹 Attempting JS click...
2025-09-12 21:31:21 [main] INFO  demoqaLog - 🔹 Attempting JS click...
2025-09-12 21:31:21 [main] INFO  demoqaBase - ✅ Selected color 'Yellow' for 'E'
🔹 Trying JS click on WebElement (attempt 1)
2025-09-12 21:31:22 [main] INFO  demoqaLog - 🔹 Trying JS click on WebElement (attempt 1)
🔹 Attempting JS click...
2025-09-12 21:31:22 [main] INFO  demoqaLog - 🔹 Attempting JS click...
2025-09-12 21:31:22 [main] INFO  demoqaBase - ✅ Selected color 'Purple' for 'E'
🔹 Trying JS click on WebElement (attempt 1)
2025-09-12 21:31:23 [main] INFO  demoqaLog - 🔹 Trying JS click on WebElement (attempt 1)
🔹 Attempting JS click...
2025-09-12 21:31:23 [main] INFO  demoqaLog - 🔹 Attempting JS click...
2025-09-12 21:31:23 [main] INFO  demoqaBase - ✅ Selected color 'White' for 'E'
🔹 Trying JS click on WebElement (attempt 1)
2025-09-12 21:31:23 [main] INFO  demoqaLog - 🔹 Trying JS click on WebElement (attempt 1)
🔹 Attempting JS click...
2025-09-12 21:31:23 [main] INFO  demoqaLog - 🔹 Attempting JS click...
2025-09-12 21:31:23 [main] INFO  demoqaBase - ✅ Selected color 'Voilet' for 'E'
🔹 Trying JS click on WebElement (attempt 1)
2025-09-12 21:31:24 [main] INFO  demoqaLog - 🔹 Trying JS click on WebElement (attempt 1)
🔹 Attempting JS click...
2025-09-12 21:31:24 [main] INFO  demoqaLog - 🔹 Attempting JS click...
2025-09-12 21:31:24 [main] INFO  demoqaBase - ✅ Selected color 'Magenta' for 'E'
🧾 Row 1: {SearchFor=E, ExpectedColors=Green,Yellow}
🔍 Mapping field: searchFor | Excel Column: SearchFor | Value: E
🔍 Mapping field: expectedColorsRaw | Excel Column: ExpectedColors | Value: Green,Yellow
2025-09-12 21:31:24 [main] INFO  demoqaBase - 🗑️ Attempting to remove colors for 'E': [Green, Yellow]
2025-09-12 21:31:24 [main] INFO  demoqaBase - 🗑️ Removed color: Green
2025-09-12 21:31:24 [main] INFO  demoqaBase - 🗑️ Removed color: Yellow
2025-09-12 21:31:24 [main] INFO  demoqaBase - ✅ Assertion passed: Color 'Green' successfully removed.
2025-09-12 21:31:24 [main] INFO  demoqaBase - ✅ Assertion passed: Color 'Yellow' successfully removed.
2025-09-12 21:31:24 [main] INFO  demoqaBase - ✅ Auto Complete Select & Remove Flow completed for 'E'
]]></system-out>
  </testcase>
  <testcase name="AutoCompleteSingle[E, Green](1)" classname="tests.WidgetsTests" time="4.889">
    <system-out><![CDATA[2025-09-12 21:31:24 [main] INFO  demoqaBase - Closing browser for test: AutoCompleteSearchRemove
2025-09-12 21:31:25 [main] INFO  DriverFactory - 🌐 Starting Chrome Web Browser...
2025-09-12 21:31:25 [main] INFO  DriverFactory - ✅ Created temporary Chrome profile at C:\Users\dell\AppData\Local\Temp\chrome-profile-15451817569515928833
2025-09-12 21:31:26 [main] INFO  DriverFactory - 🚀 WebDriver started successfully
2025-09-12 21:31:26 [main] INFO  RetryUrlAccess - Navigating to URL (attempt 1): https://demoqa.com
2025-09-12 21:32:26 [main] WARN  RetryUrlAccess - Navigation attempt 1 failed: timeout: Timed out receiving message from renderer: 58.904
  (Session info: chrome=137.0.7151.120)
Build info: version: '4.35.0', revision: '1c58e5028b'
System info: os.name: 'Windows 11', os.arch: 'amd64', os.version: '10.0', java.version: '21.0.7'
Driver info: org.openqa.selenium.chrome.ChromeDriver
Command: [f182c0deac05bd5a7676a40b2908f078, get {url=https://demoqa.com}]
Capabilities {acceptInsecureCerts: false, browserName: chrome, browserVersion: 137.0.7151.120, chrome: {chromedriverVersion: 137.0.7151.119 (e0ac9d12dff..., userDataDir: C:\Users\dell\AppData\Local...}, fedcm:accounts: true, goog:chromeOptions: {debuggerAddress: localhost:53017}, networkConnectionEnabled: false, pageLoadStrategy: normal, platformName: windows, proxy: Proxy(), se:cdp: ws://localhost:53017/devtoo..., se:cdpVersion: 137.0.7151.120, setWindowRect: true, strictFileInteractability: false, timeouts: {implicit: 0, pageLoad: 300000, script: 30000}, unhandledPromptBehavior: dismiss and notify, webauthn:extension:credBlob: true, webauthn:extension:largeBlob: true, webauthn:extension:minPinLength: true, webauthn:extension:prf: true, webauthn:virtualAuthenticators: true}
Session ID: f182c0deac05bd5a7676a40b2908f078
2025-09-12 21:32:29 [main] INFO  RetryUrlAccess - Navigating to URL (attempt 2): https://demoqa.com
2025-09-12 21:32:30 [main] INFO  demoqaBase - 🧪 Starting Test Widgets|Auto Complete - Select & Remove Flow|Type single color name - Search & Select
2025-09-12 21:32:30 [main] INFO  demoqaBase - Accessing Widgets Card...
Declared Instance WebDriverWait: org.openqa.selenium.support.ui.WebDriverWait@b48d8
2025-09-12 21:32:30 [main] INFO  demoqaLog - Clicking on Widgets Card...
🔹 Trying JS click by locator (attempt 1)
2025-09-12 21:32:30 [main] INFO  demoqaLog - 🔹 Trying JS click by locator (attempt 1)
🔹 Attempting JS click...
2025-09-12 21:32:30 [main] INFO  demoqaLog - 🔹 Attempting JS click...
2025-09-12 21:32:30 [main] INFO  demoqaLog - Clicked on Widgets Card...
Title of this Page is: DEMOQA
You are Accessing: Widgets
 
2025-09-12 21:32:30 [main] INFO  demoqaBase - Widgets: Please select an item from left to start practice.
2025-09-12 21:32:30 [main] INFO  demoqaBase - Clicking on Widgets|AutoComplete...
You are now Accessing: Auto Complete
2025-09-12 21:32:30 [main] INFO  demoqaBase - You are now Accessing: Auto Complete
2025-09-12 21:32:33 [main] INFO  demoqaBase - Clicking on Widgets | Auto Complete | Type single color name...
Searching Colors using: E
Expected Color to be selected is/are: Green
2025-09-12 21:32:33 [main] INFO  demoqaBase - You are now Accessing: Auto Complete
🔹 Trying JS click on WebElement (attempt 1)
2025-09-12 21:32:34 [main] INFO  demoqaLog - 🔹 Trying JS click on WebElement (attempt 1)
🔹 Attempting JS click...
2025-09-12 21:32:34 [main] INFO  demoqaLog - 🔹 Attempting JS click...
2025-09-12 21:32:34 [main] INFO  demoqaBase - Clicked on Search Box with Title: Type single color name
2025-09-12 21:32:35 [main] INFO  demoqaBase - ✅ Selected color 'Green'
2025-09-12 21:32:35 [main] INFO  demoqaBase - Asserted Selected Color is: Green
2025-09-12 21:32:35 [main] INFO  demoqaBase - ✅ Test Widgets|Auto Complete - Select & Remove Flow|Type single color name - Search & Select Completed
]]></system-out>
  </testcase>
  <testcase name="SingleAddRemove[E, Green](1)" classname="tests.WidgetsTests" time="4.587">
    <system-out><![CDATA[2025-09-12 21:32:35 [main] INFO  demoqaBase - Closing browser for test: AutoCompleteSingle
2025-09-12 21:32:35 [main] INFO  DriverFactory - 🌐 Starting Chrome Web Browser...
2025-09-12 21:32:35 [main] INFO  DriverFactory - ✅ Created temporary Chrome profile at C:\Users\dell\AppData\Local\Temp\chrome-profile-3741624816304782361
2025-09-12 21:32:36 [main] INFO  DriverFactory - 🚀 WebDriver started successfully
2025-09-12 21:32:36 [main] INFO  RetryUrlAccess - Navigating to URL (attempt 1): https://demoqa.com
2025-09-12 21:33:12 [main] INFO  demoqaBase - 🧪 Test Widgets|Auto Complete - Select & Remove Flow|Type single color name - Remove Selection
2025-09-12 21:33:12 [main] INFO  demoqaBase - Accessing Widgets Card...
Declared Instance WebDriverWait: org.openqa.selenium.support.ui.WebDriverWait@2064bb34
2025-09-12 21:33:12 [main] INFO  demoqaLog - Clicking on Widgets Card...
🔹 Trying JS click by locator (attempt 1)
2025-09-12 21:33:12 [main] INFO  demoqaLog - 🔹 Trying JS click by locator (attempt 1)
🔹 Attempting JS click...
2025-09-12 21:33:12 [main] INFO  demoqaLog - 🔹 Attempting JS click...
2025-09-12 21:33:12 [main] INFO  demoqaLog - Clicked on Widgets Card...
Title of this Page is: DEMOQA
You are Accessing: Widgets
 
2025-09-12 21:33:12 [main] INFO  demoqaBase - Widgets: Please select an item from left to start practice.
2025-09-12 21:33:12 [main] INFO  demoqaBase - Clicking on Widgets|AutoComplete...
You are now Accessing: Auto Complete
2025-09-12 21:33:12 [main] INFO  demoqaBase - You are now Accessing: Auto Complete
2025-09-12 21:33:15 [main] INFO  demoqaBase - Clicking on Widgets | Auto Complete | Type single color name...
Searching Colors using: E
Expected Color to be selected is/are: Green
2025-09-12 21:33:15 [main] INFO  demoqaBase - You are now Accessing: Auto Complete
🔹 Trying JS click on WebElement (attempt 1)
2025-09-12 21:33:15 [main] INFO  demoqaLog - 🔹 Trying JS click on WebElement (attempt 1)
🔹 Attempting JS click...
2025-09-12 21:33:15 [main] INFO  demoqaLog - 🔹 Attempting JS click...
2025-09-12 21:33:15 [main] INFO  demoqaBase - Clicked on Search Box with Title: Type single color name
2025-09-12 21:33:16 [main] INFO  demoqaBase - ✅ Selected color 'Green'
2025-09-12 21:33:16 [main] INFO  demoqaBase - Asserted Selected Color is: Green
2025-09-12 21:33:16 [main] INFO  demoqaBase - 🔍 Checking selected color. Current value: 'Green'
2025-09-12 21:33:16 [main] INFO  demoqaBase - ✅ Native click succeeded on 'AutoCompleteSingle'
2025-09-12 21:33:16 [main] INFO  demoqaBase - ✅ Cleared color input for 'Green'
2025-09-12 21:33:16 [main] INFO  demoqaBase - ✅ Test Widgets|Auto Complete - Select & Remove Flow|Type single color name - Remove Selection Completed
]]></system-out>
  </testcase>
</testsuite>