<?xml version="1.0" encoding="UTF-8"?>
<testng-results ignored="0" total="81" passed="78" failed="3" skipped="0">
  <reporter-output>
  </reporter-output>
  <suite started-at="2025-08-25T10:30:48 IST" name="Surefire suite" finished-at="2025-08-25T10:49:09 IST" duration-ms="1101630">
    <groups>
    </groups>
    <test started-at="2025-08-25T10:30:48 IST" name="Surefire test" finished-at="2025-08-25T10:49:09 IST" duration-ms="1101630">
      <class name="tests.FormTests">
        <test-method is-config="true" signature="setUP()[pri:0, instance:tests.FormTests@39ac0c0a]" started-at="2025-08-25T10:47:44 IST" name="setUP" finished-at="2025-08-25T10:47:50 IST" duration-ms="6773" status="PASS">
          <reporter-output>
          </reporter-output>
        </test-method> <!-- setUP -->
        <test-method signature="FormsCard()[pri:1, instance:tests.FormTests@39ac0c0a]" started-at="2025-08-25T10:47:50 IST" name="FormsCard" finished-at="2025-08-25T10:47:51 IST" duration-ms="902" status="PASS">
          <reporter-output>
          </reporter-output>
        </test-method> <!-- FormsCard -->
        <test-method is-config="true" signature="TearDown(org.testng.ITestResult)[pri:0, instance:tests.FormTests@39ac0c0a]" started-at="2025-08-25T10:47:51 IST" name="TearDown" finished-at="2025-08-25T10:47:52 IST" duration-ms="389" status="PASS">
          <params>
            <param index="0">
              <value>
                <![CDATA[[TestResult name=FormsCard status=SUCCESS method=FormTests.FormsCard()[pri:1, instance:tests.FormTests@39ac0c0a] output={null}]]]>
              </value>
            </param>
          </params>
          <reporter-output>
          </reporter-output>
        </test-method> <!-- TearDown -->
        <test-method is-config="true" signature="setUP()[pri:0, instance:tests.FormTests@39ac0c0a]" started-at="2025-08-25T10:47:52 IST" name="setUP" finished-at="2025-08-25T10:47:59 IST" duration-ms="6812" status="PASS">
          <reporter-output>
          </reporter-output>
        </test-method> <!-- setUP -->
        <test-method signature="FormButton()[pri:2, instance:tests.FormTests@39ac0c0a]" started-at="2025-08-25T10:47:59 IST" name="FormButton" finished-at="2025-08-25T10:47:59 IST" duration-ms="388" status="PASS">
          <reporter-output>
          </reporter-output>
        </test-method> <!-- FormButton -->
        <test-method is-config="true" signature="TearDown(org.testng.ITestResult)[pri:0, instance:tests.FormTests@39ac0c0a]" started-at="2025-08-25T10:47:59 IST" name="TearDown" finished-at="2025-08-25T10:48:00 IST" duration-ms="563" status="PASS">
          <params>
            <param index="0">
              <value>
                <![CDATA[[TestResult name=FormButton status=SUCCESS method=FormTests.FormButton()[pri:2, instance:tests.FormTests@39ac0c0a] output={null}]]]>
              </value>
            </param>
          </params>
          <reporter-output>
          </reporter-output>
        </test-method> <!-- TearDown -->
        <test-method is-config="true" signature="setUP()[pri:0, instance:tests.FormTests@39ac0c0a]" started-at="2025-08-25T10:48:00 IST" name="setUP" finished-at="2025-08-25T10:48:07 IST" duration-ms="7207" status="PASS">
          <reporter-output>
          </reporter-output>
        </test-method> <!-- setUP -->
        <test-method signature="fillForm(models.UserFormData)[pri:3, instance:tests.FormTests@39ac0c0a]" started-at="2025-08-25T10:48:07 IST" name="fillForm" data-provider="UserFormData" finished-at="2025-08-25T10:48:17 IST" duration-ms="9996" status="PASS">
          <params>
            <param index="0">
              <value>
                <![CDATA[UserFormData{firstName='Johny', lastName='Bravo', userMail='Jbravo@demoqa.com', gender='Male', mobile='9.238343488E9', dob='15-08-2000', subject='Computer Science', hobbies='Sports,Music', picturePath='/TestData/Mphoto.jpg', address='511 Grant 481, Prattsville\n Arkansas 72129\n United States', state='NCR', city='Delhi'}]]>
              </value>
            </param>
          </params>
          <reporter-output>
          </reporter-output>
        </test-method> <!-- fillForm -->
        <test-method is-config="true" signature="TearDown(org.testng.ITestResult)[pri:0, instance:tests.FormTests@39ac0c0a]" started-at="2025-08-25T10:48:17 IST" name="TearDown" finished-at="2025-08-25T10:48:17 IST" duration-ms="550" status="PASS">
          <params>
            <param index="0">
              <value>
                <![CDATA[[TestResult name=fillForm status=SUCCESS method=FormTests.fillForm(models.UserFormData)[pri:3, instance:tests.FormTests@39ac0c0a] output={null}]]]>
              </value>
            </param>
          </params>
          <reporter-output>
          </reporter-output>
        </test-method> <!-- TearDown -->
        <test-method is-config="true" signature="setUP()[pri:0, instance:tests.FormTests@39ac0c0a]" started-at="2025-08-25T10:48:17 IST" name="setUP" finished-at="2025-08-25T10:48:24 IST" duration-ms="6407" status="PASS">
          <reporter-output>
          </reporter-output>
        </test-method> <!-- setUP -->
        <test-method signature="fillForm(models.UserFormData)[pri:3, instance:tests.FormTests@39ac0c0a]" started-at="2025-08-25T10:48:24 IST" name="fillForm" data-provider="UserFormData" finished-at="2025-08-25T10:48:30 IST" duration-ms="5784" status="PASS">
          <params>
            <param index="0">
              <value>
                <![CDATA[UserFormData{firstName='Gene', lastName='Femina', userMail='GFemina@demoqa.com', gender='Female', mobile='1.888343432E9', dob='22-05-2002', subject='Accounting', hobbies='Music,Reading', picturePath='/TestData/Fphoto.png', address='512 Grant 481, Prattsville\n Arkansas 72129\n United States', state='Uttar Pradesh', city='Merrut'}]]>
              </value>
            </param>
          </params>
          <reporter-output>
          </reporter-output>
        </test-method> <!-- fillForm -->
        <test-method is-config="true" signature="TearDown(org.testng.ITestResult)[pri:0, instance:tests.FormTests@39ac0c0a]" started-at="2025-08-25T10:48:30 IST" name="TearDown" finished-at="2025-08-25T10:48:31 IST" duration-ms="1835" status="PASS">
          <params>
            <param index="0">
              <value>
                <![CDATA[[TestResult name=fillForm status=SUCCESS method=FormTests.fillForm(models.UserFormData)[pri:3, instance:tests.FormTests@39ac0c0a] output={null}]]]>
              </value>
            </param>
          </params>
          <reporter-output>
          </reporter-output>
        </test-method> <!-- TearDown -->
        <test-method is-config="true" signature="setUP()[pri:0, instance:tests.FormTests@39ac0c0a]" started-at="2025-08-25T10:48:31 IST" name="setUP" finished-at="2025-08-25T10:48:49 IST" duration-ms="17506" status="PASS">
          <reporter-output>
          </reporter-output>
        </test-method> <!-- setUP -->
        <test-method signature="fillForm(models.UserFormData)[pri:3, instance:tests.FormTests@39ac0c0a]" started-at="2025-08-25T10:48:49 IST" name="fillForm" data-provider="UserFormData" finished-at="2025-08-25T10:48:55 IST" duration-ms="5832" status="PASS">
          <params>
            <param index="0">
              <value>
                <![CDATA[UserFormData{firstName='Bud', lastName='Wisem', userMail='BWisem@demoqa.com', gender='Other', mobile='8.932465432E9', dob='31-12-1999', subject='Biology', hobbies='Reading', picturePath='/TestData/Ophoto.jpg', address='513 Grant 481, Prattsville\n Arkansas 72129\n United States', state='Haryana', city='Panipat'}]]>
              </value>
            </param>
          </params>
          <reporter-output>
          </reporter-output>
        </test-method> <!-- fillForm -->
        <test-method is-config="true" signature="TearDown(org.testng.ITestResult)[pri:0, instance:tests.FormTests@39ac0c0a]" started-at="2025-08-25T10:48:55 IST" name="TearDown" finished-at="2025-08-25T10:48:55 IST" duration-ms="623" status="PASS">
          <params>
            <param index="0">
              <value>
                <![CDATA[[TestResult name=fillForm status=SUCCESS method=FormTests.fillForm(models.UserFormData)[pri:3, instance:tests.FormTests@39ac0c0a] output={null}]]]>
              </value>
            </param>
          </params>
          <reporter-output>
          </reporter-output>
        </test-method> <!-- TearDown -->
        <test-method is-config="true" signature="setUP()[pri:0, instance:tests.FormTests@39ac0c0a]" started-at="2025-08-25T10:48:55 IST" name="setUP" finished-at="2025-08-25T10:49:03 IST" duration-ms="7735" status="PASS">
          <reporter-output>
          </reporter-output>
        </test-method> <!-- setUP -->
        <test-method signature="fillForm(models.UserFormData)[pri:3, instance:tests.FormTests@39ac0c0a]" started-at="2025-08-25T10:49:03 IST" name="fillForm" data-provider="UserFormData" finished-at="2025-08-25T10:49:09 IST" duration-ms="5693" status="PASS">
          <params>
            <param index="0">
              <value>
                <![CDATA[UserFormData{firstName='Tom', lastName='Boss', userMail='TBoss@demoqa.com', gender='Male', mobile='7.839875281E9', dob='26-01-2003', subject='Social Studies', hobbies='Sports,Reading', picturePath='/TestData/M2photo.jpg', address='514 Grant 481, Prattsville\n Arkansas 72129\n United States', state='Rajasthan', city='Jaiselmer'}]]>
              </value>
            </param>
          </params>
          <reporter-output>
          </reporter-output>
        </test-method> <!-- fillForm -->
        <test-method is-config="true" signature="TearDown(org.testng.ITestResult)[pri:0, instance:tests.FormTests@39ac0c0a]" started-at="2025-08-25T10:49:09 IST" name="TearDown" finished-at="2025-08-25T10:49:09 IST" duration-ms="556" status="PASS">
          <params>
            <param index="0">
              <value>
                <![CDATA[[TestResult name=fillForm status=SUCCESS method=FormTests.fillForm(models.UserFormData)[pri:3, instance:tests.FormTests@39ac0c0a] output={null}]]]>
              </value>
            </param>
          </params>
          <reporter-output>
          </reporter-output>
        </test-method> <!-- TearDown -->
      </class> <!-- tests.FormTests -->
      <class name="tests.ElementsTests">
        <test-method is-config="true" signature="setUP()[pri:0, instance:tests.ElementsTests@3bd323e9]" started-at="2025-08-25T10:32:55 IST" name="setUP" finished-at="2025-08-25T10:33:02 IST" duration-ms="6913" status="PASS">
          <reporter-output>
          </reporter-output>
        </test-method> <!-- setUP -->
        <test-method signature="ElementsCard()[pri:1, instance:tests.ElementsTests@3bd323e9]" started-at="2025-08-25T10:33:02 IST" name="ElementsCard" finished-at="2025-08-25T10:33:04 IST" duration-ms="1384" status="PASS">
          <reporter-output>
          </reporter-output>
        </test-method> <!-- ElementsCard -->
        <test-method is-config="true" signature="TearDown(org.testng.ITestResult)[pri:0, instance:tests.ElementsTests@3bd323e9]" started-at="2025-08-25T10:33:04 IST" name="TearDown" finished-at="2025-08-25T10:33:04 IST" duration-ms="440" status="PASS">
          <params>
            <param index="0">
              <value>
                <![CDATA[[TestResult name=ElementsCard status=SUCCESS method=ElementsTests.ElementsCard()[pri:1, instance:tests.ElementsTests@3bd323e9] output={null}]]]>
              </value>
            </param>
          </params>
          <reporter-output>
          </reporter-output>
        </test-method> <!-- TearDown -->
        <test-method is-config="true" signature="setUP()[pri:0, instance:tests.ElementsTests@3bd323e9]" started-at="2025-08-25T10:33:04 IST" name="setUP" finished-at="2025-08-25T10:33:11 IST" duration-ms="6663" status="PASS">
          <reporter-output>
          </reporter-output>
        </test-method> <!-- setUP -->
        <test-method signature="TextBox()[pri:2, instance:tests.ElementsTests@3bd323e9]" started-at="2025-08-25T10:33:11 IST" name="TextBox" finished-at="2025-08-25T10:33:14 IST" duration-ms="3426" status="PASS">
          <reporter-output>
          </reporter-output>
        </test-method> <!-- TextBox -->
        <test-method is-config="true" signature="TearDown(org.testng.ITestResult)[pri:0, instance:tests.ElementsTests@3bd323e9]" started-at="2025-08-25T10:33:14 IST" name="TearDown" finished-at="2025-08-25T10:33:15 IST" duration-ms="703" status="PASS">
          <params>
            <param index="0">
              <value>
                <![CDATA[[TestResult name=TextBox status=SUCCESS method=ElementsTests.TextBox()[pri:2, instance:tests.ElementsTests@3bd323e9] output={null}]]]>
              </value>
            </param>
          </params>
          <reporter-output>
          </reporter-output>
        </test-method> <!-- TearDown -->
        <test-method is-config="true" signature="setUP()[pri:0, instance:tests.ElementsTests@3bd323e9]" started-at="2025-08-25T10:33:15 IST" name="setUP" finished-at="2025-08-25T10:33:21 IST" duration-ms="6565" status="PASS">
          <reporter-output>
          </reporter-output>
        </test-method> <!-- setUP -->
        <test-method signature="CheckBox()[pri:3, instance:tests.ElementsTests@3bd323e9]" started-at="2025-08-25T10:33:21 IST" name="CheckBox" finished-at="2025-08-25T10:33:23 IST" duration-ms="1723" status="PASS">
          <reporter-output>
          </reporter-output>
        </test-method> <!-- CheckBox -->
        <test-method is-config="true" signature="TearDown(org.testng.ITestResult)[pri:0, instance:tests.ElementsTests@3bd323e9]" started-at="2025-08-25T10:33:23 IST" name="TearDown" finished-at="2025-08-25T10:33:25 IST" duration-ms="1701" status="PASS">
          <params>
            <param index="0">
              <value>
                <![CDATA[[TestResult name=CheckBox status=SUCCESS method=ElementsTests.CheckBox()[pri:3, instance:tests.ElementsTests@3bd323e9] output={null}]]]>
              </value>
            </param>
          </params>
          <reporter-output>
          </reporter-output>
        </test-method> <!-- TearDown -->
        <test-method is-config="true" signature="setUP()[pri:0, instance:tests.ElementsTests@3bd323e9]" started-at="2025-08-25T10:33:25 IST" name="setUP" finished-at="2025-08-25T10:33:34 IST" duration-ms="9199" status="PASS">
          <reporter-output>
          </reporter-output>
        </test-method> <!-- setUP -->
        <test-method signature="SelectingHomeCheckBox()[pri:4, instance:tests.ElementsTests@3bd323e9]" started-at="2025-08-25T10:33:34 IST" name="SelectingHomeCheckBox" finished-at="2025-08-25T10:33:36 IST" duration-ms="2107" status="PASS">
          <reporter-output>
          </reporter-output>
        </test-method> <!-- SelectingHomeCheckBox -->
        <test-method is-config="true" signature="TearDown(org.testng.ITestResult)[pri:0, instance:tests.ElementsTests@3bd323e9]" started-at="2025-08-25T10:33:36 IST" name="TearDown" finished-at="2025-08-25T10:33:36 IST" duration-ms="364" status="PASS">
          <params>
            <param index="0">
              <value>
                <![CDATA[[TestResult name=SelectingHomeCheckBox status=SUCCESS method=ElementsTests.SelectingHomeCheckBox()[pri:4, instance:tests.ElementsTests@3bd323e9] output={null}]]]>
              </value>
            </param>
          </params>
          <reporter-output>
          </reporter-output>
        </test-method> <!-- TearDown -->
        <test-method is-config="true" signature="setUP()[pri:0, instance:tests.ElementsTests@3bd323e9]" started-at="2025-08-25T10:33:36 IST" name="setUP" finished-at="2025-08-25T10:33:43 IST" duration-ms="6631" status="PASS">
          <reporter-output>
          </reporter-output>
        </test-method> <!-- setUP -->
        <test-method signature="SelectingDesktopCheckBox()[pri:5, instance:tests.ElementsTests@3bd323e9]" started-at="2025-08-25T10:33:43 IST" name="SelectingDesktopCheckBox" finished-at="2025-08-25T10:33:45 IST" duration-ms="2377" status="PASS">
          <reporter-output>
          </reporter-output>
        </test-method> <!-- SelectingDesktopCheckBox -->
        <test-method is-config="true" signature="TearDown(org.testng.ITestResult)[pri:0, instance:tests.ElementsTests@3bd323e9]" started-at="2025-08-25T10:33:45 IST" name="TearDown" finished-at="2025-08-25T10:33:46 IST" duration-ms="470" status="PASS">
          <params>
            <param index="0">
              <value>
                <![CDATA[[TestResult name=SelectingDesktopCheckBox status=SUCCESS method=ElementsTests.SelectingDesktopCheckBox()[pri:5, instance:tests.ElementsTests@3bd323e9] output={null}]]]>
              </value>
            </param>
          </params>
          <reporter-output>
          </reporter-output>
        </test-method> <!-- TearDown -->
        <test-method is-config="true" signature="setUP()[pri:0, instance:tests.ElementsTests@3bd323e9]" started-at="2025-08-25T10:33:46 IST" name="setUP" finished-at="2025-08-25T10:33:53 IST" duration-ms="6633" status="PASS">
          <reporter-output>
          </reporter-output>
        </test-method> <!-- setUP -->
        <test-method signature="SelectingNotesCommandsClick()[pri:6, instance:tests.ElementsTests@3bd323e9]" started-at="2025-08-25T10:33:53 IST" name="SelectingNotesCommandsClick" finished-at="2025-08-25T10:33:55 IST" duration-ms="2548" status="PASS">
          <reporter-output>
          </reporter-output>
        </test-method> <!-- SelectingNotesCommandsClick -->
        <test-method is-config="true" signature="TearDown(org.testng.ITestResult)[pri:0, instance:tests.ElementsTests@3bd323e9]" started-at="2025-08-25T10:33:55 IST" name="TearDown" finished-at="2025-08-25T10:33:56 IST" duration-ms="596" status="PASS">
          <params>
            <param index="0">
              <value>
                <![CDATA[[TestResult name=SelectingNotesCommandsClick status=SUCCESS method=ElementsTests.SelectingNotesCommandsClick()[pri:6, instance:tests.ElementsTests@3bd323e9] output={null}]]]>
              </value>
            </param>
          </params>
          <reporter-output>
          </reporter-output>
        </test-method> <!-- TearDown -->
        <test-method is-config="true" signature="setUP()[pri:0, instance:tests.ElementsTests@3bd323e9]" started-at="2025-08-25T10:33:56 IST" name="setUP" finished-at="2025-08-25T10:34:02 IST" duration-ms="6693" status="PASS">
          <reporter-output>
          </reporter-output>
        </test-method> <!-- setUP -->
        <test-method signature="SelectingDocumentsCheckBox()[pri:7, instance:tests.ElementsTests@3bd323e9]" started-at="2025-08-25T10:34:02 IST" name="SelectingDocumentsCheckBox" finished-at="2025-08-25T10:34:04 IST" duration-ms="2003" status="PASS">
          <reporter-output>
          </reporter-output>
        </test-method> <!-- SelectingDocumentsCheckBox -->
        <test-method is-config="true" signature="TearDown(org.testng.ITestResult)[pri:0, instance:tests.ElementsTests@3bd323e9]" started-at="2025-08-25T10:34:04 IST" name="TearDown" finished-at="2025-08-25T10:34:05 IST" duration-ms="447" status="PASS">
          <params>
            <param index="0">
              <value>
                <![CDATA[[TestResult name=SelectingDocumentsCheckBox status=SUCCESS method=ElementsTests.SelectingDocumentsCheckBox()[pri:7, instance:tests.ElementsTests@3bd323e9] output={null}]]]>
              </value>
            </param>
          </params>
          <reporter-output>
          </reporter-output>
        </test-method> <!-- TearDown -->
        <test-method is-config="true" signature="setUP()[pri:0, instance:tests.ElementsTests@3bd323e9]" started-at="2025-08-25T10:34:05 IST" name="setUP" finished-at="2025-08-25T10:34:11 IST" duration-ms="6656" status="PASS">
          <reporter-output>
          </reporter-output>
        </test-method> <!-- setUP -->
        <test-method signature="SelectingWorkSpace()[pri:8, instance:tests.ElementsTests@3bd323e9]" started-at="2025-08-25T10:34:11 IST" name="SelectingWorkSpace" finished-at="2025-08-25T10:34:14 IST" duration-ms="2114" status="PASS">
          <reporter-output>
          </reporter-output>
        </test-method> <!-- SelectingWorkSpace -->
        <test-method is-config="true" signature="TearDown(org.testng.ITestResult)[pri:0, instance:tests.ElementsTests@3bd323e9]" started-at="2025-08-25T10:34:14 IST" name="TearDown" finished-at="2025-08-25T10:34:14 IST" duration-ms="554" status="PASS">
          <params>
            <param index="0">
              <value>
                <![CDATA[[TestResult name=SelectingWorkSpace status=SUCCESS method=ElementsTests.SelectingWorkSpace()[pri:8, instance:tests.ElementsTests@3bd323e9] output={null}]]]>
              </value>
            </param>
          </params>
          <reporter-output>
          </reporter-output>
        </test-method> <!-- TearDown -->
        <test-method is-config="true" signature="setUP()[pri:0, instance:tests.ElementsTests@3bd323e9]" started-at="2025-08-25T10:34:14 IST" name="setUP" finished-at="2025-08-25T10:34:28 IST" duration-ms="13395" status="PASS">
          <reporter-output>
          </reporter-output>
        </test-method> <!-- setUP -->
        <test-method signature="SelectReact()[pri:9, instance:tests.ElementsTests@3bd323e9]" started-at="2025-08-25T10:34:28 IST" name="SelectReact" finished-at="2025-08-25T10:34:30 IST" duration-ms="2035" status="PASS">
          <reporter-output>
          </reporter-output>
        </test-method> <!-- SelectReact -->
        <test-method is-config="true" signature="TearDown(org.testng.ITestResult)[pri:0, instance:tests.ElementsTests@3bd323e9]" started-at="2025-08-25T10:34:30 IST" name="TearDown" finished-at="2025-08-25T10:34:30 IST" duration-ms="514" status="PASS">
          <params>
            <param index="0">
              <value>
                <![CDATA[[TestResult name=SelectReact status=SUCCESS method=ElementsTests.SelectReact()[pri:9, instance:tests.ElementsTests@3bd323e9] output={null}]]]>
              </value>
            </param>
          </params>
          <reporter-output>
          </reporter-output>
        </test-method> <!-- TearDown -->
        <test-method is-config="true" signature="setUP()[pri:0, instance:tests.ElementsTests@3bd323e9]" started-at="2025-08-25T10:34:30 IST" name="setUP" finished-at="2025-08-25T10:34:37 IST" duration-ms="6804" status="PASS">
          <reporter-output>
          </reporter-output>
        </test-method> <!-- setUP -->
        <test-method signature="SelectAngular()[pri:10, instance:tests.ElementsTests@3bd323e9]" started-at="2025-08-25T10:34:37 IST" name="SelectAngular" finished-at="2025-08-25T10:34:39 IST" duration-ms="2228" status="PASS">
          <reporter-output>
          </reporter-output>
        </test-method> <!-- SelectAngular -->
        <test-method is-config="true" signature="TearDown(org.testng.ITestResult)[pri:0, instance:tests.ElementsTests@3bd323e9]" started-at="2025-08-25T10:34:39 IST" name="TearDown" finished-at="2025-08-25T10:34:40 IST" duration-ms="480" status="PASS">
          <params>
            <param index="0">
              <value>
                <![CDATA[[TestResult name=SelectAngular status=SUCCESS method=ElementsTests.SelectAngular()[pri:10, instance:tests.ElementsTests@3bd323e9] output={null}]]]>
              </value>
            </param>
          </params>
          <reporter-output>
          </reporter-output>
        </test-method> <!-- TearDown -->
        <test-method is-config="true" signature="setUP()[pri:0, instance:tests.ElementsTests@3bd323e9]" started-at="2025-08-25T10:34:40 IST" name="setUP" finished-at="2025-08-25T10:34:52 IST" duration-ms="12407" status="PASS">
          <reporter-output>
          </reporter-output>
        </test-method> <!-- setUP -->
        <test-method signature="SelectVeu()[pri:11, instance:tests.ElementsTests@3bd323e9]" started-at="2025-08-25T10:34:52 IST" name="SelectVeu" finished-at="2025-08-25T10:34:54 IST" duration-ms="2258" status="PASS">
          <reporter-output>
          </reporter-output>
        </test-method> <!-- SelectVeu -->
        <test-method is-config="true" signature="TearDown(org.testng.ITestResult)[pri:0, instance:tests.ElementsTests@3bd323e9]" started-at="2025-08-25T10:34:54 IST" name="TearDown" finished-at="2025-08-25T10:34:55 IST" duration-ms="713" status="PASS">
          <params>
            <param index="0">
              <value>
                <![CDATA[[TestResult name=SelectVeu status=SUCCESS method=ElementsTests.SelectVeu()[pri:11, instance:tests.ElementsTests@3bd323e9] output={null}]]]>
              </value>
            </param>
          </params>
          <reporter-output>
          </reporter-output>
        </test-method> <!-- TearDown -->
        <test-method is-config="true" signature="setUP()[pri:0, instance:tests.ElementsTests@3bd323e9]" started-at="2025-08-25T10:34:55 IST" name="setUP" finished-at="2025-08-25T10:35:02 IST" duration-ms="6928" status="PASS">
          <reporter-output>
          </reporter-output>
        </test-method> <!-- setUP -->
        <test-method signature="SelectReactAnuglarVeu()[pri:12, instance:tests.ElementsTests@3bd323e9]" started-at="2025-08-25T10:35:02 IST" name="SelectReactAnuglarVeu" finished-at="2025-08-25T10:35:04 IST" duration-ms="2332" status="PASS">
          <reporter-output>
          </reporter-output>
        </test-method> <!-- SelectReactAnuglarVeu -->
        <test-method is-config="true" signature="TearDown(org.testng.ITestResult)[pri:0, instance:tests.ElementsTests@3bd323e9]" started-at="2025-08-25T10:35:04 IST" name="TearDown" finished-at="2025-08-25T10:35:05 IST" duration-ms="405" status="PASS">
          <params>
            <param index="0">
              <value>
                <![CDATA[[TestResult name=SelectReactAnuglarVeu status=SUCCESS method=ElementsTests.SelectReactAnuglarVeu()[pri:12, instance:tests.ElementsTests@3bd323e9] output={null}]]]>
              </value>
            </param>
          </params>
          <reporter-output>
          </reporter-output>
        </test-method> <!-- TearDown -->
        <test-method is-config="true" signature="setUP()[pri:0, instance:tests.ElementsTests@3bd323e9]" started-at="2025-08-25T10:35:05 IST" name="setUP" finished-at="2025-08-25T10:35:16 IST" duration-ms="11107" status="PASS">
          <reporter-output>
          </reporter-output>
        </test-method> <!-- setUP -->
        <test-method signature="SelectingOffice()[pri:13, instance:tests.ElementsTests@3bd323e9]" started-at="2025-08-25T10:35:16 IST" name="SelectingOffice" finished-at="2025-08-25T10:35:18 IST" duration-ms="2098" status="PASS">
          <reporter-output>
          </reporter-output>
        </test-method> <!-- SelectingOffice -->
        <test-method is-config="true" signature="TearDown(org.testng.ITestResult)[pri:0, instance:tests.ElementsTests@3bd323e9]" started-at="2025-08-25T10:35:18 IST" name="TearDown" finished-at="2025-08-25T10:35:18 IST" duration-ms="411" status="PASS">
          <params>
            <param index="0">
              <value>
                <![CDATA[[TestResult name=SelectingOffice status=SUCCESS method=ElementsTests.SelectingOffice()[pri:13, instance:tests.ElementsTests@3bd323e9] output={null}]]]>
              </value>
            </param>
          </params>
          <reporter-output>
          </reporter-output>
        </test-method> <!-- TearDown -->
        <test-method is-config="true" signature="setUP()[pri:0, instance:tests.ElementsTests@3bd323e9]" started-at="2025-08-25T10:35:18 IST" name="setUP" finished-at="2025-08-25T10:35:25 IST" duration-ms="6804" status="PASS">
          <reporter-output>
          </reporter-output>
        </test-method> <!-- setUP -->
        <test-method signature="SelectPublic()[pri:14, instance:tests.ElementsTests@3bd323e9]" started-at="2025-08-25T10:35:25 IST" name="SelectPublic" finished-at="2025-08-25T10:35:27 IST" duration-ms="2081" status="PASS">
          <reporter-output>
          </reporter-output>
        </test-method> <!-- SelectPublic -->
        <test-method is-config="true" signature="TearDown(org.testng.ITestResult)[pri:0, instance:tests.ElementsTests@3bd323e9]" started-at="2025-08-25T10:35:27 IST" name="TearDown" finished-at="2025-08-25T10:35:28 IST" duration-ms="619" status="PASS">
          <params>
            <param index="0">
              <value>
                <![CDATA[[TestResult name=SelectPublic status=SUCCESS method=ElementsTests.SelectPublic()[pri:14, instance:tests.ElementsTests@3bd323e9] output={null}]]]>
              </value>
            </param>
          </params>
          <reporter-output>
          </reporter-output>
        </test-method> <!-- TearDown -->
        <test-method is-config="true" signature="setUP()[pri:0, instance:tests.ElementsTests@3bd323e9]" started-at="2025-08-25T10:35:28 IST" name="setUP" finished-at="2025-08-25T10:35:39 IST" duration-ms="11207" status="PASS">
          <reporter-output>
          </reporter-output>
        </test-method> <!-- setUP -->
        <test-method signature="SelectPrivate()[pri:15, instance:tests.ElementsTests@3bd323e9]" started-at="2025-08-25T10:35:39 IST" name="SelectPrivate" finished-at="2025-08-25T10:35:41 IST" duration-ms="2107" status="PASS">
          <reporter-output>
          </reporter-output>
        </test-method> <!-- SelectPrivate -->
        <test-method is-config="true" signature="TearDown(org.testng.ITestResult)[pri:0, instance:tests.ElementsTests@3bd323e9]" started-at="2025-08-25T10:35:41 IST" name="TearDown" finished-at="2025-08-25T10:35:42 IST" duration-ms="548" status="PASS">
          <params>
            <param index="0">
              <value>
                <![CDATA[[TestResult name=SelectPrivate status=SUCCESS method=ElementsTests.SelectPrivate()[pri:15, instance:tests.ElementsTests@3bd323e9] output={null}]]]>
              </value>
            </param>
          </params>
          <reporter-output>
          </reporter-output>
        </test-method> <!-- TearDown -->
        <test-method is-config="true" signature="setUP()[pri:0, instance:tests.ElementsTests@3bd323e9]" started-at="2025-08-25T10:35:42 IST" name="setUP" finished-at="2025-08-25T10:35:48 IST" duration-ms="6561" status="PASS">
          <reporter-output>
          </reporter-output>
        </test-method> <!-- setUP -->
        <test-method signature="SelectClassified()[pri:16, instance:tests.ElementsTests@3bd323e9]" started-at="2025-08-25T10:35:48 IST" name="SelectClassified" finished-at="2025-08-25T10:35:50 IST" duration-ms="2115" status="PASS">
          <reporter-output>
          </reporter-output>
        </test-method> <!-- SelectClassified -->
        <test-method is-config="true" signature="TearDown(org.testng.ITestResult)[pri:0, instance:tests.ElementsTests@3bd323e9]" started-at="2025-08-25T10:35:50 IST" name="TearDown" finished-at="2025-08-25T10:35:51 IST" duration-ms="442" status="PASS">
          <params>
            <param index="0">
              <value>
                <![CDATA[[TestResult name=SelectClassified status=SUCCESS method=ElementsTests.SelectClassified()[pri:16, instance:tests.ElementsTests@3bd323e9] output={null}]]]>
              </value>
            </param>
          </params>
          <reporter-output>
          </reporter-output>
        </test-method> <!-- TearDown -->
        <test-method is-config="true" signature="setUP()[pri:0, instance:tests.ElementsTests@3bd323e9]" started-at="2025-08-25T10:35:51 IST" name="setUP" finished-at="2025-08-25T10:35:59 IST" duration-ms="7777" status="PASS">
          <reporter-output>
          </reporter-output>
        </test-method> <!-- setUP -->
        <test-method signature="SelectGeneral()[pri:17, instance:tests.ElementsTests@3bd323e9]" started-at="2025-08-25T10:35:59 IST" name="SelectGeneral" finished-at="2025-08-25T10:36:01 IST" duration-ms="2242" status="PASS">
          <reporter-output>
          </reporter-output>
        </test-method> <!-- SelectGeneral -->
        <test-method is-config="true" signature="TearDown(org.testng.ITestResult)[pri:0, instance:tests.ElementsTests@3bd323e9]" started-at="2025-08-25T10:36:01 IST" name="TearDown" finished-at="2025-08-25T10:36:01 IST" duration-ms="510" status="PASS">
          <params>
            <param index="0">
              <value>
                <![CDATA[[TestResult name=SelectGeneral status=SUCCESS method=ElementsTests.SelectGeneral()[pri:17, instance:tests.ElementsTests@3bd323e9] output={null}]]]>
              </value>
            </param>
          </params>
          <reporter-output>
          </reporter-output>
        </test-method> <!-- TearDown -->
        <test-method is-config="true" signature="setUP()[pri:0, instance:tests.ElementsTests@3bd323e9]" started-at="2025-08-25T10:36:01 IST" name="setUP" finished-at="2025-08-25T10:36:08 IST" duration-ms="6911" status="PASS">
          <reporter-output>
          </reporter-output>
        </test-method> <!-- setUP -->
        <test-method signature="SelectOfficeAll()[pri:18, instance:tests.ElementsTests@3bd323e9]" started-at="2025-08-25T10:36:08 IST" name="SelectOfficeAll" finished-at="2025-08-25T10:36:11 IST" duration-ms="2869" status="PASS">
          <reporter-output>
          </reporter-output>
        </test-method> <!-- SelectOfficeAll -->
        <test-method is-config="true" signature="TearDown(org.testng.ITestResult)[pri:0, instance:tests.ElementsTests@3bd323e9]" started-at="2025-08-25T10:36:11 IST" name="TearDown" finished-at="2025-08-25T10:36:11 IST" duration-ms="438" status="PASS">
          <params>
            <param index="0">
              <value>
                <![CDATA[[TestResult name=SelectOfficeAll status=SUCCESS method=ElementsTests.SelectOfficeAll()[pri:18, instance:tests.ElementsTests@3bd323e9] output={null}]]]>
              </value>
            </param>
          </params>
          <reporter-output>
          </reporter-output>
        </test-method> <!-- TearDown -->
        <test-method is-config="true" signature="setUP()[pri:0, instance:tests.ElementsTests@3bd323e9]" started-at="2025-08-25T10:36:11 IST" name="setUP" finished-at="2025-08-25T10:36:18 IST" duration-ms="6551" status="PASS">
          <reporter-output>
          </reporter-output>
        </test-method> <!-- setUP -->
        <test-method signature="SelectingDownloads()[pri:19, instance:tests.ElementsTests@3bd323e9]" started-at="2025-08-25T10:36:18 IST" name="SelectingDownloads" finished-at="2025-08-25T10:36:20 IST" duration-ms="2181" status="PASS">
          <reporter-output>
          </reporter-output>
        </test-method> <!-- SelectingDownloads -->
        <test-method is-config="true" signature="TearDown(org.testng.ITestResult)[pri:0, instance:tests.ElementsTests@3bd323e9]" started-at="2025-08-25T10:36:20 IST" name="TearDown" finished-at="2025-08-25T10:36:21 IST" duration-ms="403" status="PASS">
          <params>
            <param index="0">
              <value>
                <![CDATA[[TestResult name=SelectingDownloads status=SUCCESS method=ElementsTests.SelectingDownloads()[pri:19, instance:tests.ElementsTests@3bd323e9] output={null}]]]>
              </value>
            </param>
          </params>
          <reporter-output>
          </reporter-output>
        </test-method> <!-- TearDown -->
        <test-method is-config="true" signature="setUP()[pri:0, instance:tests.ElementsTests@3bd323e9]" started-at="2025-08-25T10:36:21 IST" name="setUP" finished-at="2025-08-25T10:36:28 IST" duration-ms="6996" status="PASS">
          <reporter-output>
          </reporter-output>
        </test-method> <!-- setUP -->
        <test-method signature="SelectingWordFile()[pri:20, instance:tests.ElementsTests@3bd323e9]" started-at="2025-08-25T10:36:28 IST" name="SelectingWordFile" finished-at="2025-08-25T10:36:30 IST" duration-ms="2182" status="PASS">
          <reporter-output>
          </reporter-output>
        </test-method> <!-- SelectingWordFile -->
        <test-method is-config="true" signature="TearDown(org.testng.ITestResult)[pri:0, instance:tests.ElementsTests@3bd323e9]" started-at="2025-08-25T10:36:30 IST" name="TearDown" finished-at="2025-08-25T10:36:30 IST" duration-ms="410" status="PASS">
          <params>
            <param index="0">
              <value>
                <![CDATA[[TestResult name=SelectingWordFile status=SUCCESS method=ElementsTests.SelectingWordFile()[pri:20, instance:tests.ElementsTests@3bd323e9] output={null}]]]>
              </value>
            </param>
          </params>
          <reporter-output>
          </reporter-output>
        </test-method> <!-- TearDown -->
        <test-method is-config="true" signature="setUP()[pri:0, instance:tests.ElementsTests@3bd323e9]" started-at="2025-08-25T10:36:30 IST" name="setUP" finished-at="2025-08-25T10:36:37 IST" duration-ms="7020" status="PASS">
          <reporter-output>
          </reporter-output>
        </test-method> <!-- setUP -->
        <test-method signature="SelectingExcelFile()[pri:21, instance:tests.ElementsTests@3bd323e9]" started-at="2025-08-25T10:36:37 IST" name="SelectingExcelFile" finished-at="2025-08-25T10:36:40 IST" duration-ms="2433" status="PASS">
          <reporter-output>
          </reporter-output>
        </test-method> <!-- SelectingExcelFile -->
        <test-method is-config="true" signature="TearDown(org.testng.ITestResult)[pri:0, instance:tests.ElementsTests@3bd323e9]" started-at="2025-08-25T10:36:40 IST" name="TearDown" finished-at="2025-08-25T10:36:40 IST" duration-ms="507" status="PASS">
          <params>
            <param index="0">
              <value>
                <![CDATA[[TestResult name=SelectingExcelFile status=SUCCESS method=ElementsTests.SelectingExcelFile()[pri:21, instance:tests.ElementsTests@3bd323e9] output={null}]]]>
              </value>
            </param>
          </params>
          <reporter-output>
          </reporter-output>
        </test-method> <!-- TearDown -->
        <test-method is-config="true" signature="setUP()[pri:0, instance:tests.ElementsTests@3bd323e9]" started-at="2025-08-25T10:36:40 IST" name="setUP" finished-at="2025-08-25T10:36:47 IST" duration-ms="6983" status="PASS">
          <reporter-output>
          </reporter-output>
        </test-method> <!-- setUP -->
        <test-method signature="SelectingAllFiles()[pri:22, instance:tests.ElementsTests@3bd323e9]" started-at="2025-08-25T10:36:47 IST" name="SelectingAllFiles" finished-at="2025-08-25T10:36:50 IST" duration-ms="2919" status="PASS">
          <reporter-output>
          </reporter-output>
        </test-method> <!-- SelectingAllFiles -->
        <test-method is-config="true" signature="TearDown(org.testng.ITestResult)[pri:0, instance:tests.ElementsTests@3bd323e9]" started-at="2025-08-25T10:36:50 IST" name="TearDown" finished-at="2025-08-25T10:36:51 IST" duration-ms="504" status="PASS">
          <params>
            <param index="0">
              <value>
                <![CDATA[[TestResult name=SelectingAllFiles status=SUCCESS method=ElementsTests.SelectingAllFiles()[pri:22, instance:tests.ElementsTests@3bd323e9] output={null}]]]>
              </value>
            </param>
          </params>
          <reporter-output>
          </reporter-output>
        </test-method> <!-- TearDown -->
        <test-method is-config="true" signature="setUP()[pri:0, instance:tests.ElementsTests@3bd323e9]" started-at="2025-08-25T10:36:51 IST" name="setUP" finished-at="2025-08-25T10:36:58 IST" duration-ms="6972" status="PASS">
          <reporter-output>
          </reporter-output>
        </test-method> <!-- setUP -->
        <test-method signature="clickRadioButton()[pri:23, instance:tests.ElementsTests@3bd323e9]" started-at="2025-08-25T10:36:58 IST" name="clickRadioButton" finished-at="2025-08-25T10:36:59 IST" duration-ms="1372" status="PASS">
          <reporter-output>
          </reporter-output>
        </test-method> <!-- clickRadioButton -->
        <test-method is-config="true" signature="TearDown(org.testng.ITestResult)[pri:0, instance:tests.ElementsTests@3bd323e9]" started-at="2025-08-25T10:36:59 IST" name="TearDown" finished-at="2025-08-25T10:36:59 IST" duration-ms="445" status="PASS">
          <params>
            <param index="0">
              <value>
                <![CDATA[[TestResult name=clickRadioButton status=SUCCESS method=ElementsTests.clickRadioButton()[pri:23, instance:tests.ElementsTests@3bd323e9] output={null}]]]>
              </value>
            </param>
          </params>
          <reporter-output>
          </reporter-output>
        </test-method> <!-- TearDown -->
        <test-method is-config="true" signature="setUP()[pri:0, instance:tests.ElementsTests@3bd323e9]" started-at="2025-08-25T10:36:59 IST" name="setUP" finished-at="2025-08-25T10:37:10 IST" duration-ms="10157" status="PASS">
          <reporter-output>
          </reporter-output>
        </test-method> <!-- setUP -->
        <test-method signature="SelectYesRadioButton()[pri:24, instance:tests.ElementsTests@3bd323e9]" started-at="2025-08-25T10:37:10 IST" name="SelectYesRadioButton" finished-at="2025-08-25T10:37:11 IST" duration-ms="1677" status="PASS">
          <reporter-output>
          </reporter-output>
        </test-method> <!-- SelectYesRadioButton -->
        <test-method is-config="true" signature="TearDown(org.testng.ITestResult)[pri:0, instance:tests.ElementsTests@3bd323e9]" started-at="2025-08-25T10:37:11 IST" name="TearDown" finished-at="2025-08-25T10:37:12 IST" duration-ms="550" status="PASS">
          <params>
            <param index="0">
              <value>
                <![CDATA[[TestResult name=SelectYesRadioButton status=SUCCESS method=ElementsTests.SelectYesRadioButton()[pri:24, instance:tests.ElementsTests@3bd323e9] output={null}]]]>
              </value>
            </param>
          </params>
          <reporter-output>
          </reporter-output>
        </test-method> <!-- TearDown -->
        <test-method is-config="true" signature="setUP()[pri:0, instance:tests.ElementsTests@3bd323e9]" started-at="2025-08-25T10:37:12 IST" name="setUP" finished-at="2025-08-25T10:37:23 IST" duration-ms="11442" status="PASS">
          <reporter-output>
          </reporter-output>
        </test-method> <!-- setUP -->
        <test-method signature="SelectImpressiveRadioButton()[pri:25, instance:tests.ElementsTests@3bd323e9]" started-at="2025-08-25T10:37:23 IST" name="SelectImpressiveRadioButton" finished-at="2025-08-25T10:37:25 IST" depends-on-methods="tests.ElementsTests.clickRadioButton" duration-ms="1657" status="PASS">
          <reporter-output>
          </reporter-output>
        </test-method> <!-- SelectImpressiveRadioButton -->
        <test-method is-config="true" signature="TearDown(org.testng.ITestResult)[pri:0, instance:tests.ElementsTests@3bd323e9]" started-at="2025-08-25T10:37:25 IST" name="TearDown" finished-at="2025-08-25T10:37:26 IST" duration-ms="962" status="PASS">
          <params>
            <param index="0">
              <value>
                <![CDATA[[TestResult name=SelectImpressiveRadioButton status=SUCCESS method=ElementsTests.SelectImpressiveRadioButton()[pri:25, instance:tests.ElementsTests@3bd323e9] output={null}]]]>
              </value>
            </param>
          </params>
          <reporter-output>
          </reporter-output>
        </test-method> <!-- TearDown -->
        <test-method is-config="true" signature="setUP()[pri:0, instance:tests.ElementsTests@3bd323e9]" started-at="2025-08-25T10:37:26 IST" name="setUP" finished-at="2025-08-25T10:37:39 IST" duration-ms="13126" status="PASS">
          <reporter-output>
          </reporter-output>
        </test-method> <!-- setUP -->
        <test-method signature="WebTablesClick()[pri:26, instance:tests.ElementsTests@3bd323e9]" started-at="2025-08-25T10:37:39 IST" name="WebTablesClick" finished-at="2025-08-25T10:37:41 IST" duration-ms="1613" status="PASS">
          <reporter-output>
          </reporter-output>
        </test-method> <!-- WebTablesClick -->
        <test-method is-config="true" signature="TearDown(org.testng.ITestResult)[pri:0, instance:tests.ElementsTests@3bd323e9]" started-at="2025-08-25T10:37:41 IST" name="TearDown" finished-at="2025-08-25T10:37:41 IST" duration-ms="397" status="PASS">
          <params>
            <param index="0">
              <value>
                <![CDATA[[TestResult name=WebTablesClick status=SUCCESS method=ElementsTests.WebTablesClick()[pri:26, instance:tests.ElementsTests@3bd323e9] output={null}]]]>
              </value>
            </param>
          </params>
          <reporter-output>
          </reporter-output>
        </test-method> <!-- TearDown -->
        <test-method is-config="true" signature="setUP()[pri:0, instance:tests.ElementsTests@3bd323e9]" started-at="2025-08-25T10:37:42 IST" name="setUP" finished-at="2025-08-25T10:37:52 IST" duration-ms="10158" status="PASS">
          <reporter-output>
          </reporter-output>
        </test-method> <!-- setUP -->
        <test-method signature="webTableNewRegistration(models.WebTableUser)[pri:27, instance:tests.ElementsTests@3bd323e9]" started-at="2025-08-25T10:37:52 IST" name="webTableNewRegistration" data-provider="WebTableUserData" finished-at="2025-08-25T10:37:57 IST" depends-on-methods="tests.ElementsTests.WebTablesClick" duration-ms="4306" status="PASS">
          <params>
            <param index="0">
              <value>
                <![CDATA[WebTableUser{firstName='Johny', lastName='Bravo', email='Jbravo@demoqa.com', salary=280000, age=340, department='Information Technology'}]]>
              </value>
            </param>
          </params>
          <reporter-output>
          </reporter-output>
        </test-method> <!-- webTableNewRegistration -->
        <test-method is-config="true" signature="TearDown(org.testng.ITestResult)[pri:0, instance:tests.ElementsTests@3bd323e9]" started-at="2025-08-25T10:37:57 IST" name="TearDown" finished-at="2025-08-25T10:37:57 IST" duration-ms="599" status="PASS">
          <params>
            <param index="0">
              <value>
                <![CDATA[[TestResult name=webTableNewRegistration status=SUCCESS method=ElementsTests.webTableNewRegistration(models.WebTableUser)[pri:27, instance:tests.ElementsTests@3bd323e9] output={null}]]]>
              </value>
            </param>
          </params>
          <reporter-output>
          </reporter-output>
        </test-method> <!-- TearDown -->
        <test-method is-config="true" signature="setUP()[pri:0, instance:tests.ElementsTests@3bd323e9]" started-at="2025-08-25T10:37:57 IST" name="setUP" finished-at="2025-08-25T10:38:10 IST" duration-ms="12629" status="PASS">
          <reporter-output>
          </reporter-output>
        </test-method> <!-- setUP -->
        <test-method signature="webTableNewRegistration(models.WebTableUser)[pri:27, instance:tests.ElementsTests@3bd323e9]" started-at="2025-08-25T10:38:10 IST" name="webTableNewRegistration" data-provider="WebTableUserData" finished-at="2025-08-25T10:38:14 IST" depends-on-methods="tests.ElementsTests.WebTablesClick" duration-ms="4430" status="PASS">
          <params>
            <param index="0">
              <value>
                <![CDATA[WebTableUser{firstName='Gene', lastName='Femina', email='GFemina@demoqa.com', salary=180000, age=300, department='Finance'}]]>
              </value>
            </param>
          </params>
          <reporter-output>
          </reporter-output>
        </test-method> <!-- webTableNewRegistration -->
        <test-method is-config="true" signature="TearDown(org.testng.ITestResult)[pri:0, instance:tests.ElementsTests@3bd323e9]" started-at="2025-08-25T10:38:14 IST" name="TearDown" finished-at="2025-08-25T10:38:15 IST" duration-ms="553" status="PASS">
          <params>
            <param index="0">
              <value>
                <![CDATA[[TestResult name=webTableNewRegistration status=SUCCESS method=ElementsTests.webTableNewRegistration(models.WebTableUser)[pri:27, instance:tests.ElementsTests@3bd323e9] output={null}]]]>
              </value>
            </param>
          </params>
          <reporter-output>
          </reporter-output>
        </test-method> <!-- TearDown -->
        <test-method is-config="true" signature="setUP()[pri:0, instance:tests.ElementsTests@3bd323e9]" started-at="2025-08-25T10:38:15 IST" name="setUP" finished-at="2025-08-25T10:38:27 IST" duration-ms="12570" status="PASS">
          <reporter-output>
          </reporter-output>
        </test-method> <!-- setUP -->
        <test-method signature="webTableNewRegistration(models.WebTableUser)[pri:27, instance:tests.ElementsTests@3bd323e9]" started-at="2025-08-25T10:38:27 IST" name="webTableNewRegistration" data-provider="WebTableUserData" finished-at="2025-08-25T10:38:32 IST" depends-on-methods="tests.ElementsTests.WebTablesClick" duration-ms="4271" status="PASS">
          <params>
            <param index="0">
              <value>
                <![CDATA[WebTableUser{firstName='Bud', lastName='Wisem', email='BWisem@demoqa.com', salary=150000, age=400, department='Medicine'}]]>
              </value>
            </param>
          </params>
          <reporter-output>
          </reporter-output>
        </test-method> <!-- webTableNewRegistration -->
        <test-method is-config="true" signature="TearDown(org.testng.ITestResult)[pri:0, instance:tests.ElementsTests@3bd323e9]" started-at="2025-08-25T10:38:32 IST" name="TearDown" finished-at="2025-08-25T10:38:32 IST" duration-ms="637" status="PASS">
          <params>
            <param index="0">
              <value>
                <![CDATA[[TestResult name=webTableNewRegistration status=SUCCESS method=ElementsTests.webTableNewRegistration(models.WebTableUser)[pri:27, instance:tests.ElementsTests@3bd323e9] output={null}]]]>
              </value>
            </param>
          </params>
          <reporter-output>
          </reporter-output>
        </test-method> <!-- TearDown -->
        <test-method is-config="true" signature="setUP()[pri:0, instance:tests.ElementsTests@3bd323e9]" started-at="2025-08-25T10:38:32 IST" name="setUP" finished-at="2025-08-25T10:38:45 IST" duration-ms="12557" status="PASS">
          <reporter-output>
          </reporter-output>
        </test-method> <!-- setUP -->
        <test-method signature="webTableNewRegistration(models.WebTableUser)[pri:27, instance:tests.ElementsTests@3bd323e9]" started-at="2025-08-25T10:38:45 IST" name="webTableNewRegistration" data-provider="WebTableUserData" finished-at="2025-08-25T10:38:49 IST" depends-on-methods="tests.ElementsTests.WebTablesClick" duration-ms="3779" status="PASS">
          <params>
            <param index="0">
              <value>
                <![CDATA[WebTableUser{firstName='Tom', lastName='Boss', email='TBoss@demoqa.com', salary=190000, age=420, department='Recreation'}]]>
              </value>
            </param>
          </params>
          <reporter-output>
          </reporter-output>
        </test-method> <!-- webTableNewRegistration -->
        <test-method is-config="true" signature="TearDown(org.testng.ITestResult)[pri:0, instance:tests.ElementsTests@3bd323e9]" started-at="2025-08-25T10:38:49 IST" name="TearDown" finished-at="2025-08-25T10:38:49 IST" duration-ms="595" status="PASS">
          <params>
            <param index="0">
              <value>
                <![CDATA[[TestResult name=webTableNewRegistration status=SUCCESS method=ElementsTests.webTableNewRegistration(models.WebTableUser)[pri:27, instance:tests.ElementsTests@3bd323e9] output={null}]]]>
              </value>
            </param>
          </params>
          <reporter-output>
          </reporter-output>
        </test-method> <!-- TearDown -->
        <test-method is-config="true" signature="setUP()[pri:0, instance:tests.ElementsTests@3bd323e9]" started-at="2025-08-25T10:38:49 IST" name="setUP" finished-at="2025-08-25T10:38:57 IST" duration-ms="7997" status="PASS">
          <reporter-output>
          </reporter-output>
        </test-method> <!-- setUP -->
        <test-method signature="webTableAddSearch(models.WebTableUser)[pri:28, instance:tests.ElementsTests@3bd323e9]" started-at="2025-08-25T10:38:57 IST" name="webTableAddSearch" data-provider="WTFormDataEdit" finished-at="2025-08-25T10:39:02 IST" depends-on-methods="tests.ElementsTests.WebTablesClick" duration-ms="4315" status="PASS">
          <params>
            <param index="0">
              <value>
                <![CDATA[WebTableUser{firstName='Johny', lastName='Bravo', email='Jbravo@demoqa.com', salary=280000, age=340, department='Information Technology'}]]>
              </value>
            </param>
          </params>
          <reporter-output>
          </reporter-output>
        </test-method> <!-- webTableAddSearch -->
        <test-method is-config="true" signature="TearDown(org.testng.ITestResult)[pri:0, instance:tests.ElementsTests@3bd323e9]" started-at="2025-08-25T10:39:02 IST" name="TearDown" finished-at="2025-08-25T10:39:02 IST" duration-ms="460" status="PASS">
          <params>
            <param index="0">
              <value>
                <![CDATA[[TestResult name=webTableAddSearch status=SUCCESS method=ElementsTests.webTableAddSearch(models.WebTableUser)[pri:28, instance:tests.ElementsTests@3bd323e9] output={null}]]]>
              </value>
            </param>
          </params>
          <reporter-output>
          </reporter-output>
        </test-method> <!-- TearDown -->
        <test-method is-config="true" signature="setUP()[pri:0, instance:tests.ElementsTests@3bd323e9]" started-at="2025-08-25T10:39:02 IST" name="setUP" finished-at="2025-08-25T10:39:11 IST" duration-ms="8929" status="PASS">
          <reporter-output>
          </reporter-output>
        </test-method> <!-- setUP -->
        <test-method signature="webTableAddEditFirstName(models.WebTableUser)[pri:29, instance:tests.ElementsTests@3bd323e9]" started-at="2025-08-25T10:39:11 IST" name="webTableAddEditFirstName" data-provider="WTFormDataEdit" finished-at="2025-08-25T10:39:17 IST" depends-on-methods="tests.ElementsTests.WebTablesClick" duration-ms="6117" status="PASS">
          <params>
            <param index="0">
              <value>
                <![CDATA[WebTableUser{firstName='Tonny', lastName='Bravo', email='Jbravo@demoqa.com', salary=280000, age=340, department='Information Technology'}]]>
              </value>
            </param>
          </params>
          <reporter-output>
          </reporter-output>
        </test-method> <!-- webTableAddEditFirstName -->
        <test-method is-config="true" signature="TearDown(org.testng.ITestResult)[pri:0, instance:tests.ElementsTests@3bd323e9]" started-at="2025-08-25T10:39:17 IST" name="TearDown" finished-at="2025-08-25T10:39:18 IST" duration-ms="703" status="PASS">
          <params>
            <param index="0">
              <value>
                <![CDATA[[TestResult name=webTableAddEditFirstName status=SUCCESS method=ElementsTests.webTableAddEditFirstName(models.WebTableUser)[pri:29, instance:tests.ElementsTests@3bd323e9] output={null}]]]>
              </value>
            </param>
          </params>
          <reporter-output>
          </reporter-output>
        </test-method> <!-- TearDown -->
        <test-method is-config="true" signature="setUP()[pri:0, instance:tests.ElementsTests@3bd323e9]" started-at="2025-08-25T10:39:18 IST" name="setUP" finished-at="2025-08-25T10:39:26 IST" duration-ms="7686" status="PASS">
          <reporter-output>
          </reporter-output>
        </test-method> <!-- setUP -->
        <test-method signature="webTableAddSearchEdit(models.WebTableUser)[pri:30, instance:tests.ElementsTests@3bd323e9]" started-at="2025-08-25T10:39:26 IST" name="webTableAddSearchEdit" data-provider="WTFormDataEdit" finished-at="2025-08-25T10:39:32 IST" depends-on-methods="tests.ElementsTests.WebTablesClick" duration-ms="6591" status="PASS">
          <params>
            <param index="0">
              <value>
                <![CDATA[WebTableUser{firstName='Tonny', lastName='Bravo', email='Jbravo@demoqa.com', salary=280000, age=340, department='Information Technology'}]]>
              </value>
            </param>
          </params>
          <reporter-output>
          </reporter-output>
        </test-method> <!-- webTableAddSearchEdit -->
        <test-method is-config="true" signature="TearDown(org.testng.ITestResult)[pri:0, instance:tests.ElementsTests@3bd323e9]" started-at="2025-08-25T10:39:32 IST" name="TearDown" finished-at="2025-08-25T10:39:33 IST" duration-ms="993" status="PASS">
          <params>
            <param index="0">
              <value>
                <![CDATA[[TestResult name=webTableAddSearchEdit status=SUCCESS method=ElementsTests.webTableAddSearchEdit(models.WebTableUser)[pri:30, instance:tests.ElementsTests@3bd323e9] output={null}]]]>
              </value>
            </param>
          </params>
          <reporter-output>
          </reporter-output>
        </test-method> <!-- TearDown -->
        <test-method is-config="true" signature="setUP()[pri:0, instance:tests.ElementsTests@3bd323e9]" started-at="2025-08-25T10:39:33 IST" name="setUP" finished-at="2025-08-25T10:39:41 IST" duration-ms="7290" status="PASS">
          <reporter-output>
          </reporter-output>
        </test-method> <!-- setUP -->
        <test-method signature="webTableDeleteUser(models.WebTableUser)[pri:31, instance:tests.ElementsTests@3bd323e9]" started-at="2025-08-25T10:39:41 IST" name="webTableDeleteUser" data-provider="WTFormDataEdit" finished-at="2025-08-25T10:39:46 IST" depends-on-methods="tests.ElementsTests.WebTablesClick" duration-ms="5316" status="PASS">
          <params>
            <param index="0">
              <value>
                <![CDATA[WebTableUser{firstName='Johny', lastName='Bravo', email='Jbravo@demoqa.com', salary=280000, age=340, department='Information Technology'}]]>
              </value>
            </param>
          </params>
          <reporter-output>
          </reporter-output>
        </test-method> <!-- webTableDeleteUser -->
        <test-method is-config="true" signature="TearDown(org.testng.ITestResult)[pri:0, instance:tests.ElementsTests@3bd323e9]" started-at="2025-08-25T10:39:46 IST" name="TearDown" finished-at="2025-08-25T10:39:46 IST" duration-ms="475" status="PASS">
          <params>
            <param index="0">
              <value>
                <![CDATA[[TestResult name=webTableDeleteUser status=SUCCESS method=ElementsTests.webTableDeleteUser(models.WebTableUser)[pri:31, instance:tests.ElementsTests@3bd323e9] output={null}]]]>
              </value>
            </param>
          </params>
          <reporter-output>
          </reporter-output>
        </test-method> <!-- TearDown -->
        <test-method is-config="true" signature="setUP()[pri:0, instance:tests.ElementsTests@3bd323e9]" started-at="2025-08-25T10:39:46 IST" name="setUP" finished-at="2025-08-25T10:40:00 IST" duration-ms="13388" status="PASS">
          <reporter-output>
          </reporter-output>
        </test-method> <!-- setUP -->
        <test-method signature="testAddAllUsersFromExcel()[pri:32, instance:tests.ElementsTests@3bd323e9]" started-at="2025-08-25T10:40:00 IST" name="testAddAllUsersFromExcel" finished-at="2025-08-25T10:40:14 IST" depends-on-methods="tests.ElementsTests.WebTablesClick" duration-ms="13848" status="PASS">
          <reporter-output>
          </reporter-output>
        </test-method> <!-- testAddAllUsersFromExcel -->
        <test-method is-config="true" signature="TearDown(org.testng.ITestResult)[pri:0, instance:tests.ElementsTests@3bd323e9]" started-at="2025-08-25T10:40:14 IST" name="TearDown" finished-at="2025-08-25T10:40:14 IST" duration-ms="898" status="PASS">
          <params>
            <param index="0">
              <value>
                <![CDATA[[TestResult name=testAddAllUsersFromExcel status=SUCCESS method=ElementsTests.testAddAllUsersFromExcel()[pri:32, instance:tests.ElementsTests@3bd323e9] output={null}]]]>
              </value>
            </param>
          </params>
          <reporter-output>
          </reporter-output>
        </test-method> <!-- TearDown -->
        <test-method is-config="true" signature="setUP()[pri:0, instance:tests.ElementsTests@3bd323e9]" started-at="2025-08-25T10:40:14 IST" name="setUP" finished-at="2025-08-25T10:40:39 IST" duration-ms="24827" status="PASS">
          <reporter-output>
          </reporter-output>
        </test-method> <!-- setUP -->
        <test-method signature="testAddAllUsersSearchEdit()[pri:33, instance:tests.ElementsTests@3bd323e9]" started-at="2025-08-25T10:40:39 IST" name="testAddAllUsersSearchEdit" finished-at="2025-08-25T10:40:52 IST" depends-on-methods="tests.ElementsTests.WebTablesClick" duration-ms="13109" status="PASS">
          <reporter-output>
          </reporter-output>
        </test-method> <!-- testAddAllUsersSearchEdit -->
        <test-method is-config="true" signature="TearDown(org.testng.ITestResult)[pri:0, instance:tests.ElementsTests@3bd323e9]" started-at="2025-08-25T10:40:52 IST" name="TearDown" finished-at="2025-08-25T10:40:53 IST" duration-ms="517" status="PASS">
          <params>
            <param index="0">
              <value>
                <![CDATA[[TestResult name=testAddAllUsersSearchEdit status=SUCCESS method=ElementsTests.testAddAllUsersSearchEdit()[pri:33, instance:tests.ElementsTests@3bd323e9] output={null}]]]>
              </value>
            </param>
          </params>
          <reporter-output>
          </reporter-output>
        </test-method> <!-- TearDown -->
        <test-method is-config="true" signature="setUP()[pri:0, instance:tests.ElementsTests@3bd323e9]" started-at="2025-08-25T10:40:53 IST" name="setUP" finished-at="2025-08-25T10:41:01 IST" duration-ms="7676" status="PASS">
          <reporter-output>
          </reporter-output>
        </test-method> <!-- setUP -->
        <test-method signature="EditSalaryDepartment()[pri:34, instance:tests.ElementsTests@3bd323e9]" started-at="2025-08-25T10:41:01 IST" name="EditSalaryDepartment" finished-at="2025-08-25T10:41:22 IST" depends-on-methods="tests.ElementsTests.WebTablesClick" duration-ms="21316" status="PASS">
          <reporter-output>
          </reporter-output>
        </test-method> <!-- EditSalaryDepartment -->
        <test-method is-config="true" signature="TearDown(org.testng.ITestResult)[pri:0, instance:tests.ElementsTests@3bd323e9]" started-at="2025-08-25T10:41:22 IST" name="TearDown" finished-at="2025-08-25T10:41:22 IST" duration-ms="538" status="PASS">
          <params>
            <param index="0">
              <value>
                <![CDATA[[TestResult name=EditSalaryDepartment status=SUCCESS method=ElementsTests.EditSalaryDepartment()[pri:34, instance:tests.ElementsTests@3bd323e9] output={null}]]]>
              </value>
            </param>
          </params>
          <reporter-output>
          </reporter-output>
        </test-method> <!-- TearDown -->
        <test-method is-config="true" signature="setUP()[pri:0, instance:tests.ElementsTests@3bd323e9]" started-at="2025-08-25T10:41:22 IST" name="setUP" finished-at="2025-08-25T10:41:29 IST" duration-ms="6756" status="PASS">
          <reporter-output>
          </reporter-output>
        </test-method> <!-- setUP -->
        <test-method signature="Buttons()[pri:35, instance:tests.ElementsTests@3bd323e9]" started-at="2025-08-25T10:41:29 IST" name="Buttons" finished-at="2025-08-25T10:41:31 IST" duration-ms="1652" status="PASS">
          <reporter-output>
          </reporter-output>
        </test-method> <!-- Buttons -->
        <test-method is-config="true" signature="TearDown(org.testng.ITestResult)[pri:0, instance:tests.ElementsTests@3bd323e9]" started-at="2025-08-25T10:41:31 IST" name="TearDown" finished-at="2025-08-25T10:41:31 IST" duration-ms="450" status="PASS">
          <params>
            <param index="0">
              <value>
                <![CDATA[[TestResult name=Buttons status=SUCCESS method=ElementsTests.Buttons()[pri:35, instance:tests.ElementsTests@3bd323e9] output={null}]]]>
              </value>
            </param>
          </params>
          <reporter-output>
          </reporter-output>
        </test-method> <!-- TearDown -->
        <test-method is-config="true" signature="setUP()[pri:0, instance:tests.ElementsTests@3bd323e9]" started-at="2025-08-25T10:41:31 IST" name="setUP" finished-at="2025-08-25T10:41:38 IST" duration-ms="6546" status="PASS">
          <reporter-output>
          </reporter-output>
        </test-method> <!-- setUP -->
        <test-method signature="DoubleClickButtons()[pri:36, instance:tests.ElementsTests@3bd323e9]" started-at="2025-08-25T10:41:38 IST" name="DoubleClickButtons" finished-at="2025-08-25T10:41:40 IST" duration-ms="2113" status="FAIL">
          <exception class="org.openqa.selenium.NoSuchElementException">
            <message>
              <![CDATA[no such element: Unable to locate element: {"method":"xpath","selector":"//p[@id='doubleClickMessage']"}
  (Session info: chrome=137.0.7151.120)
For documentation on this error, please visit: https://www.selenium.dev/documentation/webdriver/troubleshooting/errors#no-such-element-exception
Build info: version: '4.34.0', revision: '707dcb4246*'
System info: os.name: 'Windows 11', os.arch: 'amd64', os.version: '10.0', java.version: '21.0.7'
Driver info: org.openqa.selenium.chrome.ChromeDriver
Command: [a4bf54401222123940b877a1d58b2ba8, findElement {value=//p[@id='doubleClickMessage'], using=xpath}]
Capabilities {acceptInsecureCerts: false, browserName: chrome, browserVersion: 137.0.7151.120, chrome: {chromedriverVersion: 137.0.7151.119 (e0ac9d12dff..., userDataDir: /tmp/chrome-profile-c5956b7...}, fedcm:accounts: true, goog:chromeOptions: {debuggerAddress: localhost:52151}, networkConnectionEnabled: false, pageLoadStrategy: normal, platformName: windows, proxy: Proxy(), se:cdp: ws://localhost:52151/devtoo..., se:cdpVersion: 137.0.7151.120, setWindowRect: true, strictFileInteractability: false, timeouts: {implicit: 0, pageLoad: 300000, script: 30000}, unhandledPromptBehavior: dismiss and notify, webauthn:extension:credBlob: true, webauthn:extension:largeBlob: true, webauthn:extension:minPinLength: true, webauthn:extension:prf: true, webauthn:virtualAuthenticators: true}
Session ID: a4bf54401222123940b877a1d58b2ba8]]>
            </message>
            <full-stacktrace>
              <![CDATA[org.openqa.selenium.NoSuchElementException: no such element: Unable to locate element: {"method":"xpath","selector":"//p[@id='doubleClickMessage']"}
  (Session info: chrome=137.0.7151.120)
For documentation on this error, please visit: https://www.selenium.dev/documentation/webdriver/troubleshooting/errors#no-such-element-exception
Build info: version: '4.34.0', revision: '707dcb4246*'
System info: os.name: 'Windows 11', os.arch: 'amd64', os.version: '10.0', java.version: '21.0.7'
Driver info: org.openqa.selenium.chrome.ChromeDriver
Command: [a4bf54401222123940b877a1d58b2ba8, findElement {value=//p[@id='doubleClickMessage'], using=xpath}]
Capabilities {acceptInsecureCerts: false, browserName: chrome, browserVersion: 137.0.7151.120, chrome: {chromedriverVersion: 137.0.7151.119 (e0ac9d12dff..., userDataDir: /tmp/chrome-profile-c5956b7...}, fedcm:accounts: true, goog:chromeOptions: {debuggerAddress: localhost:52151}, networkConnectionEnabled: false, pageLoadStrategy: normal, platformName: windows, proxy: Proxy(), se:cdp: ws://localhost:52151/devtoo..., se:cdpVersion: 137.0.7151.120, setWindowRect: true, strictFileInteractability: false, timeouts: {implicit: 0, pageLoad: 300000, script: 30000}, unhandledPromptBehavior: dismiss and notify, webauthn:extension:credBlob: true, webauthn:extension:largeBlob: true, webauthn:extension:minPinLength: true, webauthn:extension:prf: true, webauthn:virtualAuthenticators: true}
Session ID: a4bf54401222123940b877a1d58b2ba8
at java.base/jdk.internal.reflect.DirectConstructorHandleAccessor.newInstance(DirectConstructorHandleAccessor.java:62)
at java.base/java.lang.reflect.Constructor.newInstanceWithCaller(Constructor.java:502)
at java.base/java.lang.reflect.Constructor.newInstance(Constructor.java:486)
at org.openqa.selenium.remote.ErrorCodec.decode(ErrorCodec.java:167)
at org.openqa.selenium.remote.codec.w3c.W3CHttpResponseCodec.decode(W3CHttpResponseCodec.java:138)
at org.openqa.selenium.remote.codec.w3c.W3CHttpResponseCodec.decode(W3CHttpResponseCodec.java:50)
at org.openqa.selenium.remote.HttpCommandExecutor.execute(HttpCommandExecutor.java:215)
at org.openqa.selenium.remote.service.DriverCommandExecutor.invokeExecute(DriverCommandExecutor.java:216)
at org.openqa.selenium.remote.service.DriverCommandExecutor.execute(DriverCommandExecutor.java:174)
at org.openqa.selenium.remote.RemoteWebDriver.execute(RemoteWebDriver.java:544)
at org.openqa.selenium.remote.ElementLocation$ElementFinder$2.findElement(ElementLocation.java:165)
at org.openqa.selenium.remote.ElementLocation.findElement(ElementLocation.java:59)
at org.openqa.selenium.remote.RemoteWebDriver.findElement(RemoteWebDriver.java:367)
at org.openqa.selenium.remote.RemoteWebDriver.findElement(RemoteWebDriver.java:361)
at pages.elementsPage.DoubleClickbtn(elementsPage.java:908)
at tests.ElementsTests.DoubleClickButtons(ElementsTests.java:770)
at java.base/jdk.internal.reflect.DirectMethodHandleAccessor.invoke(DirectMethodHandleAccessor.java:103)
at java.base/java.lang.reflect.Method.invoke(Method.java:580)
at org.testng.internal.invokers.MethodInvocationHelper.invokeMethod(MethodInvocationHelper.java:141)
at org.testng.internal.invokers.TestInvoker.invokeMethod(TestInvoker.java:687)
at org.testng.internal.invokers.TestInvoker.invokeTestMethod(TestInvoker.java:230)
at org.testng.internal.invokers.MethodRunner.runInSequence(MethodRunner.java:63)
at org.testng.internal.invokers.TestInvoker$MethodInvocationAgent.invoke(TestInvoker.java:995)
at org.testng.internal.invokers.TestInvoker.invokeTestMethods(TestInvoker.java:203)
at org.testng.internal.invokers.TestMethodWorker.invokeTestMethods(TestMethodWorker.java:154)
at org.testng.internal.invokers.TestMethodWorker.run(TestMethodWorker.java:134)
at java.base/java.util.ArrayList.forEach(ArrayList.java:1596)
at org.testng.TestRunner.privateRun(TestRunner.java:741)
at org.testng.TestRunner.run(TestRunner.java:616)
at org.testng.SuiteRunner.runTest(SuiteRunner.java:421)
at org.testng.SuiteRunner.runSequentially(SuiteRunner.java:413)
at org.testng.SuiteRunner.privateRun(SuiteRunner.java:373)
at org.testng.SuiteRunner.run(SuiteRunner.java:312)
at org.testng.SuiteRunnerWorker.runSuite(SuiteRunnerWorker.java:52)
at org.testng.SuiteRunnerWorker.run(SuiteRunnerWorker.java:95)
at org.testng.TestNG.runSuitesSequentially(TestNG.java:1274)
at org.testng.TestNG.runSuitesLocally(TestNG.java:1208)
at org.testng.TestNG.runSuites(TestNG.java:1112)
at org.testng.TestNG.run(TestNG.java:1079)
at org.apache.maven.surefire.testng.TestNGExecutor.run(TestNGExecutor.java:155)
at org.apache.maven.surefire.testng.TestNGDirectoryTestSuite.executeMulti(TestNGDirectoryTestSuite.java:169)
at org.apache.maven.surefire.testng.TestNGDirectoryTestSuite.execute(TestNGDirectoryTestSuite.java:88)
at org.apache.maven.surefire.testng.TestNGProvider.invoke(TestNGProvider.java:137)
at org.apache.maven.surefire.booter.ForkedBooter.runSuitesInProcess(ForkedBooter.java:385)
at org.apache.maven.surefire.booter.ForkedBooter.execute(ForkedBooter.java:162)
at org.apache.maven.surefire.booter.ForkedBooter.run(ForkedBooter.java:507)
at org.apache.maven.surefire.booter.ForkedBooter.main(ForkedBooter.java:495)
]]>
            </full-stacktrace>
          </exception> <!-- org.openqa.selenium.NoSuchElementException -->
          <reporter-output>
          </reporter-output>
        </test-method> <!-- DoubleClickButtons -->
        <test-method is-config="true" signature="TearDown(org.testng.ITestResult)[pri:0, instance:tests.ElementsTests@3bd323e9]" started-at="2025-08-25T10:41:40 IST" name="TearDown" finished-at="2025-08-25T10:41:41 IST" duration-ms="775" status="PASS">
          <params>
            <param index="0">
              <value>
                <![CDATA[[TestResult name=DoubleClickButtons status=FAILURE method=ElementsTests.DoubleClickButtons()[pri:36, instance:tests.ElementsTests@3bd323e9] output={null}]]]>
              </value>
            </param>
          </params>
          <reporter-output>
          </reporter-output>
        </test-method> <!-- TearDown -->
        <test-method is-config="true" signature="setUP()[pri:0, instance:tests.ElementsTests@3bd323e9]" started-at="2025-08-25T10:41:41 IST" name="setUP" finished-at="2025-08-25T10:41:47 IST" duration-ms="6761" status="PASS">
          <reporter-output>
          </reporter-output>
        </test-method> <!-- setUP -->
        <test-method signature="RightClickButton()[pri:37, instance:tests.ElementsTests@3bd323e9]" started-at="2025-08-25T10:41:47 IST" name="RightClickButton" finished-at="2025-08-25T10:41:49 IST" duration-ms="1727" status="FAIL">
          <exception class="org.openqa.selenium.NoSuchElementException">
            <message>
              <![CDATA[no such element: Unable to locate element: {"method":"xpath","selector":"//p[@id='rightClickMessage']"}
  (Session info: chrome=137.0.7151.120)
For documentation on this error, please visit: https://www.selenium.dev/documentation/webdriver/troubleshooting/errors#no-such-element-exception
Build info: version: '4.34.0', revision: '707dcb4246*'
System info: os.name: 'Windows 11', os.arch: 'amd64', os.version: '10.0', java.version: '21.0.7'
Driver info: org.openqa.selenium.chrome.ChromeDriver
Command: [1766345ce984180c88805fb0b1aecb0e, findElement {value=//p[@id='rightClickMessage'], using=xpath}]
Capabilities {acceptInsecureCerts: false, browserName: chrome, browserVersion: 137.0.7151.120, chrome: {chromedriverVersion: 137.0.7151.119 (e0ac9d12dff..., userDataDir: /tmp/chrome-profile-6ca253a...}, fedcm:accounts: true, goog:chromeOptions: {debuggerAddress: localhost:52333}, networkConnectionEnabled: false, pageLoadStrategy: normal, platformName: windows, proxy: Proxy(), se:cdp: ws://localhost:52333/devtoo..., se:cdpVersion: 137.0.7151.120, setWindowRect: true, strictFileInteractability: false, timeouts: {implicit: 0, pageLoad: 300000, script: 30000}, unhandledPromptBehavior: dismiss and notify, webauthn:extension:credBlob: true, webauthn:extension:largeBlob: true, webauthn:extension:minPinLength: true, webauthn:extension:prf: true, webauthn:virtualAuthenticators: true}
Session ID: 1766345ce984180c88805fb0b1aecb0e]]>
            </message>
            <full-stacktrace>
              <![CDATA[org.openqa.selenium.NoSuchElementException: no such element: Unable to locate element: {"method":"xpath","selector":"//p[@id='rightClickMessage']"}
  (Session info: chrome=137.0.7151.120)
For documentation on this error, please visit: https://www.selenium.dev/documentation/webdriver/troubleshooting/errors#no-such-element-exception
Build info: version: '4.34.0', revision: '707dcb4246*'
System info: os.name: 'Windows 11', os.arch: 'amd64', os.version: '10.0', java.version: '21.0.7'
Driver info: org.openqa.selenium.chrome.ChromeDriver
Command: [1766345ce984180c88805fb0b1aecb0e, findElement {value=//p[@id='rightClickMessage'], using=xpath}]
Capabilities {acceptInsecureCerts: false, browserName: chrome, browserVersion: 137.0.7151.120, chrome: {chromedriverVersion: 137.0.7151.119 (e0ac9d12dff..., userDataDir: /tmp/chrome-profile-6ca253a...}, fedcm:accounts: true, goog:chromeOptions: {debuggerAddress: localhost:52333}, networkConnectionEnabled: false, pageLoadStrategy: normal, platformName: windows, proxy: Proxy(), se:cdp: ws://localhost:52333/devtoo..., se:cdpVersion: 137.0.7151.120, setWindowRect: true, strictFileInteractability: false, timeouts: {implicit: 0, pageLoad: 300000, script: 30000}, unhandledPromptBehavior: dismiss and notify, webauthn:extension:credBlob: true, webauthn:extension:largeBlob: true, webauthn:extension:minPinLength: true, webauthn:extension:prf: true, webauthn:virtualAuthenticators: true}
Session ID: 1766345ce984180c88805fb0b1aecb0e
at java.base/jdk.internal.reflect.DirectConstructorHandleAccessor.newInstance(DirectConstructorHandleAccessor.java:62)
at java.base/java.lang.reflect.Constructor.newInstanceWithCaller(Constructor.java:502)
at java.base/java.lang.reflect.Constructor.newInstance(Constructor.java:486)
at org.openqa.selenium.remote.ErrorCodec.decode(ErrorCodec.java:167)
at org.openqa.selenium.remote.codec.w3c.W3CHttpResponseCodec.decode(W3CHttpResponseCodec.java:138)
at org.openqa.selenium.remote.codec.w3c.W3CHttpResponseCodec.decode(W3CHttpResponseCodec.java:50)
at org.openqa.selenium.remote.HttpCommandExecutor.execute(HttpCommandExecutor.java:215)
at org.openqa.selenium.remote.service.DriverCommandExecutor.invokeExecute(DriverCommandExecutor.java:216)
at org.openqa.selenium.remote.service.DriverCommandExecutor.execute(DriverCommandExecutor.java:174)
at org.openqa.selenium.remote.RemoteWebDriver.execute(RemoteWebDriver.java:544)
at org.openqa.selenium.remote.ElementLocation$ElementFinder$2.findElement(ElementLocation.java:165)
at org.openqa.selenium.remote.ElementLocation.findElement(ElementLocation.java:59)
at org.openqa.selenium.remote.RemoteWebDriver.findElement(RemoteWebDriver.java:367)
at org.openqa.selenium.remote.RemoteWebDriver.findElement(RemoteWebDriver.java:361)
at pages.elementsPage.RightClickBtn(elementsPage.java:925)
at tests.ElementsTests.RightClickButton(ElementsTests.java:784)
at java.base/jdk.internal.reflect.DirectMethodHandleAccessor.invoke(DirectMethodHandleAccessor.java:103)
at java.base/java.lang.reflect.Method.invoke(Method.java:580)
at org.testng.internal.invokers.MethodInvocationHelper.invokeMethod(MethodInvocationHelper.java:141)
at org.testng.internal.invokers.TestInvoker.invokeMethod(TestInvoker.java:687)
at org.testng.internal.invokers.TestInvoker.invokeTestMethod(TestInvoker.java:230)
at org.testng.internal.invokers.MethodRunner.runInSequence(MethodRunner.java:63)
at org.testng.internal.invokers.TestInvoker$MethodInvocationAgent.invoke(TestInvoker.java:995)
at org.testng.internal.invokers.TestInvoker.invokeTestMethods(TestInvoker.java:203)
at org.testng.internal.invokers.TestMethodWorker.invokeTestMethods(TestMethodWorker.java:154)
at org.testng.internal.invokers.TestMethodWorker.run(TestMethodWorker.java:134)
at java.base/java.util.ArrayList.forEach(ArrayList.java:1596)
at org.testng.TestRunner.privateRun(TestRunner.java:741)
at org.testng.TestRunner.run(TestRunner.java:616)
at org.testng.SuiteRunner.runTest(SuiteRunner.java:421)
at org.testng.SuiteRunner.runSequentially(SuiteRunner.java:413)
at org.testng.SuiteRunner.privateRun(SuiteRunner.java:373)
at org.testng.SuiteRunner.run(SuiteRunner.java:312)
at org.testng.SuiteRunnerWorker.runSuite(SuiteRunnerWorker.java:52)
at org.testng.SuiteRunnerWorker.run(SuiteRunnerWorker.java:95)
at org.testng.TestNG.runSuitesSequentially(TestNG.java:1274)
at org.testng.TestNG.runSuitesLocally(TestNG.java:1208)
at org.testng.TestNG.runSuites(TestNG.java:1112)
at org.testng.TestNG.run(TestNG.java:1079)
at org.apache.maven.surefire.testng.TestNGExecutor.run(TestNGExecutor.java:155)
at org.apache.maven.surefire.testng.TestNGDirectoryTestSuite.executeMulti(TestNGDirectoryTestSuite.java:169)
at org.apache.maven.surefire.testng.TestNGDirectoryTestSuite.execute(TestNGDirectoryTestSuite.java:88)
at org.apache.maven.surefire.testng.TestNGProvider.invoke(TestNGProvider.java:137)
at org.apache.maven.surefire.booter.ForkedBooter.runSuitesInProcess(ForkedBooter.java:385)
[...]
          <reporter-output>
          </reporter-output>
        </test-method> <!-- setUP -->
        <test-method signature="DynamicPropertiesbtn()[pri:58, instance:tests.ElementsTests@3bd323e9]" started-at="2025-08-25T10:46:51 IST" name="DynamicPropertiesbtn" finished-at="2025-08-25T10:46:52 IST" duration-ms="1158" status="PASS">
          <reporter-output>
          </reporter-output>
        </test-method> <!-- DynamicPropertiesbtn -->
        <test-method is-config="true" signature="TearDown(org.testng.ITestResult)[pri:0, instance:tests.ElementsTests@3bd323e9]" started-at="2025-08-25T10:46:52 IST" name="TearDown" finished-at="2025-08-25T10:46:53 IST" duration-ms="346" status="PASS">
          <params>
            <param index="0">
              <value>
                <![CDATA[[TestResult name=DynamicPropertiesbtn status=SUCCESS method=ElementsTests.DynamicPropertiesbtn()[pri:58, instance:tests.ElementsTests@3bd323e9] output={null}]]]>
              </value>
            </param>
          </params>
          <reporter-output>
          </reporter-output>
        </test-method> <!-- TearDown -->
        <test-method is-config="true" signature="setUP()[pri:0, instance:tests.ElementsTests@3bd323e9]" started-at="2025-08-25T10:46:53 IST" name="setUP" finished-at="2025-08-25T10:46:59 IST" duration-ms="6118" status="PASS">
          <reporter-output>
          </reporter-output>
        </test-method> <!-- setUP -->
        <test-method signature="ColorChangebtn()[pri:59, instance:tests.ElementsTests@3bd323e9]" started-at="2025-08-25T10:46:59 IST" name="ColorChangebtn" finished-at="2025-08-25T10:47:00 IST" duration-ms="1411" status="PASS">
          <reporter-output>
          </reporter-output>
        </test-method> <!-- ColorChangebtn -->
        <test-method is-config="true" signature="TearDown(org.testng.ITestResult)[pri:0, instance:tests.ElementsTests@3bd323e9]" started-at="2025-08-25T10:47:00 IST" name="TearDown" finished-at="2025-08-25T10:47:01 IST" duration-ms="331" status="PASS">
          <params>
            <param index="0">
              <value>
                <![CDATA[[TestResult name=ColorChangebtn status=SUCCESS method=ElementsTests.ColorChangebtn()[pri:59, instance:tests.ElementsTests@3bd323e9] output={null}]]]>
              </value>
            </param>
          </params>
          <reporter-output>
          </reporter-output>
        </test-method> <!-- TearDown -->
        <test-method is-config="true" signature="setUP()[pri:0, instance:tests.ElementsTests@3bd323e9]" started-at="2025-08-25T10:47:01 IST" name="setUP" finished-at="2025-08-25T10:47:07 IST" duration-ms="6293" status="PASS">
          <reporter-output>
          </reporter-output>
        </test-method> <!-- setUP -->
        <test-method signature="WillEnablebtn()[pri:59, instance:tests.ElementsTests@3bd323e9]" started-at="2025-08-25T10:47:07 IST" name="WillEnablebtn" finished-at="2025-08-25T10:47:13 IST" duration-ms="6255" status="PASS">
          <reporter-output>
          </reporter-output>
        </test-method> <!-- WillEnablebtn -->
        <test-method is-config="true" signature="TearDown(org.testng.ITestResult)[pri:0, instance:tests.ElementsTests@3bd323e9]" started-at="2025-08-25T10:47:13 IST" name="TearDown" finished-at="2025-08-25T10:47:14 IST" duration-ms="456" status="PASS">
          <params>
            <param index="0">
              <value>
                <![CDATA[[TestResult name=WillEnablebtn status=SUCCESS method=ElementsTests.WillEnablebtn()[pri:59, instance:tests.ElementsTests@3bd323e9] output={null}]]]>
              </value>
            </param>
          </params>
          <reporter-output>
          </reporter-output>
        </test-method> <!-- TearDown -->
        <test-method is-config="true" signature="setUP()[pri:0, instance:tests.ElementsTests@3bd323e9]" started-at="2025-08-25T10:47:14 IST" name="setUP" finished-at="2025-08-25T10:47:37 IST" duration-ms="23354" status="PASS">
          <reporter-output>
          </reporter-output>
        </test-method> <!-- setUP -->
        <test-method signature="VisibleAfterbtn()[pri:60, instance:tests.ElementsTests@3bd323e9]" started-at="2025-08-25T10:47:37 IST" name="VisibleAfterbtn" finished-at="2025-08-25T10:47:43 IST" duration-ms="6252" status="PASS">
          <reporter-output>
          </reporter-output>
        </test-method> <!-- VisibleAfterbtn -->
        <test-method is-config="true" signature="TearDown(org.testng.ITestResult)[pri:0, instance:tests.ElementsTests@3bd323e9]" started-at="2025-08-25T10:47:43 IST" name="TearDown" finished-at="2025-08-25T10:47:44 IST" duration-ms="450" status="PASS">
          <params>
            <param index="0">
              <value>
                <![CDATA[[TestResult name=VisibleAfterbtn status=SUCCESS method=ElementsTests.VisibleAfterbtn()[pri:60, instance:tests.ElementsTests@3bd323e9] output={null}]]]>
              </value>
            </param>
          </params>
          <reporter-output>
          </reporter-output>
        </test-method> <!-- TearDown -->
      </class> <!-- tests.ElementsTests -->
      <class name="tests.AlertsFramesWindowsTests">
        <test-method is-config="true" signature="setupReport()[pri:0, instance:tests.AlertsFramesWindowsTests@be68757]" started-at="2025-08-25T10:30:47 IST" name="setupReport" finished-at="2025-08-25T10:30:48 IST" duration-ms="243" status="PASS">
          <reporter-output>
          </reporter-output>
        </test-method> <!-- setupReport -->
        <test-method is-config="true" signature="setUP()[pri:0, instance:tests.AlertsFramesWindowsTests@be68757]" started-at="2025-08-25T10:30:48 IST" name="setUP" finished-at="2025-08-25T10:31:02 IST" duration-ms="14465" status="PASS">
          <reporter-output>
          </reporter-output>
        </test-method> <!-- setUP -->
        <test-method signature="accessAlertsFrameWindows()[pri:1, instance:tests.AlertsFramesWindowsTests@be68757]" started-at="2025-08-25T10:31:02 IST" name="accessAlertsFrameWindows" finished-at="2025-08-25T10:31:03 IST" duration-ms="671" status="PASS">
          <reporter-output>
          </reporter-output>
        </test-method> <!-- accessAlertsFrameWindows -->
        <test-method is-config="true" signature="TearDown(org.testng.ITestResult)[pri:0, instance:tests.AlertsFramesWindowsTests@be68757]" started-at="2025-08-25T10:31:03 IST" name="TearDown" finished-at="2025-08-25T10:31:04 IST" duration-ms="803" status="PASS">
          <params>
            <param index="0">
              <value>
                <![CDATA[[TestResult name=accessAlertsFrameWindows status=SUCCESS method=AlertsFramesWindowsTests.accessAlertsFrameWindows()[pri:1, instance:tests.AlertsFramesWindowsTests@be68757] output={null}]]]>
              </value>
            </param>
          </params>
          <reporter-output>
          </reporter-output>
        </test-method> <!-- TearDown -->
        <test-method is-config="true" signature="setUP()[pri:0, instance:tests.AlertsFramesWindowsTests@be68757]" started-at="2025-08-25T10:31:04 IST" name="setUP" finished-at="2025-08-25T10:31:20 IST" duration-ms="16175" status="PASS">
          <reporter-output>
          </reporter-output>
        </test-method> <!-- setUP -->
        <test-method signature="browserWindows()[pri:2, instance:tests.AlertsFramesWindowsTests@be68757]" started-at="2025-08-25T10:31:20 IST" name="browserWindows" finished-at="2025-08-25T10:31:21 IST" duration-ms="726" status="PASS">
          <reporter-output>
          </reporter-output>
        </test-method> <!-- browserWindows -->
        <test-method is-config="true" signature="TearDown(org.testng.ITestResult)[pri:0, instance:tests.AlertsFramesWindowsTests@be68757]" started-at="2025-08-25T10:31:21 IST" name="TearDown" finished-at="2025-08-25T10:31:21 IST" duration-ms="464" status="PASS">
          <params>
            <param index="0">
              <value>
                <![CDATA[[TestResult name=browserWindows status=SUCCESS method=AlertsFramesWindowsTests.browserWindows()[pri:2, instance:tests.AlertsFramesWindowsTests@be68757] output={null}]]]>
              </value>
            </param>
          </params>
          <reporter-output>
          </reporter-output>
        </test-method> <!-- TearDown -->
        <test-method is-config="true" signature="setUP()[pri:0, instance:tests.AlertsFramesWindowsTests@be68757]" started-at="2025-08-25T10:31:21 IST" name="setUP" finished-at="2025-08-25T10:31:34 IST" duration-ms="13359" status="PASS">
          <reporter-output>
          </reporter-output>
        </test-method> <!-- setUP -->
        <test-method signature="browserWindowsNewTab()[pri:3, instance:tests.AlertsFramesWindowsTests@be68757]" started-at="2025-08-25T10:31:34 IST" name="browserWindowsNewTab" finished-at="2025-08-25T10:31:36 IST" duration-ms="1233" status="PASS">
          <reporter-output>
          </reporter-output>
        </test-method> <!-- browserWindowsNewTab -->
        <test-method is-config="true" signature="TearDown(org.testng.ITestResult)[pri:0, instance:tests.AlertsFramesWindowsTests@be68757]" started-at="2025-08-25T10:31:36 IST" name="TearDown" finished-at="2025-08-25T10:31:36 IST" duration-ms="585" status="PASS">
          <params>
            <param index="0">
              <value>
                <![CDATA[[TestResult name=browserWindowsNewTab status=SUCCESS method=AlertsFramesWindowsTests.browserWindowsNewTab()[pri:3, instance:tests.AlertsFramesWindowsTests@be68757] output={null}]]]>
              </value>
            </param>
          </params>
          <reporter-output>
          </reporter-output>
        </test-method> <!-- TearDown -->
        <test-method is-config="true" signature="setUP()[pri:0, instance:tests.AlertsFramesWindowsTests@be68757]" started-at="2025-08-25T10:31:36 IST" name="setUP" finished-at="2025-08-25T10:31:48 IST" duration-ms="12253" status="PASS">
          <reporter-output>
          </reporter-output>
        </test-method> <!-- setUP -->
        <test-method signature="browserWindowsNewWindow()[pri:4, instance:tests.AlertsFramesWindowsTests@be68757]" started-at="2025-08-25T10:31:48 IST" name="browserWindowsNewWindow" finished-at="2025-08-25T10:31:50 IST" duration-ms="1232" status="PASS">
          <reporter-output>
          </reporter-output>
        </test-method> <!-- browserWindowsNewWindow -->
        <test-method is-config="true" signature="TearDown(org.testng.ITestResult)[pri:0, instance:tests.AlertsFramesWindowsTests@be68757]" started-at="2025-08-25T10:31:50 IST" name="TearDown" finished-at="2025-08-25T10:31:50 IST" duration-ms="566" status="PASS">
          <params>
            <param index="0">
              <value>
                <![CDATA[[TestResult name=browserWindowsNewWindow status=SUCCESS method=AlertsFramesWindowsTests.browserWindowsNewWindow()[pri:4, instance:tests.AlertsFramesWindowsTests@be68757] output={null}]]]>
              </value>
            </param>
          </params>
          <reporter-output>
          </reporter-output>
        </test-method> <!-- TearDown -->
        <test-method is-config="true" signature="setUP()[pri:0, instance:tests.AlertsFramesWindowsTests@be68757]" started-at="2025-08-25T10:31:50 IST" name="setUP" finished-at="2025-08-25T10:32:00 IST" duration-ms="9327" status="PASS">
          <reporter-output>
          </reporter-output>
        </test-method> <!-- setUP -->
        <test-method signature="browserWindowsNewWindowMsg()[pri:5, instance:tests.AlertsFramesWindowsTests@be68757]" started-at="2025-08-25T10:32:00 IST" name="browserWindowsNewWindowMsg" finished-at="2025-08-25T10:32:01 IST" duration-ms="1075" status="PASS">
          <reporter-output>
          </reporter-output>
        </test-method> <!-- browserWindowsNewWindowMsg -->
        <test-method is-config="true" signature="TearDown(org.testng.ITestResult)[pri:0, instance:tests.AlertsFramesWindowsTests@be68757]" started-at="2025-08-25T10:32:01 IST" name="TearDown" finished-at="2025-08-25T10:32:01 IST" duration-ms="519" status="PASS">
          <params>
            <param index="0">
              <value>
                <![CDATA[[TestResult name=browserWindowsNewWindowMsg status=SUCCESS method=AlertsFramesWindowsTests.browserWindowsNewWindowMsg()[pri:5, instance:tests.AlertsFramesWindowsTests@be68757] output={null}]]]>
              </value>
            </param>
          </params>
          <reporter-output>
          </reporter-output>
        </test-method> <!-- TearDown -->
        <test-method is-config="true" signature="setUP()[pri:0, instance:tests.AlertsFramesWindowsTests@be68757]" started-at="2025-08-25T10:32:01 IST" name="setUP" finished-at="2025-08-25T10:32:14 IST" duration-ms="13053" status="PASS">
          <reporter-output>
          </reporter-output>
        </test-method> <!-- setUP -->
        <test-method signature="ClickAlerts()[pri:6, instance:tests.AlertsFramesWindowsTests@be68757]" started-at="2025-08-25T10:32:14 IST" name="ClickAlerts" finished-at="2025-08-25T10:32:15 IST" duration-ms="619" status="PASS">
          <reporter-output>
          </reporter-output>
        </test-method> <!-- ClickAlerts -->
        <test-method is-config="true" signature="TearDown(org.testng.ITestResult)[pri:0, instance:tests.AlertsFramesWindowsTests@be68757]" started-at="2025-08-25T10:32:15 IST" name="TearDown" finished-at="2025-08-25T10:32:15 IST" duration-ms="503" status="PASS">
          <params>
            <param index="0">
              <value>
                <![CDATA[[TestResult name=ClickAlerts status=SUCCESS method=AlertsFramesWindowsTests.ClickAlerts()[pri:6, instance:tests.AlertsFramesWindowsTests@be68757] output={null}]]]>
              </value>
            </param>
          </params>
          <reporter-output>
          </reporter-output>
        </test-method> <!-- TearDown -->
        <test-method is-config="true" signature="setUP()[pri:0, instance:tests.AlertsFramesWindowsTests@be68757]" started-at="2025-08-25T10:32:15 IST" name="setUP" finished-at="2025-08-25T10:32:24 IST" duration-ms="8138" status="PASS">
          <reporter-output>
          </reporter-output>
        </test-method> <!-- setUP -->
        <test-method signature="ClickToSeeAlerts()[pri:7, instance:tests.AlertsFramesWindowsTests@be68757]" started-at="2025-08-25T10:32:24 IST" name="ClickToSeeAlerts" finished-at="2025-08-25T10:32:29 IST" duration-ms="5835" status="PASS">
          <reporter-output>
          </reporter-output>
        </test-method> <!-- ClickToSeeAlerts -->
        <test-method is-config="true" signature="TearDown(org.testng.ITestResult)[pri:0, instance:tests.AlertsFramesWindowsTests@be68757]" started-at="2025-08-25T10:32:29 IST" name="TearDown" finished-at="2025-08-25T10:32:30 IST" duration-ms="682" status="PASS">
          <params>
            <param index="0">
              <value>
                <![CDATA[[TestResult name=ClickToSeeAlerts status=SUCCESS method=AlertsFramesWindowsTests.ClickToSeeAlerts()[pri:7, instance:tests.AlertsFramesWindowsTests@be68757] output={null}]]]>
              </value>
            </param>
          </params>
          <reporter-output>
          </reporter-output>
        </test-method> <!-- TearDown -->
        <test-method is-config="true" signature="setUP()[pri:0, instance:tests.AlertsFramesWindowsTests@be68757]" started-at="2025-08-25T10:32:30 IST" name="setUP" finished-at="2025-08-25T10:32:37 IST" duration-ms="7052" status="PASS">
          <reporter-output>
          </reporter-output>
        </test-method> <!-- setUP -->
        <test-method signature="ClickAcceptConfirmationBox()[pri:8, instance:tests.AlertsFramesWindowsTests@be68757]" started-at="2025-08-25T10:32:37 IST" name="ClickAcceptConfirmationBox" finished-at="2025-08-25T10:32:38 IST" duration-ms="974" status="PASS">
          <reporter-output>
          </reporter-output>
        </test-method> <!-- ClickAcceptConfirmationBox -->
        <test-method is-config="true" signature="TearDown(org.testng.ITestResult)[pri:0, instance:tests.AlertsFramesWindowsTests@be68757]" started-at="2025-08-25T10:32:38 IST" name="TearDown" finished-at="2025-08-25T10:32:38 IST" duration-ms="438" status="PASS">
          <params>
            <param index="0">
              <value>
                <![CDATA[[TestResult name=ClickAcceptConfirmationBox status=SUCCESS method=AlertsFramesWindowsTests.ClickAcceptConfirmationBox()[pri:8, instance:tests.AlertsFramesWindowsTests@be68757] output={null}]]]>
              </value>
            </param>
          </params>
          <reporter-output>
          </reporter-output>
        </test-method> <!-- TearDown -->
        <test-method is-config="true" signature="setUP()[pri:0, instance:tests.AlertsFramesWindowsTests@be68757]" started-at="2025-08-25T10:32:38 IST" name="setUP" finished-at="2025-08-25T10:32:45 IST" duration-ms="6783" status="PASS">
          <reporter-output>
          </reporter-output>
        </test-method> <!-- setUP -->
        <test-method signature="ClickDenyConfirmationBox()[pri:8, instance:tests.AlertsFramesWindowsTests@be68757]" started-at="2025-08-25T10:32:45 IST" name="ClickDenyConfirmationBox" finished-at="2025-08-25T10:32:46 IST" duration-ms="1015" status="PASS">
          <reporter-output>
          </reporter-output>
        </test-method> <!-- ClickDenyConfirmationBox -->
        <test-method is-config="true" signature="TearDown(org.testng.ITestResult)[pri:0, instance:tests.AlertsFramesWindowsTests@be68757]" started-at="2025-08-25T10:32:46 IST" name="TearDown" finished-at="2025-08-25T10:32:47 IST" duration-ms="458" status="PASS">
          <params>
            <param index="0">
              <value>
                <![CDATA[[TestResult name=ClickDenyConfirmationBox status=SUCCESS method=AlertsFramesWindowsTests.ClickDenyConfirmationBox()[pri:8, instance:tests.AlertsFramesWindowsTests@be68757] output={null}]]]>
              </value>
            </param>
          </params>
          <reporter-output>
          </reporter-output>
        </test-method> <!-- TearDown -->
        <test-method is-config="true" signature="setUP()[pri:0, instance:tests.AlertsFramesWindowsTests@be68757]" started-at="2025-08-25T10:32:47 IST" name="setUP" finished-at="2025-08-25T10:32:54 IST" duration-ms="6969" status="PASS">
          <reporter-output>
          </reporter-output>
        </test-method> <!-- setUP -->
        <test-method signature="ClickPromptBoxFill()[pri:9, instance:tests.AlertsFramesWindowsTests@be68757]" started-at="2025-08-25T10:32:54 IST" name="ClickPromptBoxFill" finished-at="2025-08-25T10:32:55 IST" duration-ms="1006" status="PASS">
          <reporter-output>
          </reporter-output>
        </test-method> <!-- ClickPromptBoxFill -->
        <test-method is-config="true" signature="TearDown(org.testng.ITestResult)[pri:0, instance:tests.AlertsFramesWindowsTests@be68757]" started-at="2025-08-25T10:32:55 IST" name="TearDown" finished-at="2025-08-25T10:32:55 IST" duration-ms="475" status="PASS">
          <params>
            <param index="0">
              <value>
                <![CDATA[[TestResult name=ClickPromptBoxFill status=SUCCESS method=AlertsFramesWindowsTests.ClickPromptBoxFill()[pri:9, instance:tests.AlertsFramesWindowsTests@be68757] output={null}]]]>
              </value>
            </param>
          </params>
          <reporter-output>
          </reporter-output>
        </test-method> <!-- TearDown -->
        <test-method is-config="true" signature="teardownReport()[pri:0, instance:tests.AlertsFramesWindowsTests@be68757]" started-at="2025-08-25T10:49:09 IST" name="teardownReport" finished-at="2025-08-25T10:49:10 IST" duration-ms="370" status="PASS">
          <reporter-output>
          </reporter-output>
        </test-method> <!-- teardownReport -->
      </class> <!-- tests.AlertsFramesWindowsTests -->
    </test> <!-- Surefire test -->
  </suite> <!-- Surefire suite -->
</testng-results>
