<?xml version="1.0" encoding="UTF-8"?>
<testsuite xmlns:xsi="http://www.w3.org/2001/XMLSchema-instance" xsi:noNamespaceSchemaLocation="https://maven.apache.org/surefire/maven-surefire-plugin/xsd/surefire-test-report-3.0.xsd" version="3.0" name="TestSuite" time="867.078" tests="67" errors="0" skipped="0" failures="5">
  <properties>
[...]
</properties>
  <testcase name="accessAlertsFrameWindows" classname="tests.AlertsFramesWindowsTests" time="0.25">
    <system-out><![CDATA[2025-08-19T07:21:56.136116300Z main INFO Starting configuration XmlConfiguration[location=C:\ASN\eclipse_workspace\demoqa-automation\target\classes\log4j2.xml, lastModified=2025-08-05T03:16:47.250Z]...
2025-08-19T07:21:56.138104700Z main INFO Start watching for changes to C:\ASN\eclipse_workspace\demoqa-automation\target\classes\log4j2.xml every 0 seconds
2025-08-19T07:21:56.138104700Z main INFO Configuration XmlConfiguration[location=C:\ASN\eclipse_workspace\demoqa-automation\target\classes\log4j2.xml, lastModified=2025-08-05T03:16:47.250Z] started.
2025-08-19T07:21:56.138104700Z main INFO Stopping configuration org.apache.logging.log4j.core.config.DefaultConfiguration@1e0b4072...
2025-08-19T07:21:56.138104700Z main INFO Configuration org.apache.logging.log4j.core.config.DefaultConfiguration@1e0b4072 stopped.
2025-08-19 12:51:56 [main] INFO  demoqaBase - Starting Web Browser...
2025-08-19 12:51:58 [main] INFO  demoqaBase - Navigating to demoqa.com Website
2025-08-19 12:52:07 [main] INFO  demoqaLog - Successfully navigated to: https://demoqa.com
2025-08-19 12:52:07 [main] INFO  demoqaLog - Starting Test Alerts, Frames & Windows...
2025-08-19 12:52:07 [main] INFO  demoqaLog - Accessing Alerts, Frame & Windows Card...
Declared Instance WebDriverWait: org.openqa.selenium.support.ui.WebDriverWait@55f8669d
2025-08-19 12:52:07 [main] INFO  demoqaLog - Clicking on Alert Frame & Windows Card...
2025-08-19 12:52:07 [main] INFO  demoqaLog - Clicked on on Alert Frame & Windows Card...
Title of this Page is: DEMOQA
You can now access: Alerts, Frame & Windows
2025-08-19 12:52:07 [main] INFO  demoqaLog - Page: Alerts, Frame & Windows Card...
2025-08-19 12:52:07 [main] INFO  demoqaLog -  Alerts, Frames & Windows Test Completed...
]]></system-out>
    <system-err><![CDATA[SLF4J(W): No SLF4J providers were found.
SLF4J(W): Defaulting to no-operation (NOP) logger implementation
SLF4J(W): See https://www.slf4j.org/codes.html#noProviders for further details.
]]></system-err>
  </testcase>
  <testcase name="ElementsCard" classname="tests.ElementsTests" time="1.741">
    <system-out><![CDATA[2025-08-19 12:52:07 [main] INFO  demoqaBase - Closing the Browser...
2025-08-19 12:52:08 [main] INFO  demoqaBase - Starting Web Browser...
2025-08-19 12:52:09 [main] INFO  demoqaBase - Navigating to demoqa.com Website
2025-08-19 12:52:19 [main] INFO  demoqaLog - Successfully navigated to: https://demoqa.com
2025-08-19 12:52:19 [main] INFO  demoqaLog - Starting Test Elements | Text Box Test...
Instance Variables Declared are: nullnull
2025-08-19 12:52:19 [main] INFO  demoqaLog - Accessing Elements Card...
2025-08-19 12:52:20 [main] INFO  demoqaLog - Successfully navigated to: https://demoqa.com
2025-08-19 12:52:20 [main] INFO  demoqaLog - Clicking on Elements Card...
Title of this Page is: DEMOQA
You can now Access: Elements
 
Title of this Page is: DEMOQA
2025-08-19 12:52:20 [main] INFO  demoqaLog - Element Card Test Completed...
]]></system-out>
  </testcase>
  <testcase name="TextBox" classname="tests.ElementsTests" time="3.407">
    <system-out><![CDATA[2025-08-19 12:52:20 [main] INFO  demoqaBase - Closing the Browser...
2025-08-19 12:52:21 [main] INFO  demoqaBase - Starting Web Browser...
2025-08-19 12:52:22 [main] INFO  demoqaBase - Navigating to demoqa.com Website
2025-08-19 12:52:26 [main] INFO  demoqaLog - Successfully navigated to: https://demoqa.com
2025-08-19 12:52:26 [main] INFO  demoqaLog - Starting Test Elements | Text Box Test...
Instance Variables Declared are: nullnull
2025-08-19 12:52:26 [main] INFO  demoqaLog - Accessing Elements Card...
2025-08-19 12:52:28 [main] INFO  demoqaLog - Successfully navigated to: https://demoqa.com
2025-08-19 12:52:28 [main] INFO  demoqaLog - Clicking on Elements Card...
Title of this Page is: DEMOQA
You can now Access: Elements
 
2025-08-19 12:52:28 [main] INFO  demoqaLog - Accessing Text Box...
Text Box
2025-08-19 12:52:28 [main] INFO  demoqaLog - You are accessing: Text Box
2025-08-19 12:52:28 [main] INFO  demoqaLog - Title of this Page is: DEMOQA
2025-08-19 12:52:28 [main] INFO  demoqaLog - Entering Full Name...
2025-08-19 12:52:29 [main] INFO  demoqaLog - Full Name is: John Rambo
2025-08-19 12:52:29 [main] INFO  demoqaLog - Entering Email Address...
2025-08-19 12:52:29 [main] INFO  demoqaLog - Email Address is: JRambo@demoqa.com
2025-08-19 12:52:29 [main] INFO  demoqaLog - Entering Current Address...
2025-08-19 12:52:29 [main] INFO  demoqaLog - Current Address is: 511 Grant 481, Prattsville
 Arkansas 72129
 United States
2025-08-19 12:52:29 [main] INFO  demoqaLog - Entering Permanent Address...
2025-08-19 12:52:29 [main] INFO  demoqaLog - Parmenant Address is: 579 Grant 3381, Prattsville
 Arkansas 72100
 United States
2025-08-19 12:52:29 [main] INFO  demoqaLog - Clicking on Submit Button...
2025-08-19 12:52:30 [main] INFO  demoqaLog - Clicked Submit Button...
Information Submitted is: Name:John Rambo
Email:JRambo@demoqa.com
Current Address :511 Grant 481, Prattsville Arkansas 72129 United States
Permananet Address :579 Grant 3381, Prattsville Arkansas 72100 United States
2025-08-19 12:52:30 [main] INFO  demoqaLog - Text Box Element Test Completed...
]]></system-out>
  </testcase>
  <testcase name="CheckBox" classname="tests.ElementsTests" time="1.049">
    <system-out><![CDATA[Path for Screenshot is: C:\ASN\eclipse_workspace\demoqa-automation/screenshots/TextBox Passed+2025-08-19_12-52-30.png
2025-08-19 12:52:30 [main] INFO  demoqaBase - Closing the Browser...
2025-08-19 12:52:30 [main] INFO  demoqaBase - Starting Web Browser...
2025-08-19 12:52:31 [main] INFO  demoqaBase - Navigating to demoqa.com Website
2025-08-19 12:52:35 [main] INFO  demoqaLog - Successfully navigated to: https://demoqa.com
2025-08-19 12:52:35 [main] INFO  demoqaLog - Starting Test Elements | Check Box Test...
Instance Variables Declared are: nullnull
2025-08-19 12:52:35 [main] INFO  demoqaLog - Accessing Elements Card...
2025-08-19 12:52:36 [main] INFO  demoqaLog - Successfully navigated to: https://demoqa.com
2025-08-19 12:52:36 [main] INFO  demoqaLog - Clicking on Elements Card...
Title of this Page is: DEMOQA
You can now Access: Elements
 
2025-08-19 12:52:36 [main] INFO  demoqaLog - Accessing Check Box...
Check Box
2025-08-19 12:52:37 [main] INFO  demoqaLog - You are accessing: Check Box
2025-08-19 12:52:37 [main] INFO  demoqaLog - Test Elements | Check Box Test Test Completed...
]]></system-out>
  </testcase>
  <testcase name="SelectingHomeCheckBox" classname="tests.ElementsTests" time="2.085">
    <system-out><![CDATA[2025-08-19 12:52:37 [main] INFO  demoqaBase - Closing the Browser...
2025-08-19 12:52:37 [main] INFO  demoqaBase - Starting Web Browser...
2025-08-19 12:52:38 [main] INFO  demoqaBase - Navigating to demoqa.com Website
2025-08-19 12:52:50 [main] INFO  demoqaLog - Successfully navigated to: https://demoqa.com
2025-08-19 12:52:50 [main] INFO  demoqaLog - Starting Test Elements | Selecting Home Check Box Test...
Instance Variables Declared are: nullnull
2025-08-19 12:52:50 [main] INFO  demoqaLog - Accessing Elements Card...
2025-08-19 12:52:51 [main] INFO  demoqaLog - Successfully navigated to: https://demoqa.com
2025-08-19 12:52:51 [main] INFO  demoqaLog - Clicking on Elements Card...
Title of this Page is: DEMOQA
You can now Access: Elements
 
2025-08-19 12:52:51 [main] INFO  demoqaLog - Accessing Check Box...
Check Box
2025-08-19 12:52:52 [main] INFO  demoqaLog - You are accessing: Check Box
2025-08-19 12:52:52 [main] INFO  demoqaLog - Selecting Home Check Box...
Information Submitted is: You have selected :
home
desktop
notes
commands
documents
workspace
react
angular
veu
office
public
private
classified
general
downloads
wordFile
excelFile
2025-08-19 12:52:52 [main] INFO  demoqaLog - You have Selected: You have selected :
home
desktop
notes
commands
documents
workspace
react
angular
veu
office
public
private
classified
general
downloads
wordFile
excelFile
2025-08-19 12:52:52 [main] INFO  demoqaLog - Elements | Selecting Home Test Completed...
]]></system-out>
  </testcase>
  <testcase name="SelectingDesktopCheckBox" classname="tests.ElementsTests" time="2.234">
    <system-out><![CDATA[2025-08-19 12:52:52 [main] INFO  demoqaBase - Closing the Browser...
2025-08-19 12:52:52 [main] INFO  demoqaBase - Starting Web Browser...
2025-08-19 12:52:53 [main] INFO  demoqaBase - Navigating to demoqa.com Website
2025-08-19 12:53:00 [main] INFO  demoqaLog - Successfully navigated to: https://demoqa.com
2025-08-19 12:53:00 [main] INFO  demoqaLog - Starting Test Elements | Selecting Desktop Check Box Test...
Instance Variables Declared are: nullnull
2025-08-19 12:53:00 [main] INFO  demoqaLog - Accessing Elements Card...
2025-08-19 12:53:02 [main] INFO  demoqaLog - Successfully navigated to: https://demoqa.com
2025-08-19 12:53:02 [main] INFO  demoqaLog - Clicking on Elements Card...
Title of this Page is: DEMOQA
You can now Access: Elements
 
2025-08-19 12:53:02 [main] INFO  demoqaLog - Accessing Check Box...
Check Box
2025-08-19 12:53:02 [main] INFO  demoqaLog - You are accessing: Check Box
2025-08-19 12:53:02 [main] INFO  demoqaLog - Clicking on Home Toggle Button...
2025-08-19 12:53:03 [main] INFO  demoqaLog - Selecting Deskstop Check Box...
Information Submitted is: You have selected :
desktop
notes
commands
2025-08-19 12:53:03 [main] INFO  demoqaLog - You have Selected: You have selected :
desktop
notes
commands
2025-08-19 12:53:03 [main] INFO  demoqaLog - Elements | Home | Desktop Test Completed...
]]></system-out>
  </testcase>
  <testcase name="SelectingNotesCommandsClick" classname="tests.ElementsTests" time="1.689">
    <system-out><![CDATA[2025-08-19 12:53:03 [main] INFO  demoqaBase - Closing the Browser...
2025-08-19 12:53:03 [main] INFO  demoqaBase - Starting Web Browser...
2025-08-19 12:53:04 [main] INFO  demoqaBase - Navigating to demoqa.com Website
2025-08-19 12:53:10 [main] INFO  demoqaLog - Successfully navigated to: https://demoqa.com
2025-08-19 12:53:10 [main] INFO  demoqaLog - Starting Test Elements | Selecting Desktop| Notes & Commands Check Box Test...
Instance Variables Declared are: nullnull
2025-08-19 12:53:10 [main] INFO  demoqaLog - Accessing Elements Card...
2025-08-19 12:53:11 [main] INFO  demoqaLog - Successfully navigated to: https://demoqa.com
2025-08-19 12:53:11 [main] INFO  demoqaLog - Clicking on Elements Card...
Title of this Page is: DEMOQA
You can now Access: Elements
 
2025-08-19 12:53:11 [main] INFO  demoqaLog - Accessing Check Box...
Check Box
2025-08-19 12:53:12 [main] INFO  demoqaLog - You are accessing: Check Box
2025-08-19 12:53:12 [main] INFO  demoqaLog - Clicking on Home Toggle Button...
2025-08-19 12:53:12 [main] INFO  demoqaLog - Clicking on Desktop Toggle Button...
2025-08-19 12:53:12 [main] INFO  demoqaLog - Clicking on Notes Button...
2025-08-19 12:53:12 [main] INFO  demoqaLog - Clicking on Commands Button...
2025-08-19 12:53:12 [main] INFO  demoqaLog - Selected Notes & Commands...
Information Submitted is: You have selected :
desktop
notes
commands
2025-08-19 12:53:12 [main] INFO  demoqaLog - You have Selected: You have selected :
desktop
notes
commands
2025-08-19 12:53:12 [main] INFO  demoqaLog - Elements | Home | Desktop | Notes & Commands Completed...
]]></system-out>
  </testcase>
  <testcase name="SelectingDocumentsCheckBox" classname="tests.ElementsTests" time="2.69">
    <system-out><![CDATA[2025-08-19 12:53:12 [main] INFO  demoqaBase - Closing the Browser...
2025-08-19 12:53:13 [main] INFO  demoqaBase - Starting Web Browser...
2025-08-19 12:53:14 [main] INFO  demoqaBase - Navigating to demoqa.com Website
2025-08-19 12:53:25 [main] INFO  demoqaLog - Successfully navigated to: https://demoqa.com
2025-08-19 12:53:25 [main] INFO  demoqaLog - Starting Test Elements | Selecting Documents Check Box Test...
Instance Variables Declared are: nullnull
2025-08-19 12:53:25 [main] INFO  demoqaLog - Accessing Elements Card...
2025-08-19 12:53:27 [main] INFO  demoqaLog - Successfully navigated to: https://demoqa.com
2025-08-19 12:53:27 [main] INFO  demoqaLog - Clicking on Elements Card...
Title of this Page is: DEMOQA
You can now Access: Elements
 
2025-08-19 12:53:27 [main] INFO  demoqaLog - Accessing Check Box...
Check Box
2025-08-19 12:53:27 [main] INFO  demoqaLog - You are accessing: Check Box
2025-08-19 12:53:27 [main] INFO  demoqaLog - Clicking on Home Toggle Button...
2025-08-19 12:53:27 [main] INFO  demoqaLog - Selecting Documents Check Box...
2025-08-19 12:53:27 [main] INFO  demoqaLog - Selected Documents Check Box...
Information Submitted is: You have selected :
documents
workspace
react
angular
veu
office
public
private
classified
general
2025-08-19 12:53:27 [main] INFO  demoqaLog - You have Selected: You have selected :
documents
workspace
react
angular
veu
office
public
private
classified
general
2025-08-19 12:53:27 [main] INFO  demoqaLog - Test Elements | Selecting Documents Check Box Test Completed...
]]></system-out>
  </testcase>
  <testcase name="SelectingWorkSpace" classname="tests.ElementsTests" time="2.72">
    <system-out><![CDATA[2025-08-19 12:53:27 [main] INFO  demoqaBase - Closing the Browser...
2025-08-19 12:53:28 [main] INFO  demoqaBase - Starting Web Browser...
2025-08-19 12:53:29 [main] INFO  demoqaBase - Navigating to demoqa.com Website
2025-08-19 12:53:33 [main] INFO  demoqaLog - Successfully navigated to: https://demoqa.com
2025-08-19 12:53:33 [main] INFO  demoqaLog - Starting Test Elements | Home | Selecting Documents | WorkSpace Check Box Test...
Instance Variables Declared are: nullnull
2025-08-19 12:53:33 [main] INFO  demoqaLog - Accessing Elements Card...
2025-08-19 12:53:35 [main] INFO  demoqaLog - Successfully navigated to: https://demoqa.com
2025-08-19 12:53:35 [main] INFO  demoqaLog - Clicking on Elements Card...
Title of this Page is: DEMOQA
You can now Access: Elements
 
2025-08-19 12:53:35 [main] INFO  demoqaLog - Accessing Check Box...
Check Box
2025-08-19 12:53:35 [main] INFO  demoqaLog - You are accessing: Check Box
2025-08-19 12:53:35 [main] INFO  demoqaLog - Clicking on Home Toggle Button...
2025-08-19 12:53:35 [main] INFO  demoqaLog - Clicking on Documents Toggle Button...
2025-08-19 12:53:35 [main] INFO  demoqaLog - Selecting WorkSpace Check Box...
2025-08-19 12:53:36 [main] INFO  demoqaLog - Selected WorkSpace Check Box...
Information Submitted is: You have selected :
workspace
react
angular
veu
2025-08-19 12:53:36 [main] INFO  demoqaLog - You have Selected: You have selected :
workspace
react
angular
veu
2025-08-19 12:53:36 [main] INFO  demoqaLog - Test Elements | Home | Selecting Documents | WorkSpace Check Box Completed...
]]></system-out>
  </testcase>
  <testcase name="SelectReact" classname="tests.ElementsTests" time="2.464">
    <system-out><![CDATA[2025-08-19 12:53:36 [main] INFO  demoqaBase - Closing the Browser...
2025-08-19 12:53:36 [main] INFO  demoqaBase - Starting Web Browser...
2025-08-19 12:53:37 [main] INFO  demoqaBase - Navigating to demoqa.com Website
2025-08-19 12:53:41 [main] INFO  demoqaLog - Successfully navigated to: https://demoqa.com
2025-08-19 12:53:41 [main] INFO  demoqaLog - Starting Test Elements|Home|Selecting Documents|WorkSpace|React Check Box Test...
Instance Variables Declared are: nullnull
2025-08-19 12:53:41 [main] INFO  demoqaLog - Accessing Elements Card...
2025-08-19 12:53:43 [main] INFO  demoqaLog - Successfully navigated to: https://demoqa.com
2025-08-19 12:53:43 [main] INFO  demoqaLog - Clicking on Elements Card...
Title of this Page is: DEMOQA
You can now Access: Elements
 
2025-08-19 12:53:43 [main] INFO  demoqaLog - Accessing Check Box...
Check Box
2025-08-19 12:53:43 [main] INFO  demoqaLog - You are accessing: Check Box
2025-08-19 12:53:43 [main] INFO  demoqaLog - Clicking on Home Toggle Button...
2025-08-19 12:53:44 [main] INFO  demoqaLog - Clicking on Documents Toggle Button...
2025-08-19 12:53:44 [main] INFO  demoqaLog - Clicking WorkSpace Toggle Button...
2025-08-19 12:53:44 [main] INFO  demoqaLog - Clicked WorkSpace Toggle Button...
2025-08-19 12:53:44 [main] INFO  demoqaLog - Selecting WorkSpace | React Check Box...
2025-08-19 12:53:44 [main] INFO  demoqaLog - Selected WorkSpace | React Check Box...
Information Submitted is: You have selected :
react
2025-08-19 12:53:44 [main] INFO  demoqaLog - You have Selected: You have selected :
react
2025-08-19 12:53:44 [main] INFO  demoqaLog - Test Elements|Home|Documents| Selecting WorkSpace|React Check Box Completed...
]]></system-out>
  </testcase>
  <testcase name="SelectAngular" classname="tests.ElementsTests" time="2.287">
    <system-out><![CDATA[2025-08-19 12:53:44 [main] INFO  demoqaBase - Closing the Browser...
2025-08-19 12:53:44 [main] INFO  demoqaBase - Starting Web Browser...
2025-08-19 12:53:45 [main] INFO  demoqaBase - Navigating to demoqa.com Website
2025-08-19 12:53:56 [main] INFO  demoqaLog - Successfully navigated to: https://demoqa.com
2025-08-19 12:53:56 [main] INFO  demoqaLog - Starting Test Elements|Home|Selecting Documents|WorkSpace|Angular Check Box Test...
Instance Variables Declared are: nullnull
2025-08-19 12:53:56 [main] INFO  demoqaLog - Accessing Elements Card...
2025-08-19 12:53:57 [main] INFO  demoqaLog - Successfully navigated to: https://demoqa.com
2025-08-19 12:53:57 [main] INFO  demoqaLog - Clicking on Elements Card...
Title of this Page is: DEMOQA
You can now Access: Elements
 
2025-08-19 12:53:58 [main] INFO  demoqaLog - Accessing Check Box...
Check Box
2025-08-19 12:53:58 [main] INFO  demoqaLog - You are accessing: Check Box
2025-08-19 12:53:58 [main] INFO  demoqaLog - Clicking on Home Toggle Button...
2025-08-19 12:53:58 [main] INFO  demoqaLog - Clicking on Documents Toggle Button...
2025-08-19 12:53:58 [main] INFO  demoqaLog - Clicking WorkSpace Toggle Button...
2025-08-19 12:53:58 [main] INFO  demoqaLog - Clicked WorkSpace Toggle Button...
2025-08-19 12:53:58 [main] INFO  demoqaLog - Selecting WorkSpace | Angular Check Box...
2025-08-19 12:53:58 [main] INFO  demoqaLog - Selected WorkSpace | Angular Check Box...
Information Submitted is: You have selected :
angular
2025-08-19 12:53:58 [main] INFO  demoqaLog - You have Selected: You have selected :
angular
2025-08-19 12:53:58 [main] INFO  demoqaLog - Test Elements|Home|Documents| Selecting WorkSpace|Angular Check Box Completed...
]]></system-out>
  </testcase>
  <testcase name="SelectVeu" classname="tests.ElementsTests" time="2.548">
    <system-out><![CDATA[2025-08-19 12:53:58 [main] INFO  demoqaBase - Closing the Browser...
2025-08-19 12:53:59 [main] INFO  demoqaBase - Starting Web Browser...
2025-08-19 12:54:00 [main] INFO  demoqaBase - Navigating to demoqa.com Website
2025-08-19 12:54:10 [main] INFO  demoqaLog - Successfully navigated to: https://demoqa.com
2025-08-19 12:54:10 [main] INFO  demoqaLog - Starting Test Elements|Home|Selecting Documents|WorkSpace|Veu Check Box Test...
Instance Variables Declared are: nullnull
2025-08-19 12:54:10 [main] INFO  demoqaLog - Accessing Elements Card...
2025-08-19 12:54:12 [main] INFO  demoqaLog - Successfully navigated to: https://demoqa.com
2025-08-19 12:54:12 [main] INFO  demoqaLog - Clicking on Elements Card...
Title of this Page is: DEMOQA
You can now Access: Elements
 
2025-08-19 12:54:12 [main] INFO  demoqaLog - Accessing Check Box...
Check Box
2025-08-19 12:54:12 [main] INFO  demoqaLog - You are accessing: Check Box
2025-08-19 12:54:12 [main] INFO  demoqaLog - Clicking on Home Toggle Button...
2025-08-19 12:54:12 [main] INFO  demoqaLog - Clicking on Documents Toggle Button...
2025-08-19 12:54:13 [main] INFO  demoqaLog - Clicking WorkSpace Toggle Button...
2025-08-19 12:54:13 [main] INFO  demoqaLog - Clicked WorkSpace Toggle Button...
2025-08-19 12:54:13 [main] INFO  demoqaLog - Selecting WorkSpace | Veu Check Box...
2025-08-19 12:54:13 [main] INFO  demoqaLog - Selected WorkSpace | Veu Check Box...
Information Submitted is: You have selected :
veu
2025-08-19 12:54:13 [main] INFO  demoqaLog - You have Selected: You have selected :
veu
2025-08-19 12:54:13 [main] INFO  demoqaLog - Test Elements|Home|Documents| Selecting WorkSpace|Veu Check Box Completed...
]]></system-out>
  </testcase>
  <testcase name="SelectReactAnuglarVeu" classname="tests.ElementsTests" time="1.792">
    <system-out><![CDATA[2025-08-19 12:54:13 [main] INFO  demoqaBase - Closing the Browser...
2025-08-19 12:54:13 [main] INFO  demoqaBase - Starting Web Browser...
2025-08-19 12:54:14 [main] INFO  demoqaBase - Navigating to demoqa.com Website
2025-08-19 12:54:24 [main] INFO  demoqaLog - Successfully navigated to: https://demoqa.com
2025-08-19 12:54:24 [main] INFO  demoqaLog - Starting Test Elements|Home|Selecting Documents|WorkSpace|React-Anuglar-Veu Check Box Test...
Instance Variables Declared are: nullnull
2025-08-19 12:54:24 [main] INFO  demoqaLog - Accessing Elements Card...
2025-08-19 12:54:25 [main] INFO  demoqaLog - Successfully navigated to: https://demoqa.com
2025-08-19 12:54:25 [main] INFO  demoqaLog - Clicking on Elements Card...
Title of this Page is: DEMOQA
You can now Access: Elements
 
2025-08-19 12:54:25 [main] INFO  demoqaLog - Accessing Check Box...
Check Box
2025-08-19 12:54:25 [main] INFO  demoqaLog - You are accessing: Check Box
2025-08-19 12:54:25 [main] INFO  demoqaLog - Clicking on Home Toggle Button...
2025-08-19 12:54:26 [main] INFO  demoqaLog - Clicking on Documents Toggle Button...
2025-08-19 12:54:26 [main] INFO  demoqaLog - Clicking WorkSpace Toggle Button...
2025-08-19 12:54:26 [main] INFO  demoqaLog - Clicked WorkSpace Toggle Button...
2025-08-19 12:54:26 [main] INFO  demoqaLog - Selecting WorkSpace | React Check Box...
2025-08-19 12:54:26 [main] INFO  demoqaLog - Selected WorkSpace | React Check Box...
2025-08-19 12:54:26 [main] INFO  demoqaLog - Selecting WorkSpace | Angular Check Box...
2025-08-19 12:54:26 [main] INFO  demoqaLog - Selected WorkSpace | Angular Check Box...
2025-08-19 12:54:26 [main] INFO  demoqaLog - Selecting WorkSpace | Veu Check Box...
2025-08-19 12:54:26 [main] INFO  demoqaLog - Selected WorkSpace | Veu Check Box...
Information Submitted is: You have selected :
workspace
react
angular
veu
2025-08-19 12:54:26 [main] INFO  demoqaLog - You have Selected: You have selected :
workspace
react
angular
veu
2025-08-19 12:54:26 [main] INFO  demoqaLog - Test Elements|Home|Documents| Selecting WorkSpace|React-Anuglar-Veu Check Box Completed...
]]></system-out>
  </testcase>
  <testcase name="SelectingOffice" classname="tests.ElementsTests" time="1.652">
    <system-out><![CDATA[2025-08-19 12:54:26 [main] INFO  demoqaBase - Closing the Browser...
2025-08-19 12:54:27 [main] INFO  demoqaBase - Starting Web Browser...
2025-08-19 12:54:29 [main] INFO  demoqaBase - Navigating to demoqa.com Website
2025-08-19 12:54:40 [main] INFO  demoqaLog - Successfully navigated to: https://demoqa.com
2025-08-19 12:54:40 [main] INFO  demoqaLog - Starting Test Elements|Home|Selecting Documents|Office Check Box Test...
Instance Variables Declared are: nullnull
2025-08-19 12:54:40 [main] INFO  demoqaLog - Accessing Elements Card...
2025-08-19 12:54:40 [main] INFO  demoqaLog - Successfully navigated to: https://demoqa.com
2025-08-19 12:54:40 [main] INFO  demoqaLog - Clicking on Elements Card...
Title of this Page is: DEMOQA
You can now Access: Elements
 
2025-08-19 12:54:41 [main] INFO  demoqaLog - Accessing Check Box...
Check Box
2025-08-19 12:54:41 [main] INFO  demoqaLog - You are accessing: Check Box
2025-08-19 12:54:41 [main] INFO  demoqaLog - Clicking on Home Toggle Button...
2025-08-19 12:54:41 [main] INFO  demoqaLog - Clicking on Documents Toggle Button...
2025-08-19 12:54:41 [main] INFO  demoqaLog - Selecting WorkSpace Check Box...
2025-08-19 12:54:41 [main] INFO  demoqaLog - Selected WorkSpace Check Box...
Information Submitted is: You have selected :
office
public
private
classified
general
2025-08-19 12:54:41 [main] INFO  demoqaLog - You have Selected: You have selected :
office
public
private
classified
general
2025-08-19 12:54:41 [main] INFO  demoqaLog - Test Elements|Home|Selecting Documents|Office Check Box Completed...
]]></system-out>
  </testcase>
  <testcase name="SelectPublic" classname="tests.ElementsTests" time="1.509">
    <system-out><![CDATA[2025-08-19 12:54:41 [main] INFO  demoqaBase - Closing the Browser...
2025-08-19 12:54:42 [main] INFO  demoqaBase - Starting Web Browser...
2025-08-19 12:54:43 [main] INFO  demoqaBase - Navigating to demoqa.com Website
2025-08-19 12:54:52 [main] INFO  demoqaLog - Successfully navigated to: https://demoqa.com
2025-08-19 12:54:52 [main] INFO  demoqaLog - Starting Test Elements|Home|Selecting Documents|Office|Public Check Box Test...
Instance Variables Declared are: nullnull
2025-08-19 12:54:52 [main] INFO  demoqaLog - Accessing Elements Card...
2025-08-19 12:54:53 [main] INFO  demoqaLog - Successfully navigated to: https://demoqa.com
2025-08-19 12:54:53 [main] INFO  demoqaLog - Clicking on Elements Card...
Title of this Page is: DEMOQA
You can now Access: Elements
 
2025-08-19 12:54:53 [main] INFO  demoqaLog - Accessing Check Box...
Check Box
2025-08-19 12:54:53 [main] INFO  demoqaLog - You are accessing: Check Box
2025-08-19 12:54:53 [main] INFO  demoqaLog - Clicking on Home Toggle Button...
2025-08-19 12:54:53 [main] INFO  demoqaLog - Clicking on Documents Toggle Button...
2025-08-19 12:54:53 [main] INFO  demoqaLog - Clicking Office Toggle Button...
2025-08-19 12:54:54 [main] INFO  demoqaLog - Clicked Office Toggle Button...
2025-08-19 12:54:54 [main] INFO  demoqaLog - Selecting Office | Public Check Box...
2025-08-19 12:54:54 [main] INFO  demoqaLog - Selected Office | Public Check Box...
Information Submitted is: You have selected :
public
2025-08-19 12:54:54 [main] INFO  demoqaLog - You have Selected: You have selected :
public
2025-08-19 12:54:54 [main] INFO  demoqaLog - Test Elements|Home|Documents|Office|Selecting Public Check Box Completed...
]]></system-out>
  </testcase>
  <testcase name="SelectPrivate" classname="tests.ElementsTests" time="1.571">
    <system-out><![CDATA[2025-08-19 12:54:54 [main] INFO  demoqaBase - Closing the Browser...
2025-08-19 12:54:54 [main] INFO  demoqaBase - Starting Web Browser...
2025-08-19 12:54:55 [main] INFO  demoqaBase - Navigating to demoqa.com Website
2025-08-19 12:55:05 [main] INFO  demoqaLog - Successfully navigated to: https://demoqa.com
2025-08-19 12:55:05 [main] INFO  demoqaLog - Starting Test Elements|Home|Selecting Documents|Office|Private Check Box Test...
Instance Variables Declared are: nullnull
2025-08-19 12:55:05 [main] INFO  demoqaLog - Accessing Elements Card...
2025-08-19 12:55:06 [main] INFO  demoqaLog - Successfully navigated to: https://demoqa.com
2025-08-19 12:55:06 [main] INFO  demoqaLog - Clicking on Elements Card...
Title of this Page is: DEMOQA
You can now Access: Elements
 
2025-08-19 12:55:06 [main] INFO  demoqaLog - Accessing Check Box...
Check Box
2025-08-19 12:55:06 [main] INFO  demoqaLog - You are accessing: Check Box
2025-08-19 12:55:06 [main] INFO  demoqaLog - Clicking on Home Toggle Button...
2025-08-19 12:55:06 [main] INFO  demoqaLog - Clicking on Documents Toggle Button...
2025-08-19 12:55:06 [main] INFO  demoqaLog - Clicking Office Toggle Button...
2025-08-19 12:55:06 [main] INFO  demoqaLog - Clicked Office Toggle Button...
2025-08-19 12:55:06 [main] INFO  demoqaLog - Selecting Office | Private Check Box...
2025-08-19 12:55:07 [main] INFO  demoqaLog - Selected Office | Private Check Box...
Information Submitted is: You have selected :
private
2025-08-19 12:55:07 [main] INFO  demoqaLog - You have Selected: You have selected :
private
2025-08-19 12:55:07 [main] INFO  demoqaLog - Test Elements|Home|Documents|Office|Selecting Private Check Box Completed...
]]></system-out>
  </testcase>
  <testcase name="SelectClassified" classname="tests.ElementsTests" time="1.479">
    <system-out><![CDATA[2025-08-19 12:55:07 [main] INFO  demoqaBase - Closing the Browser...
2025-08-19 12:55:07 [main] INFO  demoqaBase - Starting Web Browser...
2025-08-19 12:55:08 [main] INFO  demoqaBase - Navigating to demoqa.com Website
2025-08-19 12:55:13 [main] INFO  demoqaLog - Successfully navigated to: https://demoqa.com
2025-08-19 12:55:13 [main] INFO  demoqaLog - Starting Test Elements|Home|Selecting Documents|Office|Classified Check Box Test...
Instance Variables Declared are: nullnull
2025-08-19 12:55:13 [main] INFO  demoqaLog - Accessing Elements Card...
2025-08-19 12:55:13 [main] INFO  demoqaLog - Successfully navigated to: https://demoqa.com
2025-08-19 12:55:13 [main] INFO  demoqaLog - Clicking on Elements Card...
Title of this Page is: DEMOQA
You can now Access: Elements
 
2025-08-19 12:55:14 [main] INFO  demoqaLog - Accessing Check Box...
Check Box
2025-08-19 12:55:14 [main] INFO  demoqaLog - You are accessing: Check Box
2025-08-19 12:55:14 [main] INFO  demoqaLog - Clicking on Home Toggle Button...
2025-08-19 12:55:14 [main] INFO  demoqaLog - Clicking on Documents Toggle Button...
2025-08-19 12:55:14 [main] INFO  demoqaLog - Clicking Office Toggle Button...
2025-08-19 12:55:14 [main] INFO  demoqaLog - Clicked Office Toggle Button...
2025-08-19 12:55:14 [main] INFO  demoqaLog - Selecting Office | Classified Check Box...
Declared WebDriverWait: org.openqa.selenium.support.ui.WebDriverWait@6c96403e
2025-08-19 12:55:14 [main] INFO  demoqaLog - Selected Office | Classified Check Box...
Information Submitted is: You have selected :
classified
2025-08-19 12:55:14 [main] INFO  demoqaLog - You have Selected: You have selected :
classified
2025-08-19 12:55:14 [main] INFO  demoqaLog - Test Elements|Home|Documents|Office|Selecting Classified Check Box Completed...
]]></system-out>
  </testcase>
  <testcase name="SelectGeneral" classname="tests.ElementsTests" time="1.486">
    <system-out><![CDATA[2025-08-19 12:55:14 [main] INFO  demoqaBase - Closing the Browser...
2025-08-19 12:55:14 [main] INFO  demoqaBase - Starting Web Browser...
2025-08-19 12:55:16 [main] INFO  demoqaBase - Navigating to demoqa.com Website
2025-08-19 12:55:20 [main] INFO  demoqaLog - Successfully navigated to: https://demoqa.com
2025-08-19 12:55:20 [main] INFO  demoqaLog - Starting Test Elements|Home|Selecting Documents|Office|General Check Box Test...
Instance Variables Declared are: nullnull
2025-08-19 12:55:20 [main] INFO  demoqaLog - Accessing Elements Card...
2025-08-19 12:55:21 [main] INFO  demoqaLog - Successfully navigated to: https://demoqa.com
2025-08-19 12:55:21 [main] INFO  demoqaLog - Clicking on Elements Card...
Title of this Page is: DEMOQA
You can now Access: Elements
 
2025-08-19 12:55:21 [main] INFO  demoqaLog - Accessing Check Box...
Check Box
2025-08-19 12:55:21 [main] INFO  demoqaLog - You are accessing: Check Box
2025-08-19 12:55:21 [main] INFO  demoqaLog - Clicking on Home Toggle Button...
2025-08-19 12:55:21 [main] INFO  demoqaLog - Clicking on Documents Toggle Button...
2025-08-19 12:55:21 [main] INFO  demoqaLog - Clicking Office Toggle Button...
2025-08-19 12:55:21 [main] INFO  demoqaLog - Clicked Office Toggle Button...
2025-08-19 12:55:21 [main] INFO  demoqaLog - Selecting Office | General Check Box...
2025-08-19 12:55:21 [main] INFO  demoqaLog - Selected Office | General Check Box...
Information Submitted is: You have selected :
general
2025-08-19 12:55:21 [main] INFO  demoqaLog - You have Selected: You have selected :
general
2025-08-19 12:55:21 [main] INFO  demoqaLog - Test Elements|Home|Documents|Office|Selecting General Check Box Completed...
]]></system-out>
  </testcase>
  <testcase name="SelectOfficeAll" classname="tests.ElementsTests" time="1.866">
    <system-out><![CDATA[2025-08-19 12:55:21 [main] INFO  demoqaBase - Closing the Browser...
2025-08-19 12:55:22 [main] INFO  demoqaBase - Starting Web Browser...
2025-08-19 12:55:23 [main] INFO  demoqaBase - Navigating to demoqa.com Website
2025-08-19 12:55:27 [main] INFO  demoqaLog - Successfully navigated to: https://demoqa.com
2025-08-19 12:55:27 [main] INFO  demoqaLog - Starting Test Elements|Home|Selecting Documents|Office|All Check Boxes Test...
Instance Variables Declared are: nullnull
2025-08-19 12:55:27 [main] INFO  demoqaLog - Accessing Elements Card...
2025-08-19 12:55:28 [main] INFO  demoqaLog - Successfully navigated to: https://demoqa.com
2025-08-19 12:55:28 [main] INFO  demoqaLog - Clicking on Elements Card...
Title of this Page is: DEMOQA
You can now Access: Elements
 
2025-08-19 12:55:28 [main] INFO  demoqaLog - Accessing Check Box...
Check Box
2025-08-19 12:55:28 [main] INFO  demoqaLog - You are accessing: Check Box
2025-08-19 12:55:28 [main] INFO  demoqaLog - Clicking on Home Toggle Button...
2025-08-19 12:55:29 [main] INFO  demoqaLog - Clicking on Documents Toggle Button...
2025-08-19 12:55:29 [main] INFO  demoqaLog - Clicking Office Toggle Button...
2025-08-19 12:55:29 [main] INFO  demoqaLog - Clicked Office Toggle Button...
2025-08-19 12:55:29 [main] INFO  demoqaLog - Selecting Office | Public Check Box...
2025-08-19 12:55:29 [main] INFO  demoqaLog - Selected Office | Public Check Box...
2025-08-19 12:55:29 [main] INFO  demoqaLog - Selecting Office | Private Check Box...
2025-08-19 12:55:29 [main] INFO  demoqaLog - Selected Office | Private Check Box...
2025-08-19 12:55:29 [main] INFO  demoqaLog - Selecting Office | Classified Check Box...
Declared WebDriverWait: org.openqa.selenium.support.ui.WebDriverWait@79b63325
2025-08-19 12:55:29 [main] INFO  demoqaLog - Selected Office | Classified Check Box...
2025-08-19 12:55:29 [main] INFO  demoqaLog - Selecting Office | General Check Box...
2025-08-19 12:55:29 [main] INFO  demoqaLog - Selected Office | General Check Box...
Information Submitted is: You have selected :
office
public
private
classified
general
2025-08-19 12:55:29 [main] INFO  demoqaLog - You have Selected: You have selected :
office
public
private
classified
general
2025-08-19 12:55:29 [main] INFO  demoqaLog - Test Elements|Home|Documents|Office|Selecting All Check Boxes Completed...
]]></system-out>
  </testcase>
  <testcase name="SelectingDownloads" classname="tests.ElementsTests" time="1.31">
    <system-out><![CDATA[2025-08-19 12:55:29 [main] INFO  demoqaBase - Closing the Browser...
2025-08-19 12:55:30 [main] INFO  demoqaBase - Starting Web Browser...
2025-08-19 12:55:31 [main] INFO  demoqaBase - Navigating to demoqa.com Website
2025-08-19 12:55:35 [main] INFO  demoqaLog - Successfully navigated to: https://demoqa.com
2025-08-19 12:55:35 [main] INFO  demoqaLog - Starting Test Elements|Home|Selecting Downloads Check Box Test...
Instance Variables Declared are: nullnull
2025-08-19 12:55:35 [main] INFO  demoqaLog - Accessing Elements Card...
2025-08-19 12:55:35 [main] INFO  demoqaLog - Successfully navigated to: https://demoqa.com
2025-08-19 12:55:35 [main] INFO  demoqaLog - Clicking on Elements Card...
Title of this Page is: DEMOQA
You can now Access: Elements
 
2025-08-19 12:55:36 [main] INFO  demoqaLog - Accessing Check Box...
Check Box
2025-08-19 12:55:36 [main] INFO  demoqaLog - You are accessing: Check Box
2025-08-19 12:55:36 [main] INFO  demoqaLog - Clicking on Home Toggle Button...
2025-08-19 12:55:36 [main] INFO  demoqaLog - Selecting Downloads Check Box...
2025-08-19 12:55:36 [main] INFO  demoqaLog - Selected Downloads Check Box...
Information Submitted is: You have selected :
downloads
wordFile
excelFile
2025-08-19 12:55:36 [main] INFO  demoqaLog - You have Selected: You have selected :
downloads
wordFile
excelFile
2025-08-19 12:55:36 [main] INFO  demoqaLog - Test Elements|Home|Selecting Downloads Check Box Completed...
]]></system-out>
  </testcase>
  <testcase name="SelectingWordFile" classname="tests.ElementsTests" time="1.582">
    <system-out><![CDATA[2025-08-19 12:55:36 [main] INFO  demoqaBase - Closing the Browser...
2025-08-19 12:55:37 [main] INFO  demoqaBase - Starting Web Browser...
2025-08-19 12:55:38 [main] INFO  demoqaBase - Navigating to demoqa.com Website
2025-08-19 12:55:48 [main] INFO  demoqaLog - Successfully navigated to: https://demoqa.com
2025-08-19 12:55:48 [main] INFO  demoqaLog - Starting Test Elements|Home|Selecting Downloads|Word File Check Box Test...
Instance Variables Declared are: nullnull
2025-08-19 12:55:48 [main] INFO  demoqaLog - Accessing Elements Card...
2025-08-19 12:55:49 [main] INFO  demoqaLog - Successfully navigated to: https://demoqa.com
2025-08-19 12:55:49 [main] INFO  demoqaLog - Clicking on Elements Card...
Title of this Page is: DEMOQA
You can now Access: Elements
 
2025-08-19 12:55:49 [main] INFO  demoqaLog - Accessing Check Box...
Check Box
2025-08-19 12:55:49 [main] INFO  demoqaLog - You are accessing: Check Box
2025-08-19 12:55:49 [main] INFO  demoqaLog - Clicking on Home Toggle Button...
2025-08-19 12:55:49 [main] INFO  demoqaLog - Clicking Downloads Toggle Button...
2025-08-19 12:55:49 [main] INFO  demoqaLog - Clicked Downloads Toggle Button...
2025-08-19 12:55:49 [main] INFO  demoqaLog - Selecting Downloads | Word File Check Box...
2025-08-19 12:55:50 [main] INFO  demoqaLog - Selected Downloads | Word File Check Box...
Information Submitted is: You have selected :
wordFile
2025-08-19 12:55:50 [main] INFO  demoqaLog - You have Selected: You have selected :
wordFile
2025-08-19 12:55:50 [main] INFO  demoqaLog - Test Elements|Home|Selecting Downloads|Word File Check Box Completed...
]]></system-out>
  </testcase>
  <testcase name="SelectingExcelFile" classname="tests.ElementsTests" time="1.258">
    <failure message="no such element: Unable to locate element: {&quot;method&quot;:&quot;xpath&quot;,&quot;selector&quot;:&quot;//li[3]//span[1]//button[1]&quot;}&#10;  (Session info: chrome=137.0.7151.120)&#10;For documentation on this error, please visit: https://www.selenium.dev/documentation/webdriver/troubleshooting/errors#no-such-element-exception&#10;Build info: version: &apos;4.34.0&apos;, revision: &apos;707dcb4246*&apos;&#10;System info: os.name: &apos;Windows 11&apos;, os.arch: &apos;amd64&apos;, os.version: &apos;10.0&apos;, java.version: &apos;21.0.7&apos;&#10;Driver info: org.openqa.selenium.chrome.ChromeDriver&#10;Command: [04db4ef617486eb345966c675925ecec, findElement {using=xpath, value=//li[3]//span[1]//button[1]}]&#10;Capabilities {acceptInsecureCerts: false, browserName: chrome, browserVersion: 137.0.7151.120, chrome: {chromedriverVersion: 137.0.7151.119 (e0ac9d12dff..., userDataDir: /tmp/chrome-profile-616be2b...}, fedcm:accounts: true, goog:chromeOptions: {debuggerAddress: localhost:49218}, networkConnectionEnabled: false, pageLoadStrategy: normal, platformName: windows, proxy: Proxy(), se:cdp: ws://localhost:49218/devtoo..., se:cdpVersion: 137.0.7151.120, setWindowRect: true, strictFileInteractability: false, timeouts: {implicit: 0, pageLoad: 300000, script: 30000}, unhandledPromptBehavior: dismiss and notify, webauthn:extension:credBlob: true, webauthn:extension:largeBlob: true, webauthn:extension:minPinLength: true, webauthn:extension:prf: true, webauthn:virtualAuthenticators: true}&#10;Session ID: 04db4ef617486eb345966c675925ecec" type="org.openqa.selenium.NoSuchElementException"><![CDATA[org.openqa.selenium.NoSuchElementException: 
no such element: Unable to locate element: {"method":"xpath","selector":"//li[3]//span[1]//button[1]"}
  (Session info: chrome=137.0.7151.120)
For documentation on this error, please visit: https://www.selenium.dev/documentation/webdriver/troubleshooting/errors#no-such-element-exception
Build info: version: '4.34.0', revision: '707dcb4246*'
System info: os.name: 'Windows 11', os.arch: 'amd64', os.version: '10.0', java.version: '21.0.7'
Driver info: org.openqa.selenium.chrome.ChromeDriver
Command: [04db4ef617486eb345966c675925ecec, findElement {using=xpath, value=//li[3]//span[1]//button[1]}]
Capabilities {acceptInsecureCerts: false, browserName: chrome, browserVersion: 137.0.7151.120, chrome: {chromedriverVersion: 137.0.7151.119 (e0ac9d12dff..., userDataDir: /tmp/chrome-profile-616be2b...}, fedcm:accounts: true, goog:chromeOptions: {debuggerAddress: localhost:49218}, networkConnectionEnabled: false, pageLoadStrategy: normal, platformName: windows, proxy: Proxy(), se:cdp: ws://localhost:49218/devtoo..., se:cdpVersion: 137.0.7151.120, setWindowRect: true, strictFileInteractability: false, timeouts: {implicit: 0, pageLoad: 300000, script: 30000}, unhandledPromptBehavior: dismiss and notify, webauthn:extension:credBlob: true, webauthn:extension:largeBlob: true, webauthn:extension:minPinLength: true, webauthn:extension:prf: true, webauthn:virtualAuthenticators: true}
Session ID: 04db4ef617486eb345966c675925ecec
	at java.base/jdk.internal.reflect.DirectConstructorHandleAccessor.newInstance(DirectConstructorHandleAccessor.java:62)
	at java.base/java.lang.reflect.Constructor.newInstanceWithCaller(Constructor.java:502)
	at java.base/java.lang.reflect.Constructor.newInstance(Constructor.java:486)
	at org.openqa.selenium.remote.ErrorCodec.decode(ErrorCodec.java:167)
	at org.openqa.selenium.remote.codec.w3c.W3CHttpResponseCodec.decode(W3CHttpResponseCodec.java:138)
	at org.openqa.selenium.remote.codec.w3c.W3CHttpResponseCodec.decode(W3CHttpResponseCodec.java:50)
	at org.openqa.selenium.remote.HttpCommandExecutor.execute(HttpCommandExecutor.java:215)
	at org.openqa.selenium.remote.service.DriverCommandExecutor.invokeExecute(DriverCommandExecutor.java:216)
	at org.openqa.selenium.remote.service.DriverCommandExecutor.execute(DriverCommandExecutor.java:174)
	at org.openqa.selenium.remote.RemoteWebDriver.execute(RemoteWebDriver.java:544)
	at org.openqa.selenium.remote.ElementLocation$ElementFinder$2.findElement(ElementLocation.java:165)
	at org.openqa.selenium.remote.ElementLocation.findElement(ElementLocation.java:59)
	at org.openqa.selenium.remote.RemoteWebDriver.findElement(RemoteWebDriver.java:367)
	at org.openqa.selenium.remote.RemoteWebDriver.findElement(RemoteWebDriver.java:361)
	at org.openqa.selenium.support.pagefactory.DefaultElementLocator.findElement(DefaultElementLocator.java:68)
	at org.openqa.selenium.support.pagefactory.internal.LocatingElementHandler.invoke(LocatingElementHandler.java:38)
	at jdk.proxy2/jdk.proxy2.$Proxy29.getWrappedElement(Unknown Source)
	at org.openqa.selenium.remote.WebElementToJsonConverter.apply(WebElementToJsonConverter.java:48)
	at java.base/java.util.stream.ReferencePipeline$3$1.accept(ReferencePipeline.java:197)
	at java.base/java.util.Spliterators$ArraySpliterator.forEachRemaining(Spliterators.java:1024)
	at java.base/java.util.stream.AbstractPipeline.copyInto(AbstractPipeline.java:509)
	at java.base/java.util.stream.AbstractPipeline.wrapAndCopyInto(AbstractPipeline.java:499)
	at java.base/java.util.stream.ReduceOps$ReduceOp.evaluateSequential(ReduceOps.java:921)
	at java.base/java.util.stream.AbstractPipeline.evaluate(AbstractPipeline.java:234)
	at java.base/java.util.stream.ReferencePipeline.collect(ReferencePipeline.java:682)
	at org.openqa.selenium.remote.RemoteWebDriver.executeScript(RemoteWebDriver.java:473)
	at pages.elementsPage.ToggleDownloads(elementsPage.java:497)
	at tests.ElementsTests.SelectingExcelFile(ElementsTests.java:397)
	at java.base/jdk.internal.reflect.DirectMethodHandleAccessor.invoke(DirectMethodHandleAccessor.java:103)
	at java.base/java.lang.reflect.Method.invoke(Method.java:580)
	at org.testng.internal.invokers.MethodInvocationHelper.invokeMethod(MethodInvocationHelper.java:141)
	at org.testng.internal.invokers.TestInvoker.invokeMethod(TestInvoker.java:687)
	at org.testng.internal.invokers.TestInvoker.invokeTestMethod(TestInvoker.java:230)
	at org.testng.internal.invokers.MethodRunner.runInSequence(MethodRunner.java:63)
	at org.testng.internal.invokers.TestInvoker$MethodInvocationAgent.invoke(TestInvoker.java:995)
	at org.testng.internal.invokers.TestInvoker.invokeTestMethods(TestInvoker.java:203)
	at org.testng.internal.invokers.TestMethodWorker.invokeTestMethods(TestMethodWorker.java:154)
	at org.testng.internal.invokers.TestMethodWorker.run(TestMethodWorker.java:134)
	at java.base/java.util.ArrayList.forEach(ArrayList.java:1596)
	at org.testng.TestRunner.privateRun(TestRunner.java:741)
	at org.testng.TestRunner.run(TestRunner.java:616)
	at org.testng.SuiteRunner.runTest(SuiteRunner.java:421)
	at org.testng.SuiteRunner.runSequentially(SuiteRunner.java:413)
	at org.testng.SuiteRunner.privateRun(SuiteRunner.java:373)
	at org.testng.SuiteRunner.run(SuiteRunner.java:312)
	at org.testng.SuiteRunnerWorker.runSuite(SuiteRunnerWorker.java:52)
	at org.testng.SuiteRunnerWorker.run(SuiteRunnerWorker.java:95)
	at org.testng.TestNG.runSuitesSequentially(TestNG.java:1274)
	at org.testng.TestNG.runSuitesLocally(TestNG.java:1208)
	at org.testng.TestNG.runSuites(TestNG.java:1112)
	at org.testng.TestNG.run(TestNG.java:1079)
	at org.apache.maven.surefire.testng.TestNGExecutor.run(TestNGExecutor.java:155)
	at org.apache.maven.surefire.testng.TestNGDirectoryTestSuite.executeMulti(TestNGDirectoryTestSuite.java:169)
	at org.apache.maven.surefire.testng.TestNGDirectoryTestSuite.execute(TestNGDirectoryTestSuite.java:88)
	at org.apache.maven.surefire.testng.TestNGProvider.invoke(TestNGProvider.java:137)
	at org.apache.maven.surefire.booter.ForkedBooter.runSuitesInProcess(ForkedBooter.java:385)
	at org.apache.maven.surefire.booter.ForkedBooter.execute(ForkedBooter.java:162)
	at org.apache.maven.surefire.booter.ForkedBooter.run(ForkedBooter.java:507)
	at org.apache.maven.surefire.booter.ForkedBooter.main(ForkedBooter.java:495)
]]></failure>
    <system-out><![CDATA[2025-08-19 12:55:50 [main] INFO  demoqaBase - Closing the Browser...
2025-08-19 12:55:50 [main] INFO  demoqaBase - Starting Web Browser...
2025-08-19 12:55:51 [main] INFO  demoqaBase - Navigating to demoqa.com Website
2025-08-19 12:55:57 [main] INFO  demoqaLog - Successfully navigated to: https://demoqa.com
2025-08-19 12:55:57 [main] INFO  demoqaLog - Starting Test Elements|Home|Selecting Downloads|Excel File Check Box Test...
Instance Variables Declared are: nullnull
2025-08-19 12:55:57 [main] INFO  demoqaLog - Accessing Elements Card...
2025-08-19 12:55:57 [main] INFO  demoqaLog - Successfully navigated to: https://demoqa.com
2025-08-19 12:55:57 [main] INFO  demoqaLog - Clicking on Elements Card...
Title of this Page is: DEMOQA
You can now Access: Elements
 
2025-08-19 12:55:58 [main] INFO  demoqaLog - Accessing Check Box...
Check Box
2025-08-19 12:55:58 [main] INFO  demoqaLog - You are accessing: Check Box
2025-08-19 12:55:58 [main] INFO  demoqaLog - Clicking on Home Toggle Button...
2025-08-19 12:55:58 [main] INFO  demoqaLog - Clicking Downloads Toggle Button...
]]></system-out>
  </testcase>
  <testcase name="SelectingAllFiles" classname="tests.ElementsTests" time="3.105">
    <system-out><![CDATA[Path for Screenshot is: C:\ASN\eclipse_workspace\demoqa-automation/screenshots/com.aventstack.extentreports.ExtentTest@4fafd27eTest Failed+2025-08-19_12-55-58.png
2025-08-19 12:55:58 [main] INFO  demoqaBase - Closing the Browser...
2025-08-19 12:55:59 [main] INFO  demoqaBase - Starting Web Browser...
2025-08-19 12:56:00 [main] INFO  demoqaBase - Navigating to demoqa.com Website
2025-08-19 12:56:04 [main] INFO  demoqaLog - Successfully navigated to: https://demoqa.com
2025-08-19 12:56:04 [main] INFO  demoqaLog - Starting Test Elements|Home|Selecting Downloads|Word & Excel File Check Boxes Test...
Instance Variables Declared are: nullnull
2025-08-19 12:56:04 [main] INFO  demoqaLog - Accessing Elements Card...
2025-08-19 12:56:06 [main] INFO  demoqaLog - Successfully navigated to: https://demoqa.com
2025-08-19 12:56:06 [main] INFO  demoqaLog - Clicking on Elements Card...
Title of this Page is: DEMOQA
You can now Access: Elements
 
2025-08-19 12:56:06 [main] INFO  demoqaLog - Accessing Check Box...
Check Box
2025-08-19 12:56:06 [main] INFO  demoqaLog - You are accessing: Check Box
2025-08-19 12:56:06 [main] INFO  demoqaLog - Clicking on Home Toggle Button...
2025-08-19 12:56:07 [main] INFO  demoqaLog - Clicking Downloads Toggle Button...
2025-08-19 12:56:07 [main] INFO  demoqaLog - Clicked Downloads Toggle Button...
2025-08-19 12:56:07 [main] INFO  demoqaLog - Selecting Downloads | Word File Check Box...
2025-08-19 12:56:07 [main] INFO  demoqaLog - Selected Downloads | Word File Check Box...
2025-08-19 12:56:07 [main] INFO  demoqaLog - Selecting Downloads | Excel File Check Box...
2025-08-19 12:56:07 [main] INFO  demoqaLog - Selected Downloads | Excel File Check Box...
Information Submitted is: You have selected :
downloads
wordFile
excelFile
2025-08-19 12:56:07 [main] INFO  demoqaLog - You have Selected: You have selected :
downloads
wordFile
excelFile
2025-08-19 12:56:07 [main] INFO  demoqaLog - Test Elements|Home|Selecting Downloads|Word & Excel File Check Boxes Completed...
]]></system-out>
  </testcase>
  <testcase name="clickRadioButton" classname="tests.ElementsTests" time="1.739">
    <system-out><![CDATA[2025-08-19 12:56:07 [main] INFO  demoqaBase - Closing the Browser...
2025-08-19 12:56:07 [main] INFO  demoqaBase - Starting Web Browser...
2025-08-19 12:56:09 [main] INFO  demoqaBase - Navigating to demoqa.com Website
2025-08-19 12:56:18 [main] INFO  demoqaLog - Successfully navigated to: https://demoqa.com
2025-08-19 12:56:18 [main] INFO  demoqaLog - Starting Test Elements|Radio Button Test...
Instance Variables Declared are: nullnull
2025-08-19 12:56:18 [main] INFO  demoqaLog - Accessing Elements Card...
2025-08-19 12:56:19 [main] INFO  demoqaLog - Successfully navigated to: https://demoqa.com
2025-08-19 12:56:19 [main] INFO  demoqaLog - Clicking on Elements Card...
Title of this Page is: DEMOQA
You can now Access: Elements
 
2025-08-19 12:56:20 [main] INFO  demoqaLog - Clicking on Radio Button...
2025-08-19 12:56:20 [main] INFO  demoqaLog - Validating Radio Button Click...
Page Title is: Radio Button
2025-08-19 12:56:20 [main] INFO  demoqaLog - Test Elements|Radio Button Completed...
]]></system-out>
  </testcase>
  <testcase name="SelectYesRadioButton" classname="tests.ElementsTests" time="1.437">
    <system-out><![CDATA[2025-08-19 12:56:20 [main] INFO  demoqaBase - Closing the Browser...
2025-08-19 12:56:20 [main] INFO  demoqaBase - Starting Web Browser...
2025-08-19 12:56:21 [main] INFO  demoqaBase - Navigating to demoqa.com Website
2025-08-19 12:56:48 [main] INFO  demoqaLog - Successfully navigated to: https://demoqa.com
2025-08-19 12:56:48 [main] INFO  demoqaLog - Starting Test Elements|Yes Radio Button Test...
Instance Variables Declared are: nullnull
2025-08-19 12:56:48 [main] INFO  demoqaLog - Accessing Elements Card...
2025-08-19 12:56:48 [main] INFO  demoqaLog - Successfully navigated to: https://demoqa.com
2025-08-19 12:56:48 [main] INFO  demoqaLog - Clicking on Elements Card...
Title of this Page is: DEMOQA
You can now Access: Elements
 
2025-08-19 12:56:49 [main] INFO  demoqaLog - Clicking on Radio Button...
2025-08-19 12:56:49 [main] INFO  demoqaLog - Selecting on Yes Radio Button...
Declared WebDriverWait: org.openqa.selenium.support.ui.WebDriverWait@11978f52
2025-08-19 12:56:49 [main] INFO  demoqaLog - Validating Radio Selection Test Result...
2025-08-19 12:56:49 [main] INFO  demoqaLog - You have selected: Yes
2025-08-19 12:56:49 [main] INFO  demoqaLog - Test Case of Radio Button Selection PASSED...
2025-08-19 12:56:49 [main] INFO  demoqaLog - Test Elements|Yes Radio Button Completed...
]]></system-out>
  </testcase>
  <testcase name="SelectImpressiveRadioButton" classname="tests.ElementsTests" time="1.824">
    <system-out><![CDATA[2025-08-19 12:56:49 [main] INFO  demoqaBase - Closing the Browser...
2025-08-19 12:56:49 [main] INFO  demoqaBase - Starting Web Browser...
2025-08-19 12:56:51 [main] INFO  demoqaBase - Navigating to demoqa.com Website
2025-08-19 12:57:01 [main] INFO  demoqaLog - Successfully navigated to: https://demoqa.com
2025-08-19 12:57:01 [main] INFO  demoqaLog - Starting Test Elements|Yes Radio Button Test...
Instance Variables Declared are: nullnull
2025-08-19 12:57:01 [main] INFO  demoqaLog - Accessing Elements Card...
2025-08-19 12:57:02 [main] INFO  demoqaLog - Successfully navigated to: https://demoqa.com
2025-08-19 12:57:02 [main] INFO  demoqaLog - Clicking on Elements Card...
Title of this Page is: DEMOQA
You can now Access: Elements
 
2025-08-19 12:57:02 [main] INFO  demoqaLog - Clicking on Radio Button...
2025-08-19 12:57:02 [main] INFO  demoqaLog - Selecting on Impressive Radio Button...
Declared WebDriverWait: org.openqa.selenium.support.ui.WebDriverWait@38ba8b45
2025-08-19 12:57:02 [main] INFO  demoqaLog - Validating Radio Selection Test Result...
2025-08-19 12:57:02 [main] INFO  demoqaLog - You have selected: Impressive
2025-08-19 12:57:02 [main] INFO  demoqaLog - Test Case of Radio Button Selection PASSED...
2025-08-19 12:57:02 [main] INFO  demoqaLog - Test Elements|Radio Button|Impressive Completed...
]]></system-out>
  </testcase>
  <testcase name="WebTablesClick" classname="tests.ElementsTests" time="2.469">
    <system-out><![CDATA[2025-08-19 12:57:02 [main] INFO  demoqaBase - Closing the Browser...
2025-08-19 12:57:03 [main] INFO  demoqaBase - Starting Web Browser...
2025-08-19 12:57:04 [main] INFO  demoqaBase - Navigating to demoqa.com Website
2025-08-19 12:57:14 [main] INFO  demoqaLog - Successfully navigated to: https://demoqa.com
2025-08-19 12:57:14 [main] INFO  demoqaLog - Starting Test Elements|Web Tables Test...
Instance Variables Declared are: nullnull
2025-08-19 12:57:14 [main] INFO  demoqaLog - Accessing Elements Card...
2025-08-19 12:57:16 [main] INFO  demoqaLog - Successfully navigated to: https://demoqa.com
2025-08-19 12:57:16 [main] INFO  demoqaLog - Clicking on Elements Card...
Title of this Page is: DEMOQA
You can now Access: Elements
 
2025-08-19 12:57:16 [main] INFO  demoqaLog - Click on Elements|Web Tables...
2025-08-19 12:57:17 [main] INFO  demoqaLog - Test Elements|Web Tables Completed...
]]></system-out>
  </testcase>
  <testcase name="webTableNewRegistration[WebTableUser{firstName=&apos;Johny&apos;, lastName=&apos;Bravo&apos;, email=&apos;Jbravo@demoqa.com&apos;, salary=280000, age=340, department=&apos;Information Technology&apos;}](1)" classname="tests.ElementsTests" time="2.99">
    <system-out><![CDATA[2025-08-19 12:57:17 [main] INFO  demoqaBase - Closing the Browser...
2025-08-19 12:57:18 [main] INFO  demoqaBase - Starting Web Browser...
2025-08-19 12:57:19 [main] INFO  demoqaBase - Navigating to demoqa.com Website
2025-08-19 12:57:23 [main] INFO  demoqaLog - Successfully navigated to: https://demoqa.com
2025-08-19 12:57:24 [main] INFO  demoqaLog - Starting Test Elements|Web Tables|Registration Form Create User...
Instance Variables Declared are: nullnull
2025-08-19 12:57:24 [main] INFO  demoqaLog - Accessing Elements Card...
2025-08-19 12:57:24 [main] INFO  demoqaLog - Successfully navigated to: https://demoqa.com
2025-08-19 12:57:24 [main] INFO  demoqaLog - Clicking on Elements Card...
Title of this Page is: DEMOQA
You can now Access: Elements
 
2025-08-19 12:57:24 [main] INFO  demoqaLog - Click on Elements|Web Tables...
2025-08-19 12:57:25 [main] INFO  demoqaLog - Click on Elements|Web Tables|Registration Form...
2025-08-19 12:57:25 [main] ERROR demoqaLog - Registering User: Johny
2025-08-19 12:57:25 [main] INFO  demoqaLog - Click on Elements|Web Tables|Registration Form|FirstName...
2025-08-19 12:57:25 [main] INFO  demoqaLog - First Name entered is: Johny
2025-08-19 12:57:25 [main] INFO  demoqaLog - Click on Elements|Web Tables|Registration Form|LastName...
Last Name is: Bravo
2025-08-19 12:57:25 [main] INFO  demoqaLog - Last Name entered is: Bravo
2025-08-19 12:57:25 [main] INFO  demoqaLog - Click on Elements|Web Tables|Registration Form|Email...
Email ID is: Jbravo@demoqa.com
2025-08-19 12:57:26 [main] INFO  demoqaLog - Email entered is: Jbravo@demoqa.com
2025-08-19 12:57:26 [main] INFO  demoqaLog - Click on Elements|Web Tables|Registration Form|Age...
2025-08-19 12:57:26 [main] INFO  demoqaLog - Age entered is: 34
2025-08-19 12:57:26 [main] INFO  demoqaLog - Click on Elements|Web Tables|Registration Form|Salary...
2025-08-19 12:57:26 [main] INFO  demoqaLog - Salary entered is: 280000
2025-08-19 12:57:26 [main] INFO  demoqaLog - Click on Elements|Web Tables|Registration Form|Department...
2025-08-19 12:57:26 [main] INFO  demoqaLog - Department entered is: Information Technology
2025-08-19 12:57:26 [main] INFO  demoqaLog - Submitting Registration Form...
2025-08-19 12:57:26 [main] INFO  demoqaLog - Registration Form Submitted...
2025-08-19 12:57:26 [main] ERROR demoqaLog - Submitted to register user: Johny
2025-08-19 12:57:27 [main] INFO  demoqaLog - Test Elements|Web Tables|Registration Form Create User Completed...
]]></system-out>
  </testcase>
  <testcase name="webTableNewRegistration[WebTableUser{firstName=&apos;Gene&apos;, lastName=&apos;Femina&apos;, email=&apos;GFemina@demoqa.com&apos;, salary=180000, age=300, department=&apos;Finance&apos;}](2)" classname="tests.ElementsTests" time="2.969">
    <system-out><![CDATA[2025-08-19 12:57:27 [main] INFO  demoqaBase - Closing the Browser...
2025-08-19 12:57:27 [main] INFO  demoqaBase - Starting Web Browser...
2025-08-19 12:57:28 [main] INFO  demoqaBase - Navigating to demoqa.com Website
2025-08-19 12:57:38 [main] INFO  demoqaLog - Successfully navigated to: https://demoqa.com
2025-08-19 12:57:38 [main] INFO  demoqaLog - Starting Test Elements|Web Tables|Registration Form Create User...
Instance Variables Declared are: nullnull
2025-08-19 12:57:38 [main] INFO  demoqaLog - Accessing Elements Card...
2025-08-19 12:57:39 [main] INFO  demoqaLog - Successfully navigated to: https://demoqa.com
2025-08-19 12:57:39 [main] INFO  demoqaLog - Clicking on Elements Card...
Title of this Page is: DEMOQA
You can now Access: Elements
 
2025-08-19 12:57:39 [main] INFO  demoqaLog - Click on Elements|Web Tables...
2025-08-19 12:57:39 [main] INFO  demoqaLog - Click on Elements|Web Tables|Registration Form...
2025-08-19 12:57:39 [main] ERROR demoqaLog - Registering User: Gene
2025-08-19 12:57:39 [main] INFO  demoqaLog - Click on Elements|Web Tables|Registration Form|FirstName...
2025-08-19 12:57:40 [main] INFO  demoqaLog - First Name entered is: Gene
2025-08-19 12:57:40 [main] INFO  demoqaLog - Click on Elements|Web Tables|Registration Form|LastName...
Last Name is: Femina
2025-08-19 12:57:40 [main] INFO  demoqaLog - Last Name entered is: Femina
2025-08-19 12:57:40 [main] INFO  demoqaLog - Click on Elements|Web Tables|Registration Form|Email...
Email ID is: GFemina@demoqa.com
2025-08-19 12:57:40 [main] INFO  demoqaLog - Email entered is: GFemina@demoqa.com
2025-08-19 12:57:40 [main] INFO  demoqaLog - Click on Elements|Web Tables|Registration Form|Age...
2025-08-19 12:57:40 [main] INFO  demoqaLog - Age entered is: 30
2025-08-19 12:57:40 [main] INFO  demoqaLog - Click on Elements|Web Tables|Registration Form|Salary...
2025-08-19 12:57:41 [main] INFO  demoqaLog - Salary entered is: 180000
2025-08-19 12:57:41 [main] INFO  demoqaLog - Click on Elements|Web Tables|Registration Form|Department...
2025-08-19 12:57:41 [main] INFO  demoqaLog - Department entered is: Finance
2025-08-19 12:57:41 [main] INFO  demoqaLog - Submitting Registration Form...
2025-08-19 12:57:41 [main] INFO  demoqaLog - Registration Form Submitted...
2025-08-19 12:57:41 [main] ERROR demoqaLog - Submitted to register user: Gene
2025-08-19 12:57:41 [main] INFO  demoqaLog - Test Elements|Web Tables|Registration Form Create User Completed...
]]></system-out>
  </testcase>
  <testcase name="webTableNewRegistration[WebTableUser{firstName=&apos;Bud&apos;, lastName=&apos;Wisem&apos;, email=&apos;BWisem@demoqa.com&apos;, salary=150000, age=400, department=&apos;Medicine&apos;}](3)" classname="tests.ElementsTests" time="2.864">
    <system-out><![CDATA[2025-08-19 12:57:41 [main] INFO  demoqaBase - Closing the Browser...
2025-08-19 12:57:41 [main] INFO  demoqaBase - Starting Web Browser...
2025-08-19 12:57:42 [main] INFO  demoqaBase - Navigating to demoqa.com Website
2025-08-19 12:57:53 [main] INFO  demoqaLog - Successfully navigated to: https://demoqa.com
2025-08-19 12:57:53 [main] INFO  demoqaLog - Starting Test Elements|Web Tables|Registration Form Create User...
Instance Variables Declared are: nullnull
2025-08-19 12:57:53 [main] INFO  demoqaLog - Accessing Elements Card...
2025-08-19 12:57:54 [main] INFO  demoqaLog - Successfully navigated to: https://demoqa.com
2025-08-19 12:57:54 [main] INFO  demoqaLog - Clicking on Elements Card...
Title of this Page is: DEMOQA
You can now Access: Elements
 
2025-08-19 12:57:54 [main] INFO  demoqaLog - Click on Elements|Web Tables...
2025-08-19 12:57:54 [main] INFO  demoqaLog - Click on Elements|Web Tables|Registration Form...
2025-08-19 12:57:54 [main] ERROR demoqaLog - Registering User: Bud
2025-08-19 12:57:54 [main] INFO  demoqaLog - Click on Elements|Web Tables|Registration Form|FirstName...
2025-08-19 12:57:55 [main] INFO  demoqaLog - First Name entered is: Bud
2025-08-19 12:57:55 [main] INFO  demoqaLog - Click on Elements|Web Tables|Registration Form|LastName...
Last Name is: Wisem
2025-08-19 12:57:55 [main] INFO  demoqaLog - Last Name entered is: Wisem
2025-08-19 12:57:55 [main] INFO  demoqaLog - Click on Elements|Web Tables|Registration Form|Email...
Email ID is: BWisem@demoqa.com
2025-08-19 12:57:55 [main] INFO  demoqaLog - Email entered is: BWisem@demoqa.com
2025-08-19 12:57:55 [main] INFO  demoqaLog - Click on Elements|Web Tables|Registration Form|Age...
2025-08-19 12:57:55 [main] INFO  demoqaLog - Age entered is: 40
2025-08-19 12:57:55 [main] INFO  demoqaLog - Click on Elements|Web Tables|Registration Form|Salary...
2025-08-19 12:57:56 [main] INFO  demoqaLog - Salary entered is: 150000
2025-08-19 12:57:56 [main] INFO  demoqaLog - Click on Elements|Web Tables|Registration Form|Department...
2025-08-19 12:57:56 [main] INFO  demoqaLog - Department entered is: Medicine
2025-08-19 12:57:56 [main] INFO  demoqaLog - Submitting Registration Form...
2025-08-19 12:57:56 [main] INFO  demoqaLog - Registration Form Submitted...
2025-08-19 12:57:56 [main] ERROR demoqaLog - Submitted to register user: Bud
2025-08-19 12:57:56 [main] INFO  demoqaLog - Test Elements|Web Tables|Registration Form Create User Completed...
]]></system-out>
  </testcase>
  <testcase name="webTableNewRegistration[WebTableUser{firstName=&apos;Tom&apos;, lastName=&apos;Boss&apos;, email=&apos;TBoss@demoqa.com&apos;, salary=190000, age=420, department=&apos;Recreation&apos;}](4)" classname="tests.ElementsTests" time="3.418">
    <system-out><![CDATA[2025-08-19 12:57:56 [main] INFO  demoqaBase - Closing the Browser...
2025-08-19 12:57:56 [main] INFO  demoqaBase - Starting Web Browser...
2025-08-19 12:57:57 [main] INFO  demoqaBase - Navigating to demoqa.com Website
2025-08-19 12:58:02 [main] INFO  demoqaLog - Successfully navigated to: https://demoqa.com
2025-08-19 12:58:02 [main] INFO  demoqaLog - Starting Test Elements|Web Tables|Registration Form Create User...
Instance Variables Declared are: nullnull
2025-08-19 12:58:02 [main] INFO  demoqaLog - Accessing Elements Card...
2025-08-19 12:58:03 [main] INFO  demoqaLog - Successfully navigated to: https://demoqa.com
2025-08-19 12:58:03 [main] INFO  demoqaLog - Clicking on Elements Card...
Title of this Page is: DEMOQA
You can now Access: Elements
 
2025-08-19 12:58:03 [main] INFO  demoqaLog - Click on Elements|Web Tables...
2025-08-19 12:58:03 [main] INFO  demoqaLog - Click on Elements|Web Tables|Registration Form...
2025-08-19 12:58:03 [main] ERROR demoqaLog - Registering User: Tom
2025-08-19 12:58:03 [main] INFO  demoqaLog - Click on Elements|Web Tables|Registration Form|FirstName...
2025-08-19 12:58:04 [main] INFO  demoqaLog - First Name entered is: Tom
2025-08-19 12:58:04 [main] INFO  demoqaLog - Click on Elements|Web Tables|Registration Form|LastName...
Last Name is: Boss
2025-08-19 12:58:04 [main] INFO  demoqaLog - Last Name entered is: Boss
2025-08-19 12:58:04 [main] INFO  demoqaLog - Click on Elements|Web Tables|Registration Form|Email...
Email ID is: TBoss@demoqa.com
2025-08-19 12:58:04 [main] INFO  demoqaLog - Email entered is: TBoss@demoqa.com
2025-08-19 12:58:04 [main] INFO  demoqaLog - Click on Elements|Web Tables|Registration Form|Age...
2025-08-19 12:58:04 [main] INFO  demoqaLog - Age entered is: 42
2025-08-19 12:58:04 [main] INFO  demoqaLog - Click on Elements|Web Tables|Registration Form|Salary...
2025-08-19 12:58:05 [main] INFO  demoqaLog - Salary entered is: 190000
2025-08-19 12:58:05 [main] INFO  demoqaLog - Click on Elements|Web Tables|Registration Form|Department...
2025-08-19 12:58:05 [main] INFO  demoqaLog - Department entered is: Recreation
2025-08-19 12:58:05 [main] INFO  demoqaLog - Submitting Registration Form...
2025-08-19 12:58:05 [main] INFO  demoqaLog - Registration Form Submitted...
2025-08-19 12:58:05 [main] ERROR demoqaLog - Submitted to register user: Tom
2025-08-19 12:58:05 [main] INFO  demoqaLog - Test Elements|Web Tables|Registration Form Create User Completed...
]]></system-out>
  </testcase>
  <testcase name="webTableAddSearch[WebTableUser{firstName=&apos;Johny&apos;, lastName=&apos;Bravo&apos;, email=&apos;Jbravo@demoqa.com&apos;, salary=280000, age=340, department=&apos;Information Technology&apos;}](1)" classname="tests.ElementsTests" time="3.308">
    <system-out><![CDATA[2025-08-19 12:58:05 [main] INFO  demoqaBase - Closing the Browser...
2025-08-19 12:58:05 [main] INFO  demoqaBase - Starting Web Browser...
2025-08-19 12:58:06 [main] INFO  demoqaBase - Navigating to demoqa.com Website
2025-08-19 12:58:17 [main] INFO  demoqaLog - Successfully navigated to: https://demoqa.com
2025-08-19 12:58:17 [main] INFO  demoqaLog - Starting Test Registration Form Add & Search...
Instance Variables Declared are: nullnull
2025-08-19 12:58:17 [main] INFO  demoqaLog - Accessing Elements Card...
2025-08-19 12:58:18 [main] INFO  demoqaLog - Successfully navigated to: https://demoqa.com
2025-08-19 12:58:18 [main] INFO  demoqaLog - Clicking on Elements Card...
Title of this Page is: DEMOQA
You can now Access: Elements
 
2025-08-19 12:58:18 [main] INFO  demoqaLog - Click on Elements|Web Tables...
2025-08-19 12:58:19 [main] INFO  demoqaLog - Click on Elements|Web Tables|Registration Form...
2025-08-19 12:58:19 [main] ERROR demoqaLog - Registering User: Johny
2025-08-19 12:58:19 [main] INFO  demoqaLog - Click on Elements|Web Tables|Registration Form|FirstName...
2025-08-19 12:58:19 [main] INFO  demoqaLog - First Name entered is: Johny
2025-08-19 12:58:19 [main] INFO  demoqaLog - Click on Elements|Web Tables|Registration Form|LastName...
Last Name is: Bravo
2025-08-19 12:58:19 [main] INFO  demoqaLog - Last Name entered is: Bravo
2025-08-19 12:58:19 [main] INFO  demoqaLog - Click on Elements|Web Tables|Registration Form|Email...
Email ID is: Jbravo@demoqa.com
2025-08-19 12:58:20 [main] INFO  demoqaLog - Email entered is: Jbravo@demoqa.com
2025-08-19 12:58:20 [main] INFO  demoqaLog - Click on Elements|Web Tables|Registration Form|Age...
2025-08-19 12:58:20 [main] INFO  demoqaLog - Age entered is: 34
2025-08-19 12:58:20 [main] INFO  demoqaLog - Click on Elements|Web Tables|Registration Form|Salary...
2025-08-19 12:58:20 [main] INFO  demoqaLog - Salary entered is: 280000
2025-08-19 12:58:20 [main] INFO  demoqaLog - Click on Elements|Web Tables|Registration Form|Department...
2025-08-19 12:58:20 [main] INFO  demoqaLog - Department entered is: Information Technology
2025-08-19 12:58:20 [main] INFO  demoqaLog - Submitting Registration Form...
2025-08-19 12:58:20 [main] INFO  demoqaLog - Registration Form Submitted...
2025-08-19 12:58:20 [main] ERROR demoqaLog - Submitted to register user: Johny
2025-08-19 12:58:20 [main] INFO  demoqaLog - Searching by First Name...
2025-08-19 12:58:21 [main] INFO  demoqaLog - Test for Registration Form Add & Search Completed...
]]></system-out>
  </testcase>
  <testcase name="webTableAddEditFirstName[WebTableUser{firstName=&apos;Tonny&apos;, lastName=&apos;Bravo&apos;, email=&apos;Jbravo@demoqa.com&apos;, salary=280000, age=340, department=&apos;Information Technology&apos;}](1)" classname="tests.ElementsTests" time="4.523">
    <system-out><![CDATA[2025-08-19 12:58:21 [main] INFO  demoqaBase - Closing the Browser...
2025-08-19 12:58:21 [main] INFO  demoqaBase - Starting Web Browser...
2025-08-19 12:58:23 [main] INFO  demoqaBase - Navigating to demoqa.com Website
2025-08-19 12:58:33 [main] INFO  demoqaLog - Successfully navigated to: https://demoqa.com
2025-08-19 12:58:33 [main] INFO  demoqaLog - Starting Test Registration Form Modify First Name...
Instance Variables Declared are: nullnull
2025-08-19 12:58:33 [main] INFO  demoqaLog - Accessing Elements Card...
2025-08-19 12:58:34 [main] INFO  demoqaLog - Successfully navigated to: https://demoqa.com
2025-08-19 12:58:34 [main] INFO  demoqaLog - Clicking on Elements Card...
Title of this Page is: DEMOQA
You can now Access: Elements
 
2025-08-19 12:58:34 [main] INFO  demoqaLog - Click on Elements|Web Tables...
2025-08-19 12:58:34 [main] INFO  demoqaLog - Click on Elements|Web Tables|Registration Form...
2025-08-19 12:58:35 [main] ERROR demoqaLog - Registering User: Johny
2025-08-19 12:58:35 [main] INFO  demoqaLog - Click on Elements|Web Tables|Registration Form|FirstName...
2025-08-19 12:58:35 [main] INFO  demoqaLog - First Name entered is: Johny
2025-08-19 12:58:35 [main] INFO  demoqaLog - Click on Elements|Web Tables|Registration Form|LastName...
Last Name is: Bravo
2025-08-19 12:58:35 [main] INFO  demoqaLog - Last Name entered is: Bravo
2025-08-19 12:58:35 [main] INFO  demoqaLog - Click on Elements|Web Tables|Registration Form|Email...
Email ID is: Jbravo@demoqa.com
2025-08-19 12:58:35 [main] INFO  demoqaLog - Email entered is: Jbravo@demoqa.com
2025-08-19 12:58:35 [main] INFO  demoqaLog - Click on Elements|Web Tables|Registration Form|Age...
2025-08-19 12:58:36 [main] INFO  demoqaLog - Age entered is: 34
2025-08-19 12:58:36 [main] INFO  demoqaLog - Click on Elements|Web Tables|Registration Form|Salary...
2025-08-19 12:58:36 [main] INFO  demoqaLog - Salary entered is: 280000
2025-08-19 12:58:36 [main] INFO  demoqaLog - Click on Elements|Web Tables|Registration Form|Department...
2025-08-19 12:58:36 [main] INFO  demoqaLog - Department entered is: Information Technology
2025-08-19 12:58:36 [main] INFO  demoqaLog - Submitting Registration Form...
2025-08-19 12:58:36 [main] INFO  demoqaLog - Registration Form Submitted...
2025-08-19 12:58:36 [main] ERROR demoqaLog - Submitted to register user: Johny
2025-08-19 12:58:37 [main] INFO  demoqaLog - Modifying First Name of the user...
2025-08-19 12:58:38 [main] INFO  demoqaLog - Test Registration Form Modify First Name Completed Successfully...
]]></system-out>
  </testcase>
  <testcase name="webTableAddSearchEdit[WebTableUser{firstName=&apos;Tonny&apos;, lastName=&apos;Bravo&apos;, email=&apos;Jbravo@demoqa.com&apos;, salary=280000, age=340, department=&apos;Information Technology&apos;}](1)" classname="tests.ElementsTests" time="4.74">
    <system-out><![CDATA[2025-08-19 12:58:38 [main] INFO  demoqaBase - Closing the Browser...
2025-08-19 12:58:38 [main] INFO  demoqaBase - Starting Web Browser...
2025-08-19 12:58:39 [main] INFO  demoqaBase - Navigating to demoqa.com Website
2025-08-19 12:58:50 [main] INFO  demoqaLog - Successfully navigated to: https://demoqa.com
2025-08-19 12:58:50 [main] INFO  demoqaLog - Starting Test Registration Form Search & Modify First Name...
Instance Variables Declared are: nullnull
2025-08-19 12:58:50 [main] INFO  demoqaLog - Accessing Elements Card...
2025-08-19 12:58:51 [main] INFO  demoqaLog - Successfully navigated to: https://demoqa.com
2025-08-19 12:58:51 [main] INFO  demoqaLog - Clicking on Elements Card...
Title of this Page is: DEMOQA
You can now Access: Elements
 
2025-08-19 12:58:51 [main] INFO  demoqaLog - Click on Elements|Web Tables...
2025-08-19 12:58:51 [main] INFO  demoqaLog - Click on Elements|Web Tables|Registration Form...
2025-08-19 12:58:51 [main] ERROR demoqaLog - Registering User: Johny
2025-08-19 12:58:51 [main] INFO  demoqaLog - Click on Elements|Web Tables|Registration Form|FirstName...
2025-08-19 12:58:52 [main] INFO  demoqaLog - First Name entered is: Johny
2025-08-19 12:58:52 [main] INFO  demoqaLog - Click on Elements|Web Tables|Registration Form|LastName...
Last Name is: Bravo
2025-08-19 12:58:52 [main] INFO  demoqaLog - Last Name entered is: Bravo
2025-08-19 12:58:52 [main] INFO  demoqaLog - Click on Elements|Web Tables|Registration Form|Email...
Email ID is: Jbravo@demoqa.com
2025-08-19 12:58:52 [main] INFO  demoqaLog - Email entered is: Jbravo@demoqa.com
2025-08-19 12:58:52 [main] INFO  demoqaLog - Click on Elements|Web Tables|Registration Form|Age...
2025-08-19 12:58:52 [main] INFO  demoqaLog - Age entered is: 34
2025-08-19 12:58:52 [main] INFO  demoqaLog - Click on Elements|Web Tables|Registration Form|Salary...
2025-08-19 12:58:53 [main] INFO  demoqaLog - Salary entered is: 280000
2025-08-19 12:58:53 [main] INFO  demoqaLog - Click on Elements|Web Tables|Registration Form|Department...
2025-08-19 12:58:53 [main] INFO  demoqaLog - Department entered is: Information Technology
2025-08-19 12:58:53 [main] INFO  demoqaLog - Submitting Registration Form...
2025-08-19 12:58:53 [main] INFO  demoqaLog - Registration Form Submitted...
2025-08-19 12:58:53 [main] ERROR demoqaLog - Submitted to register user: Johny
2025-08-19 12:58:53 [main] INFO  demoqaLog - Modifying First Name of the user...
2025-08-19 12:58:55 [main] INFO  demoqaLog - Updated First Name is: Tonny
2025-08-19 12:58:55 [main] INFO  demoqaLog - Test Registration Form Search & Modify First Name Completed Successfully...
]]></system-out>
  </testcase>
  <testcase name="webTableDeleteUser[WebTableUser{firstName=&apos;Johny&apos;, lastName=&apos;Bravo&apos;, email=&apos;Jbravo@demoqa.com&apos;, salary=280000, age=340, department=&apos;Information Technology&apos;}](1)" classname="tests.ElementsTests" time="3.186">
    <system-out><![CDATA[2025-08-19 12:58:55 [main] INFO  demoqaBase - Closing the Browser...
2025-08-19 12:58:55 [main] INFO  demoqaBase - Starting Web Browser...
2025-08-19 12:58:57 [main] INFO  demoqaBase - Navigating to demoqa.com Website
2025-08-19 12:59:08 [main] INFO  demoqaLog - Successfully navigated to: https://demoqa.com
2025-08-19 12:59:08 [main] INFO  demoqaLog - Starting Test for Deleting User from Web Table...
Instance Variables Declared are: nullnull
2025-08-19 12:59:08 [main] INFO  demoqaLog - Accessing Elements Card...
2025-08-19 12:59:09 [main] INFO  demoqaLog - Successfully navigated to: https://demoqa.com
2025-08-19 12:59:09 [main] INFO  demoqaLog - Clicking on Elements Card...
Title of this Page is: DEMOQA
You can now Access: Elements
 
2025-08-19 12:59:09 [main] INFO  demoqaLog - Click on Elements|Web Tables...
2025-08-19 12:59:09 [main] INFO  demoqaLog - Click on Elements|Web Tables|Registration Form...
2025-08-19 12:59:09 [main] ERROR demoqaLog - Registering User: Johny
2025-08-19 12:59:09 [main] INFO  demoqaLog - Click on Elements|Web Tables|Registration Form|FirstName...
2025-08-19 12:59:10 [main] INFO  demoqaLog - First Name entered is: Johny
2025-08-19 12:59:10 [main] INFO  demoqaLog - Click on Elements|Web Tables|Registration Form|LastName...
Last Name is: Bravo
2025-08-19 12:59:10 [main] INFO  demoqaLog - Last Name entered is: Bravo
2025-08-19 12:59:10 [main] INFO  demoqaLog - Click on Elements|Web Tables|Registration Form|Email...
Email ID is: Jbravo@demoqa.com
2025-08-19 12:59:10 [main] INFO  demoqaLog - Email entered is: Jbravo@demoqa.com
2025-08-19 12:59:10 [main] INFO  demoqaLog - Click on Elements|Web Tables|Registration Form|Age...
2025-08-19 12:59:11 [main] INFO  demoqaLog - Age entered is: 34
2025-08-19 12:59:11 [main] INFO  demoqaLog - Click on Elements|Web Tables|Registration Form|Salary...
2025-08-19 12:59:11 [main] INFO  demoqaLog - Salary entered is: 280000
2025-08-19 12:59:11 [main] INFO  demoqaLog - Click on Elements|Web Tables|Registration Form|Department...
2025-08-19 12:59:11 [main] INFO  demoqaLog - Department entered is: Information Technology
2025-08-19 12:59:11 [main] INFO  demoqaLog - Submitting Registration Form...
2025-08-19 12:59:11 [main] INFO  demoqaLog - Registration Form Submitted...
2025-08-19 12:59:11 [main] ERROR demoqaLog - Submitted to register user: Johny
2025-08-19 12:59:11 [main] INFO  demoqaLog - Deleting User from Webtable: Johny
2025-08-19 12:59:11 [main] INFO  demoqaLog - Test for Deleting User from Web Table Completed Successfully...
]]></system-out>
  </testcase>
  <testcase name="testAddAllUsersFromExcel" classname="tests.ElementsTests" time="7.29">
    <system-out><![CDATA[2025-08-19 12:59:11 [main] INFO  demoqaBase - Closing the Browser...
2025-08-19 12:59:12 [main] INFO  demoqaBase - Starting Web Browser...
2025-08-19 12:59:13 [main] INFO  demoqaBase - Navigating to demoqa.com Website
2025-08-19 12:59:23 [main] INFO  demoqaLog - Successfully navigated to: https://demoqa.com
Instance Variables Declared are: nullnull
2025-08-19 12:59:23 [main] INFO  demoqaLog - Accessing Elements Card...
2025-08-19 12:59:24 [main] INFO  demoqaLog - Successfully navigated to: https://demoqa.com
2025-08-19 12:59:24 [main] INFO  demoqaLog - Clicking on Elements Card...
Title of this Page is: DEMOQA
You can now Access: Elements
 
2025-08-19 12:59:24 [main] INFO  demoqaLog - Click on Elements|Web Tables...
Declared Object: [[Ljava.lang.Object;@7e7e34ef
2025-08-19 12:59:24 [main] INFO  demoqaLog - Click on Elements|Web Tables|Registration Form...
2025-08-19 12:59:25 [main] ERROR demoqaLog - Registering User: Johny
2025-08-19 12:59:25 [main] INFO  demoqaLog - Click on Elements|Web Tables|Registration Form|FirstName...
2025-08-19 12:59:25 [main] INFO  demoqaLog - First Name entered is: Johny
2025-08-19 12:59:25 [main] INFO  demoqaLog - Click on Elements|Web Tables|Registration Form|LastName...
Last Name is: Bravo
2025-08-19 12:59:25 [main] INFO  demoqaLog - Last Name entered is: Bravo
2025-08-19 12:59:25 [main] INFO  demoqaLog - Click on Elements|Web Tables|Registration Form|Email...
Email ID is: Jbravo@demoqa.com
2025-08-19 12:59:25 [main] INFO  demoqaLog - Email entered is: Jbravo@demoqa.com
2025-08-19 12:59:25 [main] INFO  demoqaLog - Click on Elements|Web Tables|Registration Form|Age...
2025-08-19 12:59:26 [main] INFO  demoqaLog - Age entered is: 34
2025-08-19 12:59:26 [main] INFO  demoqaLog - Click on Elements|Web Tables|Registration Form|Salary...
2025-08-19 12:59:26 [main] INFO  demoqaLog - Salary entered is: 280000
2025-08-19 12:59:26 [main] INFO  demoqaLog - Click on Elements|Web Tables|Registration Form|Department...
2025-08-19 12:59:26 [main] INFO  demoqaLog - Department entered is: Information Technology
2025-08-19 12:59:26 [main] INFO  demoqaLog - Submitting Registration Form...
2025-08-19 12:59:26 [main] INFO  demoqaLog - Registration Form Submitted...
2025-08-19 12:59:26 [main] ERROR demoqaLog - Submitted to register user: Johny
2025-08-19 12:59:26 [main] INFO  demoqaLog - Click on Elements|Web Tables|Registration Form...
2025-08-19 12:59:26 [main] ERROR demoqaLog - Registering User: Gene
2025-08-19 12:59:26 [main] INFO  demoqaLog - Click on Elements|Web Tables|Registration Form|FirstName...
2025-08-19 12:59:27 [main] INFO  demoqaLog - First Name entered is: Gene
2025-08-19 12:59:27 [main] INFO  demoqaLog - Click on Elements|Web Tables|Registration Form|LastName...
Last Name is: Femina
2025-08-19 12:59:27 [main] INFO  demoqaLog - Last Name entered is: Femina
2025-08-19 12:59:27 [main] INFO  demoqaLog - Click on Elements|Web Tables|Registration Form|Email...
Email ID is: GFemina@demoqa.com
2025-08-19 12:59:27 [main] INFO  demoqaLog - Email entered is: GFemina@demoqa.com
2025-08-19 12:59:27 [main] INFO  demoqaLog - Click on Elements|Web Tables|Registration Form|Age...
[...]
	at org.testng.TestRunner.run(TestRunner.java:616)
	at org.testng.SuiteRunner.runTest(SuiteRunner.java:421)
	at org.testng.SuiteRunner.runSequentially(SuiteRunner.java:413)
	at org.testng.SuiteRunner.privateRun(SuiteRunner.java:373)
	at org.testng.SuiteRunner.run(SuiteRunner.java:312)
	at org.testng.SuiteRunnerWorker.runSuite(SuiteRunnerWorker.java:52)
	at org.testng.SuiteRunnerWorker.run(SuiteRunnerWorker.java:95)
	at org.testng.TestNG.runSuitesSequentially(TestNG.java:1274)
	at org.testng.TestNG.runSuitesLocally(TestNG.java:1208)
	at org.testng.TestNG.runSuites(TestNG.java:1112)
	at org.testng.TestNG.run(TestNG.java:1079)
	at org.apache.maven.surefire.testng.TestNGExecutor.run(TestNGExecutor.java:155)
	at org.apache.maven.surefire.testng.TestNGDirectoryTestSuite.executeMulti(TestNGDirectoryTestSuite.java:169)
	at org.apache.maven.surefire.testng.TestNGDirectoryTestSuite.execute(TestNGDirectoryTestSuite.java:88)
	at org.apache.maven.surefire.testng.TestNGProvider.invoke(TestNGProvider.java:137)
	at org.apache.maven.surefire.booter.ForkedBooter.runSuitesInProcess(ForkedBooter.java:385)
	at org.apache.maven.surefire.booter.ForkedBooter.execute(ForkedBooter.java:162)
	at org.apache.maven.surefire.booter.ForkedBooter.run(ForkedBooter.java:507)
	at org.apache.maven.surefire.booter.ForkedBooter.main(ForkedBooter.java:495)
]]></failure>
    <system-out><![CDATA[Path for Screenshot is: C:\ASN\eclipse_workspace\demoqa-automation/screenshots/com.aventstack.extentreports.ExtentTest@1f7354beTest Failed+2025-08-19_13-05-25.png
2025-08-19 13:05:25 [main] INFO  demoqaBase - Closing the Browser...
2025-08-19 13:05:26 [main] INFO  demoqaBase - Starting Web Browser...
2025-08-19 13:05:28 [main] INFO  demoqaBase - Navigating to demoqa.com Website
2025-08-19 13:05:29 [main] INFO  demoqaLog - Successfully navigated to: https://demoqa.com
2025-08-19 13:05:29 [main] INFO  demoqaLog - Starting Form Card Test...
2025-08-19 13:05:29 [main] INFO  demoqaLog - Clicking on Form Card...
]]></system-out>
  </testcase>
  <testcase name="fillForm[UserFormData{firstName=&apos;Johny&apos;, lastName=&apos;Bravo&apos;, userMail=&apos;Jbravo@demoqa.com&apos;, gender=&apos;Male&apos;, mobile=&apos;9.238343488E9&apos;, dob=&apos;15-08-2000&apos;, subject=&apos;Computer Science&apos;, hobbies=&apos;Sports,Music&apos;, picturePath=&apos;/TestData/Mphoto.jpg&apos;, address=&apos;511 Grant 481, Prattsville\n Arkansas 72129\n United States&apos;, state=&apos;NCR&apos;, city=&apos;Delhi&apos;}](1)" classname="tests.FormTests" time="0.503">
    <failure message="no such element: Unable to locate element: {&quot;method&quot;:&quot;xpath&quot;,&quot;selector&quot;:&quot;//*[@id=&quot;app&quot;]/div/div/div[2]/div/div[2]&quot;}&#10;  (Session info: chrome=137.0.7151.120)&#10;For documentation on this error, please visit: https://www.selenium.dev/documentation/webdriver/troubleshooting/errors#no-such-element-exception&#10;Build info: version: &apos;4.34.0&apos;, revision: &apos;707dcb4246*&apos;&#10;System info: os.name: &apos;Windows 11&apos;, os.arch: &apos;amd64&apos;, os.version: &apos;10.0&apos;, java.version: &apos;21.0.7&apos;&#10;Driver info: org.openqa.selenium.chrome.ChromeDriver&#10;Command: [c28a333d8be7a9cdc9a4a336ab7d3825, findElement {using=xpath, value=//*[@id=&quot;app&quot;]/div/div/div[2]/div/div[2]}]&#10;Capabilities {acceptInsecureCerts: false, browserName: chrome, browserVersion: 137.0.7151.120, chrome: {chromedriverVersion: 137.0.7151.119 (e0ac9d12dff..., userDataDir: /tmp/chrome-profile-0204726...}, fedcm:accounts: true, goog:chromeOptions: {debuggerAddress: localhost:56584}, networkConnectionEnabled: false, pageLoadStrategy: normal, platformName: windows, proxy: Proxy(), se:cdp: ws://localhost:56584/devtoo..., se:cdpVersion: 137.0.7151.120, setWindowRect: true, strictFileInteractability: false, timeouts: {implicit: 0, pageLoad: 300000, script: 30000}, unhandledPromptBehavior: dismiss and notify, webauthn:extension:credBlob: true, webauthn:extension:largeBlob: true, webauthn:extension:minPinLength: true, webauthn:extension:prf: true, webauthn:virtualAuthenticators: true}&#10;Session ID: c28a333d8be7a9cdc9a4a336ab7d3825" type="org.openqa.selenium.NoSuchElementException"><![CDATA[org.openqa.selenium.NoSuchElementException: 
no such element: Unable to locate element: {"method":"xpath","selector":"//*[@id="app"]/div/div/div[2]/div/div[2]"}
  (Session info: chrome=137.0.7151.120)
For documentation on this error, please visit: https://www.selenium.dev/documentation/webdriver/troubleshooting/errors#no-such-element-exception
Build info: version: '4.34.0', revision: '707dcb4246*'
System info: os.name: 'Windows 11', os.arch: 'amd64', os.version: '10.0', java.version: '21.0.7'
Driver info: org.openqa.selenium.chrome.ChromeDriver
Command: [c28a333d8be7a9cdc9a4a336ab7d3825, findElement {using=xpath, value=//*[@id="app"]/div/div/div[2]/div/div[2]}]
Capabilities {acceptInsecureCerts: false, browserName: chrome, browserVersion: 137.0.7151.120, chrome: {chromedriverVersion: 137.0.7151.119 (e0ac9d12dff..., userDataDir: /tmp/chrome-profile-0204726...}, fedcm:accounts: true, goog:chromeOptions: {debuggerAddress: localhost:56584}, networkConnectionEnabled: false, pageLoadStrategy: normal, platformName: windows, proxy: Proxy(), se:cdp: ws://localhost:56584/devtoo..., se:cdpVersion: 137.0.7151.120, setWindowRect: true, strictFileInteractability: false, timeouts: {implicit: 0, pageLoad: 300000, script: 30000}, unhandledPromptBehavior: dismiss and notify, webauthn:extension:credBlob: true, webauthn:extension:largeBlob: true, webauthn:extension:minPinLength: true, webauthn:extension:prf: true, webauthn:virtualAuthenticators: true}
Session ID: c28a333d8be7a9cdc9a4a336ab7d3825
	at java.base/jdk.internal.reflect.DirectConstructorHandleAccessor.newInstance(DirectConstructorHandleAccessor.java:62)
	at java.base/java.lang.reflect.Constructor.newInstanceWithCaller(Constructor.java:502)
	at java.base/java.lang.reflect.Constructor.newInstance(Constructor.java:486)
	at org.openqa.selenium.remote.ErrorCodec.decode(ErrorCodec.java:167)
	at org.openqa.selenium.remote.codec.w3c.W3CHttpResponseCodec.decode(W3CHttpResponseCodec.java:138)
	at org.openqa.selenium.remote.codec.w3c.W3CHttpResponseCodec.decode(W3CHttpResponseCodec.java:50)
	at org.openqa.selenium.remote.HttpCommandExecutor.execute(HttpCommandExecutor.java:215)
	at org.openqa.selenium.remote.service.DriverCommandExecutor.invokeExecute(DriverCommandExecutor.java:216)
	at org.openqa.selenium.remote.service.DriverCommandExecutor.execute(DriverCommandExecutor.java:174)
	at org.openqa.selenium.remote.RemoteWebDriver.execute(RemoteWebDriver.java:544)
	at org.openqa.selenium.remote.ElementLocation$ElementFinder$2.findElement(ElementLocation.java:165)
	at org.openqa.selenium.remote.ElementLocation.findElement(ElementLocation.java:59)
	at org.openqa.selenium.remote.RemoteWebDriver.findElement(RemoteWebDriver.java:367)
	at org.openqa.selenium.remote.RemoteWebDriver.findElement(RemoteWebDriver.java:361)
	at pages.homePage.clickFormCard(homePage.java:28)
	at pages.formsPage.accessForms(formsPage.java:79)
	at tests.FormTests.fillForm(FormTests.java:65)
	at java.base/jdk.internal.reflect.DirectMethodHandleAccessor.invoke(DirectMethodHandleAccessor.java:103)
	at java.base/java.lang.reflect.Method.invoke(Method.java:580)
	at org.testng.internal.invokers.MethodInvocationHelper.invokeMethod(MethodInvocationHelper.java:141)
	at org.testng.internal.invokers.TestInvoker.invokeMethod(TestInvoker.java:687)
	at org.testng.internal.invokers.TestInvoker.invokeTestMethod(TestInvoker.java:230)
	at org.testng.internal.invokers.MethodRunner.runInSequence(MethodRunner.java:63)
	at org.testng.internal.invokers.TestInvoker$MethodInvocationAgent.invoke(TestInvoker.java:995)
	at org.testng.internal.invokers.TestInvoker.invokeTestMethods(TestInvoker.java:203)
	at org.testng.internal.invokers.TestMethodWorker.invokeTestMethods(TestMethodWorker.java:154)
	at org.testng.internal.invokers.TestMethodWorker.run(TestMethodWorker.java:134)
	at java.base/java.util.ArrayList.forEach(ArrayList.java:1596)
	at org.testng.TestRunner.privateRun(TestRunner.java:741)
	at org.testng.TestRunner.run(TestRunner.java:616)
	at org.testng.SuiteRunner.runTest(SuiteRunner.java:421)
	at org.testng.SuiteRunner.runSequentially(SuiteRunner.java:413)
	at org.testng.SuiteRunner.privateRun(SuiteRunner.java:373)
	at org.testng.SuiteRunner.run(SuiteRunner.java:312)
	at org.testng.SuiteRunnerWorker.runSuite(SuiteRunnerWorker.java:52)
	at org.testng.SuiteRunnerWorker.run(SuiteRunnerWorker.java:95)
	at org.testng.TestNG.runSuitesSequentially(TestNG.java:1274)
	at org.testng.TestNG.runSuitesLocally(TestNG.java:1208)
	at org.testng.TestNG.runSuites(TestNG.java:1112)
	at org.testng.TestNG.run(TestNG.java:1079)
	at org.apache.maven.surefire.testng.TestNGExecutor.run(TestNGExecutor.java:155)
	at org.apache.maven.surefire.testng.TestNGDirectoryTestSuite.executeMulti(TestNGDirectoryTestSuite.java:169)
	at org.apache.maven.surefire.testng.TestNGDirectoryTestSuite.execute(TestNGDirectoryTestSuite.java:88)
	at org.apache.maven.surefire.testng.TestNGProvider.invoke(TestNGProvider.java:137)
	at org.apache.maven.surefire.booter.ForkedBooter.runSuitesInProcess(ForkedBooter.java:385)
	at org.apache.maven.surefire.booter.ForkedBooter.execute(ForkedBooter.java:162)
	at org.apache.maven.surefire.booter.ForkedBooter.run(ForkedBooter.java:507)
	at org.apache.maven.surefire.booter.ForkedBooter.main(ForkedBooter.java:495)
]]></failure>
    <system-out><![CDATA[Path for Screenshot is: C:\ASN\eclipse_workspace\demoqa-automation/screenshots/com.aventstack.extentreports.ExtentTest@491a40fTest Failed+2025-08-19_13-05-29.png
2025-08-19 13:05:29 [main] INFO  demoqaBase - Closing the Browser...
2025-08-19 13:05:29 [main] INFO  demoqaBase - Starting Web Browser...
2025-08-19 13:05:31 [main] INFO  demoqaBase - Navigating to demoqa.com Website
2025-08-19 13:05:31 [main] INFO  demoqaLog - Successfully navigated to: https://demoqa.com
2025-08-19 13:05:31 [main] INFO  demoqaLog - Starting Form Filling Test...
2025-08-19 13:05:32 [main] INFO  demoqaLog - Successfully navigated to: https://demoqa.com
2025-08-19 13:05:32 [main] INFO  demoqaLog - Accessing Form Card...
2025-08-19 13:05:32 [main] INFO  demoqaLog - Successfully navigated to: https://demoqa.com
2025-08-19 13:05:32 [main] INFO  demoqaLog - Clicking on Form Card...
]]></system-out>
  </testcase>
  <testcase name="fillForm[UserFormData{firstName=&apos;Gene&apos;, lastName=&apos;Femina&apos;, userMail=&apos;GFemina@demoqa.com&apos;, gender=&apos;Female&apos;, mobile=&apos;1.888343432E9&apos;, dob=&apos;22-05-2002&apos;, subject=&apos;Accounting&apos;, hobbies=&apos;Music,Reading&apos;, picturePath=&apos;/TestData/Fphoto.png&apos;, address=&apos;512 Grant 481, Prattsville\n Arkansas 72129\n United States&apos;, state=&apos;Uttar Pradesh&apos;, city=&apos;Merrut&apos;}](2)" classname="tests.FormTests" time="14.12">
    <system-out><![CDATA[Path for Screenshot is: C:\ASN\eclipse_workspace\demoqa-automation/screenshots/com.aventstack.extentreports.ExtentTest@507bb74aTest Failed+2025-08-19_13-05-32.png
Path for Screenshot is: C:\ASN\eclipse_workspace\demoqa-automation/screenshots/fillForm Passed+2025-08-19_13-05-32.png
2025-08-19 13:05:32 [main] INFO  demoqaBase - Closing the Browser...
2025-08-19 13:05:32 [main] INFO  demoqaBase - Starting Web Browser...
2025-08-19 13:05:33 [main] INFO  demoqaBase - Navigating to demoqa.com Website
2025-08-19 13:05:34 [main] INFO  demoqaLog - Successfully navigated to: https://demoqa.com
2025-08-19 13:05:34 [main] INFO  demoqaLog - Starting Form Filling Test...
2025-08-19 13:05:44 [main] INFO  demoqaLog - Successfully navigated to: https://demoqa.com
2025-08-19 13:05:44 [main] INFO  demoqaLog - Accessing Form Card...
2025-08-19 13:05:44 [main] INFO  demoqaLog - Successfully navigated to: https://demoqa.com
2025-08-19 13:05:44 [main] INFO  demoqaLog - Clicking on Form Card...
2025-08-19 13:05:45 [main] INFO  demoqaLog - Clicked on Form Card...
2025-08-19 13:05:45 [main] INFO  demoqaLog - Clicking on Practice Form...
2025-08-19 13:05:45 [main] INFO  demoqaLog - Clicked on Practice Form...
2025-08-19 13:05:45 [main] INFO  demoqaLog - Filling form for: Gene Femina
2025-08-19 13:05:45 [main] INFO  demoqaLog - Entering First Name...
2025-08-19 13:05:45 [main] INFO  demoqaLog - Entered First Name: Gene
Selected gender: Female
📅 Parsed DOB: 2002-05-22
📅 Parsed DOB: 2002-05-22
📥 Received DOB: 22-05-2002
📅 Normalized DOB: 22-05-2002
✅ Date selected: 22-05-2002
2025-08-19 13:05:46 [main] INFO  demoqaLog - Typed full subject: Accounting
Typing subject: Accounting
Dropdown Option: Accounting
Selected: Accounting
Selected hobby: music
Selected hobby: reading
Uploaded photo: C:\ASN\eclipse_workspace\demoqa-automation//TestData/Fphoto.png
512 Grant 481, Prattsville
 Arkansas 72129
 United States
2025-08-19 13:05:47 [main] INFO  demoqaLog - Entering Address...
2025-08-19 13:05:47 [main] INFO  demoqaLog - Entered Address...
2025-08-19 13:05:47 [main] INFO  demoqaLog - Selecting State: Uttar Pradesh
Available state option: NCR
Available state option: Uttar Pradesh
2025-08-19 13:05:48 [main] INFO  demoqaLog - Selected State: Uttar Pradesh
2025-08-19 13:05:48 [main] INFO  demoqaLog - Selecting City: Merrut
Available city: Agra
Available city: Lucknow
Available city: Merrut
2025-08-19 13:05:48 [main] INFO  demoqaLog - Selected City: Merrut
2025-08-19 13:05:48 [main] INFO  demoqaLog - Submitting Form...
2025-08-19 13:05:49 [main] INFO  demoqaLog - Form Submitted via normal click...
2025-08-19 13:05:49 [main] INFO  demoqaLog - Test Form Filling Completed for: Gene Femina
]]></system-out>
  </testcase>
  <testcase name="fillForm[UserFormData{firstName=&apos;Bud&apos;, lastName=&apos;Wisem&apos;, userMail=&apos;BWisem@demoqa.com&apos;, gender=&apos;Other&apos;, mobile=&apos;8.932465432E9&apos;, dob=&apos;31-12-1999&apos;, subject=&apos;Biology&apos;, hobbies=&apos;Reading&apos;, picturePath=&apos;/TestData/Ophoto.jpg&apos;, address=&apos;513 Grant 481, Prattsville\n Arkansas 72129\n United States&apos;, state=&apos;Haryana&apos;, city=&apos;Panipat&apos;}](3)" classname="tests.FormTests" time="4.706">
    <system-out><![CDATA[Path for Screenshot is: C:\ASN\eclipse_workspace\demoqa-automation/screenshots/fillForm Passed+2025-08-19_13-05-49.png
2025-08-19 13:05:49 [main] INFO  demoqaBase - Closing the Browser...
2025-08-19 13:05:49 [main] INFO  demoqaBase - Starting Web Browser...
2025-08-19 13:05:51 [main] INFO  demoqaBase - Navigating to demoqa.com Website
2025-08-19 13:06:00 [main] INFO  demoqaLog - Successfully navigated to: https://demoqa.com
2025-08-19 13:06:00 [main] INFO  demoqaLog - Starting Form Filling Test...
2025-08-19 13:06:01 [main] INFO  demoqaLog - Successfully navigated to: https://demoqa.com
2025-08-19 13:06:01 [main] INFO  demoqaLog - Accessing Form Card...
2025-08-19 13:06:01 [main] INFO  demoqaLog - Successfully navigated to: https://demoqa.com
2025-08-19 13:06:01 [main] INFO  demoqaLog - Clicking on Form Card...
2025-08-19 13:06:01 [main] INFO  demoqaLog - Clicked on Form Card...
2025-08-19 13:06:01 [main] INFO  demoqaLog - Clicking on Practice Form...
2025-08-19 13:06:02 [main] INFO  demoqaLog - Clicked on Practice Form...
2025-08-19 13:06:02 [main] INFO  demoqaLog - Filling form for: Bud Wisem
2025-08-19 13:06:02 [main] INFO  demoqaLog - Entering First Name...
2025-08-19 13:06:02 [main] INFO  demoqaLog - Entered First Name: Bud
Selected gender: Other
📅 Parsed DOB: 1999-12-31
📅 Parsed DOB: 1999-12-31
📥 Received DOB: 31-12-1999
📅 Normalized DOB: 31-12-1999
✅ Date selected: 31-12-1999
2025-08-19 13:06:03 [main] INFO  demoqaLog - Typed full subject: Biology
Typing subject: Biology
Dropdown Option: Biology
Selected: Biology
Selected hobby: reading
Uploaded photo: C:\ASN\eclipse_workspace\demoqa-automation//TestData/Ophoto.jpg
513 Grant 481, Prattsville
 Arkansas 72129
 United States
2025-08-19 13:06:03 [main] INFO  demoqaLog - Entering Address...
2025-08-19 13:06:04 [main] INFO  demoqaLog - Entered Address...
2025-08-19 13:06:04 [main] INFO  demoqaLog - Selecting State: Haryana
Available state option: NCR
Available state option: Uttar Pradesh
Available state option: Haryana
2025-08-19 13:06:04 [main] INFO  demoqaLog - Selected State: Haryana
2025-08-19 13:06:04 [main] INFO  demoqaLog - Selecting City: Panipat
Available city: Karnal
Available city: Panipat
2025-08-19 13:06:04 [main] INFO  demoqaLog - Selected City: Panipat
2025-08-19 13:06:04 [main] INFO  demoqaLog - Submitting Form...
2025-08-19 13:06:05 [main] INFO  demoqaLog - Form Submitted via normal click...
2025-08-19 13:06:05 [main] INFO  demoqaLog - Test Form Filling Completed for: Bud Wisem
]]></system-out>
  </testcase>
  <testcase name="fillForm[UserFormData{firstName=&apos;Tom&apos;, lastName=&apos;Boss&apos;, userMail=&apos;TBoss@demoqa.com&apos;, gender=&apos;Male&apos;, mobile=&apos;7.839875281E9&apos;, dob=&apos;26-01-2003&apos;, subject=&apos;Social Studies&apos;, hobbies=&apos;Sports,Reading&apos;, picturePath=&apos;/TestData/M2photo.jpg&apos;, address=&apos;514 Grant 481, Prattsville\n Arkansas 72129\n United States&apos;, state=&apos;Rajasthan&apos;, city=&apos;Jaiselmer&apos;}](4)" classname="tests.FormTests" time="7.686">
    <system-out><![CDATA[Path for Screenshot is: C:\ASN\eclipse_workspace\demoqa-automation/screenshots/fillForm Passed+2025-08-19_13-06-05.png
2025-08-19 13:06:05 [main] INFO  demoqaBase - Closing the Browser...
2025-08-19 13:06:05 [main] INFO  demoqaBase - Starting Web Browser...
2025-08-19 13:06:07 [main] INFO  demoqaBase - Navigating to demoqa.com Website
2025-08-19 13:06:13 [main] INFO  demoqaLog - Successfully navigated to: https://demoqa.com
2025-08-19 13:06:13 [main] INFO  demoqaLog - Starting Form Filling Test...
2025-08-19 13:06:15 [main] INFO  demoqaLog - Successfully navigated to: https://demoqa.com
2025-08-19 13:06:15 [main] INFO  demoqaLog - Accessing Form Card...
2025-08-19 13:06:17 [main] INFO  demoqaLog - Successfully navigated to: https://demoqa.com
2025-08-19 13:06:17 [main] INFO  demoqaLog - Clicking on Form Card...
2025-08-19 13:06:17 [main] INFO  demoqaLog - Clicked on Form Card...
2025-08-19 13:06:17 [main] INFO  demoqaLog - Clicking on Practice Form...
2025-08-19 13:06:17 [main] INFO  demoqaLog - Clicked on Practice Form...
2025-08-19 13:06:17 [main] INFO  demoqaLog - Filling form for: Tom Boss
2025-08-19 13:06:17 [main] INFO  demoqaLog - Entering First Name...
2025-08-19 13:06:17 [main] INFO  demoqaLog - Entered First Name: Tom
Selected gender: Male
📅 Parsed DOB: 2003-01-26
📅 Parsed DOB: 2003-01-26
📥 Received DOB: 26-01-2003
📅 Normalized DOB: 26-01-2003
✅ Date selected: 26-01-2003
2025-08-19 13:06:19 [main] INFO  demoqaLog - Typed full subject: Social Studies
Typing subject: Social Studies
Dropdown Option: Social Studies
Selected: Social Studies
Selected hobby: sports
Selected hobby: reading
Uploaded photo: C:\ASN\eclipse_workspace\demoqa-automation//TestData/M2photo.jpg
514 Grant 481, Prattsville
 Arkansas 72129
 United States
2025-08-19 13:06:20 [main] INFO  demoqaLog - Entering Address...
2025-08-19 13:06:20 [main] INFO  demoqaLog - Entered Address...
2025-08-19 13:06:20 [main] INFO  demoqaLog - Selecting State: Rajasthan
Available state option: NCR
Available state option: Uttar Pradesh
Available state option: Haryana
Available state option: Rajasthan
2025-08-19 13:06:20 [main] INFO  demoqaLog - Selected State: Rajasthan
2025-08-19 13:06:20 [main] INFO  demoqaLog - Selecting City: Jaiselmer
Available city: Jaipur
Available city: Jaiselmer
2025-08-19 13:06:20 [main] INFO  demoqaLog - Selected City: Jaiselmer
2025-08-19 13:06:20 [main] INFO  demoqaLog - Submitting Form...
2025-08-19 13:06:21 [main] INFO  demoqaLog - Form Submitted via normal click...
2025-08-19 13:06:21 [main] INFO  demoqaLog - Test Form Filling Completed for: Tom Boss
]]></system-out>
  </testcase>
</testsuite>