<?xml version="1.0" encoding="UTF-8"?>
<testng-results ignored="0" total="76" passed="69" failed="7" skipped="0">
  <reporter-output>
  </reporter-output>
  <suite started-at="2025-08-23T11:49:53 IST" name="Surefire suite" finished-at="2025-08-23T12:06:30 IST" duration-ms="996875">
    <groups>
    </groups>
    <test started-at="2025-08-23T11:49:53 IST" name="Surefire test" finished-at="2025-08-23T12:06:30 IST" duration-ms="996875">
      <class name="tests.FormTests">
        <test-method is-config="true" signature="setUP()[pri:0, instance:tests.FormTests@413f69cc]" started-at="2025-08-23T12:05:12 IST" name="setUP" finished-at="2025-08-23T12:05:19 IST" duration-ms="6605" status="PASS">
          <reporter-output>
          </reporter-output>
        </test-method> <!-- setUP -->
        <test-method signature="FormsCard()[pri:1, instance:tests.FormTests@413f69cc]" started-at="2025-08-23T12:05:19 IST" name="FormsCard" finished-at="2025-08-23T12:05:20 IST" duration-ms="1218" status="PASS">
          <reporter-output>
          </reporter-output>
        </test-method> <!-- FormsCard -->
        <test-method is-config="true" signature="TearDown(org.testng.ITestResult)[pri:0, instance:tests.FormTests@413f69cc]" started-at="2025-08-23T12:05:20 IST" name="TearDown" finished-at="2025-08-23T12:05:20 IST" duration-ms="425" status="PASS">
          <params>
            <param index="0">
              <value>
                <![CDATA[[TestResult name=FormsCard status=SUCCESS method=FormTests.FormsCard()[pri:1, instance:tests.FormTests@413f69cc] output={null}]]]>
              </value>
            </param>
          </params>
          <reporter-output>
          </reporter-output>
        </test-method> <!-- TearDown -->
        <test-method is-config="true" signature="setUP()[pri:0, instance:tests.FormTests@413f69cc]" started-at="2025-08-23T12:05:20 IST" name="setUP" finished-at="2025-08-23T12:05:27 IST" duration-ms="6482" status="PASS">
          <reporter-output>
          </reporter-output>
        </test-method> <!-- setUP -->
        <test-method signature="FormButton()[pri:2, instance:tests.FormTests@413f69cc]" started-at="2025-08-23T12:05:27 IST" name="FormButton" finished-at="2025-08-23T12:05:27 IST" duration-ms="542" status="PASS">
          <reporter-output>
          </reporter-output>
        </test-method> <!-- FormButton -->
        <test-method is-config="true" signature="TearDown(org.testng.ITestResult)[pri:0, instance:tests.FormTests@413f69cc]" started-at="2025-08-23T12:05:27 IST" name="TearDown" finished-at="2025-08-23T12:05:28 IST" duration-ms="350" status="PASS">
          <params>
            <param index="0">
              <value>
                <![CDATA[[TestResult name=FormButton status=SUCCESS method=FormTests.FormButton()[pri:2, instance:tests.FormTests@413f69cc] output={null}]]]>
              </value>
            </param>
          </params>
          <reporter-output>
          </reporter-output>
        </test-method> <!-- TearDown -->
        <test-method is-config="true" signature="setUP()[pri:0, instance:tests.FormTests@413f69cc]" started-at="2025-08-23T12:05:28 IST" name="setUP" finished-at="2025-08-23T12:05:34 IST" duration-ms="6444" status="PASS">
          <reporter-output>
          </reporter-output>
        </test-method> <!-- setUP -->
        <test-method signature="fillForm(models.UserFormData)[pri:3, instance:tests.FormTests@413f69cc]" started-at="2025-08-23T12:05:34 IST" name="fillForm" data-provider="UserFormData" finished-at="2025-08-23T12:05:42 IST" duration-ms="7886" status="PASS">
          <params>
            <param index="0">
              <value>
                <![CDATA[UserFormData{firstName='Johny', lastName='Bravo', userMail='Jbravo@demoqa.com', gender='Male', mobile='9.238343488E9', dob='15-08-2000', subject='Computer Science', hobbies='Sports,Music', picturePath='/TestData/Mphoto.jpg', address='511 Grant 481, Prattsville\n Arkansas 72129\n United States', state='NCR', city='Delhi'}]]>
              </value>
            </param>
          </params>
          <reporter-output>
          </reporter-output>
        </test-method> <!-- fillForm -->
        <test-method is-config="true" signature="TearDown(org.testng.ITestResult)[pri:0, instance:tests.FormTests@413f69cc]" started-at="2025-08-23T12:05:42 IST" name="TearDown" finished-at="2025-08-23T12:05:43 IST" duration-ms="827" status="PASS">
          <params>
            <param index="0">
              <value>
                <![CDATA[[TestResult name=fillForm status=SUCCESS method=FormTests.fillForm(models.UserFormData)[pri:3, instance:tests.FormTests@413f69cc] output={null}]]]>
              </value>
            </param>
          </params>
          <reporter-output>
          </reporter-output>
        </test-method> <!-- TearDown -->
        <test-method is-config="true" signature="setUP()[pri:0, instance:tests.FormTests@413f69cc]" started-at="2025-08-23T12:05:43 IST" name="setUP" finished-at="2025-08-23T12:05:50 IST" duration-ms="6959" status="PASS">
          <reporter-output>
          </reporter-output>
        </test-method> <!-- setUP -->
        <test-method signature="fillForm(models.UserFormData)[pri:3, instance:tests.FormTests@413f69cc]" started-at="2025-08-23T12:05:50 IST" name="fillForm" data-provider="UserFormData" finished-at="2025-08-23T12:05:58 IST" duration-ms="8092" status="PASS">
          <params>
            <param index="0">
              <value>
                <![CDATA[UserFormData{firstName='Gene', lastName='Femina', userMail='GFemina@demoqa.com', gender='Female', mobile='1.888343432E9', dob='22-05-2002', subject='Accounting', hobbies='Music,Reading', picturePath='/TestData/Fphoto.png', address='512 Grant 481, Prattsville\n Arkansas 72129\n United States', state='Uttar Pradesh', city='Merrut'}]]>
              </value>
            </param>
          </params>
          <reporter-output>
          </reporter-output>
        </test-method> <!-- fillForm -->
        <test-method is-config="true" signature="TearDown(org.testng.ITestResult)[pri:0, instance:tests.FormTests@413f69cc]" started-at="2025-08-23T12:05:58 IST" name="TearDown" finished-at="2025-08-23T12:05:59 IST" duration-ms="886" status="PASS">
          <params>
            <param index="0">
              <value>
                <![CDATA[[TestResult name=fillForm status=SUCCESS method=FormTests.fillForm(models.UserFormData)[pri:3, instance:tests.FormTests@413f69cc] output={null}]]]>
              </value>
            </param>
          </params>
          <reporter-output>
          </reporter-output>
        </test-method> <!-- TearDown -->
        <test-method is-config="true" signature="setUP()[pri:0, instance:tests.FormTests@413f69cc]" started-at="2025-08-23T12:05:59 IST" name="setUP" finished-at="2025-08-23T12:06:05 IST" duration-ms="6710" status="PASS">
          <reporter-output>
          </reporter-output>
        </test-method> <!-- setUP -->
        <test-method signature="fillForm(models.UserFormData)[pri:3, instance:tests.FormTests@413f69cc]" started-at="2025-08-23T12:06:05 IST" name="fillForm" data-provider="UserFormData" finished-at="2025-08-23T12:06:13 IST" duration-ms="7294" status="PASS">
          <params>
            <param index="0">
              <value>
                <![CDATA[UserFormData{firstName='Bud', lastName='Wisem', userMail='BWisem@demoqa.com', gender='Other', mobile='8.932465432E9', dob='31-12-1999', subject='Biology', hobbies='Reading', picturePath='/TestData/Ophoto.jpg', address='513 Grant 481, Prattsville\n Arkansas 72129\n United States', state='Haryana', city='Panipat'}]]>
              </value>
            </param>
          </params>
          <reporter-output>
          </reporter-output>
        </test-method> <!-- fillForm -->
        <test-method is-config="true" signature="TearDown(org.testng.ITestResult)[pri:0, instance:tests.FormTests@413f69cc]" started-at="2025-08-23T12:06:13 IST" name="TearDown" finished-at="2025-08-23T12:06:13 IST" duration-ms="836" status="PASS">
          <params>
            <param index="0">
              <value>
                <![CDATA[[TestResult name=fillForm status=SUCCESS method=FormTests.fillForm(models.UserFormData)[pri:3, instance:tests.FormTests@413f69cc] output={null}]]]>
              </value>
            </param>
          </params>
          <reporter-output>
          </reporter-output>
        </test-method> <!-- TearDown -->
        <test-method is-config="true" signature="setUP()[pri:0, instance:tests.FormTests@413f69cc]" started-at="2025-08-23T12:06:13 IST" name="setUP" finished-at="2025-08-23T12:06:20 IST" duration-ms="6627" status="PASS">
          <reporter-output>
          </reporter-output>
        </test-method> <!-- setUP -->
        <test-method signature="fillForm(models.UserFormData)[pri:3, instance:tests.FormTests@413f69cc]" started-at="2025-08-23T12:06:20 IST" name="fillForm" data-provider="UserFormData" finished-at="2025-08-23T12:06:29 IST" duration-ms="8718" status="PASS">
          <params>
            <param index="0">
              <value>
                <![CDATA[UserFormData{firstName='Tom', lastName='Boss', userMail='TBoss@demoqa.com', gender='Male', mobile='7.839875281E9', dob='26-01-2003', subject='Social Studies', hobbies='Sports,Reading', picturePath='/TestData/M2photo.jpg', address='514 Grant 481, Prattsville\n Arkansas 72129\n United States', state='Rajasthan', city='Jaiselmer'}]]>
              </value>
            </param>
          </params>
          <reporter-output>
          </reporter-output>
        </test-method> <!-- fillForm -->
        <test-method is-config="true" signature="TearDown(org.testng.ITestResult)[pri:0, instance:tests.FormTests@413f69cc]" started-at="2025-08-23T12:06:29 IST" name="TearDown" finished-at="2025-08-23T12:06:30 IST" duration-ms="963" status="PASS">
          <params>
            <param index="0">
              <value>
                <![CDATA[[TestResult name=fillForm status=SUCCESS method=FormTests.fillForm(models.UserFormData)[pri:3, instance:tests.FormTests@413f69cc] output={null}]]]>
              </value>
            </param>
          </params>
          <reporter-output>
          </reporter-output>
        </test-method> <!-- TearDown -->
      </class> <!-- tests.FormTests -->
      <class name="tests.ElementsTests">
        <test-method is-config="true" signature="setUP()[pri:0, instance:tests.ElementsTests@7e5c856f]" started-at="2025-08-23T11:51:35 IST" name="setUP" finished-at="2025-08-23T11:51:41 IST" duration-ms="6141" status="PASS">
          <reporter-output>
          </reporter-output>
        </test-method> <!-- setUP -->
        <test-method signature="ElementsCard()[pri:1, instance:tests.ElementsTests@7e5c856f]" started-at="2025-08-23T11:51:41 IST" name="ElementsCard" finished-at="2025-08-23T11:51:42 IST" duration-ms="1082" status="PASS">
          <reporter-output>
          </reporter-output>
        </test-method> <!-- ElementsCard -->
        <test-method is-config="true" signature="TearDown(org.testng.ITestResult)[pri:0, instance:tests.ElementsTests@7e5c856f]" started-at="2025-08-23T11:51:42 IST" name="TearDown" finished-at="2025-08-23T11:51:42 IST" duration-ms="373" status="PASS">
          <params>
            <param index="0">
              <value>
                <![CDATA[[TestResult name=ElementsCard status=SUCCESS method=ElementsTests.ElementsCard()[pri:1, instance:tests.ElementsTests@7e5c856f] output={null}]]]>
              </value>
            </param>
          </params>
          <reporter-output>
          </reporter-output>
        </test-method> <!-- TearDown -->
        <test-method is-config="true" signature="setUP()[pri:0, instance:tests.ElementsTests@7e5c856f]" started-at="2025-08-23T11:51:42 IST" name="setUP" finished-at="2025-08-23T11:51:49 IST" duration-ms="6887" status="PASS">
          <reporter-output>
          </reporter-output>
        </test-method> <!-- setUP -->
        <test-method signature="TextBox()[pri:2, instance:tests.ElementsTests@7e5c856f]" started-at="2025-08-23T11:51:49 IST" name="TextBox" finished-at="2025-08-23T11:51:52 IST" duration-ms="2833" status="PASS">
          <reporter-output>
          </reporter-output>
        </test-method> <!-- TextBox -->
        <test-method is-config="true" signature="TearDown(org.testng.ITestResult)[pri:0, instance:tests.ElementsTests@7e5c856f]" started-at="2025-08-23T11:51:52 IST" name="TearDown" finished-at="2025-08-23T11:51:53 IST" duration-ms="776" status="PASS">
          <params>
            <param index="0">
              <value>
                <![CDATA[[TestResult name=TextBox status=SUCCESS method=ElementsTests.TextBox()[pri:2, instance:tests.ElementsTests@7e5c856f] output={null}]]]>
              </value>
            </param>
          </params>
          <reporter-output>
          </reporter-output>
        </test-method> <!-- TearDown -->
        <test-method is-config="true" signature="setUP()[pri:0, instance:tests.ElementsTests@7e5c856f]" started-at="2025-08-23T11:51:53 IST" name="setUP" finished-at="2025-08-23T11:52:03 IST" duration-ms="10435" status="PASS">
          <reporter-output>
          </reporter-output>
        </test-method> <!-- setUP -->
        <test-method signature="CheckBox()[pri:3, instance:tests.ElementsTests@7e5c856f]" started-at="2025-08-23T11:52:03 IST" name="CheckBox" finished-at="2025-08-23T11:52:05 IST" duration-ms="1461" status="PASS">
          <reporter-output>
          </reporter-output>
        </test-method> <!-- CheckBox -->
        <test-method is-config="true" signature="TearDown(org.testng.ITestResult)[pri:0, instance:tests.ElementsTests@7e5c856f]" started-at="2025-08-23T11:52:05 IST" name="TearDown" finished-at="2025-08-23T11:52:05 IST" duration-ms="373" status="PASS">
          <params>
            <param index="0">
              <value>
                <![CDATA[[TestResult name=CheckBox status=SUCCESS method=ElementsTests.CheckBox()[pri:3, instance:tests.ElementsTests@7e5c856f] output={null}]]]>
              </value>
            </param>
          </params>
          <reporter-output>
          </reporter-output>
        </test-method> <!-- TearDown -->
        <test-method is-config="true" signature="setUP()[pri:0, instance:tests.ElementsTests@7e5c856f]" started-at="2025-08-23T11:52:05 IST" name="setUP" finished-at="2025-08-23T11:52:12 IST" duration-ms="6880" status="PASS">
          <reporter-output>
          </reporter-output>
        </test-method> <!-- setUP -->
        <test-method signature="SelectingHomeCheckBox()[pri:4, instance:tests.ElementsTests@7e5c856f]" started-at="2025-08-23T11:52:12 IST" name="SelectingHomeCheckBox" finished-at="2025-08-23T11:52:14 IST" duration-ms="1480" status="PASS">
          <reporter-output>
          </reporter-output>
        </test-method> <!-- SelectingHomeCheckBox -->
        <test-method is-config="true" signature="TearDown(org.testng.ITestResult)[pri:0, instance:tests.ElementsTests@7e5c856f]" started-at="2025-08-23T11:52:14 IST" name="TearDown" finished-at="2025-08-23T11:52:14 IST" duration-ms="369" status="PASS">
          <params>
            <param index="0">
              <value>
                <![CDATA[[TestResult name=SelectingHomeCheckBox status=SUCCESS method=ElementsTests.SelectingHomeCheckBox()[pri:4, instance:tests.ElementsTests@7e5c856f] output={null}]]]>
              </value>
            </param>
          </params>
          <reporter-output>
          </reporter-output>
        </test-method> <!-- TearDown -->
        <test-method is-config="true" signature="setUP()[pri:0, instance:tests.ElementsTests@7e5c856f]" started-at="2025-08-23T11:52:14 IST" name="setUP" finished-at="2025-08-23T11:52:21 IST" duration-ms="7132" status="PASS">
          <reporter-output>
          </reporter-output>
        </test-method> <!-- setUP -->
        <test-method signature="SelectingDesktopCheckBox()[pri:5, instance:tests.ElementsTests@7e5c856f]" started-at="2025-08-23T11:52:21 IST" name="SelectingDesktopCheckBox" finished-at="2025-08-23T11:52:23 IST" duration-ms="1650" status="PASS">
          <reporter-output>
          </reporter-output>
        </test-method> <!-- SelectingDesktopCheckBox -->
        <test-method is-config="true" signature="TearDown(org.testng.ITestResult)[pri:0, instance:tests.ElementsTests@7e5c856f]" started-at="2025-08-23T11:52:23 IST" name="TearDown" finished-at="2025-08-23T11:52:23 IST" duration-ms="408" status="PASS">
          <params>
            <param index="0">
              <value>
                <![CDATA[[TestResult name=SelectingDesktopCheckBox status=SUCCESS method=ElementsTests.SelectingDesktopCheckBox()[pri:5, instance:tests.ElementsTests@7e5c856f] output={null}]]]>
              </value>
            </param>
          </params>
          <reporter-output>
          </reporter-output>
        </test-method> <!-- TearDown -->
        <test-method is-config="true" signature="setUP()[pri:0, instance:tests.ElementsTests@7e5c856f]" started-at="2025-08-23T11:52:23 IST" name="setUP" finished-at="2025-08-23T11:52:29 IST" duration-ms="6283" status="PASS">
          <reporter-output>
          </reporter-output>
        </test-method> <!-- setUP -->
        <test-method signature="SelectingNotesCommandsClick()[pri:6, instance:tests.ElementsTests@7e5c856f]" started-at="2025-08-23T11:52:29 IST" name="SelectingNotesCommandsClick" finished-at="2025-08-23T11:52:32 IST" duration-ms="2208" status="PASS">
          <reporter-output>
          </reporter-output>
        </test-method> <!-- SelectingNotesCommandsClick -->
        <test-method is-config="true" signature="TearDown(org.testng.ITestResult)[pri:0, instance:tests.ElementsTests@7e5c856f]" started-at="2025-08-23T11:52:32 IST" name="TearDown" finished-at="2025-08-23T11:52:32 IST" duration-ms="457" status="PASS">
          <params>
            <param index="0">
              <value>
                <![CDATA[[TestResult name=SelectingNotesCommandsClick status=SUCCESS method=ElementsTests.SelectingNotesCommandsClick()[pri:6, instance:tests.ElementsTests@7e5c856f] output={null}]]]>
              </value>
            </param>
          </params>
          <reporter-output>
          </reporter-output>
        </test-method> <!-- TearDown -->
        <test-method is-config="true" signature="setUP()[pri:0, instance:tests.ElementsTests@7e5c856f]" started-at="2025-08-23T11:52:32 IST" name="setUP" finished-at="2025-08-23T11:52:38 IST" duration-ms="6059" status="PASS">
          <reporter-output>
          </reporter-output>
        </test-method> <!-- setUP -->
        <test-method signature="SelectingDocumentsCheckBox()[pri:7, instance:tests.ElementsTests@7e5c856f]" started-at="2025-08-23T11:52:38 IST" name="SelectingDocumentsCheckBox" finished-at="2025-08-23T11:52:40 IST" duration-ms="1525" status="PASS">
          <reporter-output>
          </reporter-output>
        </test-method> <!-- SelectingDocumentsCheckBox -->
        <test-method is-config="true" signature="TearDown(org.testng.ITestResult)[pri:0, instance:tests.ElementsTests@7e5c856f]" started-at="2025-08-23T11:52:40 IST" name="TearDown" finished-at="2025-08-23T11:52:40 IST" duration-ms="397" status="PASS">
          <params>
            <param index="0">
              <value>
                <![CDATA[[TestResult name=SelectingDocumentsCheckBox status=SUCCESS method=ElementsTests.SelectingDocumentsCheckBox()[pri:7, instance:tests.ElementsTests@7e5c856f] output={null}]]]>
              </value>
            </param>
          </params>
          <reporter-output>
          </reporter-output>
        </test-method> <!-- TearDown -->
        <test-method is-config="true" signature="setUP()[pri:0, instance:tests.ElementsTests@7e5c856f]" started-at="2025-08-23T11:52:40 IST" name="setUP" finished-at="2025-08-23T11:53:04 IST" duration-ms="23522" status="PASS">
          <reporter-output>
          </reporter-output>
        </test-method> <!-- setUP -->
        <test-method signature="SelectingWorkSpace()[pri:8, instance:tests.ElementsTests@7e5c856f]" started-at="2025-08-23T11:53:04 IST" name="SelectingWorkSpace" finished-at="2025-08-23T11:53:05 IST" duration-ms="1761" status="PASS">
          <reporter-output>
          </reporter-output>
        </test-method> <!-- SelectingWorkSpace -->
        <test-method is-config="true" signature="TearDown(org.testng.ITestResult)[pri:0, instance:tests.ElementsTests@7e5c856f]" started-at="2025-08-23T11:53:05 IST" name="TearDown" finished-at="2025-08-23T11:53:06 IST" duration-ms="419" status="PASS">
          <params>
            <param index="0">
              <value>
                <![CDATA[[TestResult name=SelectingWorkSpace status=SUCCESS method=ElementsTests.SelectingWorkSpace()[pri:8, instance:tests.ElementsTests@7e5c856f] output={null}]]]>
              </value>
            </param>
          </params>
          <reporter-output>
          </reporter-output>
        </test-method> <!-- TearDown -->
        <test-method is-config="true" signature="setUP()[pri:0, instance:tests.ElementsTests@7e5c856f]" started-at="2025-08-23T11:53:06 IST" name="setUP" finished-at="2025-08-23T11:53:19 IST" duration-ms="13511" status="PASS">
          <reporter-output>
          </reporter-output>
        </test-method> <!-- setUP -->
        <test-method signature="SelectReact()[pri:9, instance:tests.ElementsTests@7e5c856f]" started-at="2025-08-23T11:53:19 IST" name="SelectReact" finished-at="2025-08-23T11:53:21 IST" duration-ms="2028" status="PASS">
          <reporter-output>
          </reporter-output>
        </test-method> <!-- SelectReact -->
        <test-method is-config="true" signature="TearDown(org.testng.ITestResult)[pri:0, instance:tests.ElementsTests@7e5c856f]" started-at="2025-08-23T11:53:21 IST" name="TearDown" finished-at="2025-08-23T11:53:22 IST" duration-ms="444" status="PASS">
          <params>
            <param index="0">
              <value>
                <![CDATA[[TestResult name=SelectReact status=SUCCESS method=ElementsTests.SelectReact()[pri:9, instance:tests.ElementsTests@7e5c856f] output={null}]]]>
              </value>
            </param>
          </params>
          <reporter-output>
          </reporter-output>
        </test-method> <!-- TearDown -->
        <test-method is-config="true" signature="setUP()[pri:0, instance:tests.ElementsTests@7e5c856f]" started-at="2025-08-23T11:53:22 IST" name="setUP" finished-at="2025-08-23T11:53:28 IST" duration-ms="6349" status="PASS">
          <reporter-output>
          </reporter-output>
        </test-method> <!-- setUP -->
        <test-method signature="SelectAngular()[pri:10, instance:tests.ElementsTests@7e5c856f]" started-at="2025-08-23T11:53:28 IST" name="SelectAngular" finished-at="2025-08-23T11:53:31 IST" duration-ms="2592" status="PASS">
          <reporter-output>
          </reporter-output>
        </test-method> <!-- SelectAngular -->
        <test-method is-config="true" signature="TearDown(org.testng.ITestResult)[pri:0, instance:tests.ElementsTests@7e5c856f]" started-at="2025-08-23T11:53:31 IST" name="TearDown" finished-at="2025-08-23T11:53:31 IST" duration-ms="445" status="PASS">
          <params>
            <param index="0">
              <value>
                <![CDATA[[TestResult name=SelectAngular status=SUCCESS method=ElementsTests.SelectAngular()[pri:10, instance:tests.ElementsTests@7e5c856f] output={null}]]]>
              </value>
            </param>
          </params>
          <reporter-output>
          </reporter-output>
        </test-method> <!-- TearDown -->
        <test-method is-config="true" signature="setUP()[pri:0, instance:tests.ElementsTests@7e5c856f]" started-at="2025-08-23T11:53:31 IST" name="setUP" finished-at="2025-08-23T11:53:38 IST" duration-ms="7269" status="PASS">
          <reporter-output>
          </reporter-output>
        </test-method> <!-- setUP -->
        <test-method signature="SelectVeu()[pri:11, instance:tests.ElementsTests@7e5c856f]" started-at="2025-08-23T11:53:38 IST" name="SelectVeu" finished-at="2025-08-23T11:53:40 IST" duration-ms="1993" status="PASS">
          <reporter-output>
          </reporter-output>
        </test-method> <!-- SelectVeu -->
        <test-method is-config="true" signature="TearDown(org.testng.ITestResult)[pri:0, instance:tests.ElementsTests@7e5c856f]" started-at="2025-08-23T11:53:40 IST" name="TearDown" finished-at="2025-08-23T11:53:41 IST" duration-ms="455" status="PASS">
          <params>
            <param index="0">
              <value>
                <![CDATA[[TestResult name=SelectVeu status=SUCCESS method=ElementsTests.SelectVeu()[pri:11, instance:tests.ElementsTests@7e5c856f] output={null}]]]>
              </value>
            </param>
          </params>
          <reporter-output>
          </reporter-output>
        </test-method> <!-- TearDown -->
        <test-method is-config="true" signature="setUP()[pri:0, instance:tests.ElementsTests@7e5c856f]" started-at="2025-08-23T11:53:41 IST" name="setUP" finished-at="2025-08-23T11:53:47 IST" duration-ms="6285" status="PASS">
          <reporter-output>
          </reporter-output>
        </test-method> <!-- setUP -->
        <test-method signature="SelectReactAnuglarVeu()[pri:12, instance:tests.ElementsTests@7e5c856f]" started-at="2025-08-23T11:53:47 IST" name="SelectReactAnuglarVeu" finished-at="2025-08-23T11:53:49 IST" duration-ms="2094" status="PASS">
          <reporter-output>
          </reporter-output>
        </test-method> <!-- SelectReactAnuglarVeu -->
        <test-method is-config="true" signature="TearDown(org.testng.ITestResult)[pri:0, instance:tests.ElementsTests@7e5c856f]" started-at="2025-08-23T11:53:49 IST" name="TearDown" finished-at="2025-08-23T11:53:50 IST" duration-ms="463" status="PASS">
          <params>
            <param index="0">
              <value>
                <![CDATA[[TestResult name=SelectReactAnuglarVeu status=SUCCESS method=ElementsTests.SelectReactAnuglarVeu()[pri:12, instance:tests.ElementsTests@7e5c856f] output={null}]]]>
              </value>
            </param>
          </params>
          <reporter-output>
          </reporter-output>
        </test-method> <!-- TearDown -->
        <test-method is-config="true" signature="setUP()[pri:0, instance:tests.ElementsTests@7e5c856f]" started-at="2025-08-23T11:53:50 IST" name="setUP" finished-at="2025-08-23T11:53:56 IST" duration-ms="5975" status="PASS">
          <reporter-output>
          </reporter-output>
        </test-method> <!-- setUP -->
        <test-method signature="SelectingOffice()[pri:13, instance:tests.ElementsTests@7e5c856f]" started-at="2025-08-23T11:53:56 IST" name="SelectingOffice" finished-at="2025-08-23T11:53:57 IST" duration-ms="1684" status="PASS">
          <reporter-output>
          </reporter-output>
        </test-method> <!-- SelectingOffice -->
        <test-method is-config="true" signature="TearDown(org.testng.ITestResult)[pri:0, instance:tests.ElementsTests@7e5c856f]" started-at="2025-08-23T11:53:57 IST" name="TearDown" finished-at="2025-08-23T11:53:58 IST" duration-ms="386" status="PASS">
          <params>
            <param index="0">
              <value>
                <![CDATA[[TestResult name=SelectingOffice status=SUCCESS method=ElementsTests.SelectingOffice()[pri:13, instance:tests.ElementsTests@7e5c856f] output={null}]]]>
              </value>
            </param>
          </params>
          <reporter-output>
          </reporter-output>
        </test-method> <!-- TearDown -->
        <test-method is-config="true" signature="setUP()[pri:0, instance:tests.ElementsTests@7e5c856f]" started-at="2025-08-23T11:53:58 IST" name="setUP" finished-at="2025-08-23T11:54:05 IST" duration-ms="6882" status="PASS">
          <reporter-output>
          </reporter-output>
        </test-method> <!-- setUP -->
        <test-method signature="SelectPublic()[pri:14, instance:tests.ElementsTests@7e5c856f]" started-at="2025-08-23T11:54:05 IST" name="SelectPublic" finished-at="2025-08-23T11:54:07 IST" duration-ms="2307" status="PASS">
          <reporter-output>
          </reporter-output>
        </test-method> <!-- SelectPublic -->
        <test-method is-config="true" signature="TearDown(org.testng.ITestResult)[pri:0, instance:tests.ElementsTests@7e5c856f]" started-at="2025-08-23T11:54:07 IST" name="TearDown" finished-at="2025-08-23T11:54:07 IST" duration-ms="433" status="PASS">
          <params>
            <param index="0">
              <value>
                <![CDATA[[TestResult name=SelectPublic status=SUCCESS method=ElementsTests.SelectPublic()[pri:14, instance:tests.ElementsTests@7e5c856f] output={null}]]]>
              </value>
            </param>
          </params>
          <reporter-output>
          </reporter-output>
        </test-method> <!-- TearDown -->
        <test-method is-config="true" signature="setUP()[pri:0, instance:tests.ElementsTests@7e5c856f]" started-at="2025-08-23T11:54:07 IST" name="setUP" finished-at="2025-08-23T11:54:14 IST" duration-ms="6447" status="PASS">
          <reporter-output>
          </reporter-output>
        </test-method> <!-- setUP -->
        <test-method signature="SelectPrivate()[pri:15, instance:tests.ElementsTests@7e5c856f]" started-at="2025-08-23T11:54:14 IST" name="SelectPrivate" finished-at="2025-08-23T11:54:16 IST" duration-ms="1933" status="PASS">
          <reporter-output>
          </reporter-output>
        </test-method> <!-- SelectPrivate -->
        <test-method is-config="true" signature="TearDown(org.testng.ITestResult)[pri:0, instance:tests.ElementsTests@7e5c856f]" started-at="2025-08-23T11:54:16 IST" name="TearDown" finished-at="2025-08-23T11:54:16 IST" duration-ms="399" status="PASS">
          <params>
            <param index="0">
              <value>
                <![CDATA[[TestResult name=SelectPrivate status=SUCCESS method=ElementsTests.SelectPrivate()[pri:15, instance:tests.ElementsTests@7e5c856f] output={null}]]]>
              </value>
            </param>
          </params>
          <reporter-output>
          </reporter-output>
        </test-method> <!-- TearDown -->
        <test-method is-config="true" signature="setUP()[pri:0, instance:tests.ElementsTests@7e5c856f]" started-at="2025-08-23T11:54:16 IST" name="setUP" finished-at="2025-08-23T11:54:23 IST" duration-ms="7147" status="PASS">
          <reporter-output>
          </reporter-output>
        </test-method> <!-- setUP -->
        <test-method signature="SelectClassified()[pri:16, instance:tests.ElementsTests@7e5c856f]" started-at="2025-08-23T11:54:23 IST" name="SelectClassified" finished-at="2025-08-23T11:54:25 IST" duration-ms="1833" status="PASS">
          <reporter-output>
          </reporter-output>
        </test-method> <!-- SelectClassified -->
        <test-method is-config="true" signature="TearDown(org.testng.ITestResult)[pri:0, instance:tests.ElementsTests@7e5c856f]" started-at="2025-08-23T11:54:25 IST" name="TearDown" finished-at="2025-08-23T11:54:26 IST" duration-ms="387" status="PASS">
          <params>
            <param index="0">
              <value>
                <![CDATA[[TestResult name=SelectClassified status=SUCCESS method=ElementsTests.SelectClassified()[pri:16, instance:tests.ElementsTests@7e5c856f] output={null}]]]>
              </value>
            </param>
          </params>
          <reporter-output>
          </reporter-output>
        </test-method> <!-- TearDown -->
        <test-method is-config="true" signature="setUP()[pri:0, instance:tests.ElementsTests@7e5c856f]" started-at="2025-08-23T11:54:26 IST" name="setUP" finished-at="2025-08-23T11:54:39 IST" duration-ms="13031" status="PASS">
          <reporter-output>
          </reporter-output>
        </test-method> <!-- setUP -->
        <test-method signature="SelectGeneral()[pri:17, instance:tests.ElementsTests@7e5c856f]" started-at="2025-08-23T11:54:39 IST" name="SelectGeneral" finished-at="2025-08-23T11:54:41 IST" duration-ms="2821" status="PASS">
          <reporter-output>
          </reporter-output>
        </test-method> <!-- SelectGeneral -->
        <test-method is-config="true" signature="TearDown(org.testng.ITestResult)[pri:0, instance:tests.ElementsTests@7e5c856f]" started-at="2025-08-23T11:54:41 IST" name="TearDown" finished-at="2025-08-23T11:54:42 IST" duration-ms="513" status="PASS">
          <params>
            <param index="0">
              <value>
                <![CDATA[[TestResult name=SelectGeneral status=SUCCESS method=ElementsTests.SelectGeneral()[pri:17, instance:tests.ElementsTests@7e5c856f] output={null}]]]>
              </value>
            </param>
          </params>
          <reporter-output>
          </reporter-output>
        </test-method> <!-- TearDown -->
        <test-method is-config="true" signature="setUP()[pri:0, instance:tests.ElementsTests@7e5c856f]" started-at="2025-08-23T11:54:42 IST" name="setUP" finished-at="2025-08-23T11:54:49 IST" duration-ms="6677" status="PASS">
          <reporter-output>
          </reporter-output>
        </test-method> <!-- setUP -->
        <test-method signature="SelectOfficeAll()[pri:18, instance:tests.ElementsTests@7e5c856f]" started-at="2025-08-23T11:54:49 IST" name="SelectOfficeAll" finished-at="2025-08-23T11:54:51 IST" duration-ms="2666" status="PASS">
          <reporter-output>
          </reporter-output>
        </test-method> <!-- SelectOfficeAll -->
        <test-method is-config="true" signature="TearDown(org.testng.ITestResult)[pri:0, instance:tests.ElementsTests@7e5c856f]" started-at="2025-08-23T11:54:51 IST" name="TearDown" finished-at="2025-08-23T11:54:52 IST" duration-ms="569" status="PASS">
          <params>
            <param index="0">
              <value>
                <![CDATA[[TestResult name=SelectOfficeAll status=SUCCESS method=ElementsTests.SelectOfficeAll()[pri:18, instance:tests.ElementsTests@7e5c856f] output={null}]]]>
              </value>
            </param>
          </params>
          <reporter-output>
          </reporter-output>
        </test-method> <!-- TearDown -->
        <test-method is-config="true" signature="setUP()[pri:0, instance:tests.ElementsTests@7e5c856f]" started-at="2025-08-23T11:54:52 IST" name="setUP" finished-at="2025-08-23T11:54:59 IST" duration-ms="6704" status="PASS">
          <reporter-output>
          </reporter-output>
        </test-method> <!-- setUP -->
        <test-method signature="SelectingDownloads()[pri:19, instance:tests.ElementsTests@7e5c856f]" started-at="2025-08-23T11:54:59 IST" name="SelectingDownloads" finished-at="2025-08-23T11:55:00 IST" duration-ms="1959" status="PASS">
          <reporter-output>
          </reporter-output>
        </test-method> <!-- SelectingDownloads -->
        <test-method is-config="true" signature="TearDown(org.testng.ITestResult)[pri:0, instance:tests.ElementsTests@7e5c856f]" started-at="2025-08-23T11:55:00 IST" name="TearDown" finished-at="2025-08-23T11:55:01 IST" duration-ms="433" status="PASS">
          <params>
            <param index="0">
              <value>
                <![CDATA[[TestResult name=SelectingDownloads status=SUCCESS method=ElementsTests.SelectingDownloads()[pri:19, instance:tests.ElementsTests@7e5c856f] output={null}]]]>
              </value>
            </param>
          </params>
          <reporter-output>
          </reporter-output>
        </test-method> <!-- TearDown -->
        <test-method is-config="true" signature="setUP()[pri:0, instance:tests.ElementsTests@7e5c856f]" started-at="2025-08-23T11:55:01 IST" name="setUP" finished-at="2025-08-23T11:55:08 IST" duration-ms="6667" status="PASS">
          <reporter-output>
          </reporter-output>
        </test-method> <!-- setUP -->
        <test-method signature="SelectingWordFile()[pri:20, instance:tests.ElementsTests@7e5c856f]" started-at="2025-08-23T11:55:08 IST" name="SelectingWordFile" finished-at="2025-08-23T11:55:10 IST" duration-ms="1955" status="PASS">
          <reporter-output>
          </reporter-output>
        </test-method> <!-- SelectingWordFile -->
        <test-method is-config="true" signature="TearDown(org.testng.ITestResult)[pri:0, instance:tests.ElementsTests@7e5c856f]" started-at="2025-08-23T11:55:10 IST" name="TearDown" finished-at="2025-08-23T11:55:10 IST" duration-ms="502" status="PASS">
          <params>
            <param index="0">
              <value>
                <![CDATA[[TestResult name=SelectingWordFile status=SUCCESS method=ElementsTests.SelectingWordFile()[pri:20, instance:tests.ElementsTests@7e5c856f] output={null}]]]>
              </value>
            </param>
          </params>
          <reporter-output>
          </reporter-output>
        </test-method> <!-- TearDown -->
        <test-method is-config="true" signature="setUP()[pri:0, instance:tests.ElementsTests@7e5c856f]" started-at="2025-08-23T11:55:10 IST" name="setUP" finished-at="2025-08-23T11:55:20 IST" duration-ms="10014" status="PASS">
          <reporter-output>
          </reporter-output>
        </test-method> <!-- setUP -->
        <test-method signature="SelectingExcelFile()[pri:21, instance:tests.ElementsTests@7e5c856f]" started-at="2025-08-23T11:55:20 IST" name="SelectingExcelFile" finished-at="2025-08-23T11:55:22 IST" duration-ms="2214" status="PASS">
          <reporter-output>
          </reporter-output>
        </test-method> <!-- SelectingExcelFile -->
        <test-method is-config="true" signature="TearDown(org.testng.ITestResult)[pri:0, instance:tests.ElementsTests@7e5c856f]" started-at="2025-08-23T11:55:22 IST" name="TearDown" finished-at="2025-08-23T11:55:23 IST" duration-ms="492" status="PASS">
          <params>
            <param index="0">
              <value>
                <![CDATA[[TestResult name=SelectingExcelFile status=SUCCESS method=ElementsTests.SelectingExcelFile()[pri:21, instance:tests.ElementsTests@7e5c856f] output={null}]]]>
              </value>
            </param>
          </params>
          <reporter-output>
          </reporter-output>
        </test-method> <!-- TearDown -->
        <test-method is-config="true" signature="setUP()[pri:0, instance:tests.ElementsTests@7e5c856f]" started-at="2025-08-23T11:55:23 IST" name="setUP" finished-at="2025-08-23T11:55:30 IST" duration-ms="7045" status="PASS">
          <reporter-output>
          </reporter-output>
        </test-method> <!-- setUP -->
        <test-method signature="SelectingAllFiles()[pri:22, instance:tests.ElementsTests@7e5c856f]" started-at="2025-08-23T11:55:30 IST" name="SelectingAllFiles" finished-at="2025-08-23T11:55:32 IST" duration-ms="2041" status="PASS">
          <reporter-output>
          </reporter-output>
        </test-method> <!-- SelectingAllFiles -->
        <test-method is-config="true" signature="TearDown(org.testng.ITestResult)[pri:0, instance:tests.ElementsTests@7e5c856f]" started-at="2025-08-23T11:55:32 IST" name="TearDown" finished-at="2025-08-23T11:55:32 IST" duration-ms="487" status="PASS">
          <params>
            <param index="0">
              <value>
                <![CDATA[[TestResult name=SelectingAllFiles status=SUCCESS method=ElementsTests.SelectingAllFiles()[pri:22, instance:tests.ElementsTests@7e5c856f] output={null}]]]>
              </value>
            </param>
          </params>
          <reporter-output>
          </reporter-output>
        </test-method> <!-- TearDown -->
        <test-method is-config="true" signature="setUP()[pri:0, instance:tests.ElementsTests@7e5c856f]" started-at="2025-08-23T11:55:32 IST" name="setUP" finished-at="2025-08-23T11:55:39 IST" duration-ms="7124" status="PASS">
          <reporter-output>
          </reporter-output>
        </test-method> <!-- setUP -->
        <test-method signature="clickRadioButton()[pri:23, instance:tests.ElementsTests@7e5c856f]" started-at="2025-08-23T11:55:39 IST" name="clickRadioButton" finished-at="2025-08-23T11:55:41 IST" duration-ms="1702" status="PASS">
          <reporter-output>
          </reporter-output>
        </test-method> <!-- clickRadioButton -->
        <test-method is-config="true" signature="TearDown(org.testng.ITestResult)[pri:0, instance:tests.ElementsTests@7e5c856f]" started-at="2025-08-23T11:55:41 IST" name="TearDown" finished-at="2025-08-23T11:55:42 IST" duration-ms="622" status="PASS">
          <params>
            <param index="0">
              <value>
                <![CDATA[[TestResult name=clickRadioButton status=SUCCESS method=ElementsTests.clickRadioButton()[pri:23, instance:tests.ElementsTests@7e5c856f] output={null}]]]>
              </value>
            </param>
          </params>
          <reporter-output>
          </reporter-output>
        </test-method> <!-- TearDown -->
        <test-method is-config="true" signature="setUP()[pri:0, instance:tests.ElementsTests@7e5c856f]" started-at="2025-08-23T11:55:42 IST" name="setUP" finished-at="2025-08-23T11:55:54 IST" duration-ms="12523" status="PASS">
          <reporter-output>
          </reporter-output>
        </test-method> <!-- setUP -->
        <test-method signature="SelectYesRadioButton()[pri:24, instance:tests.ElementsTests@7e5c856f]" started-at="2025-08-23T11:55:54 IST" name="SelectYesRadioButton" finished-at="2025-08-23T11:55:56 IST" duration-ms="1883" status="PASS">
          <reporter-output>
          </reporter-output>
        </test-method> <!-- SelectYesRadioButton -->
        <test-method is-config="true" signature="TearDown(org.testng.ITestResult)[pri:0, instance:tests.ElementsTests@7e5c856f]" started-at="2025-08-23T11:55:56 IST" name="TearDown" finished-at="2025-08-23T11:55:57 IST" duration-ms="486" status="PASS">
          <params>
            <param index="0">
              <value>
                <![CDATA[[TestResult name=SelectYesRadioButton status=SUCCESS method=ElementsTests.SelectYesRadioButton()[pri:24, instance:tests.ElementsTests@7e5c856f] output={null}]]]>
              </value>
            </param>
          </params>
          <reporter-output>
          </reporter-output>
        </test-method> <!-- TearDown -->
        <test-method is-config="true" signature="setUP()[pri:0, instance:tests.ElementsTests@7e5c856f]" started-at="2025-08-23T11:55:57 IST" name="setUP" finished-at="2025-08-23T11:56:10 IST" duration-ms="13625" status="PASS">
          <reporter-output>
          </reporter-output>
        </test-method> <!-- setUP -->
        <test-method signature="SelectImpressiveRadioButton()[pri:25, instance:tests.ElementsTests@7e5c856f]" started-at="2025-08-23T11:56:10 IST" name="SelectImpressiveRadioButton" finished-at="2025-08-23T11:56:12 IST" depends-on-methods="tests.ElementsTests.clickRadioButton" duration-ms="2084" status="PASS">
          <reporter-output>
          </reporter-output>
        </test-method> <!-- SelectImpressiveRadioButton -->
        <test-method is-config="true" signature="TearDown(org.testng.ITestResult)[pri:0, instance:tests.ElementsTests@7e5c856f]" started-at="2025-08-23T11:56:12 IST" name="TearDown" finished-at="2025-08-23T11:56:13 IST" duration-ms="542" status="PASS">
          <params>
            <param index="0">
              <value>
                <![CDATA[[TestResult name=SelectImpressiveRadioButton status=SUCCESS method=ElementsTests.SelectImpressiveRadioButton()[pri:25, instance:tests.ElementsTests@7e5c856f] output={null}]]]>
              </value>
            </param>
          </params>
          <reporter-output>
          </reporter-output>
        </test-method> <!-- TearDown -->
        <test-method is-config="true" signature="setUP()[pri:0, instance:tests.ElementsTests@7e5c856f]" started-at="2025-08-23T11:56:13 IST" name="setUP" finished-at="2025-08-23T11:56:20 IST" duration-ms="6726" status="PASS">
          <reporter-output>
          </reporter-output>
        </test-method> <!-- setUP -->
        <test-method signature="WebTablesClick()[pri:26, instance:tests.ElementsTests@7e5c856f]" started-at="2025-08-23T11:56:20 IST" name="WebTablesClick" finished-at="2025-08-23T11:56:21 IST" duration-ms="1669" status="PASS">
          <reporter-output>
          </reporter-output>
        </test-method> <!-- WebTablesClick -->
        <test-method is-config="true" signature="TearDown(org.testng.ITestResult)[pri:0, instance:tests.ElementsTests@7e5c856f]" started-at="2025-08-23T11:56:21 IST" name="TearDown" finished-at="2025-08-23T11:56:22 IST" duration-ms="507" status="PASS">
          <params>
            <param index="0">
              <value>
                <![CDATA[[TestResult name=WebTablesClick status=SUCCESS method=ElementsTests.WebTablesClick()[pri:26, instance:tests.ElementsTests@7e5c856f] output={null}]]]>
              </value>
            </param>
          </params>
          <reporter-output>
          </reporter-output>
        </test-method> <!-- TearDown -->
        <test-method is-config="true" signature="setUP()[pri:0, instance:tests.ElementsTests@7e5c856f]" started-at="2025-08-23T11:56:23 IST" name="setUP" finished-at="2025-08-23T11:56:30 IST" duration-ms="6800" status="PASS">
          <reporter-output>
          </reporter-output>
        </test-method> <!-- setUP -->
        <test-method signature="webTableNewRegistration(models.WebTableUser)[pri:27, instance:tests.ElementsTests@7e5c856f]" started-at="2025-08-23T11:56:30 IST" name="webTableNewRegistration" data-provider="WebTableUserData" finished-at="2025-08-23T11:56:35 IST" depends-on-methods="tests.ElementsTests.WebTablesClick" duration-ms="4674" status="PASS">
          <params>
            <param index="0">
              <value>
                <![CDATA[WebTableUser{firstName='Johny', lastName='Bravo', email='Jbravo@demoqa.com', salary=280000, age=340, department='Information Technology'}]]>
              </value>
            </param>
          </params>
          <reporter-output>
          </reporter-output>
        </test-method> <!-- webTableNewRegistration -->
        <test-method is-config="true" signature="TearDown(org.testng.ITestResult)[pri:0, instance:tests.ElementsTests@7e5c856f]" started-at="2025-08-23T11:56:35 IST" name="TearDown" finished-at="2025-08-23T11:56:35 IST" duration-ms="635" status="PASS">
          <params>
            <param index="0">
              <value>
                <![CDATA[[TestResult name=webTableNewRegistration status=SUCCESS method=ElementsTests.webTableNewRegistration(models.WebTableUser)[pri:27, instance:tests.ElementsTests@7e5c856f] output={null}]]]>
              </value>
            </param>
          </params>
          <reporter-output>
          </reporter-output>
        </test-method> <!-- TearDown -->
        <test-method is-config="true" signature="setUP()[pri:0, instance:tests.ElementsTests@7e5c856f]" started-at="2025-08-23T11:56:35 IST" name="setUP" finished-at="2025-08-23T11:56:42 IST" duration-ms="6731" status="PASS">
          <reporter-output>
          </reporter-output>
        </test-method> <!-- setUP -->
        <test-method signature="webTableNewRegistration(models.WebTableUser)[pri:27, instance:tests.ElementsTests@7e5c856f]" started-at="2025-08-23T11:56:42 IST" name="webTableNewRegistration" data-provider="WebTableUserData" finished-at="2025-08-23T11:56:46 IST" depends-on-methods="tests.ElementsTests.WebTablesClick" duration-ms="4511" status="PASS">
          <params>
            <param index="0">
              <value>
                <![CDATA[WebTableUser{firstName='Gene', lastName='Femina', email='GFemina@demoqa.com', salary=180000, age=300, department='Finance'}]]>
              </value>
            </param>
          </params>
          <reporter-output>
          </reporter-output>
        </test-method> <!-- webTableNewRegistration -->
        <test-method is-config="true" signature="TearDown(org.testng.ITestResult)[pri:0, instance:tests.ElementsTests@7e5c856f]" started-at="2025-08-23T11:56:46 IST" name="TearDown" finished-at="2025-08-23T11:56:47 IST" duration-ms="596" status="PASS">
          <params>
            <param index="0">
              <value>
                <![CDATA[[TestResult name=webTableNewRegistration status=SUCCESS method=ElementsTests.webTableNewRegistration(models.WebTableUser)[pri:27, instance:tests.ElementsTests@7e5c856f] output={null}]]]>
              </value>
            </param>
          </params>
          <reporter-output>
          </reporter-output>
        </test-method> <!-- TearDown -->
        <test-method is-config="true" signature="setUP()[pri:0, instance:tests.ElementsTests@7e5c856f]" started-at="2025-08-23T11:56:47 IST" name="setUP" finished-at="2025-08-23T11:56:54 IST" duration-ms="6614" status="PASS">
          <reporter-output>
          </reporter-output>
        </test-method> <!-- setUP -->
        <test-method signature="webTableNewRegistration(models.WebTableUser)[pri:27, instance:tests.ElementsTests@7e5c856f]" started-at="2025-08-23T11:56:54 IST" name="webTableNewRegistration" data-provider="WebTableUserData" finished-at="2025-08-23T11:56:59 IST" depends-on-methods="tests.ElementsTests.WebTablesClick" duration-ms="4850" status="PASS">
          <params>
            <param index="0">
              <value>
                <![CDATA[WebTableUser{firstName='Bud', lastName='Wisem', email='BWisem@demoqa.com', salary=150000, age=400, department='Medicine'}]]>
              </value>
            </param>
          </params>
          <reporter-output>
          </reporter-output>
        </test-method> <!-- webTableNewRegistration -->
        <test-method is-config="true" signature="TearDown(org.testng.ITestResult)[pri:0, instance:tests.ElementsTests@7e5c856f]" started-at="2025-08-23T11:56:59 IST" name="TearDown" finished-at="2025-08-23T11:56:59 IST" duration-ms="614" status="PASS">
          <params>
            <param index="0">
              <value>
                <![CDATA[[TestResult name=webTableNewRegistration status=SUCCESS method=ElementsTests.webTableNewRegistration(models.WebTableUser)[pri:27, instance:tests.ElementsTests@7e5c856f] output={null}]]]>
              </value>
            </param>
          </params>
          <reporter-output>
          </reporter-output>
        </test-method> <!-- TearDown -->
        <test-method is-config="true" signature="setUP()[pri:0, instance:tests.ElementsTests@7e5c856f]" started-at="2025-08-23T11:56:59 IST" name="setUP" finished-at="2025-08-23T11:57:06 IST" duration-ms="6662" status="PASS">
          <reporter-output>
          </reporter-output>
        </test-method> <!-- setUP -->
        <test-method signature="webTableNewRegistration(models.WebTableUser)[pri:27, instance:tests.ElementsTests@7e5c856f]" started-at="2025-08-23T11:57:06 IST" name="webTableNewRegistration" data-provider="WebTableUserData" finished-at="2025-08-23T11:57:11 IST" depends-on-methods="tests.ElementsTests.WebTablesClick" duration-ms="5003" status="PASS">
          <params>
            <param index="0">
              <value>
                <![CDATA[WebTableUser{firstName='Tom', lastName='Boss', email='TBoss@demoqa.com', salary=190000, age=420, department='Recreation'}]]>
              </value>
            </param>
          </params>
          <reporter-output>
          </reporter-output>
        </test-method> <!-- webTableNewRegistration -->
        <test-method is-config="true" signature="TearDown(org.testng.ITestResult)[pri:0, instance:tests.ElementsTests@7e5c856f]" started-at="2025-08-23T11:57:11 IST" name="TearDown" finished-at="2025-08-23T11:57:11 IST" duration-ms="536" status="PASS">
          <params>
            <param index="0">
              <value>
                <![CDATA[[TestResult name=webTableNewRegistration status=SUCCESS method=ElementsTests.webTableNewRegistration(models.WebTableUser)[pri:27, instance:tests.ElementsTests@7e5c856f] output={null}]]]>
              </value>
            </param>
          </params>
          <reporter-output>
          </reporter-output>
        </test-method> <!-- TearDown -->
        <test-method is-config="true" signature="setUP()[pri:0, instance:tests.ElementsTests@7e5c856f]" started-at="2025-08-23T11:57:11 IST" name="setUP" finished-at="2025-08-23T11:57:18 IST" duration-ms="6552" status="PASS">
          <reporter-output>
          </reporter-output>
        </test-method> <!-- setUP -->
        <test-method signature="webTableAddSearch(models.WebTableUser)[pri:28, instance:tests.ElementsTests@7e5c856f]" started-at="2025-08-23T11:57:18 IST" name="webTableAddSearch" data-provider="WTFormDataEdit" finished-at="2025-08-23T11:57:23 IST" depends-on-methods="tests.ElementsTests.WebTablesClick" duration-ms="5250" status="PASS">
          <params>
            <param index="0">
              <value>
                <![CDATA[WebTableUser{firstName='Johny', lastName='Bravo', email='Jbravo@demoqa.com', salary=280000, age=340, department='Information Technology'}]]>
              </value>
            </param>
          </params>
          <reporter-output>
          </reporter-output>
        </test-method> <!-- webTableAddSearch -->
        <test-method is-config="true" signature="TearDown(org.testng.ITestResult)[pri:0, instance:tests.ElementsTests@7e5c856f]" started-at="2025-08-23T11:57:23 IST" name="TearDown" finished-at="2025-08-23T11:57:24 IST" duration-ms="533" status="PASS">
          <params>
            <param index="0">
              <value>
                <![CDATA[[TestResult name=webTableAddSearch status=SUCCESS method=ElementsTests.webTableAddSearch(models.WebTableUser)[pri:28, instance:tests.ElementsTests@7e5c856f] output={null}]]]>
              </value>
            </param>
          </params>
          <reporter-output>
          </reporter-output>
        </test-method> <!-- TearDown -->
        <test-method is-config="true" signature="setUP()[pri:0, instance:tests.ElementsTests@7e5c856f]" started-at="2025-08-23T11:57:24 IST" name="setUP" finished-at="2025-08-23T11:57:30 IST" duration-ms="6701" status="PASS">
          <reporter-output>
          </reporter-output>
        </test-method> <!-- setUP -->
        <test-method signature="webTableAddEditFirstName(models.WebTableUser)[pri:29, instance:tests.ElementsTests@7e5c856f]" started-at="2025-08-23T11:57:30 IST" name="webTableAddEditFirstName" data-provider="WTFormDataEdit" finished-at="2025-08-23T11:57:37 IST" depends-on-methods="tests.ElementsTests.WebTablesClick" duration-ms="6661" status="PASS">
          <params>
            <param index="0">
              <value>
                <![CDATA[WebTableUser{firstName='Tonny', lastName='Bravo', email='Jbravo@demoqa.com', salary=280000, age=340, department='Information Technology'}]]>
              </value>
            </param>
          </params>
          <reporter-output>
          </reporter-output>
        </test-method> <!-- webTableAddEditFirstName -->
        <test-method is-config="true" signature="TearDown(org.testng.ITestResult)[pri:0, instance:tests.ElementsTests@7e5c856f]" started-at="2025-08-23T11:57:37 IST" name="TearDown" finished-at="2025-08-23T11:57:38 IST" duration-ms="653" status="PASS">
          <params>
            <param index="0">
              <value>
                <![CDATA[[TestResult name=webTableAddEditFirstName status=SUCCESS method=ElementsTests.webTableAddEditFirstName(models.WebTableUser)[pri:29, instance:tests.ElementsTests@7e5c856f] output={null}]]]>
              </value>
            </param>
          </params>
          <reporter-output>
          </reporter-output>
        </test-method> <!-- TearDown -->
        <test-method is-config="true" signature="setUP()[pri:0, instance:tests.ElementsTests@7e5c856f]" started-at="2025-08-23T11:57:38 IST" name="setUP" finished-at="2025-08-23T11:57:45 IST" duration-ms="6698" status="PASS">
          <reporter-output>
          </reporter-output>
        </test-method> <!-- setUP -->
        <test-method signature="webTableAddSearchEdit(models.WebTableUser)[pri:30, instance:tests.ElementsTests@7e5c856f]" started-at="2025-08-23T11:57:45 IST" name="webTableAddSearchEdit" data-provider="WTFormDataEdit" finished-at="2025-08-23T11:57:52 IST" depends-on-methods="tests.ElementsTests.WebTablesClick" duration-ms="7484" status="PASS">
          <params>
            <param index="0">
              <value>
                <![CDATA[WebTableUser{firstName='Tonny', lastName='Bravo', email='Jbravo@demoqa.com', salary=280000, age=340, department='Information Technology'}]]>
              </value>
            </param>
          </params>
          <reporter-output>
          </reporter-output>
        </test-method> <!-- webTableAddSearchEdit -->
        <test-method is-config="true" signature="TearDown(org.testng.ITestResult)[pri:0, instance:tests.ElementsTests@7e5c856f]" started-at="2025-08-23T11:57:52 IST" name="TearDown" finished-at="2025-08-23T11:57:53 IST" duration-ms="576" status="PASS">
          <params>
            <param index="0">
              <value>
                <![CDATA[[TestResult name=webTableAddSearchEdit status=SUCCESS method=ElementsTests.webTableAddSearchEdit(models.WebTableUser)[pri:30, instance:tests.ElementsTests@7e5c856f] output={null}]]]>
              </value>
            </param>
          </params>
          <reporter-output>
          </reporter-output>
        </test-method> <!-- TearDown -->
        <test-method is-config="true" signature="setUP()[pri:0, instance:tests.ElementsTests@7e5c856f]" started-at="2025-08-23T11:57:53 IST" name="setUP" finished-at="2025-08-23T11:58:00 IST" duration-ms="7216" status="PASS">
          <reporter-output>
          </reporter-output>
        </test-method> <!-- setUP -->
        <test-method signature="webTableDeleteUser(models.WebTableUser)[pri:31, instance:tests.ElementsTests@7e5c856f]" started-at="2025-08-23T11:58:00 IST" name="webTableDeleteUser" data-provider="WTFormDataEdit" finished-at="2025-08-23T11:58:05 IST" depends-on-methods="tests.ElementsTests.WebTablesClick" duration-ms="4614" status="PASS">
          <params>
            <param index="0">
              <value>
                <![CDATA[WebTableUser{firstName='Johny', lastName='Bravo', email='Jbravo@demoqa.com', salary=280000, age=340, department='Information Technology'}]]>
              </value>
            </param>
          </params>
          <reporter-output>
          </reporter-output>
        </test-method> <!-- webTableDeleteUser -->
        <test-method is-config="true" signature="TearDown(org.testng.ITestResult)[pri:0, instance:tests.ElementsTests@7e5c856f]" started-at="2025-08-23T11:58:05 IST" name="TearDown" finished-at="2025-08-23T11:58:05 IST" duration-ms="491" status="PASS">
          <params>
            <param index="0">
              <value>
                <![CDATA[[TestResult name=webTableDeleteUser status=SUCCESS method=ElementsTests.webTableDeleteUser(models.WebTableUser)[pri:31, instance:tests.ElementsTests@7e5c856f] output={null}]]]>
              </value>
            </param>
          </params>
          <reporter-output>
          </reporter-output>
        </test-method> <!-- TearDown -->
        <test-method is-config="true" signature="setUP()[pri:0, instance:tests.ElementsTests@7e5c856f]" started-at="2025-08-23T11:58:05 IST" name="setUP" finished-at="2025-08-23T11:58:14 IST" duration-ms="8496" status="PASS">
          <reporter-output>
          </reporter-output>
        </test-method> <!-- setUP -->
        <test-method signature="testAddAllUsersFromExcel()[pri:32, instance:tests.ElementsTests@7e5c856f]" started-at="2025-08-23T11:58:14 IST" name="testAddAllUsersFromExcel" finished-at="2025-08-23T11:58:28 IST" depends-on-methods="tests.ElementsTests.WebTablesClick" duration-ms="14253" status="PASS">
          <reporter-output>
          </reporter-output>
        </test-method> <!-- testAddAllUsersFromExcel -->
        <test-method is-config="true" signature="TearDown(org.testng.ITestResult)[pri:0, instance:tests.ElementsTests@7e5c856f]" started-at="2025-08-23T11:58:28 IST" name="TearDown" finished-at="2025-08-23T11:58:29 IST" duration-ms="857" status="PASS">
          <params>
            <param index="0">
              <value>
                <![CDATA[[TestResult name=testAddAllUsersFromExcel status=SUCCESS method=ElementsTests.testAddAllUsersFromExcel()[pri:32, instance:tests.ElementsTests@7e5c856f] output={null}]]]>
              </value>
            </param>
          </params>
          <reporter-output>
          </reporter-output>
        </test-method> <!-- TearDown -->
        <test-method is-config="true" signature="setUP()[pri:0, instance:tests.ElementsTests@7e5c856f]" started-at="2025-08-23T11:58:29 IST" name="setUP" finished-at="2025-08-23T11:58:35 IST" duration-ms="6637" status="PASS">
          <reporter-output>
          </reporter-output>
        </test-method> <!-- setUP -->
        <test-method signature="testAddAllUsersSearchEdit()[pri:33, instance:tests.ElementsTests@7e5c856f]" started-at="2025-08-23T11:58:35 IST" name="testAddAllUsersSearchEdit" finished-at="2025-08-23T11:58:52 IST" depends-on-methods="tests.ElementsTests.WebTablesClick" duration-ms="16619" status="PASS">
          <reporter-output>
          </reporter-output>
        </test-method> <!-- testAddAllUsersSearchEdit -->
        <test-method is-config="true" signature="TearDown(org.testng.ITestResult)[pri:0, instance:tests.ElementsTests@7e5c856f]" started-at="2025-08-23T11:58:52 IST" name="TearDown" finished-at="2025-08-23T11:58:52 IST" duration-ms="477" status="PASS">
          <params>
            <param index="0">
              <value>
                <![CDATA[[TestResult name=testAddAllUsersSearchEdit status=SUCCESS method=ElementsTests.testAddAllUsersSearchEdit()[pri:33, instance:tests.ElementsTests@7e5c856f] output={null}]]]>
              </value>
            </param>
          </params>
          <reporter-output>
          </reporter-output>
        </test-method> <!-- TearDown -->
        <test-method is-config="true" signature="setUP()[pri:0, instance:tests.ElementsTests@7e5c856f]" started-at="2025-08-23T11:58:52 IST" name="setUP" finished-at="2025-08-23T11:59:03 IST" duration-ms="10864" status="PASS">
          <reporter-output>
          </reporter-output>
        </test-method> <!-- setUP -->
        <test-method signature="EditSalaryDepartment()[pri:34, instance:tests.ElementsTests@7e5c856f]" started-at="2025-08-23T11:59:03 IST" name="EditSalaryDepartment" finished-at="2025-08-23T11:59:26 IST" depends-on-methods="tests.ElementsTests.WebTablesClick" duration-ms="22490" status="PASS">
          <reporter-output>
          </reporter-output>
        </test-method> <!-- EditSalaryDepartment -->
        <test-method is-config="true" signature="TearDown(org.testng.ITestResult)[pri:0, instance:tests.ElementsTests@7e5c856f]" started-at="2025-08-23T11:59:26 IST" name="TearDown" finished-at="2025-08-23T11:59:26 IST" duration-ms="468" status="PASS">
          <params>
            <param index="0">
              <value>
                <![CDATA[[TestResult name=EditSalaryDepartment status=SUCCESS method=ElementsTests.EditSalaryDepartment()[pri:34, instance:tests.ElementsTests@7e5c856f] output={null}]]]>
              </value>
            </param>
          </params>
          <reporter-output>
          </reporter-output>
        </test-method> <!-- TearDown -->
        <test-method is-config="true" signature="setUP()[pri:0, instance:tests.ElementsTests@7e5c856f]" started-at="2025-08-23T11:59:26 IST" name="setUP" finished-at="2025-08-23T11:59:39 IST" duration-ms="13307" status="PASS">
          <reporter-output>
          </reporter-output>
        </test-method> <!-- setUP -->
        <test-method signature="Buttons()[pri:35, instance:tests.ElementsTests@7e5c856f]" started-at="2025-08-23T11:59:39 IST" name="Buttons" finished-at="2025-08-23T11:59:41 IST" duration-ms="1583" status="PASS">
          <reporter-output>
          </reporter-output>
        </test-method> <!-- Buttons -->
        <test-method is-config="true" signature="TearDown(org.testng.ITestResult)[pri:0, instance:tests.ElementsTests@7e5c856f]" started-at="2025-08-23T11:59:41 IST" name="TearDown" finished-at="2025-08-23T11:59:42 IST" duration-ms="540" status="PASS">
          <params>
            <param index="0">
              <value>
                <![CDATA[[TestResult name=Buttons status=SUCCESS method=ElementsTests.Buttons()[pri:35, instance:tests.ElementsTests@7e5c856f] output={null}]]]>
              </value>
            </param>
          </params>
          <reporter-output>
          </reporter-output>
        </test-method> <!-- TearDown -->
        <test-method is-config="true" signature="setUP()[pri:0, instance:tests.ElementsTests@7e5c856f]" started-at="2025-08-23T11:59:42 IST" name="setUP" finished-at="2025-08-23T11:59:49 IST" duration-ms="7110" status="PASS">
          <reporter-output>
          </reporter-output>
        </test-method> <!-- setUP -->
        <test-method signature="DoubleClickButtons()[pri:36, instance:tests.ElementsTests@7e5c856f]" started-at="2025-08-23T11:59:49 IST" name="DoubleClickButtons" finished-at="2025-08-23T11:59:51 IST" duration-ms="1922" status="FAIL">
          <exception class="org.openqa.selenium.NoSuchElementException">
            <message>
              <![CDATA[no such element: Unable to locate element: {"method":"xpath","selector":"//p[@id='doubleClickMessage']"}
  (Session info: chrome=137.0.7151.120)
For documentation on this error, please visit: https://www.selenium.dev/documentation/webdriver/troubleshooting/errors#no-such-element-exception
Build info: version: '4.34.0', revision: '707dcb4246*'
System info: os.name: 'Windows 11', os.arch: 'amd64', os.version: '10.0', java.version: '21.0.7'
Driver info: org.openqa.selenium.chrome.ChromeDriver
Command: [173a65f0edf6334f674b519679526f01, findElement {using=xpath, value=//p[@id='doubleClickMessage']}]
Capabilities {acceptInsecureCerts: false, browserName: chrome, browserVersion: 137.0.7151.120, chrome: {chromedriverVersion: 137.0.7151.119 (e0ac9d12dff..., userDataDir: /tmp/chrome-profile-a45bf00...}, fedcm:accounts: true, goog:chromeOptions: {debuggerAddress: localhost:59230}, networkConnectionEnabled: false, pageLoadStrategy: normal, platformName: windows, proxy: Proxy(), se:cdp: ws://localhost:59230/devtoo..., se:cdpVersion: 137.0.7151.120, setWindowRect: true, strictFileInteractability: false, timeouts: {implicit: 0, pageLoad: 300000, script: 30000}, unhandledPromptBehavior: dismiss and notify, webauthn:extension:credBlob: true, webauthn:extension:largeBlob: true, webauthn:extension:minPinLength: true, webauthn:extension:prf: true, webauthn:virtualAuthenticators: true}
Session ID: 173a65f0edf6334f674b519679526f01]]>
            </message>
            <full-stacktrace>
              <![CDATA[org.openqa.selenium.NoSuchElementException: no such element: Unable to locate element: {"method":"xpath","selector":"//p[@id='doubleClickMessage']"}
  (Session info: chrome=137.0.7151.120)
For documentation on this error, please visit: https://www.selenium.dev/documentation/webdriver/troubleshooting/errors#no-such-element-exception
Build info: version: '4.34.0', revision: '707dcb4246*'
System info: os.name: 'Windows 11', os.arch: 'amd64', os.version: '10.0', java.version: '21.0.7'
Driver info: org.openqa.selenium.chrome.ChromeDriver
Command: [173a65f0edf6334f674b519679526f01, findElement {using=xpath, value=//p[@id='doubleClickMessage']}]
Capabilities {acceptInsecureCerts: false, browserName: chrome, browserVersion: 137.0.7151.120, chrome: {chromedriverVersion: 137.0.7151.119 (e0ac9d12dff..., userDataDir: /tmp/chrome-profile-a45bf00...}, fedcm:accounts: true, goog:chromeOptions: {debuggerAddress: localhost:59230}, networkConnectionEnabled: false, pageLoadStrategy: normal, platformName: windows, proxy: Proxy(), se:cdp: ws://localhost:59230/devtoo..., se:cdpVersion: 137.0.7151.120, setWindowRect: true, strictFileInteractability: false, timeouts: {implicit: 0, pageLoad: 300000, script: 30000}, unhandledPromptBehavior: dismiss and notify, webauthn:extension:credBlob: true, webauthn:extension:largeBlob: true, webauthn:extension:minPinLength: true, webauthn:extension:prf: true, webauthn:virtualAuthenticators: true}
Session ID: 173a65f0edf6334f674b519679526f01
at java.base/jdk.internal.reflect.DirectConstructorHandleAccessor.newInstance(DirectConstructorHandleAccessor.java:62)
at java.base/java.lang.reflect.Constructor.newInstanceWithCaller(Constructor.java:502)
at java.base/java.lang.reflect.Constructor.newInstance(Constructor.java:486)
at org.openqa.selenium.remote.ErrorCodec.decode(ErrorCodec.java:167)
at org.openqa.selenium.remote.codec.w3c.W3CHttpResponseCodec.decode(W3CHttpResponseCodec.java:138)
at org.openqa.selenium.remote.codec.w3c.W3CHttpResponseCodec.decode(W3CHttpResponseCodec.java:50)
at org.openqa.selenium.remote.HttpCommandExecutor.execute(HttpCommandExecutor.java:215)
at org.openqa.selenium.remote.service.DriverCommandExecutor.invokeExecute(DriverCommandExecutor.java:216)
at org.openqa.selenium.remote.service.DriverCommandExecutor.execute(DriverCommandExecutor.java:174)
at org.openqa.selenium.remote.RemoteWebDriver.execute(RemoteWebDriver.java:544)
at org.openqa.selenium.remote.ElementLocation$ElementFinder$2.findElement(ElementLocation.java:165)
at org.openqa.selenium.remote.ElementLocation.findElement(ElementLocation.java:59)
at org.openqa.selenium.remote.RemoteWebDriver.findElement(RemoteWebDriver.java:367)
at org.openqa.selenium.remote.RemoteWebDriver.findElement(RemoteWebDriver.java:361)
at pages.elementsPage.DoubleClickbtn(elementsPage.java:908)
at tests.ElementsTests.DoubleClickButtons(ElementsTests.java:770)
at java.base/jdk.internal.reflect.DirectMethodHandleAccessor.invoke(DirectMethodHandleAccessor.java:103)
at java.base/java.lang.reflect.Method.invoke(Method.java:580)
at org.testng.internal.invokers.MethodInvocationHelper.invokeMethod(MethodInvocationHelper.java:141)
at org.testng.internal.invokers.TestInvoker.invokeMethod(TestInvoker.java:687)
at org.testng.internal.invokers.TestInvoker.invokeTestMethod(TestInvoker.java:230)
at org.testng.internal.invokers.MethodRunner.runInSequence(MethodRunner.java:63)
at org.testng.internal.invokers.TestInvoker$MethodInvocationAgent.invoke(TestInvoker.java:995)
at org.testng.internal.invokers.TestInvoker.invokeTestMethods(TestInvoker.java:203)
at org.testng.internal.invokers.TestMethodWorker.invokeTestMethods(TestMethodWorker.java:154)
at org.testng.internal.invokers.TestMethodWorker.run(TestMethodWorker.java:134)
at java.base/java.util.ArrayList.forEach(ArrayList.java:1596)
at org.testng.TestRunner.privateRun(TestRunner.java:741)
at org.testng.TestRunner.run(TestRunner.java:616)
at org.testng.SuiteRunner.runTest(SuiteRunner.java:421)
at org.testng.SuiteRunner.runSequentially(SuiteRunner.java:413)
at org.testng.SuiteRunner.privateRun(SuiteRunner.java:373)
at org.testng.SuiteRunner.run(SuiteRunner.java:312)
at org.testng.SuiteRunnerWorker.runSuite(SuiteRunnerWorker.java:52)
at org.testng.SuiteRunnerWorker.run(SuiteRunnerWorker.java:95)
at org.testng.TestNG.runSuitesSequentially(TestNG.java:1274)
at org.testng.TestNG.runSuitesLocally(TestNG.java:1208)
at org.testng.TestNG.runSuites(TestNG.java:1112)
at org.testng.TestNG.run(TestNG.java:1079)
at org.apache.maven.surefire.testng.TestNGExecutor.run(TestNGExecutor.java:155)
at org.apache.maven.surefire.testng.TestNGDirectoryTestSuite.executeMulti(TestNGDirectoryTestSuite.java:169)
at org.apache.maven.surefire.testng.TestNGDirectoryTestSuite.execute(TestNGDirectoryTestSuite.java:88)
at org.apache.maven.surefire.testng.TestNGProvider.invoke(TestNGProvider.java:137)
at org.apache.maven.surefire.booter.ForkedBooter.runSuitesInProcess(ForkedBooter.java:385)
at org.apache.maven.surefire.booter.ForkedBooter.execute(ForkedBooter.java:162)
at org.apache.maven.surefire.booter.ForkedBooter.run(ForkedBooter.java:507)
at org.apache.maven.surefire.booter.ForkedBooter.main(ForkedBooter.java:495)
]]>
            </full-stacktrace>
          </exception> <!-- org.openqa.selenium.NoSuchElementException -->
          <reporter-output>
          </reporter-output>
        </test-method> <!-- DoubleClickButtons -->
        <test-method is-config="true" signature="TearDown(org.testng.ITestResult)[pri:0, instance:tests.ElementsTests@7e5c856f]" started-at="2025-08-23T11:59:51 IST" name="TearDown" finished-at="2025-08-23T11:59:51 IST" duration-ms="806" status="PASS">
          <params>
            <param index="0">
              <value>
                <![CDATA[[TestResult name=DoubleClickButtons status=FAILURE method=ElementsTests.DoubleClickButtons()[pri:36, instance:tests.ElementsTests@7e5c856f] output={null}]]]>
              </value>
            </param>
          </params>
          <reporter-output>
          </reporter-output>
        </test-method> <!-- TearDown -->
        <test-method is-config="true" signature="setUP()[pri:0, instance:tests.ElementsTests@7e5c856f]" started-at="2025-08-23T11:59:51 IST" name="setUP" finished-at="2025-08-23T11:59:58 IST" duration-ms="6950" status="PASS">
          <reporter-output>
          </reporter-output>
        </test-method> <!-- setUP -->
        <test-method signature="RightClickButton()[pri:37, instance:tests.ElementsTests@7e5c856f]" started-at="2025-08-23T11:59:58 IST" name="RightClickButton" finished-at="2025-08-23T12:00:00 IST" duration-ms="1960" status="PASS">
          <reporter-output>
          </reporter-output>
        </test-method> <!-- RightClickButton -->
        <test-method is-config="true" signature="TearDown(org.testng.ITestResult)[pri:0, instance:tests.ElementsTests@7e5c856f]" started-at="2025-08-23T12:00:00 IST" name="TearDown" finished-at="2025-08-23T12:00:01 IST" duration-ms="500" status="PASS">
          <params>
            <param index="0">
              <value>
                <![CDATA[[TestResult name=RightClickButton status=SUCCESS method=ElementsTests.RightClickButton()[pri:37, instance:tests.ElementsTests@7e5c856f] output={null}]]]>
              </value>
            </param>
          </params>
          <reporter-output>
          </reporter-output>
        </test-method> <!-- TearDown -->
        <test-method is-config="true" signature="setUP()[pri:0, instance:tests.ElementsTests@7e5c856f]" started-at="2025-08-23T12:00:01 IST" name="setUP" finished-at="2025-08-23T12:00:14 IST" duration-ms="13274" status="PASS">
          <reporter-output>
          </reporter-output>
        </test-method> <!-- setUP -->
        <test-method signature="ClickMeButton()[pri:38, instance:tests.ElementsTests@7e5c856f]" started-at="2025-08-23T12:00:14 IST" name="ClickMeButton" finished-at="2025-08-23T12:00:16 IST" duration-ms="1939" status="PASS">
          <reporter-output>
          </reporter-output>
        </test-method> <!-- ClickMeButton -->
        <test-method is-config="true" signature="TearDown(org.testng.ITestResult)[pri:0, instance:tests.ElementsTests@7e5c856f]" started-at="2025-08-23T12:00:16 IST" name="TearDown" finished-at="2025-08-23T12:00:17 IST" duration-ms="487" status="PASS">
          <params>
            <param index="0">
              <value>
                <![CDATA[[TestResult name=ClickMeButton status=SUCCESS method=ElementsTests.ClickMeButton()[pri:38, instance:tests.ElementsTests@7e5c856f] output={null}]]]>
              </value>
            </param>
          </params>
          <reporter-output>
          </reporter-output>
        </test-method> <!-- TearDown -->
        <test-method is-config="true" signature="setUP()[pri:0, instance:tests.ElementsTests@7e5c856f]" started-at="2025-08-23T12:00:17 IST" name="setUP" finished-at="2025-08-23T12:00:23 IST" duration-ms="6362" status="PASS">
          <reporter-output>
          </reporter-output>
        </test-method> <!-- setUP -->
        <test-method signature="ClickAllButtons()[pri:39, instance:tests.ElementsTests@7e5c856f]" started-at="2025-08-23T12:00:23 IST" name="ClickAllButtons" finished-at="2025-08-23T12:00:35 IST" duration-ms="11716" status="PASS">
          <reporter-output>
          </reporter-output>
        </test-method> <!-- ClickAllButtons -->
        <test-method is-config="true" signature="TearDown(org.testng.ITestResult)[pri:0, instance:tests.ElementsTests@7e5c856f]" started-at="2025-08-23T12:00:35 IST" name="TearDown" finished-at="2025-08-23T12:00:36 IST" duration-ms="1090" status="PASS">
          <params>
            <param index="0">
              <value>
                <![CDATA[[TestResult name=ClickAllButtons status=SUCCESS method=ElementsTests.ClickAllButtons()[pri:39, instance:tests.ElementsTests@7e5c856f] output={null}]]]>
              </value>
            </param>
          </params>
          <reporter-output>
          </reporter-output>
        </test-method> <!-- TearDown -->
        <test-method is-config="true" signature="setUP()[pri:0, instance:tests.ElementsTests@7e5c856f]" started-at="2025-08-23T12:00:36 IST" name="setUP" finished-at="2025-08-23T12:00:45 IST" duration-ms="9684" status="PASS">
          <reporter-output>
          </reporter-output>
        </test-method> <!-- setUP -->
        <test-method signature="ClickLinks()[pri:40, instance:tests.ElementsTests@7e5c856f]" started-at="2025-08-23T12:00:45 IST" name="ClickLinks" finished-at="2025-08-23T12:00:47 IST" duration-ms="1499" status="PASS">
          <reporter-output>
          </reporter-output>
        </test-method> <!-- ClickLinks -->
        <test-method is-config="true" signature="TearDown(org.testng.ITestResult)[pri:0, instance:tests.ElementsTests@7e5c856f]" started-at="2025-08-23T12:00:47 IST" name="TearDown" finished-at="2025-08-23T12:00:47 IST" duration-ms="515" status="PASS">
          <params>
            <param index="0">
              <value>
                <![CDATA[[TestResult name=ClickLinks status=SUCCESS method=ElementsTests.ClickLinks()[pri:40, instance:tests.ElementsTests@7e5c856f] output={null}]]]>
              </value>
            </param>
          </params>
          <reporter-output>
          </reporter-output>
        </test-method> <!-- TearDown -->
        <test-method is-config="true" signature="setUP()[pri:0, instance:tests.ElementsTests@7e5c856f]" started-at="2025-08-23T12:00:47 IST" name="setUP" finished-at="2025-08-23T12:00:54 IST" duration-ms="6975" status="PASS">
          <reporter-output>
          </reporter-output>
        </test-method> <!-- setUP -->
        <test-method signature="ClickHomeLink()[pri:41, instance:tests.ElementsTests@7e5c856f]" started-at="2025-08-23T12:00:54 IST" name="ClickHomeLink" finished-at="2025-08-23T12:00:56 IST" duration-ms="1799" status="PASS">
          <reporter-output>
          </reporter-output>
        </test-method> <!-- ClickHomeLink -->
        <test-method is-config="true" signature="TearDown(org.testng.ITestResult)[pri:0, instance:tests.ElementsTests@7e5c856f]" started-at="2025-08-23T12:00:56 IST" name="TearDown" finished-at="2025-08-23T12:00:57 IST" duration-ms="463" status="PASS">
          <params>
            <param index="0">
              <value>
                <![CDATA[[TestResult name=ClickHomeLink status=SUCCESS method=ElementsTests.ClickHomeLink()[pri:41, instance:tests.ElementsTests@7e5c856f] output={null}]]]>
              </value>
            </param>
          </params>
          <reporter-output>
          </reporter-output>
        </test-method> <!-- TearDown -->
        <test-method is-config="true" signature="setUP()[pri:0, instance:tests.ElementsTests@7e5c856f]" started-at="2025-08-23T12:00:57 IST" name="setUP" finished-at="2025-08-23T12:01:03 IST" duration-ms="6341" status="PASS">
          <reporter-output>
          </reporter-output>
        </test-method> <!-- setUP -->
        <test-method signature="ClickDynamicHomeLink()[pri:42, instance:tests.ElementsTests@7e5c856f]" started-at="2025-08-23T12:01:03 IST" name="ClickDynamicHomeLink" finished-at="2025-08-23T12:01:06 IST" duration-ms="2872" status="FAIL">
[...]
          </reporter-output>
        </test-method> <!-- WillEnablebtn -->
        <test-method is-config="true" signature="TearDown(org.testng.ITestResult)[pri:0, instance:tests.ElementsTests@7e5c856f]" started-at="2025-08-23T12:04:56 IST" name="TearDown" finished-at="2025-08-23T12:04:57 IST" duration-ms="770" status="PASS">
          <params>
            <param index="0">
              <value>
                <![CDATA[[TestResult name=WillEnablebtn status=SUCCESS method=ElementsTests.WillEnablebtn()[pri:59, instance:tests.ElementsTests@7e5c856f] output={null}]]]>
              </value>
            </param>
          </params>
          <reporter-output>
          </reporter-output>
        </test-method> <!-- TearDown -->
        <test-method is-config="true" signature="setUP()[pri:0, instance:tests.ElementsTests@7e5c856f]" started-at="2025-08-23T12:04:57 IST" name="setUP" finished-at="2025-08-23T12:05:04 IST" duration-ms="6906" status="PASS">
          <reporter-output>
          </reporter-output>
        </test-method> <!-- setUP -->
        <test-method signature="VisibleAfterbtn()[pri:60, instance:tests.ElementsTests@7e5c856f]" started-at="2025-08-23T12:05:04 IST" name="VisibleAfterbtn" finished-at="2025-08-23T12:05:11 IST" duration-ms="7173" status="PASS">
          <reporter-output>
          </reporter-output>
        </test-method> <!-- VisibleAfterbtn -->
        <test-method is-config="true" signature="TearDown(org.testng.ITestResult)[pri:0, instance:tests.ElementsTests@7e5c856f]" started-at="2025-08-23T12:05:11 IST" name="TearDown" finished-at="2025-08-23T12:05:12 IST" duration-ms="602" status="PASS">
          <params>
            <param index="0">
              <value>
                <![CDATA[[TestResult name=VisibleAfterbtn status=SUCCESS method=ElementsTests.VisibleAfterbtn()[pri:60, instance:tests.ElementsTests@7e5c856f] output={null}]]]>
              </value>
            </param>
          </params>
          <reporter-output>
          </reporter-output>
        </test-method> <!-- TearDown -->
      </class> <!-- tests.ElementsTests -->
      <class name="tests.AlertsFramesWindowsTests">
        <test-method is-config="true" signature="setupReport()[pri:0, instance:tests.AlertsFramesWindowsTests@36060e]" started-at="2025-08-23T11:49:53 IST" name="setupReport" finished-at="2025-08-23T11:49:53 IST" duration-ms="224" status="PASS">
          <reporter-output>
          </reporter-output>
        </test-method> <!-- setupReport -->
        <test-method is-config="true" signature="setUP()[pri:0, instance:tests.AlertsFramesWindowsTests@36060e]" started-at="2025-08-23T11:49:53 IST" name="setUP" finished-at="2025-08-23T11:50:01 IST" duration-ms="7868" status="PASS">
          <reporter-output>
          </reporter-output>
        </test-method> <!-- setUP -->
        <test-method signature="accessAlertsFrameWindows()[pri:1, instance:tests.AlertsFramesWindowsTests@36060e]" started-at="2025-08-23T11:50:01 IST" name="accessAlertsFrameWindows" finished-at="2025-08-23T11:50:01 IST" duration-ms="389" status="PASS">
          <reporter-output>
          </reporter-output>
        </test-method> <!-- accessAlertsFrameWindows -->
        <test-method is-config="true" signature="TearDown(org.testng.ITestResult)[pri:0, instance:tests.AlertsFramesWindowsTests@36060e]" started-at="2025-08-23T11:50:01 IST" name="TearDown" finished-at="2025-08-23T11:50:02 IST" duration-ms="428" status="PASS">
          <params>
            <param index="0">
              <value>
                <![CDATA[[TestResult name=accessAlertsFrameWindows status=SUCCESS method=AlertsFramesWindowsTests.accessAlertsFrameWindows()[pri:1, instance:tests.AlertsFramesWindowsTests@36060e] output={null}]]]>
              </value>
            </param>
          </params>
          <reporter-output>
          </reporter-output>
        </test-method> <!-- TearDown -->
        <test-method is-config="true" signature="setUP()[pri:0, instance:tests.AlertsFramesWindowsTests@36060e]" started-at="2025-08-23T11:50:02 IST" name="setUP" finished-at="2025-08-23T11:50:08 IST" duration-ms="6526" status="PASS">
          <reporter-output>
          </reporter-output>
        </test-method> <!-- setUP -->
        <test-method signature="browserWindows()[pri:2, instance:tests.AlertsFramesWindowsTests@36060e]" started-at="2025-08-23T11:50:08 IST" name="browserWindows" finished-at="2025-08-23T11:50:09 IST" duration-ms="726" status="PASS">
          <reporter-output>
          </reporter-output>
        </test-method> <!-- browserWindows -->
        <test-method is-config="true" signature="TearDown(org.testng.ITestResult)[pri:0, instance:tests.AlertsFramesWindowsTests@36060e]" started-at="2025-08-23T11:50:09 IST" name="TearDown" finished-at="2025-08-23T11:50:09 IST" duration-ms="411" status="PASS">
          <params>
            <param index="0">
              <value>
                <![CDATA[[TestResult name=browserWindows status=SUCCESS method=AlertsFramesWindowsTests.browserWindows()[pri:2, instance:tests.AlertsFramesWindowsTests@36060e] output={null}]]]>
              </value>
            </param>
          </params>
          <reporter-output>
          </reporter-output>
        </test-method> <!-- TearDown -->
        <test-method is-config="true" signature="setUP()[pri:0, instance:tests.AlertsFramesWindowsTests@36060e]" started-at="2025-08-23T11:50:09 IST" name="setUP" finished-at="2025-08-23T11:50:17 IST" duration-ms="7589" status="PASS">
          <reporter-output>
          </reporter-output>
        </test-method> <!-- setUP -->
        <test-method signature="browserWindowsNewTab()[pri:3, instance:tests.AlertsFramesWindowsTests@36060e]" started-at="2025-08-23T11:50:17 IST" name="browserWindowsNewTab" finished-at="2025-08-23T11:50:18 IST" duration-ms="913" status="PASS">
          <reporter-output>
          </reporter-output>
        </test-method> <!-- browserWindowsNewTab -->
        <test-method is-config="true" signature="TearDown(org.testng.ITestResult)[pri:0, instance:tests.AlertsFramesWindowsTests@36060e]" started-at="2025-08-23T11:50:18 IST" name="TearDown" finished-at="2025-08-23T11:50:18 IST" duration-ms="445" status="PASS">
          <params>
            <param index="0">
              <value>
                <![CDATA[[TestResult name=browserWindowsNewTab status=SUCCESS method=AlertsFramesWindowsTests.browserWindowsNewTab()[pri:3, instance:tests.AlertsFramesWindowsTests@36060e] output={null}]]]>
              </value>
            </param>
          </params>
          <reporter-output>
          </reporter-output>
        </test-method> <!-- TearDown -->
        <test-method is-config="true" signature="setUP()[pri:0, instance:tests.AlertsFramesWindowsTests@36060e]" started-at="2025-08-23T11:50:18 IST" name="setUP" finished-at="2025-08-23T11:50:26 IST" duration-ms="7845" status="PASS">
          <reporter-output>
          </reporter-output>
        </test-method> <!-- setUP -->
        <test-method signature="browserWindowsNewWindow()[pri:4, instance:tests.AlertsFramesWindowsTests@36060e]" started-at="2025-08-23T11:50:26 IST" name="browserWindowsNewWindow" finished-at="2025-08-23T11:50:27 IST" duration-ms="1068" status="PASS">
          <reporter-output>
          </reporter-output>
        </test-method> <!-- browserWindowsNewWindow -->
        <test-method is-config="true" signature="TearDown(org.testng.ITestResult)[pri:0, instance:tests.AlertsFramesWindowsTests@36060e]" started-at="2025-08-23T11:50:27 IST" name="TearDown" finished-at="2025-08-23T11:50:28 IST" duration-ms="476" status="PASS">
          <params>
            <param index="0">
              <value>
                <![CDATA[[TestResult name=browserWindowsNewWindow status=SUCCESS method=AlertsFramesWindowsTests.browserWindowsNewWindow()[pri:4, instance:tests.AlertsFramesWindowsTests@36060e] output={null}]]]>
              </value>
            </param>
          </params>
          <reporter-output>
          </reporter-output>
        </test-method> <!-- TearDown -->
        <test-method is-config="true" signature="setUP()[pri:0, instance:tests.AlertsFramesWindowsTests@36060e]" started-at="2025-08-23T11:50:28 IST" name="setUP" finished-at="2025-08-23T11:50:34 IST" duration-ms="6152" status="PASS">
          <reporter-output>
          </reporter-output>
        </test-method> <!-- setUP -->
        <test-method signature="browserWindowsNewWindowMsg()[pri:5, instance:tests.AlertsFramesWindowsTests@36060e]" started-at="2025-08-23T11:50:34 IST" name="browserWindowsNewWindowMsg" finished-at="2025-08-23T11:51:05 IST" duration-ms="30941" status="FAIL">
          <exception class="org.openqa.selenium.TimeoutException">
            <message>
              <![CDATA[timeout: Timed out receiving message from renderer: 30.000
  (Session info: chrome=137.0.7151.120)
Build info: version: '4.34.0', revision: '707dcb4246*'
System info: os.name: 'Windows 11', os.arch: 'amd64', os.version: '10.0', java.version: '21.0.7'
Driver info: org.openqa.selenium.chrome.ChromeDriver
Command: [646a901105d3a4d9f379c1e65712427e, screenshot {}]
Capabilities {acceptInsecureCerts: false, browserName: chrome, browserVersion: 137.0.7151.120, chrome: {chromedriverVersion: 137.0.7151.119 (e0ac9d12dff..., userDataDir: /tmp/chrome-profile-8420c91...}, fedcm:accounts: true, goog:chromeOptions: {debuggerAddress: localhost:53626}, networkConnectionEnabled: false, pageLoadStrategy: normal, platformName: windows, proxy: Proxy(), se:cdp: ws://localhost:53626/devtoo..., se:cdpVersion: 137.0.7151.120, setWindowRect: true, strictFileInteractability: false, timeouts: {implicit: 0, pageLoad: 300000, script: 30000}, unhandledPromptBehavior: dismiss and notify, webauthn:extension:credBlob: true, webauthn:extension:largeBlob: true, webauthn:extension:minPinLength: true, webauthn:extension:prf: true, webauthn:virtualAuthenticators: true}
Session ID: 646a901105d3a4d9f379c1e65712427e]]>
            </message>
            <full-stacktrace>
              <![CDATA[org.openqa.selenium.TimeoutException: timeout: Timed out receiving message from renderer: 30.000
  (Session info: chrome=137.0.7151.120)
Build info: version: '4.34.0', revision: '707dcb4246*'
System info: os.name: 'Windows 11', os.arch: 'amd64', os.version: '10.0', java.version: '21.0.7'
Driver info: org.openqa.selenium.chrome.ChromeDriver
Command: [646a901105d3a4d9f379c1e65712427e, screenshot {}]
Capabilities {acceptInsecureCerts: false, browserName: chrome, browserVersion: 137.0.7151.120, chrome: {chromedriverVersion: 137.0.7151.119 (e0ac9d12dff..., userDataDir: /tmp/chrome-profile-8420c91...}, fedcm:accounts: true, goog:chromeOptions: {debuggerAddress: localhost:53626}, networkConnectionEnabled: false, pageLoadStrategy: normal, platformName: windows, proxy: Proxy(), se:cdp: ws://localhost:53626/devtoo..., se:cdpVersion: 137.0.7151.120, setWindowRect: true, strictFileInteractability: false, timeouts: {implicit: 0, pageLoad: 300000, script: 30000}, unhandledPromptBehavior: dismiss and notify, webauthn:extension:credBlob: true, webauthn:extension:largeBlob: true, webauthn:extension:minPinLength: true, webauthn:extension:prf: true, webauthn:virtualAuthenticators: true}
Session ID: 646a901105d3a4d9f379c1e65712427e
at java.base/jdk.internal.reflect.DirectConstructorHandleAccessor.newInstance(DirectConstructorHandleAccessor.java:62)
at java.base/java.lang.reflect.Constructor.newInstanceWithCaller(Constructor.java:502)
at java.base/java.lang.reflect.Constructor.newInstance(Constructor.java:486)
at org.openqa.selenium.remote.ErrorCodec.decode(ErrorCodec.java:167)
at org.openqa.selenium.remote.codec.w3c.W3CHttpResponseCodec.decode(W3CHttpResponseCodec.java:138)
at org.openqa.selenium.remote.codec.w3c.W3CHttpResponseCodec.decode(W3CHttpResponseCodec.java:50)
at org.openqa.selenium.remote.HttpCommandExecutor.execute(HttpCommandExecutor.java:215)
at org.openqa.selenium.remote.service.DriverCommandExecutor.invokeExecute(DriverCommandExecutor.java:216)
at org.openqa.selenium.remote.service.DriverCommandExecutor.execute(DriverCommandExecutor.java:174)
at org.openqa.selenium.remote.RemoteWebDriver.execute(RemoteWebDriver.java:544)
at org.openqa.selenium.remote.RemoteWebDriver.execute(RemoteWebDriver.java:617)
at org.openqa.selenium.remote.RemoteWebDriver.execute(RemoteWebDriver.java:621)
at org.openqa.selenium.remote.RemoteWebDriver.getScreenshotAs(RemoteWebDriver.java:333)
at utils.WindowValidationUtils.switchToNewWindowAndValidateText(WindowValidationUtils.java:71)
at pages.alertsframewindowsPage.clickNewWindowMessage(alertsframewindowsPage.java:122)
at tests.AlertsFramesWindowsTests.browserWindowsNewWindowMsg(AlertsFramesWindowsTests.java:69)
at java.base/jdk.internal.reflect.DirectMethodHandleAccessor.invoke(DirectMethodHandleAccessor.java:103)
at java.base/java.lang.reflect.Method.invoke(Method.java:580)
at org.testng.internal.invokers.MethodInvocationHelper.invokeMethod(MethodInvocationHelper.java:141)
at org.testng.internal.invokers.TestInvoker.invokeMethod(TestInvoker.java:687)
at org.testng.internal.invokers.TestInvoker.invokeTestMethod(TestInvoker.java:230)
at org.testng.internal.invokers.MethodRunner.runInSequence(MethodRunner.java:63)
at org.testng.internal.invokers.TestInvoker$MethodInvocationAgent.invoke(TestInvoker.java:995)
at org.testng.internal.invokers.TestInvoker.invokeTestMethods(TestInvoker.java:203)
at org.testng.internal.invokers.TestMethodWorker.invokeTestMethods(TestMethodWorker.java:154)
at org.testng.internal.invokers.TestMethodWorker.run(TestMethodWorker.java:134)
at java.base/java.util.ArrayList.forEach(ArrayList.java:1596)
at org.testng.TestRunner.privateRun(TestRunner.java:741)
at org.testng.TestRunner.run(TestRunner.java:616)
at org.testng.SuiteRunner.runTest(SuiteRunner.java:421)
at org.testng.SuiteRunner.runSequentially(SuiteRunner.java:413)
at org.testng.SuiteRunner.privateRun(SuiteRunner.java:373)
at org.testng.SuiteRunner.run(SuiteRunner.java:312)
at org.testng.SuiteRunnerWorker.runSuite(SuiteRunnerWorker.java:52)
at org.testng.SuiteRunnerWorker.run(SuiteRunnerWorker.java:95)
at org.testng.TestNG.runSuitesSequentially(TestNG.java:1274)
at org.testng.TestNG.runSuitesLocally(TestNG.java:1208)
at org.testng.TestNG.runSuites(TestNG.java:1112)
at org.testng.TestNG.run(TestNG.java:1079)
at org.apache.maven.surefire.testng.TestNGExecutor.run(TestNGExecutor.java:155)
at org.apache.maven.surefire.testng.TestNGDirectoryTestSuite.executeMulti(TestNGDirectoryTestSuite.java:169)
at org.apache.maven.surefire.testng.TestNGDirectoryTestSuite.execute(TestNGDirectoryTestSuite.java:88)
at org.apache.maven.surefire.testng.TestNGProvider.invoke(TestNGProvider.java:137)
at org.apache.maven.surefire.booter.ForkedBooter.runSuitesInProcess(ForkedBooter.java:385)
at org.apache.maven.surefire.booter.ForkedBooter.execute(ForkedBooter.java:162)
at org.apache.maven.surefire.booter.ForkedBooter.run(ForkedBooter.java:507)
at org.apache.maven.surefire.booter.ForkedBooter.main(ForkedBooter.java:495)
]]>
            </full-stacktrace>
          </exception> <!-- org.openqa.selenium.TimeoutException -->
          <reporter-output>
          </reporter-output>
        </test-method> <!-- browserWindowsNewWindowMsg -->
        <test-method is-config="true" signature="TearDown(org.testng.ITestResult)[pri:0, instance:tests.AlertsFramesWindowsTests@36060e]" started-at="2025-08-23T11:51:05 IST" name="TearDown" finished-at="2025-08-23T11:51:35 IST" duration-ms="30048" status="FAIL">
          <params>
            <param index="0">
              <value>
                <![CDATA[[TestResult name=browserWindowsNewWindowMsg status=FAILURE method=AlertsFramesWindowsTests.browserWindowsNewWindowMsg()[pri:5, instance:tests.AlertsFramesWindowsTests@36060e] output={null}]]]>
              </value>
            </param>
          </params>
          <exception class="java.lang.IllegalArgumentException">
            <message>
              <![CDATA[ScreenCapture path must not be null or empty]]>
            </message>
            <full-stacktrace>
              <![CDATA[java.lang.IllegalArgumentException: ScreenCapture path must not be null or empty
at com.aventstack.extentreports.util.Assert.notEmpty(Assert.java:12)
at com.aventstack.extentreports.MediaEntityBuilder.createScreenCaptureFromPath(MediaEntityBuilder.java:34)
at com.aventstack.extentreports.MediaEntityBuilder.createScreenCaptureFromPath(MediaEntityBuilder.java:40)
at base.demoqaBase.TearDown(demoqaBase.java:123)
at java.base/jdk.internal.reflect.DirectMethodHandleAccessor.invoke(DirectMethodHandleAccessor.java:103)
at java.base/java.lang.reflect.Method.invoke(Method.java:580)
at org.testng.internal.invokers.MethodInvocationHelper.invokeMethod(MethodInvocationHelper.java:141)
at org.testng.internal.invokers.MethodInvocationHelper.invokeMethodConsideringTimeout(MethodInvocationHelper.java:71)
at org.testng.internal.invokers.ConfigInvoker.invokeConfigurationMethod(ConfigInvoker.java:400)
at org.testng.internal.invokers.ConfigInvoker.invokeConfigurations(ConfigInvoker.java:333)
at org.testng.internal.invokers.TestInvoker.runConfigMethods(TestInvoker.java:836)
at org.testng.internal.invokers.TestInvoker.runAfterConfigurations(TestInvoker.java:805)
at org.testng.internal.invokers.TestInvoker.invokeMethod(TestInvoker.java:781)
at org.testng.internal.invokers.TestInvoker.invokeTestMethod(TestInvoker.java:230)
at org.testng.internal.invokers.MethodRunner.runInSequence(MethodRunner.java:63)
at org.testng.internal.invokers.TestInvoker$MethodInvocationAgent.invoke(TestInvoker.java:995)
at org.testng.internal.invokers.TestInvoker.invokeTestMethods(TestInvoker.java:203)
at org.testng.internal.invokers.TestMethodWorker.invokeTestMethods(TestMethodWorker.java:154)
at org.testng.internal.invokers.TestMethodWorker.run(TestMethodWorker.java:134)
at java.base/java.util.ArrayList.forEach(ArrayList.java:1596)
at org.testng.TestRunner.privateRun(TestRunner.java:741)
at org.testng.TestRunner.run(TestRunner.java:616)
at org.testng.SuiteRunner.runTest(SuiteRunner.java:421)
at org.testng.SuiteRunner.runSequentially(SuiteRunner.java:413)
at org.testng.SuiteRunner.privateRun(SuiteRunner.java:373)
at org.testng.SuiteRunner.run(SuiteRunner.java:312)
at org.testng.SuiteRunnerWorker.runSuite(SuiteRunnerWorker.java:52)
at org.testng.SuiteRunnerWorker.run(SuiteRunnerWorker.java:95)
at org.testng.TestNG.runSuitesSequentially(TestNG.java:1274)
at org.testng.TestNG.runSuitesLocally(TestNG.java:1208)
at org.testng.TestNG.runSuites(TestNG.java:1112)
at org.testng.TestNG.run(TestNG.java:1079)
at org.apache.maven.surefire.testng.TestNGExecutor.run(TestNGExecutor.java:155)
at org.apache.maven.surefire.testng.TestNGDirectoryTestSuite.executeMulti(TestNGDirectoryTestSuite.java:169)
at org.apache.maven.surefire.testng.TestNGDirectoryTestSuite.execute(TestNGDirectoryTestSuite.java:88)
at org.apache.maven.surefire.testng.TestNGProvider.invoke(TestNGProvider.java:137)
at org.apache.maven.surefire.booter.ForkedBooter.runSuitesInProcess(ForkedBooter.java:385)
at org.apache.maven.surefire.booter.ForkedBooter.execute(ForkedBooter.java:162)
at org.apache.maven.surefire.booter.ForkedBooter.run(ForkedBooter.java:507)
at org.apache.maven.surefire.booter.ForkedBooter.main(ForkedBooter.java:495)
]]>
            </full-stacktrace>
          </exception> <!-- java.lang.IllegalArgumentException -->
          <reporter-output>
          </reporter-output>
        </test-method> <!-- TearDown -->
        <test-method is-config="true" signature="teardownReport()[pri:0, instance:tests.AlertsFramesWindowsTests@36060e]" started-at="2025-08-23T12:06:30 IST" name="teardownReport" finished-at="2025-08-23T12:06:31 IST" duration-ms="631" status="PASS">
          <reporter-output>
          </reporter-output>
        </test-method> <!-- teardownReport -->
      </class> <!-- tests.AlertsFramesWindowsTests -->
    </test> <!-- Surefire test -->
  </suite> <!-- Surefire suite -->
</testng-results>
