<?xml version="1.0" encoding="UTF-8"?>
<testsuite xmlns:xsi="http://www.w3.org/2001/XMLSchema-instance" xsi:noNamespaceSchemaLocation="https://maven.apache.org/surefire/maven-surefire-plugin/xsd/surefire-test-report-3.0.xsd" version="3.0" name="TestSuite" time="378.844" tests="43" errors="0" skipped="0" failures="0">
  <properties>
[...]
</properties>
  <testcase name="accessAlertsFrameWindows" classname="tests.AlertsFramesWindowsTests" time="0.244">
    <system-out><![CDATA[2025-08-12T06:51:28.658474400Z main INFO Starting configuration XmlConfiguration[location=C:\ASN\eclipse_workspace\demoqa-automation\target\classes\log4j2.xml, lastModified=2025-08-05T03:16:47.250Z]...
2025-08-12T06:51:28.658474400Z main INFO Start watching for changes to C:\ASN\eclipse_workspace\demoqa-automation\target\classes\log4j2.xml every 0 seconds
2025-08-12T06:51:28.658474400Z main INFO Configuration XmlConfiguration[location=C:\ASN\eclipse_workspace\demoqa-automation\target\classes\log4j2.xml, lastModified=2025-08-05T03:16:47.250Z] started.
2025-08-12T06:51:28.664003Z main INFO Stopping configuration org.apache.logging.log4j.core.config.DefaultConfiguration@5e600dd5...
2025-08-12T06:51:28.664003Z main INFO Configuration org.apache.logging.log4j.core.config.DefaultConfiguration@5e600dd5 stopped.
2025-08-12 12:21:29 [main] INFO  demoqaBase - Starting Web Browser...
2025-08-12 12:21:30 [main] INFO  demoqaBase - Navigating to demoqa.com Website
2025-08-12 12:21:36 [main] INFO  demoqaLog - Successfully navigated to: https://demoqa.com
2025-08-12 12:21:36 [main] INFO  demoqaLog - Starting Test Alerts, Frames & Windows...
2025-08-12 12:21:36 [main] INFO  demoqaLog - Accessing Alerts, Frame & Windows Card...
2025-08-12 12:21:36 [main] INFO  demoqaLog - Clicking on Alert Frame & Windows Card...
2025-08-12 12:21:36 [main] INFO  demoqaLog - Clicked on on Alert Frame & Windows Card...
Title of this Page is: DEMOQA
You can now access: Alerts, Frame & Windows
2025-08-12 12:21:36 [main] INFO  demoqaLog - Page: Alerts, Frame & Windows Card...
2025-08-12 12:21:36 [main] INFO  demoqaLog -  Alerts, Frames & Windows Test Completed...
]]></system-out>
    <system-err><![CDATA[SLF4J(W): No SLF4J providers were found.
SLF4J(W): Defaulting to no-operation (NOP) logger implementation
SLF4J(W): See https://www.slf4j.org/codes.html#noProviders for further details.
]]></system-err>
  </testcase>
  <testcase name="ElementsCard" classname="tests.ElementsTests" time="1.424">
    <system-out><![CDATA[2025-08-12 12:21:36 [main] INFO  demoqaBase - Closing the Browser...
2025-08-12 12:21:36 [main] INFO  demoqaBase - Starting Web Browser...
2025-08-12 12:21:37 [main] INFO  demoqaBase - Navigating to demoqa.com Website
2025-08-12 12:21:41 [main] INFO  demoqaLog - Successfully navigated to: https://demoqa.com
2025-08-12 12:21:41 [main] INFO  demoqaLog - Starting Test Elements | Text Box Test...
2025-08-12 12:21:41 [main] INFO  demoqaLog - Accessing Elements Card...
2025-08-12 12:21:43 [main] INFO  demoqaLog - Successfully navigated to: https://demoqa.com
2025-08-12 12:21:43 [main] INFO  demoqaLog - Clicking on Elements Card...
Title of this Page is: DEMOQA
You can now Access: Elements
 
Title of this Page is: DEMOQA
2025-08-12 12:21:43 [main] INFO  demoqaLog - Element Card Test Completed...
]]></system-out>
  </testcase>
  <testcase name="TextBox" classname="tests.ElementsTests" time="2.739">
    <system-out><![CDATA[2025-08-12 12:21:43 [main] INFO  demoqaBase - Closing the Browser...
2025-08-12 12:21:43 [main] INFO  demoqaBase - Starting Web Browser...
2025-08-12 12:21:44 [main] INFO  demoqaBase - Navigating to demoqa.com Website
2025-08-12 12:21:48 [main] INFO  demoqaLog - Successfully navigated to: https://demoqa.com
2025-08-12 12:21:48 [main] INFO  demoqaLog - Starting Test Elements | Text Box Test...
2025-08-12 12:21:48 [main] INFO  demoqaLog - Accessing Elements Card...
2025-08-12 12:21:49 [main] INFO  demoqaLog - Successfully navigated to: https://demoqa.com
2025-08-12 12:21:49 [main] INFO  demoqaLog - Clicking on Elements Card...
Title of this Page is: DEMOQA
You can now Access: Elements
 
2025-08-12 12:21:50 [main] INFO  demoqaLog - Accessing Text Box...
Text Box
2025-08-12 12:21:50 [main] INFO  demoqaLog - You are accessing: Text Box
2025-08-12 12:21:50 [main] INFO  demoqaLog - Title of this Page is: DEMOQA
2025-08-12 12:21:50 [main] INFO  demoqaLog - Entering Full Name...
2025-08-12 12:21:50 [main] INFO  demoqaLog - Full Name is: John Rambo
2025-08-12 12:21:50 [main] INFO  demoqaLog - Entering Email Address...
2025-08-12 12:21:50 [main] INFO  demoqaLog - Email Address is: JRambo@demoqa.com
2025-08-12 12:21:50 [main] INFO  demoqaLog - Entering Current Address...
2025-08-12 12:21:51 [main] INFO  demoqaLog - Current Address is: 511 Grant 481, Prattsville
 Arkansas 72129
 United States
2025-08-12 12:21:51 [main] INFO  demoqaLog - Entering Permanent Address...
2025-08-12 12:21:51 [main] INFO  demoqaLog - Parmenant Address is: 579 Grant 3381, Prattsville
 Arkansas 72100
 United States
2025-08-12 12:21:51 [main] INFO  demoqaLog - Clicking on Submit Button...
2025-08-12 12:21:51 [main] INFO  demoqaLog - Clicked Submit Button...
Information Submitted is: Name:John Rambo
Email:JRambo@demoqa.com
Current Address :511 Grant 481, Prattsville Arkansas 72129 United States
Permananet Address :579 Grant 3381, Prattsville Arkansas 72100 United States
2025-08-12 12:21:51 [main] INFO  demoqaLog - Text Box Element Test Completed...
]]></system-out>
  </testcase>
  <testcase name="CheckBox" classname="tests.ElementsTests" time="1.623">
    <system-out><![CDATA[Path for Screenshot is: C:\ASN\eclipse_workspace\demoqa-automation/screenshots/TextBox Passed+2025-08-12_12-21-51.png
2025-08-12 12:21:51 [main] INFO  demoqaBase - Closing the Browser...
2025-08-12 12:21:52 [main] INFO  demoqaBase - Starting Web Browser...
2025-08-12 12:21:53 [main] INFO  demoqaBase - Navigating to demoqa.com Website
2025-08-12 12:21:57 [main] INFO  demoqaLog - Successfully navigated to: https://demoqa.com
2025-08-12 12:21:57 [main] INFO  demoqaLog - Starting Test Elements | Check Box Test...
2025-08-12 12:21:57 [main] INFO  demoqaLog - Accessing Elements Card...
2025-08-12 12:21:58 [main] INFO  demoqaLog - Successfully navigated to: https://demoqa.com
2025-08-12 12:21:58 [main] INFO  demoqaLog - Clicking on Elements Card...
Title of this Page is: DEMOQA
You can now Access: Elements
 
2025-08-12 12:21:58 [main] INFO  demoqaLog - Accessing Check Box...
Check Box
2025-08-12 12:21:58 [main] INFO  demoqaLog - You are accessing: Check Box
2025-08-12 12:21:58 [main] INFO  demoqaLog - Test Elements | Check Box Test Test Completed...
]]></system-out>
  </testcase>
  <testcase name="SelectingHomeCheckBox" classname="tests.ElementsTests" time="1.541">
    <system-out><![CDATA[2025-08-12 12:21:58 [main] INFO  demoqaBase - Closing the Browser...
2025-08-12 12:21:59 [main] INFO  demoqaBase - Starting Web Browser...
2025-08-12 12:22:00 [main] INFO  demoqaBase - Navigating to demoqa.com Website
2025-08-12 12:22:04 [main] INFO  demoqaLog - Successfully navigated to: https://demoqa.com
2025-08-12 12:22:04 [main] INFO  demoqaLog - Starting Test Elements | Selecting Home Check Box Test...
2025-08-12 12:22:04 [main] INFO  demoqaLog - Accessing Elements Card...
2025-08-12 12:22:04 [main] INFO  demoqaLog - Successfully navigated to: https://demoqa.com
2025-08-12 12:22:04 [main] INFO  demoqaLog - Clicking on Elements Card...
Title of this Page is: DEMOQA
You can now Access: Elements
 
2025-08-12 12:22:05 [main] INFO  demoqaLog - Accessing Check Box...
Check Box
2025-08-12 12:22:05 [main] INFO  demoqaLog - You are accessing: Check Box
2025-08-12 12:22:05 [main] INFO  demoqaLog - Selecting Home Check Box...
Information Submitted is: You have selected :
home
desktop
notes
commands
documents
workspace
react
angular
veu
office
public
private
classified
general
downloads
wordFile
excelFile
2025-08-12 12:22:05 [main] INFO  demoqaLog - You have Selected: You have selected :
home
desktop
notes
commands
documents
workspace
react
angular
veu
office
public
private
classified
general
downloads
wordFile
excelFile
2025-08-12 12:22:05 [main] INFO  demoqaLog - Elements | Selecting Home Test Completed...
]]></system-out>
  </testcase>
  <testcase name="SelectingDesktopCheckBox" classname="tests.ElementsTests" time="1.797">
    <system-out><![CDATA[2025-08-12 12:22:05 [main] INFO  demoqaBase - Closing the Browser...
2025-08-12 12:22:05 [main] INFO  demoqaBase - Starting Web Browser...
2025-08-12 12:22:06 [main] INFO  demoqaBase - Navigating to demoqa.com Website
2025-08-12 12:22:10 [main] INFO  demoqaLog - Successfully navigated to: https://demoqa.com
2025-08-12 12:22:10 [main] INFO  demoqaLog - Starting Test Elements | Selecting Desktop Check Box Test...
2025-08-12 12:22:10 [main] INFO  demoqaLog - Accessing Elements Card...
2025-08-12 12:22:12 [main] INFO  demoqaLog - Successfully navigated to: https://demoqa.com
2025-08-12 12:22:12 [main] INFO  demoqaLog - Clicking on Elements Card...
Title of this Page is: DEMOQA
You can now Access: Elements
 
2025-08-12 12:22:12 [main] INFO  demoqaLog - Accessing Check Box...
Check Box
2025-08-12 12:22:12 [main] INFO  demoqaLog - You are accessing: Check Box
2025-08-12 12:22:12 [main] INFO  demoqaLog - Clicking on Home Toggle Button...
2025-08-12 12:22:12 [main] INFO  demoqaLog - Selecting Deskstop Check Box...
Information Submitted is: You have selected :
desktop
notes
commands
2025-08-12 12:22:12 [main] INFO  demoqaLog - You have Selected: You have selected :
desktop
notes
commands
2025-08-12 12:22:12 [main] INFO  demoqaLog - Elements | Home | Desktop Test Completed...
]]></system-out>
  </testcase>
  <testcase name="SelectingNotesCommandsClick" classname="tests.ElementsTests" time="1.71">
    <system-out><![CDATA[2025-08-12 12:22:12 [main] INFO  demoqaBase - Closing the Browser...
2025-08-12 12:22:13 [main] INFO  demoqaBase - Starting Web Browser...
2025-08-12 12:22:14 [main] INFO  demoqaBase - Navigating to demoqa.com Website
2025-08-12 12:22:18 [main] INFO  demoqaLog - Successfully navigated to: https://demoqa.com
2025-08-12 12:22:18 [main] INFO  demoqaLog - Starting Test Elements | Selecting Desktop| Notes & Commands Check Box Test...
2025-08-12 12:22:18 [main] INFO  demoqaLog - Accessing Elements Card...
2025-08-12 12:22:19 [main] INFO  demoqaLog - Successfully navigated to: https://demoqa.com
2025-08-12 12:22:19 [main] INFO  demoqaLog - Clicking on Elements Card...
Title of this Page is: DEMOQA
You can now Access: Elements
 
2025-08-12 12:22:19 [main] INFO  demoqaLog - Accessing Check Box...
Check Box
2025-08-12 12:22:19 [main] INFO  demoqaLog - You are accessing: Check Box
2025-08-12 12:22:19 [main] INFO  demoqaLog - Clicking on Home Toggle Button...
2025-08-12 12:22:19 [main] INFO  demoqaLog - Clicking on Desktop Toggle Button...
2025-08-12 12:22:19 [main] INFO  demoqaLog - Clicking on Notes Button...
2025-08-12 12:22:19 [main] INFO  demoqaLog - Clicking on Commands Button...
2025-08-12 12:22:19 [main] INFO  demoqaLog - Selected Notes & Commands...
Information Submitted is: You have selected :
desktop
notes
commands
2025-08-12 12:22:19 [main] INFO  demoqaLog - You have Selected: You have selected :
desktop
notes
commands
2025-08-12 12:22:19 [main] INFO  demoqaLog - Elements | Home | Desktop | Notes & Commands Completed...
]]></system-out>
  </testcase>
  <testcase name="SelectingDocumentsCheckBox" classname="tests.ElementsTests" time="1.271">
    <system-out><![CDATA[2025-08-12 12:22:19 [main] INFO  demoqaBase - Closing the Browser...
2025-08-12 12:22:20 [main] INFO  demoqaBase - Starting Web Browser...
2025-08-12 12:22:21 [main] INFO  demoqaBase - Navigating to demoqa.com Website
2025-08-12 12:22:26 [main] INFO  demoqaLog - Successfully navigated to: https://demoqa.com
2025-08-12 12:22:26 [main] INFO  demoqaLog - Starting Test Elements | Selecting Documents Check Box Test...
2025-08-12 12:22:26 [main] INFO  demoqaLog - Accessing Elements Card...
2025-08-12 12:22:26 [main] INFO  demoqaLog - Successfully navigated to: https://demoqa.com
2025-08-12 12:22:26 [main] INFO  demoqaLog - Clicking on Elements Card...
Title of this Page is: DEMOQA
You can now Access: Elements
 
2025-08-12 12:22:26 [main] INFO  demoqaLog - Accessing Check Box...
Check Box
2025-08-12 12:22:26 [main] INFO  demoqaLog - You are accessing: Check Box
2025-08-12 12:22:26 [main] INFO  demoqaLog - Clicking on Home Toggle Button...
2025-08-12 12:22:27 [main] INFO  demoqaLog - Selecting Documents Check Box...
2025-08-12 12:22:27 [main] INFO  demoqaLog - Selected Documents Check Box...
Information Submitted is: You have selected :
documents
workspace
react
angular
veu
office
public
private
classified
general
2025-08-12 12:22:27 [main] INFO  demoqaLog - You have Selected: You have selected :
documents
workspace
react
angular
veu
office
public
private
classified
general
2025-08-12 12:22:27 [main] INFO  demoqaLog - Test Elements | Selecting Documents Check Box Test Completed...
]]></system-out>
  </testcase>
  <testcase name="SelectingWorkSpace" classname="tests.ElementsTests" time="1.762">
    <system-out><![CDATA[2025-08-12 12:22:27 [main] INFO  demoqaBase - Closing the Browser...
2025-08-12 12:22:27 [main] INFO  demoqaBase - Starting Web Browser...
2025-08-12 12:22:28 [main] INFO  demoqaBase - Navigating to demoqa.com Website
2025-08-12 12:22:32 [main] INFO  demoqaLog - Successfully navigated to: https://demoqa.com
2025-08-12 12:22:32 [main] INFO  demoqaLog - Starting Test Elements | Home | Selecting Documents | WorkSpace Check Box Test...
2025-08-12 12:22:32 [main] INFO  demoqaLog - Accessing Elements Card...
2025-08-12 12:22:33 [main] INFO  demoqaLog - Successfully navigated to: https://demoqa.com
2025-08-12 12:22:33 [main] INFO  demoqaLog - Clicking on Elements Card...
Title of this Page is: DEMOQA
You can now Access: Elements
 
2025-08-12 12:22:33 [main] INFO  demoqaLog - Accessing Check Box...
Check Box
2025-08-12 12:22:34 [main] INFO  demoqaLog - You are accessing: Check Box
2025-08-12 12:22:34 [main] INFO  demoqaLog - Clicking on Home Toggle Button...
2025-08-12 12:22:34 [main] INFO  demoqaLog - Clicking on Documents Toggle Button...
2025-08-12 12:22:34 [main] INFO  demoqaLog - Selecting WorkSpace Check Box...
2025-08-12 12:22:34 [main] INFO  demoqaLog - Selected WorkSpace Check Box...
Information Submitted is: You have selected :
workspace
react
angular
veu
2025-08-12 12:22:34 [main] INFO  demoqaLog - You have Selected: You have selected :
workspace
react
angular
veu
2025-08-12 12:22:34 [main] INFO  demoqaLog - Test Elements | Home | Selecting Documents | WorkSpace Check Box Completed...
]]></system-out>
  </testcase>
  <testcase name="SelectReact" classname="tests.ElementsTests" time="1.866">
    <system-out><![CDATA[2025-08-12 12:22:34 [main] INFO  demoqaBase - Closing the Browser...
2025-08-12 12:22:34 [main] INFO  demoqaBase - Starting Web Browser...
2025-08-12 12:22:35 [main] INFO  demoqaBase - Navigating to demoqa.com Website
2025-08-12 12:22:39 [main] INFO  demoqaLog - Successfully navigated to: https://demoqa.com
2025-08-12 12:22:39 [main] INFO  demoqaLog - Starting Test Elements|Home|Selecting Documents|WorkSpace|React Check Box Test...
2025-08-12 12:22:39 [main] INFO  demoqaLog - Accessing Elements Card...
2025-08-12 12:22:41 [main] INFO  demoqaLog - Successfully navigated to: https://demoqa.com
2025-08-12 12:22:41 [main] INFO  demoqaLog - Clicking on Elements Card...
Title of this Page is: DEMOQA
You can now Access: Elements
 
2025-08-12 12:22:41 [main] INFO  demoqaLog - Accessing Check Box...
Check Box
2025-08-12 12:22:41 [main] INFO  demoqaLog - You are accessing: Check Box
2025-08-12 12:22:41 [main] INFO  demoqaLog - Clicking on Home Toggle Button...
2025-08-12 12:22:41 [main] INFO  demoqaLog - Clicking on Documents Toggle Button...
2025-08-12 12:22:41 [main] INFO  demoqaLog - Clicking WorkSpace Toggle Button...
2025-08-12 12:22:41 [main] INFO  demoqaLog - Clicked WorkSpace Toggle Button...
2025-08-12 12:22:41 [main] INFO  demoqaLog - Selecting WorkSpace | React Check Box...
2025-08-12 12:22:41 [main] INFO  demoqaLog - Selected WorkSpace | React Check Box...
Information Submitted is: You have selected :
react
2025-08-12 12:22:41 [main] INFO  demoqaLog - You have Selected: You have selected :
react
2025-08-12 12:22:41 [main] INFO  demoqaLog - Test Elements|Home|Documents| Selecting WorkSpace|React Check Box Completed...
]]></system-out>
  </testcase>
  <testcase name="SelectAngular" classname="tests.ElementsTests" time="1.825">
    <system-out><![CDATA[2025-08-12 12:22:41 [main] INFO  demoqaBase - Closing the Browser...
2025-08-12 12:22:42 [main] INFO  demoqaBase - Starting Web Browser...
2025-08-12 12:22:43 [main] INFO  demoqaBase - Navigating to demoqa.com Website
2025-08-12 12:22:47 [main] INFO  demoqaLog - Successfully navigated to: https://demoqa.com
2025-08-12 12:22:47 [main] INFO  demoqaLog - Starting Test Elements|Home|Selecting Documents|WorkSpace|Angular Check Box Test...
2025-08-12 12:22:47 [main] INFO  demoqaLog - Accessing Elements Card...
2025-08-12 12:22:48 [main] INFO  demoqaLog - Successfully navigated to: https://demoqa.com
2025-08-12 12:22:48 [main] INFO  demoqaLog - Clicking on Elements Card...
Title of this Page is: DEMOQA
You can now Access: Elements
 
2025-08-12 12:22:48 [main] INFO  demoqaLog - Accessing Check Box...
Check Box
2025-08-12 12:22:48 [main] INFO  demoqaLog - You are accessing: Check Box
2025-08-12 12:22:48 [main] INFO  demoqaLog - Clicking on Home Toggle Button...
2025-08-12 12:22:48 [main] INFO  demoqaLog - Clicking on Documents Toggle Button...
2025-08-12 12:22:48 [main] INFO  demoqaLog - Clicking WorkSpace Toggle Button...
2025-08-12 12:22:48 [main] INFO  demoqaLog - Clicked WorkSpace Toggle Button...
2025-08-12 12:22:48 [main] INFO  demoqaLog - Selecting WorkSpace | Angular Check Box...
2025-08-12 12:22:48 [main] INFO  demoqaLog - Selected WorkSpace | Angular Check Box...
Information Submitted is: You have selected :
angular
2025-08-12 12:22:48 [main] INFO  demoqaLog - You have Selected: You have selected :
angular
2025-08-12 12:22:48 [main] INFO  demoqaLog - Test Elements|Home|Documents| Selecting WorkSpace|Angular Check Box Completed...
]]></system-out>
  </testcase>
  <testcase name="SelectVeu" classname="tests.ElementsTests" time="1.785">
    <system-out><![CDATA[2025-08-12 12:22:48 [main] INFO  demoqaBase - Closing the Browser...
2025-08-12 12:22:49 [main] INFO  demoqaBase - Starting Web Browser...
2025-08-12 12:22:50 [main] INFO  demoqaBase - Navigating to demoqa.com Website
2025-08-12 12:22:54 [main] INFO  demoqaLog - Successfully navigated to: https://demoqa.com
2025-08-12 12:22:54 [main] INFO  demoqaLog - Starting Test Elements|Home|Selecting Documents|WorkSpace|Veu Check Box Test...
2025-08-12 12:22:54 [main] INFO  demoqaLog - Accessing Elements Card...
2025-08-12 12:22:55 [main] INFO  demoqaLog - Successfully navigated to: https://demoqa.com
2025-08-12 12:22:55 [main] INFO  demoqaLog - Clicking on Elements Card...
Title of this Page is: DEMOQA
You can now Access: Elements
 
2025-08-12 12:22:55 [main] INFO  demoqaLog - Accessing Check Box...
Check Box
2025-08-12 12:22:55 [main] INFO  demoqaLog - You are accessing: Check Box
2025-08-12 12:22:55 [main] INFO  demoqaLog - Clicking on Home Toggle Button...
2025-08-12 12:22:55 [main] INFO  demoqaLog - Clicking on Documents Toggle Button...
2025-08-12 12:22:55 [main] INFO  demoqaLog - Clicking WorkSpace Toggle Button...
2025-08-12 12:22:55 [main] INFO  demoqaLog - Clicked WorkSpace Toggle Button...
2025-08-12 12:22:55 [main] INFO  demoqaLog - Selecting WorkSpace | Veu Check Box...
2025-08-12 12:22:55 [main] INFO  demoqaLog - Selected WorkSpace | Veu Check Box...
Information Submitted is: You have selected :
veu
2025-08-12 12:22:55 [main] INFO  demoqaLog - You have Selected: You have selected :
veu
2025-08-12 12:22:55 [main] INFO  demoqaLog - Test Elements|Home|Documents| Selecting WorkSpace|Veu Check Box Completed...
]]></system-out>
  </testcase>
  <testcase name="SelectReactAnuglarVeu" classname="tests.ElementsTests" time="2.097">
    <system-out><![CDATA[2025-08-12 12:22:55 [main] INFO  demoqaBase - Closing the Browser...
2025-08-12 12:22:56 [main] INFO  demoqaBase - Starting Web Browser...
2025-08-12 12:22:57 [main] INFO  demoqaBase - Navigating to demoqa.com Website
2025-08-12 12:23:01 [main] INFO  demoqaLog - Successfully navigated to: https://demoqa.com
2025-08-12 12:23:01 [main] INFO  demoqaLog - Starting Test Elements|Home|Selecting Documents|WorkSpace|React-Anuglar-Veu Check Box Test...
2025-08-12 12:23:01 [main] INFO  demoqaLog - Accessing Elements Card...
2025-08-12 12:23:02 [main] INFO  demoqaLog - Successfully navigated to: https://demoqa.com
2025-08-12 12:23:02 [main] INFO  demoqaLog - Clicking on Elements Card...
Title of this Page is: DEMOQA
You can now Access: Elements
 
2025-08-12 12:23:02 [main] INFO  demoqaLog - Accessing Check Box...
Check Box
2025-08-12 12:23:02 [main] INFO  demoqaLog - You are accessing: Check Box
2025-08-12 12:23:02 [main] INFO  demoqaLog - Clicking on Home Toggle Button...
2025-08-12 12:23:02 [main] INFO  demoqaLog - Clicking on Documents Toggle Button...
2025-08-12 12:23:02 [main] INFO  demoqaLog - Clicking WorkSpace Toggle Button...
2025-08-12 12:23:03 [main] INFO  demoqaLog - Clicked WorkSpace Toggle Button...
2025-08-12 12:23:03 [main] INFO  demoqaLog - Selecting WorkSpace | React Check Box...
2025-08-12 12:23:03 [main] INFO  demoqaLog - Selected WorkSpace | React Check Box...
2025-08-12 12:23:03 [main] INFO  demoqaLog - Selecting WorkSpace | Angular Check Box...
2025-08-12 12:23:03 [main] INFO  demoqaLog - Selected WorkSpace | Angular Check Box...
2025-08-12 12:23:03 [main] INFO  demoqaLog - Selecting WorkSpace | Veu Check Box...
2025-08-12 12:23:03 [main] INFO  demoqaLog - Selected WorkSpace | Veu Check Box...
Information Submitted is: You have selected :
workspace
react
angular
veu
2025-08-12 12:23:03 [main] INFO  demoqaLog - You have Selected: You have selected :
workspace
react
angular
veu
2025-08-12 12:23:03 [main] INFO  demoqaLog - Test Elements|Home|Documents| Selecting WorkSpace|React-Anuglar-Veu Check Box Completed...
]]></system-out>
  </testcase>
  <testcase name="SelectingOffice" classname="tests.ElementsTests" time="1.786">
    <system-out><![CDATA[2025-08-12 12:23:03 [main] INFO  demoqaBase - Closing the Browser...
2025-08-12 12:23:03 [main] INFO  demoqaBase - Starting Web Browser...
2025-08-12 12:23:04 [main] INFO  demoqaBase - Navigating to demoqa.com Website
2025-08-12 12:23:08 [main] INFO  demoqaLog - Successfully navigated to: https://demoqa.com
2025-08-12 12:23:08 [main] INFO  demoqaLog - Starting Test Elements|Home|Selecting Documents|Office Check Box Test...
2025-08-12 12:23:08 [main] INFO  demoqaLog - Accessing Elements Card...
2025-08-12 12:23:10 [main] INFO  demoqaLog - Successfully navigated to: https://demoqa.com
2025-08-12 12:23:10 [main] INFO  demoqaLog - Clicking on Elements Card...
Title of this Page is: DEMOQA
You can now Access: Elements
 
2025-08-12 12:23:10 [main] INFO  demoqaLog - Accessing Check Box...
Check Box
2025-08-12 12:23:10 [main] INFO  demoqaLog - You are accessing: Check Box
2025-08-12 12:23:10 [main] INFO  demoqaLog - Clicking on Home Toggle Button...
2025-08-12 12:23:10 [main] INFO  demoqaLog - Clicking on Documents Toggle Button...
2025-08-12 12:23:10 [main] INFO  demoqaLog - Selecting WorkSpace Check Box...
2025-08-12 12:23:10 [main] INFO  demoqaLog - Selected WorkSpace Check Box...
Information Submitted is: You have selected :
office
public
private
classified
general
2025-08-12 12:23:10 [main] INFO  demoqaLog - You have Selected: You have selected :
office
public
private
classified
general
2025-08-12 12:23:10 [main] INFO  demoqaLog - Test Elements|Home|Selecting Documents|Office Check Box Completed...
]]></system-out>
  </testcase>
  <testcase name="SelectPublic" classname="tests.ElementsTests" time="1.813">
    <system-out><![CDATA[2025-08-12 12:23:10 [main] INFO  demoqaBase - Closing the Browser...
2025-08-12 12:23:11 [main] INFO  demoqaBase - Starting Web Browser...
2025-08-12 12:23:11 [main] INFO  demoqaBase - Navigating to demoqa.com Website
2025-08-12 12:23:15 [main] INFO  demoqaLog - Successfully navigated to: https://demoqa.com
2025-08-12 12:23:15 [main] INFO  demoqaLog - Starting Test Elements|Home|Selecting Documents|Office|Public Check Box Test...
2025-08-12 12:23:15 [main] INFO  demoqaLog - Accessing Elements Card...
2025-08-12 12:23:16 [main] INFO  demoqaLog - Successfully navigated to: https://demoqa.com
2025-08-12 12:23:16 [main] INFO  demoqaLog - Clicking on Elements Card...
Title of this Page is: DEMOQA
You can now Access: Elements
 
2025-08-12 12:23:17 [main] INFO  demoqaLog - Accessing Check Box...
Check Box
2025-08-12 12:23:17 [main] INFO  demoqaLog - You are accessing: Check Box
2025-08-12 12:23:17 [main] INFO  demoqaLog - Clicking on Home Toggle Button...
2025-08-12 12:23:17 [main] INFO  demoqaLog - Clicking on Documents Toggle Button...
2025-08-12 12:23:17 [main] INFO  demoqaLog - Clicking Office Toggle Button...
2025-08-12 12:23:17 [main] INFO  demoqaLog - Clicked Office Toggle Button...
2025-08-12 12:23:17 [main] INFO  demoqaLog - Selecting Office | Public Check Box...
2025-08-12 12:23:17 [main] INFO  demoqaLog - Selected Office | Public Check Box...
Information Submitted is: You have selected :
public
2025-08-12 12:23:17 [main] INFO  demoqaLog - You have Selected: You have selected :
public
2025-08-12 12:23:17 [main] INFO  demoqaLog - Test Elements|Home|Documents|Office|Selecting Public Check Box Completed...
]]></system-out>
  </testcase>
  <testcase name="SelectPrivate" classname="tests.ElementsTests" time="1.545">
    <system-out><![CDATA[2025-08-12 12:23:17 [main] INFO  demoqaBase - Closing the Browser...
2025-08-12 12:23:17 [main] INFO  demoqaBase - Starting Web Browser...
2025-08-12 12:23:18 [main] INFO  demoqaBase - Navigating to demoqa.com Website
2025-08-12 12:23:23 [main] INFO  demoqaLog - Successfully navigated to: https://demoqa.com
2025-08-12 12:23:23 [main] INFO  demoqaLog - Starting Test Elements|Home|Selecting Documents|Office|Private Check Box Test...
2025-08-12 12:23:23 [main] INFO  demoqaLog - Accessing Elements Card...
2025-08-12 12:23:23 [main] INFO  demoqaLog - Successfully navigated to: https://demoqa.com
2025-08-12 12:23:23 [main] INFO  demoqaLog - Clicking on Elements Card...
Title of this Page is: DEMOQA
You can now Access: Elements
 
2025-08-12 12:23:24 [main] INFO  demoqaLog - Accessing Check Box...
Check Box
2025-08-12 12:23:24 [main] INFO  demoqaLog - You are accessing: Check Box
2025-08-12 12:23:24 [main] INFO  demoqaLog - Clicking on Home Toggle Button...
2025-08-12 12:23:24 [main] INFO  demoqaLog - Clicking on Documents Toggle Button...
2025-08-12 12:23:24 [main] INFO  demoqaLog - Clicking Office Toggle Button...
2025-08-12 12:23:24 [main] INFO  demoqaLog - Clicked Office Toggle Button...
2025-08-12 12:23:24 [main] INFO  demoqaLog - Selecting Office | Private Check Box...
2025-08-12 12:23:24 [main] INFO  demoqaLog - Selected Office | Private Check Box...
Information Submitted is: You have selected :
private
2025-08-12 12:23:24 [main] INFO  demoqaLog - You have Selected: You have selected :
private
2025-08-12 12:23:24 [main] INFO  demoqaLog - Test Elements|Home|Documents|Office|Selecting Private Check Box Completed...
]]></system-out>
  </testcase>
  <testcase name="SelectClassified" classname="tests.ElementsTests" time="1.838">
    <system-out><![CDATA[2025-08-12 12:23:24 [main] INFO  demoqaBase - Closing the Browser...
2025-08-12 12:23:25 [main] INFO  demoqaBase - Starting Web Browser...
2025-08-12 12:23:26 [main] INFO  demoqaBase - Navigating to demoqa.com Website
2025-08-12 12:23:30 [main] INFO  demoqaLog - Successfully navigated to: https://demoqa.com
2025-08-12 12:23:30 [main] INFO  demoqaLog - Starting Test Elements|Home|Selecting Documents|Office|Classified Check Box Test...
2025-08-12 12:23:30 [main] INFO  demoqaLog - Accessing Elements Card...
2025-08-12 12:23:31 [main] INFO  demoqaLog - Successfully navigated to: https://demoqa.com
2025-08-12 12:23:31 [main] INFO  demoqaLog - Clicking on Elements Card...
Title of this Page is: DEMOQA
You can now Access: Elements
 
2025-08-12 12:23:31 [main] INFO  demoqaLog - Accessing Check Box...
Check Box
2025-08-12 12:23:31 [main] INFO  demoqaLog - You are accessing: Check Box
2025-08-12 12:23:31 [main] INFO  demoqaLog - Clicking on Home Toggle Button...
2025-08-12 12:23:31 [main] INFO  demoqaLog - Clicking on Documents Toggle Button...
2025-08-12 12:23:32 [main] INFO  demoqaLog - Clicking Office Toggle Button...
2025-08-12 12:23:32 [main] INFO  demoqaLog - Clicked Office Toggle Button...
2025-08-12 12:23:32 [main] INFO  demoqaLog - Selecting Office | Classified Check Box...
2025-08-12 12:23:32 [main] INFO  demoqaLog - Selected Office | Classified Check Box...
Information Submitted is: You have selected :
classified
2025-08-12 12:23:32 [main] INFO  demoqaLog - You have Selected: You have selected :
classified
2025-08-12 12:23:32 [main] INFO  demoqaLog - Test Elements|Home|Documents|Office|Selecting Classified Check Box Completed...
]]></system-out>
  </testcase>
  <testcase name="SelectGeneral" classname="tests.ElementsTests" time="1.684">
    <system-out><![CDATA[2025-08-12 12:23:32 [main] INFO  demoqaBase - Closing the Browser...
2025-08-12 12:23:32 [main] INFO  demoqaBase - Starting Web Browser...
2025-08-12 12:23:33 [main] INFO  demoqaBase - Navigating to demoqa.com Website
2025-08-12 12:23:37 [main] INFO  demoqaLog - Successfully navigated to: https://demoqa.com
2025-08-12 12:23:37 [main] INFO  demoqaLog - Starting Test Elements|Home|Selecting Documents|Office|General Check Box Test...
2025-08-12 12:23:37 [main] INFO  demoqaLog - Accessing Elements Card...
2025-08-12 12:23:38 [main] INFO  demoqaLog - Successfully navigated to: https://demoqa.com
2025-08-12 12:23:38 [main] INFO  demoqaLog - Clicking on Elements Card...
Title of this Page is: DEMOQA
You can now Access: Elements
 
2025-08-12 12:23:38 [main] INFO  demoqaLog - Accessing Check Box...
Check Box
2025-08-12 12:23:38 [main] INFO  demoqaLog - You are accessing: Check Box
2025-08-12 12:23:38 [main] INFO  demoqaLog - Clicking on Home Toggle Button...
2025-08-12 12:23:38 [main] INFO  demoqaLog - Clicking on Documents Toggle Button...
2025-08-12 12:23:39 [main] INFO  demoqaLog - Clicking Office Toggle Button...
2025-08-12 12:23:39 [main] INFO  demoqaLog - Clicked Office Toggle Button...
2025-08-12 12:23:39 [main] INFO  demoqaLog - Selecting Office | General Check Box...
2025-08-12 12:23:39 [main] INFO  demoqaLog - Selected Office | General Check Box...
Information Submitted is: You have selected :
general
2025-08-12 12:23:39 [main] INFO  demoqaLog - You have Selected: You have selected :
general
2025-08-12 12:23:39 [main] INFO  demoqaLog - Test Elements|Home|Documents|Office|Selecting General Check Box Completed...
]]></system-out>
  </testcase>
  <testcase name="SelectOfficeAll" classname="tests.ElementsTests" time="2.121">
    <system-out><![CDATA[2025-08-12 12:23:39 [main] INFO  demoqaBase - Closing the Browser...
2025-08-12 12:23:39 [main] INFO  demoqaBase - Starting Web Browser...
2025-08-12 12:23:40 [main] INFO  demoqaBase - Navigating to demoqa.com Website
2025-08-12 12:23:44 [main] INFO  demoqaLog - Successfully navigated to: https://demoqa.com
2025-08-12 12:23:44 [main] INFO  demoqaLog - Starting Test Elements|Home|Selecting Documents|Office|All Check Boxes Test...
2025-08-12 12:23:44 [main] INFO  demoqaLog - Accessing Elements Card...
2025-08-12 12:23:45 [main] INFO  demoqaLog - Successfully navigated to: https://demoqa.com
2025-08-12 12:23:45 [main] INFO  demoqaLog - Clicking on Elements Card...
Title of this Page is: DEMOQA
You can now Access: Elements
 
2025-08-12 12:23:45 [main] INFO  demoqaLog - Accessing Check Box...
Check Box
2025-08-12 12:23:46 [main] INFO  demoqaLog - You are accessing: Check Box
2025-08-12 12:23:46 [main] INFO  demoqaLog - Clicking on Home Toggle Button...
2025-08-12 12:23:46 [main] INFO  demoqaLog - Clicking on Documents Toggle Button...
2025-08-12 12:23:46 [main] INFO  demoqaLog - Clicking Office Toggle Button...
2025-08-12 12:23:46 [main] INFO  demoqaLog - Clicked Office Toggle Button...
2025-08-12 12:23:46 [main] INFO  demoqaLog - Selecting Office | Public Check Box...
2025-08-12 12:23:46 [main] INFO  demoqaLog - Selected Office | Public Check Box...
2025-08-12 12:23:46 [main] INFO  demoqaLog - Selecting Office | Private Check Box...
2025-08-12 12:23:46 [main] INFO  demoqaLog - Selected Office | Private Check Box...
2025-08-12 12:23:46 [main] INFO  demoqaLog - Selecting Office | Classified Check Box...
2025-08-12 12:23:46 [main] INFO  demoqaLog - Selected Office | Classified Check Box...
2025-08-12 12:23:46 [main] INFO  demoqaLog - Selecting Office | General Check Box...
2025-08-12 12:23:46 [main] INFO  demoqaLog - Selected Office | General Check Box...
Information Submitted is: You have selected :
office
public
private
classified
general
2025-08-12 12:23:46 [main] INFO  demoqaLog - You have Selected: You have selected :
office
public
private
classified
general
2025-08-12 12:23:46 [main] INFO  demoqaLog - Test Elements|Home|Documents|Office|Selecting All Check Boxes Completed...
]]></system-out>
  </testcase>
  <testcase name="SelectingDownloads" classname="tests.ElementsTests" time="1.595">
    <system-out><![CDATA[2025-08-12 12:23:46 [main] INFO  demoqaBase - Closing the Browser...
2025-08-12 12:23:47 [main] INFO  demoqaBase - Starting Web Browser...
2025-08-12 12:23:47 [main] INFO  demoqaBase - Navigating to demoqa.com Website
2025-08-12 12:23:51 [main] INFO  demoqaLog - Successfully navigated to: https://demoqa.com
2025-08-12 12:23:51 [main] INFO  demoqaLog - Starting Test Elements|Home|Selecting Downloads Check Box Test...
2025-08-12 12:23:51 [main] INFO  demoqaLog - Accessing Elements Card...
2025-08-12 12:23:52 [main] INFO  demoqaLog - Successfully navigated to: https://demoqa.com
2025-08-12 12:23:52 [main] INFO  demoqaLog - Clicking on Elements Card...
Title of this Page is: DEMOQA
You can now Access: Elements
 
2025-08-12 12:23:53 [main] INFO  demoqaLog - Accessing Check Box...
Check Box
2025-08-12 12:23:53 [main] INFO  demoqaLog - You are accessing: Check Box
2025-08-12 12:23:53 [main] INFO  demoqaLog - Clicking on Home Toggle Button...
2025-08-12 12:23:53 [main] INFO  demoqaLog - Selecting Downloads Check Box...
2025-08-12 12:23:53 [main] INFO  demoqaLog - Selected Downloads Check Box...
Information Submitted is: You have selected :
downloads
wordFile
excelFile
2025-08-12 12:23:53 [main] INFO  demoqaLog - You have Selected: You have selected :
downloads
wordFile
excelFile
2025-08-12 12:23:53 [main] INFO  demoqaLog - Test Elements|Home|Selecting Downloads Check Box Completed...
]]></system-out>
  </testcase>
  <testcase name="SelectingWordFile" classname="tests.ElementsTests" time="1.937">
    <system-out><![CDATA[2025-08-12 12:23:53 [main] INFO  demoqaBase - Closing the Browser...
2025-08-12 12:23:53 [main] INFO  demoqaBase - Starting Web Browser...
2025-08-12 12:23:54 [main] INFO  demoqaBase - Navigating to demoqa.com Website
2025-08-12 12:23:58 [main] INFO  demoqaLog - Successfully navigated to: https://demoqa.com
2025-08-12 12:23:58 [main] INFO  demoqaLog - Starting Test Elements|Home|Selecting Downloads|Word File Check Box Test...
2025-08-12 12:23:58 [main] INFO  demoqaLog - Accessing Elements Card...
2025-08-12 12:23:59 [main] INFO  demoqaLog - Successfully navigated to: https://demoqa.com
2025-08-12 12:23:59 [main] INFO  demoqaLog - Clicking on Elements Card...
Title of this Page is: DEMOQA
You can now Access: Elements
 
2025-08-12 12:23:59 [main] INFO  demoqaLog - Accessing Check Box...
Check Box
2025-08-12 12:24:00 [main] INFO  demoqaLog - You are accessing: Check Box
2025-08-12 12:24:00 [main] INFO  demoqaLog - Clicking on Home Toggle Button...
2025-08-12 12:24:00 [main] INFO  demoqaLog - Clicking Downloads Toggle Button...
2025-08-12 12:24:00 [main] INFO  demoqaLog - Clicked Downloads Toggle Button...
2025-08-12 12:24:00 [main] INFO  demoqaLog - Selecting Downloads | Word File Check Box...
2025-08-12 12:24:00 [main] INFO  demoqaLog - Selected Downloads | Word File Check Box...
Information Submitted is: You have selected :
wordFile
2025-08-12 12:24:00 [main] INFO  demoqaLog - You have Selected: You have selected :
wordFile
2025-08-12 12:24:00 [main] INFO  demoqaLog - Test Elements|Home|Selecting Downloads|Word File Check Box Completed...
]]></system-out>
  </testcase>
  <testcase name="SelectingExcelFile" classname="tests.ElementsTests" time="1.883">
    <system-out><![CDATA[2025-08-12 12:24:00 [main] INFO  demoqaBase - Closing the Browser...
2025-08-12 12:24:00 [main] INFO  demoqaBase - Starting Web Browser...
2025-08-12 12:24:01 [main] INFO  demoqaBase - Navigating to demoqa.com Website
2025-08-12 12:24:05 [main] INFO  demoqaLog - Successfully navigated to: https://demoqa.com
2025-08-12 12:24:05 [main] INFO  demoqaLog - Starting Test Elements|Home|Selecting Downloads|Excel File Check Box Test...
2025-08-12 12:24:05 [main] INFO  demoqaLog - Accessing Elements Card...
2025-08-12 12:24:06 [main] INFO  demoqaLog - Successfully navigated to: https://demoqa.com
2025-08-12 12:24:06 [main] INFO  demoqaLog - Clicking on Elements Card...
Title of this Page is: DEMOQA
You can now Access: Elements
 
2025-08-12 12:24:07 [main] INFO  demoqaLog - Accessing Check Box...
Check Box
2025-08-12 12:24:07 [main] INFO  demoqaLog - You are accessing: Check Box
2025-08-12 12:24:07 [main] INFO  demoqaLog - Clicking on Home Toggle Button...
2025-08-12 12:24:07 [main] INFO  demoqaLog - Clicking Downloads Toggle Button...
2025-08-12 12:24:07 [main] INFO  demoqaLog - Clicked Downloads Toggle Button...
2025-08-12 12:24:07 [main] INFO  demoqaLog - Selecting Downloads | Excel File Check Box...
2025-08-12 12:24:07 [main] INFO  demoqaLog - Selected Downloads | Excel File Check Box...
Information Submitted is: You have selected :
excelFile
2025-08-12 12:24:07 [main] INFO  demoqaLog - You have Selected: You have selected :
excelFile
2025-08-12 12:24:07 [main] INFO  demoqaLog - Test Elements|Home|Selecting Downloads|Excel File Check Box Completed...
]]></system-out>
  </testcase>
  <testcase name="SelectingAllFiles" classname="tests.ElementsTests" time="1.785">
    <system-out><![CDATA[2025-08-12 12:24:07 [main] INFO  demoqaBase - Closing the Browser...
2025-08-12 12:24:07 [main] INFO  demoqaBase - Starting Web Browser...
2025-08-12 12:24:08 [main] INFO  demoqaBase - Navigating to demoqa.com Website
2025-08-12 12:24:12 [main] INFO  demoqaLog - Successfully navigated to: https://demoqa.com
2025-08-12 12:24:12 [main] INFO  demoqaLog - Starting Test Elements|Home|Selecting Downloads|Word & Excel File Check Boxes Test...
2025-08-12 12:24:12 [main] INFO  demoqaLog - Accessing Elements Card...
2025-08-12 12:24:13 [main] INFO  demoqaLog - Successfully navigated to: https://demoqa.com
2025-08-12 12:24:13 [main] INFO  demoqaLog - Clicking on Elements Card...
Title of this Page is: DEMOQA
You can now Access: Elements
 
2025-08-12 12:24:14 [main] INFO  demoqaLog - Accessing Check Box...
Check Box
2025-08-12 12:24:14 [main] INFO  demoqaLog - You are accessing: Check Box
2025-08-12 12:24:14 [main] INFO  demoqaLog - Clicking on Home Toggle Button...
2025-08-12 12:24:14 [main] INFO  demoqaLog - Clicking Downloads Toggle Button...
2025-08-12 12:24:14 [main] INFO  demoqaLog - Clicked Downloads Toggle Button...
2025-08-12 12:24:14 [main] INFO  demoqaLog - Selecting Downloads | Word File Check Box...
2025-08-12 12:24:14 [main] INFO  demoqaLog - Selected Downloads | Word File Check Box...
2025-08-12 12:24:14 [main] INFO  demoqaLog - Selecting Downloads | Excel File Check Box...
2025-08-12 12:24:14 [main] INFO  demoqaLog - Selected Downloads | Excel File Check Box...
Information Submitted is: You have selected :
downloads
wordFile
excelFile
2025-08-12 12:24:14 [main] INFO  demoqaLog - You have Selected: You have selected :
downloads
wordFile
excelFile
2025-08-12 12:24:14 [main] INFO  demoqaLog - Test Elements|Home|Selecting Downloads|Word & Excel File Check Boxes Completed...
]]></system-out>
  </testcase>
  <testcase name="clickRadioButton" classname="tests.ElementsTests" time="1.589">
    <system-out><![CDATA[2025-08-12 12:24:14 [main] INFO  demoqaBase - Closing the Browser...
2025-08-12 12:24:15 [main] INFO  demoqaBase - Starting Web Browser...
2025-08-12 12:24:15 [main] INFO  demoqaBase - Navigating to demoqa.com Website
2025-08-12 12:24:19 [main] INFO  demoqaLog - Successfully navigated to: https://demoqa.com
2025-08-12 12:24:19 [main] INFO  demoqaLog - Starting Test Elements|Radio Button Test...
2025-08-12 12:24:19 [main] INFO  demoqaLog - Accessing Elements Card...
2025-08-12 12:24:21 [main] INFO  demoqaLog - Successfully navigated to: https://demoqa.com
2025-08-12 12:24:21 [main] INFO  demoqaLog - Clicking on Elements Card...
Title of this Page is: DEMOQA
You can now Access: Elements
 
2025-08-12 12:24:21 [main] INFO  demoqaLog - Clicking on Radio Button...
2025-08-12 12:24:21 [main] INFO  demoqaLog - Validating Radio Button Click...
Page Title is: Radio Button
2025-08-12 12:24:21 [main] INFO  demoqaLog - Test Elements|Radio Button Completed...
]]></system-out>
  </testcase>
  <testcase name="SelectYesRadioButton" classname="tests.ElementsTests" time="1.569">
    <system-out><![CDATA[2025-08-12 12:24:21 [main] INFO  demoqaBase - Closing the Browser...
2025-08-12 12:24:21 [main] INFO  demoqaBase - Starting Web Browser...
2025-08-12 12:24:22 [main] INFO  demoqaBase - Navigating to demoqa.com Website
2025-08-12 12:24:27 [main] INFO  demoqaLog - Successfully navigated to: https://demoqa.com
2025-08-12 12:24:27 [main] INFO  demoqaLog - Starting Test Elements|Yes Radio Button Test...
2025-08-12 12:24:27 [main] INFO  demoqaLog - Accessing Elements Card...
2025-08-12 12:24:28 [main] INFO  demoqaLog - Successfully navigated to: https://demoqa.com
2025-08-12 12:24:28 [main] INFO  demoqaLog - Clicking on Elements Card...
Title of this Page is: DEMOQA
You can now Access: Elements
 
2025-08-12 12:24:28 [main] INFO  demoqaLog - Clicking on Radio Button...
2025-08-12 12:24:28 [main] INFO  demoqaLog - Selecting on Yes Radio Button...
2025-08-12 12:24:28 [main] INFO  demoqaLog - Validating Radio Selection Test Result...
2025-08-12 12:24:28 [main] INFO  demoqaLog - You have selected: Yes
2025-08-12 12:24:28 [main] INFO  demoqaLog - Test Case of Radio Button Selection PASSED...
2025-08-12 12:24:28 [main] INFO  demoqaLog - Test Elements|Yes Radio Button Completed...
]]></system-out>
  </testcase>
  <testcase name="SelectImpressiveRadioButton" classname="tests.ElementsTests" time="1.276">
    <system-out><![CDATA[2025-08-12 12:24:28 [main] INFO  demoqaBase - Closing the Browser...
2025-08-12 12:24:28 [main] INFO  demoqaBase - Starting Web Browser...
2025-08-12 12:24:29 [main] INFO  demoqaBase - Navigating to demoqa.com Website
2025-08-12 12:24:34 [main] INFO  demoqaLog - Successfully navigated to: https://demoqa.com
2025-08-12 12:24:34 [main] INFO  demoqaLog - Starting Test Elements|Yes Radio Button Test...
2025-08-12 12:24:34 [main] INFO  demoqaLog - Accessing Elements Card...
2025-08-12 12:24:34 [main] INFO  demoqaLog - Successfully navigated to: https://demoqa.com
2025-08-12 12:24:34 [main] INFO  demoqaLog - Clicking on Elements Card...
Title of this Page is: DEMOQA
You can now Access: Elements
 
2025-08-12 12:24:35 [main] INFO  demoqaLog - Clicking on Radio Button...
2025-08-12 12:24:35 [main] INFO  demoqaLog - Selecting on Impressive Radio Button...
2025-08-12 12:24:35 [main] INFO  demoqaLog - Validating Radio Selection Test Result...
2025-08-12 12:24:35 [main] INFO  demoqaLog - You have selected: Impressive
2025-08-12 12:24:35 [main] INFO  demoqaLog - Test Case of Radio Button Selection PASSED...
2025-08-12 12:24:35 [main] INFO  demoqaLog - Test Elements|Radio Button|Impressive Completed...
]]></system-out>
  </testcase>
  <testcase name="WebTablesClick" classname="tests.ElementsTests" time="1.551">
    <system-out><![CDATA[2025-08-12 12:24:35 [main] INFO  demoqaBase - Closing the Browser...
2025-08-12 12:24:35 [main] INFO  demoqaBase - Starting Web Browser...
2025-08-12 12:24:36 [main] INFO  demoqaBase - Navigating to demoqa.com Website
2025-08-12 12:24:40 [main] INFO  demoqaLog - Successfully navigated to: https://demoqa.com
2025-08-12 12:24:40 [main] INFO  demoqaLog - Starting Test Elements|Web Tables Test...
2025-08-12 12:24:40 [main] INFO  demoqaLog - Accessing Elements Card...
2025-08-12 12:24:42 [main] INFO  demoqaLog - Successfully navigated to: https://demoqa.com
2025-08-12 12:24:42 [main] INFO  demoqaLog - Clicking on Elements Card...
Title of this Page is: DEMOQA
You can now Access: Elements
 
2025-08-12 12:24:42 [main] INFO  demoqaLog - Click on Elements|Web Tables...
2025-08-12 12:24:42 [main] INFO  demoqaLog - Test Elements|Web Tables Completed...
]]></system-out>
  </testcase>
  <testcase name="webTableNewRegistration[WebTableUser{firstName=&apos;Johny&apos;, lastName=&apos;Bravo&apos;, email=&apos;Jbravo@demoqa.com&apos;, salary=280000, age=340, department=&apos;Information Technology&apos;}](1)" classname="tests.ElementsTests" time="2.9">
    <system-out><![CDATA[2025-08-12 12:24:42 [main] INFO  demoqaBase - Closing the Browser...
2025-08-12 12:24:43 [main] INFO  demoqaBase - Starting Web Browser...
2025-08-12 12:24:44 [main] INFO  demoqaBase - Navigating to demoqa.com Website
2025-08-12 12:24:48 [main] INFO  demoqaLog - Successfully navigated to: https://demoqa.com
2025-08-12 12:24:48 [main] INFO  demoqaLog - Starting Test Elements|Web Tables|Registration Form Create User...
2025-08-12 12:24:48 [main] INFO  demoqaLog - Accessing Elements Card...
2025-08-12 12:24:49 [main] INFO  demoqaLog - Successfully navigated to: https://demoqa.com
2025-08-12 12:24:49 [main] INFO  demoqaLog - Clicking on Elements Card...
Title of this Page is: DEMOQA
You can now Access: Elements
 
2025-08-12 12:24:49 [main] INFO  demoqaLog - Click on Elements|Web Tables...
2025-08-12 12:24:50 [main] INFO  demoqaLog - Click on Elements|Web Tables|Registration Form...
2025-08-12 12:24:50 [main] ERROR demoqaLog - Registering User: Johny
2025-08-12 12:24:50 [main] INFO  demoqaLog - Click on Elements|Web Tables|Registration Form|FirstName...
2025-08-12 12:24:50 [main] INFO  demoqaLog - First Name entered is: Johny
2025-08-12 12:24:50 [main] INFO  demoqaLog - Click on Elements|Web Tables|Registration Form|LastName...
Last Name is: Bravo
2025-08-12 12:24:50 [main] INFO  demoqaLog - Last Name entered is: Bravo
2025-08-12 12:24:50 [main] INFO  demoqaLog - Click on Elements|Web Tables|Registration Form|Email...
Email ID is: Jbravo@demoqa.com
2025-08-12 12:24:51 [main] INFO  demoqaLog - Email entered is: Jbravo@demoqa.com
2025-08-12 12:24:51 [main] INFO  demoqaLog - Click on Elements|Web Tables|Registration Form|Age...
2025-08-12 12:24:51 [main] INFO  demoqaLog - Age entered is: 34
2025-08-12 12:24:51 [main] INFO  demoqaLog - Click on Elements|Web Tables|Registration Form|Salary...
2025-08-12 12:24:51 [main] INFO  demoqaLog - Salary entered is: 280000
2025-08-12 12:24:51 [main] INFO  demoqaLog - Click on Elements|Web Tables|Registration Form|Department...
2025-08-12 12:24:51 [main] INFO  demoqaLog - Department entered is: Information Technology
2025-08-12 12:24:51 [main] INFO  demoqaLog - Submitting Registration Form...
2025-08-12 12:24:51 [main] INFO  demoqaLog - Registration Form Submitted...
2025-08-12 12:24:51 [main] ERROR demoqaLog - Submitted to register user: Johny
2025-08-12 12:24:51 [main] INFO  demoqaLog - Test Elements|Web Tables|Registration Form Create User Completed...
]]></system-out>
  </testcase>
  <testcase name="webTableNewRegistration[WebTableUser{firstName=&apos;Gene&apos;, lastName=&apos;Femina&apos;, email=&apos;GFemina@demoqa.com&apos;, salary=180000, age=300, department=&apos;Finance&apos;}](2)" classname="tests.ElementsTests" time="3.384">
    <system-out><![CDATA[2025-08-12 12:24:51 [main] INFO  demoqaBase - Closing the Browser...
2025-08-12 12:24:52 [main] INFO  demoqaBase - Starting Web Browser...
2025-08-12 12:24:53 [main] INFO  demoqaBase - Navigating to demoqa.com Website
2025-08-12 12:24:57 [main] INFO  demoqaLog - Successfully navigated to: https://demoqa.com
2025-08-12 12:24:57 [main] INFO  demoqaLog - Starting Test Elements|Web Tables|Registration Form Create User...
2025-08-12 12:24:57 [main] INFO  demoqaLog - Accessing Elements Card...
2025-08-12 12:24:58 [main] INFO  demoqaLog - Successfully navigated to: https://demoqa.com
2025-08-12 12:24:58 [main] INFO  demoqaLog - Clicking on Elements Card...
Title of this Page is: DEMOQA
You can now Access: Elements
 
2025-08-12 12:24:58 [main] INFO  demoqaLog - Click on Elements|Web Tables...
2025-08-12 12:24:58 [main] INFO  demoqaLog - Click on Elements|Web Tables|Registration Form...
2025-08-12 12:24:58 [main] ERROR demoqaLog - Registering User: Gene
2025-08-12 12:24:58 [main] INFO  demoqaLog - Click on Elements|Web Tables|Registration Form|FirstName...
2025-08-12 12:24:59 [main] INFO  demoqaLog - First Name entered is: Gene
2025-08-12 12:24:59 [main] INFO  demoqaLog - Click on Elements|Web Tables|Registration Form|LastName...
Last Name is: Femina
2025-08-12 12:24:59 [main] INFO  demoqaLog - Last Name entered is: Femina
2025-08-12 12:24:59 [main] INFO  demoqaLog - Click on Elements|Web Tables|Registration Form|Email...
Email ID is: GFemina@demoqa.com
2025-08-12 12:24:59 [main] INFO  demoqaLog - Email entered is: GFemina@demoqa.com
2025-08-12 12:24:59 [main] INFO  demoqaLog - Click on Elements|Web Tables|Registration Form|Age...
2025-08-12 12:25:00 [main] INFO  demoqaLog - Age entered is: 30
2025-08-12 12:25:00 [main] INFO  demoqaLog - Click on Elements|Web Tables|Registration Form|Salary...
2025-08-12 12:25:00 [main] INFO  demoqaLog - Salary entered is: 180000
2025-08-12 12:25:00 [main] INFO  demoqaLog - Click on Elements|Web Tables|Registration Form|Department...
2025-08-12 12:25:00 [main] INFO  demoqaLog - Department entered is: Finance
2025-08-12 12:25:00 [main] INFO  demoqaLog - Submitting Registration Form...
2025-08-12 12:25:00 [main] INFO  demoqaLog - Registration Form Submitted...
2025-08-12 12:25:00 [main] ERROR demoqaLog - Submitted to register user: Gene
2025-08-12 12:25:00 [main] INFO  demoqaLog - Test Elements|Web Tables|Registration Form Create User Completed...
]]></system-out>
  </testcase>
  <testcase name="webTableNewRegistration[WebTableUser{firstName=&apos;Bud&apos;, lastName=&apos;Wisem&apos;, email=&apos;BWisem@demoqa.com&apos;, salary=150000, age=400, department=&apos;Medicine&apos;}](3)" classname="tests.ElementsTests" time="3.707">
    <system-out><![CDATA[2025-08-12 12:25:00 [main] INFO  demoqaBase - Closing the Browser...
2025-08-12 12:25:01 [main] INFO  demoqaBase - Starting Web Browser...
2025-08-12 12:25:02 [main] INFO  demoqaBase - Navigating to demoqa.com Website
2025-08-12 12:25:06 [main] INFO  demoqaLog - Successfully navigated to: https://demoqa.com
2025-08-12 12:25:06 [main] INFO  demoqaLog - Starting Test Elements|Web Tables|Registration Form Create User...
2025-08-12 12:25:06 [main] INFO  demoqaLog - Accessing Elements Card...
2025-08-12 12:25:07 [main] INFO  demoqaLog - Successfully navigated to: https://demoqa.com
2025-08-12 12:25:07 [main] INFO  demoqaLog - Clicking on Elements Card...
Title of this Page is: DEMOQA
You can now Access: Elements
 
2025-08-12 12:25:07 [main] INFO  demoqaLog - Click on Elements|Web Tables...
2025-08-12 12:25:07 [main] INFO  demoqaLog - Click on Elements|Web Tables|Registration Form...
2025-08-12 12:25:07 [main] ERROR demoqaLog - Registering User: Bud
2025-08-12 12:25:07 [main] INFO  demoqaLog - Click on Elements|Web Tables|Registration Form|FirstName...
2025-08-12 12:25:08 [main] INFO  demoqaLog - First Name entered is: Bud
2025-08-12 12:25:08 [main] INFO  demoqaLog - Click on Elements|Web Tables|Registration Form|LastName...
Last Name is: Wisem
2025-08-12 12:25:08 [main] INFO  demoqaLog - Last Name entered is: Wisem
2025-08-12 12:25:08 [main] INFO  demoqaLog - Click on Elements|Web Tables|Registration Form|Email...
Email ID is: BWisem@demoqa.com
2025-08-12 12:25:08 [main] INFO  demoqaLog - Email entered is: BWisem@demoqa.com
2025-08-12 12:25:08 [main] INFO  demoqaLog - Click on Elements|Web Tables|Registration Form|Age...
2025-08-12 12:25:09 [main] INFO  demoqaLog - Age entered is: 40
2025-08-12 12:25:09 [main] INFO  demoqaLog - Click on Elements|Web Tables|Registration Form|Salary...
2025-08-12 12:25:09 [main] INFO  demoqaLog - Salary entered is: 150000
2025-08-12 12:25:09 [main] INFO  demoqaLog - Click on Elements|Web Tables|Registration Form|Department...
2025-08-12 12:25:09 [main] INFO  demoqaLog - Department entered is: Medicine
2025-08-12 12:25:09 [main] INFO  demoqaLog - Submitting Registration Form...
2025-08-12 12:25:10 [main] INFO  demoqaLog - Registration Form Submitted...
2025-08-12 12:25:10 [main] ERROR demoqaLog - Submitted to register user: Bud
2025-08-12 12:25:10 [main] INFO  demoqaLog - Test Elements|Web Tables|Registration Form Create User Completed...
]]></system-out>
  </testcase>
  <testcase name="webTableNewRegistration[WebTableUser{firstName=&apos;Tom&apos;, lastName=&apos;Boss&apos;, email=&apos;TBoss@demoqa.com&apos;, salary=190000, age=420, department=&apos;Recreation&apos;}](4)" classname="tests.ElementsTests" time="3.427">
    <system-out><![CDATA[2025-08-12 12:25:10 [main] INFO  demoqaBase - Closing the Browser...
2025-08-12 12:25:10 [main] INFO  demoqaBase - Starting Web Browser...
2025-08-12 12:25:11 [main] INFO  demoqaBase - Navigating to demoqa.com Website
2025-08-12 12:25:15 [main] INFO  demoqaLog - Successfully navigated to: https://demoqa.com
2025-08-12 12:25:15 [main] INFO  demoqaLog - Starting Test Elements|Web Tables|Registration Form Create User...
2025-08-12 12:25:15 [main] INFO  demoqaLog - Accessing Elements Card...
2025-08-12 12:25:16 [main] INFO  demoqaLog - Successfully navigated to: https://demoqa.com
2025-08-12 12:25:16 [main] INFO  demoqaLog - Clicking on Elements Card...
Title of this Page is: DEMOQA
You can now Access: Elements
 
2025-08-12 12:25:16 [main] INFO  demoqaLog - Click on Elements|Web Tables...
2025-08-12 12:25:16 [main] INFO  demoqaLog - Click on Elements|Web Tables|Registration Form...
2025-08-12 12:25:17 [main] ERROR demoqaLog - Registering User: Tom
2025-08-12 12:25:17 [main] INFO  demoqaLog - Click on Elements|Web Tables|Registration Form|FirstName...
2025-08-12 12:25:17 [main] INFO  demoqaLog - First Name entered is: Tom
2025-08-12 12:25:17 [main] INFO  demoqaLog - Click on Elements|Web Tables|Registration Form|LastName...
Last Name is: Boss
2025-08-12 12:25:17 [main] INFO  demoqaLog - Last Name entered is: Boss
2025-08-12 12:25:17 [main] INFO  demoqaLog - Click on Elements|Web Tables|Registration Form|Email...
Email ID is: TBoss@demoqa.com
2025-08-12 12:25:17 [main] INFO  demoqaLog - Email entered is: TBoss@demoqa.com
2025-08-12 12:25:17 [main] INFO  demoqaLog - Click on Elements|Web Tables|Registration Form|Age...
2025-08-12 12:25:18 [main] INFO  demoqaLog - Age entered is: 42
2025-08-12 12:25:18 [main] INFO  demoqaLog - Click on Elements|Web Tables|Registration Form|Salary...
2025-08-12 12:25:18 [main] INFO  demoqaLog - Salary entered is: 190000
2025-08-12 12:25:18 [main] INFO  demoqaLog - Click on Elements|Web Tables|Registration Form|Department...
2025-08-12 12:25:18 [main] INFO  demoqaLog - Department entered is: Recreation
2025-08-12 12:25:18 [main] INFO  demoqaLog - Submitting Registration Form...
2025-08-12 12:25:18 [main] INFO  demoqaLog - Registration Form Submitted...
2025-08-12 12:25:18 [main] ERROR demoqaLog - Submitted to register user: Tom
2025-08-12 12:25:18 [main] INFO  demoqaLog - Test Elements|Web Tables|Registration Form Create User Completed...
]]></system-out>
  </testcase>
  <testcase name="webTableAddSearch[WebTableUser{firstName=&apos;Johny&apos;, lastName=&apos;Bravo&apos;, email=&apos;Jbravo@demoqa.com&apos;, salary=280000, age=340, department=&apos;Information Technology&apos;}](1)" classname="tests.ElementsTests" time="3.912">
    <system-out><![CDATA[2025-08-12 12:25:18 [main] INFO  demoqaBase - Closing the Browser...
2025-08-12 12:25:19 [main] INFO  demoqaBase - Starting Web Browser...
2025-08-12 12:25:20 [main] INFO  demoqaBase - Navigating to demoqa.com Website
2025-08-12 12:25:24 [main] INFO  demoqaLog - Successfully navigated to: https://demoqa.com
2025-08-12 12:25:24 [main] INFO  demoqaLog - Starting Test Registration Form Add & Search...
2025-08-12 12:25:24 [main] INFO  demoqaLog - Accessing Elements Card...
2025-08-12 12:25:25 [main] INFO  demoqaLog - Successfully navigated to: https://demoqa.com
2025-08-12 12:25:25 [main] INFO  demoqaLog - Clicking on Elements Card...
Title of this Page is: DEMOQA
You can now Access: Elements
 
2025-08-12 12:25:25 [main] INFO  demoqaLog - Click on Elements|Web Tables...
2025-08-12 12:25:25 [main] INFO  demoqaLog - Click on Elements|Web Tables|Registration Form...
2025-08-12 12:25:25 [main] ERROR demoqaLog - Registering User: Johny
2025-08-12 12:25:25 [main] INFO  demoqaLog - Click on Elements|Web Tables|Registration Form|FirstName...
2025-08-12 12:25:26 [main] INFO  demoqaLog - First Name entered is: Johny
2025-08-12 12:25:26 [main] INFO  demoqaLog - Click on Elements|Web Tables|Registration Form|LastName...
Last Name is: Bravo
2025-08-12 12:25:26 [main] INFO  demoqaLog - Last Name entered is: Bravo
2025-08-12 12:25:26 [main] INFO  demoqaLog - Click on Elements|Web Tables|Registration Form|Email...
Email ID is: Jbravo@demoqa.com
2025-08-12 12:25:26 [main] INFO  demoqaLog - Email entered is: Jbravo@demoqa.com
2025-08-12 12:25:26 [main] INFO  demoqaLog - Click on Elements|Web Tables|Registration Form|Age...
2025-08-12 12:25:27 [main] INFO  demoqaLog - Age entered is: 34
2025-08-12 12:25:27 [main] INFO  demoqaLog - Click on Elements|Web Tables|Registration Form|Salary...
2025-08-12 12:25:27 [main] INFO  demoqaLog - Salary entered is: 280000
2025-08-12 12:25:27 [main] INFO  demoqaLog - Click on Elements|Web Tables|Registration Form|Department...
2025-08-12 12:25:27 [main] INFO  demoqaLog - Department entered is: Information Technology
2025-08-12 12:25:27 [main] INFO  demoqaLog - Submitting Registration Form...
2025-08-12 12:25:27 [main] INFO  demoqaLog - Registration Form Submitted...
2025-08-12 12:25:27 [main] ERROR demoqaLog - Submitted to register user: Johny
2025-08-12 12:25:27 [main] INFO  demoqaLog - Searching by First Name...
2025-08-12 12:25:28 [main] INFO  demoqaLog - Test for Registration Form Add & Search Completed...
]]></system-out>
  </testcase>
  <testcase name="webTableAddEditFirstName[WebTableUser{firstName=&apos;Tonny&apos;, lastName=&apos;Bravo&apos;, email=&apos;Jbravo@demoqa.com&apos;, salary=280000, age=340, department=&apos;Information Technology&apos;}](1)" classname="tests.ElementsTests" time="4.933">
    <system-out><![CDATA[2025-08-12 12:25:28 [main] INFO  demoqaBase - Closing the Browser...
2025-08-12 12:25:28 [main] INFO  demoqaBase - Starting Web Browser...
2025-08-12 12:25:29 [main] INFO  demoqaBase - Navigating to demoqa.com Website
2025-08-12 12:25:33 [main] INFO  demoqaLog - Successfully navigated to: https://demoqa.com
2025-08-12 12:25:33 [main] INFO  demoqaLog - Starting Test Registration Form Modify First Name...
2025-08-12 12:25:33 [main] INFO  demoqaLog - Accessing Elements Card...
2025-08-12 12:25:34 [main] INFO  demoqaLog - Successfully navigated to: https://demoqa.com
2025-08-12 12:25:34 [main] INFO  demoqaLog - Clicking on Elements Card...
Title of this Page is: DEMOQA
You can now Access: Elements
 
2025-08-12 12:25:35 [main] INFO  demoqaLog - Click on Elements|Web Tables...
2025-08-12 12:25:35 [main] INFO  demoqaLog - Click on Elements|Web Tables|Registration Form...
2025-08-12 12:25:35 [main] ERROR demoqaLog - Registering User: Johny
2025-08-12 12:25:35 [main] INFO  demoqaLog - Click on Elements|Web Tables|Registration Form|FirstName...
2025-08-12 12:25:35 [main] INFO  demoqaLog - First Name entered is: Johny
2025-08-12 12:25:35 [main] INFO  demoqaLog - Click on Elements|Web Tables|Registration Form|LastName...
Last Name is: Bravo
2025-08-12 12:25:35 [main] INFO  demoqaLog - Last Name entered is: Bravo
2025-08-12 12:25:35 [main] INFO  demoqaLog - Click on Elements|Web Tables|Registration Form|Email...
Email ID is: Jbravo@demoqa.com
2025-08-12 12:25:36 [main] INFO  demoqaLog - Email entered is: Jbravo@demoqa.com
2025-08-12 12:25:36 [main] INFO  demoqaLog - Click on Elements|Web Tables|Registration Form|Age...
2025-08-12 12:25:36 [main] INFO  demoqaLog - Age entered is: 34
2025-08-12 12:25:36 [main] INFO  demoqaLog - Click on Elements|Web Tables|Registration Form|Salary...
2025-08-12 12:25:36 [main] INFO  demoqaLog - Salary entered is: 280000
2025-08-12 12:25:36 [main] INFO  demoqaLog - Click on Elements|Web Tables|Registration Form|Department...
2025-08-12 12:25:36 [main] INFO  demoqaLog - Department entered is: Information Technology
2025-08-12 12:25:37 [main] INFO  demoqaLog - Submitting Registration Form...
2025-08-12 12:25:37 [main] INFO  demoqaLog - Registration Form Submitted...
2025-08-12 12:25:37 [main] ERROR demoqaLog - Submitted to register user: Johny
2025-08-12 12:25:37 [main] INFO  demoqaLog - Modifying First Name of the user...
2025-08-12 12:25:38 [main] INFO  demoqaLog - Test Registration Form Modify First Name Completed Successfully...
]]></system-out>
  </testcase>
  <testcase name="webTableAddSearchEdit[WebTableUser{firstName=&apos;Tonny&apos;, lastName=&apos;Bravo&apos;, email=&apos;Jbravo@demoqa.com&apos;, salary=280000, age=340, department=&apos;Information Technology&apos;}](1)" classname="tests.ElementsTests" time="5.534">
    <system-out><![CDATA[2025-08-12 12:25:38 [main] INFO  demoqaBase - Closing the Browser...
2025-08-12 12:25:39 [main] INFO  demoqaBase - Starting Web Browser...
2025-08-12 12:25:40 [main] INFO  demoqaBase - Navigating to demoqa.com Website
2025-08-12 12:25:44 [main] INFO  demoqaLog - Successfully navigated to: https://demoqa.com
2025-08-12 12:25:44 [main] INFO  demoqaLog - Starting Test Registration Form Search & Modify First Name...
2025-08-12 12:25:44 [main] INFO  demoqaLog - Accessing Elements Card...
2025-08-12 12:25:45 [main] INFO  demoqaLog - Successfully navigated to: https://demoqa.com
2025-08-12 12:25:45 [main] INFO  demoqaLog - Clicking on Elements Card...
Title of this Page is: DEMOQA
You can now Access: Elements
 
2025-08-12 12:25:45 [main] INFO  demoqaLog - Click on Elements|Web Tables...
2025-08-12 12:25:45 [main] INFO  demoqaLog - Click on Elements|Web Tables|Registration Form...
2025-08-12 12:25:45 [main] ERROR demoqaLog - Registering User: Johny
2025-08-12 12:25:45 [main] INFO  demoqaLog - Click on Elements|Web Tables|Registration Form|FirstName...
2025-08-12 12:25:46 [main] INFO  demoqaLog - First Name entered is: Johny
2025-08-12 12:25:46 [main] INFO  demoqaLog - Click on Elements|Web Tables|Registration Form|LastName...
Last Name is: Bravo
2025-08-12 12:25:46 [main] INFO  demoqaLog - Last Name entered is: Bravo
2025-08-12 12:25:46 [main] INFO  demoqaLog - Click on Elements|Web Tables|Registration Form|Email...
Email ID is: Jbravo@demoqa.com
2025-08-12 12:25:46 [main] INFO  demoqaLog - Email entered is: Jbravo@demoqa.com
2025-08-12 12:25:46 [main] INFO  demoqaLog - Click on Elements|Web Tables|Registration Form|Age...
2025-08-12 12:25:47 [main] INFO  demoqaLog - Age entered is: 34
2025-08-12 12:25:47 [main] INFO  demoqaLog - Click on Elements|Web Tables|Registration Form|Salary...
2025-08-12 12:25:47 [main] INFO  demoqaLog - Salary entered is: 280000
2025-08-12 12:25:47 [main] INFO  demoqaLog - Click on Elements|Web Tables|Registration Form|Department...
2025-08-12 12:25:47 [main] INFO  demoqaLog - Department entered is: Information Technology
2025-08-12 12:25:47 [main] INFO  demoqaLog - Submitting Registration Form...
2025-08-12 12:25:47 [main] INFO  demoqaLog - Registration Form Submitted...
2025-08-12 12:25:47 [main] ERROR demoqaLog - Submitted to register user: Johny
2025-08-12 12:25:48 [main] INFO  demoqaLog - Modifying First Name of the user...
2025-08-12 12:25:49 [main] INFO  demoqaLog - Updated First Name is: Tonny
2025-08-12 12:25:49 [main] INFO  demoqaLog - Test Registration Form Search & Modify First Name Completed Successfully...
]]></system-out>
  </testcase>
  <testcase name="webTableDeleteUser[WebTableUser{firstName=&apos;Johny&apos;, lastName=&apos;Bravo&apos;, email=&apos;Jbravo@demoqa.com&apos;, salary=280000, age=340, department=&apos;Information Technology&apos;}](1)" classname="tests.ElementsTests" time="3.344">
    <system-out><![CDATA[2025-08-12 12:25:49 [main] INFO  demoqaBase - Closing the Browser...
2025-08-12 12:25:50 [main] INFO  demoqaBase - Starting Web Browser...
2025-08-12 12:25:51 [main] INFO  demoqaBase - Navigating to demoqa.com Website
2025-08-12 12:25:55 [main] INFO  demoqaLog - Successfully navigated to: https://demoqa.com
2025-08-12 12:25:55 [main] INFO  demoqaLog - Starting Test for Deleting User from Web Table...
2025-08-12 12:25:55 [main] INFO  demoqaLog - Accessing Elements Card...
2025-08-12 12:25:56 [main] INFO  demoqaLog - Successfully navigated to: https://demoqa.com
2025-08-12 12:25:56 [main] INFO  demoqaLog - Clicking on Elements Card...
Title of this Page is: DEMOQA
You can now Access: Elements
 
2025-08-12 12:25:56 [main] INFO  demoqaLog - Click on Elements|Web Tables...
2025-08-12 12:25:56 [main] INFO  demoqaLog - Click on Elements|Web Tables|Registration Form...
2025-08-12 12:25:56 [main] ERROR demoqaLog - Registering User: Johny
2025-08-12 12:25:56 [main] INFO  demoqaLog - Click on Elements|Web Tables|Registration Form|FirstName...
2025-08-12 12:25:57 [main] INFO  demoqaLog - First Name entered is: Johny
2025-08-12 12:25:57 [main] INFO  demoqaLog - Click on Elements|Web Tables|Registration Form|LastName...
Last Name is: Bravo
2025-08-12 12:25:57 [main] INFO  demoqaLog - Last Name entered is: Bravo
2025-08-12 12:25:57 [main] INFO  demoqaLog - Click on Elements|Web Tables|Registration Form|Email...
Email ID is: Jbravo@demoqa.com
2025-08-12 12:25:57 [main] INFO  demoqaLog - Email entered is: Jbravo@demoqa.com
2025-08-12 12:25:57 [main] INFO  demoqaLog - Click on Elements|Web Tables|Registration Form|Age...
2025-08-12 12:25:57 [main] INFO  demoqaLog - Age entered is: 34
2025-08-12 12:25:57 [main] INFO  demoqaLog - Click on Elements|Web Tables|Registration Form|Salary...
2025-08-12 12:25:57 [main] INFO  demoqaLog - Salary entered is: 280000
2025-08-12 12:25:57 [main] INFO  demoqaLog - Click on Elements|Web Tables|Registration Form|Department...
2025-08-12 12:25:58 [main] INFO  demoqaLog - Department entered is: Information Technology
2025-08-12 12:25:58 [main] INFO  demoqaLog - Submitting Registration Form...
2025-08-12 12:25:58 [main] INFO  demoqaLog - Registration Form Submitted...
2025-08-12 12:25:58 [main] ERROR demoqaLog - Submitted to register user: Johny
2025-08-12 12:25:58 [main] INFO  demoqaLog - Deleting User from Webtable: Johny
2025-08-12 12:25:58 [main] INFO  demoqaLog - Test for Deleting User from Web Table Completed Successfully...
]]></system-out>
  </testcase>
  <testcase name="testAddAllUsersFromExcel" classname="tests.ElementsTests" time="8.513">
    <system-out><![CDATA[2025-08-12 12:25:58 [main] INFO  demoqaBase - Closing the Browser...
2025-08-12 12:25:58 [main] INFO  demoqaBase - Starting Web Browser...
2025-08-12 12:25:59 [main] INFO  demoqaBase - Navigating to demoqa.com Website
2025-08-12 12:26:03 [main] INFO  demoqaLog - Successfully navigated to: https://demoqa.com
2025-08-12 12:26:03 [main] INFO  demoqaLog - Accessing Elements Card...
2025-08-12 12:26:05 [main] INFO  demoqaLog - Successfully navigated to: https://demoqa.com
2025-08-12 12:26:05 [main] INFO  demoqaLog - Clicking on Elements Card...
Title of this Page is: DEMOQA
You can now Access: Elements
 
2025-08-12 12:26:05 [main] INFO  demoqaLog - Click on Elements|Web Tables...
2025-08-12 12:26:05 [main] INFO  demoqaLog - Click on Elements|Web Tables|Registration Form...
2025-08-12 12:26:05 [main] ERROR demoqaLog - Registering User: Johny
2025-08-12 12:26:05 [main] INFO  demoqaLog - Click on Elements|Web Tables|Registration Form|FirstName...
2025-08-12 12:26:05 [main] INFO  demoqaLog - First Name entered is: Johny
2025-08-12 12:26:05 [main] INFO  demoqaLog - Click on Elements|Web Tables|Registration Form|LastName...
Last Name is: Bravo
2025-08-12 12:26:06 [main] INFO  demoqaLog - Last Name entered is: Bravo
2025-08-12 12:26:06 [main] INFO  demoqaLog - Click on Elements|Web Tables|Registration Form|Email...
Email ID is: Jbravo@demoqa.com
2025-08-12 12:26:06 [main] INFO  demoqaLog - Email entered is: Jbravo@demoqa.com
2025-08-12 12:26:06 [main] INFO  demoqaLog - Click on Elements|Web Tables|Registration Form|Age...
2025-08-12 12:26:06 [main] INFO  demoqaLog - Age entered is: 34
2025-08-12 12:26:06 [main] INFO  demoqaLog - Click on Elements|Web Tables|Registration Form|Salary...
2025-08-12 12:26:07 [main] INFO  demoqaLog - Salary entered is: 280000
2025-08-12 12:26:07 [main] INFO  demoqaLog - Click on Elements|Web Tables|Registration Form|Department...
2025-08-12 12:26:07 [main] INFO  demoqaLog - Department entered is: Information Technology
2025-08-12 12:26:07 [main] INFO  demoqaLog - Submitting Registration Form...
2025-08-12 12:26:07 [main] INFO  demoqaLog - Registration Form Submitted...
2025-08-12 12:26:07 [main] ERROR demoqaLog - Submitted to register user: Johny
2025-08-12 12:26:07 [main] INFO  demoqaLog - Click on Elements|Web Tables|Registration Form...
2025-08-12 12:26:08 [main] ERROR demoqaLog - Registering User: Gene
2025-08-12 12:26:08 [main] INFO  demoqaLog - Click on Elements|Web Tables|Registration Form|FirstName...
2025-08-12 12:26:08 [main] INFO  demoqaLog - First Name entered is: Gene
2025-08-12 12:26:08 [main] INFO  demoqaLog - Click on Elements|Web Tables|Registration Form|LastName...
Last Name is: Femina
2025-08-12 12:26:08 [main] INFO  demoqaLog - Last Name entered is: Femina
2025-08-12 12:26:08 [main] INFO  demoqaLog - Click on Elements|Web Tables|Registration Form|Email...
Email ID is: GFemina@demoqa.com
2025-08-12 12:26:08 [main] INFO  demoqaLog - Email entered is: GFemina@demoqa.com
2025-08-12 12:26:08 [main] INFO  demoqaLog - Click on Elements|Web Tables|Registration Form|Age...
2025-08-12 12:26:09 [main] INFO  demoqaLog - Age entered is: 30
2025-08-12 12:26:09 [main] INFO  demoqaLog - Click on Elements|Web Tables|Registration Form|Salary...
2025-08-12 12:26:09 [main] INFO  demoqaLog - Salary entered is: 180000
2025-08-12 12:26:09 [main] INFO  demoqaLog - Click on Elements|Web Tables|Registration Form|Department...
2025-08-12 12:26:09 [main] INFO  demoqaLog - Department entered is: Finance
2025-08-12 12:26:09 [main] INFO  demoqaLog - Submitting Registration Form...
2025-08-12 12:26:09 [main] INFO  demoqaLog - Registration Form Submitted...
2025-08-12 12:26:09 [main] ERROR demoqaLog - Submitted to register user: Gene
2025-08-12 12:26:09 [main] INFO  demoqaLog - Click on Elements|Web Tables|Registration Form...
2025-08-12 12:26:09 [main] ERROR demoqaLog - Registering User: Bud
2025-08-12 12:26:09 [main] INFO  demoqaLog - Click on Elements|Web Tables|Registration Form|FirstName...
2025-08-12 12:26:09 [main] INFO  demoqaLog - First Name entered is: Bud
2025-08-12 12:26:09 [main] INFO  demoqaLog - Click on Elements|Web Tables|Registration Form|LastName...
Last Name is: Wisem
2025-08-12 12:26:10 [main] INFO  demoqaLog - Last Name entered is: Wisem
2025-08-12 12:26:10 [main] INFO  demoqaLog - Click on Elements|Web Tables|Registration Form|Email...
Email ID is: BWisem@demoqa.com
2025-08-12 12:26:10 [main] INFO  demoqaLog - Email entered is: BWisem@demoqa.com
2025-08-12 12:26:10 [main] INFO  demoqaLog - Click on Elements|Web Tables|Registration Form|Age...
2025-08-12 12:26:10 [main] INFO  demoqaLog - Age entered is: 40
2025-08-12 12:26:10 [main] INFO  demoqaLog - Click on Elements|Web Tables|Registration Form|Salary...
2025-08-12 12:26:10 [main] INFO  demoqaLog - Salary entered is: 150000
2025-08-12 12:26:10 [main] INFO  demoqaLog - Click on Elements|Web Tables|Registration Form|Department...
2025-08-12 12:26:10 [main] INFO  demoqaLog - Department entered is: Medicine
2025-08-12 12:26:10 [main] INFO  demoqaLog - Submitting Registration Form...
2025-08-12 12:26:10 [main] INFO  demoqaLog - Registration Form Submitted...
2025-08-12 12:26:10 [main] ERROR demoqaLog - Submitted to register user: Bud
2025-08-12 12:26:10 [main] INFO  demoqaLog - Click on Elements|Web Tables|Registration Form...
2025-08-12 12:26:10 [main] ERROR demoqaLog - Registering User: Tom
2025-08-12 12:26:10 [main] INFO  demoqaLog - Click on Elements|Web Tables|Registration Form|FirstName...
2025-08-12 12:26:11 [main] INFO  demoqaLog - First Name entered is: Tom
2025-08-12 12:26:11 [main] INFO  demoqaLog - Click on Elements|Web Tables|Registration Form|LastName...
Last Name is: Boss
2025-08-12 12:26:11 [main] INFO  demoqaLog - Last Name entered is: Boss
2025-08-12 12:26:11 [main] INFO  demoqaLog - Click on Elements|Web Tables|Registration Form|Email...
Email ID is: TBoss@demoqa.com
2025-08-12 12:26:11 [main] INFO  demoqaLog - Email entered is: TBoss@demoqa.com
2025-08-12 12:26:11 [main] INFO  demoqaLog - Click on Elements|Web Tables|Registration Form|Age...
2025-08-12 12:26:11 [main] INFO  demoqaLog - Age entered is: 42
2025-08-12 12:26:11 [main] INFO  demoqaLog - Click on Elements|Web Tables|Registration Form|Salary...
2025-08-12 12:26:11 [main] INFO  demoqaLog - Salary entered is: 190000
2025-08-12 12:26:11 [main] INFO  demoqaLog - Click on Elements|Web Tables|Registration Form|Department...
2025-08-12 12:26:12 [main] INFO  demoqaLog - Department entered is: Recreation
2025-08-12 12:26:12 [main] INFO  demoqaLog - Submitting Registration Form...
2025-08-12 12:26:12 [main] INFO  demoqaLog - Registration Form Submitted...
2025-08-12 12:26:12 [main] ERROR demoqaLog - Submitted to register user: Tom
2025-08-12 12:26:12 [main] INFO  demoqaLog - Click on Elements|Web Tables|Registration Form...
Initial user count: 10
Final user count: 10
2025-08-12 12:26:12 [main] INFO  demoqaLog - Test for Bulk User Creation in Web Table Completed Successfully...
]]></system-out>
  </testcase>
  <testcase name="testAddAllUsersSearchEdit" classname="tests.ElementsTests" time="10.076">
    <system-out><![CDATA[Path for Screenshot is: C:\ASN\eclipse_workspace\demoqa-automation/screenshots/testAddAllUsersFromExcel Passed+2025-08-12_12-26-12.png
2025-08-12 12:26:12 [main] INFO  demoqaBase - Closing the Browser...
2025-08-12 12:26:13 [main] INFO  demoqaBase - Starting Web Browser...
2025-08-12 12:26:13 [main] INFO  demoqaBase - Navigating to demoqa.com Website
2025-08-12 12:26:17 [main] INFO  demoqaLog - Successfully navigated to: https://demoqa.com
2025-08-12 12:26:17 [main] INFO  demoqaLog - Accessing Elements Card...
2025-08-12 12:26:18 [main] INFO  demoqaLog - Successfully navigated to: https://demoqa.com
2025-08-12 12:26:18 [main] INFO  demoqaLog - Clicking on Elements Card...
Title of this Page is: DEMOQA
You can now Access: Elements
 
2025-08-12 12:26:19 [main] INFO  demoqaLog - Click on Elements|Web Tables...
2025-08-12 12:26:19 [main] INFO  demoqaLog - Click on Elements|Web Tables|Registration Form...
2025-08-12 12:26:19 [main] ERROR demoqaLog - Registering User: Johny
2025-08-12 12:26:19 [main] INFO  demoqaLog - Click on Elements|Web Tables|Registration Form|FirstName...
2025-08-12 12:26:19 [main] INFO  demoqaLog - First Name entered is: Johny
2025-08-12 12:26:19 [main] INFO  demoqaLog - Click on Elements|Web Tables|Registration Form|LastName...
Last Name is: Bravo
2025-08-12 12:26:20 [main] INFO  demoqaLog - Last Name entered is: Bravo
2025-08-12 12:26:20 [main] INFO  demoqaLog - Click on Elements|Web Tables|Registration Form|Email...
Email ID is: Jbravo@demoqa.com
2025-08-12 12:26:20 [main] INFO  demoqaLog - Email entered is: Jbravo@demoqa.com
2025-08-12 12:26:20 [main] INFO  demoqaLog - Click on Elements|Web Tables|Registration Form|Age...
2025-08-12 12:26:20 [main] INFO  demoqaLog - Age entered is: 34
2025-08-12 12:26:20 [main] INFO  demoqaLog - Click on Elements|Web Tables|Registration Form|Salary...
2025-08-12 12:26:20 [main] INFO  demoqaLog - Salary entered is: 280000
2025-08-12 12:26:20 [main] INFO  demoqaLog - Click on Elements|Web Tables|Registration Form|Department...
2025-08-12 12:26:21 [main] INFO  demoqaLog - Department entered is: Information Technology
2025-08-12 12:26:21 [main] INFO  demoqaLog - Submitting Registration Form...
2025-08-12 12:26:21 [main] INFO  demoqaLog - Registration Form Submitted...
2025-08-12 12:26:21 [main] ERROR demoqaLog - Submitted to register user: Johny
2025-08-12 12:26:21 [main] INFO  demoqaLog - Click on Elements|Web Tables|Registration Form...
2025-08-12 12:26:21 [main] ERROR demoqaLog - Registering User: Gene
2025-08-12 12:26:21 [main] INFO  demoqaLog - Click on Elements|Web Tables|Registration Form|FirstName...
2025-08-12 12:26:22 [main] INFO  demoqaLog - First Name entered is: Gene
2025-08-12 12:26:22 [main] INFO  demoqaLog - Click on Elements|Web Tables|Registration Form|LastName...
Last Name is: Femina
2025-08-12 12:26:22 [main] INFO  demoqaLog - Last Name entered is: Femina
2025-08-12 12:26:22 [main] INFO  demoqaLog - Click on Elements|Web Tables|Registration Form|Email...
Email ID is: GFemina@demoqa.com
2025-08-12 12:26:22 [main] INFO  demoqaLog - Email entered is: GFemina@demoqa.com
2025-08-12 12:26:22 [main] INFO  demoqaLog - Click on Elements|Web Tables|Registration Form|Age...
2025-08-12 12:26:22 [main] INFO  demoqaLog - Age entered is: 30
2025-08-12 12:26:22 [main] INFO  demoqaLog - Click on Elements|Web Tables|Registration Form|Salary...
2025-08-12 12:26:22 [main] INFO  demoqaLog - Salary entered is: 180000
2025-08-12 12:26:22 [main] INFO  demoqaLog - Click on Elements|Web Tables|Registration Form|Department...
2025-08-12 12:26:23 [main] INFO  demoqaLog - Department entered is: Finance
2025-08-12 12:26:23 [main] INFO  demoqaLog - Submitting Registration Form...
2025-08-12 12:26:23 [main] INFO  demoqaLog - Registration Form Submitted...
2025-08-12 12:26:23 [main] ERROR demoqaLog - Submitted to register user: Gene
2025-08-12 12:26:23 [main] INFO  demoqaLog - Click on Elements|Web Tables|Registration Form...
2025-08-12 12:26:23 [main] ERROR demoqaLog - Registering User: Bud
2025-08-12 12:26:23 [main] INFO  demoqaLog - Click on Elements|Web Tables|Registration Form|FirstName...
2025-08-12 12:26:23 [main] INFO  demoqaLog - First Name entered is: Bud
2025-08-12 12:26:23 [main] INFO  demoqaLog - Click on Elements|Web Tables|Registration Form|LastName...
Last Name is: Wisem
2025-08-12 12:26:23 [main] INFO  demoqaLog - Last Name entered is: Wisem
2025-08-12 12:26:23 [main] INFO  demoqaLog - Click on Elements|Web Tables|Registration Form|Email...
Email ID is: BWisem@demoqa.com
2025-08-12 12:26:23 [main] INFO  demoqaLog - Email entered is: BWisem@demoqa.com
2025-08-12 12:26:23 [main] INFO  demoqaLog - Click on Elements|Web Tables|Registration Form|Age...
2025-08-12 12:26:23 [main] INFO  demoqaLog - Age entered is: 40
2025-08-12 12:26:23 [main] INFO  demoqaLog - Click on Elements|Web Tables|Registration Form|Salary...
2025-08-12 12:26:24 [main] INFO  demoqaLog - Salary entered is: 150000
2025-08-12 12:26:24 [main] INFO  demoqaLog - Click on Elements|Web Tables|Registration Form|Department...
2025-08-12 12:26:24 [main] INFO  demoqaLog - Department entered is: Medicine
2025-08-12 12:26:24 [main] INFO  demoqaLog - Submitting Registration Form...
2025-08-12 12:26:24 [main] INFO  demoqaLog - Registration Form Submitted...
2025-08-12 12:26:24 [main] ERROR demoqaLog - Submitted to register user: Bud
2025-08-12 12:26:24 [main] INFO  demoqaLog - Click on Elements|Web Tables|Registration Form...
2025-08-12 12:26:24 [main] ERROR demoqaLog - Registering User: Tom
[...]
2025-08-12 12:26:34 [main] ERROR demoqaLog - Registering User: Johny
2025-08-12 12:26:34 [main] INFO  demoqaLog - Click on Elements|Web Tables|Registration Form|FirstName...
2025-08-12 12:26:35 [main] INFO  demoqaLog - First Name entered is: Johny
2025-08-12 12:26:35 [main] INFO  demoqaLog - Click on Elements|Web Tables|Registration Form|LastName...
Last Name is: Bravo
2025-08-12 12:26:35 [main] INFO  demoqaLog - Last Name entered is: Bravo
2025-08-12 12:26:35 [main] INFO  demoqaLog - Click on Elements|Web Tables|Registration Form|Email...
Email ID is: Jbravo@demoqa.com
2025-08-12 12:26:35 [main] INFO  demoqaLog - Email entered is: Jbravo@demoqa.com
2025-08-12 12:26:35 [main] INFO  demoqaLog - Click on Elements|Web Tables|Registration Form|Age...
2025-08-12 12:26:36 [main] INFO  demoqaLog - Age entered is: 34
2025-08-12 12:26:36 [main] INFO  demoqaLog - Click on Elements|Web Tables|Registration Form|Salary...
2025-08-12 12:26:36 [main] INFO  demoqaLog - Salary entered is: 280000
2025-08-12 12:26:36 [main] INFO  demoqaLog - Click on Elements|Web Tables|Registration Form|Department...
2025-08-12 12:26:36 [main] INFO  demoqaLog - Department entered is: Information Technology
2025-08-12 12:26:36 [main] INFO  demoqaLog - Submitting Registration Form...
2025-08-12 12:26:36 [main] INFO  demoqaLog - Registration Form Submitted...
2025-08-12 12:26:36 [main] ERROR demoqaLog - Submitted to register user: Johny
2025-08-12 12:26:36 [main] INFO  demoqaLog - Click on Elements|Web Tables|Registration Form...
2025-08-12 12:26:36 [main] ERROR demoqaLog - Registering User: Gene
2025-08-12 12:26:36 [main] INFO  demoqaLog - Click on Elements|Web Tables|Registration Form|FirstName...
2025-08-12 12:26:37 [main] INFO  demoqaLog - First Name entered is: Gene
2025-08-12 12:26:37 [main] INFO  demoqaLog - Click on Elements|Web Tables|Registration Form|LastName...
Last Name is: Femina
2025-08-12 12:26:37 [main] INFO  demoqaLog - Last Name entered is: Femina
2025-08-12 12:26:37 [main] INFO  demoqaLog - Click on Elements|Web Tables|Registration Form|Email...
Email ID is: GFemina@demoqa.com
2025-08-12 12:26:37 [main] INFO  demoqaLog - Email entered is: GFemina@demoqa.com
2025-08-12 12:26:37 [main] INFO  demoqaLog - Click on Elements|Web Tables|Registration Form|Age...
2025-08-12 12:26:37 [main] INFO  demoqaLog - Age entered is: 30
2025-08-12 12:26:37 [main] INFO  demoqaLog - Click on Elements|Web Tables|Registration Form|Salary...
2025-08-12 12:26:37 [main] INFO  demoqaLog - Salary entered is: 180000
2025-08-12 12:26:37 [main] INFO  demoqaLog - Click on Elements|Web Tables|Registration Form|Department...
2025-08-12 12:26:37 [main] INFO  demoqaLog - Department entered is: Finance
2025-08-12 12:26:38 [main] INFO  demoqaLog - Submitting Registration Form...
2025-08-12 12:26:38 [main] INFO  demoqaLog - Registration Form Submitted...
2025-08-12 12:26:38 [main] ERROR demoqaLog - Submitted to register user: Gene
2025-08-12 12:26:38 [main] INFO  demoqaLog - Click on Elements|Web Tables|Registration Form...
2025-08-12 12:26:38 [main] ERROR demoqaLog - Registering User: Bud
2025-08-12 12:26:38 [main] INFO  demoqaLog - Click on Elements|Web Tables|Registration Form|FirstName...
2025-08-12 12:26:38 [main] INFO  demoqaLog - First Name entered is: Bud
2025-08-12 12:26:38 [main] INFO  demoqaLog - Click on Elements|Web Tables|Registration Form|LastName...
Last Name is: Wisem
2025-08-12 12:26:38 [main] INFO  demoqaLog - Last Name entered is: Wisem
2025-08-12 12:26:38 [main] INFO  demoqaLog - Click on Elements|Web Tables|Registration Form|Email...
Email ID is: BWisem@demoqa.com
2025-08-12 12:26:38 [main] INFO  demoqaLog - Email entered is: BWisem@demoqa.com
2025-08-12 12:26:38 [main] INFO  demoqaLog - Click on Elements|Web Tables|Registration Form|Age...
2025-08-12 12:26:38 [main] INFO  demoqaLog - Age entered is: 40
2025-08-12 12:26:38 [main] INFO  demoqaLog - Click on Elements|Web Tables|Registration Form|Salary...
2025-08-12 12:26:39 [main] INFO  demoqaLog - Salary entered is: 150000
2025-08-12 12:26:39 [main] INFO  demoqaLog - Click on Elements|Web Tables|Registration Form|Department...
2025-08-12 12:26:39 [main] INFO  demoqaLog - Department entered is: Medicine
2025-08-12 12:26:39 [main] INFO  demoqaLog - Submitting Registration Form...
2025-08-12 12:26:39 [main] INFO  demoqaLog - Registration Form Submitted...
2025-08-12 12:26:39 [main] ERROR demoqaLog - Submitted to register user: Bud
2025-08-12 12:26:39 [main] INFO  demoqaLog - Click on Elements|Web Tables|Registration Form...
2025-08-12 12:26:39 [main] ERROR demoqaLog - Registering User: Tom
2025-08-12 12:26:39 [main] INFO  demoqaLog - Click on Elements|Web Tables|Registration Form|FirstName...
2025-08-12 12:26:39 [main] INFO  demoqaLog - First Name entered is: Tom
2025-08-12 12:26:39 [main] INFO  demoqaLog - Click on Elements|Web Tables|Registration Form|LastName...
Last Name is: Boss
2025-08-12 12:26:39 [main] INFO  demoqaLog - Last Name entered is: Boss
2025-08-12 12:26:39 [main] INFO  demoqaLog - Click on Elements|Web Tables|Registration Form|Email...
Email ID is: TBoss@demoqa.com
2025-08-12 12:26:40 [main] INFO  demoqaLog - Email entered is: TBoss@demoqa.com
2025-08-12 12:26:40 [main] INFO  demoqaLog - Click on Elements|Web Tables|Registration Form|Age...
2025-08-12 12:26:40 [main] INFO  demoqaLog - Age entered is: 42
2025-08-12 12:26:40 [main] INFO  demoqaLog - Click on Elements|Web Tables|Registration Form|Salary...
2025-08-12 12:26:40 [main] INFO  demoqaLog - Salary entered is: 190000
2025-08-12 12:26:40 [main] INFO  demoqaLog - Click on Elements|Web Tables|Registration Form|Department...
2025-08-12 12:26:40 [main] INFO  demoqaLog - Department entered is: Recreation
2025-08-12 12:26:40 [main] INFO  demoqaLog - Submitting Registration Form...
2025-08-12 12:26:40 [main] INFO  demoqaLog - Registration Form Submitted...
2025-08-12 12:26:40 [main] ERROR demoqaLog - Submitted to register user: Tom
2025-08-12 12:26:40 [main] INFO  demoqaLog - Click on Elements|Web Tables|Registration Form...
Current Salary is: 0
2025-08-12 12:26:41 [main] INFO  demoqaLog - Modifying First Name of the user...
2025-08-12 12:26:42 [main] INFO  demoqaLog - Updated First Name is: Tom
2025-08-12 12:26:42 [main] INFO  demoqaLog - Updating Users Salary...
New Salary is: 345000
2025-08-12 12:26:44 [main] INFO  demoqaLog - Updated Salarye is: 345000
2025-08-12 12:26:44 [main] INFO  demoqaLog - Modifying First Name of the user...
2025-08-12 12:26:45 [main] INFO  demoqaLog - Updated First Name is: Tom
2025-08-12 12:26:45 [main] INFO  demoqaLog - Updating Users Department...
New Salary is: Architecture
2025-08-12 12:26:47 [main] INFO  demoqaLog - Updated Salarye is: Architecture
2025-08-12 12:26:47 [main] INFO  demoqaLog - Test for Bulk User Creation and Edit Completed Successfully...
]]></system-out>
  </testcase>
  <testcase name="FormCard" classname="tests.FormTests" time="0.277">
    <system-out><![CDATA[2025-08-12 12:26:47 [main] INFO  demoqaBase - Closing the Browser...
2025-08-12 12:26:47 [main] INFO  demoqaBase - Starting Web Browser...
2025-08-12 12:26:48 [main] INFO  demoqaBase - Navigating to demoqa.com Website
2025-08-12 12:26:52 [main] INFO  demoqaLog - Successfully navigated to: https://demoqa.com
2025-08-12 12:26:52 [main] INFO  demoqaLog - Starting Form Card Test...
2025-08-12 12:26:52 [main] INFO  demoqaLog - Clicking on Form Card...
2025-08-12 12:26:52 [main] INFO  demoqaLog - Clicked on Form Card...
2025-08-12 12:26:52 [main] INFO  demoqaLog - Clicking on Practice Form...
2025-08-12 12:26:52 [main] INFO  demoqaLog - Clicked on Practice Form...
Title of this Page is: DEMOQA
2025-08-12 12:26:52 [main] INFO  demoqaLog - Form Card Test Completed...
]]></system-out>
  </testcase>
  <testcase name="fillForm[UserFormData{firstName=&apos;Johny&apos;, lastName=&apos;Bravo&apos;, userMail=&apos;Jbravo@demoqa.com&apos;, gender=&apos;Male&apos;, mobile=&apos;9.238343488E9&apos;, dob=&apos;15-08-2000&apos;, subject=&apos;Computer Science&apos;, hobbies=&apos;Sports,Music&apos;, picturePath=&apos;/TestData/Mphoto.jpg&apos;, address=&apos;511 Grant 481, Prattsville\n Arkansas 72129\n United States&apos;, state=&apos;NCR&apos;, city=&apos;Delhi&apos;}](1)" classname="tests.FormTests" time="5.795">
    <system-out><![CDATA[2025-08-12 12:26:52 [main] INFO  demoqaBase - Closing the Browser...
2025-08-12 12:26:53 [main] INFO  demoqaBase - Starting Web Browser...
2025-08-12 12:26:54 [main] INFO  demoqaBase - Navigating to demoqa.com Website
2025-08-12 12:26:58 [main] INFO  demoqaLog - Successfully navigated to: https://demoqa.com
2025-08-12 12:26:58 [main] INFO  demoqaLog - Starting Form Filling Test...
2025-08-12 12:26:59 [main] INFO  demoqaLog - Successfully navigated to: https://demoqa.com
2025-08-12 12:26:59 [main] INFO  demoqaLog - Accessing Form Card...
2025-08-12 12:26:59 [main] INFO  demoqaLog - Successfully navigated to: https://demoqa.com
2025-08-12 12:26:59 [main] INFO  demoqaLog - Clicking on Form Card...
2025-08-12 12:27:00 [main] INFO  demoqaLog - Clicked on Form Card...
2025-08-12 12:27:00 [main] INFO  demoqaLog - Clicking on Practice Form...
2025-08-12 12:27:00 [main] INFO  demoqaLog - Clicked on Practice Form...
2025-08-12 12:27:00 [main] INFO  demoqaLog - Filling form for: Johny Bravo
2025-08-12 12:27:00 [main] INFO  demoqaLog - Entering First Name...
2025-08-12 12:27:00 [main] INFO  demoqaLog - Entered First Name: Johny
Selected gender: Male
📅 Parsed DOB: 2000-08-15
📅 Parsed DOB: 2000-08-15
📥 Received DOB: 15-08-2000
📅 Normalized DOB: 15-08-2000
✅ Date selected: 15-08-2000
2025-08-12 12:27:01 [main] INFO  demoqaLog - Typed full subject: Computer Science
Typing subject: Computer Science
Dropdown Option: Computer Science
Selected: Computer Science
Selected hobby: sports
Selected hobby: music
Uploaded photo: C:\ASN\eclipse_workspace\demoqa-automation//TestData/Mphoto.jpg
511 Grant 481, Prattsville
 Arkansas 72129
 United States
2025-08-12 12:27:02 [main] INFO  demoqaLog - Entering Address...
2025-08-12 12:27:03 [main] INFO  demoqaLog - Entered Address...
2025-08-12 12:27:03 [main] INFO  demoqaLog - Selecting State: NCR
Available state option: NCR
2025-08-12 12:27:03 [main] INFO  demoqaLog - Selected State: NCR
2025-08-12 12:27:03 [main] INFO  demoqaLog - Selecting City: Delhi
Available city: Delhi
2025-08-12 12:27:03 [main] INFO  demoqaLog - Selected City: Delhi
2025-08-12 12:27:03 [main] INFO  demoqaLog - Submitting Form...
2025-08-12 12:27:04 [main] INFO  demoqaLog - Form Submitted via normal click...
2025-08-12 12:27:04 [main] INFO  demoqaLog - Test Form Filling Completed for: Johny Bravo
]]></system-out>
  </testcase>
  <testcase name="fillForm[UserFormData{firstName=&apos;Gene&apos;, lastName=&apos;Femina&apos;, userMail=&apos;GFemina@demoqa.com&apos;, gender=&apos;Female&apos;, mobile=&apos;1.888343432E9&apos;, dob=&apos;22-05-2002&apos;, subject=&apos;Accounting&apos;, hobbies=&apos;Music,Reading&apos;, picturePath=&apos;/TestData/Fphoto.png&apos;, address=&apos;512 Grant 481, Prattsville\n Arkansas 72129\n United States&apos;, state=&apos;Uttar Pradesh&apos;, city=&apos;Merrut&apos;}](2)" classname="tests.FormTests" time="6.219">
    <system-out><![CDATA[Path for Screenshot is: C:\ASN\eclipse_workspace\demoqa-automation/screenshots/fillForm Passed+2025-08-12_12-27-04.png
2025-08-12 12:27:04 [main] INFO  demoqaBase - Closing the Browser...
2025-08-12 12:27:04 [main] INFO  demoqaBase - Starting Web Browser...
2025-08-12 12:27:05 [main] INFO  demoqaBase - Navigating to demoqa.com Website
2025-08-12 12:27:09 [main] INFO  demoqaLog - Successfully navigated to: https://demoqa.com
2025-08-12 12:27:09 [main] INFO  demoqaLog - Starting Form Filling Test...
2025-08-12 12:27:11 [main] INFO  demoqaLog - Successfully navigated to: https://demoqa.com
2025-08-12 12:27:11 [main] INFO  demoqaLog - Accessing Form Card...
2025-08-12 12:27:12 [main] INFO  demoqaLog - Successfully navigated to: https://demoqa.com
2025-08-12 12:27:12 [main] INFO  demoqaLog - Clicking on Form Card...
2025-08-12 12:27:12 [main] INFO  demoqaLog - Clicked on Form Card...
2025-08-12 12:27:12 [main] INFO  demoqaLog - Clicking on Practice Form...
2025-08-12 12:27:12 [main] INFO  demoqaLog - Clicked on Practice Form...
2025-08-12 12:27:12 [main] INFO  demoqaLog - Filling form for: Gene Femina
2025-08-12 12:27:12 [main] INFO  demoqaLog - Entering First Name...
2025-08-12 12:27:12 [main] INFO  demoqaLog - Entered First Name: Gene
Selected gender: Female
📅 Parsed DOB: 2002-05-22
📅 Parsed DOB: 2002-05-22
📥 Received DOB: 22-05-2002
📅 Normalized DOB: 22-05-2002
✅ Date selected: 22-05-2002
2025-08-12 12:27:13 [main] INFO  demoqaLog - Typed full subject: Accounting
Typing subject: Accounting
Dropdown Option: Accounting
Selected: Accounting
Selected hobby: music
Selected hobby: reading
Uploaded photo: C:\ASN\eclipse_workspace\demoqa-automation//TestData/Fphoto.png
512 Grant 481, Prattsville
 Arkansas 72129
 United States
2025-08-12 12:27:14 [main] INFO  demoqaLog - Entering Address...
2025-08-12 12:27:14 [main] INFO  demoqaLog - Entered Address...
2025-08-12 12:27:14 [main] INFO  demoqaLog - Selecting State: Uttar Pradesh
Available state option: NCR
Available state option: Uttar Pradesh
2025-08-12 12:27:15 [main] INFO  demoqaLog - Selected State: Uttar Pradesh
2025-08-12 12:27:15 [main] INFO  demoqaLog - Selecting City: Merrut
Available city: Agra
Available city: Lucknow
Available city: Merrut
2025-08-12 12:27:15 [main] INFO  demoqaLog - Selected City: Merrut
2025-08-12 12:27:15 [main] INFO  demoqaLog - Submitting Form...
2025-08-12 12:27:16 [main] INFO  demoqaLog - Form Submitted via normal click...
2025-08-12 12:27:16 [main] INFO  demoqaLog - Test Form Filling Completed for: Gene Femina
]]></system-out>
  </testcase>
  <testcase name="fillForm[UserFormData{firstName=&apos;Bud&apos;, lastName=&apos;Wisem&apos;, userMail=&apos;BWisem@demoqa.com&apos;, gender=&apos;Other&apos;, mobile=&apos;8.932465432E9&apos;, dob=&apos;31-12-1999&apos;, subject=&apos;Biology&apos;, hobbies=&apos;Reading&apos;, picturePath=&apos;/TestData/Ophoto.jpg&apos;, address=&apos;513 Grant 481, Prattsville\n Arkansas 72129\n United States&apos;, state=&apos;Haryana&apos;, city=&apos;Panipat&apos;}](3)" classname="tests.FormTests" time="4.74">
    <system-out><![CDATA[Path for Screenshot is: C:\ASN\eclipse_workspace\demoqa-automation/screenshots/fillForm Passed+2025-08-12_12-27-16.png
2025-08-12 12:27:16 [main] INFO  demoqaBase - Closing the Browser...
2025-08-12 12:27:16 [main] INFO  demoqaBase - Starting Web Browser...
2025-08-12 12:27:17 [main] INFO  demoqaBase - Navigating to demoqa.com Website
2025-08-12 12:27:22 [main] INFO  demoqaLog - Successfully navigated to: https://demoqa.com
2025-08-12 12:27:22 [main] INFO  demoqaLog - Starting Form Filling Test...
2025-08-12 12:27:23 [main] INFO  demoqaLog - Successfully navigated to: https://demoqa.com
2025-08-12 12:27:23 [main] INFO  demoqaLog - Accessing Form Card...
2025-08-12 12:27:23 [main] INFO  demoqaLog - Successfully navigated to: https://demoqa.com
2025-08-12 12:27:23 [main] INFO  demoqaLog - Clicking on Form Card...
2025-08-12 12:27:24 [main] INFO  demoqaLog - Clicked on Form Card...
2025-08-12 12:27:24 [main] INFO  demoqaLog - Clicking on Practice Form...
2025-08-12 12:27:24 [main] INFO  demoqaLog - Clicked on Practice Form...
2025-08-12 12:27:24 [main] INFO  demoqaLog - Filling form for: Bud Wisem
2025-08-12 12:27:24 [main] INFO  demoqaLog - Entering First Name...
2025-08-12 12:27:24 [main] INFO  demoqaLog - Entered First Name: Bud
Selected gender: Other
📅 Parsed DOB: 1999-12-31
📅 Parsed DOB: 1999-12-31
📥 Received DOB: 31-12-1999
📅 Normalized DOB: 31-12-1999
✅ Date selected: 31-12-1999
2025-08-12 12:27:25 [main] INFO  demoqaLog - Typed full subject: Biology
Typing subject: Biology
Dropdown Option: Biology
Selected: Biology
Selected hobby: reading
Uploaded photo: C:\ASN\eclipse_workspace\demoqa-automation//TestData/Ophoto.jpg
513 Grant 481, Prattsville
 Arkansas 72129
 United States
2025-08-12 12:27:26 [main] INFO  demoqaLog - Entering Address...
2025-08-12 12:27:26 [main] INFO  demoqaLog - Entered Address...
2025-08-12 12:27:26 [main] INFO  demoqaLog - Selecting State: Haryana
Available state option: NCR
Available state option: Uttar Pradesh
Available state option: Haryana
2025-08-12 12:27:26 [main] INFO  demoqaLog - Selected State: Haryana
2025-08-12 12:27:26 [main] INFO  demoqaLog - Selecting City: Panipat
Available city: Karnal
Available city: Panipat
2025-08-12 12:27:26 [main] INFO  demoqaLog - Selected City: Panipat
2025-08-12 12:27:26 [main] INFO  demoqaLog - Submitting Form...
2025-08-12 12:27:27 [main] INFO  demoqaLog - Form Submitted via normal click...
2025-08-12 12:27:27 [main] INFO  demoqaLog - Test Form Filling Completed for: Bud Wisem
]]></system-out>
  </testcase>
  <testcase name="fillForm[UserFormData{firstName=&apos;Tom&apos;, lastName=&apos;Boss&apos;, userMail=&apos;TBoss@demoqa.com&apos;, gender=&apos;Male&apos;, mobile=&apos;7.839875281E9&apos;, dob=&apos;26-01-2003&apos;, subject=&apos;Social Studies&apos;, hobbies=&apos;Sports,Reading&apos;, picturePath=&apos;/TestData/M2photo.jpg&apos;, address=&apos;514 Grant 481, Prattsville\n Arkansas 72129\n United States&apos;, state=&apos;Rajasthan&apos;, city=&apos;Jaiselmer&apos;}](4)" classname="tests.FormTests" time="6.202">
    <system-out><![CDATA[Path for Screenshot is: C:\ASN\eclipse_workspace\demoqa-automation/screenshots/fillForm Passed+2025-08-12_12-27-27.png
2025-08-12 12:27:27 [main] INFO  demoqaBase - Closing the Browser...
2025-08-12 12:27:28 [main] INFO  demoqaBase - Starting Web Browser...
2025-08-12 12:27:29 [main] INFO  demoqaBase - Navigating to demoqa.com Website
2025-08-12 12:27:33 [main] INFO  demoqaLog - Successfully navigated to: https://demoqa.com
2025-08-12 12:27:33 [main] INFO  demoqaLog - Starting Form Filling Test...
2025-08-12 12:27:34 [main] INFO  demoqaLog - Successfully navigated to: https://demoqa.com
2025-08-12 12:27:34 [main] INFO  demoqaLog - Accessing Form Card...
2025-08-12 12:27:35 [main] INFO  demoqaLog - Successfully navigated to: https://demoqa.com
2025-08-12 12:27:35 [main] INFO  demoqaLog - Clicking on Form Card...
2025-08-12 12:27:35 [main] INFO  demoqaLog - Clicked on Form Card...
2025-08-12 12:27:35 [main] INFO  demoqaLog - Clicking on Practice Form...
2025-08-12 12:27:35 [main] INFO  demoqaLog - Clicked on Practice Form...
2025-08-12 12:27:35 [main] INFO  demoqaLog - Filling form for: Tom Boss
2025-08-12 12:27:35 [main] INFO  demoqaLog - Entering First Name...
2025-08-12 12:27:36 [main] INFO  demoqaLog - Entered First Name: Tom
Selected gender: Male
📅 Parsed DOB: 2003-01-26
📅 Parsed DOB: 2003-01-26
📥 Received DOB: 26-01-2003
📅 Normalized DOB: 26-01-2003
✅ Date selected: 26-01-2003
2025-08-12 12:27:37 [main] INFO  demoqaLog - Typed full subject: Social Studies
Typing subject: Social Studies
Dropdown Option: Social Studies
Selected: Social Studies
Selected hobby: sports
Selected hobby: reading
Uploaded photo: C:\ASN\eclipse_workspace\demoqa-automation//TestData/M2photo.jpg
514 Grant 481, Prattsville
 Arkansas 72129
 United States
2025-08-12 12:27:38 [main] INFO  demoqaLog - Entering Address...
2025-08-12 12:27:38 [main] INFO  demoqaLog - Entered Address...
2025-08-12 12:27:38 [main] INFO  demoqaLog - Selecting State: Rajasthan
Available state option: NCR
Available state option: Uttar Pradesh
Available state option: Haryana
Available state option: Rajasthan
2025-08-12 12:27:38 [main] INFO  demoqaLog - Selected State: Rajasthan
2025-08-12 12:27:38 [main] INFO  demoqaLog - Selecting City: Jaiselmer
Available city: Jaipur
Available city: Jaiselmer
2025-08-12 12:27:39 [main] INFO  demoqaLog - Selected City: Jaiselmer
2025-08-12 12:27:39 [main] INFO  demoqaLog - Submitting Form...
2025-08-12 12:27:39 [main] INFO  demoqaLog - Form Submitted via normal click...
2025-08-12 12:27:39 [main] INFO  demoqaLog - Test Form Filling Completed for: Tom Boss
]]></system-out>
  </testcase>
</testsuite>