<?xml version="1.0" encoding="UTF-8"?>
<testng-results ignored="0" total="7" passed="7" failed="0" skipped="0">
  <reporter-output>
  </reporter-output>
  <suite started-at="2025-07-21T19:48:25 IST" name="Surefire suite" finished-at="2025-07-21T19:49:46 IST" duration-ms="80511">
    <groups>
    </groups>
    <test started-at="2025-07-21T19:48:25 IST" name="Surefire test" finished-at="2025-07-21T19:49:46 IST" duration-ms="80511">
      <class name="tests.FormTests">
        <test-method is-config="true" signature="setUP()[pri:0, instance:tests.FormTests@76508ed1]" started-at="2025-07-21T19:48:43 IST" name="setUP" finished-at="2025-07-21T19:48:51 IST" duration-ms="7582" status="PASS">
          <reporter-output>
          </reporter-output>
        </test-method> <!-- setUP -->
        <test-method signature="FormCard()[pri:1, instance:tests.FormTests@76508ed1]" started-at="2025-07-21T19:48:51 IST" name="FormCard" finished-at="2025-07-21T19:48:52 IST" duration-ms="430" status="PASS">
          <reporter-output>
          </reporter-output>
        </test-method> <!-- FormCard -->
        <test-method is-config="true" signature="TearDown(org.testng.ITestResult)[pri:0, instance:tests.FormTests@76508ed1]" started-at="2025-07-21T19:48:52 IST" name="TearDown" finished-at="2025-07-21T19:48:52 IST" duration-ms="195" status="PASS">
          <params>
            <param index="0">
              <value>
                <![CDATA[[TestResult name=FormCard status=SUCCESS method=FormTests.FormCard()[pri:1, instance:tests.FormTests@76508ed1] output={null}]]]>
              </value>
            </param>
          </params>
          <reporter-output>
          </reporter-output>
        </test-method> <!-- TearDown -->
        <test-method is-config="true" signature="setUP()[pri:0, instance:tests.FormTests@76508ed1]" started-at="2025-07-21T19:48:53 IST" name="setUP" finished-at="2025-07-21T19:49:00 IST" duration-ms="7415" status="PASS">
          <reporter-output>
          </reporter-output>
        </test-method> <!-- setUP -->
        <test-method signature="fillForm(models.UserFormData)[pri:2, instance:tests.FormTests@76508ed1]" started-at="2025-07-21T19:49:00 IST" name="fillForm" data-provider="UserFormData1" finished-at="2025-07-21T19:49:06 IST" duration-ms="6139" status="PASS">
          <params>
            <param index="0">
              <value>
                <![CDATA[models.UserFormData@21a9a705]]>
              </value>
            </param>
          </params>
          <reporter-output>
          </reporter-output>
        </test-method> <!-- fillForm -->
        <test-method is-config="true" signature="TearDown(org.testng.ITestResult)[pri:0, instance:tests.FormTests@76508ed1]" started-at="2025-07-21T19:49:06 IST" name="TearDown" finished-at="2025-07-21T19:49:07 IST" duration-ms="610" status="PASS">
          <params>
            <param index="0">
              <value>
                <![CDATA[[TestResult name=fillForm status=SUCCESS method=FormTests.fillForm(models.UserFormData)[pri:2, instance:tests.FormTests@76508ed1] output={null}]]]>
              </value>
            </param>
          </params>
          <reporter-output>
          </reporter-output>
        </test-method> <!-- TearDown -->
        <test-method is-config="true" signature="setUP()[pri:0, instance:tests.FormTests@76508ed1]" started-at="2025-07-21T19:49:07 IST" name="setUP" finished-at="2025-07-21T19:49:14 IST" duration-ms="7582" status="PASS">
          <reporter-output>
          </reporter-output>
        </test-method> <!-- setUP -->
        <test-method signature="fillForm(models.UserFormData)[pri:2, instance:tests.FormTests@76508ed1]" started-at="2025-07-21T19:49:14 IST" name="fillForm" data-provider="UserFormData1" finished-at="2025-07-21T19:49:20 IST" duration-ms="5346" status="PASS">
          <params>
            <param index="0">
              <value>
                <![CDATA[models.UserFormData@193bb809]]>
              </value>
            </param>
          </params>
          <reporter-output>
          </reporter-output>
        </test-method> <!-- fillForm -->
        <test-method is-config="true" signature="TearDown(org.testng.ITestResult)[pri:0, instance:tests.FormTests@76508ed1]" started-at="2025-07-21T19:49:20 IST" name="TearDown" finished-at="2025-07-21T19:49:20 IST" duration-ms="589" status="PASS">
          <params>
            <param index="0">
              <value>
                <![CDATA[[TestResult name=fillForm status=SUCCESS method=FormTests.fillForm(models.UserFormData)[pri:2, instance:tests.FormTests@76508ed1] output={null}]]]>
              </value>
            </param>
          </params>
          <reporter-output>
          </reporter-output>
        </test-method> <!-- TearDown -->
        <test-method is-config="true" signature="setUP()[pri:0, instance:tests.FormTests@76508ed1]" started-at="2025-07-21T19:49:20 IST" name="setUP" finished-at="2025-07-21T19:49:28 IST" duration-ms="7392" status="PASS">
          <reporter-output>
          </reporter-output>
        </test-method> <!-- setUP -->
        <test-method signature="fillForm(models.UserFormData)[pri:2, instance:tests.FormTests@76508ed1]" started-at="2025-07-21T19:49:28 IST" name="fillForm" data-provider="UserFormData1" finished-at="2025-07-21T19:49:33 IST" duration-ms="4967" status="PASS">
          <params>
            <param index="0">
              <value>
                <![CDATA[models.UserFormData@5d194314]]>
              </value>
            </param>
          </params>
          <reporter-output>
          </reporter-output>
        </test-method> <!-- fillForm -->
        <test-method is-config="true" signature="TearDown(org.testng.ITestResult)[pri:0, instance:tests.FormTests@76508ed1]" started-at="2025-07-21T19:49:33 IST" name="TearDown" finished-at="2025-07-21T19:49:33 IST" duration-ms="687" status="PASS">
          <params>
            <param index="0">
              <value>
                <![CDATA[[TestResult name=fillForm status=SUCCESS method=FormTests.fillForm(models.UserFormData)[pri:2, instance:tests.FormTests@76508ed1] output={null}]]]>
              </value>
            </param>
          </params>
          <reporter-output>
          </reporter-output>
        </test-method> <!-- TearDown -->
        <test-method is-config="true" signature="setUP()[pri:0, instance:tests.FormTests@76508ed1]" started-at="2025-07-21T19:49:33 IST" name="setUP" finished-at="2025-07-21T19:49:40 IST" duration-ms="6950" status="PASS">
          <reporter-output>
          </reporter-output>
        </test-method> <!-- setUP -->
        <test-method signature="fillForm(models.UserFormData)[pri:2, instance:tests.FormTests@76508ed1]" started-at="2025-07-21T19:49:40 IST" name="fillForm" data-provider="UserFormData1" finished-at="2025-07-21T19:49:45 IST" duration-ms="5128" status="PASS">
          <params>
            <param index="0">
              <value>
                <![CDATA[models.UserFormData@4357524b]]>
              </value>
            </param>
          </params>
          <reporter-output>
          </reporter-output>
        </test-method> <!-- fillForm -->
        <test-method is-config="true" signature="TearDown(org.testng.ITestResult)[pri:0, instance:tests.FormTests@76508ed1]" started-at="2025-07-21T19:49:45 IST" name="TearDown" finished-at="2025-07-21T19:49:46 IST" duration-ms="462" status="PASS">
          <params>
            <param index="0">
              <value>
                <![CDATA[[TestResult name=fillForm status=SUCCESS method=FormTests.fillForm(models.UserFormData)[pri:2, instance:tests.FormTests@76508ed1] output={null}]]]>
              </value>
            </param>
          </params>
          <reporter-output>
          </reporter-output>
        </test-method> <!-- TearDown -->
      </class> <!-- tests.FormTests -->
      <class name="tests.ElementsTests">
        <test-method is-config="true" signature="setupReport()[pri:0, instance:tests.ElementsTests@50b472aa]" started-at="2025-07-21T19:48:25 IST" name="setupReport" finished-at="2025-07-21T19:48:25 IST" duration-ms="245" status="PASS">
          <reporter-output>
          </reporter-output>
        </test-method> <!-- setupReport -->
        <test-method is-config="true" signature="setUP()[pri:0, instance:tests.ElementsTests@50b472aa]" started-at="2025-07-21T19:48:25 IST" name="setUP" finished-at="2025-07-21T19:48:32 IST" duration-ms="7007" status="PASS">
          <reporter-output>
          </reporter-output>
        </test-method> <!-- setUP -->
        <test-method signature="ElementsCard()[pri:1, instance:tests.ElementsTests@50b472aa]" started-at="2025-07-21T19:48:32 IST" name="ElementsCard" finished-at="2025-07-21T19:48:33 IST" duration-ms="255" status="PASS">
          <reporter-output>
          </reporter-output>
        </test-method> <!-- ElementsCard -->
        <test-method is-config="true" signature="TearDown(org.testng.ITestResult)[pri:0, instance:tests.ElementsTests@50b472aa]" started-at="2025-07-21T19:48:33 IST" name="TearDown" finished-at="2025-07-21T19:48:33 IST" duration-ms="225" status="PASS">
          <params>
            <param index="0">
              <value>
                <![CDATA[[TestResult name=ElementsCard status=SUCCESS method=ElementsTests.ElementsCard()[pri:1, instance:tests.ElementsTests@50b472aa] output={null}]]]>
              </value>
            </param>
          </params>
          <reporter-output>
          </reporter-output>
        </test-method> <!-- TearDown -->
        <test-method is-config="true" signature="setUP()[pri:0, instance:tests.ElementsTests@50b472aa]" started-at="2025-07-21T19:48:33 IST" name="setUP" finished-at="2025-07-21T19:48:41 IST" duration-ms="7658" status="PASS">
          <reporter-output>
          </reporter-output>
        </test-method> <!-- setUP -->
        <test-method signature="TextBox()[pri:2, instance:tests.ElementsTests@50b472aa]" started-at="2025-07-21T19:48:41 IST" name="TextBox" finished-at="2025-07-21T19:48:43 IST" duration-ms="2397" status="PASS">
          <reporter-output>
          </reporter-output>
        </test-method> <!-- TextBox -->
        <test-method is-config="true" signature="TearDown(org.testng.ITestResult)[pri:0, instance:tests.ElementsTests@50b472aa]" started-at="2025-07-21T19:48:43 IST" name="TearDown" finished-at="2025-07-21T19:48:43 IST" duration-ms="513" status="PASS">
          <params>
            <param index="0">
              <value>
                <![CDATA[[TestResult name=TextBox status=SUCCESS method=ElementsTests.TextBox()[pri:2, instance:tests.ElementsTests@50b472aa] output={null}]]]>
              </value>
            </param>
          </params>
          <reporter-output>
          </reporter-output>
        </test-method> <!-- TearDown -->
        <test-method is-config="true" signature="teardownReport()[pri:0, instance:tests.ElementsTests@50b472aa]" started-at="2025-07-21T19:49:46 IST" name="teardownReport" finished-at="2025-07-21T19:49:52 IST" duration-ms="6242" status="PASS">
          <reporter-output>
          </reporter-output>
        </test-method> <!-- teardownReport -->
      </class> <!-- tests.ElementsTests -->
    </test> <!-- Surefire test -->
  </suite> <!-- Surefire suite -->
</testng-results>
