<?xml version="1.0" encoding="UTF-8"?>
<testsuite xmlns:xsi="http://www.w3.org/2001/XMLSchema-instance" xsi:noNamespaceSchemaLocation="https://maven.apache.org/surefire/maven-surefire-plugin/xsd/surefire-test-report-3.0.xsd" version="3.0" name="TestSuite" time="1897.574" tests="137" errors="0" skipped="20" failures="7">
  <properties>
[...]
</properties>
  <testcase name="accessAlertsFrameWindows" classname="tests.AlertsFramesWindowsTests" time="0.317">
    <system-out><![CDATA[2025-09-04T12:14:26.075575600Z main INFO Starting configuration XmlConfiguration[location=C:\ASN\eclipse_workspace\demoqa-automation\target\classes\log4j2.xml, lastModified=2025-08-05T03:16:47.250Z]...
2025-09-04T12:14:26.075575600Z main INFO Start watching for changes to C:\ASN\eclipse_workspace\demoqa-automation\target\classes\log4j2.xml every 0 seconds
2025-09-04T12:14:26.075575600Z main INFO Configuration XmlConfiguration[location=C:\ASN\eclipse_workspace\demoqa-automation\target\classes\log4j2.xml, lastModified=2025-08-05T03:16:47.250Z] started.
2025-09-04T12:14:26.082712900Z main INFO Stopping configuration org.apache.logging.log4j.core.config.DefaultConfiguration@7526515b...
2025-09-04T12:14:26.083710700Z main INFO Configuration org.apache.logging.log4j.core.config.DefaultConfiguration@7526515b stopped.
2025-09-04 17:44:26 [main] INFO  demoqaBase - Starting Web Browser...
2025-09-04 17:44:30 [main] INFO  demoqaBase - Navigating to demoqa.com Website
2025-09-04 17:44:30 [main] INFO  RetryUrlAccess - 🌐 Attempt 1: Navigating to https://demoqa.com
2025-09-04 17:44:34 [main] INFO  RetryUrlAccess - ✅ Successfully navigated to: https://demoqa.com
2025-09-04 17:44:34 [main] INFO  demoqaBase - 🧪 Starting Test Alerts, Frames & Windows...
2025-09-04 17:44:34 [main] INFO  demoqaBase - Accessing Alerts, Frame & Windows Card...
Declared Instance WebDriverWait: org.openqa.selenium.support.ui.WebDriverWait@6c298dc
2025-09-04 17:44:34 [main] INFO  demoqaLog - Clicking on Alert Frame & Windows Card...
2025-09-04 17:44:35 [main] INFO  demoqaLog - ✅ JS click executed on element: {}
2025-09-04 17:44:35 [main] INFO  demoqaLog - Clicked on on Alert Frame & Windows Card...
Title of this Page is: DEMOQA
You are Accessing: Alerts, Frame & Windows
2025-09-04 17:44:35 [main] INFO  demoqaBase - Alerts, Frame & Windows Card: Please select an item from left to start practice.
2025-09-04 17:44:35 [main] INFO  demoqaBase - ✅ Alerts, Frames & Windows Test Completed...
]]></system-out>
    <system-err><![CDATA[SLF4J(W): No SLF4J providers were found.
SLF4J(W): Defaulting to no-operation (NOP) logger implementation
SLF4J(W): See https://www.slf4j.org/codes.html#noProviders for further details.
]]></system-err>
  </testcase>
  <testcase name="browserWindows" classname="tests.AlertsFramesWindowsTests" time="0.388">
    <system-out><![CDATA[2025-09-04 17:44:35 [main] INFO  demoqaBase - Closing the Browser...
2025-09-04 17:44:35 [main] INFO  demoqaBase - Starting Web Browser...
2025-09-04 17:44:36 [main] INFO  demoqaBase - Navigating to demoqa.com Website
2025-09-04 17:44:36 [main] INFO  RetryUrlAccess - 🌐 Attempt 1: Navigating to https://demoqa.com
2025-09-04 17:44:47 [main] INFO  RetryUrlAccess - ✅ Successfully navigated to: https://demoqa.com
2025-09-04 17:44:47 [main] INFO  demoqaBase - 🧪 Starting Test Alerts, Frames & Windows...
2025-09-04 17:44:47 [main] INFO  demoqaBase - Accessing Alerts, Frame & Windows Card...
Declared Instance WebDriverWait: org.openqa.selenium.support.ui.WebDriverWait@26f7cdf8
2025-09-04 17:44:47 [main] INFO  demoqaLog - Clicking on Alert Frame & Windows Card...
2025-09-04 17:44:47 [main] INFO  demoqaLog - ✅ JS click executed on element: {}
2025-09-04 17:44:47 [main] INFO  demoqaLog - Clicked on on Alert Frame & Windows Card...
Title of this Page is: DEMOQA
You are Accessing: Alerts, Frame & Windows
2025-09-04 17:44:47 [main] INFO  demoqaBase - Alerts, Frame & Windows Card: Please select an item from left to start practice.
2025-09-04 17:44:47 [main] INFO  demoqaBase - Clicking on Alerts, Frame & Windows Card|Browser Windows...
You are now Accessing: Browser Windows
2025-09-04 17:44:47 [main] INFO  demoqaBase - You are now Accessing: Browser Windows
2025-09-04 17:44:47 [main] INFO  demoqaBase - ✅ Alerts, Frames & Windows|Browser Windows Test Completed...
]]></system-out>
  </testcase>
  <testcase name="browserWindowsNewTab" classname="tests.AlertsFramesWindowsTests" time="0.94">
    <system-out><![CDATA[2025-09-04 17:44:47 [main] INFO  demoqaBase - Closing the Browser...
2025-09-04 17:44:47 [main] INFO  demoqaBase - Starting Web Browser...
2025-09-04 17:44:49 [main] INFO  demoqaBase - Navigating to demoqa.com Website
2025-09-04 17:44:49 [main] INFO  RetryUrlAccess - 🌐 Attempt 1: Navigating to https://demoqa.com
2025-09-04 17:45:00 [main] INFO  RetryUrlAccess - ✅ Successfully navigated to: https://demoqa.com
2025-09-04 17:45:00 [main] INFO  demoqaBase - 🧪 Starting Test Alerts, Frames & Windows|New Tab...
2025-09-04 17:45:00 [main] INFO  demoqaBase - Accessing Alerts, Frame & Windows Card...
Declared Instance WebDriverWait: org.openqa.selenium.support.ui.WebDriverWait@1c758545
2025-09-04 17:45:00 [main] INFO  demoqaLog - Clicking on Alert Frame & Windows Card...
2025-09-04 17:45:00 [main] INFO  demoqaLog - ✅ JS click executed on element: {}
2025-09-04 17:45:00 [main] INFO  demoqaLog - Clicked on on Alert Frame & Windows Card...
Title of this Page is: DEMOQA
You are Accessing: Alerts, Frame & Windows
2025-09-04 17:45:00 [main] INFO  demoqaBase - Alerts, Frame & Windows Card: Please select an item from left to start practice.
2025-09-04 17:45:00 [main] INFO  demoqaBase - Clicking on Alerts, Frame & Windows Card|Browser Windows...
You are now Accessing: Browser Windows
2025-09-04 17:45:00 [main] INFO  demoqaBase - You are now Accessing: Browser Windows
2025-09-04 17:45:00 [main] INFO  demoqaBase - Initiating New Tab click sequence...
2025-09-04 17:45:00 [main] INFO  demoqaBase - Clicked New Tab button
2025-09-04 17:45:00 [main] INFO  demoqaBase - Switched to new tab: BDCBAC36CCFD27540153D3230DA95AFD
2025-09-04 17:45:01 [main] INFO  demoqaBase - New tab content: 'This is a sample page'
You are now accessing: This is a sample page
2025-09-04 17:45:01 [main] INFO  demoqaBase - ✅ Alerts, Frames & Windows|Browser Windows|New Tab Test Completed...
]]></system-out>
  </testcase>
  <testcase name="browserWindowsNewWindow" classname="tests.AlertsFramesWindowsTests" time="1.203">
    <system-out><![CDATA[2025-09-04 17:45:01 [main] INFO  demoqaBase - Closing the Browser...
2025-09-04 17:45:01 [main] INFO  demoqaBase - Starting Web Browser...
2025-09-04 17:45:03 [main] INFO  demoqaBase - Navigating to demoqa.com Website
2025-09-04 17:45:03 [main] INFO  RetryUrlAccess - 🌐 Attempt 1: Navigating to https://demoqa.com
2025-09-04 17:45:07 [main] WARN  RetryUrlAccess - 🔁 Attempt 1 failed due to retryable error: detected error page after navigation
build info: version: '4.35.0', revision: '1c58e5028b'
system info: os.name: 'windows 11', os.arch: 'amd64', os.version: '10.0', java.version: '21.0.7'
driver info: driver.version: unknown. Retrying after 3000ms...
2025-09-04 17:45:10 [main] INFO  RetryUrlAccess - 🌐 Attempt 2: Navigating to https://demoqa.com
2025-09-04 17:45:11 [main] INFO  RetryUrlAccess - ✅ Successfully navigated to: https://demoqa.com
2025-09-04 17:45:11 [main] INFO  demoqaBase - 🧪 Starting Test Alerts, Frames & Windows|New Window...
2025-09-04 17:45:11 [main] INFO  demoqaBase - Accessing Alerts, Frame & Windows Card...
Declared Instance WebDriverWait: org.openqa.selenium.support.ui.WebDriverWait@66213a0d
2025-09-04 17:45:11 [main] INFO  demoqaLog - Clicking on Alert Frame & Windows Card...
2025-09-04 17:45:11 [main] INFO  demoqaLog - ✅ JS click executed on element: {}
2025-09-04 17:45:11 [main] INFO  demoqaLog - Clicked on on Alert Frame & Windows Card...
Title of this Page is: DEMOQA
You are Accessing: Alerts, Frame & Windows
2025-09-04 17:45:11 [main] INFO  demoqaBase - Alerts, Frame & Windows Card: Please select an item from left to start practice.
2025-09-04 17:45:11 [main] INFO  demoqaBase - Clicking on Alerts, Frame & Windows Card|Browser Windows...
You are now Accessing: Browser Windows
2025-09-04 17:45:11 [main] INFO  demoqaBase - You are now Accessing: Browser Windows
2025-09-04 17:45:11 [main] INFO  demoqaBase - Initiating New Window click sequence...
2025-09-04 17:45:12 [main] INFO  demoqaBase - Clicked New Window button
2025-09-04 17:45:12 [main] INFO  demoqaBase - Switched to new tab: 6241B43F558E18BE5973299176B3CEB6
2025-09-04 17:45:12 [main] INFO  demoqaBase - New tab content: 'This is a sample page'
You are now accessing: This is a sample page
2025-09-04 17:45:12 [main] INFO  demoqaBase - ✅ Alerts, Frames & Windows|Browser Windows|New Window Test Completed...
]]></system-out>
  </testcase>
  <testcase name="browserWindowsNewWindowMsg" classname="tests.AlertsFramesWindowsTests" time="1.145">
    <system-out><![CDATA[2025-09-04 17:45:12 [main] INFO  demoqaBase - Closing the Browser...
2025-09-04 17:45:12 [main] INFO  demoqaBase - Starting Web Browser...
2025-09-04 17:45:14 [main] INFO  demoqaBase - Navigating to demoqa.com Website
2025-09-04 17:45:14 [main] INFO  RetryUrlAccess - 🌐 Attempt 1: Navigating to https://demoqa.com
2025-09-04 17:45:18 [main] INFO  RetryUrlAccess - ✅ Successfully navigated to: https://demoqa.com
2025-09-04 17:45:18 [main] INFO  demoqaBase - 🧪 Starting Test Alerts, Frames & Windows|New Window Message...
2025-09-04 17:45:18 [main] INFO  demoqaBase - Accessing Alerts, Frame & Windows Card...
Declared Instance WebDriverWait: org.openqa.selenium.support.ui.WebDriverWait@4c6007fb
2025-09-04 17:45:18 [main] INFO  demoqaLog - Clicking on Alert Frame & Windows Card...
2025-09-04 17:45:18 [main] INFO  demoqaLog - ✅ JS click executed on element: {}
2025-09-04 17:45:18 [main] INFO  demoqaLog - Clicked on on Alert Frame & Windows Card...
Title of this Page is: DEMOQA
You are Accessing: Alerts, Frame & Windows
2025-09-04 17:45:19 [main] INFO  demoqaBase - Alerts, Frame & Windows Card: Please select an item from left to start practice.
2025-09-04 17:45:19 [main] INFO  demoqaBase - Clicking on Alerts, Frame & Windows Card|Browser Windows...
You are now Accessing: Browser Windows
2025-09-04 17:45:19 [main] INFO  demoqaBase - You are now Accessing: Browser Windows
2025-09-04 17:45:19 [main] INFO  demoqaBase - 🔍 Starting 'New Window Message' click sequence...
2025-09-04 17:45:19 [main] INFO  demoqaLog - ✅ JS click executed on element: {}
2025-09-04 17:45:19 [main] INFO  demoqaBase - 🔀 Switched to new window: CA510123D96E3E4601A4F5A668CF2811
2025-09-04 17:45:19 [main] INFO  demoqaBase - ✅ Verified new popup window opened successfully.
2025-09-04 17:45:19 [main] INFO  demoqaBase - ↩️ Switched back to original window: B39DE8E5C4052DDA4D1284FD81A625C7
2025-09-04 17:45:19 [main] INFO  demoqaBase - ✅ 'New Window Message' flow completed successfully.
2025-09-04 17:45:19 [main] INFO  demoqaBase - ✅ Alerts, Frames & Windows|Browser Windows|New Window Message Test Completed...
]]></system-out>
  </testcase>
  <testcase name="ClickAlerts" classname="tests.AlertsFramesWindowsTests" time="0.927">
    <system-out><![CDATA[2025-09-04 17:45:19 [main] INFO  demoqaBase - Closing the Browser...
2025-09-04 17:45:20 [main] INFO  demoqaBase - Starting Web Browser...
2025-09-04 17:45:22 [main] INFO  demoqaBase - Navigating to demoqa.com Website
2025-09-04 17:45:22 [main] INFO  RetryUrlAccess - 🌐 Attempt 1: Navigating to https://demoqa.com
2025-09-04 17:45:33 [main] INFO  RetryUrlAccess - ✅ Successfully navigated to: https://demoqa.com
2025-09-04 17:45:33 [main] INFO  demoqaBase - 🧪 Starting Test Alerts, Frames & Windows|New Window Message...
2025-09-04 17:45:33 [main] INFO  demoqaBase - Accessing Alerts, Frame & Windows Card...
Declared Instance WebDriverWait: org.openqa.selenium.support.ui.WebDriverWait@44065156
2025-09-04 17:45:33 [main] INFO  demoqaLog - Clicking on Alert Frame & Windows Card...
2025-09-04 17:45:33 [main] INFO  demoqaLog - ✅ JS click executed on element: {}
2025-09-04 17:45:33 [main] INFO  demoqaLog - Clicked on on Alert Frame & Windows Card...
Title of this Page is: DEMOQA
You are Accessing: Alerts, Frame & Windows
2025-09-04 17:45:33 [main] INFO  demoqaBase - Alerts, Frame & Windows Card: Please select an item from left to start practice.
2025-09-04 17:45:33 [main] INFO  demoqaBase - 🔍 Starting test for Alerts click ..
2025-09-04 17:45:34 [main] INFO  demoqaLog - ✅ JS click executed on element: {}
2025-09-04 17:45:34 [main] INFO  demoqaBase - ✅ Clicked on Alerts...
2025-09-04 17:45:34 [main] INFO  demoqaBase - Page Title is: Alerts
2025-09-04 17:45:34 [main] INFO  demoqaBase - ✅ Alerts, Frames & Windows|Alerts Test Completed...
]]></system-out>
  </testcase>
  <testcase name="ClickToSeeAlerts" classname="tests.AlertsFramesWindowsTests" time="6.469">
    <system-out><![CDATA[2025-09-04 17:45:34 [main] INFO  demoqaBase - Closing the Browser...
2025-09-04 17:45:34 [main] INFO  demoqaBase - Starting Web Browser...
2025-09-04 17:45:36 [main] INFO  demoqaBase - Navigating to demoqa.com Website
2025-09-04 17:45:36 [main] INFO  RetryUrlAccess - 🌐 Attempt 1: Navigating to https://demoqa.com
2025-09-04 17:45:47 [main] INFO  RetryUrlAccess - ✅ Successfully navigated to: https://demoqa.com
2025-09-04 17:45:47 [main] INFO  demoqaBase - 🧪 Starting Test Alerts, Frames & Windows|Alerts|Click button to see Alert...
2025-09-04 17:45:47 [main] INFO  demoqaBase - Accessing Alerts, Frame & Windows Card...
Declared Instance WebDriverWait: org.openqa.selenium.support.ui.WebDriverWait@7be1ce6a
2025-09-04 17:45:47 [main] INFO  demoqaLog - Clicking on Alert Frame & Windows Card...
2025-09-04 17:45:47 [main] INFO  demoqaLog - ✅ JS click executed on element: {}
2025-09-04 17:45:47 [main] INFO  demoqaLog - Clicked on on Alert Frame & Windows Card...
Title of this Page is: DEMOQA
You are Accessing: Alerts, Frame & Windows
2025-09-04 17:45:48 [main] INFO  demoqaBase - Alerts, Frame & Windows Card: Please select an item from left to start practice.
2025-09-04 17:45:48 [main] INFO  demoqaBase - 🔍 Starting test for Alerts click ..
2025-09-04 17:45:48 [main] INFO  demoqaLog - ✅ JS click executed on element: {}
2025-09-04 17:45:48 [main] INFO  demoqaBase - ✅ Clicked on Alerts...
2025-09-04 17:45:48 [main] INFO  demoqaBase - Page Title is: Alerts
2025-09-04 17:45:48 [main] INFO  demoqaBase - 🔍 Starting test for On button click, alert will appear after 5 seconds...
2025-09-04 17:45:48 [main] INFO  demoqaLog - ✅ JS click executed on element: {}
2025-09-04 17:45:48 [main] INFO  demoqaBase - ✅ Clicked on Click Button to see Alert after 5 seconds...
2025-09-04 17:45:53 [main] INFO  demoqaBase - ✅ On button click, alert will appear after 5 seconds, message is: This alert appeared after 5 seconds
2025-09-04 17:45:53 [main] INFO  demoqaBase - ✅ Alerts, Frames & Windows|Alerts|Click button to see Alert Test Completed...
]]></system-out>
  </testcase>
  <testcase name="ClickAcceptConfirmationBox" classname="tests.AlertsFramesWindowsTests" time="1.004">
    <system-out><![CDATA[2025-09-04 17:45:53 [main] INFO  demoqaBase - Closing the Browser...
2025-09-04 17:45:54 [main] INFO  demoqaBase - Starting Web Browser...
2025-09-04 17:45:56 [main] INFO  demoqaBase - Navigating to demoqa.com Website
2025-09-04 17:45:56 [main] INFO  RetryUrlAccess - 🌐 Attempt 1: Navigating to https://demoqa.com
2025-09-04 17:46:00 [main] INFO  RetryUrlAccess - ✅ Successfully navigated to: https://demoqa.com
2025-09-04 17:46:00 [main] INFO  demoqaBase - 🧪 Starting Test Alerts, Frames & Windows|AlertsOn button click, confirm box will appear, Accept...
2025-09-04 17:46:00 [main] INFO  demoqaBase - Accessing Alerts, Frame & Windows Card...
Declared Instance WebDriverWait: org.openqa.selenium.support.ui.WebDriverWait@2f10f633
2025-09-04 17:46:00 [main] INFO  demoqaLog - Clicking on Alert Frame & Windows Card...
2025-09-04 17:46:00 [main] INFO  demoqaLog - ✅ JS click executed on element: {}
2025-09-04 17:46:00 [main] INFO  demoqaLog - Clicked on on Alert Frame & Windows Card...
Title of this Page is: DEMOQA
You are Accessing: Alerts, Frame & Windows
2025-09-04 17:46:00 [main] INFO  demoqaBase - Alerts, Frame & Windows Card: Please select an item from left to start practice.
2025-09-04 17:46:00 [main] INFO  demoqaBase - 🔍 Starting test for Alerts click ..
2025-09-04 17:46:01 [main] INFO  demoqaLog - ✅ JS click executed on element: {}
2025-09-04 17:46:01 [main] INFO  demoqaBase - ✅ Clicked on Alerts...
2025-09-04 17:46:01 [main] INFO  demoqaBase - Page Title is: Alerts
2025-09-04 17:46:01 [main] INFO  demoqaBase - 🔍 Starting test for On button click, confirm box will appear, Accept...
2025-09-04 17:46:01 [main] INFO  demoqaLog - ✅ JS click executed on element: {}
2025-09-04 17:46:01 [main] INFO  demoqaBase - ✅ Clicked On button click, confirm box will appear, Accept...
2025-09-04 17:46:01 [main] INFO  demoqaBase - ✅ On button click, confirm box will appear, message is: Do you confirm action?
2025-09-04 17:46:01 [main] INFO  demoqaBase - ✅ Your Selection was: You selected Ok
2025-09-04 17:46:01 [main] INFO  demoqaBase - ✅ Alerts, Frames & Windows|Alerts|On button click, confirm box will appear, Accept Test Completed...
]]></system-out>
  </testcase>
  <testcase name="ClickDenyConfirmationBox" classname="tests.AlertsFramesWindowsTests" time="1.104">
    <system-out><![CDATA[2025-09-04 17:46:01 [main] INFO  demoqaBase - Closing the Browser...
2025-09-04 17:46:02 [main] INFO  demoqaBase - Starting Web Browser...
2025-09-04 17:46:03 [main] INFO  demoqaBase - Navigating to demoqa.com Website
2025-09-04 17:46:03 [main] INFO  RetryUrlAccess - 🌐 Attempt 1: Navigating to https://demoqa.com
2025-09-04 17:46:14 [main] INFO  RetryUrlAccess - ✅ Successfully navigated to: https://demoqa.com
2025-09-04 17:46:14 [main] INFO  demoqaBase - 🧪 Starting Test Alerts, Frames & Windows|Alerts|On button click, confirm box will appear, Deny...
2025-09-04 17:46:14 [main] INFO  demoqaBase - Accessing Alerts, Frame & Windows Card...
Declared Instance WebDriverWait: org.openqa.selenium.support.ui.WebDriverWait@183ade54
2025-09-04 17:46:14 [main] INFO  demoqaLog - Clicking on Alert Frame & Windows Card...
2025-09-04 17:46:14 [main] INFO  demoqaLog - ✅ JS click executed on element: {}
2025-09-04 17:46:14 [main] INFO  demoqaLog - Clicked on on Alert Frame & Windows Card...
Title of this Page is: DEMOQA
You are Accessing: Alerts, Frame & Windows
2025-09-04 17:46:15 [main] INFO  demoqaBase - Alerts, Frame & Windows Card: Please select an item from left to start practice.
2025-09-04 17:46:15 [main] INFO  demoqaBase - 🔍 Starting test for Alerts click ..
2025-09-04 17:46:15 [main] INFO  demoqaLog - ✅ JS click executed on element: {}
2025-09-04 17:46:15 [main] INFO  demoqaBase - ✅ Clicked on Alerts...
2025-09-04 17:46:15 [main] INFO  demoqaBase - Page Title is: Alerts
2025-09-04 17:46:15 [main] INFO  demoqaBase - 🔍 Starting test for On button click, confirm box will appear, Deny...
2025-09-04 17:46:15 [main] INFO  demoqaLog - ✅ JS click executed on element: {}
2025-09-04 17:46:15 [main] INFO  demoqaBase - ✅ Clicked On button click, confirm box will appear, Deny...
2025-09-04 17:46:15 [main] INFO  demoqaBase - ✅ On button click, confirm box will appear, message is: Do you confirm action?
2025-09-04 17:46:15 [main] INFO  demoqaBase - ✅ Your Selection was: You selected Cancel
2025-09-04 17:46:15 [main] INFO  demoqaBase - ✅ Alerts, Frames & Windows|Alerts|On button click, confirm box will appear, Deny Test Completed...
]]></system-out>
  </testcase>
  <testcase name="ClickPromptBoxFill" classname="tests.AlertsFramesWindowsTests" time="1.098">
    <system-out><![CDATA[2025-09-04 17:46:15 [main] INFO  demoqaBase - Closing the Browser...
2025-09-04 17:46:16 [main] INFO  demoqaBase - Starting Web Browser...
2025-09-04 17:46:17 [main] INFO  demoqaBase - Navigating to demoqa.com Website
2025-09-04 17:46:17 [main] INFO  RetryUrlAccess - 🌐 Attempt 1: Navigating to https://demoqa.com
2025-09-04 17:46:27 [main] INFO  RetryUrlAccess - ✅ Successfully navigated to: https://demoqa.com
2025-09-04 17:46:27 [main] INFO  demoqaBase - 🧪 Starting Test Alerts, Frames & Windows|Alerts|On button click, prompt box will appear, Fill data...
2025-09-04 17:46:27 [main] INFO  demoqaBase - Accessing Alerts, Frame & Windows Card...
Declared Instance WebDriverWait: org.openqa.selenium.support.ui.WebDriverWait@2e71240b
2025-09-04 17:46:27 [main] INFO  demoqaLog - Clicking on Alert Frame & Windows Card...
2025-09-04 17:46:28 [main] INFO  demoqaLog - ✅ JS click executed on element: {}
2025-09-04 17:46:28 [main] INFO  demoqaLog - Clicked on on Alert Frame & Windows Card...
Title of this Page is: DEMOQA
You are Accessing: Alerts, Frame & Windows
2025-09-04 17:46:28 [main] INFO  demoqaBase - Alerts, Frame & Windows Card: Please select an item from left to start practice.
2025-09-04 17:46:28 [main] INFO  demoqaBase - 🔍 Starting test for Alerts click ..
2025-09-04 17:46:28 [main] INFO  demoqaLog - ✅ JS click executed on element: {}
2025-09-04 17:46:28 [main] INFO  demoqaBase - ✅ Clicked on Alerts...
2025-09-04 17:46:28 [main] INFO  demoqaBase - Page Title is: Alerts
2025-09-04 17:46:28 [main] INFO  demoqaBase - 🔍 Starting test for On button click, prompt box will appear, Fill data...
2025-09-04 17:46:28 [main] INFO  demoqaLog - ✅ JS click executed on element: {}
2025-09-04 17:46:28 [main] INFO  demoqaBase - ✅ Clicked On button click, prompt box will appear, Fill data...
2025-09-04 17:46:28 [main] INFO  demoqaBase - ✅ On button click, prompt box will appear, message is: Please enter your name
2025-09-04 17:46:28 [main] INFO  demoqaBase - ✅ Your Selection was: You entered Java Selenium
2025-09-04 17:46:28 [main] INFO  demoqaBase - ✅ Alerts, Frames & Windows|Alerts|On button click, prompt box will appear, Fill data Test Completed...
]]></system-out>
  </testcase>
  <testcase name="ClickFrames" classname="tests.AlertsFramesWindowsTests" time="0.566">
    <system-out><![CDATA[2025-09-04 17:46:28 [main] INFO  demoqaBase - Closing the Browser...
2025-09-04 17:46:29 [main] INFO  demoqaBase - Starting Web Browser...
2025-09-04 17:46:30 [main] INFO  demoqaBase - Navigating to demoqa.com Website
2025-09-04 17:46:30 [main] INFO  RetryUrlAccess - 🌐 Attempt 1: Navigating to https://demoqa.com
2025-09-04 17:46:36 [main] INFO  RetryUrlAccess - ✅ Successfully navigated to: https://demoqa.com
2025-09-04 17:46:36 [main] INFO  demoqaBase - 🧪 Starting Test Alerts, Frames & Windows|Frames...
2025-09-04 17:46:36 [main] INFO  demoqaBase - Accessing Alerts, Frame & Windows Card...
Declared Instance WebDriverWait: org.openqa.selenium.support.ui.WebDriverWait@696b52bc
2025-09-04 17:46:36 [main] INFO  demoqaLog - Clicking on Alert Frame & Windows Card...
2025-09-04 17:46:37 [main] INFO  demoqaLog - ✅ JS click executed on element: {}
2025-09-04 17:46:37 [main] INFO  demoqaLog - Clicked on on Alert Frame & Windows Card...
Title of this Page is: DEMOQA
You are Accessing: Alerts, Frame & Windows
2025-09-04 17:46:37 [main] INFO  demoqaBase - Alerts, Frame & Windows Card: Please select an item from left to start practice.
2025-09-04 17:46:37 [main] INFO  demoqaBase - 🔍 Starting test for Frames click ..
2025-09-04 17:46:37 [main] INFO  demoqaLog - ✅ JS click executed on element: {}
2025-09-04 17:46:37 [main] INFO  demoqaBase - ✅ Clicked on Frames...
2025-09-04 17:46:37 [main] INFO  demoqaBase - Page Title is: Frames
2025-09-04 17:46:37 [main] INFO  demoqaBase - ✅ Alerts, Frames & Windows|Frames Test Completed...
]]></system-out>
  </testcase>
  <testcase name="GetFrame1" classname="tests.AlertsFramesWindowsTests" time="0.771">
    <system-out><![CDATA[2025-09-04 17:46:37 [main] INFO  demoqaBase - Closing the Browser...
2025-09-04 17:46:37 [main] INFO  demoqaBase - Starting Web Browser...
2025-09-04 17:46:39 [main] INFO  demoqaBase - Navigating to demoqa.com Website
2025-09-04 17:46:39 [main] INFO  RetryUrlAccess - 🌐 Attempt 1: Navigating to https://demoqa.com
2025-09-04 17:46:43 [main] INFO  RetryUrlAccess - ✅ Successfully navigated to: https://demoqa.com
2025-09-04 17:46:43 [main] INFO  demoqaBase - 🧪 Starting Test Alerts, Frames & Windows|Frames|Frame1 message...
2025-09-04 17:46:43 [main] INFO  demoqaBase - Accessing Alerts, Frame & Windows Card...
Declared Instance WebDriverWait: org.openqa.selenium.support.ui.WebDriverWait@14f060b8
2025-09-04 17:46:43 [main] INFO  demoqaLog - Clicking on Alert Frame & Windows Card...
2025-09-04 17:46:44 [main] INFO  demoqaLog - ✅ JS click executed on element: {}
2025-09-04 17:46:44 [main] INFO  demoqaLog - Clicked on on Alert Frame & Windows Card...
Title of this Page is: DEMOQA
You are Accessing: Alerts, Frame & Windows
2025-09-04 17:46:44 [main] INFO  demoqaBase - Alerts, Frame & Windows Card: Please select an item from left to start practice.
2025-09-04 17:46:44 [main] INFO  demoqaBase - 🔍 Starting test for Frames click ..
2025-09-04 17:46:44 [main] INFO  demoqaLog - ✅ JS click executed on element: {}
2025-09-04 17:46:44 [main] INFO  demoqaBase - ✅ Clicked on Frames...
2025-09-04 17:46:44 [main] INFO  demoqaBase - Page Title is: Frames
2025-09-04 17:46:44 [main] INFO  demoqaBase - 🔍 Starting test for Frames|Frame1 Message...
2025-09-04 17:46:44 [main] INFO  demoqaBase - ✅ Switched to Frame1...
2025-09-04 17:46:44 [main] INFO  demoqaBase - Frame1 contains: This is a sample page
2025-09-04 17:46:44 [main] INFO  demoqaBase - ✅ Alerts, Frames & Windows|Frames|Frame1 message Test Completed...
]]></system-out>
  </testcase>
  <testcase name="GetFrame2" classname="tests.AlertsFramesWindowsTests" time="1.046">
    <failure message="expected [false] but found [true]" type="java.lang.AssertionError"><![CDATA[java.lang.AssertionError: expected [false] but found [true]
	at org.testng.Assert.fail(Assert.java:111)
	at org.testng.Assert.failNotEquals(Assert.java:1590)
	at org.testng.Assert.assertEqualsImpl(Assert.java:150)
	at org.testng.Assert.assertEquals(Assert.java:132)
	at org.testng.Assert.assertEquals(Assert.java:1079)
	at org.testng.Assert.assertEquals(Assert.java:1043)
	at org.testng.Assert.assertEquals(Assert.java:1089)
	at pages.alertsframewindowsPage.GetFrame2msg(alertsframewindowsPage.java:332)
	at tests.AlertsFramesWindowsTests.GetFrame2(AlertsFramesWindowsTests.java:182)
	at java.base/jdk.internal.reflect.DirectMethodHandleAccessor.invoke(DirectMethodHandleAccessor.java:103)
	at java.base/java.lang.reflect.Method.invoke(Method.java:580)
	at org.testng.internal.invokers.MethodInvocationHelper.invokeMethod(MethodInvocationHelper.java:141)
	at org.testng.internal.invokers.TestInvoker.invokeMethod(TestInvoker.java:687)
	at org.testng.internal.invokers.TestInvoker.invokeTestMethod(TestInvoker.java:230)
	at org.testng.internal.invokers.MethodRunner.runInSequence(MethodRunner.java:63)
	at org.testng.internal.invokers.TestInvoker$MethodInvocationAgent.invoke(TestInvoker.java:995)
	at org.testng.internal.invokers.TestInvoker.invokeTestMethods(TestInvoker.java:203)
	at org.testng.internal.invokers.TestMethodWorker.invokeTestMethods(TestMethodWorker.java:154)
	at org.testng.internal.invokers.TestMethodWorker.run(TestMethodWorker.java:134)
	at java.base/java.util.ArrayList.forEach(ArrayList.java:1596)
	at org.testng.TestRunner.privateRun(TestRunner.java:741)
	at org.testng.TestRunner.run(TestRunner.java:616)
	at org.testng.SuiteRunner.runTest(SuiteRunner.java:421)
	at org.testng.SuiteRunner.runSequentially(SuiteRunner.java:413)
	at org.testng.SuiteRunner.privateRun(SuiteRunner.java:373)
	at org.testng.SuiteRunner.run(SuiteRunner.java:312)
	at org.testng.SuiteRunnerWorker.runSuite(SuiteRunnerWorker.java:52)
	at org.testng.SuiteRunnerWorker.run(SuiteRunnerWorker.java:95)
	at org.testng.TestNG.runSuitesSequentially(TestNG.java:1274)
	at org.testng.TestNG.runSuitesLocally(TestNG.java:1208)
	at org.testng.TestNG.runSuites(TestNG.java:1112)
	at org.testng.TestNG.run(TestNG.java:1079)
	at org.apache.maven.surefire.testng.TestNGExecutor.run(TestNGExecutor.java:155)
	at org.apache.maven.surefire.testng.TestNGDirectoryTestSuite.executeMulti(TestNGDirectoryTestSuite.java:169)
	at org.apache.maven.surefire.testng.TestNGDirectoryTestSuite.execute(TestNGDirectoryTestSuite.java:88)
	at org.apache.maven.surefire.testng.TestNGProvider.invoke(TestNGProvider.java:137)
	at org.apache.maven.surefire.booter.ForkedBooter.runSuitesInProcess(ForkedBooter.java:385)
	at org.apache.maven.surefire.booter.ForkedBooter.execute(ForkedBooter.java:162)
	at org.apache.maven.surefire.booter.ForkedBooter.run(ForkedBooter.java:507)
	at org.apache.maven.surefire.booter.ForkedBooter.main(ForkedBooter.java:495)
]]></failure>
    <system-out><![CDATA[2025-09-04 17:46:44 [main] INFO  demoqaBase - Closing the Browser...
2025-09-04 17:46:45 [main] INFO  demoqaBase - Starting Web Browser...
2025-09-04 17:46:46 [main] INFO  demoqaBase - Navigating to demoqa.com Website
2025-09-04 17:46:46 [main] INFO  RetryUrlAccess - 🌐 Attempt 1: Navigating to https://demoqa.com
2025-09-04 17:46:57 [main] INFO  RetryUrlAccess - ✅ Successfully navigated to: https://demoqa.com
2025-09-04 17:46:57 [main] INFO  demoqaBase - 🧪 Starting Test Alerts, Frames & Windows|Frames|Frame2 message...
2025-09-04 17:46:57 [main] INFO  demoqaBase - Accessing Alerts, Frame & Windows Card...
Declared Instance WebDriverWait: org.openqa.selenium.support.ui.WebDriverWait@175581eb
2025-09-04 17:46:57 [main] INFO  demoqaLog - Clicking on Alert Frame & Windows Card...
2025-09-04 17:46:57 [main] INFO  demoqaLog - ✅ JS click executed on element: {}
2025-09-04 17:46:57 [main] INFO  demoqaLog - Clicked on on Alert Frame & Windows Card...
Title of this Page is: DEMOQA
You are Accessing: Alerts, Frame & Windows
2025-09-04 17:46:58 [main] INFO  demoqaBase - Alerts, Frame & Windows Card: Please select an item from left to start practice.
2025-09-04 17:46:58 [main] INFO  demoqaBase - 🔍 Starting test for Frames click ..
2025-09-04 17:46:58 [main] INFO  demoqaLog - ✅ JS click executed on element: {}
2025-09-04 17:46:58 [main] INFO  demoqaBase - ✅ Clicked on Frames...
2025-09-04 17:46:58 [main] INFO  demoqaBase - Page Title is: Frames
2025-09-04 17:46:58 [main] INFO  demoqaBase - 🔍 Starting test for Frames|Frame2 Message...
]]></system-out>
  </testcase>
  <testcase name="ClickModalDialogs" classname="tests.AlertsFramesWindowsTests" time="0.463">
    <system-out><![CDATA[Path for Screenshot is: C:\ASN\eclipse_workspace\demoqa-automation/screenshots/com.aventstack.extentreports.ExtentTest@1491cd6cTest Failed+2025-09-04_17-46-58.png
2025-09-04 17:46:59 [main] INFO  demoqaBase - Closing the Browser...
2025-09-04 17:46:59 [main] INFO  demoqaBase - Starting Web Browser...
2025-09-04 17:47:01 [main] INFO  demoqaBase - Navigating to demoqa.com Website
2025-09-04 17:47:01 [main] INFO  RetryUrlAccess - 🌐 Attempt 1: Navigating to https://demoqa.com
2025-09-04 17:47:31 [main] WARN  RetryUrlAccess - 🔁 Attempt 1 failed due to retryable error: timeout: timed out receiving message from renderer: 29.100
  (session info: chrome=137.0.7151.120)
build info: version: '4.35.0', revision: '1c58e5028b'
system info: os.name: 'windows 11', os.arch: 'amd64', os.version: '10.0', java.version: '21.0.7'
driver info: org.openqa.selenium.chrome.chromedriver
command: [5267aba1e188ab8433d8094849aa8533, get {url=https://demoqa.com}]
capabilities {acceptinsecurecerts: false, browsername: chrome, browserversion: 137.0.7151.120, chrome: {chromedriverversion: 137.0.7151.119 (e0ac9d12dff..., userdatadir: c:\users\dell\appdata\local...}, fedcm:accounts: true, goog:chromeoptions: {debuggeraddress: localhost:54066}, networkconnectionenabled: false, pageloadstrategy: normal, platformname: windows, proxy: proxy(), se:cdp: ws://localhost:54066/devtoo..., se:cdpversion: 137.0.7151.120, setwindowrect: true, strictfileinteractability: false, timeouts: {implicit: 0, pageload: 300000, script: 30000}, unhandledpromptbehavior: dismiss and notify, webauthn:extension:credblob: true, webauthn:extension:largeblob: true, webauthn:extension:minpinlength: true, webauthn:extension:prf: true, webauthn:virtualauthenticators: true}
session id: 5267aba1e188ab8433d8094849aa8533. Retrying after 3000ms...
2025-09-04 17:47:34 [main] INFO  RetryUrlAccess - 🌐 Attempt 2: Navigating to https://demoqa.com
2025-09-04 17:47:34 [main] INFO  RetryUrlAccess - ✅ Successfully navigated to: https://demoqa.com
2025-09-04 17:47:34 [main] INFO  demoqaBase - 🧪 Starting Test Alerts, Frames & Windows|Modal Dialogs...
2025-09-04 17:47:34 [main] INFO  demoqaBase - Accessing Alerts, Frame & Windows Card...
Declared Instance WebDriverWait: org.openqa.selenium.support.ui.WebDriverWait@1d17423f
2025-09-04 17:47:34 [main] INFO  demoqaLog - Clicking on Alert Frame & Windows Card...
2025-09-04 17:47:35 [main] INFO  demoqaLog - ✅ JS click executed on element: {}
2025-09-04 17:47:35 [main] INFO  demoqaLog - Clicked on on Alert Frame & Windows Card...
Title of this Page is: DEMOQA
You are Accessing: Alerts, Frame & Windows
2025-09-04 17:47:35 [main] INFO  demoqaBase - Alerts, Frame & Windows Card: Please select an item from left to start practice.
2025-09-04 17:47:35 [main] INFO  demoqaBase - 🔍 Starting test for Frames|Modal Dialogs click ..
2025-09-04 17:47:35 [main] INFO  demoqaLog - ✅ JS click executed on element: {}
2025-09-04 17:47:35 [main] INFO  demoqaBase - ✅ Clicked on Modal Dialogs...
2025-09-04 17:47:35 [main] INFO  demoqaBase - Page Title is: Modal Dialogs
2025-09-04 17:47:35 [main] INFO  demoqaBase - ✅ Alerts, Frames & Windows|Modal Dialogs Test Completed...
]]></system-out>
  </testcase>
  <testcase name="ClickNestedFrames" classname="tests.AlertsFramesWindowsTests" time="0.718">
    <system-out><![CDATA[2025-09-04 17:47:35 [main] INFO  demoqaBase - Closing the Browser...
2025-09-04 17:47:35 [main] INFO  demoqaBase - Starting Web Browser...
2025-09-04 17:47:37 [main] INFO  demoqaBase - Navigating to demoqa.com Website
2025-09-04 17:47:37 [main] INFO  RetryUrlAccess - 🌐 Attempt 1: Navigating to https://demoqa.com
2025-09-04 17:47:41 [main] INFO  RetryUrlAccess - ✅ Successfully navigated to: https://demoqa.com
2025-09-04 17:47:41 [main] INFO  demoqaBase - 🧪 Starting Test Alerts, Frames & Windows|Nested Frames...
2025-09-04 17:47:41 [main] INFO  demoqaBase - Accessing Alerts, Frame & Windows Card...
Declared Instance WebDriverWait: org.openqa.selenium.support.ui.WebDriverWait@775f15fd
2025-09-04 17:47:41 [main] INFO  demoqaLog - Clicking on Alert Frame & Windows Card...
2025-09-04 17:47:42 [main] INFO  demoqaLog - ✅ JS click executed on element: {}
2025-09-04 17:47:42 [main] INFO  demoqaLog - Clicked on on Alert Frame & Windows Card...
Title of this Page is: DEMOQA
You are Accessing: Alerts, Frame & Windows
2025-09-04 17:47:42 [main] INFO  demoqaBase - Alerts, Frame & Windows Card: Please select an item from left to start practice.
2025-09-04 17:47:42 [main] INFO  demoqaBase - 🔍 Starting test for Frames|Nested Frames click ..
2025-09-04 17:47:42 [main] INFO  demoqaLog - ✅ JS click executed on element: {}
2025-09-04 17:47:42 [main] INFO  demoqaBase - ✅ Clicked on Nested Frames...
2025-09-04 17:47:42 [main] INFO  demoqaBase - Page Title is: Nested Frames
2025-09-04 17:47:42 [main] INFO  demoqaBase - ✅ Alerts, Frames & Windows|Nested Frames Test Completed...
]]></system-out>
  </testcase>
  <testcase name="ClickLargeModal" classname="tests.AlertsFramesWindowsTests" time="1.413">
    <system-out><![CDATA[2025-09-04 17:47:42 [main] INFO  demoqaBase - Closing the Browser...
2025-09-04 17:47:43 [main] INFO  demoqaBase - Starting Web Browser...
2025-09-04 17:47:44 [main] INFO  demoqaBase - Navigating to demoqa.com Website
2025-09-04 17:47:44 [main] INFO  RetryUrlAccess - 🌐 Attempt 1: Navigating to https://demoqa.com
2025-09-04 17:48:14 [main] WARN  RetryUrlAccess - 🔁 Attempt 1 failed due to retryable error: timeout: timed out receiving message from renderer: 28.965
  (session info: chrome=137.0.7151.120)
build info: version: '4.35.0', revision: '1c58e5028b'
system info: os.name: 'windows 11', os.arch: 'amd64', os.version: '10.0', java.version: '21.0.7'
driver info: org.openqa.selenium.chrome.chromedriver
command: [88c13d4284f30b951b874a9db685af97, get {url=https://demoqa.com}]
capabilities {acceptinsecurecerts: false, browsername: chrome, browserversion: 137.0.7151.120, chrome: {chromedriverversion: 137.0.7151.119 (e0ac9d12dff..., userdatadir: c:\users\dell\appdata\local...}, fedcm:accounts: true, goog:chromeoptions: {debuggeraddress: localhost:54503}, networkconnectionenabled: false, pageloadstrategy: normal, platformname: windows, proxy: proxy(), se:cdp: ws://localhost:54503/devtoo..., se:cdpversion: 137.0.7151.120, setwindowrect: true, strictfileinteractability: false, timeouts: {implicit: 0, pageload: 300000, script: 30000}, unhandledpromptbehavior: dismiss and notify, webauthn:extension:credblob: true, webauthn:extension:largeblob: true, webauthn:extension:minpinlength: true, webauthn:extension:prf: true, webauthn:virtualauthenticators: true}
session id: 88c13d4284f30b951b874a9db685af97. Retrying after 3000ms...
2025-09-04 17:48:17 [main] INFO  RetryUrlAccess - 🌐 Attempt 2: Navigating to https://demoqa.com
2025-09-04 17:48:19 [main] INFO  RetryUrlAccess - ✅ Successfully navigated to: https://demoqa.com
2025-09-04 17:48:19 [main] INFO  demoqaBase - 🧪 Starting Test Alerts, Frames & Windows|Modal Dialogs|Large Modal...
2025-09-04 17:48:19 [main] INFO  demoqaBase - Accessing Alerts, Frame & Windows Card...
Declared Instance WebDriverWait: org.openqa.selenium.support.ui.WebDriverWait@7956f93a
2025-09-04 17:48:19 [main] INFO  demoqaLog - Clicking on Alert Frame & Windows Card...
2025-09-04 17:48:19 [main] INFO  demoqaLog - ✅ JS click executed on element: {}
2025-09-04 17:48:19 [main] INFO  demoqaLog - Clicked on on Alert Frame & Windows Card...
Title of this Page is: DEMOQA
You are Accessing: Alerts, Frame & Windows
2025-09-04 17:48:19 [main] INFO  demoqaBase - Alerts, Frame & Windows Card: Please select an item from left to start practice.
2025-09-04 17:48:19 [main] INFO  demoqaBase - 🔍 Starting test for Frames|Modal Dialogs click ..
2025-09-04 17:48:20 [main] INFO  demoqaLog - ✅ JS click executed on element: {}
2025-09-04 17:48:20 [main] INFO  demoqaBase - ✅ Clicked on Modal Dialogs...
2025-09-04 17:48:20 [main] INFO  demoqaBase - Page Title is: Modal Dialogs
2025-09-04 17:48:20 [main] INFO  demoqaBase - 🔍 Starting test for Frames|Modal Dialogs|Large Modal click...
2025-09-04 17:48:20 [main] INFO  demoqaLog - ✅ JS click executed on element: {}
2025-09-04 17:48:20 [main] INFO  demoqaBase - ✅ Clicked on Modal Dialogs|Large Modal...
2025-09-04 17:48:20 [main] INFO  demoqaBase - Page Title is: Large Modal
2025-09-04 17:48:20 [main] INFO  demoqaBase - Large Modal Body Contains: Lorem Ipsum is simply dummy text of the printing and typesetting industry. Lorem Ipsum has been the industry's standard dummy text ever since the 1500s, when an unknown printer took a galley of type and scrambled it to make a type specimen book. It has survived not only five centuries, but also the leap into electronic typesetting, remaining essentially unchanged. It was popularised in the 1960s with the release of Letraset sheets containing Lorem Ipsum passages, and more recently with desktop publishing software like Aldus PageMaker including versions of Lorem Ipsum.
2025-09-04 17:48:20 [main] INFO  demoqaLog - ✅ JS click executed on element: {}
2025-09-04 17:48:20 [main] INFO  demoqaBase - ✅ Alerts, Frames & Windows|Modal Dialogs|Large Modal click Test Completed...
]]></system-out>
  </testcase>
  <testcase name="ClickSmallModal" classname="tests.AlertsFramesWindowsTests" time="1.652">
    <system-out><![CDATA[2025-09-04 17:48:20 [main] INFO  demoqaBase - Closing the Browser...
2025-09-04 17:48:21 [main] INFO  demoqaBase - Starting Web Browser...
2025-09-04 17:48:22 [main] INFO  demoqaBase - Navigating to demoqa.com Website
2025-09-04 17:48:22 [main] INFO  RetryUrlAccess - 🌐 Attempt 1: Navigating to https://demoqa.com
2025-09-04 17:48:28 [main] INFO  RetryUrlAccess - ✅ Successfully navigated to: https://demoqa.com
2025-09-04 17:48:28 [main] INFO  demoqaBase - 🧪 Starting Test Alerts, Frames & Windows|Modal Dialogs|Small Modal...
2025-09-04 17:48:28 [main] INFO  demoqaBase - Accessing Alerts, Frame & Windows Card...
Declared Instance WebDriverWait: org.openqa.selenium.support.ui.WebDriverWait@4e2109fe
2025-09-04 17:48:28 [main] INFO  demoqaLog - Clicking on Alert Frame & Windows Card...
2025-09-04 17:48:28 [main] INFO  demoqaLog - ✅ JS click executed on element: {}
2025-09-04 17:48:28 [main] INFO  demoqaLog - Clicked on on Alert Frame & Windows Card...
Title of this Page is: DEMOQA
You are Accessing: Alerts, Frame & Windows
2025-09-04 17:48:28 [main] INFO  demoqaBase - Alerts, Frame & Windows Card: Please select an item from left to start practice.
2025-09-04 17:48:28 [main] INFO  demoqaBase - 🔍 Starting test for Frames|Modal Dialogs click ..
2025-09-04 17:48:29 [main] INFO  demoqaLog - ✅ JS click executed on element: {}
2025-09-04 17:48:29 [main] INFO  demoqaBase - ✅ Clicked on Modal Dialogs...
2025-09-04 17:48:29 [main] INFO  demoqaBase - Page Title is: Modal Dialogs
2025-09-04 17:48:29 [main] INFO  demoqaBase - 🔍 Starting test for Frames|Modal Dialogs|Small Modal click...
2025-09-04 17:48:29 [main] INFO  demoqaLog - ✅ JS click executed on element: {}
2025-09-04 17:48:29 [main] INFO  demoqaBase - ✅ Clicked on Modal Dialogs|Small Modal...
2025-09-04 17:48:29 [main] INFO  demoqaBase - Page Title is: Small Modal
2025-09-04 17:48:29 [main] INFO  demoqaBase - Small Modal Body Contains: This is a small modal. It has very less content
2025-09-04 17:48:30 [main] INFO  demoqaLog - ✅ JS click executed on element: {}
2025-09-04 17:48:30 [main] INFO  demoqaBase - ✅ Alerts, Frames & Windows|Modal Dialogs|Small Modal click Test Completed...
]]></system-out>
  </testcase>
  <testcase name="GetParentFrame" classname="tests.AlertsFramesWindowsTests" time="3.847">
    <system-out><![CDATA[2025-09-04 17:48:30 [main] INFO  demoqaBase - Closing the Browser...
2025-09-04 17:48:30 [main] INFO  demoqaBase - Starting Web Browser...
2025-09-04 17:48:31 [main] INFO  demoqaBase - Navigating to demoqa.com Website
2025-09-04 17:48:31 [main] INFO  RetryUrlAccess - 🌐 Attempt 1: Navigating to https://demoqa.com
2025-09-04 17:48:42 [main] INFO  RetryUrlAccess - ✅ Successfully navigated to: https://demoqa.com
2025-09-04 17:48:42 [main] INFO  demoqaBase - 🧪 Starting Test Alerts, Frames & Windows|Frames|Parent Frame message...
2025-09-04 17:48:42 [main] INFO  demoqaBase - Accessing Alerts, Frame & Windows Card...
Declared Instance WebDriverWait: org.openqa.selenium.support.ui.WebDriverWait@43ab0659
2025-09-04 17:48:42 [main] INFO  demoqaLog - Clicking on Alert Frame & Windows Card...
2025-09-04 17:48:42 [main] INFO  demoqaLog - ✅ JS click executed on element: {}
2025-09-04 17:48:42 [main] INFO  demoqaLog - Clicked on on Alert Frame & Windows Card...
Title of this Page is: DEMOQA
You are Accessing: Alerts, Frame & Windows
2025-09-04 17:48:43 [main] INFO  demoqaBase - Alerts, Frame & Windows Card: Please select an item from left to start practice.
2025-09-04 17:48:43 [main] INFO  demoqaBase - 🔍 Starting test for Frames|Nested Frames click ..
2025-09-04 17:48:43 [main] INFO  demoqaLog - ✅ JS click executed on element: {}
2025-09-04 17:48:43 [main] INFO  demoqaBase - ✅ Clicked on Nested Frames...
2025-09-04 17:48:43 [main] INFO  demoqaBase - Page Title is: Nested Frames
2025-09-04 17:48:43 [main] INFO  demoqaBase - 🔍 Starting test for Frames|Parent Frame Message...
2025-09-04 17:48:46 [main] INFO  demoqaBase - After switching, frame body contains: [Parent frame]
2025-09-04 17:48:46 [main] INFO  demoqaBase - ✅ Alerts, Frames & Windows|Frames|Parent Frame message Test Completed...
]]></system-out>
  </testcase>
  <testcase name="GetChildFrame" classname="tests.AlertsFramesWindowsTests" time="1.221">
    <system-out><![CDATA[2025-09-04 17:48:46 [main] INFO  demoqaBase - Closing the Browser...
2025-09-04 17:48:47 [main] INFO  demoqaBase - Starting Web Browser...
2025-09-04 17:48:48 [main] INFO  demoqaBase - Navigating to demoqa.com Website
2025-09-04 17:48:48 [main] INFO  RetryUrlAccess - 🌐 Attempt 1: Navigating to https://demoqa.com
2025-09-04 17:49:00 [main] INFO  RetryUrlAccess - ✅ Successfully navigated to: https://demoqa.com
2025-09-04 17:49:00 [main] INFO  demoqaBase - 🧪 Starting Test Alerts, Frames & Windows|Frames|Child Frame message...
2025-09-04 17:49:00 [main] INFO  demoqaBase - Accessing Alerts, Frame & Windows Card...
Declared Instance WebDriverWait: org.openqa.selenium.support.ui.WebDriverWait@e8c84eb
2025-09-04 17:49:00 [main] INFO  demoqaLog - Clicking on Alert Frame & Windows Card...
2025-09-04 17:49:00 [main] INFO  demoqaLog - ✅ JS click executed on element: {}
2025-09-04 17:49:00 [main] INFO  demoqaLog - Clicked on on Alert Frame & Windows Card...
Title of this Page is: DEMOQA
You are Accessing: Alerts, Frame & Windows
2025-09-04 17:49:00 [main] INFO  demoqaBase - Alerts, Frame & Windows Card: Please select an item from left to start practice.
2025-09-04 17:49:00 [main] INFO  demoqaBase - 🔍 Starting test for Frames|Nested Frames click ..
2025-09-04 17:49:00 [main] INFO  demoqaLog - ✅ JS click executed on element: {}
2025-09-04 17:49:00 [main] INFO  demoqaBase - ✅ Clicked on Nested Frames...
2025-09-04 17:49:01 [main] INFO  demoqaBase - Page Title is: Nested Frames
2025-09-04 17:49:01 [main] INFO  demoqaBase - 🔍 Starting test for Frames|Child Frame Message...
2025-09-04 17:49:01 [main] INFO  demoqaBase - After switching, frame body contains: [Child Iframe]
2025-09-04 17:49:01 [main] INFO  demoqaBase - ✅ Alerts, Frames & Windows|Frames|Child Frame message Test Completed...
]]></system-out>
  </testcase>
  <testcase name="ElementsCard" classname="tests.ElementsTests" time="0.81">
    <system-out><![CDATA[2025-09-04 17:49:01 [main] INFO  demoqaBase - Closing the Browser...
2025-09-04 17:49:02 [main] INFO  demoqaBase - Starting Web Browser...
2025-09-04 17:49:03 [main] INFO  demoqaBase - Navigating to demoqa.com Website
2025-09-04 17:49:03 [main] INFO  RetryUrlAccess - 🌐 Attempt 1: Navigating to https://demoqa.com
2025-09-04 17:49:14 [main] INFO  RetryUrlAccess - ✅ Successfully navigated to: https://demoqa.com
2025-09-04 17:49:14 [main] INFO  demoqaBase - 🧪 Starting Test Elements | Text Box Test...
Instance Variables Declared are: nullnull
2025-09-04 17:49:14 [main] INFO  demoqaBase - Accessing Elements Card...
2025-09-04 17:49:14 [main] INFO  demoqaLog - Clicking on Elements Card...
2025-09-04 17:49:14 [main] WARN  demoqaLog - ⚠️ JS click failed, falling back to native click. Reason: {}
2025-09-04 17:49:15 [main] INFO  demoqaLog - ✅ Native click succeeded on element: {}
2025-09-04 17:49:15 [main] INFO  demoqaLog - Clicked on Elements Card...
Title of this Page is: DEMOQA
You are Accessing: Elements
 
Elements: Please select an item from left to start practice.
2025-09-04 17:49:15 [main] INFO  demoqaBase - Elements: Please select an item from left to start practice.
Title of this Page is: DEMOQA
2025-09-04 17:49:15 [main] INFO  demoqaBase - ✅ Element Card Test Completed...
]]></system-out>
  </testcase>
  <testcase name="TextBox[TextBoxUser{firstName=&apos;Johny&apos;, lastName=&apos;Bravo&apos;, email=&apos;Jbravo@demoqa.com&apos;, currentAddress=&apos;301 Town 481, Brookville\n kansas 42129\n United States&apos;, permanentAddress=&apos;511 Grant 481, Prattsville\n Arkansas 72129\n United States&apos;}](1)" classname="tests.ElementsTests" time="2.365">
    <system-out><![CDATA[2025-09-04 17:49:15 [main] INFO  demoqaBase - Closing the Browser...
🧾 Row 1: {Salary=28000.0, Email=Jbravo@demoqa.com, Address=511 Grant 481, Prattsville\n Arkansas 72129\n United States, First Name=Johny, Gender=Male, City=Delhi, Mobile=9.238343488E9, Hobbies=Sports,Music, Subject=Computer Science, Current Address=301 Town 481, Brookville\n kansas 42129\n United States, Department=Information Technology, DOB=15/08/2000, Picture=/TestData/Mphoto.jpg, State=NCR, Last Name=Bravo, Age=34.0}
🔍 Mapping field: firstName | Excel Column: First Name | Value: Johny
🔍 Mapping field: lastName | Excel Column: Last Name | Value: Bravo
🔍 Mapping field: email | Excel Column: Email | Value: Jbravo@demoqa.com
🔍 Mapping field: currentAddress | Excel Column: Current Address | Value: 301 Town 481, Brookville\n kansas 42129\n United States
🔍 Mapping field: permanentAddress | Excel Column: Address | Value: 511 Grant 481, Prattsville\n Arkansas 72129\n United States
🧾 Row 2: {Salary=18000.0, Email=GFemina@demoqa.com, Address=512 Grant 481, Prattsville\n Arkansas 72129\n United States, First Name=Gene, Gender=Female, City=Merrut, Mobile=1.888343432E9, Hobbies=Music,Reading, Subject=Accounting, Current Address=302 Town 481, Brookville\n kansas 42129\n United States, Department=Finance, DOB=22/05/2002, Picture=/TestData/Fphoto.png, State=Uttar Pradesh, Last Name=Femina, Age=30.0}
🔍 Mapping field: firstName | Excel Column: First Name | Value: Gene
🔍 Mapping field: lastName | Excel Column: Last Name | Value: Femina
🔍 Mapping field: email | Excel Column: Email | Value: GFemina@demoqa.com
🔍 Mapping field: currentAddress | Excel Column: Current Address | Value: 302 Town 481, Brookville\n kansas 42129\n United States
🔍 Mapping field: permanentAddress | Excel Column: Address | Value: 512 Grant 481, Prattsville\n Arkansas 72129\n United States
🧾 Row 3: {Salary=15000.0, Email=BWisem@demoqa.com, Address=513 Grant 481, Prattsville\n Arkansas 72129\n United States, First Name=Bud, Gender=Other, City=Panipat, Mobile=8.932465432E9, Hobbies=Reading, Subject=Biology, Current Address=303 Town 481, Brookville\n kansas 42129\n United States, Department=Medicine, DOB=31/12/1999, Picture=/TestData/Ophoto.jpg, State=Haryana, Last Name=Wisem, Age=40.0}
🔍 Mapping field: firstName | Excel Column: First Name | Value: Bud
🔍 Mapping field: lastName | Excel Column: Last Name | Value: Wisem
🔍 Mapping field: email | Excel Column: Email | Value: BWisem@demoqa.com
🔍 Mapping field: currentAddress | Excel Column: Current Address | Value: 303 Town 481, Brookville\n kansas 42129\n United States
🔍 Mapping field: permanentAddress | Excel Column: Address | Value: 513 Grant 481, Prattsville\n Arkansas 72129\n United States
🧾 Row 4: {Salary=19000.0, Email=TBoss@demoqa.com, Address=514 Grant 481, Prattsville\n Arkansas 72129\n United States, First Name=Tom, Gender=Male, City=Jaiselmer, Mobile=7.839875281E9, Hobbies=Sports,Reading, Subject=Social Studies, Current Address=304 Town 481, Brookville\n kansas 42129\n United States, Department=Recreation, DOB=1/26/03, Picture=/TestData/M2photo.jpg, State=Rajasthan, Last Name=Boss, Age=42.0}
🔍 Mapping field: firstName | Excel Column: First Name | Value: Tom
🔍 Mapping field: lastName | Excel Column: Last Name | Value: Boss
🔍 Mapping field: email | Excel Column: Email | Value: TBoss@demoqa.com
🔍 Mapping field: currentAddress | Excel Column: Current Address | Value: 304 Town 481, Brookville\n kansas 42129\n United States
🔍 Mapping field: permanentAddress | Excel Column: Address | Value: 514 Grant 481, Prattsville\n Arkansas 72129\n United States
2025-09-04 17:49:17 [main] INFO  demoqaBase - Starting Web Browser...
2025-09-04 17:49:18 [main] INFO  demoqaBase - Navigating to demoqa.com Website
2025-09-04 17:49:18 [main] INFO  RetryUrlAccess - 🌐 Attempt 1: Navigating to https://demoqa.com
2025-09-04 17:49:23 [main] INFO  RetryUrlAccess - ✅ Successfully navigated to: https://demoqa.com
2025-09-04 17:49:23 [main] INFO  demoqaBase - 🧪 Starting Test Elements | Text Box Test...
Instance Variables Declared are: nullnull
2025-09-04 17:49:23 [main] INFO  demoqaBase - Accessing Elements Card...
2025-09-04 17:49:23 [main] INFO  demoqaLog - Clicking on Elements Card...
2025-09-04 17:49:23 [main] WARN  demoqaLog - ⚠️ JS click failed, falling back to native click. Reason: {}
2025-09-04 17:49:23 [main] INFO  demoqaLog - ✅ Native click succeeded on element: {}
2025-09-04 17:49:23 [main] INFO  demoqaLog - Clicked on Elements Card...
Title of this Page is: DEMOQA
You are Accessing: Elements
 
Elements: Please select an item from left to start practice.
2025-09-04 17:49:23 [main] INFO  demoqaBase - Elements: Please select an item from left to start practice.
2025-09-04 17:49:23 [main] INFO  demoqaBase - Accessing Text Box...
Text Box
2025-09-04 17:49:24 [main] INFO  demoqaBase - You are accessing: Text Box
2025-09-04 17:49:24 [main] INFO  demoqaBase - 📝 Filling TextBox form for user: Johny Bravo
2025-09-04 17:49:25 [main] INFO  demoqaBase - ✅ Form filled successfully for: Johny Bravo
2025-09-04 17:49:25 [main] INFO  demoqaLog - ✅ JS click executed on element: {}
2025-09-04 17:49:25 [main] INFO  demoqaBase - 🔍 Validating submitted form for: Johny Bravo
2025-09-04 17:49:25 [main] INFO  demoqaBase - ✅ Validation passed for user: Johny Bravo
2025-09-04 17:49:25 [main] INFO  demoqaBase - ✅ Text Box Element Test Completed...
]]></system-out>
  </testcase>
  <testcase name="TextBox[TextBoxUser{firstName=&apos;Gene&apos;, lastName=&apos;Femina&apos;, email=&apos;GFemina@demoqa.com&apos;, currentAddress=&apos;302 Town 481, Brookville\n kansas 42129\n United States&apos;, permanentAddress=&apos;512 Grant 481, Prattsville\n Arkansas 72129\n United States&apos;}](2)" classname="tests.ElementsTests" time="2.056">
    <system-out><![CDATA[Path for Screenshot is: C:\ASN\eclipse_workspace\demoqa-automation/screenshots/TextBox Passed+2025-09-04_17-49-25.png
2025-09-04 17:49:25 [main] INFO  demoqaBase - Closing the Browser...
2025-09-04 17:49:26 [main] INFO  demoqaBase - Starting Web Browser...
2025-09-04 17:49:27 [main] INFO  demoqaBase - Navigating to demoqa.com Website
2025-09-04 17:49:27 [main] INFO  RetryUrlAccess - 🌐 Attempt 1: Navigating to https://demoqa.com
2025-09-04 17:49:32 [main] INFO  RetryUrlAccess - ✅ Successfully navigated to: https://demoqa.com
2025-09-04 17:49:32 [main] INFO  demoqaBase - 🧪 Starting Test Elements | Text Box Test...
Instance Variables Declared are: nullnull
2025-09-04 17:49:32 [main] INFO  demoqaBase - Accessing Elements Card...
2025-09-04 17:49:32 [main] INFO  demoqaLog - Clicking on Elements Card...
2025-09-04 17:49:32 [main] WARN  demoqaLog - ⚠️ JS click failed, falling back to native click. Reason: {}
2025-09-04 17:49:32 [main] INFO  demoqaLog - ✅ Native click succeeded on element: {}
2025-09-04 17:49:32 [main] INFO  demoqaLog - Clicked on Elements Card...
Title of this Page is: DEMOQA
You are Accessing: Elements
 
Elements: Please select an item from left to start practice.
2025-09-04 17:49:32 [main] INFO  demoqaBase - Elements: Please select an item from left to start practice.
2025-09-04 17:49:32 [main] INFO  demoqaBase - Accessing Text Box...
Text Box
2025-09-04 17:49:33 [main] INFO  demoqaBase - You are accessing: Text Box
2025-09-04 17:49:33 [main] INFO  demoqaBase - 📝 Filling TextBox form for user: Gene Femina
2025-09-04 17:49:33 [main] INFO  demoqaBase - ✅ Form filled successfully for: Gene Femina
2025-09-04 17:49:34 [main] INFO  demoqaLog - ✅ JS click executed on element: {}
2025-09-04 17:49:34 [main] INFO  demoqaBase - 🔍 Validating submitted form for: Gene Femina
2025-09-04 17:49:34 [main] INFO  demoqaBase - ✅ Validation passed for user: Gene Femina
2025-09-04 17:49:34 [main] INFO  demoqaBase - ✅ Text Box Element Test Completed...
]]></system-out>
  </testcase>
  <testcase name="TextBox[TextBoxUser{firstName=&apos;Bud&apos;, lastName=&apos;Wisem&apos;, email=&apos;BWisem@demoqa.com&apos;, currentAddress=&apos;303 Town 481, Brookville\n kansas 42129\n United States&apos;, permanentAddress=&apos;513 Grant 481, Prattsville\n Arkansas 72129\n United States&apos;}](3)" classname="tests.ElementsTests" time="2.556">
    <system-out><![CDATA[Path for Screenshot is: C:\ASN\eclipse_workspace\demoqa-automation/screenshots/TextBox Passed+2025-09-04_17-49-34.png
2025-09-04 17:49:34 [main] INFO  demoqaBase - Closing the Browser...
2025-09-04 17:49:35 [main] INFO  demoqaBase - Starting Web Browser...
2025-09-04 17:49:37 [main] INFO  demoqaBase - Navigating to demoqa.com Website
2025-09-04 17:49:37 [main] INFO  RetryUrlAccess - 🌐 Attempt 1: Navigating to https://demoqa.com
2025-09-04 17:49:48 [main] INFO  RetryUrlAccess - ✅ Successfully navigated to: https://demoqa.com
2025-09-04 17:49:48 [main] INFO  demoqaBase - 🧪 Starting Test Elements | Text Box Test...
Instance Variables Declared are: nullnull
2025-09-04 17:49:48 [main] INFO  demoqaBase - Accessing Elements Card...
2025-09-04 17:49:48 [main] INFO  demoqaLog - Clicking on Elements Card...
2025-09-04 17:49:48 [main] WARN  demoqaLog - ⚠️ JS click failed, falling back to native click. Reason: {}
2025-09-04 17:49:48 [main] INFO  demoqaLog - ✅ Native click succeeded on element: {}
2025-09-04 17:49:48 [main] INFO  demoqaLog - Clicked on Elements Card...
Title of this Page is: DEMOQA
You are Accessing: Elements
 
Elements: Please select an item from left to start practice.
2025-09-04 17:49:48 [main] INFO  demoqaBase - Elements: Please select an item from left to start practice.
2025-09-04 17:49:48 [main] INFO  demoqaBase - Accessing Text Box...
Text Box
2025-09-04 17:49:49 [main] INFO  demoqaBase - You are accessing: Text Box
2025-09-04 17:49:49 [main] INFO  demoqaBase - 📝 Filling TextBox form for user: Bud Wisem
2025-09-04 17:49:50 [main] INFO  demoqaBase - ✅ Form filled successfully for: Bud Wisem
2025-09-04 17:49:50 [main] INFO  demoqaLog - ✅ JS click executed on element: {}
2025-09-04 17:49:50 [main] INFO  demoqaBase - 🔍 Validating submitted form for: Bud Wisem
2025-09-04 17:49:50 [main] INFO  demoqaBase - ✅ Validation passed for user: Bud Wisem
2025-09-04 17:49:50 [main] INFO  demoqaBase - ✅ Text Box Element Test Completed...
]]></system-out>
  </testcase>
  <testcase name="TextBox[TextBoxUser{firstName=&apos;Tom&apos;, lastName=&apos;Boss&apos;, email=&apos;TBoss@demoqa.com&apos;, currentAddress=&apos;304 Town 481, Brookville\n kansas 42129\n United States&apos;, permanentAddress=&apos;514 Grant 481, Prattsville\n Arkansas 72129\n United States&apos;}](4)" classname="tests.ElementsTests" time="2.783">
    <system-out><![CDATA[Path for Screenshot is: C:\ASN\eclipse_workspace\demoqa-automation/screenshots/TextBox Passed+2025-09-04_17-49-50.png
2025-09-04 17:49:50 [main] INFO  demoqaBase - Closing the Browser...
2025-09-04 17:49:51 [main] INFO  demoqaBase - Starting Web Browser...
2025-09-04 17:49:52 [main] INFO  demoqaBase - Navigating to demoqa.com Website
2025-09-04 17:49:52 [main] INFO  RetryUrlAccess - 🌐 Attempt 1: Navigating to https://demoqa.com
2025-09-04 17:50:04 [main] INFO  RetryUrlAccess - ✅ Successfully navigated to: https://demoqa.com
2025-09-04 17:50:04 [main] INFO  demoqaBase - 🧪 Starting Test Elements | Text Box Test...
Instance Variables Declared are: nullnull
2025-09-04 17:50:04 [main] INFO  demoqaBase - Accessing Elements Card...
2025-09-04 17:50:04 [main] INFO  demoqaLog - Clicking on Elements Card...
2025-09-04 17:50:04 [main] WARN  demoqaLog - ⚠️ JS click failed, falling back to native click. Reason: {}
2025-09-04 17:50:05 [main] INFO  demoqaLog - ✅ Native click succeeded on element: {}
2025-09-04 17:50:05 [main] INFO  demoqaLog - Clicked on Elements Card...
Title of this Page is: DEMOQA
You are Accessing: Elements
 
Elements: Please select an item from left to start practice.
2025-09-04 17:50:05 [main] INFO  demoqaBase - Elements: Please select an item from left to start practice.
2025-09-04 17:50:05 [main] INFO  demoqaBase - Accessing Text Box...
Text Box
2025-09-04 17:50:06 [main] INFO  demoqaBase - You are accessing: Text Box
2025-09-04 17:50:06 [main] INFO  demoqaBase - 📝 Filling TextBox form for user: Tom Boss
2025-09-04 17:50:07 [main] INFO  demoqaBase - ✅ Form filled successfully for: Tom Boss
2025-09-04 17:50:07 [main] INFO  demoqaLog - ✅ JS click executed on element: {}
2025-09-04 17:50:07 [main] INFO  demoqaBase - 🔍 Validating submitted form for: Tom Boss
2025-09-04 17:50:07 [main] INFO  demoqaBase - ✅ Validation passed for user: Tom Boss
2025-09-04 17:50:07 [main] INFO  demoqaBase - ✅ Text Box Element Test Completed...
]]></system-out>
  </testcase>
  <testcase name="CheckBox" classname="tests.ElementsTests" time="1.092">
    <system-out><![CDATA[Path for Screenshot is: C:\ASN\eclipse_workspace\demoqa-automation/screenshots/TextBox Passed+2025-09-04_17-50-07.png
2025-09-04 17:50:07 [main] INFO  demoqaBase - Closing the Browser...
2025-09-04 17:50:08 [main] INFO  demoqaBase - Starting Web Browser...
2025-09-04 17:50:10 [main] INFO  demoqaBase - Navigating to demoqa.com Website
2025-09-04 17:50:10 [main] INFO  RetryUrlAccess - 🌐 Attempt 1: Navigating to https://demoqa.com
2025-09-04 17:50:19 [main] INFO  RetryUrlAccess - ✅ Successfully navigated to: https://demoqa.com
2025-09-04 17:50:19 [main] INFO  demoqaBase - 🧪 Starting Test Elements | Check Box Test...
Instance Variables Declared are: nullnull
2025-09-04 17:50:19 [main] INFO  demoqaBase - Accessing Elements Card...
2025-09-04 17:50:19 [main] INFO  demoqaLog - Clicking on Elements Card...
2025-09-04 17:50:20 [main] WARN  demoqaLog - ⚠️ JS click failed, falling back to native click. Reason: {}
2025-09-04 17:50:20 [main] INFO  demoqaLog - ✅ Native click succeeded on element: {}
2025-09-04 17:50:20 [main] INFO  demoqaLog - Clicked on Elements Card...
Title of this Page is: DEMOQA
You are Accessing: Elements
 
Elements: Please select an item from left to start practice.
2025-09-04 17:50:20 [main] INFO  demoqaBase - Elements: Please select an item from left to start practice.
2025-09-04 17:50:20 [main] INFO  demoqaBase - Accessing Check Box...
Check Box
2025-09-04 17:50:20 [main] INFO  demoqaBase - You are accessing: Check Box
2025-09-04 17:50:20 [main] INFO  demoqaBase - ✅ Test Elements | Check Box Test Test Completed...
]]></system-out>
  </testcase>
  <testcase name="SelectingHomeCheckBox" classname="tests.ElementsTests" time="1.46">
    <system-out><![CDATA[2025-09-04 17:50:20 [main] INFO  demoqaBase - Closing the Browser...
2025-09-04 17:50:21 [main] INFO  demoqaBase - Starting Web Browser...
2025-09-04 17:50:22 [main] INFO  demoqaBase - Navigating to demoqa.com Website
2025-09-04 17:50:22 [main] INFO  RetryUrlAccess - 🌐 Attempt 1: Navigating to https://demoqa.com
2025-09-04 17:50:28 [main] INFO  RetryUrlAccess - ✅ Successfully navigated to: https://demoqa.com
2025-09-04 17:50:28 [main] INFO  demoqaBase - 🧪 Starting Test Elements | Selecting Home Check Box Test...
Instance Variables Declared are: nullnull
2025-09-04 17:50:28 [main] INFO  demoqaBase - Accessing Elements Card...
2025-09-04 17:50:28 [main] INFO  demoqaLog - Clicking on Elements Card...
2025-09-04 17:50:28 [main] WARN  demoqaLog - ⚠️ JS click failed, falling back to native click. Reason: {}
2025-09-04 17:50:29 [main] INFO  demoqaLog - ✅ Native click succeeded on element: {}
2025-09-04 17:50:29 [main] INFO  demoqaLog - Clicked on Elements Card...
Title of this Page is: DEMOQA
You are Accessing: Elements
 
Elements: Please select an item from left to start practice.
2025-09-04 17:50:29 [main] INFO  demoqaBase - Elements: Please select an item from left to start practice.
2025-09-04 17:50:29 [main] INFO  demoqaBase - Accessing Check Box...
Check Box
2025-09-04 17:50:29 [main] INFO  demoqaBase - You are accessing: Check Box
2025-09-04 17:50:29 [main] INFO  demoqaBase - Selecting Home Check Box...
Information Submitted is: You have selected :
home
desktop
notes
commands
documents
workspace
react
angular
veu
office
public
private
classified
general
downloads
wordFile
excelFile
2025-09-04 17:50:30 [main] INFO  demoqaBase - You have Selected: You have selected :
home
desktop
notes
commands
documents
workspace
react
angular
veu
office
public
private
classified
general
downloads
wordFile
excelFile
2025-09-04 17:50:30 [main] INFO  demoqaBase - ✅ Elements | Selecting Home Test Completed...
]]></system-out>
  </testcase>
  <testcase name="SelectingDesktopCheckBox" classname="tests.ElementsTests" time="1.072">
    <system-out><![CDATA[2025-09-04 17:50:30 [main] INFO  demoqaBase - Closing the Browser...
2025-09-04 17:50:30 [main] INFO  demoqaBase - Starting Web Browser...
2025-09-04 17:50:32 [main] INFO  demoqaBase - Navigating to demoqa.com Website
2025-09-04 17:50:32 [main] INFO  RetryUrlAccess - 🌐 Attempt 1: Navigating to https://demoqa.com
2025-09-04 17:50:36 [main] INFO  RetryUrlAccess - ✅ Successfully navigated to: https://demoqa.com
2025-09-04 17:50:36 [main] INFO  demoqaBase - 🧪 Starting Test Elements | Selecting Desktop Check Box Test...
Instance Variables Declared are: nullnull
2025-09-04 17:50:36 [main] INFO  demoqaBase - Accessing Elements Card...
2025-09-04 17:50:36 [main] INFO  demoqaLog - Clicking on Elements Card...
2025-09-04 17:50:36 [main] WARN  demoqaLog - ⚠️ JS click failed, falling back to native click. Reason: {}
2025-09-04 17:50:36 [main] INFO  demoqaLog - ✅ Native click succeeded on element: {}
2025-09-04 17:50:36 [main] INFO  demoqaLog - Clicked on Elements Card...
Title of this Page is: DEMOQA
You are Accessing: Elements
 
Elements: Please select an item from left to start practice.
2025-09-04 17:50:37 [main] INFO  demoqaBase - Elements: Please select an item from left to start practice.
2025-09-04 17:50:37 [main] INFO  demoqaBase - Accessing Check Box...
Check Box
2025-09-04 17:50:37 [main] INFO  demoqaBase - You are accessing: Check Box
2025-09-04 17:50:37 [main] INFO  demoqaBase - Clicking on Home Toggle Button...
2025-09-04 17:50:37 [main] INFO  demoqaBase - Selecting Deskstop Check Box...
Information Submitted is: You have selected :
desktop
notes
commands
2025-09-04 17:50:37 [main] INFO  demoqaBase - You have Selected: You have selected :
desktop
notes
commands
2025-09-04 17:50:37 [main] INFO  demoqaBase - ✅ Elements | Home | Desktop Test Completed...
]]></system-out>
  </testcase>
  <testcase name="SelectingNotesCommandsClick" classname="tests.ElementsTests" time="1.731">
    <system-out><![CDATA[2025-09-04 17:50:37 [main] INFO  demoqaBase - Closing the Browser...
2025-09-04 17:50:38 [main] INFO  demoqaBase - Starting Web Browser...
2025-09-04 17:50:39 [main] INFO  demoqaBase - Navigating to demoqa.com Website
2025-09-04 17:50:39 [main] INFO  RetryUrlAccess - 🌐 Attempt 1: Navigating to https://demoqa.com
2025-09-04 17:50:46 [main] INFO  RetryUrlAccess - ✅ Successfully navigated to: https://demoqa.com
2025-09-04 17:50:46 [main] INFO  demoqaBase - 🧪 Starting Test Elements | Selecting Desktop| Notes & Commands Check Box Test...
Instance Variables Declared are: nullnull
2025-09-04 17:50:46 [main] INFO  demoqaBase - Accessing Elements Card...
2025-09-04 17:50:46 [main] INFO  demoqaLog - Clicking on Elements Card...
2025-09-04 17:50:46 [main] WARN  demoqaLog - ⚠️ JS click failed, falling back to native click. Reason: {}
2025-09-04 17:50:46 [main] INFO  demoqaLog - ✅ Native click succeeded on element: {}
2025-09-04 17:50:46 [main] INFO  demoqaLog - Clicked on Elements Card...
Title of this Page is: DEMOQA
You are Accessing: Elements
 
Elements: Please select an item from left to start practice.
2025-09-04 17:50:46 [main] INFO  demoqaBase - Elements: Please select an item from left to start practice.
2025-09-04 17:50:46 [main] INFO  demoqaBase - Accessing Check Box...
Check Box
2025-09-04 17:50:47 [main] INFO  demoqaBase - You are accessing: Check Box
2025-09-04 17:50:47 [main] INFO  demoqaBase - Clicking on Home Toggle Button...
2025-09-04 17:50:47 [main] INFO  demoqaLog - ✅ JS click executed on element: {}
2025-09-04 17:50:47 [main] INFO  demoqaBase - Clicking on Desktop Toggle Button...
2025-09-04 17:50:47 [main] INFO  demoqaBase - Clicking on Notes Button...
2025-09-04 17:50:47 [main] INFO  demoqaBase - Clicking on Commands Button...
2025-09-04 17:50:48 [main] INFO  demoqaBase - Selected Notes & Commands...
Information Submitted is: You have selected :
desktop
notes
commands
2025-09-04 17:50:48 [main] INFO  demoqaBase - You have Selected: You have selected :
desktop
notes
commands
2025-09-04 17:50:48 [main] INFO  demoqaBase - ✅ Elements | Home | Desktop | Notes & Commands Completed...
]]></system-out>
  </testcase>
  <testcase name="SelectingDocumentsCheckBox" classname="tests.ElementsTests" time="1.124">
    <system-out><![CDATA[2025-09-04 17:50:48 [main] INFO  demoqaBase - Closing the Browser...
2025-09-04 17:50:48 [main] INFO  demoqaBase - Starting Web Browser...
2025-09-04 17:50:50 [main] INFO  demoqaBase - Navigating to demoqa.com Website
2025-09-04 17:50:50 [main] INFO  RetryUrlAccess - 🌐 Attempt 1: Navigating to https://demoqa.com
2025-09-04 17:51:00 [main] INFO  RetryUrlAccess - ✅ Successfully navigated to: https://demoqa.com
2025-09-04 17:51:00 [main] INFO  demoqaBase - 🧪 Starting Test Elements | Selecting Documents Check Box Test...
Instance Variables Declared are: nullnull
2025-09-04 17:51:00 [main] INFO  demoqaBase - Accessing Elements Card...
2025-09-04 17:51:00 [main] INFO  demoqaLog - Clicking on Elements Card...
2025-09-04 17:51:00 [main] WARN  demoqaLog - ⚠️ JS click failed, falling back to native click. Reason: {}
2025-09-04 17:51:00 [main] INFO  demoqaLog - ✅ Native click succeeded on element: {}
2025-09-04 17:51:00 [main] INFO  demoqaLog - Clicked on Elements Card...
Title of this Page is: DEMOQA
You are Accessing: Elements
 
Elements: Please select an item from left to start practice.
2025-09-04 17:51:01 [main] INFO  demoqaBase - Elements: Please select an item from left to start practice.
2025-09-04 17:51:01 [main] INFO  demoqaBase - Accessing Check Box...
Check Box
2025-09-04 17:51:01 [main] INFO  demoqaBase - You are accessing: Check Box
2025-09-04 17:51:01 [main] INFO  demoqaBase - Clicking on Home Toggle Button...
2025-09-04 17:51:01 [main] INFO  demoqaBase - Selecting Documents Check Box...
2025-09-04 17:51:01 [main] INFO  demoqaBase - Selected Documents Check Box...
Information Submitted is: You have selected :
documents
workspace
react
angular
veu
office
public
private
classified
general
2025-09-04 17:51:01 [main] INFO  demoqaBase - You have Selected: You have selected :
documents
workspace
react
angular
veu
office
public
private
classified
general
2025-09-04 17:51:01 [main] INFO  demoqaBase - ✅ Test Elements | Selecting Documents Check Box Test Completed...
]]></system-out>
  </testcase>
  <testcase name="SelectingWorkSpace" classname="tests.ElementsTests" time="1.713">
    <system-out><![CDATA[2025-09-04 17:51:01 [main] INFO  demoqaBase - Closing the Browser...
2025-09-04 17:51:02 [main] INFO  demoqaBase - Starting Web Browser...
2025-09-04 17:51:03 [main] INFO  demoqaBase - Navigating to demoqa.com Website
2025-09-04 17:51:03 [main] INFO  RetryUrlAccess - 🌐 Attempt 1: Navigating to https://demoqa.com
2025-09-04 17:51:10 [main] INFO  RetryUrlAccess - ✅ Successfully navigated to: https://demoqa.com
2025-09-04 17:51:10 [main] INFO  demoqaBase - 🧪 Starting Test Elements | Home | Selecting Documents | WorkSpace Check Box Test...
Instance Variables Declared are: nullnull
2025-09-04 17:51:10 [main] INFO  demoqaBase - Accessing Elements Card...
2025-09-04 17:51:10 [main] INFO  demoqaLog - Clicking on Elements Card...
2025-09-04 17:51:10 [main] WARN  demoqaLog - ⚠️ JS click failed, falling back to native click. Reason: {}
2025-09-04 17:51:10 [main] INFO  demoqaLog - ✅ Native click succeeded on element: {}
2025-09-04 17:51:10 [main] INFO  demoqaLog - Clicked on Elements Card...
Title of this Page is: DEMOQA
You are Accessing: Elements
 
Elements: Please select an item from left to start practice.
2025-09-04 17:51:10 [main] INFO  demoqaBase - Elements: Please select an item from left to start practice.
2025-09-04 17:51:10 [main] INFO  demoqaBase - Accessing Check Box...
Check Box
2025-09-04 17:51:11 [main] INFO  demoqaBase - You are accessing: Check Box
2025-09-04 17:51:11 [main] INFO  demoqaBase - Clicking on Home Toggle Button...
2025-09-04 17:51:11 [main] INFO  demoqaBase - Clicking on Documents Toggle Button...
2025-09-04 17:51:11 [main] INFO  demoqaBase - Selecting WorkSpace Check Box...
2025-09-04 17:51:11 [main] INFO  demoqaLog - ✅ JS click executed on element: {}
2025-09-04 17:51:11 [main] INFO  demoqaBase - Selected WorkSpace Check Box...
Information Submitted is: You have selected :
workspace
react
angular
veu
2025-09-04 17:51:11 [main] INFO  demoqaBase - You have Selected: You have selected :
workspace
react
angular
veu
2025-09-04 17:51:11 [main] INFO  demoqaBase - ✅ Test Elements | Home | Selecting Documents | WorkSpace Check Box Completed...
]]></system-out>
  </testcase>
  <testcase name="SelectReact" classname="tests.ElementsTests" time="1.806">
    <system-out><![CDATA[2025-09-04 17:51:11 [main] INFO  demoqaBase - Closing the Browser...
2025-09-04 17:51:12 [main] INFO  demoqaBase - Starting Web Browser...
2025-09-04 17:51:14 [main] INFO  demoqaBase - Navigating to demoqa.com Website
2025-09-04 17:51:14 [main] INFO  RetryUrlAccess - 🌐 Attempt 1: Navigating to https://demoqa.com
2025-09-04 17:51:19 [main] INFO  RetryUrlAccess - ✅ Successfully navigated to: https://demoqa.com
2025-09-04 17:51:19 [main] INFO  demoqaBase - 🧪 Starting Test Elements|Home|Selecting Documents|WorkSpace|React Check Box Test...
Instance Variables Declared are: nullnull
2025-09-04 17:51:19 [main] INFO  demoqaBase - Accessing Elements Card...
2025-09-04 17:51:19 [main] INFO  demoqaLog - Clicking on Elements Card...
2025-09-04 17:51:19 [main] WARN  demoqaLog - ⚠️ JS click failed, falling back to native click. Reason: {}
2025-09-04 17:51:20 [main] INFO  demoqaLog - ✅ Native click succeeded on element: {}
2025-09-04 17:51:20 [main] INFO  demoqaLog - Clicked on Elements Card...
Title of this Page is: DEMOQA
You are Accessing: Elements
 
Elements: Please select an item from left to start practice.
2025-09-04 17:51:20 [main] INFO  demoqaBase - Elements: Please select an item from left to start practice.
2025-09-04 17:51:20 [main] INFO  demoqaBase - Accessing Check Box...
Check Box
2025-09-04 17:51:20 [main] INFO  demoqaBase - You are accessing: Check Box
2025-09-04 17:51:20 [main] INFO  demoqaBase - Clicking on Home Toggle Button...
2025-09-04 17:51:20 [main] INFO  demoqaBase - Clicking on Documents Toggle Button...
2025-09-04 17:51:21 [main] INFO  demoqaBase - Clicking WorkSpace Toggle Button...
2025-09-04 17:51:21 [main] INFO  demoqaLog - ✅ JS click executed on element: {}
2025-09-04 17:51:21 [main] INFO  demoqaBase - Clicked WorkSpace Toggle Button...
2025-09-04 17:51:21 [main] INFO  demoqaBase - Selecting WorkSpace | React Check Box...
2025-09-04 17:51:21 [main] INFO  demoqaBase - Selected WorkSpace | React Check Box...
Information Submitted is: You have selected :
react
2025-09-04 17:51:21 [main] INFO  demoqaBase - You have Selected: You have selected :
react
2025-09-04 17:51:21 [main] INFO  demoqaBase - ✅ Test Elements|Home|Documents| Selecting WorkSpace|React Check Box Completed...
]]></system-out>
  </testcase>
  <testcase name="SelectAngular" classname="tests.ElementsTests" time="2.244">
    <failure message="element click intercepted: Element &lt;span class=&quot;rct-checkbox&quot;&gt;...&lt;/span&gt; is not clickable at point (515, 676). Other element would receive the click: &lt;iframe frameborder=&quot;0&quot; src=&quot;https://945b6582a4b89f8bfb509799cc3f130a.safeframe.googlesyndication.com/safeframe/1-0-45/html/container.html&quot; id=&quot;google_ads_iframe_/21849154601,22343295815/Ad.Plus-Anchor_0&quot; title=&quot;3rd party ad content&quot; name=&quot;&quot; scrolling=&quot;no&quot; marginwidth=&quot;0&quot; marginheight=&quot;0&quot; width=&quot;728&quot; height=&quot;90&quot; data-is-safeframe=&quot;true&quot; sandbox=&quot;allow-forms allow-popups allow-popups-to-escape-sandbox allow-same-origin allow-scripts allow-top-navigation-by-user-activation&quot; allow=&quot;private-state-token-redemption;attribution-reporting&quot; aria-label=&quot;Advertisement&quot; tabindex=&quot;0&quot; data-google-container-id=&quot;1&quot; style=&quot;border: 0px; vertical-align: bottom;&quot; data-load-complete=&quot;true&quot;&gt;&lt;/iframe&gt;&#10;  (Session info: chrome=137.0.7151.120)&#10;Build info: version: &apos;4.35.0&apos;, revision: &apos;1c58e5028b&apos;&#10;System info: os.name: &apos;Windows 11&apos;, os.arch: &apos;amd64&apos;, os.version: &apos;10.0&apos;, java.version: &apos;21.0.7&apos;&#10;Driver info: org.openqa.selenium.chrome.ChromeDriver&#10;Command: [710ef305f84d8c7794ae3fffcd1dc04b, clickElement {id=f.8ABBE38BF250F5632597339685A91D24.d.3A0793E95880220FF59C93CCB0F0F1C5.e.64}]&#10;Capabilities {acceptInsecureCerts: false, browserName: chrome, browserVersion: 137.0.7151.120, chrome: {chromedriverVersion: 137.0.7151.119 (e0ac9d12dff..., userDataDir: C:\Users\dell\AppData\Local...}, fedcm:accounts: true, goog:chromeOptions: {debuggerAddress: localhost:57113}, networkConnectionEnabled: false, pageLoadStrategy: normal, platformName: windows, proxy: Proxy(), se:cdp: ws://localhost:57113/devtoo..., se:cdpVersion: 137.0.7151.120, setWindowRect: true, strictFileInteractability: false, timeouts: {implicit: 0, pageLoad: 300000, script: 30000}, unhandledPromptBehavior: dismiss and notify, webauthn:extension:credBlob: true, webauthn:extension:largeBlob: true, webauthn:extension:minPinLength: true, webauthn:extension:prf: true, webauthn:virtualAuthenticators: true}&#10;Element: [[ChromeDriver: chrome on windows (710ef305f84d8c7794ae3fffcd1dc04b)] -&gt; xpath: //label[@for=&apos;tree-node-angular&apos;]//span[@class=&apos;rct-checkbox&apos;]]&#10;Session ID: 710ef305f84d8c7794ae3fffcd1dc04b" type="org.openqa.selenium.ElementClickInterceptedException"><![CDATA[org.openqa.selenium.ElementClickInterceptedException: 
element click intercepted: Element <span class="rct-checkbox">...</span> is not clickable at point (515, 676). Other element would receive the click: <iframe frameborder="0" src="https://945b6582a4b89f8bfb509799cc3f130a.safeframe.googlesyndication.com/safeframe/1-0-45/html/container.html" id="google_ads_iframe_/21849154601,22343295815/Ad.Plus-Anchor_0" title="3rd party ad content" name="" scrolling="no" marginwidth="0" marginheight="0" width="728" height="90" data-is-safeframe="true" sandbox="allow-forms allow-popups allow-popups-to-escape-sandbox allow-same-origin allow-scripts allow-top-navigation-by-user-activation" allow="private-state-token-redemption;attribution-reporting" aria-label="Advertisement" tabindex="0" data-google-container-id="1" style="border: 0px; vertical-align: bottom;" data-load-complete="true"></iframe>
  (Session info: chrome=137.0.7151.120)
Build info: version: '4.35.0', revision: '1c58e5028b'
System info: os.name: 'Windows 11', os.arch: 'amd64', os.version: '10.0', java.version: '21.0.7'
Driver info: org.openqa.selenium.chrome.ChromeDriver
Command: [710ef305f84d8c7794ae3fffcd1dc04b, clickElement {id=f.8ABBE38BF250F5632597339685A91D24.d.3A0793E95880220FF59C93CCB0F0F1C5.e.64}]
Capabilities {acceptInsecureCerts: false, browserName: chrome, browserVersion: 137.0.7151.120, chrome: {chromedriverVersion: 137.0.7151.119 (e0ac9d12dff..., userDataDir: C:\Users\dell\AppData\Local...}, fedcm:accounts: true, goog:chromeOptions: {debuggerAddress: localhost:57113}, networkConnectionEnabled: false, pageLoadStrategy: normal, platformName: windows, proxy: Proxy(), se:cdp: ws://localhost:57113/devtoo..., se:cdpVersion: 137.0.7151.120, setWindowRect: true, strictFileInteractability: false, timeouts: {implicit: 0, pageLoad: 300000, script: 30000}, unhandledPromptBehavior: dismiss and notify, webauthn:extension:credBlob: true, webauthn:extension:largeBlob: true, webauthn:extension:minPinLength: true, webauthn:extension:prf: true, webauthn:virtualAuthenticators: true}
Element: [[ChromeDriver: chrome on windows (710ef305f84d8c7794ae3fffcd1dc04b)] -> xpath: //label[@for='tree-node-angular']//span[@class='rct-checkbox']]
Session ID: 710ef305f84d8c7794ae3fffcd1dc04b
	at java.base/jdk.internal.reflect.DirectConstructorHandleAccessor.newInstance(DirectConstructorHandleAccessor.java:62)
	at java.base/java.lang.reflect.Constructor.newInstanceWithCaller(Constructor.java:502)
[...]
2025-09-04 18:14:34 [main] INFO  demoqaLog - Clicking on Widgets Card...
2025-09-04 18:14:34 [main] INFO  demoqaLog - ✅ JS click executed on element: {}
2025-09-04 18:14:34 [main] INFO  demoqaLog - Clicked on on Widgets Card...
Title of this Page is: DEMOQA
You are Accessing: Widgets
 
2025-09-04 18:14:34 [main] INFO  demoqaBase - Widgets: Please select an item from left to start practice.
2025-09-04 18:14:34 [main] INFO  demoqaBase - Clicking on Widgets|AutoComplete...
You are now Accessing: Auto Complete
2025-09-04 18:14:34 [main] INFO  demoqaBase - You are now Accessing: Auto Complete
Searching Colors using: O
Expected Color to be selected is/are: [Yellow, Voilet, Indigo]
2025-09-04 18:14:34 [main] INFO  demoqaBase - 🔍 Running test for search character: O
2025-09-04 18:14:34 [main] INFO  demoqaBase - Clicking on Widgets | Auto Complete | Type multiple color names...
Searching Colors using: O
Expected Color to be selected is/are: [Yellow, Voilet, Indigo]
2025-09-04 18:14:34 [main] INFO  demoqaBase - You are now Accessing: Auto Complete
2025-09-04 18:14:35 [main] INFO  demoqaBase - Available Color: Yellow
2025-09-04 18:14:35 [main] INFO  demoqaLog - ✅ JS click executed on element: {}
2025-09-04 18:14:35 [main] INFO  demoqaBase - ✅ Selected Color: Yellow
2025-09-04 18:14:35 [main] INFO  demoqaBase - Available Color: Voilet
2025-09-04 18:14:35 [main] INFO  demoqaLog - ✅ JS click executed on element: {}
2025-09-04 18:14:35 [main] INFO  demoqaBase - ✅ Selected Color: Voilet
2025-09-04 18:14:36 [main] INFO  demoqaBase - Available Color: Indigo
2025-09-04 18:14:36 [main] INFO  demoqaLog - ✅ JS click executed on element: {}
2025-09-04 18:14:36 [main] INFO  demoqaBase - ✅ Selected Color: Indigo
2025-09-04 18:14:36 [main] INFO  demoqaBase - 🎯 Final selected colors: [Yellow, Voilet, Indigo]
2025-09-04 18:14:36 [main] INFO  demoqaBase - ✅ Widgets|Auto Complete Test Completed...
]]></system-out>
  </testcase>
  <testcase name="AutoCompleteSearch[ColorSelectionData{searchFor=&apos;P&apos;, expectedColors=[Purple]}](14)" classname="tests.WidgetsTests" time="1.543">
    <system-out><![CDATA[2025-09-04 18:14:36 [main] INFO  demoqaBase - Closing the Browser...
2025-09-04 18:14:37 [main] INFO  demoqaBase - Starting Web Browser...
2025-09-04 18:14:38 [main] INFO  demoqaBase - Navigating to demoqa.com Website
2025-09-04 18:14:38 [main] INFO  RetryUrlAccess - 🌐 Attempt 1: Navigating to https://demoqa.com
2025-09-04 18:14:48 [main] INFO  RetryUrlAccess - ✅ Successfully navigated to: https://demoqa.com
2025-09-04 18:14:48 [main] INFO  demoqaBase - 🧪 Starting Test Widgets|Auto Complete...
2025-09-04 18:14:48 [main] INFO  demoqaBase - Accessing Widgets Card...
Declared Instance WebDriverWait: org.openqa.selenium.support.ui.WebDriverWait@6d693452
2025-09-04 18:14:48 [main] INFO  demoqaLog - Clicking on Widgets Card...
2025-09-04 18:14:48 [main] INFO  demoqaLog - ✅ JS click executed on element: {}
2025-09-04 18:14:48 [main] INFO  demoqaLog - Clicked on on Widgets Card...
Title of this Page is: DEMOQA
You are Accessing: Widgets
 
2025-09-04 18:14:49 [main] INFO  demoqaBase - Widgets: Please select an item from left to start practice.
2025-09-04 18:14:49 [main] INFO  demoqaBase - Clicking on Widgets|AutoComplete...
You are now Accessing: Auto Complete
2025-09-04 18:14:49 [main] INFO  demoqaBase - You are now Accessing: Auto Complete
Searching Colors using: P
Expected Color to be selected is/are: [Purple]
2025-09-04 18:14:49 [main] INFO  demoqaBase - 🔍 Running test for search character: P
2025-09-04 18:14:49 [main] INFO  demoqaBase - Clicking on Widgets | Auto Complete | Type multiple color names...
Searching Colors using: P
Expected Color to be selected is/are: [Purple]
2025-09-04 18:14:49 [main] INFO  demoqaBase - You are now Accessing: Auto Complete
2025-09-04 18:14:49 [main] INFO  demoqaBase - Available Color: Purple
2025-09-04 18:14:50 [main] INFO  demoqaLog - ✅ JS click executed on element: {}
2025-09-04 18:14:50 [main] INFO  demoqaBase - ✅ Selected Color: Purple
2025-09-04 18:14:50 [main] INFO  demoqaBase - 🎯 Final selected colors: [Purple]
2025-09-04 18:14:50 [main] INFO  demoqaBase - ✅ Widgets|Auto Complete Test Completed...
]]></system-out>
  </testcase>
  <testcase name="AutoCompleteSearch[ColorSelectionData{searchFor=&apos;Q&apos;, expectedColors=[Aqua]}](15)" classname="tests.WidgetsTests" time="1.723">
    <system-out><![CDATA[2025-09-04 18:14:50 [main] INFO  demoqaBase - Closing the Browser...
2025-09-04 18:14:50 [main] INFO  demoqaBase - Starting Web Browser...
2025-09-04 18:14:51 [main] INFO  demoqaBase - Navigating to demoqa.com Website
2025-09-04 18:14:51 [main] INFO  RetryUrlAccess - 🌐 Attempt 1: Navigating to https://demoqa.com
2025-09-04 18:15:14 [main] INFO  RetryUrlAccess - ✅ Successfully navigated to: https://demoqa.com
2025-09-04 18:15:14 [main] INFO  demoqaBase - 🧪 Starting Test Widgets|Auto Complete...
2025-09-04 18:15:14 [main] INFO  demoqaBase - Accessing Widgets Card...
Declared Instance WebDriverWait: org.openqa.selenium.support.ui.WebDriverWait@2d1eadd7
2025-09-04 18:15:14 [main] INFO  demoqaLog - Clicking on Widgets Card...
2025-09-04 18:15:15 [main] INFO  demoqaLog - ✅ JS click executed on element: {}
2025-09-04 18:15:15 [main] INFO  demoqaLog - Clicked on on Widgets Card...
Title of this Page is: DEMOQA
You are Accessing: Widgets
 
2025-09-04 18:15:15 [main] INFO  demoqaBase - Widgets: Please select an item from left to start practice.
2025-09-04 18:15:15 [main] INFO  demoqaBase - Clicking on Widgets|AutoComplete...
You are now Accessing: Auto Complete
2025-09-04 18:15:15 [main] INFO  demoqaBase - You are now Accessing: Auto Complete
Searching Colors using: Q
Expected Color to be selected is/are: [Aqua]
2025-09-04 18:15:15 [main] INFO  demoqaBase - 🔍 Running test for search character: Q
2025-09-04 18:15:15 [main] INFO  demoqaBase - Clicking on Widgets | Auto Complete | Type multiple color names...
Searching Colors using: Q
Expected Color to be selected is/are: [Aqua]
2025-09-04 18:15:15 [main] INFO  demoqaBase - You are now Accessing: Auto Complete
2025-09-04 18:15:16 [main] INFO  demoqaBase - Available Color: Aqua
2025-09-04 18:15:16 [main] INFO  demoqaLog - ✅ JS click executed on element: {}
2025-09-04 18:15:16 [main] INFO  demoqaBase - ✅ Selected Color: Aqua
2025-09-04 18:15:16 [main] INFO  demoqaBase - 🎯 Final selected colors: [Aqua]
2025-09-04 18:15:16 [main] INFO  demoqaBase - ✅ Widgets|Auto Complete Test Completed...
]]></system-out>
  </testcase>
  <testcase name="AutoCompleteSearch[ColorSelectionData{searchFor=&apos;R&apos;, expectedColors=[Red, Green, Purple]}](16)" classname="tests.WidgetsTests" time="2.747">
    <system-out><![CDATA[2025-09-04 18:15:16 [main] INFO  demoqaBase - Closing the Browser...
2025-09-04 18:15:16 [main] INFO  demoqaBase - Starting Web Browser...
2025-09-04 18:15:18 [main] INFO  demoqaBase - Navigating to demoqa.com Website
2025-09-04 18:15:18 [main] INFO  RetryUrlAccess - 🌐 Attempt 1: Navigating to https://demoqa.com
2025-09-04 18:15:28 [main] INFO  RetryUrlAccess - ✅ Successfully navigated to: https://demoqa.com
2025-09-04 18:15:28 [main] INFO  demoqaBase - 🧪 Starting Test Widgets|Auto Complete...
2025-09-04 18:15:28 [main] INFO  demoqaBase - Accessing Widgets Card...
Declared Instance WebDriverWait: org.openqa.selenium.support.ui.WebDriverWait@17013c40
2025-09-04 18:15:28 [main] INFO  demoqaLog - Clicking on Widgets Card...
2025-09-04 18:15:29 [main] INFO  demoqaLog - ✅ JS click executed on element: {}
2025-09-04 18:15:29 [main] INFO  demoqaLog - Clicked on on Widgets Card...
Title of this Page is: DEMOQA
You are Accessing: Widgets
 
2025-09-04 18:15:29 [main] INFO  demoqaBase - Widgets: Please select an item from left to start practice.
2025-09-04 18:15:29 [main] INFO  demoqaBase - Clicking on Widgets|AutoComplete...
You are now Accessing: Auto Complete
2025-09-04 18:15:29 [main] INFO  demoqaBase - You are now Accessing: Auto Complete
Searching Colors using: R
Expected Color to be selected is/are: [Red, Green, Purple]
2025-09-04 18:15:29 [main] INFO  demoqaBase - 🔍 Running test for search character: R
2025-09-04 18:15:29 [main] INFO  demoqaBase - Clicking on Widgets | Auto Complete | Type multiple color names...
Searching Colors using: R
Expected Color to be selected is/are: [Red, Green, Purple]
2025-09-04 18:15:29 [main] INFO  demoqaBase - You are now Accessing: Auto Complete
2025-09-04 18:15:30 [main] INFO  demoqaBase - Available Color: Red
2025-09-04 18:15:30 [main] INFO  demoqaLog - ✅ JS click executed on element: {}
2025-09-04 18:15:30 [main] INFO  demoqaBase - ✅ Selected Color: Red
2025-09-04 18:15:30 [main] INFO  demoqaBase - Available Color: Green
2025-09-04 18:15:30 [main] INFO  demoqaLog - ✅ JS click executed on element: {}
2025-09-04 18:15:30 [main] INFO  demoqaBase - ✅ Selected Color: Green
2025-09-04 18:15:31 [main] INFO  demoqaBase - Available Color: Purple
2025-09-04 18:15:31 [main] INFO  demoqaLog - ✅ JS click executed on element: {}
2025-09-04 18:15:31 [main] INFO  demoqaBase - ✅ Selected Color: Purple
2025-09-04 18:15:31 [main] INFO  demoqaBase - 🎯 Final selected colors: [Red, Green, Purple]
2025-09-04 18:15:31 [main] INFO  demoqaBase - ✅ Widgets|Auto Complete Test Completed...
]]></system-out>
  </testcase>
  <testcase name="AutoCompleteSearch[ColorSelectionData{searchFor=&apos;T&apos;, expectedColors=[White, Voilet, Magenta]}](17)" classname="tests.WidgetsTests" time="2.798">
    <system-out><![CDATA[2025-09-04 18:15:31 [main] INFO  demoqaBase - Closing the Browser...
2025-09-04 18:15:31 [main] INFO  demoqaBase - Starting Web Browser...
2025-09-04 18:15:33 [main] INFO  demoqaBase - Navigating to demoqa.com Website
2025-09-04 18:15:33 [main] INFO  RetryUrlAccess - 🌐 Attempt 1: Navigating to https://demoqa.com
2025-09-04 18:15:39 [main] INFO  RetryUrlAccess - ✅ Successfully navigated to: https://demoqa.com
2025-09-04 18:15:39 [main] INFO  demoqaBase - 🧪 Starting Test Widgets|Auto Complete...
2025-09-04 18:15:39 [main] INFO  demoqaBase - Accessing Widgets Card...
Declared Instance WebDriverWait: org.openqa.selenium.support.ui.WebDriverWait@3f8fa458
2025-09-04 18:15:39 [main] INFO  demoqaLog - Clicking on Widgets Card...
2025-09-04 18:15:40 [main] INFO  demoqaLog - ✅ JS click executed on element: {}
2025-09-04 18:15:40 [main] INFO  demoqaLog - Clicked on on Widgets Card...
Title of this Page is: DEMOQA
You are Accessing: Widgets
 
2025-09-04 18:15:40 [main] INFO  demoqaBase - Widgets: Please select an item from left to start practice.
2025-09-04 18:15:40 [main] INFO  demoqaBase - Clicking on Widgets|AutoComplete...
You are now Accessing: Auto Complete
2025-09-04 18:15:40 [main] INFO  demoqaBase - You are now Accessing: Auto Complete
Searching Colors using: T
Expected Color to be selected is/are: [White, Voilet, Magenta]
2025-09-04 18:15:40 [main] INFO  demoqaBase - 🔍 Running test for search character: T
2025-09-04 18:15:40 [main] INFO  demoqaBase - Clicking on Widgets | Auto Complete | Type multiple color names...
Searching Colors using: T
Expected Color to be selected is/are: [White, Voilet, Magenta]
2025-09-04 18:15:40 [main] INFO  demoqaBase - You are now Accessing: Auto Complete
2025-09-04 18:15:41 [main] INFO  demoqaBase - Available Color: White
2025-09-04 18:15:41 [main] INFO  demoqaLog - ✅ JS click executed on element: {}
2025-09-04 18:15:41 [main] INFO  demoqaBase - ✅ Selected Color: White
2025-09-04 18:15:41 [main] INFO  demoqaBase - Available Color: Voilet
2025-09-04 18:15:41 [main] INFO  demoqaLog - ✅ JS click executed on element: {}
2025-09-04 18:15:41 [main] INFO  demoqaBase - ✅ Selected Color: Voilet
2025-09-04 18:15:42 [main] INFO  demoqaBase - Available Color: Magenta
2025-09-04 18:15:42 [main] INFO  demoqaLog - ✅ JS click executed on element: {}
2025-09-04 18:15:42 [main] INFO  demoqaBase - ✅ Selected Color: Magenta
2025-09-04 18:15:42 [main] INFO  demoqaBase - 🎯 Final selected colors: [White, Voilet, Magenta]
2025-09-04 18:15:42 [main] INFO  demoqaBase - ✅ Widgets|Auto Complete Test Completed...
]]></system-out>
  </testcase>
  <testcase name="setUP" classname="tests.WidgetsTests" time="15.205">
    <failure message="Failed to navigate to https://demoqa.com after 3 attempts" type="java.lang.RuntimeException"><![CDATA[java.lang.RuntimeException: Failed to navigate to https://demoqa.com after 3 attempts
	at utils.RetryUrlAccess.navigateWithRetry(RetryUrlAccess.java:45)
	at base.demoqaBase.setUP(demoqaBase.java:105)
	at java.base/jdk.internal.reflect.DirectMethodHandleAccessor.invoke(DirectMethodHandleAccessor.java:103)
	at java.base/java.lang.reflect.Method.invoke(Method.java:580)
	at org.testng.internal.invokers.MethodInvocationHelper.invokeMethod(MethodInvocationHelper.java:141)
	at org.testng.internal.invokers.MethodInvocationHelper.invokeMethodConsideringTimeout(MethodInvocationHelper.java:71)
	at org.testng.internal.invokers.ConfigInvoker.invokeConfigurationMethod(ConfigInvoker.java:400)
	at org.testng.internal.invokers.ConfigInvoker.invokeConfigurations(ConfigInvoker.java:333)
	at org.testng.internal.invokers.TestInvoker.runConfigMethods(TestInvoker.java:836)
	at org.testng.internal.invokers.TestInvoker.invokeMethod(TestInvoker.java:601)
	at org.testng.internal.invokers.TestInvoker.invokeTestMethod(TestInvoker.java:230)
	at org.testng.internal.invokers.MethodRunner.runInSequence(MethodRunner.java:63)
	at org.testng.internal.invokers.TestInvoker$MethodInvocationAgent.invoke(TestInvoker.java:995)
	at org.testng.internal.invokers.TestInvoker.invokeTestMethods(TestInvoker.java:203)
	at org.testng.internal.invokers.TestMethodWorker.invokeTestMethods(TestMethodWorker.java:154)
	at org.testng.internal.invokers.TestMethodWorker.run(TestMethodWorker.java:134)
	at java.base/java.util.ArrayList.forEach(ArrayList.java:1596)
	at org.testng.TestRunner.privateRun(TestRunner.java:741)
	at org.testng.TestRunner.run(TestRunner.java:616)
	at org.testng.SuiteRunner.runTest(SuiteRunner.java:421)
	at org.testng.SuiteRunner.runSequentially(SuiteRunner.java:413)
	at org.testng.SuiteRunner.privateRun(SuiteRunner.java:373)
	at org.testng.SuiteRunner.run(SuiteRunner.java:312)
	at org.testng.SuiteRunnerWorker.runSuite(SuiteRunnerWorker.java:52)
	at org.testng.SuiteRunnerWorker.run(SuiteRunnerWorker.java:95)
	at org.testng.TestNG.runSuitesSequentially(TestNG.java:1274)
	at org.testng.TestNG.runSuitesLocally(TestNG.java:1208)
	at org.testng.TestNG.runSuites(TestNG.java:1112)
	at org.testng.TestNG.run(TestNG.java:1079)
	at org.apache.maven.surefire.testng.TestNGExecutor.run(TestNGExecutor.java:155)
	at org.apache.maven.surefire.testng.TestNGDirectoryTestSuite.executeMulti(TestNGDirectoryTestSuite.java:169)
	at org.apache.maven.surefire.testng.TestNGDirectoryTestSuite.execute(TestNGDirectoryTestSuite.java:88)
	at org.apache.maven.surefire.testng.TestNGProvider.invoke(TestNGProvider.java:137)
	at org.apache.maven.surefire.booter.ForkedBooter.runSuitesInProcess(ForkedBooter.java:385)
	at org.apache.maven.surefire.booter.ForkedBooter.execute(ForkedBooter.java:162)
	at org.apache.maven.surefire.booter.ForkedBooter.run(ForkedBooter.java:507)
	at org.apache.maven.surefire.booter.ForkedBooter.main(ForkedBooter.java:495)
]]></failure>
    <system-out><![CDATA[2025-09-04 18:15:42 [main] INFO  demoqaBase - Closing the Browser...
2025-09-04 18:15:43 [main] INFO  demoqaBase - Starting Web Browser...
2025-09-04 18:15:44 [main] INFO  demoqaBase - Navigating to demoqa.com Website
2025-09-04 18:15:44 [main] INFO  RetryUrlAccess - 🌐 Attempt 1: Navigating to https://demoqa.com
2025-09-04 18:15:45 [main] WARN  RetryUrlAccess - 🔁 Attempt 1 failed due to retryable error: detected error page after navigation
build info: version: '4.35.0', revision: '1c58e5028b'
system info: os.name: 'windows 11', os.arch: 'amd64', os.version: '10.0', java.version: '21.0.7'
driver info: driver.version: unknown. Retrying after 3000ms...
2025-09-04 18:15:48 [main] INFO  RetryUrlAccess - 🌐 Attempt 2: Navigating to https://demoqa.com
2025-09-04 18:15:48 [main] WARN  RetryUrlAccess - 🔁 Attempt 2 failed due to retryable error: detected error page after navigation
build info: version: '4.35.0', revision: '1c58e5028b'
system info: os.name: 'windows 11', os.arch: 'amd64', os.version: '10.0', java.version: '21.0.7'
driver info: driver.version: unknown. Retrying after 3000ms...
2025-09-04 18:15:51 [main] INFO  RetryUrlAccess - 🌐 Attempt 3: Navigating to https://demoqa.com
2025-09-04 18:15:51 [main] WARN  RetryUrlAccess - 🔁 Attempt 3 failed due to retryable error: detected error page after navigation
build info: version: '4.35.0', revision: '1c58e5028b'
system info: os.name: 'windows 11', os.arch: 'amd64', os.version: '10.0', java.version: '21.0.7'
driver info: driver.version: unknown. Retrying after 3000ms...
]]></system-out>
  </testcase>
  <testcase name="setUP" classname="tests.WidgetsTests" time="0.0">
    <skipped/>
  </testcase>
  <testcase name="setUP" classname="tests.WidgetsTests" time="0.0">
    <skipped/>
  </testcase>
  <testcase name="setUP" classname="tests.WidgetsTests" time="0.0">
    <skipped/>
  </testcase>
  <testcase name="setUP" classname="tests.WidgetsTests" time="0.0">
    <skipped/>
    <system-out><![CDATA[🧾 Row 1: {SearchFor=E, ExpectedColors=Green,Yellow}
🔍 Mapping field: searchFor | Excel Column: SearchFor | Value: E
🔍 Mapping field: expectedColorsRaw | Excel Column: ExpectedColors | Value: Green,Yellow
]]></system-out>
  </testcase>
  <testcase name="setUP" classname="tests.WidgetsTests" time="0.0">
    <skipped/>
  </testcase>
  <testcase name="setUP" classname="tests.WidgetsTests" time="0.0">
    <skipped/>
  </testcase>
  <testcase name="AutoCompleteSearch[ColorSelectionData{searchFor=&apos;U&apos;, expectedColors=[Blue, Purple, Aqua]}](18)" classname="tests.WidgetsTests" time="0.0">
    <skipped message="Failed to navigate to https://demoqa.com after 3 attempts"/>
  </testcase>
  <testcase name="tearDown" classname="tests.WidgetsTests" time="0.0">
    <skipped/>
  </testcase>
  <testcase name="tearDown" classname="tests.WidgetsTests" time="0.0">
    <skipped/>
  </testcase>
  <testcase name="tearDown" classname="tests.WidgetsTests" time="0.0">
    <skipped/>
  </testcase>
  <testcase name="tearDown" classname="tests.WidgetsTests" time="0.0">
    <skipped/>
  </testcase>
  <testcase name="tearDown" classname="tests.WidgetsTests" time="0.0">
    <skipped/>
  </testcase>
  <testcase name="tearDown" classname="tests.WidgetsTests" time="0.0">
    <skipped/>
  </testcase>
  <testcase name="tearDown" classname="tests.WidgetsTests" time="0.0">
    <skipped/>
  </testcase>
  <testcase name="AutoCompleteSearch[ColorSelectionData{searchFor=&apos;V&apos;, expectedColors=[Voilet]}](19)" classname="tests.WidgetsTests" time="0.0">
    <skipped message="Failed to navigate to https://demoqa.com after 3 attempts"/>
  </testcase>
  <testcase name="AutoCompleteSearch[ColorSelectionData{searchFor=&apos;W&apos;, expectedColors=[Yellow, White]}](20)" classname="tests.WidgetsTests" time="0.0">
    <skipped message="Failed to navigate to https://demoqa.com after 3 attempts"/>
  </testcase>
  <testcase name="AutoCompleteSearch[ColorSelectionData{searchFor=&apos;Y&apos;, expectedColors=[Yellow]}](21)" classname="tests.WidgetsTests" time="0.0">
    <skipped message="Failed to navigate to https://demoqa.com after 3 attempts"/>
  </testcase>
  <testcase name="AutoCompleteSearchRemove[ColorSelectionData{searchFor=&apos;E&apos;, expectedColors=[Green, Yellow]}](1)" classname="tests.WidgetsTests" time="0.0">
    <skipped message="Failed to navigate to https://demoqa.com after 3 attempts"/>
  </testcase>
  <testcase name="AutoCompleteSingle[E, Green](1)" classname="tests.WidgetsTests" time="0.0">
    <skipped message="Failed to navigate to https://demoqa.com after 3 attempts"/>
  </testcase>
  <testcase name="SingleAddRemove[E, Green](1)" classname="tests.WidgetsTests" time="0.0">
    <skipped message="Failed to navigate to https://demoqa.com after 3 attempts"/>
  </testcase>
</testsuite>