<?xml version="1.0" encoding="UTF-8"?>
<testng-results ignored="0" total="137" passed="137" failed="0" skipped="0">
  <reporter-output>
  </reporter-output>
  <suite started-at="2025-09-24T09:17:14 IST" name="Surefire suite" finished-at="2025-09-24T10:11:48 IST" duration-ms="3273961">
    <groups>
    </groups>
    <test started-at="2025-09-24T09:17:14 IST" name="Surefire test" finished-at="2025-09-24T10:11:48 IST" duration-ms="3273961">
      <class name="tests.FormTests">
        <test-method is-config="true" signature="setup(java.lang.reflect.Method)[pri:0, instance:tests.FormTests@7a220c9a]" started-at="2025-09-24T09:52:27 IST" name="setup" finished-at="2025-09-24T09:52:31 IST" duration-ms="3709" status="PASS">
          <params>
            <param index="0">
              <value>
                <![CDATA[public void tests.FormTests.FormsCard()]]>
              </value>
            </param>
          </params>
          <reporter-output>
          </reporter-output>
        </test-method> <!-- setup -->
        <test-method signature="FormsCard()[pri:1, instance:tests.FormTests@7a220c9a]" started-at="2025-09-24T09:52:31 IST" name="FormsCard" finished-at="2025-09-24T09:52:31 IST" duration-ms="778" status="PASS">
          <reporter-output>
          </reporter-output>
        </test-method> <!-- FormsCard -->
        <test-method is-config="true" signature="tearDown(org.testng.ITestResult)[pri:0, instance:tests.FormTests@7a220c9a]" started-at="2025-09-24T09:52:31 IST" name="tearDown" finished-at="2025-09-24T09:52:32 IST" duration-ms="342" status="PASS">
          <params>
            <param index="0">
              <value>
                <![CDATA[[TestResult name=FormsCard status=SUCCESS method=FormTests.FormsCard()[pri:1, instance:tests.FormTests@7a220c9a] output={null}]]]>
              </value>
            </param>
          </params>
          <reporter-output>
          </reporter-output>
        </test-method> <!-- tearDown -->
        <test-method is-config="true" signature="setup(java.lang.reflect.Method)[pri:0, instance:tests.FormTests@7a220c9a]" started-at="2025-09-24T09:52:32 IST" name="setup" finished-at="2025-09-24T09:52:36 IST" duration-ms="3836" status="PASS">
          <params>
            <param index="0">
              <value>
                <![CDATA[public void tests.FormTests.FormButton()]]>
              </value>
            </param>
          </params>
          <reporter-output>
          </reporter-output>
        </test-method> <!-- setup -->
        <test-method signature="FormButton()[pri:2, instance:tests.FormTests@7a220c9a]" started-at="2025-09-24T09:52:36 IST" name="FormButton" finished-at="2025-09-24T09:52:36 IST" duration-ms="394" status="PASS">
          <reporter-output>
          </reporter-output>
        </test-method> <!-- FormButton -->
        <test-method is-config="true" signature="tearDown(org.testng.ITestResult)[pri:0, instance:tests.FormTests@7a220c9a]" started-at="2025-09-24T09:52:36 IST" name="tearDown" finished-at="2025-09-24T09:52:36 IST" duration-ms="421" status="PASS">
          <params>
            <param index="0">
              <value>
                <![CDATA[[TestResult name=FormButton status=SUCCESS method=FormTests.FormButton()[pri:2, instance:tests.FormTests@7a220c9a] output={null}]]]>
              </value>
            </param>
          </params>
          <reporter-output>
          </reporter-output>
        </test-method> <!-- tearDown -->
        <test-method is-config="true" signature="setup(java.lang.reflect.Method)[pri:0, instance:tests.FormTests@7a220c9a]" started-at="2025-09-24T09:52:36 IST" name="setup" finished-at="2025-09-24T09:52:40 IST" duration-ms="3944" status="PASS">
          <params>
            <param index="0">
              <value>
                <![CDATA[public void tests.FormTests.fillForm(models.UserFormData)]]>
              </value>
            </param>
          </params>
          <reporter-output>
          </reporter-output>
        </test-method> <!-- setup -->
        <test-method signature="fillForm(models.UserFormData)[pri:3, instance:tests.FormTests@7a220c9a]" started-at="2025-09-24T09:52:40 IST" name="fillForm" data-provider="UserFormData" finished-at="2025-09-24T09:52:49 IST" duration-ms="8734" status="PASS">
          <params>
            <param index="0">
              <value>
                <![CDATA[UserFormData{firstName='Johny', lastName='Bravo', userMail='Jbravo@demoqa.com', gender='Male', mobile='9.238343488E9', dob='15/08/2000', dobTime='6:45:00 am', subject='Computer Science', hobbies='Sports,Music', picturePath='/TestData/Mphoto.jpg', address='511 Grant 481, Prattsville\n Arkansas 72129\n United States', state='NCR', city='Delhi'}]]>
              </value>
            </param>
          </params>
          <reporter-output>
          </reporter-output>
        </test-method> <!-- fillForm -->
        <test-method is-config="true" signature="tearDown(org.testng.ITestResult)[pri:0, instance:tests.FormTests@7a220c9a]" started-at="2025-09-24T09:52:49 IST" name="tearDown" finished-at="2025-09-24T09:52:50 IST" duration-ms="646" status="PASS">
          <params>
            <param index="0">
              <value>
                <![CDATA[[TestResult name=fillForm status=SUCCESS method=FormTests.fillForm(models.UserFormData)[pri:3, instance:tests.FormTests@7a220c9a] output={null}]]]>
              </value>
            </param>
          </params>
          <reporter-output>
          </reporter-output>
        </test-method> <!-- tearDown -->
        <test-method is-config="true" signature="setup(java.lang.reflect.Method)[pri:0, instance:tests.FormTests@7a220c9a]" started-at="2025-09-24T09:52:50 IST" name="setup" finished-at="2025-09-24T09:52:53 IST" duration-ms="3663" status="PASS">
          <params>
            <param index="0">
              <value>
                <![CDATA[public void tests.FormTests.fillForm(models.UserFormData)]]>
              </value>
            </param>
          </params>
          <reporter-output>
          </reporter-output>
        </test-method> <!-- setup -->
        <test-method signature="fillForm(models.UserFormData)[pri:3, instance:tests.FormTests@7a220c9a]" started-at="2025-09-24T09:52:53 IST" name="fillForm" data-provider="UserFormData" finished-at="2025-09-24T09:53:01 IST" duration-ms="7612" status="PASS">
          <params>
            <param index="0">
              <value>
                <![CDATA[UserFormData{firstName='Gene', lastName='Femina', userMail='GFemina@demoqa.com', gender='Female', mobile='1.888343432E9', dob='22/05/2002', dobTime='4:30:00 pm', subject='Accounting', hobbies='Music,Reading', picturePath='/TestData/Fphoto.png', address='512 Grant 481, Prattsville\n Arkansas 72129\n United States', state='Uttar Pradesh', city='Merrut'}]]>
              </value>
            </param>
          </params>
          <reporter-output>
          </reporter-output>
        </test-method> <!-- fillForm -->
        <test-method is-config="true" signature="tearDown(org.testng.ITestResult)[pri:0, instance:tests.FormTests@7a220c9a]" started-at="2025-09-24T09:53:01 IST" name="tearDown" finished-at="2025-09-24T09:53:02 IST" duration-ms="677" status="PASS">
          <params>
            <param index="0">
              <value>
                <![CDATA[[TestResult name=fillForm status=SUCCESS method=FormTests.fillForm(models.UserFormData)[pri:3, instance:tests.FormTests@7a220c9a] output={null}]]]>
              </value>
            </param>
          </params>
          <reporter-output>
          </reporter-output>
        </test-method> <!-- tearDown -->
        <test-method is-config="true" signature="setup(java.lang.reflect.Method)[pri:0, instance:tests.FormTests@7a220c9a]" started-at="2025-09-24T09:53:02 IST" name="setup" finished-at="2025-09-24T09:53:05 IST" duration-ms="3666" status="PASS">
          <params>
            <param index="0">
              <value>
                <![CDATA[public void tests.FormTests.fillForm(models.UserFormData)]]>
              </value>
            </param>
          </params>
          <reporter-output>
          </reporter-output>
        </test-method> <!-- setup -->
        <test-method signature="fillForm(models.UserFormData)[pri:3, instance:tests.FormTests@7a220c9a]" started-at="2025-09-24T09:53:05 IST" name="fillForm" data-provider="UserFormData" finished-at="2025-09-24T09:53:13 IST" duration-ms="8083" status="PASS">
          <params>
            <param index="0">
              <value>
                <![CDATA[UserFormData{firstName='Bud', lastName='Wisem', userMail='BWisem@demoqa.com', gender='Other', mobile='8.932465432E9', dob='31/12/1999', dobTime='8:45:00 pm', subject='Biology', hobbies='Reading', picturePath='/TestData/Ophoto.jpg', address='513 Grant 481, Prattsville\n Arkansas 72129\n United States', state='Haryana', city='Panipat'}]]>
              </value>
            </param>
          </params>
          <reporter-output>
          </reporter-output>
        </test-method> <!-- fillForm -->
        <test-method is-config="true" signature="tearDown(org.testng.ITestResult)[pri:0, instance:tests.FormTests@7a220c9a]" started-at="2025-09-24T09:53:13 IST" name="tearDown" finished-at="2025-09-24T09:53:14 IST" duration-ms="564" status="PASS">
          <params>
            <param index="0">
              <value>
                <![CDATA[[TestResult name=fillForm status=SUCCESS method=FormTests.fillForm(models.UserFormData)[pri:3, instance:tests.FormTests@7a220c9a] output={null}]]]>
              </value>
            </param>
          </params>
          <reporter-output>
          </reporter-output>
        </test-method> <!-- tearDown -->
        <test-method is-config="true" signature="setup(java.lang.reflect.Method)[pri:0, instance:tests.FormTests@7a220c9a]" started-at="2025-09-24T09:53:14 IST" name="setup" finished-at="2025-09-24T09:53:18 IST" duration-ms="3851" status="PASS">
          <params>
            <param index="0">
              <value>
                <![CDATA[public void tests.FormTests.fillForm(models.UserFormData)]]>
              </value>
            </param>
          </params>
          <reporter-output>
          </reporter-output>
        </test-method> <!-- setup -->
        <test-method signature="fillForm(models.UserFormData)[pri:3, instance:tests.FormTests@7a220c9a]" started-at="2025-09-24T09:53:18 IST" name="fillForm" data-provider="UserFormData" finished-at="2025-09-24T09:53:26 IST" duration-ms="8284" status="PASS">
          <params>
            <param index="0">
              <value>
                <![CDATA[UserFormData{firstName='Tom', lastName='Boss', userMail='TBoss@demoqa.com', gender='Male', mobile='7.839875281E9', dob='1/26/03', dobTime='5:45:00 am', subject='Social Studies', hobbies='Sports,Reading', picturePath='/TestData/M2photo.jpg', address='514 Grant 481, Prattsville\n Arkansas 72129\n United States', state='Rajasthan', city='Jaiselmer'}]]>
              </value>
            </param>
          </params>
          <reporter-output>
          </reporter-output>
        </test-method> <!-- fillForm -->
        <test-method is-config="true" signature="tearDown(org.testng.ITestResult)[pri:0, instance:tests.FormTests@7a220c9a]" started-at="2025-09-24T09:53:26 IST" name="tearDown" finished-at="2025-09-24T09:53:27 IST" duration-ms="588" status="PASS">
          <params>
            <param index="0">
              <value>
                <![CDATA[[TestResult name=fillForm status=SUCCESS method=FormTests.fillForm(models.UserFormData)[pri:3, instance:tests.FormTests@7a220c9a] output={null}]]]>
              </value>
            </param>
          </params>
          <reporter-output>
          </reporter-output>
        </test-method> <!-- tearDown -->
      </class> <!-- tests.FormTests -->
      <class name="tests.WidgetsTests">
        <test-method is-config="true" signature="setup(java.lang.reflect.Method)[pri:0, instance:tests.WidgetsTests@2421cc4]" started-at="2025-09-24T09:53:27 IST" name="setup" finished-at="2025-09-24T09:53:31 IST" duration-ms="4054" status="PASS">
          <params>
            <param index="0">
              <value>
                <![CDATA[public void tests.WidgetsTests.accessWidgets()]]>
              </value>
            </param>
          </params>
          <reporter-output>
          </reporter-output>
        </test-method> <!-- setup -->
        <test-method signature="accessWidgets()[pri:1, instance:tests.WidgetsTests@2421cc4]" started-at="2025-09-24T09:53:31 IST" name="accessWidgets" finished-at="2025-09-24T09:53:31 IST" duration-ms="342" status="PASS">
          <reporter-output>
          </reporter-output>
        </test-method> <!-- accessWidgets -->
        <test-method is-config="true" signature="tearDown(org.testng.ITestResult)[pri:0, instance:tests.WidgetsTests@2421cc4]" started-at="2025-09-24T09:53:31 IST" name="tearDown" finished-at="2025-09-24T09:53:32 IST" duration-ms="377" status="PASS">
          <params>
            <param index="0">
              <value>
                <![CDATA[[TestResult name=accessWidgets status=SUCCESS method=WidgetsTests.accessWidgets()[pri:1, instance:tests.WidgetsTests@2421cc4] output={null}]]]>
              </value>
            </param>
          </params>
          <reporter-output>
          </reporter-output>
        </test-method> <!-- tearDown -->
        <test-method is-config="true" signature="setup(java.lang.reflect.Method)[pri:0, instance:tests.WidgetsTests@2421cc4]" started-at="2025-09-24T09:53:32 IST" name="setup" finished-at="2025-09-24T09:53:35 IST" duration-ms="3547" status="PASS">
          <params>
            <param index="0">
              <value>
                <![CDATA[public void tests.WidgetsTests.Accordian()]]>
              </value>
            </param>
          </params>
          <reporter-output>
          </reporter-output>
        </test-method> <!-- setup -->
        <test-method signature="Accordian()[pri:2, instance:tests.WidgetsTests@2421cc4]" started-at="2025-09-24T09:53:35 IST" name="Accordian" finished-at="2025-09-24T09:53:38 IST" duration-ms="2552" status="PASS">
          <reporter-output>
          </reporter-output>
        </test-method> <!-- Accordian -->
        <test-method is-config="true" signature="tearDown(org.testng.ITestResult)[pri:0, instance:tests.WidgetsTests@2421cc4]" started-at="2025-09-24T09:53:38 IST" name="tearDown" finished-at="2025-09-24T09:53:38 IST" duration-ms="428" status="PASS">
          <params>
            <param index="0">
              <value>
                <![CDATA[[TestResult name=Accordian status=SUCCESS method=WidgetsTests.Accordian()[pri:2, instance:tests.WidgetsTests@2421cc4] output={null}]]]>
              </value>
            </param>
          </params>
          <reporter-output>
          </reporter-output>
        </test-method> <!-- tearDown -->
        <test-method is-config="true" signature="setup(java.lang.reflect.Method)[pri:0, instance:tests.WidgetsTests@2421cc4]" started-at="2025-09-24T09:53:38 IST" name="setup" finished-at="2025-09-24T09:53:42 IST" duration-ms="3743" status="PASS">
          <params>
            <param index="0">
              <value>
                <![CDATA[public void tests.WidgetsTests.AccessWhatis()]]>
              </value>
            </param>
          </params>
          <reporter-output>
          </reporter-output>
        </test-method> <!-- setup -->
        <test-method signature="AccessWhatis()[pri:3, instance:tests.WidgetsTests@2421cc4]" started-at="2025-09-24T09:53:42 IST" name="AccessWhatis" finished-at="2025-09-24T09:53:44 IST" duration-ms="2682" status="PASS">
          <reporter-output>
          </reporter-output>
        </test-method> <!-- AccessWhatis -->
        <test-method is-config="true" signature="tearDown(org.testng.ITestResult)[pri:0, instance:tests.WidgetsTests@2421cc4]" started-at="2025-09-24T09:53:44 IST" name="tearDown" finished-at="2025-09-24T09:53:45 IST" duration-ms="401" status="PASS">
          <params>
            <param index="0">
              <value>
                <![CDATA[[TestResult name=AccessWhatis status=SUCCESS method=WidgetsTests.AccessWhatis()[pri:3, instance:tests.WidgetsTests@2421cc4] output={null}]]]>
              </value>
            </param>
          </params>
          <reporter-output>
          </reporter-output>
        </test-method> <!-- tearDown -->
        <test-method is-config="true" signature="setup(java.lang.reflect.Method)[pri:0, instance:tests.WidgetsTests@2421cc4]" started-at="2025-09-24T09:53:45 IST" name="setup" finished-at="2025-09-24T09:53:48 IST" duration-ms="3564" status="PASS">
          <params>
            <param index="0">
              <value>
                <![CDATA[public void tests.WidgetsTests.AccessWhereDoes()]]>
              </value>
            </param>
          </params>
          <reporter-output>
          </reporter-output>
        </test-method> <!-- setup -->
        <test-method signature="AccessWhereDoes()[pri:4, instance:tests.WidgetsTests@2421cc4]" started-at="2025-09-24T09:53:48 IST" name="AccessWhereDoes" finished-at="2025-09-24T09:53:52 IST" duration-ms="3788" status="PASS">
          <reporter-output>
          </reporter-output>
        </test-method> <!-- AccessWhereDoes -->
        <test-method is-config="true" signature="tearDown(org.testng.ITestResult)[pri:0, instance:tests.WidgetsTests@2421cc4]" started-at="2025-09-24T09:53:52 IST" name="tearDown" finished-at="2025-09-24T09:53:53 IST" duration-ms="456" status="PASS">
          <params>
            <param index="0">
              <value>
                <![CDATA[[TestResult name=AccessWhereDoes status=SUCCESS method=WidgetsTests.AccessWhereDoes()[pri:4, instance:tests.WidgetsTests@2421cc4] output={null}]]]>
              </value>
            </param>
          </params>
          <reporter-output>
          </reporter-output>
        </test-method> <!-- tearDown -->
        <test-method is-config="true" signature="setup(java.lang.reflect.Method)[pri:0, instance:tests.WidgetsTests@2421cc4]" started-at="2025-09-24T09:53:53 IST" name="setup" finished-at="2025-09-24T09:53:56 IST" duration-ms="3547" status="PASS">
          <params>
            <param index="0">
              <value>
                <![CDATA[public void tests.WidgetsTests.AccessWhyDoWe()]]>
              </value>
            </param>
          </params>
          <reporter-output>
          </reporter-output>
        </test-method> <!-- setup -->
        <test-method signature="AccessWhyDoWe()[pri:5, instance:tests.WidgetsTests@2421cc4]" started-at="2025-09-24T09:53:56 IST" name="AccessWhyDoWe" finished-at="2025-09-24T09:53:59 IST" duration-ms="3219" status="PASS">
          <reporter-output>
          </reporter-output>
        </test-method> <!-- AccessWhyDoWe -->
        <test-method is-config="true" signature="tearDown(org.testng.ITestResult)[pri:0, instance:tests.WidgetsTests@2421cc4]" started-at="2025-09-24T09:53:59 IST" name="tearDown" finished-at="2025-09-24T09:54:00 IST" duration-ms="432" status="PASS">
          <params>
            <param index="0">
              <value>
                <![CDATA[[TestResult name=AccessWhyDoWe status=SUCCESS method=WidgetsTests.AccessWhyDoWe()[pri:5, instance:tests.WidgetsTests@2421cc4] output={null}]]]>
              </value>
            </param>
          </params>
          <reporter-output>
          </reporter-output>
        </test-method> <!-- tearDown -->
        <test-method is-config="true" signature="setup(java.lang.reflect.Method)[pri:0, instance:tests.WidgetsTests@2421cc4]" started-at="2025-09-24T09:54:00 IST" name="setup" finished-at="2025-09-24T09:54:04 IST" duration-ms="3630" status="PASS">
          <params>
            <param index="0">
              <value>
                <![CDATA[public void tests.WidgetsTests.AutoComplete()]]>
              </value>
            </param>
          </params>
          <reporter-output>
          </reporter-output>
        </test-method> <!-- setup -->
        <test-method signature="AutoComplete()[pri:6, instance:tests.WidgetsTests@2421cc4]" started-at="2025-09-24T09:54:04 IST" name="AutoComplete" finished-at="2025-09-24T09:54:04 IST" duration-ms="509" status="PASS">
          <reporter-output>
          </reporter-output>
        </test-method> <!-- AutoComplete -->
        <test-method is-config="true" signature="tearDown(org.testng.ITestResult)[pri:0, instance:tests.WidgetsTests@2421cc4]" started-at="2025-09-24T09:54:04 IST" name="tearDown" finished-at="2025-09-24T09:54:04 IST" duration-ms="340" status="PASS">
          <params>
            <param index="0">
              <value>
                <![CDATA[[TestResult name=AutoComplete status=SUCCESS method=WidgetsTests.AutoComplete()[pri:6, instance:tests.WidgetsTests@2421cc4] output={null}]]]>
              </value>
            </param>
          </params>
          <reporter-output>
          </reporter-output>
        </test-method> <!-- tearDown -->
        <test-method is-config="true" signature="setup(java.lang.reflect.Method)[pri:0, instance:tests.WidgetsTests@2421cc4]" started-at="2025-09-24T09:54:04 IST" name="setup" finished-at="2025-09-24T09:54:08 IST" duration-ms="3629" status="PASS">
          <params>
            <param index="0">
              <value>
                <![CDATA[public void tests.WidgetsTests.AutoCompleteSearch(models.ColorSelectionData)]]>
              </value>
            </param>
          </params>
          <reporter-output>
          </reporter-output>
        </test-method> <!-- setup -->
        <test-method signature="AutoCompleteSearch(models.ColorSelectionData)[pri:7, instance:tests.WidgetsTests@2421cc4]" started-at="2025-09-24T09:54:08 IST" name="AutoCompleteSearch" data-provider="ColorSelectionData" finished-at="2025-09-24T09:54:16 IST" duration-ms="7750" status="PASS">
          <params>
            <param index="0">
              <value>
                <![CDATA[ColorSelectionData{searchFor='A', expectedColors=[Black, Magenta, Aqua]}]]>
              </value>
            </param>
          </params>
          <reporter-output>
          </reporter-output>
        </test-method> <!-- AutoCompleteSearch -->
        <test-method is-config="true" signature="tearDown(org.testng.ITestResult)[pri:0, instance:tests.WidgetsTests@2421cc4]" started-at="2025-09-24T09:54:16 IST" name="tearDown" finished-at="2025-09-24T09:59:18 IST" duration-ms="302684" status="PASS">
          <params>
            <param index="0">
              <value>
                <![CDATA[[TestResult name=AutoCompleteSearch status=SUCCESS method=WidgetsTests.AutoCompleteSearch(models.ColorSelectionData)[pri:7, instance:tests.WidgetsTests@2421cc4] output={null}]]]>
              </value>
            </param>
          </params>
          <reporter-output>
          </reporter-output>
        </test-method> <!-- tearDown -->
        <test-method is-config="true" signature="setup(java.lang.reflect.Method)[pri:0, instance:tests.WidgetsTests@2421cc4]" started-at="2025-09-24T09:59:18 IST" name="setup" finished-at="2025-09-24T09:59:22 IST" duration-ms="3527" status="PASS">
          <params>
            <param index="0">
              <value>
                <![CDATA[public void tests.WidgetsTests.AutoCompleteSearch(models.ColorSelectionData)]]>
              </value>
            </param>
          </params>
          <reporter-output>
          </reporter-output>
        </test-method> <!-- setup -->
        <test-method signature="AutoCompleteSearch(models.ColorSelectionData)[pri:7, instance:tests.WidgetsTests@2421cc4]" started-at="2025-09-24T09:59:22 IST" name="AutoCompleteSearch" data-provider="ColorSelectionData" finished-at="2025-09-24T09:59:27 IST" duration-ms="4785" status="PASS">
          <params>
            <param index="0">
              <value>
                <![CDATA[ColorSelectionData{searchFor='B', expectedColors=[Blue, Black]}]]>
              </value>
            </param>
          </params>
          <reporter-output>
          </reporter-output>
        </test-method> <!-- AutoCompleteSearch -->
        <test-method is-config="true" signature="tearDown(org.testng.ITestResult)[pri:0, instance:tests.WidgetsTests@2421cc4]" started-at="2025-09-24T09:59:27 IST" name="tearDown" finished-at="2025-09-24T09:59:27 IST" duration-ms="506" status="PASS">
          <params>
            <param index="0">
              <value>
                <![CDATA[[TestResult name=AutoCompleteSearch status=SUCCESS method=WidgetsTests.AutoCompleteSearch(models.ColorSelectionData)[pri:7, instance:tests.WidgetsTests@2421cc4] output={null}]]]>
              </value>
            </param>
          </params>
          <reporter-output>
          </reporter-output>
        </test-method> <!-- tearDown -->
        <test-method is-config="true" signature="setup(java.lang.reflect.Method)[pri:0, instance:tests.WidgetsTests@2421cc4]" started-at="2025-09-24T09:59:27 IST" name="setup" finished-at="2025-09-24T09:59:31 IST" duration-ms="3743" status="PASS">
          <params>
            <param index="0">
              <value>
                <![CDATA[public void tests.WidgetsTests.AutoCompleteSearch(models.ColorSelectionData)]]>
              </value>
            </param>
          </params>
          <reporter-output>
          </reporter-output>
        </test-method> <!-- setup -->
        <test-method signature="AutoCompleteSearch(models.ColorSelectionData)[pri:7, instance:tests.WidgetsTests@2421cc4]" started-at="2025-09-24T09:59:31 IST" name="AutoCompleteSearch" data-provider="ColorSelectionData" finished-at="2025-09-24T09:59:39 IST" duration-ms="7788" status="PASS">
          <params>
            <param index="0">
              <value>
                <![CDATA[ColorSelectionData{searchFor='C', expectedColors=[Black]}]]>
              </value>
            </param>
          </params>
          <reporter-output>
          </reporter-output>
        </test-method> <!-- AutoCompleteSearch -->
        <test-method is-config="true" signature="tearDown(org.testng.ITestResult)[pri:0, instance:tests.WidgetsTests@2421cc4]" started-at="2025-09-24T09:59:39 IST" name="tearDown" finished-at="2025-09-24T09:59:40 IST" duration-ms="789" status="PASS">
          <params>
            <param index="0">
              <value>
                <![CDATA[[TestResult name=AutoCompleteSearch status=SUCCESS method=WidgetsTests.AutoCompleteSearch(models.ColorSelectionData)[pri:7, instance:tests.WidgetsTests@2421cc4] output={null}]]]>
              </value>
            </param>
          </params>
          <reporter-output>
          </reporter-output>
        </test-method> <!-- tearDown -->
        <test-method is-config="true" signature="setup(java.lang.reflect.Method)[pri:0, instance:tests.WidgetsTests@2421cc4]" started-at="2025-09-24T09:59:40 IST" name="setup" finished-at="2025-09-24T09:59:44 IST" duration-ms="4136" status="PASS">
          <params>
            <param index="0">
              <value>
                <![CDATA[public void tests.WidgetsTests.AutoCompleteSearch(models.ColorSelectionData)]]>
              </value>
            </param>
          </params>
          <reporter-output>
          </reporter-output>
        </test-method> <!-- setup -->
        <test-method signature="AutoCompleteSearch(models.ColorSelectionData)[pri:7, instance:tests.WidgetsTests@2421cc4]" started-at="2025-09-24T09:59:44 IST" name="AutoCompleteSearch" data-provider="ColorSelectionData" finished-at="2025-09-24T09:59:48 IST" duration-ms="4580" status="PASS">
          <params>
            <param index="0">
              <value>
                <![CDATA[ColorSelectionData{searchFor='D', expectedColors=[Red, Indigo]}]]>
              </value>
            </param>
          </params>
          <reporter-output>
          </reporter-output>
        </test-method> <!-- AutoCompleteSearch -->
        <test-method is-config="true" signature="tearDown(org.testng.ITestResult)[pri:0, instance:tests.WidgetsTests@2421cc4]" started-at="2025-09-24T09:59:48 IST" name="tearDown" finished-at="2025-09-24T09:59:49 IST" duration-ms="375" status="PASS">
          <params>
            <param index="0">
              <value>
                <![CDATA[[TestResult name=AutoCompleteSearch status=SUCCESS method=WidgetsTests.AutoCompleteSearch(models.ColorSelectionData)[pri:7, instance:tests.WidgetsTests@2421cc4] output={null}]]]>
              </value>
            </param>
          </params>
          <reporter-output>
          </reporter-output>
        </test-method> <!-- tearDown -->
        <test-method is-config="true" signature="setup(java.lang.reflect.Method)[pri:0, instance:tests.WidgetsTests@2421cc4]" started-at="2025-09-24T09:59:49 IST" name="setup" finished-at="2025-09-24T09:59:53 IST" duration-ms="3974" status="PASS">
          <params>
            <param index="0">
              <value>
                <![CDATA[public void tests.WidgetsTests.AutoCompleteSearch(models.ColorSelectionData)]]>
              </value>
            </param>
          </params>
          <reporter-output>
          </reporter-output>
        </test-method> <!-- setup -->
        <test-method signature="AutoCompleteSearch(models.ColorSelectionData)[pri:7, instance:tests.WidgetsTests@2421cc4]" started-at="2025-09-24T09:59:53 IST" name="AutoCompleteSearch" data-provider="ColorSelectionData" finished-at="2025-09-24T09:59:59 IST" duration-ms="6250" status="PASS">
          <params>
            <param index="0">
              <value>
                <![CDATA[ColorSelectionData{searchFor='E', expectedColors=[Red, Blue, Green, Yellow, Purple, White, Voilet, Magenta]}]]>
              </value>
            </param>
          </params>
          <reporter-output>
          </reporter-output>
        </test-method> <!-- AutoCompleteSearch -->
        <test-method is-config="true" signature="tearDown(org.testng.ITestResult)[pri:0, instance:tests.WidgetsTests@2421cc4]" started-at="2025-09-24T09:59:59 IST" name="tearDown" finished-at="2025-09-24T09:59:59 IST" duration-ms="390" status="PASS">
          <params>
            <param index="0">
              <value>
                <![CDATA[[TestResult name=AutoCompleteSearch status=SUCCESS method=WidgetsTests.AutoCompleteSearch(models.ColorSelectionData)[pri:7, instance:tests.WidgetsTests@2421cc4] output={null}]]]>
              </value>
            </param>
          </params>
          <reporter-output>
          </reporter-output>
        </test-method> <!-- tearDown -->
        <test-method is-config="true" signature="setup(java.lang.reflect.Method)[pri:0, instance:tests.WidgetsTests@2421cc4]" started-at="2025-09-24T09:59:59 IST" name="setup" finished-at="2025-09-24T10:00:03 IST" duration-ms="4142" status="PASS">
          <params>
            <param index="0">
              <value>
                <![CDATA[public void tests.WidgetsTests.AutoCompleteSearch(models.ColorSelectionData)]]>
              </value>
            </param>
          </params>
          <reporter-output>
          </reporter-output>
        </test-method> <!-- setup -->
        <test-method signature="AutoCompleteSearch(models.ColorSelectionData)[pri:7, instance:tests.WidgetsTests@2421cc4]" started-at="2025-09-24T10:00:03 IST" name="AutoCompleteSearch" data-provider="ColorSelectionData" finished-at="2025-09-24T10:00:08 IST" duration-ms="4045" status="PASS">
          <params>
            <param index="0">
              <value>
                <![CDATA[ColorSelectionData{searchFor='G', expectedColors=[Green, Indigo, Magenta]}]]>
              </value>
            </param>
          </params>
          <reporter-output>
          </reporter-output>
        </test-method> <!-- AutoCompleteSearch -->
        <test-method is-config="true" signature="tearDown(org.testng.ITestResult)[pri:0, instance:tests.WidgetsTests@2421cc4]" started-at="2025-09-24T10:00:08 IST" name="tearDown" finished-at="2025-09-24T10:00:08 IST" duration-ms="427" status="PASS">
          <params>
            <param index="0">
              <value>
                <![CDATA[[TestResult name=AutoCompleteSearch status=SUCCESS method=WidgetsTests.AutoCompleteSearch(models.ColorSelectionData)[pri:7, instance:tests.WidgetsTests@2421cc4] output={null}]]]>
              </value>
            </param>
          </params>
          <reporter-output>
          </reporter-output>
        </test-method> <!-- tearDown -->
        <test-method is-config="true" signature="setup(java.lang.reflect.Method)[pri:0, instance:tests.WidgetsTests@2421cc4]" started-at="2025-09-24T10:00:08 IST" name="setup" finished-at="2025-09-24T10:00:12 IST" duration-ms="4288" status="PASS">
          <params>
            <param index="0">
              <value>
                <![CDATA[public void tests.WidgetsTests.AutoCompleteSearch(models.ColorSelectionData)]]>
              </value>
            </param>
          </params>
          <reporter-output>
          </reporter-output>
        </test-method> <!-- setup -->
        <test-method signature="AutoCompleteSearch(models.ColorSelectionData)[pri:7, instance:tests.WidgetsTests@2421cc4]" started-at="2025-09-24T10:00:12 IST" name="AutoCompleteSearch" data-provider="ColorSelectionData" finished-at="2025-09-24T10:00:15 IST" duration-ms="2833" status="PASS">
          <params>
            <param index="0">
              <value>
                <![CDATA[ColorSelectionData{searchFor='H', expectedColors=[White]}]]>
              </value>
            </param>
          </params>
          <reporter-output>
          </reporter-output>
        </test-method> <!-- AutoCompleteSearch -->
        <test-method is-config="true" signature="tearDown(org.testng.ITestResult)[pri:0, instance:tests.WidgetsTests@2421cc4]" started-at="2025-09-24T10:00:15 IST" name="tearDown" finished-at="2025-09-24T10:00:15 IST" duration-ms="359" status="PASS">
          <params>
            <param index="0">
              <value>
                <![CDATA[[TestResult name=AutoCompleteSearch status=SUCCESS method=WidgetsTests.AutoCompleteSearch(models.ColorSelectionData)[pri:7, instance:tests.WidgetsTests@2421cc4] output={null}]]]>
              </value>
            </param>
          </params>
          <reporter-output>
          </reporter-output>
        </test-method> <!-- tearDown -->
        <test-method is-config="true" signature="setup(java.lang.reflect.Method)[pri:0, instance:tests.WidgetsTests@2421cc4]" started-at="2025-09-24T10:00:15 IST" name="setup" finished-at="2025-09-24T10:00:20 IST" duration-ms="4169" status="PASS">
          <params>
            <param index="0">
              <value>
                <![CDATA[public void tests.WidgetsTests.AutoCompleteSearch(models.ColorSelectionData)]]>
              </value>
            </param>
          </params>
          <reporter-output>
          </reporter-output>
        </test-method> <!-- setup -->
        <test-method signature="AutoCompleteSearch(models.ColorSelectionData)[pri:7, instance:tests.WidgetsTests@2421cc4]" started-at="2025-09-24T10:00:20 IST" name="AutoCompleteSearch" data-provider="ColorSelectionData" finished-at="2025-09-24T10:00:23 IST" duration-ms="3826" status="PASS">
          <params>
            <param index="0">
              <value>
                <![CDATA[ColorSelectionData{searchFor='I', expectedColors=[White, Voilet, Indigo]}]]>
              </value>
            </param>
          </params>
          <reporter-output>
          </reporter-output>
        </test-method> <!-- AutoCompleteSearch -->
        <test-method is-config="true" signature="tearDown(org.testng.ITestResult)[pri:0, instance:tests.WidgetsTests@2421cc4]" started-at="2025-09-24T10:00:23 IST" name="tearDown" finished-at="2025-09-24T10:00:24 IST" duration-ms="431" status="PASS">
          <params>
            <param index="0">
              <value>
                <![CDATA[[TestResult name=AutoCompleteSearch status=SUCCESS method=WidgetsTests.AutoCompleteSearch(models.ColorSelectionData)[pri:7, instance:tests.WidgetsTests@2421cc4] output={null}]]]>
              </value>
            </param>
          </params>
          <reporter-output>
          </reporter-output>
        </test-method> <!-- tearDown -->
        <test-method is-config="true" signature="setup(java.lang.reflect.Method)[pri:0, instance:tests.WidgetsTests@2421cc4]" started-at="2025-09-24T10:00:24 IST" name="setup" finished-at="2025-09-24T10:00:28 IST" duration-ms="4110" status="PASS">
          <params>
            <param index="0">
              <value>
                <![CDATA[public void tests.WidgetsTests.AutoCompleteSearch(models.ColorSelectionData)]]>
              </value>
            </param>
          </params>
          <reporter-output>
          </reporter-output>
        </test-method> <!-- setup -->
        <test-method signature="AutoCompleteSearch(models.ColorSelectionData)[pri:7, instance:tests.WidgetsTests@2421cc4]" started-at="2025-09-24T10:00:28 IST" name="AutoCompleteSearch" data-provider="ColorSelectionData" finished-at="2025-09-24T10:00:30 IST" duration-ms="2200" status="PASS">
          <params>
            <param index="0">
              <value>
                <![CDATA[ColorSelectionData{searchFor='K', expectedColors=[Black]}]]>
              </value>
            </param>
          </params>
          <reporter-output>
          </reporter-output>
        </test-method> <!-- AutoCompleteSearch -->
        <test-method is-config="true" signature="tearDown(org.testng.ITestResult)[pri:0, instance:tests.WidgetsTests@2421cc4]" started-at="2025-09-24T10:00:30 IST" name="tearDown" finished-at="2025-09-24T10:00:31 IST" duration-ms="362" status="PASS">
          <params>
            <param index="0">
              <value>
                <![CDATA[[TestResult name=AutoCompleteSearch status=SUCCESS method=WidgetsTests.AutoCompleteSearch(models.ColorSelectionData)[pri:7, instance:tests.WidgetsTests@2421cc4] output={null}]]]>
              </value>
            </param>
          </params>
          <reporter-output>
          </reporter-output>
        </test-method> <!-- tearDown -->
        <test-method is-config="true" signature="setup(java.lang.reflect.Method)[pri:0, instance:tests.WidgetsTests@2421cc4]" started-at="2025-09-24T10:00:31 IST" name="setup" finished-at="2025-09-24T10:00:35 IST" duration-ms="4359" status="PASS">
          <params>
            <param index="0">
              <value>
                <![CDATA[public void tests.WidgetsTests.AutoCompleteSearch(models.ColorSelectionData)]]>
              </value>
            </param>
          </params>
          <reporter-output>
          </reporter-output>
        </test-method> <!-- setup -->
        <test-method signature="AutoCompleteSearch(models.ColorSelectionData)[pri:7, instance:tests.WidgetsTests@2421cc4]" started-at="2025-09-24T10:00:35 IST" name="AutoCompleteSearch" data-provider="ColorSelectionData" finished-at="2025-09-24T10:00:40 IST" duration-ms="5067" status="PASS">
          <params>
            <param index="0">
              <value>
                <![CDATA[ColorSelectionData{searchFor='L', expectedColors=[Blue, Yellow, Purple, Black, Voilet]}]]>
              </value>
            </param>
          </params>
          <reporter-output>
          </reporter-output>
        </test-method> <!-- AutoCompleteSearch -->
        <test-method is-config="true" signature="tearDown(org.testng.ITestResult)[pri:0, instance:tests.WidgetsTests@2421cc4]" started-at="2025-09-24T10:00:40 IST" name="tearDown" finished-at="2025-09-24T10:00:40 IST" duration-ms="422" status="PASS">
          <params>
            <param index="0">
              <value>
                <![CDATA[[TestResult name=AutoCompleteSearch status=SUCCESS method=WidgetsTests.AutoCompleteSearch(models.ColorSelectionData)[pri:7, instance:tests.WidgetsTests@2421cc4] output={null}]]]>
              </value>
            </param>
          </params>
          <reporter-output>
          </reporter-output>
        </test-method> <!-- tearDown -->
        <test-method is-config="true" signature="setup(java.lang.reflect.Method)[pri:0, instance:tests.WidgetsTests@2421cc4]" started-at="2025-09-24T10:00:40 IST" name="setup" finished-at="2025-09-24T10:00:45 IST" duration-ms="4156" status="PASS">
          <params>
            <param index="0">
              <value>
                <![CDATA[public void tests.WidgetsTests.AutoCompleteSearch(models.ColorSelectionData)]]>
              </value>
            </param>
          </params>
          <reporter-output>
          </reporter-output>
        </test-method> <!-- setup -->
        <test-method signature="AutoCompleteSearch(models.ColorSelectionData)[pri:7, instance:tests.WidgetsTests@2421cc4]" started-at="2025-09-24T10:00:45 IST" name="AutoCompleteSearch" data-provider="ColorSelectionData" finished-at="2025-09-24T10:00:47 IST" duration-ms="2566" status="PASS">
          <params>
            <param index="0">
              <value>
                <![CDATA[ColorSelectionData{searchFor='M', expectedColors=[Magenta]}]]>
              </value>
            </param>
          </params>
          <reporter-output>
          </reporter-output>
        </test-method> <!-- AutoCompleteSearch -->
        <test-method is-config="true" signature="tearDown(org.testng.ITestResult)[pri:0, instance:tests.WidgetsTests@2421cc4]" started-at="2025-09-24T10:00:47 IST" name="tearDown" finished-at="2025-09-24T10:00:48 IST" duration-ms="448" status="PASS">
          <params>
            <param index="0">
              <value>
                <![CDATA[[TestResult name=AutoCompleteSearch status=SUCCESS method=WidgetsTests.AutoCompleteSearch(models.ColorSelectionData)[pri:7, instance:tests.WidgetsTests@2421cc4] output={null}]]]>
              </value>
            </param>
          </params>
          <reporter-output>
          </reporter-output>
        </test-method> <!-- tearDown -->
        <test-method is-config="true" signature="setup(java.lang.reflect.Method)[pri:0, instance:tests.WidgetsTests@2421cc4]" started-at="2025-09-24T10:00:48 IST" name="setup" finished-at="2025-09-24T10:00:51 IST" duration-ms="3931" status="PASS">
          <params>
            <param index="0">
              <value>
                <![CDATA[public void tests.WidgetsTests.AutoCompleteSearch(models.ColorSelectionData)]]>
              </value>
            </param>
          </params>
          <reporter-output>
          </reporter-output>
        </test-method> <!-- setup -->
        <test-method signature="AutoCompleteSearch(models.ColorSelectionData)[pri:7, instance:tests.WidgetsTests@2421cc4]" started-at="2025-09-24T10:00:51 IST" name="AutoCompleteSearch" data-provider="ColorSelectionData" finished-at="2025-09-24T10:00:56 IST" duration-ms="4273" status="PASS">
          <params>
            <param index="0">
              <value>
                <![CDATA[ColorSelectionData{searchFor='N', expectedColors=[Green, Indigo, Magenta]}]]>
              </value>
            </param>
          </params>
          <reporter-output>
          </reporter-output>
        </test-method> <!-- AutoCompleteSearch -->
        <test-method is-config="true" signature="tearDown(org.testng.ITestResult)[pri:0, instance:tests.WidgetsTests@2421cc4]" started-at="2025-09-24T10:00:56 IST" name="tearDown" finished-at="2025-09-24T10:00:56 IST" duration-ms="454" status="PASS">
          <params>
            <param index="0">
              <value>
                <![CDATA[[TestResult name=AutoCompleteSearch status=SUCCESS method=WidgetsTests.AutoCompleteSearch(models.ColorSelectionData)[pri:7, instance:tests.WidgetsTests@2421cc4] output={null}]]]>
              </value>
            </param>
          </params>
          <reporter-output>
          </reporter-output>
        </test-method> <!-- tearDown -->
        <test-method is-config="true" signature="setup(java.lang.reflect.Method)[pri:0, instance:tests.WidgetsTests@2421cc4]" started-at="2025-09-24T10:00:56 IST" name="setup" finished-at="2025-09-24T10:01:00 IST" duration-ms="4152" status="PASS">
          <params>
            <param index="0">
              <value>
                <![CDATA[public void tests.WidgetsTests.AutoCompleteSearch(models.ColorSelectionData)]]>
              </value>
            </param>
          </params>
          <reporter-output>
          </reporter-output>
        </test-method> <!-- setup -->
        <test-method signature="AutoCompleteSearch(models.ColorSelectionData)[pri:7, instance:tests.WidgetsTests@2421cc4]" started-at="2025-09-24T10:01:00 IST" name="AutoCompleteSearch" data-provider="ColorSelectionData" finished-at="2025-09-24T10:01:05 IST" duration-ms="4237" status="PASS">
          <params>
            <param index="0">
              <value>
                <![CDATA[ColorSelectionData{searchFor='O', expectedColors=[Yellow, Voilet, Indigo]}]]>
              </value>
            </param>
          </params>
          <reporter-output>
          </reporter-output>
        </test-method> <!-- AutoCompleteSearch -->
        <test-method is-config="true" signature="tearDown(org.testng.ITestResult)[pri:0, instance:tests.WidgetsTests@2421cc4]" started-at="2025-09-24T10:01:05 IST" name="tearDown" finished-at="2025-09-24T10:01:05 IST" duration-ms="495" status="PASS">
          <params>
            <param index="0">
              <value>
                <![CDATA[[TestResult name=AutoCompleteSearch status=SUCCESS method=WidgetsTests.AutoCompleteSearch(models.ColorSelectionData)[pri:7, instance:tests.WidgetsTests@2421cc4] output={null}]]]>
              </value>
            </param>
          </params>
          <reporter-output>
          </reporter-output>
        </test-method> <!-- tearDown -->
        <test-method is-config="true" signature="setup(java.lang.reflect.Method)[pri:0, instance:tests.WidgetsTests@2421cc4]" started-at="2025-09-24T10:01:05 IST" name="setup" finished-at="2025-09-24T10:01:09 IST" duration-ms="4094" status="PASS">
          <params>
            <param index="0">
              <value>
                <![CDATA[public void tests.WidgetsTests.AutoCompleteSearch(models.ColorSelectionData)]]>
              </value>
            </param>
          </params>
          <reporter-output>
          </reporter-output>
        </test-method> <!-- setup -->
        <test-method signature="AutoCompleteSearch(models.ColorSelectionData)[pri:7, instance:tests.WidgetsTests@2421cc4]" started-at="2025-09-24T10:01:09 IST" name="AutoCompleteSearch" data-provider="ColorSelectionData" finished-at="2025-09-24T10:01:12 IST" duration-ms="3251" status="PASS">
          <params>
            <param index="0">
              <value>
                <![CDATA[ColorSelectionData{searchFor='P', expectedColors=[Purple]}]]>
              </value>
            </param>
          </params>
          <reporter-output>
          </reporter-output>
        </test-method> <!-- AutoCompleteSearch -->
        <test-method is-config="true" signature="tearDown(org.testng.ITestResult)[pri:0, instance:tests.WidgetsTests@2421cc4]" started-at="2025-09-24T10:01:12 IST" name="tearDown" finished-at="2025-09-24T10:01:13 IST" duration-ms="440" status="PASS">
          <params>
            <param index="0">
              <value>
                <![CDATA[[TestResult name=AutoCompleteSearch status=SUCCESS method=WidgetsTests.AutoCompleteSearch(models.ColorSelectionData)[pri:7, instance:tests.WidgetsTests@2421cc4] output={null}]]]>
              </value>
            </param>
          </params>
          <reporter-output>
          </reporter-output>
        </test-method> <!-- tearDown -->
        <test-method is-config="true" signature="setup(java.lang.reflect.Method)[pri:0, instance:tests.WidgetsTests@2421cc4]" started-at="2025-09-24T10:01:13 IST" name="setup" finished-at="2025-09-24T10:01:17 IST" duration-ms="4008" status="PASS">
          <params>
            <param index="0">
              <value>
                <![CDATA[public void tests.WidgetsTests.AutoCompleteSearch(models.ColorSelectionData)]]>
              </value>
            </param>
          </params>
          <reporter-output>
          </reporter-output>
        </test-method> <!-- setup -->
        <test-method signature="AutoCompleteSearch(models.ColorSelectionData)[pri:7, instance:tests.WidgetsTests@2421cc4]" started-at="2025-09-24T10:01:17 IST" name="AutoCompleteSearch" data-provider="ColorSelectionData" finished-at="2025-09-24T10:01:21 IST" duration-ms="4347" status="PASS">
          <params>
            <param index="0">
              <value>
                <![CDATA[ColorSelectionData{searchFor='Q', expectedColors=[Aqua]}]]>
              </value>
            </param>
          </params>
          <reporter-output>
          </reporter-output>
        </test-method> <!-- AutoCompleteSearch -->
        <test-method is-config="true" signature="tearDown(org.testng.ITestResult)[pri:0, instance:tests.WidgetsTests@2421cc4]" started-at="2025-09-24T10:01:21 IST" name="tearDown" finished-at="2025-09-24T10:01:22 IST" duration-ms="425" status="PASS">
          <params>
            <param index="0">
              <value>
                <![CDATA[[TestResult name=AutoCompleteSearch status=SUCCESS method=WidgetsTests.AutoCompleteSearch(models.ColorSelectionData)[pri:7, instance:tests.WidgetsTests@2421cc4] output={null}]]]>
              </value>
            </param>
          </params>
          <reporter-output>
          </reporter-output>
        </test-method> <!-- tearDown -->
        <test-method is-config="true" signature="setup(java.lang.reflect.Method)[pri:0, instance:tests.WidgetsTests@2421cc4]" started-at="2025-09-24T10:01:22 IST" name="setup" finished-at="2025-09-24T10:01:26 IST" duration-ms="4084" status="PASS">
          <params>
            <param index="0">
              <value>
                <![CDATA[public void tests.WidgetsTests.AutoCompleteSearch(models.ColorSelectionData)]]>
              </value>
            </param>
          </params>
          <reporter-output>
          </reporter-output>
        </test-method> <!-- setup -->
        <test-method signature="AutoCompleteSearch(models.ColorSelectionData)[pri:7, instance:tests.WidgetsTests@2421cc4]" started-at="2025-09-24T10:01:26 IST" name="AutoCompleteSearch" data-provider="ColorSelectionData" finished-at="2025-09-24T10:01:30 IST" duration-ms="3965" status="PASS">
          <params>
            <param index="0">
              <value>
                <![CDATA[ColorSelectionData{searchFor='R', expectedColors=[Red, Green, Purple]}]]>
              </value>
            </param>
          </params>
          <reporter-output>
          </reporter-output>
        </test-method> <!-- AutoCompleteSearch -->
        <test-method is-config="true" signature="tearDown(org.testng.ITestResult)[pri:0, instance:tests.WidgetsTests@2421cc4]" started-at="2025-09-24T10:01:30 IST" name="tearDown" finished-at="2025-09-24T10:01:30 IST" duration-ms="417" status="PASS">
          <params>
            <param index="0">
              <value>
                <![CDATA[[TestResult name=AutoCompleteSearch status=SUCCESS method=WidgetsTests.AutoCompleteSearch(models.ColorSelectionData)[pri:7, instance:tests.WidgetsTests@2421cc4] output={null}]]]>
              </value>
            </param>
          </params>
          <reporter-output>
          </reporter-output>
        </test-method> <!-- tearDown -->
        <test-method is-config="true" signature="setup(java.lang.reflect.Method)[pri:0, instance:tests.WidgetsTests@2421cc4]" started-at="2025-09-24T10:01:30 IST" name="setup" finished-at="2025-09-24T10:01:34 IST" duration-ms="4333" status="PASS">
          <params>
            <param index="0">
              <value>
                <![CDATA[public void tests.WidgetsTests.AutoCompleteSearch(models.ColorSelectionData)]]>
              </value>
            </param>
          </params>
          <reporter-output>
          </reporter-output>
        </test-method> <!-- setup -->
        <test-method signature="AutoCompleteSearch(models.ColorSelectionData)[pri:7, instance:tests.WidgetsTests@2421cc4]" started-at="2025-09-24T10:01:34 IST" name="AutoCompleteSearch" data-provider="ColorSelectionData" finished-at="2025-09-24T10:01:43 IST" duration-ms="8562" status="PASS">
          <params>
            <param index="0">
              <value>
                <![CDATA[ColorSelectionData{searchFor='T', expectedColors=[White, Voilet, Magenta]}]]>
              </value>
            </param>
          </params>
          <reporter-output>
          </reporter-output>
        </test-method> <!-- AutoCompleteSearch -->
        <test-method is-config="true" signature="tearDown(org.testng.ITestResult)[pri:0, instance:tests.WidgetsTests@2421cc4]" started-at="2025-09-24T10:01:43 IST" name="tearDown" finished-at="2025-09-24T10:01:43 IST" duration-ms="452" status="PASS">
          <params>
            <param index="0">
              <value>
                <![CDATA[[TestResult name=AutoCompleteSearch status=SUCCESS method=WidgetsTests.AutoCompleteSearch(models.ColorSelectionData)[pri:7, instance:tests.WidgetsTests@2421cc4] output={null}]]]>
              </value>
            </param>
          </params>
          <reporter-output>
          </reporter-output>
        </test-method> <!-- tearDown -->
        <test-method is-config="true" signature="setup(java.lang.reflect.Method)[pri:0, instance:tests.WidgetsTests@2421cc4]" started-at="2025-09-24T10:01:43 IST" name="setup" finished-at="2025-09-24T10:01:48 IST" duration-ms="4239" status="PASS">
          <params>
            <param index="0">
              <value>
                <![CDATA[public void tests.WidgetsTests.AutoCompleteSearch(models.ColorSelectionData)]]>
              </value>
            </param>
          </params>
          <reporter-output>
          </reporter-output>
        </test-method> <!-- setup -->
        <test-method signature="AutoCompleteSearch(models.ColorSelectionData)[pri:7, instance:tests.WidgetsTests@2421cc4]" started-at="2025-09-24T10:01:48 IST" name="AutoCompleteSearch" data-provider="ColorSelectionData" finished-at="2025-09-24T10:02:20 IST" duration-ms="32560" status="PASS">
          <params>
            <param index="0">
              <value>
                <![CDATA[ColorSelectionData{searchFor='U', expectedColors=[Blue, Purple, Aqua]}]]>
              </value>
            </param>
          </params>
          <reporter-output>
          </reporter-output>
        </test-method> <!-- AutoCompleteSearch -->
        <test-method is-config="true" signature="tearDown(org.testng.ITestResult)[pri:0, instance:tests.WidgetsTests@2421cc4]" started-at="2025-09-24T10:02:20 IST" name="tearDown" finished-at="2025-09-24T10:02:21 IST" duration-ms="476" status="PASS">
          <params>
            <param index="0">
              <value>
                <![CDATA[[TestResult name=AutoCompleteSearch status=SUCCESS method=WidgetsTests.AutoCompleteSearch(models.ColorSelectionData)[pri:7, instance:tests.WidgetsTests@2421cc4] output={null}]]]>
              </value>
            </param>
          </params>
          <reporter-output>
          </reporter-output>
        </test-method> <!-- tearDown -->
        <test-method is-config="true" signature="setup(java.lang.reflect.Method)[pri:0, instance:tests.WidgetsTests@2421cc4]" started-at="2025-09-24T10:02:21 IST" name="setup" finished-at="2025-09-24T10:02:25 IST" duration-ms="4101" status="PASS">
          <params>
            <param index="0">
              <value>
                <![CDATA[public void tests.WidgetsTests.AutoCompleteSearch(models.ColorSelectionData)]]>
              </value>
            </param>
          </params>
          <reporter-output>
          </reporter-output>
        </test-method> <!-- setup -->
        <test-method signature="AutoCompleteSearch(models.ColorSelectionData)[pri:7, instance:tests.WidgetsTests@2421cc4]" started-at="2025-09-24T10:02:25 IST" name="AutoCompleteSearch" data-provider="ColorSelectionData" finished-at="2025-09-24T10:02:29 IST" duration-ms="4225" status="PASS">
          <params>
            <param index="0">
              <value>
                <![CDATA[ColorSelectionData{searchFor='V', expectedColors=[Voilet]}]]>
              </value>
            </param>
          </params>
          <reporter-output>
          </reporter-output>
        </test-method> <!-- AutoCompleteSearch -->
        <test-method is-config="true" signature="tearDown(org.testng.ITestResult)[pri:0, instance:tests.WidgetsTests@2421cc4]" started-at="2025-09-24T10:02:29 IST" name="tearDown" finished-at="2025-09-24T10:02:30 IST" duration-ms="528" status="PASS">
          <params>
            <param index="0">
              <value>
                <![CDATA[[TestResult name=AutoCompleteSearch status=SUCCESS method=WidgetsTests.AutoCompleteSearch(models.ColorSelectionData)[pri:7, instance:tests.WidgetsTests@2421cc4] output={null}]]]>
              </value>
            </param>
          </params>
          <reporter-output>
          </reporter-output>
        </test-method> <!-- tearDown -->
        <test-method is-config="true" signature="setup(java.lang.reflect.Method)[pri:0, instance:tests.WidgetsTests@2421cc4]" started-at="2025-09-24T10:02:30 IST" name="setup" finished-at="2025-09-24T10:02:34 IST" duration-ms="4212" status="PASS">
          <params>
            <param index="0">
              <value>
                <![CDATA[public void tests.WidgetsTests.AutoCompleteSearch(models.ColorSelectionData)]]>
              </value>
            </param>
          </params>
          <reporter-output>
          </reporter-output>
        </test-method> <!-- setup -->
        <test-method signature="AutoCompleteSearch(models.ColorSelectionData)[pri:7, instance:tests.WidgetsTests@2421cc4]" started-at="2025-09-24T10:02:34 IST" name="AutoCompleteSearch" data-provider="ColorSelectionData" finished-at="2025-09-24T10:02:37 IST" duration-ms="3316" status="PASS">
          <params>
            <param index="0">
              <value>
                <![CDATA[ColorSelectionData{searchFor='W', expectedColors=[Yellow, White]}]]>
              </value>
            </param>
          </params>
          <reporter-output>
          </reporter-output>
        </test-method> <!-- AutoCompleteSearch -->
        <test-method is-config="true" signature="tearDown(org.testng.ITestResult)[pri:0, instance:tests.WidgetsTests@2421cc4]" started-at="2025-09-24T10:02:37 IST" name="tearDown" finished-at="2025-09-24T10:02:38 IST" duration-ms="480" status="PASS">
          <params>
            <param index="0">
              <value>
                <![CDATA[[TestResult name=AutoCompleteSearch status=SUCCESS method=WidgetsTests.AutoCompleteSearch(models.ColorSelectionData)[pri:7, instance:tests.WidgetsTests@2421cc4] output={null}]]]>
              </value>
            </param>
          </params>
          <reporter-output>
          </reporter-output>
        </test-method> <!-- tearDown -->
        <test-method is-config="true" signature="setup(java.lang.reflect.Method)[pri:0, instance:tests.WidgetsTests@2421cc4]" started-at="2025-09-24T10:02:38 IST" name="setup" finished-at="2025-09-24T10:02:42 IST" duration-ms="4355" status="PASS">
          <params>
            <param index="0">
              <value>
                <![CDATA[public void tests.WidgetsTests.AutoCompleteSearch(models.ColorSelectionData)]]>
              </value>
            </param>
          </params>
          <reporter-output>
          </reporter-output>
        </test-method> <!-- setup -->
        <test-method signature="AutoCompleteSearch(models.ColorSelectionData)[pri:7, instance:tests.WidgetsTests@2421cc4]" started-at="2025-09-24T10:02:42 IST" name="AutoCompleteSearch" data-provider="ColorSelectionData" finished-at="2025-09-24T10:02:46 IST" duration-ms="3784" status="PASS">
          <params>
            <param index="0">
              <value>
                <![CDATA[ColorSelectionData{searchFor='Y', expectedColors=[Yellow]}]]>
              </value>
            </param>
          </params>
          <reporter-output>
          </reporter-output>
        </test-method> <!-- AutoCompleteSearch -->
        <test-method is-config="true" signature="tearDown(org.testng.ITestResult)[pri:0, instance:tests.WidgetsTests@2421cc4]" started-at="2025-09-24T10:02:46 IST" name="tearDown" finished-at="2025-09-24T10:07:49 IST" duration-ms="302906" status="PASS">
          <params>
            <param index="0">
              <value>
                <![CDATA[[TestResult name=AutoCompleteSearch status=SUCCESS method=WidgetsTests.AutoCompleteSearch(models.ColorSelectionData)[pri:7, instance:tests.WidgetsTests@2421cc4] output={null}]]]>
              </value>
            </param>
          </params>
          <reporter-output>
          </reporter-output>
        </test-method> <!-- tearDown -->
        <test-method is-config="true" signature="setup(java.lang.reflect.Method)[pri:0, instance:tests.WidgetsTests@2421cc4]" started-at="2025-09-24T10:07:49 IST" name="setup" finished-at="2025-09-24T10:07:53 IST" duration-ms="4232" status="PASS">
          <params>
            <param index="0">
              <value>
                <![CDATA[public void tests.WidgetsTests.AutoCompleteSearchRemove(models.ColorSelectionData) throws java.io.IOException]]>
              </value>
            </param>
          </params>
          <reporter-output>
          </reporter-output>
        </test-method> <!-- setup -->
        <test-method signature="AutoCompleteSearchRemove(models.ColorSelectionData)[pri:8, instance:tests.WidgetsTests@2421cc4]" started-at="2025-09-24T10:07:53 IST" name="AutoCompleteSearchRemove" data-provider="ColorSelectionDataRemove" finished-at="2025-09-24T10:08:26 IST" duration-ms="32765" status="PASS">
          <params>
            <param index="0">
              <value>
                <![CDATA[ColorSelectionData{searchFor='E', expectedColors=[Green, Yellow]}]]>
              </value>
            </param>
          </params>
          <reporter-output>
          </reporter-output>
        </test-method> <!-- AutoCompleteSearchRemove -->
        <test-method is-config="true" signature="tearDown(org.testng.ITestResult)[pri:0, instance:tests.WidgetsTests@2421cc4]" started-at="2025-09-24T10:08:26 IST" name="tearDown" finished-at="2025-09-24T10:08:26 IST" duration-ms="341" status="PASS">
          <params>
            <param index="0">
              <value>
                <![CDATA[[TestResult name=AutoCompleteSearchRemove status=SUCCESS method=WidgetsTests.AutoCompleteSearchRemove(models.ColorSelectionData)[pri:8, instance:tests.WidgetsTests@2421cc4] output={null}]]]>
              </value>
            </param>
          </params>
          <reporter-output>
          </reporter-output>
        </test-method> <!-- tearDown -->
        <test-method is-config="true" signature="setup(java.lang.reflect.Method)[pri:0, instance:tests.WidgetsTests@2421cc4]" started-at="2025-09-24T10:08:26 IST" name="setup" finished-at="2025-09-24T10:08:30 IST" duration-ms="4211" status="PASS">
          <params>
            <param index="0">
              <value>
                <![CDATA[public void tests.WidgetsTests.AutoCompleteSingle(java.lang.String,java.lang.String)]]>
              </value>
            </param>
          </params>
          <reporter-output>
          </reporter-output>
        </test-method> <!-- setup -->
        <test-method signature="AutoCompleteSingle(java.lang.String,java.lang.String)[pri:9, instance:tests.WidgetsTests@2421cc4]" started-at="2025-09-24T10:08:30 IST" name="AutoCompleteSingle" data-provider="SingleColorData" finished-at="2025-09-24T10:08:36 IST" duration-ms="6048" status="PASS">
          <params>
            <param index="0">
              <value>
                <![CDATA[E]]>
              </value>
            </param>
            <param index="1">
              <value>
                <![CDATA[Green]]>
              </value>
            </param>
          </params>
          <reporter-output>
          </reporter-output>
        </test-method> <!-- AutoCompleteSingle -->
        <test-method is-config="true" signature="tearDown(org.testng.ITestResult)[pri:0, instance:tests.WidgetsTests@2421cc4]" started-at="2025-09-24T10:08:36 IST" name="tearDown" finished-at="2025-09-24T10:08:37 IST" duration-ms="407" status="PASS">
          <params>
            <param index="0">
              <value>
                <![CDATA[[TestResult name=AutoCompleteSingle status=SUCCESS method=WidgetsTests.AutoCompleteSingle(java.lang.String,java.lang.String)[pri:9, instance:tests.WidgetsTests@2421cc4] output={null}]]]>
              </value>
            </param>
          </params>
          <reporter-output>
          </reporter-output>
        </test-method> <!-- tearDown -->
        <test-method is-config="true" signature="setup(java.lang.reflect.Method)[pri:0, instance:tests.WidgetsTests@2421cc4]" started-at="2025-09-24T10:08:37 IST" name="setup" finished-at="2025-09-24T10:08:41 IST" duration-ms="4221" status="PASS">
          <params>
            <param index="0">
              <value>
                <![CDATA[public void tests.WidgetsTests.SingleAddRemove(java.lang.String,java.lang.String)]]>
              </value>
            </param>
          </params>
          <reporter-output>
          </reporter-output>
        </test-method> <!-- setup -->
        <test-method signature="SingleAddRemove(java.lang.String,java.lang.String)[pri:10, instance:tests.WidgetsTests@2421cc4]" started-at="2025-09-24T10:08:41 IST" name="SingleAddRemove" data-provider="SingleColorData" finished-at="2025-09-24T10:08:47 IST" duration-ms="5888" status="PASS">
          <params>
            <param index="0">
              <value>
                <![CDATA[E]]>
              </value>
            </param>
            <param index="1">
              <value>
                <![CDATA[Green]]>
              </value>
            </param>
          </params>
          <reporter-output>
          </reporter-output>
        </test-method> <!-- SingleAddRemove -->
        <test-method is-config="true" signature="tearDown(org.testng.ITestResult)[pri:0, instance:tests.WidgetsTests@2421cc4]" started-at="2025-09-24T10:08:47 IST" name="tearDown" finished-at="2025-09-24T10:08:47 IST" duration-ms="398" status="PASS">
          <params>
            <param index="0">
              <value>
                <![CDATA[[TestResult name=SingleAddRemove status=SUCCESS method=WidgetsTests.SingleAddRemove(java.lang.String,java.lang.String)[pri:10, instance:tests.WidgetsTests@2421cc4] output={null}]]]>
              </value>
            </param>
          </params>
          <reporter-output>
          </reporter-output>
        </test-method> <!-- tearDown -->
        <test-method is-config="true" signature="setup(java.lang.reflect.Method)[pri:0, instance:tests.WidgetsTests@2421cc4]" started-at="2025-09-24T10:08:47 IST" name="setup" finished-at="2025-09-24T10:08:51 IST" duration-ms="4237" status="PASS">
          <params>
            <param index="0">
              <value>
                <![CDATA[public void tests.WidgetsTests.ClickDatePicker()]]>
              </value>
            </param>
          </params>
          <reporter-output>
          </reporter-output>
        </test-method> <!-- setup -->
        <test-method signature="ClickDatePicker()[pri:11, instance:tests.WidgetsTests@2421cc4]" started-at="2025-09-24T10:08:51 IST" name="ClickDatePicker" finished-at="2025-09-24T10:08:52 IST" duration-ms="562" status="PASS">
          <reporter-output>
          </reporter-output>
        </test-method> <!-- ClickDatePicker -->
        <test-method is-config="true" signature="tearDown(org.testng.ITestResult)[pri:0, instance:tests.WidgetsTests@2421cc4]" started-at="2025-09-24T10:08:52 IST" name="tearDown" finished-at="2025-09-24T10:08:52 IST" duration-ms="347" status="PASS">
          <params>
            <param index="0">
              <value>
                <![CDATA[[TestResult name=ClickDatePicker status=SUCCESS method=WidgetsTests.ClickDatePicker()[pri:11, instance:tests.WidgetsTests@2421cc4] output={null}]]]>
              </value>
            </param>
          </params>
          <reporter-output>
          </reporter-output>
        </test-method> <!-- tearDown -->
        <test-method is-config="true" signature="setup(java.lang.reflect.Method)[pri:0, instance:tests.WidgetsTests@2421cc4]" started-at="2025-09-24T10:08:52 IST" name="setup" finished-at="2025-09-24T10:08:56 IST" duration-ms="4120" status="PASS">
          <params>
            <param index="0">
              <value>
                <![CDATA[public void tests.WidgetsTests.SelectDate(models.UserFormData)]]>
              </value>
            </param>
          </params>
          <reporter-output>
          </reporter-output>
        </test-method> <!-- setup -->
        <test-method signature="SelectDate(models.UserFormData)[pri:12, instance:tests.WidgetsTests@2421cc4]" started-at="2025-09-24T10:08:56 IST" name="SelectDate" data-provider="DateSource" finished-at="2025-09-24T10:08:59 IST" duration-ms="2542" status="PASS">
          <params>
            <param index="0">
              <value>
                <![CDATA[UserFormData{firstName='Johny', lastName='Bravo', userMail='Jbravo@demoqa.com', gender='Male', mobile='9.238343488E9', dob='15/08/2000', dobTime='6:45:00 am', subject='Computer Science', hobbies='Sports,Music', picturePath='/TestData/Mphoto.jpg', address='511 Grant 481, Prattsville\n Arkansas 72129\n United States', state='NCR', city='Delhi'}]]>
              </value>
            </param>
          </params>
          <reporter-output>
          </reporter-output>
        </test-method> <!-- SelectDate -->
        <test-method is-config="true" signature="tearDown(org.testng.ITestResult)[pri:0, instance:tests.WidgetsTests@2421cc4]" started-at="2025-09-24T10:08:59 IST" name="tearDown" finished-at="2025-09-24T10:08:59 IST" duration-ms="424" status="PASS">
          <params>
            <param index="0">
              <value>
                <![CDATA[[TestResult name=SelectDate status=SUCCESS method=WidgetsTests.SelectDate(models.UserFormData)[pri:12, instance:tests.WidgetsTests@2421cc4] output={null}]]]>
              </value>
            </param>
          </params>
          <reporter-output>
          </reporter-output>
        </test-method> <!-- tearDown -->
        <test-method is-config="true" signature="setup(java.lang.reflect.Method)[pri:0, instance:tests.WidgetsTests@2421cc4]" started-at="2025-09-24T10:08:59 IST" name="setup" finished-at="2025-09-24T10:09:04 IST" duration-ms="4202" status="PASS">
          <params>
            <param index="0">
              <value>
                <![CDATA[public void tests.WidgetsTests.SelectDate(models.UserFormData)]]>
              </value>
            </param>
          </params>
          <reporter-output>
          </reporter-output>
        </test-method> <!-- setup -->
        <test-method signature="SelectDate(models.UserFormData)[pri:12, instance:tests.WidgetsTests@2421cc4]" started-at="2025-09-24T10:09:04 IST" name="SelectDate" data-provider="DateSource" finished-at="2025-09-24T10:09:07 IST" duration-ms="3161" status="PASS">
          <params>
            <param index="0">
              <value>
                <![CDATA[UserFormData{firstName='Gene', lastName='Femina', userMail='GFemina@demoqa.com', gender='Female', mobile='1.888343432E9', dob='22/05/2002', dobTime='4:30:00 pm', subject='Accounting', hobbies='Music,Reading', picturePath='/TestData/Fphoto.png', address='512 Grant 481, Prattsville\n Arkansas 72129\n United States', state='Uttar Pradesh', city='Merrut'}]]>
              </value>
            </param>
          </params>
          <reporter-output>
          </reporter-output>
        </test-method> <!-- SelectDate -->
        <test-method is-config="true" signature="tearDown(org.testng.ITestResult)[pri:0, instance:tests.WidgetsTests@2421cc4]" started-at="2025-09-24T10:09:07 IST" name="tearDown" finished-at="2025-09-24T10:09:07 IST" duration-ms="448" status="PASS">
          <params>
            <param index="0">
              <value>
                <![CDATA[[TestResult name=SelectDate status=SUCCESS method=WidgetsTests.SelectDate(models.UserFormData)[pri:12, instance:tests.WidgetsTests@2421cc4] output={null}]]]>
              </value>
            </param>
          </params>
          <reporter-output>
          </reporter-output>
        </test-method> <!-- tearDown -->
        <test-method is-config="true" signature="setup(java.lang.reflect.Method)[pri:0, instance:tests.WidgetsTests@2421cc4]" started-at="2025-09-24T10:09:07 IST" name="setup" finished-at="2025-09-24T10:09:11 IST" duration-ms="3928" status="PASS">
          <params>
            <param index="0">
              <value>
                <![CDATA[public void tests.WidgetsTests.SelectDate(models.UserFormData)]]>
              </value>
            </param>
          </params>
          <reporter-output>
          </reporter-output>
        </test-method> <!-- setup -->
        <test-method signature="SelectDate(models.UserFormData)[pri:12, instance:tests.WidgetsTests@2421cc4]" started-at="2025-09-24T10:09:11 IST" name="SelectDate" data-provider="DateSource" finished-at="2025-09-24T10:09:15 IST" duration-ms="3315" status="PASS">
          <params>
            <param index="0">
              <value>
                <![CDATA[UserFormData{firstName='Bud', lastName='Wisem', userMail='BWisem@demoqa.com', gender='Other', mobile='8.932465432E9', dob='31/12/1999', dobTime='8:45:00 pm', subject='Biology', hobbies='Reading', picturePath='/TestData/Ophoto.jpg', address='513 Grant 481, Prattsville\n Arkansas 72129\n United States', state='Haryana', city='Panipat'}]]>
              </value>
            </param>
          </params>
          <reporter-output>
          </reporter-output>
        </test-method> <!-- SelectDate -->
        <test-method is-config="true" signature="tearDown(org.testng.ITestResult)[pri:0, instance:tests.WidgetsTests@2421cc4]" started-at="2025-09-24T10:09:15 IST" name="tearDown" finished-at="2025-09-24T10:09:15 IST" duration-ms="432" status="PASS">
          <params>
            <param index="0">
              <value>
                <![CDATA[[TestResult name=SelectDate status=SUCCESS method=WidgetsTests.SelectDate(models.UserFormData)[pri:12, instance:tests.WidgetsTests@2421cc4] output={null}]]]>
              </value>
            </param>
          </params>
          <reporter-output>
          </reporter-output>
        </test-method> <!-- tearDown -->
        <test-method is-config="true" signature="setup(java.lang.reflect.Method)[pri:0, instance:tests.WidgetsTests@2421cc4]" started-at="2025-09-24T10:09:15 IST" name="setup" finished-at="2025-09-24T10:09:19 IST" duration-ms="4170" status="PASS">
          <params>
            <param index="0">
              <value>
                <![CDATA[public void tests.WidgetsTests.SelectDate(models.UserFormData)]]>
              </value>
            </param>
          </params>
          <reporter-output>
          </reporter-output>
        </test-method> <!-- setup -->
        <test-method signature="SelectDate(models.UserFormData)[pri:12, instance:tests.WidgetsTests@2421cc4]" started-at="2025-09-24T10:09:19 IST" name="SelectDate" data-provider="DateSource" finished-at="2025-09-24T10:09:22 IST" duration-ms="2806" status="PASS">
          <params>
            <param index="0">
              <value>
                <![CDATA[UserFormData{firstName='Tom', lastName='Boss', userMail='TBoss@demoqa.com', gender='Male', mobile='7.839875281E9', dob='1/26/03', dobTime='5:45:00 am', subject='Social Studies', hobbies='Sports,Reading', picturePath='/TestData/M2photo.jpg', address='514 Grant 481, Prattsville\n Arkansas 72129\n United States', state='Rajasthan', city='Jaiselmer'}]]>
              </value>
            </param>
          </params>
          <reporter-output>
          </reporter-output>
        </test-method> <!-- SelectDate -->
        <test-method is-config="true" signature="tearDown(org.testng.ITestResult)[pri:0, instance:tests.WidgetsTests@2421cc4]" started-at="2025-09-24T10:09:22 IST" name="tearDown" finished-at="2025-09-24T10:09:22 IST" duration-ms="486" status="PASS">
          <params>
            <param index="0">
              <value>
                <![CDATA[[TestResult name=SelectDate status=SUCCESS method=WidgetsTests.SelectDate(models.UserFormData)[pri:12, instance:tests.WidgetsTests@2421cc4] output={null}]]]>
              </value>
            </param>
          </params>
          <reporter-output>
          </reporter-output>
        </test-method> <!-- tearDown -->
        <test-method is-config="true" signature="setup(java.lang.reflect.Method)[pri:0, instance:tests.WidgetsTests@2421cc4]" started-at="2025-09-24T10:09:22 IST" name="setup" finished-at="2025-09-24T10:09:27 IST" duration-ms="4289" status="PASS">
          <params>
            <param index="0">
              <value>
                <![CDATA[public void tests.WidgetsTests.SelectDateAndTime(models.UserFormData)]]>
              </value>
            </param>
          </params>
          <reporter-output>
          </reporter-output>
        </test-method> <!-- setup -->
        <test-method signature="SelectDateAndTime(models.UserFormData)[pri:13, instance:tests.WidgetsTests@2421cc4]" started-at="2025-09-24T10:09:27 IST" name="SelectDateAndTime" data-provider="DateSource" finished-at="2025-09-24T10:09:51 IST" duration-ms="24541" status="PASS">
          <params>
            <param index="0">
              <value>
                <![CDATA[UserFormData{firstName='Johny', lastName='Bravo', userMail='Jbravo@demoqa.com', gender='Male', mobile='9.238343488E9', dob='15/08/2000', dobTime='6:45:00 am', subject='Computer Science', hobbies='Sports,Music', picturePath='/TestData/Mphoto.jpg', address='511 Grant 481, Prattsville\n Arkansas 72129\n United States', state='NCR', city='Delhi'}]]>
              </value>
            </param>
          </params>
          <reporter-output>
          </reporter-output>
        </test-method> <!-- SelectDateAndTime -->
        <test-method is-config="true" signature="tearDown(org.testng.ITestResult)[pri:0, instance:tests.WidgetsTests@2421cc4]" started-at="2025-09-24T10:09:51 IST" name="tearDown" finished-at="2025-09-24T10:09:52 IST" duration-ms="398" status="PASS">
          <params>
            <param index="0">
              <value>
                <![CDATA[[TestResult name=SelectDateAndTime status=SUCCESS method=WidgetsTests.SelectDateAndTime(models.UserFormData)[pri:13, instance:tests.WidgetsTests@2421cc4] output={null}]]]>
              </value>
            </param>
          </params>
          <reporter-output>
          </reporter-output>
        </test-method> <!-- tearDown -->
        <test-method is-config="true" signature="setup(java.lang.reflect.Method)[pri:0, instance:tests.WidgetsTests@2421cc4]" started-at="2025-09-24T10:09:52 IST" name="setup" finished-at="2025-09-24T10:09:56 IST" duration-ms="4189" status="PASS">
          <params>
            <param index="0">
              <value>
                <![CDATA[public void tests.WidgetsTests.SelectDateAndTime(models.UserFormData)]]>
              </value>
            </param>
          </params>
          <reporter-output>
          </reporter-output>
        </test-method> <!-- setup -->
        <test-method signature="SelectDateAndTime(models.UserFormData)[pri:13, instance:tests.WidgetsTests@2421cc4]" started-at="2025-09-24T10:09:56 IST" name="SelectDateAndTime" data-provider="DateSource" finished-at="2025-09-24T10:10:15 IST" duration-ms="19113" status="PASS">
          <params>
[...]
          <params>
            <param index="0">
              <value>
                <![CDATA[public void tests.AlertsFramesWindowsTests.ClickAcceptConfirmationBox()]]>
              </value>
            </param>
          </params>
          <reporter-output>
          </reporter-output>
        </test-method> <!-- setup -->
        <test-method signature="ClickAcceptConfirmationBox()[pri:8, instance:tests.AlertsFramesWindowsTests@68df9280]" started-at="2025-09-24T09:18:11 IST" name="ClickAcceptConfirmationBox" finished-at="2025-09-24T09:18:18 IST" duration-ms="6804" status="PASS">
          <reporter-output>
          </reporter-output>
        </test-method> <!-- ClickAcceptConfirmationBox -->
        <test-method is-config="true" signature="tearDown(org.testng.ITestResult)[pri:0, instance:tests.AlertsFramesWindowsTests@68df9280]" started-at="2025-09-24T09:18:18 IST" name="tearDown" finished-at="2025-09-24T09:18:18 IST" duration-ms="435" status="PASS">
          <params>
            <param index="0">
              <value>
                <![CDATA[[TestResult name=ClickAcceptConfirmationBox status=SUCCESS method=AlertsFramesWindowsTests.ClickAcceptConfirmationBox()[pri:8, instance:tests.AlertsFramesWindowsTests@68df9280] output={null}]]]>
              </value>
            </param>
          </params>
          <reporter-output>
          </reporter-output>
        </test-method> <!-- tearDown -->
        <test-method is-config="true" signature="setup(java.lang.reflect.Method)[pri:0, instance:tests.AlertsFramesWindowsTests@68df9280]" started-at="2025-09-24T09:18:18 IST" name="setup" finished-at="2025-09-24T09:18:22 IST" duration-ms="3816" status="PASS">
          <params>
            <param index="0">
              <value>
                <![CDATA[public void tests.AlertsFramesWindowsTests.ClickDenyConfirmationBox()]]>
              </value>
            </param>
          </params>
          <reporter-output>
          </reporter-output>
        </test-method> <!-- setup -->
        <test-method signature="ClickDenyConfirmationBox()[pri:8, instance:tests.AlertsFramesWindowsTests@68df9280]" started-at="2025-09-24T09:18:22 IST" name="ClickDenyConfirmationBox" finished-at="2025-09-24T09:18:53 IST" duration-ms="30936" status="PASS">
          <reporter-output>
          </reporter-output>
        </test-method> <!-- ClickDenyConfirmationBox -->
        <test-method is-config="true" signature="tearDown(org.testng.ITestResult)[pri:0, instance:tests.AlertsFramesWindowsTests@68df9280]" started-at="2025-09-24T09:18:53 IST" name="tearDown" finished-at="2025-09-24T09:18:53 IST" duration-ms="439" status="PASS">
          <params>
            <param index="0">
              <value>
                <![CDATA[[TestResult name=ClickDenyConfirmationBox status=SUCCESS method=AlertsFramesWindowsTests.ClickDenyConfirmationBox()[pri:8, instance:tests.AlertsFramesWindowsTests@68df9280] output={null}]]]>
              </value>
            </param>
          </params>
          <reporter-output>
          </reporter-output>
        </test-method> <!-- tearDown -->
        <test-method is-config="true" signature="setup(java.lang.reflect.Method)[pri:0, instance:tests.AlertsFramesWindowsTests@68df9280]" started-at="2025-09-24T09:18:53 IST" name="setup" finished-at="2025-09-24T09:18:57 IST" duration-ms="3814" status="PASS">
          <params>
            <param index="0">
              <value>
                <![CDATA[public void tests.AlertsFramesWindowsTests.ClickPromptBoxFill()]]>
              </value>
            </param>
          </params>
          <reporter-output>
          </reporter-output>
        </test-method> <!-- setup -->
        <test-method signature="ClickPromptBoxFill()[pri:9, instance:tests.AlertsFramesWindowsTests@68df9280]" started-at="2025-09-24T09:18:57 IST" name="ClickPromptBoxFill" finished-at="2025-09-24T09:19:06 IST" duration-ms="9214" status="PASS">
          <reporter-output>
          </reporter-output>
        </test-method> <!-- ClickPromptBoxFill -->
        <test-method is-config="true" signature="tearDown(org.testng.ITestResult)[pri:0, instance:tests.AlertsFramesWindowsTests@68df9280]" started-at="2025-09-24T09:19:06 IST" name="tearDown" finished-at="2025-09-24T09:19:07 IST" duration-ms="410" status="PASS">
          <params>
            <param index="0">
              <value>
                <![CDATA[[TestResult name=ClickPromptBoxFill status=SUCCESS method=AlertsFramesWindowsTests.ClickPromptBoxFill()[pri:9, instance:tests.AlertsFramesWindowsTests@68df9280] output={null}]]]>
              </value>
            </param>
          </params>
          <reporter-output>
          </reporter-output>
        </test-method> <!-- tearDown -->
        <test-method is-config="true" signature="setup(java.lang.reflect.Method)[pri:0, instance:tests.AlertsFramesWindowsTests@68df9280]" started-at="2025-09-24T09:19:07 IST" name="setup" finished-at="2025-09-24T09:19:10 IST" duration-ms="3453" status="PASS">
          <params>
            <param index="0">
              <value>
                <![CDATA[public void tests.AlertsFramesWindowsTests.ClickFrames()]]>
              </value>
            </param>
          </params>
          <reporter-output>
          </reporter-output>
        </test-method> <!-- setup -->
        <test-method signature="ClickFrames()[pri:10, instance:tests.AlertsFramesWindowsTests@68df9280]" started-at="2025-09-24T09:19:10 IST" name="ClickFrames" finished-at="2025-09-24T09:19:11 IST" duration-ms="976" status="PASS">
          <reporter-output>
          </reporter-output>
        </test-method> <!-- ClickFrames -->
        <test-method is-config="true" signature="tearDown(org.testng.ITestResult)[pri:0, instance:tests.AlertsFramesWindowsTests@68df9280]" started-at="2025-09-24T09:19:11 IST" name="tearDown" finished-at="2025-09-24T09:19:11 IST" duration-ms="355" status="PASS">
          <params>
            <param index="0">
              <value>
                <![CDATA[[TestResult name=ClickFrames status=SUCCESS method=AlertsFramesWindowsTests.ClickFrames()[pri:10, instance:tests.AlertsFramesWindowsTests@68df9280] output={null}]]]>
              </value>
            </param>
          </params>
          <reporter-output>
          </reporter-output>
        </test-method> <!-- tearDown -->
        <test-method is-config="true" signature="setup(java.lang.reflect.Method)[pri:0, instance:tests.AlertsFramesWindowsTests@68df9280]" started-at="2025-09-24T09:19:11 IST" name="setup" finished-at="2025-09-24T09:19:15 IST" duration-ms="3844" status="PASS">
          <params>
            <param index="0">
              <value>
                <![CDATA[public void tests.AlertsFramesWindowsTests.GetFrame1()]]>
              </value>
            </param>
          </params>
          <reporter-output>
          </reporter-output>
        </test-method> <!-- setup -->
        <test-method signature="GetFrame1()[pri:11, instance:tests.AlertsFramesWindowsTests@68df9280]" started-at="2025-09-24T09:19:15 IST" name="GetFrame1" finished-at="2025-09-24T09:19:18 IST" duration-ms="2948" status="PASS">
          <reporter-output>
          </reporter-output>
        </test-method> <!-- GetFrame1 -->
        <test-method is-config="true" signature="tearDown(org.testng.ITestResult)[pri:0, instance:tests.AlertsFramesWindowsTests@68df9280]" started-at="2025-09-24T09:19:18 IST" name="tearDown" finished-at="2025-09-24T09:19:19 IST" duration-ms="481" status="PASS">
          <params>
            <param index="0">
              <value>
                <![CDATA[[TestResult name=GetFrame1 status=SUCCESS method=AlertsFramesWindowsTests.GetFrame1()[pri:11, instance:tests.AlertsFramesWindowsTests@68df9280] output={null}]]]>
              </value>
            </param>
          </params>
          <reporter-output>
          </reporter-output>
        </test-method> <!-- tearDown -->
        <test-method is-config="true" signature="setup(java.lang.reflect.Method)[pri:0, instance:tests.AlertsFramesWindowsTests@68df9280]" started-at="2025-09-24T09:19:19 IST" name="setup" finished-at="2025-09-24T09:19:22 IST" duration-ms="3653" status="PASS">
          <params>
            <param index="0">
              <value>
                <![CDATA[public void tests.AlertsFramesWindowsTests.GetFrame2()]]>
              </value>
            </param>
          </params>
          <reporter-output>
          </reporter-output>
        </test-method> <!-- setup -->
        <test-method signature="GetFrame2()[pri:12, instance:tests.AlertsFramesWindowsTests@68df9280]" started-at="2025-09-24T09:19:22 IST" name="GetFrame2" finished-at="2025-09-24T09:19:25 IST" duration-ms="2722" status="PASS">
          <reporter-output>
          </reporter-output>
        </test-method> <!-- GetFrame2 -->
        <test-method is-config="true" signature="tearDown(org.testng.ITestResult)[pri:0, instance:tests.AlertsFramesWindowsTests@68df9280]" started-at="2025-09-24T09:19:25 IST" name="tearDown" finished-at="2025-09-24T09:19:26 IST" duration-ms="452" status="PASS">
          <params>
            <param index="0">
              <value>
                <![CDATA[[TestResult name=GetFrame2 status=SUCCESS method=AlertsFramesWindowsTests.GetFrame2()[pri:12, instance:tests.AlertsFramesWindowsTests@68df9280] output={null}]]]>
              </value>
            </param>
          </params>
          <reporter-output>
          </reporter-output>
        </test-method> <!-- tearDown -->
        <test-method is-config="true" signature="setup(java.lang.reflect.Method)[pri:0, instance:tests.AlertsFramesWindowsTests@68df9280]" started-at="2025-09-24T09:19:26 IST" name="setup" finished-at="2025-09-24T09:19:29 IST" duration-ms="3860" status="PASS">
          <params>
            <param index="0">
              <value>
                <![CDATA[public void tests.AlertsFramesWindowsTests.ClickModalDialogs()]]>
              </value>
            </param>
          </params>
          <reporter-output>
          </reporter-output>
        </test-method> <!-- setup -->
        <test-method signature="ClickModalDialogs()[pri:13, instance:tests.AlertsFramesWindowsTests@68df9280]" started-at="2025-09-24T09:19:29 IST" name="ClickModalDialogs" finished-at="2025-09-24T09:19:30 IST" duration-ms="663" status="PASS">
          <reporter-output>
          </reporter-output>
        </test-method> <!-- ClickModalDialogs -->
        <test-method is-config="true" signature="tearDown(org.testng.ITestResult)[pri:0, instance:tests.AlertsFramesWindowsTests@68df9280]" started-at="2025-09-24T09:19:30 IST" name="tearDown" finished-at="2025-09-24T09:19:30 IST" duration-ms="322" status="PASS">
          <params>
            <param index="0">
              <value>
                <![CDATA[[TestResult name=ClickModalDialogs status=SUCCESS method=AlertsFramesWindowsTests.ClickModalDialogs()[pri:13, instance:tests.AlertsFramesWindowsTests@68df9280] output={null}]]]>
              </value>
            </param>
          </params>
          <reporter-output>
          </reporter-output>
        </test-method> <!-- tearDown -->
        <test-method is-config="true" signature="setup(java.lang.reflect.Method)[pri:0, instance:tests.AlertsFramesWindowsTests@68df9280]" started-at="2025-09-24T09:19:30 IST" name="setup" finished-at="2025-09-24T09:19:37 IST" duration-ms="7079" status="PASS">
          <params>
            <param index="0">
              <value>
                <![CDATA[public void tests.AlertsFramesWindowsTests.ClickNestedFrames()]]>
              </value>
            </param>
          </params>
          <reporter-output>
          </reporter-output>
        </test-method> <!-- setup -->
        <test-method signature="ClickNestedFrames()[pri:13, instance:tests.AlertsFramesWindowsTests@68df9280]" started-at="2025-09-24T09:19:37 IST" name="ClickNestedFrames" finished-at="2025-09-24T09:19:40 IST" duration-ms="2940" status="PASS">
          <reporter-output>
          </reporter-output>
        </test-method> <!-- ClickNestedFrames -->
        <test-method is-config="true" signature="tearDown(org.testng.ITestResult)[pri:0, instance:tests.AlertsFramesWindowsTests@68df9280]" started-at="2025-09-24T09:19:40 IST" name="tearDown" finished-at="2025-09-24T09:19:41 IST" duration-ms="367" status="PASS">
          <params>
            <param index="0">
              <value>
                <![CDATA[[TestResult name=ClickNestedFrames status=SUCCESS method=AlertsFramesWindowsTests.ClickNestedFrames()[pri:13, instance:tests.AlertsFramesWindowsTests@68df9280] output={null}]]]>
              </value>
            </param>
          </params>
          <reporter-output>
          </reporter-output>
        </test-method> <!-- tearDown -->
        <test-method is-config="true" signature="setup(java.lang.reflect.Method)[pri:0, instance:tests.AlertsFramesWindowsTests@68df9280]" started-at="2025-09-24T09:19:41 IST" name="setup" finished-at="2025-09-24T09:19:45 IST" duration-ms="3962" status="PASS">
          <params>
            <param index="0">
              <value>
                <![CDATA[public void tests.AlertsFramesWindowsTests.ClickLargeModal()]]>
              </value>
            </param>
          </params>
          <reporter-output>
          </reporter-output>
        </test-method> <!-- setup -->
        <test-method signature="ClickLargeModal()[pri:14, instance:tests.AlertsFramesWindowsTests@68df9280]" started-at="2025-09-24T09:19:45 IST" name="ClickLargeModal" finished-at="2025-09-24T09:19:51 IST" duration-ms="5955" status="PASS">
          <reporter-output>
          </reporter-output>
        </test-method> <!-- ClickLargeModal -->
        <test-method is-config="true" signature="tearDown(org.testng.ITestResult)[pri:0, instance:tests.AlertsFramesWindowsTests@68df9280]" started-at="2025-09-24T09:19:51 IST" name="tearDown" finished-at="2025-09-24T09:19:51 IST" duration-ms="413" status="PASS">
          <params>
            <param index="0">
              <value>
                <![CDATA[[TestResult name=ClickLargeModal status=SUCCESS method=AlertsFramesWindowsTests.ClickLargeModal()[pri:14, instance:tests.AlertsFramesWindowsTests@68df9280] output={null}]]]>
              </value>
            </param>
          </params>
          <reporter-output>
          </reporter-output>
        </test-method> <!-- tearDown -->
        <test-method is-config="true" signature="setup(java.lang.reflect.Method)[pri:0, instance:tests.AlertsFramesWindowsTests@68df9280]" started-at="2025-09-24T09:19:51 IST" name="setup" finished-at="2025-09-24T09:19:55 IST" duration-ms="3722" status="PASS">
          <params>
            <param index="0">
              <value>
                <![CDATA[public void tests.AlertsFramesWindowsTests.ClickSmallModal()]]>
              </value>
            </param>
          </params>
          <reporter-output>
          </reporter-output>
        </test-method> <!-- setup -->
        <test-method signature="ClickSmallModal()[pri:14, instance:tests.AlertsFramesWindowsTests@68df9280]" started-at="2025-09-24T09:19:55 IST" name="ClickSmallModal" finished-at="2025-09-24T09:19:59 IST" duration-ms="3852" status="PASS">
          <reporter-output>
          </reporter-output>
        </test-method> <!-- ClickSmallModal -->
        <test-method is-config="true" signature="tearDown(org.testng.ITestResult)[pri:0, instance:tests.AlertsFramesWindowsTests@68df9280]" started-at="2025-09-24T09:19:59 IST" name="tearDown" finished-at="2025-09-24T09:19:59 IST" duration-ms="538" status="PASS">
          <params>
            <param index="0">
              <value>
                <![CDATA[[TestResult name=ClickSmallModal status=SUCCESS method=AlertsFramesWindowsTests.ClickSmallModal()[pri:14, instance:tests.AlertsFramesWindowsTests@68df9280] output={null}]]]>
              </value>
            </param>
          </params>
          <reporter-output>
          </reporter-output>
        </test-method> <!-- tearDown -->
        <test-method is-config="true" signature="setup(java.lang.reflect.Method)[pri:0, instance:tests.AlertsFramesWindowsTests@68df9280]" started-at="2025-09-24T09:19:59 IST" name="setup" finished-at="2025-09-24T09:20:03 IST" duration-ms="4009" status="PASS">
          <params>
            <param index="0">
              <value>
                <![CDATA[public void tests.AlertsFramesWindowsTests.GetParentFrame()]]>
              </value>
            </param>
          </params>
          <reporter-output>
          </reporter-output>
        </test-method> <!-- setup -->
        <test-method signature="GetParentFrame()[pri:14, instance:tests.AlertsFramesWindowsTests@68df9280]" started-at="2025-09-24T09:20:03 IST" name="GetParentFrame" finished-at="2025-09-24T09:20:08 IST" duration-ms="5185" status="PASS">
          <reporter-output>
          </reporter-output>
        </test-method> <!-- GetParentFrame -->
        <test-method is-config="true" signature="tearDown(org.testng.ITestResult)[pri:0, instance:tests.AlertsFramesWindowsTests@68df9280]" started-at="2025-09-24T09:20:08 IST" name="tearDown" finished-at="2025-09-24T09:20:09 IST" duration-ms="441" status="PASS">
          <params>
            <param index="0">
              <value>
                <![CDATA[[TestResult name=GetParentFrame status=SUCCESS method=AlertsFramesWindowsTests.GetParentFrame()[pri:14, instance:tests.AlertsFramesWindowsTests@68df9280] output={null}]]]>
              </value>
            </param>
          </params>
          <reporter-output>
          </reporter-output>
        </test-method> <!-- tearDown -->
        <test-method is-config="true" signature="setup(java.lang.reflect.Method)[pri:0, instance:tests.AlertsFramesWindowsTests@68df9280]" started-at="2025-09-24T09:20:09 IST" name="setup" finished-at="2025-09-24T09:20:13 IST" duration-ms="4006" status="PASS">
          <params>
            <param index="0">
              <value>
                <![CDATA[public void tests.AlertsFramesWindowsTests.GetChildFrame()]]>
              </value>
            </param>
          </params>
          <reporter-output>
          </reporter-output>
        </test-method> <!-- setup -->
        <test-method signature="GetChildFrame()[pri:15, instance:tests.AlertsFramesWindowsTests@68df9280]" started-at="2025-09-24T09:20:13 IST" name="GetChildFrame" finished-at="2025-09-24T09:20:15 IST" duration-ms="2595" status="PASS">
          <reporter-output>
          </reporter-output>
        </test-method> <!-- GetChildFrame -->
        <test-method is-config="true" signature="tearDown(org.testng.ITestResult)[pri:0, instance:tests.AlertsFramesWindowsTests@68df9280]" started-at="2025-09-24T09:20:15 IST" name="tearDown" finished-at="2025-09-24T09:20:16 IST" duration-ms="412" status="PASS">
          <params>
            <param index="0">
              <value>
                <![CDATA[[TestResult name=GetChildFrame status=SUCCESS method=AlertsFramesWindowsTests.GetChildFrame()[pri:15, instance:tests.AlertsFramesWindowsTests@68df9280] output={null}]]]>
              </value>
            </param>
          </params>
          <reporter-output>
          </reporter-output>
        </test-method> <!-- tearDown -->
        <test-method is-config="true" signature="teardownSuite()[pri:0, instance:tests.AlertsFramesWindowsTests@68df9280]" started-at="2025-09-24T10:11:48 IST" name="teardownSuite" finished-at="2025-09-24T10:12:16 IST" duration-ms="28032" status="PASS">
          <reporter-output>
          </reporter-output>
        </test-method> <!-- teardownSuite -->
      </class> <!-- tests.AlertsFramesWindowsTests -->
    </test> <!-- Surefire test -->
  </suite> <!-- Surefire suite -->
</testng-results>
