<?xml version="1.0" encoding="UTF-8"?>
<testsuite xmlns:xsi="http://www.w3.org/2001/XMLSchema-instance" xsi:noNamespaceSchemaLocation="https://maven.apache.org/surefire/maven-surefire-plugin/xsd/surefire-test-report-3.0.xsd" version="3.0" name="TestSuite" time="394.218" tests="56" errors="0" skipped="8" failures="3">
  <properties>
[...]
</properties>
  <testcase name="accessAlertsFrameWindows" classname="tests.AlertsFramesWindowsTests" time="0.259">
    <system-out><![CDATA[2025-08-16T06:32:11.454755900Z main INFO Starting configuration XmlConfiguration[location=C:\ASN\eclipse_workspace\demoqa-automation\target\classes\log4j2.xml, lastModified=2025-08-05T03:16:47.250Z]...
2025-08-16T06:32:11.458024800Z main INFO Start watching for changes to C:\ASN\eclipse_workspace\demoqa-automation\target\classes\log4j2.xml every 0 seconds
2025-08-16T06:32:11.458024800Z main INFO Configuration XmlConfiguration[location=C:\ASN\eclipse_workspace\demoqa-automation\target\classes\log4j2.xml, lastModified=2025-08-05T03:16:47.250Z] started.
2025-08-16T06:32:11.460453400Z main INFO Stopping configuration org.apache.logging.log4j.core.config.DefaultConfiguration@5824a83d...
2025-08-16T06:32:11.462466700Z main INFO Configuration org.apache.logging.log4j.core.config.DefaultConfiguration@5824a83d stopped.
2025-08-16 12:02:11 [main] INFO  demoqaBase - Starting Web Browser...
2025-08-16 12:02:13 [main] INFO  demoqaBase - Navigating to demoqa.com Website
2025-08-16 12:02:17 [main] INFO  demoqaLog - Successfully navigated to: https://demoqa.com
2025-08-16 12:02:17 [main] INFO  demoqaLog - Starting Test Alerts, Frames & Windows...
2025-08-16 12:02:17 [main] INFO  demoqaLog - Accessing Alerts, Frame & Windows Card...
2025-08-16 12:02:17 [main] INFO  demoqaLog - Clicking on Alert Frame & Windows Card...
2025-08-16 12:02:18 [main] INFO  demoqaLog - Clicked on on Alert Frame & Windows Card...
Title of this Page is: DEMOQA
You can now access: Alerts, Frame & Windows
2025-08-16 12:02:18 [main] INFO  demoqaLog - Page: Alerts, Frame & Windows Card...
2025-08-16 12:02:18 [main] INFO  demoqaLog -  Alerts, Frames & Windows Test Completed...
]]></system-out>
    <system-err><![CDATA[SLF4J(W): No SLF4J providers were found.
SLF4J(W): Defaulting to no-operation (NOP) logger implementation
SLF4J(W): See https://www.slf4j.org/codes.html#noProviders for further details.
]]></system-err>
  </testcase>
  <testcase name="ElementsCard" classname="tests.ElementsTests" time="1.396">
    <system-out><![CDATA[2025-08-16 12:02:18 [main] INFO  demoqaBase - Closing the Browser...
2025-08-16 12:02:18 [main] INFO  demoqaBase - Starting Web Browser...
2025-08-16 12:02:19 [main] INFO  demoqaBase - Navigating to demoqa.com Website
2025-08-16 12:02:23 [main] INFO  demoqaLog - Successfully navigated to: https://demoqa.com
2025-08-16 12:02:23 [main] INFO  demoqaLog - Starting Test Elements | Text Box Test...
2025-08-16 12:02:23 [main] INFO  demoqaLog - Accessing Elements Card...
2025-08-16 12:02:24 [main] INFO  demoqaLog - Successfully navigated to: https://demoqa.com
2025-08-16 12:02:24 [main] INFO  demoqaLog - Clicking on Elements Card...
Title of this Page is: DEMOQA
You can now Access: Elements
 
Title of this Page is: DEMOQA
2025-08-16 12:02:25 [main] INFO  demoqaLog - Element Card Test Completed...
]]></system-out>
  </testcase>
  <testcase name="TextBox" classname="tests.ElementsTests" time="3.125">
    <system-out><![CDATA[2025-08-16 12:02:25 [main] INFO  demoqaBase - Closing the Browser...
2025-08-16 12:02:25 [main] INFO  demoqaBase - Starting Web Browser...
2025-08-16 12:02:26 [main] INFO  demoqaBase - Navigating to demoqa.com Website
2025-08-16 12:02:30 [main] INFO  demoqaLog - Successfully navigated to: https://demoqa.com
2025-08-16 12:02:30 [main] INFO  demoqaLog - Starting Test Elements | Text Box Test...
2025-08-16 12:02:30 [main] INFO  demoqaLog - Accessing Elements Card...
2025-08-16 12:02:31 [main] INFO  demoqaLog - Successfully navigated to: https://demoqa.com
2025-08-16 12:02:31 [main] INFO  demoqaLog - Clicking on Elements Card...
Title of this Page is: DEMOQA
You can now Access: Elements
 
2025-08-16 12:02:32 [main] INFO  demoqaLog - Accessing Text Box...
Text Box
2025-08-16 12:02:32 [main] INFO  demoqaLog - You are accessing: Text Box
2025-08-16 12:02:32 [main] INFO  demoqaLog - Title of this Page is: DEMOQA
2025-08-16 12:02:32 [main] INFO  demoqaLog - Entering Full Name...
2025-08-16 12:02:32 [main] INFO  demoqaLog - Full Name is: John Rambo
2025-08-16 12:02:32 [main] INFO  demoqaLog - Entering Email Address...
2025-08-16 12:02:32 [main] INFO  demoqaLog - Email Address is: JRambo@demoqa.com
2025-08-16 12:02:32 [main] INFO  demoqaLog - Entering Current Address...
2025-08-16 12:02:33 [main] INFO  demoqaLog - Current Address is: 511 Grant 481, Prattsville
 Arkansas 72129
 United States
2025-08-16 12:02:33 [main] INFO  demoqaLog - Entering Permanent Address...
2025-08-16 12:02:33 [main] INFO  demoqaLog - Parmenant Address is: 579 Grant 3381, Prattsville
 Arkansas 72100
 United States
2025-08-16 12:02:33 [main] INFO  demoqaLog - Clicking on Submit Button...
2025-08-16 12:02:33 [main] INFO  demoqaLog - Clicked Submit Button...
Information Submitted is: Name:John Rambo
Email:JRambo@demoqa.com
Current Address :511 Grant 481, Prattsville Arkansas 72129 United States
Permananet Address :579 Grant 3381, Prattsville Arkansas 72100 United States
2025-08-16 12:02:33 [main] INFO  demoqaLog - Text Box Element Test Completed...
]]></system-out>
  </testcase>
  <testcase name="CheckBox" classname="tests.ElementsTests" time="1.593">
    <system-out><![CDATA[Path for Screenshot is: C:\ASN\eclipse_workspace\demoqa-automation/screenshots/TextBox Passed+2025-08-16_12-02-33.png
2025-08-16 12:02:34 [main] INFO  demoqaBase - Closing the Browser...
2025-08-16 12:02:34 [main] INFO  demoqaBase - Starting Web Browser...
2025-08-16 12:02:35 [main] INFO  demoqaBase - Navigating to demoqa.com Website
2025-08-16 12:02:40 [main] INFO  demoqaLog - Successfully navigated to: https://demoqa.com
2025-08-16 12:02:40 [main] INFO  demoqaLog - Starting Test Elements | Check Box Test...
2025-08-16 12:02:40 [main] INFO  demoqaLog - Accessing Elements Card...
2025-08-16 12:02:41 [main] INFO  demoqaLog - Successfully navigated to: https://demoqa.com
2025-08-16 12:02:41 [main] INFO  demoqaLog - Clicking on Elements Card...
Title of this Page is: DEMOQA
You can now Access: Elements
 
2025-08-16 12:02:41 [main] INFO  demoqaLog - Accessing Check Box...
Check Box
2025-08-16 12:02:41 [main] INFO  demoqaLog - You are accessing: Check Box
2025-08-16 12:02:41 [main] INFO  demoqaLog - Test Elements | Check Box Test Test Completed...
]]></system-out>
  </testcase>
  <testcase name="SelectingHomeCheckBox" classname="tests.ElementsTests" time="1.647">
    <system-out><![CDATA[2025-08-16 12:02:41 [main] INFO  demoqaBase - Closing the Browser...
2025-08-16 12:02:41 [main] INFO  demoqaBase - Starting Web Browser...
2025-08-16 12:02:42 [main] INFO  demoqaBase - Navigating to demoqa.com Website
2025-08-16 12:02:47 [main] INFO  demoqaLog - Successfully navigated to: https://demoqa.com
2025-08-16 12:02:47 [main] INFO  demoqaLog - Starting Test Elements | Selecting Home Check Box Test...
2025-08-16 12:02:47 [main] INFO  demoqaLog - Accessing Elements Card...
2025-08-16 12:02:48 [main] INFO  demoqaLog - Successfully navigated to: https://demoqa.com
2025-08-16 12:02:48 [main] INFO  demoqaLog - Clicking on Elements Card...
Title of this Page is: DEMOQA
You can now Access: Elements
 
2025-08-16 12:02:48 [main] INFO  demoqaLog - Accessing Check Box...
Check Box
2025-08-16 12:02:48 [main] INFO  demoqaLog - You are accessing: Check Box
2025-08-16 12:02:48 [main] INFO  demoqaLog - Selecting Home Check Box...
Information Submitted is: You have selected :
home
desktop
notes
commands
documents
workspace
react
angular
veu
office
public
private
classified
general
downloads
wordFile
excelFile
2025-08-16 12:02:48 [main] INFO  demoqaLog - You have Selected: You have selected :
home
desktop
notes
commands
documents
workspace
react
angular
veu
office
public
private
classified
general
downloads
wordFile
excelFile
2025-08-16 12:02:48 [main] INFO  demoqaLog - Elements | Selecting Home Test Completed...
]]></system-out>
  </testcase>
  <testcase name="SelectingDesktopCheckBox" classname="tests.ElementsTests" time="1.267">
    <system-out><![CDATA[2025-08-16 12:02:48 [main] INFO  demoqaBase - Closing the Browser...
2025-08-16 12:02:49 [main] INFO  demoqaBase - Starting Web Browser...
2025-08-16 12:02:50 [main] INFO  demoqaBase - Navigating to demoqa.com Website
2025-08-16 12:02:54 [main] INFO  demoqaLog - Successfully navigated to: https://demoqa.com
2025-08-16 12:02:54 [main] INFO  demoqaLog - Starting Test Elements | Selecting Desktop Check Box Test...
2025-08-16 12:02:54 [main] INFO  demoqaLog - Accessing Elements Card...
2025-08-16 12:02:55 [main] INFO  demoqaLog - Successfully navigated to: https://demoqa.com
2025-08-16 12:02:55 [main] INFO  demoqaLog - Clicking on Elements Card...
Title of this Page is: DEMOQA
You can now Access: Elements
 
2025-08-16 12:02:55 [main] INFO  demoqaLog - Accessing Check Box...
Check Box
2025-08-16 12:02:55 [main] INFO  demoqaLog - You are accessing: Check Box
2025-08-16 12:02:55 [main] INFO  demoqaLog - Clicking on Home Toggle Button...
2025-08-16 12:02:55 [main] INFO  demoqaLog - Selecting Deskstop Check Box...
Information Submitted is: You have selected :
desktop
notes
commands
2025-08-16 12:02:55 [main] INFO  demoqaLog - You have Selected: You have selected :
desktop
notes
commands
2025-08-16 12:02:55 [main] INFO  demoqaLog - Elements | Home | Desktop Test Completed...
]]></system-out>
  </testcase>
  <testcase name="SelectingNotesCommandsClick" classname="tests.ElementsTests" time="2.191">
    <system-out><![CDATA[2025-08-16 12:02:55 [main] INFO  demoqaBase - Closing the Browser...
2025-08-16 12:02:56 [main] INFO  demoqaBase - Starting Web Browser...
2025-08-16 12:02:56 [main] INFO  demoqaBase - Navigating to demoqa.com Website
2025-08-16 12:03:01 [main] INFO  demoqaLog - Successfully navigated to: https://demoqa.com
2025-08-16 12:03:01 [main] INFO  demoqaLog - Starting Test Elements | Selecting Desktop| Notes & Commands Check Box Test...
2025-08-16 12:03:01 [main] INFO  demoqaLog - Accessing Elements Card...
2025-08-16 12:03:02 [main] INFO  demoqaLog - Successfully navigated to: https://demoqa.com
2025-08-16 12:03:02 [main] INFO  demoqaLog - Clicking on Elements Card...
Title of this Page is: DEMOQA
You can now Access: Elements
 
2025-08-16 12:03:02 [main] INFO  demoqaLog - Accessing Check Box...
Check Box
2025-08-16 12:03:02 [main] INFO  demoqaLog - You are accessing: Check Box
2025-08-16 12:03:02 [main] INFO  demoqaLog - Clicking on Home Toggle Button...
2025-08-16 12:03:02 [main] INFO  demoqaLog - Clicking on Desktop Toggle Button...
2025-08-16 12:03:02 [main] INFO  demoqaLog - Clicking on Notes Button...
2025-08-16 12:03:03 [main] INFO  demoqaLog - Clicking on Commands Button...
2025-08-16 12:03:03 [main] INFO  demoqaLog - Selected Notes & Commands...
Information Submitted is: You have selected :
desktop
notes
commands
2025-08-16 12:03:03 [main] INFO  demoqaLog - You have Selected: You have selected :
desktop
notes
commands
2025-08-16 12:03:03 [main] INFO  demoqaLog - Elements | Home | Desktop | Notes & Commands Completed...
]]></system-out>
  </testcase>
  <testcase name="SelectingDocumentsCheckBox" classname="tests.ElementsTests" time="1.299">
    <system-out><![CDATA[2025-08-16 12:03:03 [main] INFO  demoqaBase - Closing the Browser...
2025-08-16 12:03:03 [main] INFO  demoqaBase - Starting Web Browser...
2025-08-16 12:03:04 [main] INFO  demoqaBase - Navigating to demoqa.com Website
2025-08-16 12:03:09 [main] INFO  demoqaLog - Successfully navigated to: https://demoqa.com
2025-08-16 12:03:09 [main] INFO  demoqaLog - Starting Test Elements | Selecting Documents Check Box Test...
2025-08-16 12:03:09 [main] INFO  demoqaLog - Accessing Elements Card...
2025-08-16 12:03:09 [main] INFO  demoqaLog - Successfully navigated to: https://demoqa.com
2025-08-16 12:03:09 [main] INFO  demoqaLog - Clicking on Elements Card...
Title of this Page is: DEMOQA
You can now Access: Elements
 
2025-08-16 12:03:10 [main] INFO  demoqaLog - Accessing Check Box...
Check Box
2025-08-16 12:03:10 [main] INFO  demoqaLog - You are accessing: Check Box
2025-08-16 12:03:10 [main] INFO  demoqaLog - Clicking on Home Toggle Button...
2025-08-16 12:03:10 [main] INFO  demoqaLog - Selecting Documents Check Box...
2025-08-16 12:03:10 [main] INFO  demoqaLog - Selected Documents Check Box...
Information Submitted is: You have selected :
documents
workspace
react
angular
veu
office
public
private
classified
general
2025-08-16 12:03:10 [main] INFO  demoqaLog - You have Selected: You have selected :
documents
workspace
react
angular
veu
office
public
private
classified
general
2025-08-16 12:03:10 [main] INFO  demoqaLog - Test Elements | Selecting Documents Check Box Test Completed...
]]></system-out>
  </testcase>
  <testcase name="SelectingWorkSpace" classname="tests.ElementsTests" time="1.802">
    <system-out><![CDATA[2025-08-16 12:03:10 [main] INFO  demoqaBase - Closing the Browser...
2025-08-16 12:03:10 [main] INFO  demoqaBase - Starting Web Browser...
2025-08-16 12:03:11 [main] INFO  demoqaBase - Navigating to demoqa.com Website
2025-08-16 12:03:16 [main] INFO  demoqaLog - Successfully navigated to: https://demoqa.com
2025-08-16 12:03:16 [main] INFO  demoqaLog - Starting Test Elements | Home | Selecting Documents | WorkSpace Check Box Test...
2025-08-16 12:03:16 [main] INFO  demoqaLog - Accessing Elements Card...
2025-08-16 12:03:17 [main] INFO  demoqaLog - Successfully navigated to: https://demoqa.com
2025-08-16 12:03:17 [main] INFO  demoqaLog - Clicking on Elements Card...
Title of this Page is: DEMOQA
You can now Access: Elements
 
2025-08-16 12:03:17 [main] INFO  demoqaLog - Accessing Check Box...
Check Box
2025-08-16 12:03:17 [main] INFO  demoqaLog - You are accessing: Check Box
2025-08-16 12:03:17 [main] INFO  demoqaLog - Clicking on Home Toggle Button...
2025-08-16 12:03:17 [main] INFO  demoqaLog - Clicking on Documents Toggle Button...
2025-08-16 12:03:17 [main] INFO  demoqaLog - Selecting WorkSpace Check Box...
2025-08-16 12:03:17 [main] INFO  demoqaLog - Selected WorkSpace Check Box...
Information Submitted is: You have selected :
workspace
react
angular
veu
2025-08-16 12:03:17 [main] INFO  demoqaLog - You have Selected: You have selected :
workspace
react
angular
veu
2025-08-16 12:03:17 [main] INFO  demoqaLog - Test Elements | Home | Selecting Documents | WorkSpace Check Box Completed...
]]></system-out>
  </testcase>
  <testcase name="SelectReact" classname="tests.ElementsTests" time="1.582">
    <system-out><![CDATA[2025-08-16 12:03:17 [main] INFO  demoqaBase - Closing the Browser...
2025-08-16 12:03:18 [main] INFO  demoqaBase - Starting Web Browser...
2025-08-16 12:03:19 [main] INFO  demoqaBase - Navigating to demoqa.com Website
2025-08-16 12:03:24 [main] INFO  demoqaLog - Successfully navigated to: https://demoqa.com
2025-08-16 12:03:24 [main] INFO  demoqaLog - Starting Test Elements|Home|Selecting Documents|WorkSpace|React Check Box Test...
2025-08-16 12:03:24 [main] INFO  demoqaLog - Accessing Elements Card...
2025-08-16 12:03:24 [main] INFO  demoqaLog - Successfully navigated to: https://demoqa.com
2025-08-16 12:03:24 [main] INFO  demoqaLog - Clicking on Elements Card...
Title of this Page is: DEMOQA
You can now Access: Elements
 
2025-08-16 12:03:25 [main] INFO  demoqaLog - Accessing Check Box...
Check Box
2025-08-16 12:03:25 [main] INFO  demoqaLog - You are accessing: Check Box
2025-08-16 12:03:25 [main] INFO  demoqaLog - Clicking on Home Toggle Button...
2025-08-16 12:03:25 [main] INFO  demoqaLog - Clicking on Documents Toggle Button...
2025-08-16 12:03:25 [main] INFO  demoqaLog - Clicking WorkSpace Toggle Button...
2025-08-16 12:03:25 [main] INFO  demoqaLog - Clicked WorkSpace Toggle Button...
2025-08-16 12:03:25 [main] INFO  demoqaLog - Selecting WorkSpace | React Check Box...
2025-08-16 12:03:25 [main] INFO  demoqaLog - Selected WorkSpace | React Check Box...
Information Submitted is: You have selected :
react
2025-08-16 12:03:25 [main] INFO  demoqaLog - You have Selected: You have selected :
react
2025-08-16 12:03:25 [main] INFO  demoqaLog - Test Elements|Home|Documents| Selecting WorkSpace|React Check Box Completed...
]]></system-out>
  </testcase>
  <testcase name="SelectAngular" classname="tests.ElementsTests" time="2.271">
    <system-out><![CDATA[2025-08-16 12:03:25 [main] INFO  demoqaBase - Closing the Browser...
2025-08-16 12:03:26 [main] INFO  demoqaBase - Starting Web Browser...
2025-08-16 12:03:27 [main] INFO  demoqaBase - Navigating to demoqa.com Website
2025-08-16 12:03:33 [main] INFO  demoqaLog - Successfully navigated to: https://demoqa.com
2025-08-16 12:03:33 [main] INFO  demoqaLog - Starting Test Elements|Home|Selecting Documents|WorkSpace|Angular Check Box Test...
2025-08-16 12:03:33 [main] INFO  demoqaLog - Accessing Elements Card...
2025-08-16 12:03:34 [main] INFO  demoqaLog - Successfully navigated to: https://demoqa.com
2025-08-16 12:03:34 [main] INFO  demoqaLog - Clicking on Elements Card...
Title of this Page is: DEMOQA
You can now Access: Elements
 
2025-08-16 12:03:34 [main] INFO  demoqaLog - Accessing Check Box...
Check Box
2025-08-16 12:03:35 [main] INFO  demoqaLog - You are accessing: Check Box
2025-08-16 12:03:35 [main] INFO  demoqaLog - Clicking on Home Toggle Button...
2025-08-16 12:03:35 [main] INFO  demoqaLog - Clicking on Documents Toggle Button...
2025-08-16 12:03:35 [main] INFO  demoqaLog - Clicking WorkSpace Toggle Button...
2025-08-16 12:03:35 [main] INFO  demoqaLog - Clicked WorkSpace Toggle Button...
2025-08-16 12:03:35 [main] INFO  demoqaLog - Selecting WorkSpace | Angular Check Box...
2025-08-16 12:03:35 [main] INFO  demoqaLog - Selected WorkSpace | Angular Check Box...
Information Submitted is: You have selected :
angular
2025-08-16 12:03:35 [main] INFO  demoqaLog - You have Selected: You have selected :
angular
2025-08-16 12:03:35 [main] INFO  demoqaLog - Test Elements|Home|Documents| Selecting WorkSpace|Angular Check Box Completed...
]]></system-out>
  </testcase>
  <testcase name="SelectVeu" classname="tests.ElementsTests" time="1.986">
    <system-out><![CDATA[2025-08-16 12:03:35 [main] INFO  demoqaBase - Closing the Browser...
2025-08-16 12:03:35 [main] INFO  demoqaBase - Starting Web Browser...
2025-08-16 12:03:36 [main] INFO  demoqaBase - Navigating to demoqa.com Website
2025-08-16 12:03:41 [main] INFO  demoqaLog - Successfully navigated to: https://demoqa.com
2025-08-16 12:03:41 [main] INFO  demoqaLog - Starting Test Elements|Home|Selecting Documents|WorkSpace|Veu Check Box Test...
2025-08-16 12:03:41 [main] INFO  demoqaLog - Accessing Elements Card...
2025-08-16 12:03:42 [main] INFO  demoqaLog - Successfully navigated to: https://demoqa.com
2025-08-16 12:03:42 [main] INFO  demoqaLog - Clicking on Elements Card...
Title of this Page is: DEMOQA
You can now Access: Elements
 
2025-08-16 12:03:42 [main] INFO  demoqaLog - Accessing Check Box...
Check Box
2025-08-16 12:03:42 [main] INFO  demoqaLog - You are accessing: Check Box
2025-08-16 12:03:42 [main] INFO  demoqaLog - Clicking on Home Toggle Button...
2025-08-16 12:03:42 [main] INFO  demoqaLog - Clicking on Documents Toggle Button...
2025-08-16 12:03:42 [main] INFO  demoqaLog - Clicking WorkSpace Toggle Button...
2025-08-16 12:03:42 [main] INFO  demoqaLog - Clicked WorkSpace Toggle Button...
2025-08-16 12:03:42 [main] INFO  demoqaLog - Selecting WorkSpace | Veu Check Box...
2025-08-16 12:03:43 [main] INFO  demoqaLog - Selected WorkSpace | Veu Check Box...
Information Submitted is: You have selected :
veu
2025-08-16 12:03:43 [main] INFO  demoqaLog - You have Selected: You have selected :
veu
2025-08-16 12:03:43 [main] INFO  demoqaLog - Test Elements|Home|Documents| Selecting WorkSpace|Veu Check Box Completed...
]]></system-out>
  </testcase>
  <testcase name="SelectReactAnuglarVeu" classname="tests.ElementsTests" time="2.233">
    <system-out><![CDATA[2025-08-16 12:03:43 [main] INFO  demoqaBase - Closing the Browser...
2025-08-16 12:03:43 [main] INFO  demoqaBase - Starting Web Browser...
2025-08-16 12:03:44 [main] INFO  demoqaBase - Navigating to demoqa.com Website
2025-08-16 12:03:48 [main] INFO  demoqaLog - Successfully navigated to: https://demoqa.com
2025-08-16 12:03:48 [main] INFO  demoqaLog - Starting Test Elements|Home|Selecting Documents|WorkSpace|React-Anuglar-Veu Check Box Test...
2025-08-16 12:03:48 [main] INFO  demoqaLog - Accessing Elements Card...
2025-08-16 12:03:50 [main] INFO  demoqaLog - Successfully navigated to: https://demoqa.com
2025-08-16 12:03:50 [main] INFO  demoqaLog - Clicking on Elements Card...
Title of this Page is: DEMOQA
You can now Access: Elements
 
2025-08-16 12:03:50 [main] INFO  demoqaLog - Accessing Check Box...
Check Box
2025-08-16 12:03:50 [main] INFO  demoqaLog - You are accessing: Check Box
2025-08-16 12:03:50 [main] INFO  demoqaLog - Clicking on Home Toggle Button...
2025-08-16 12:03:50 [main] INFO  demoqaLog - Clicking on Documents Toggle Button...
2025-08-16 12:03:50 [main] INFO  demoqaLog - Clicking WorkSpace Toggle Button...
2025-08-16 12:03:50 [main] INFO  demoqaLog - Clicked WorkSpace Toggle Button...
2025-08-16 12:03:50 [main] INFO  demoqaLog - Selecting WorkSpace | React Check Box...
2025-08-16 12:03:50 [main] INFO  demoqaLog - Selected WorkSpace | React Check Box...
2025-08-16 12:03:50 [main] INFO  demoqaLog - Selecting WorkSpace | Angular Check Box...
2025-08-16 12:03:50 [main] INFO  demoqaLog - Selected WorkSpace | Angular Check Box...
2025-08-16 12:03:50 [main] INFO  demoqaLog - Selecting WorkSpace | Veu Check Box...
2025-08-16 12:03:51 [main] INFO  demoqaLog - Selected WorkSpace | Veu Check Box...
Information Submitted is: You have selected :
workspace
react
angular
veu
2025-08-16 12:03:51 [main] INFO  demoqaLog - You have Selected: You have selected :
workspace
react
angular
veu
2025-08-16 12:03:51 [main] INFO  demoqaLog - Test Elements|Home|Documents| Selecting WorkSpace|React-Anuglar-Veu Check Box Completed...
]]></system-out>
  </testcase>
  <testcase name="SelectingOffice" classname="tests.ElementsTests" time="1.359">
    <system-out><![CDATA[2025-08-16 12:03:51 [main] INFO  demoqaBase - Closing the Browser...
2025-08-16 12:03:51 [main] INFO  demoqaBase - Starting Web Browser...
2025-08-16 12:03:52 [main] INFO  demoqaBase - Navigating to demoqa.com Website
2025-08-16 12:03:56 [main] INFO  demoqaLog - Successfully navigated to: https://demoqa.com
2025-08-16 12:03:56 [main] INFO  demoqaLog - Starting Test Elements|Home|Selecting Documents|Office Check Box Test...
2025-08-16 12:03:56 [main] INFO  demoqaLog - Accessing Elements Card...
2025-08-16 12:03:57 [main] INFO  demoqaLog - Successfully navigated to: https://demoqa.com
2025-08-16 12:03:57 [main] INFO  demoqaLog - Clicking on Elements Card...
Title of this Page is: DEMOQA
You can now Access: Elements
 
2025-08-16 12:03:57 [main] INFO  demoqaLog - Accessing Check Box...
Check Box
2025-08-16 12:03:57 [main] INFO  demoqaLog - You are accessing: Check Box
2025-08-16 12:03:57 [main] INFO  demoqaLog - Clicking on Home Toggle Button...
2025-08-16 12:03:57 [main] INFO  demoqaLog - Clicking on Documents Toggle Button...
2025-08-16 12:03:57 [main] INFO  demoqaLog - Selecting WorkSpace Check Box...
2025-08-16 12:03:58 [main] INFO  demoqaLog - Selected WorkSpace Check Box...
Information Submitted is: You have selected :
office
public
private
classified
general
2025-08-16 12:03:58 [main] INFO  demoqaLog - You have Selected: You have selected :
office
public
private
classified
general
2025-08-16 12:03:58 [main] INFO  demoqaLog - Test Elements|Home|Selecting Documents|Office Check Box Completed...
]]></system-out>
  </testcase>
  <testcase name="SelectPublic" classname="tests.ElementsTests" time="1.853">
    <system-out><![CDATA[2025-08-16 12:03:58 [main] INFO  demoqaBase - Closing the Browser...
2025-08-16 12:03:58 [main] INFO  demoqaBase - Starting Web Browser...
2025-08-16 12:03:59 [main] INFO  demoqaBase - Navigating to demoqa.com Website
2025-08-16 12:04:03 [main] INFO  demoqaLog - Successfully navigated to: https://demoqa.com
2025-08-16 12:04:03 [main] INFO  demoqaLog - Starting Test Elements|Home|Selecting Documents|Office|Public Check Box Test...
2025-08-16 12:04:03 [main] INFO  demoqaLog - Accessing Elements Card...
2025-08-16 12:04:04 [main] INFO  demoqaLog - Successfully navigated to: https://demoqa.com
2025-08-16 12:04:04 [main] INFO  demoqaLog - Clicking on Elements Card...
Title of this Page is: DEMOQA
You can now Access: Elements
 
2025-08-16 12:04:04 [main] INFO  demoqaLog - Accessing Check Box...
Check Box
2025-08-16 12:04:04 [main] INFO  demoqaLog - You are accessing: Check Box
2025-08-16 12:04:04 [main] INFO  demoqaLog - Clicking on Home Toggle Button...
2025-08-16 12:04:05 [main] INFO  demoqaLog - Clicking on Documents Toggle Button...
2025-08-16 12:04:05 [main] INFO  demoqaLog - Clicking Office Toggle Button...
2025-08-16 12:04:05 [main] INFO  demoqaLog - Clicked Office Toggle Button...
2025-08-16 12:04:05 [main] INFO  demoqaLog - Selecting Office | Public Check Box...
2025-08-16 12:04:05 [main] INFO  demoqaLog - Selected Office | Public Check Box...
Information Submitted is: You have selected :
public
2025-08-16 12:04:05 [main] INFO  demoqaLog - You have Selected: You have selected :
public
2025-08-16 12:04:05 [main] INFO  demoqaLog - Test Elements|Home|Documents|Office|Selecting Public Check Box Completed...
]]></system-out>
  </testcase>
  <testcase name="SelectPrivate" classname="tests.ElementsTests" time="1.918">
    <system-out><![CDATA[2025-08-16 12:04:05 [main] INFO  demoqaBase - Closing the Browser...
2025-08-16 12:04:05 [main] INFO  demoqaBase - Starting Web Browser...
2025-08-16 12:04:06 [main] INFO  demoqaBase - Navigating to demoqa.com Website
2025-08-16 12:04:10 [main] INFO  demoqaLog - Successfully navigated to: https://demoqa.com
2025-08-16 12:04:10 [main] INFO  demoqaLog - Starting Test Elements|Home|Selecting Documents|Office|Private Check Box Test...
2025-08-16 12:04:10 [main] INFO  demoqaLog - Accessing Elements Card...
2025-08-16 12:04:11 [main] INFO  demoqaLog - Successfully navigated to: https://demoqa.com
2025-08-16 12:04:11 [main] INFO  demoqaLog - Clicking on Elements Card...
Title of this Page is: DEMOQA
You can now Access: Elements
 
2025-08-16 12:04:11 [main] INFO  demoqaLog - Accessing Check Box...
Check Box
2025-08-16 12:04:12 [main] INFO  demoqaLog - You are accessing: Check Box
2025-08-16 12:04:12 [main] INFO  demoqaLog - Clicking on Home Toggle Button...
2025-08-16 12:04:12 [main] INFO  demoqaLog - Clicking on Documents Toggle Button...
2025-08-16 12:04:12 [main] INFO  demoqaLog - Clicking Office Toggle Button...
2025-08-16 12:04:12 [main] INFO  demoqaLog - Clicked Office Toggle Button...
2025-08-16 12:04:12 [main] INFO  demoqaLog - Selecting Office | Private Check Box...
2025-08-16 12:04:12 [main] INFO  demoqaLog - Selected Office | Private Check Box...
Information Submitted is: You have selected :
private
2025-08-16 12:04:12 [main] INFO  demoqaLog - You have Selected: You have selected :
private
2025-08-16 12:04:12 [main] INFO  demoqaLog - Test Elements|Home|Documents|Office|Selecting Private Check Box Completed...
]]></system-out>
  </testcase>
  <testcase name="SelectClassified" classname="tests.ElementsTests" time="1.882">
    <system-out><![CDATA[2025-08-16 12:04:12 [main] INFO  demoqaBase - Closing the Browser...
2025-08-16 12:04:12 [main] INFO  demoqaBase - Starting Web Browser...
2025-08-16 12:04:13 [main] INFO  demoqaBase - Navigating to demoqa.com Website
2025-08-16 12:04:17 [main] INFO  demoqaLog - Successfully navigated to: https://demoqa.com
2025-08-16 12:04:17 [main] INFO  demoqaLog - Starting Test Elements|Home|Selecting Documents|Office|Classified Check Box Test...
2025-08-16 12:04:17 [main] INFO  demoqaLog - Accessing Elements Card...
2025-08-16 12:04:18 [main] INFO  demoqaLog - Successfully navigated to: https://demoqa.com
2025-08-16 12:04:18 [main] INFO  demoqaLog - Clicking on Elements Card...
Title of this Page is: DEMOQA
You can now Access: Elements
 
2025-08-16 12:04:19 [main] INFO  demoqaLog - Accessing Check Box...
Check Box
2025-08-16 12:04:19 [main] INFO  demoqaLog - You are accessing: Check Box
2025-08-16 12:04:19 [main] INFO  demoqaLog - Clicking on Home Toggle Button...
2025-08-16 12:04:19 [main] INFO  demoqaLog - Clicking on Documents Toggle Button...
2025-08-16 12:04:19 [main] INFO  demoqaLog - Clicking Office Toggle Button...
2025-08-16 12:04:19 [main] INFO  demoqaLog - Clicked Office Toggle Button...
2025-08-16 12:04:19 [main] INFO  demoqaLog - Selecting Office | Classified Check Box...
2025-08-16 12:04:19 [main] INFO  demoqaLog - Selected Office | Classified Check Box...
Information Submitted is: You have selected :
classified
2025-08-16 12:04:19 [main] INFO  demoqaLog - You have Selected: You have selected :
classified
2025-08-16 12:04:19 [main] INFO  demoqaLog - Test Elements|Home|Documents|Office|Selecting Classified Check Box Completed...
]]></system-out>
  </testcase>
  <testcase name="SelectGeneral" classname="tests.ElementsTests" time="1.848">
    <system-out><![CDATA[2025-08-16 12:04:19 [main] INFO  demoqaBase - Closing the Browser...
2025-08-16 12:04:19 [main] INFO  demoqaBase - Starting Web Browser...
2025-08-16 12:04:20 [main] INFO  demoqaBase - Navigating to demoqa.com Website
2025-08-16 12:04:25 [main] INFO  demoqaLog - Successfully navigated to: https://demoqa.com
2025-08-16 12:04:25 [main] INFO  demoqaLog - Starting Test Elements|Home|Selecting Documents|Office|General Check Box Test...
2025-08-16 12:04:25 [main] INFO  demoqaLog - Accessing Elements Card...
2025-08-16 12:04:26 [main] INFO  demoqaLog - Successfully navigated to: https://demoqa.com
2025-08-16 12:04:26 [main] INFO  demoqaLog - Clicking on Elements Card...
Title of this Page is: DEMOQA
You can now Access: Elements
 
2025-08-16 12:04:26 [main] INFO  demoqaLog - Accessing Check Box...
Check Box
2025-08-16 12:04:26 [main] INFO  demoqaLog - You are accessing: Check Box
2025-08-16 12:04:26 [main] INFO  demoqaLog - Clicking on Home Toggle Button...
2025-08-16 12:04:26 [main] INFO  demoqaLog - Clicking on Documents Toggle Button...
2025-08-16 12:04:26 [main] INFO  demoqaLog - Clicking Office Toggle Button...
2025-08-16 12:04:26 [main] INFO  demoqaLog - Clicked Office Toggle Button...
2025-08-16 12:04:26 [main] INFO  demoqaLog - Selecting Office | General Check Box...
2025-08-16 12:04:27 [main] INFO  demoqaLog - Selected Office | General Check Box...
Information Submitted is: You have selected :
general
2025-08-16 12:04:27 [main] INFO  demoqaLog - You have Selected: You have selected :
general
2025-08-16 12:04:27 [main] INFO  demoqaLog - Test Elements|Home|Documents|Office|Selecting General Check Box Completed...
]]></system-out>
  </testcase>
  <testcase name="SelectOfficeAll" classname="tests.ElementsTests" time="1.896">
    <system-out><![CDATA[2025-08-16 12:04:27 [main] INFO  demoqaBase - Closing the Browser...
2025-08-16 12:04:27 [main] INFO  demoqaBase - Starting Web Browser...
2025-08-16 12:04:28 [main] INFO  demoqaBase - Navigating to demoqa.com Website
2025-08-16 12:04:35 [main] INFO  demoqaLog - Successfully navigated to: https://demoqa.com
2025-08-16 12:04:35 [main] INFO  demoqaLog - Starting Test Elements|Home|Selecting Documents|Office|All Check Boxes Test...
2025-08-16 12:04:35 [main] INFO  demoqaLog - Accessing Elements Card...
2025-08-16 12:04:36 [main] INFO  demoqaLog - Successfully navigated to: https://demoqa.com
2025-08-16 12:04:36 [main] INFO  demoqaLog - Clicking on Elements Card...
Title of this Page is: DEMOQA
You can now Access: Elements
 
2025-08-16 12:04:36 [main] INFO  demoqaLog - Accessing Check Box...
Check Box
2025-08-16 12:04:36 [main] INFO  demoqaLog - You are accessing: Check Box
2025-08-16 12:04:36 [main] INFO  demoqaLog - Clicking on Home Toggle Button...
2025-08-16 12:04:36 [main] INFO  demoqaLog - Clicking on Documents Toggle Button...
2025-08-16 12:04:37 [main] INFO  demoqaLog - Clicking Office Toggle Button...
2025-08-16 12:04:37 [main] INFO  demoqaLog - Clicked Office Toggle Button...
2025-08-16 12:04:37 [main] INFO  demoqaLog - Selecting Office | Public Check Box...
2025-08-16 12:04:37 [main] INFO  demoqaLog - Selected Office | Public Check Box...
2025-08-16 12:04:37 [main] INFO  demoqaLog - Selecting Office | Private Check Box...
2025-08-16 12:04:37 [main] INFO  demoqaLog - Selected Office | Private Check Box...
2025-08-16 12:04:37 [main] INFO  demoqaLog - Selecting Office | Classified Check Box...
2025-08-16 12:04:37 [main] INFO  demoqaLog - Selected Office | Classified Check Box...
2025-08-16 12:04:37 [main] INFO  demoqaLog - Selecting Office | General Check Box...
2025-08-16 12:04:37 [main] INFO  demoqaLog - Selected Office | General Check Box...
Information Submitted is: You have selected :
office
public
private
classified
general
2025-08-16 12:04:37 [main] INFO  demoqaLog - You have Selected: You have selected :
office
public
private
classified
general
2025-08-16 12:04:37 [main] INFO  demoqaLog - Test Elements|Home|Documents|Office|Selecting All Check Boxes Completed...
]]></system-out>
  </testcase>
  <testcase name="SelectingDownloads" classname="tests.ElementsTests" time="1.347">
    <system-out><![CDATA[2025-08-16 12:04:37 [main] INFO  demoqaBase - Closing the Browser...
2025-08-16 12:04:37 [main] INFO  demoqaBase - Starting Web Browser...
2025-08-16 12:04:38 [main] INFO  demoqaBase - Navigating to demoqa.com Website
2025-08-16 12:04:43 [main] INFO  demoqaLog - Successfully navigated to: https://demoqa.com
2025-08-16 12:04:43 [main] INFO  demoqaLog - Starting Test Elements|Home|Selecting Downloads Check Box Test...
2025-08-16 12:04:43 [main] INFO  demoqaLog - Accessing Elements Card...
2025-08-16 12:04:43 [main] INFO  demoqaLog - Successfully navigated to: https://demoqa.com
2025-08-16 12:04:43 [main] INFO  demoqaLog - Clicking on Elements Card...
Title of this Page is: DEMOQA
You can now Access: Elements
 
2025-08-16 12:04:44 [main] INFO  demoqaLog - Accessing Check Box...
Check Box
2025-08-16 12:04:44 [main] INFO  demoqaLog - You are accessing: Check Box
2025-08-16 12:04:44 [main] INFO  demoqaLog - Clicking on Home Toggle Button...
2025-08-16 12:04:44 [main] INFO  demoqaLog - Selecting Downloads Check Box...
2025-08-16 12:04:44 [main] INFO  demoqaLog - Selected Downloads Check Box...
Information Submitted is: You have selected :
downloads
wordFile
excelFile
2025-08-16 12:04:44 [main] INFO  demoqaLog - You have Selected: You have selected :
downloads
wordFile
excelFile
2025-08-16 12:04:44 [main] INFO  demoqaLog - Test Elements|Home|Selecting Downloads Check Box Completed...
]]></system-out>
  </testcase>
  <testcase name="SelectingWordFile" classname="tests.ElementsTests" time="1.832">
    <system-out><![CDATA[2025-08-16 12:04:44 [main] INFO  demoqaBase - Closing the Browser...
2025-08-16 12:04:45 [main] INFO  demoqaBase - Starting Web Browser...
2025-08-16 12:04:45 [main] INFO  demoqaBase - Navigating to demoqa.com Website
2025-08-16 12:04:50 [main] INFO  demoqaLog - Successfully navigated to: https://demoqa.com
2025-08-16 12:04:50 [main] INFO  demoqaLog - Starting Test Elements|Home|Selecting Downloads|Word File Check Box Test...
2025-08-16 12:04:50 [main] INFO  demoqaLog - Accessing Elements Card...
2025-08-16 12:04:51 [main] INFO  demoqaLog - Successfully navigated to: https://demoqa.com
2025-08-16 12:04:51 [main] INFO  demoqaLog - Clicking on Elements Card...
Title of this Page is: DEMOQA
You can now Access: Elements
 
2025-08-16 12:04:51 [main] INFO  demoqaLog - Accessing Check Box...
Check Box
2025-08-16 12:04:51 [main] INFO  demoqaLog - You are accessing: Check Box
2025-08-16 12:04:51 [main] INFO  demoqaLog - Clicking on Home Toggle Button...
2025-08-16 12:04:51 [main] INFO  demoqaLog - Clicking Downloads Toggle Button...
2025-08-16 12:04:51 [main] INFO  demoqaLog - Clicked Downloads Toggle Button...
2025-08-16 12:04:51 [main] INFO  demoqaLog - Selecting Downloads | Word File Check Box...
2025-08-16 12:04:51 [main] INFO  demoqaLog - Selected Downloads | Word File Check Box...
Information Submitted is: You have selected :
wordFile
2025-08-16 12:04:51 [main] INFO  demoqaLog - You have Selected: You have selected :
wordFile
2025-08-16 12:04:51 [main] INFO  demoqaLog - Test Elements|Home|Selecting Downloads|Word File Check Box Completed...
]]></system-out>
  </testcase>
  <testcase name="SelectingExcelFile" classname="tests.ElementsTests" time="1.782">
    <system-out><![CDATA[2025-08-16 12:04:51 [main] INFO  demoqaBase - Closing the Browser...
2025-08-16 12:04:52 [main] INFO  demoqaBase - Starting Web Browser...
2025-08-16 12:04:53 [main] INFO  demoqaBase - Navigating to demoqa.com Website
2025-08-16 12:04:57 [main] INFO  demoqaLog - Successfully navigated to: https://demoqa.com
2025-08-16 12:04:57 [main] INFO  demoqaLog - Starting Test Elements|Home|Selecting Downloads|Excel File Check Box Test...
2025-08-16 12:04:57 [main] INFO  demoqaLog - Accessing Elements Card...
2025-08-16 12:04:58 [main] INFO  demoqaLog - Successfully navigated to: https://demoqa.com
2025-08-16 12:04:58 [main] INFO  demoqaLog - Clicking on Elements Card...
Title of this Page is: DEMOQA
You can now Access: Elements
 
2025-08-16 12:04:58 [main] INFO  demoqaLog - Accessing Check Box...
Check Box
2025-08-16 12:04:58 [main] INFO  demoqaLog - You are accessing: Check Box
2025-08-16 12:04:58 [main] INFO  demoqaLog - Clicking on Home Toggle Button...
2025-08-16 12:04:58 [main] INFO  demoqaLog - Clicking Downloads Toggle Button...
2025-08-16 12:04:58 [main] INFO  demoqaLog - Clicked Downloads Toggle Button...
2025-08-16 12:04:58 [main] INFO  demoqaLog - Selecting Downloads | Excel File Check Box...
2025-08-16 12:04:58 [main] INFO  demoqaLog - Selected Downloads | Excel File Check Box...
Information Submitted is: You have selected :
excelFile
2025-08-16 12:04:58 [main] INFO  demoqaLog - You have Selected: You have selected :
excelFile
2025-08-16 12:04:58 [main] INFO  demoqaLog - Test Elements|Home|Selecting Downloads|Excel File Check Box Completed...
]]></system-out>
  </testcase>
  <testcase name="SelectingAllFiles" classname="tests.ElementsTests" time="1.706">
    <system-out><![CDATA[2025-08-16 12:04:58 [main] INFO  demoqaBase - Closing the Browser...
2025-08-16 12:04:59 [main] INFO  demoqaBase - Starting Web Browser...
2025-08-16 12:05:00 [main] INFO  demoqaBase - Navigating to demoqa.com Website
2025-08-16 12:05:05 [main] INFO  demoqaLog - Successfully navigated to: https://demoqa.com
2025-08-16 12:05:05 [main] INFO  demoqaLog - Starting Test Elements|Home|Selecting Downloads|Word & Excel File Check Boxes Test...
2025-08-16 12:05:05 [main] INFO  demoqaLog - Accessing Elements Card...
2025-08-16 12:05:05 [main] INFO  demoqaLog - Successfully navigated to: https://demoqa.com
2025-08-16 12:05:05 [main] INFO  demoqaLog - Clicking on Elements Card...
Title of this Page is: DEMOQA
You can now Access: Elements
 
2025-08-16 12:05:06 [main] INFO  demoqaLog - Accessing Check Box...
Check Box
2025-08-16 12:05:06 [main] INFO  demoqaLog - You are accessing: Check Box
2025-08-16 12:05:06 [main] INFO  demoqaLog - Clicking on Home Toggle Button...
2025-08-16 12:05:06 [main] INFO  demoqaLog - Clicking Downloads Toggle Button...
2025-08-16 12:05:06 [main] INFO  demoqaLog - Clicked Downloads Toggle Button...
2025-08-16 12:05:06 [main] INFO  demoqaLog - Selecting Downloads | Word File Check Box...
2025-08-16 12:05:06 [main] INFO  demoqaLog - Selected Downloads | Word File Check Box...
2025-08-16 12:05:06 [main] INFO  demoqaLog - Selecting Downloads | Excel File Check Box...
2025-08-16 12:05:06 [main] INFO  demoqaLog - Selected Downloads | Excel File Check Box...
Information Submitted is: You have selected :
downloads
wordFile
excelFile
2025-08-16 12:05:06 [main] INFO  demoqaLog - You have Selected: You have selected :
downloads
wordFile
excelFile
2025-08-16 12:05:06 [main] INFO  demoqaLog - Test Elements|Home|Selecting Downloads|Word & Excel File Check Boxes Completed...
]]></system-out>
  </testcase>
  <testcase name="clickRadioButton" classname="tests.ElementsTests" time="1.092">
    <system-out><![CDATA[2025-08-16 12:05:06 [main] INFO  demoqaBase - Closing the Browser...
2025-08-16 12:05:07 [main] INFO  demoqaBase - Starting Web Browser...
2025-08-16 12:05:08 [main] INFO  demoqaBase - Navigating to demoqa.com Website
2025-08-16 12:05:12 [main] INFO  demoqaLog - Successfully navigated to: https://demoqa.com
2025-08-16 12:05:12 [main] INFO  demoqaLog - Starting Test Elements|Radio Button Test...
2025-08-16 12:05:12 [main] INFO  demoqaLog - Accessing Elements Card...
2025-08-16 12:05:13 [main] INFO  demoqaLog - Successfully navigated to: https://demoqa.com
2025-08-16 12:05:13 [main] INFO  demoqaLog - Clicking on Elements Card...
Title of this Page is: DEMOQA
You can now Access: Elements
 
2025-08-16 12:05:13 [main] INFO  demoqaLog - Clicking on Radio Button...
2025-08-16 12:05:13 [main] INFO  demoqaLog - Validating Radio Button Click...
Page Title is: Radio Button
2025-08-16 12:05:14 [main] INFO  demoqaLog - Test Elements|Radio Button Completed...
]]></system-out>
  </testcase>
  <testcase name="SelectYesRadioButton" classname="tests.ElementsTests" time="1.137">
    <system-out><![CDATA[2025-08-16 12:05:14 [main] INFO  demoqaBase - Closing the Browser...
2025-08-16 12:05:14 [main] INFO  demoqaBase - Starting Web Browser...
2025-08-16 12:05:15 [main] INFO  demoqaBase - Navigating to demoqa.com Website
2025-08-16 12:05:19 [main] INFO  demoqaLog - Successfully navigated to: https://demoqa.com
2025-08-16 12:05:19 [main] INFO  demoqaLog - Starting Test Elements|Yes Radio Button Test...
2025-08-16 12:05:19 [main] INFO  demoqaLog - Accessing Elements Card...
2025-08-16 12:05:20 [main] INFO  demoqaLog - Successfully navigated to: https://demoqa.com
2025-08-16 12:05:20 [main] INFO  demoqaLog - Clicking on Elements Card...
Title of this Page is: DEMOQA
You can now Access: Elements
 
2025-08-16 12:05:20 [main] INFO  demoqaLog - Clicking on Radio Button...
2025-08-16 12:05:20 [main] INFO  demoqaLog - Selecting on Yes Radio Button...
2025-08-16 12:05:20 [main] INFO  demoqaLog - Validating Radio Selection Test Result...
2025-08-16 12:05:20 [main] INFO  demoqaLog - You have selected: Yes
2025-08-16 12:05:20 [main] INFO  demoqaLog - Test Case of Radio Button Selection PASSED...
2025-08-16 12:05:20 [main] INFO  demoqaLog - Test Elements|Yes Radio Button Completed...
]]></system-out>
  </testcase>
  <testcase name="SelectImpressiveRadioButton" classname="tests.ElementsTests" time="1.581">
    <system-out><![CDATA[2025-08-16 12:05:20 [main] INFO  demoqaBase - Closing the Browser...
2025-08-16 12:05:21 [main] INFO  demoqaBase - Starting Web Browser...
2025-08-16 12:05:22 [main] INFO  demoqaBase - Navigating to demoqa.com Website
2025-08-16 12:05:26 [main] INFO  demoqaLog - Successfully navigated to: https://demoqa.com
2025-08-16 12:05:26 [main] INFO  demoqaLog - Starting Test Elements|Yes Radio Button Test...
2025-08-16 12:05:26 [main] INFO  demoqaLog - Accessing Elements Card...
2025-08-16 12:05:27 [main] INFO  demoqaLog - Successfully navigated to: https://demoqa.com
2025-08-16 12:05:27 [main] INFO  demoqaLog - Clicking on Elements Card...
Title of this Page is: DEMOQA
You can now Access: Elements
 
2025-08-16 12:05:27 [main] INFO  demoqaLog - Clicking on Radio Button...
2025-08-16 12:05:27 [main] INFO  demoqaLog - Selecting on Impressive Radio Button...
2025-08-16 12:05:27 [main] INFO  demoqaLog - Validating Radio Selection Test Result...
2025-08-16 12:05:27 [main] INFO  demoqaLog - You have selected: Impressive
2025-08-16 12:05:27 [main] INFO  demoqaLog - Test Case of Radio Button Selection PASSED...
2025-08-16 12:05:27 [main] INFO  demoqaLog - Test Elements|Radio Button|Impressive Completed...
]]></system-out>
  </testcase>
  <testcase name="WebTablesClick" classname="tests.ElementsTests" time="0.277">
    <failure message="no such element: Unable to locate element: {&quot;method&quot;:&quot;xpath&quot;,&quot;selector&quot;:&quot;//div[@class=&apos;category-cards&apos;]//div[1]//div[1]//div[2]//*[name()=&apos;svg&apos;]&quot;}&#10;  (Session info: chrome=137.0.7151.120)&#10;For documentation on this error, please visit: https://www.selenium.dev/documentation/webdriver/troubleshooting/errors#no-such-element-exception&#10;Build info: version: &apos;4.34.0&apos;, revision: &apos;707dcb4246*&apos;&#10;System info: os.name: &apos;Windows 11&apos;, os.arch: &apos;amd64&apos;, os.version: &apos;10.0&apos;, java.version: &apos;21.0.7&apos;&#10;Driver info: org.openqa.selenium.chrome.ChromeDriver&#10;Command: [cdb81776222942c5180ef16bb0b2f288, findElement {value=//div[@class=&apos;category-cards&apos;]//div[1]//div[1]//div[2]//*[name()=&apos;svg&apos;], using=xpath}]&#10;Capabilities {acceptInsecureCerts: false, browserName: chrome, browserVersion: 137.0.7151.120, chrome: {chromedriverVersion: 137.0.7151.119 (e0ac9d12dff..., userDataDir: /tmp/chrome-profile-f88dfb5...}, fedcm:accounts: true, goog:chromeOptions: {debuggerAddress: localhost:58531}, networkConnectionEnabled: false, pageLoadStrategy: normal, platformName: windows, proxy: Proxy(), se:cdp: ws://localhost:58531/devtoo..., se:cdpVersion: 137.0.7151.120, setWindowRect: true, strictFileInteractability: false, timeouts: {implicit: 0, pageLoad: 300000, script: 30000}, unhandledPromptBehavior: dismiss and notify, webauthn:extension:credBlob: true, webauthn:extension:largeBlob: true, webauthn:extension:minPinLength: true, webauthn:extension:prf: true, webauthn:virtualAuthenticators: true}&#10;Session ID: cdb81776222942c5180ef16bb0b2f288" type="org.openqa.selenium.NoSuchElementException"><![CDATA[org.openqa.selenium.NoSuchElementException: 
no such element: Unable to locate element: {"method":"xpath","selector":"//div[@class='category-cards']//div[1]//div[1]//div[2]//*[name()='svg']"}
  (Session info: chrome=137.0.7151.120)
For documentation on this error, please visit: https://www.selenium.dev/documentation/webdriver/troubleshooting/errors#no-such-element-exception
Build info: version: '4.34.0', revision: '707dcb4246*'
System info: os.name: 'Windows 11', os.arch: 'amd64', os.version: '10.0', java.version: '21.0.7'
Driver info: org.openqa.selenium.chrome.ChromeDriver
Command: [cdb81776222942c5180ef16bb0b2f288, findElement {value=//div[@class='category-cards']//div[1]//div[1]//div[2]//*[name()='svg'], using=xpath}]
Capabilities {acceptInsecureCerts: false, browserName: chrome, browserVersion: 137.0.7151.120, chrome: {chromedriverVersion: 137.0.7151.119 (e0ac9d12dff..., userDataDir: /tmp/chrome-profile-f88dfb5...}, fedcm:accounts: true, goog:chromeOptions: {debuggerAddress: localhost:58531}, networkConnectionEnabled: false, pageLoadStrategy: normal, platformName: windows, proxy: Proxy(), se:cdp: ws://localhost:58531/devtoo..., se:cdpVersion: 137.0.7151.120, setWindowRect: true, strictFileInteractability: false, timeouts: {implicit: 0, pageLoad: 300000, script: 30000}, unhandledPromptBehavior: dismiss and notify, webauthn:extension:credBlob: true, webauthn:extension:largeBlob: true, webauthn:extension:minPinLength: true, webauthn:extension:prf: true, webauthn:virtualAuthenticators: true}
Session ID: cdb81776222942c5180ef16bb0b2f288
	at java.base/jdk.internal.reflect.DirectConstructorHandleAccessor.newInstance(DirectConstructorHandleAccessor.java:62)
	at java.base/java.lang.reflect.Constructor.newInstanceWithCaller(Constructor.java:502)
	at java.base/java.lang.reflect.Constructor.newInstance(Constructor.java:486)
	at org.openqa.selenium.remote.ErrorCodec.decode(ErrorCodec.java:167)
	at org.openqa.selenium.remote.codec.w3c.W3CHttpResponseCodec.decode(W3CHttpResponseCodec.java:138)
	at org.openqa.selenium.remote.codec.w3c.W3CHttpResponseCodec.decode(W3CHttpResponseCodec.java:50)
	at org.openqa.selenium.remote.HttpCommandExecutor.execute(HttpCommandExecutor.java:215)
	at org.openqa.selenium.remote.service.DriverCommandExecutor.invokeExecute(DriverCommandExecutor.java:216)
	at org.openqa.selenium.remote.service.DriverCommandExecutor.execute(DriverCommandExecutor.java:174)
	at org.openqa.selenium.remote.RemoteWebDriver.execute(RemoteWebDriver.java:544)
	at org.openqa.selenium.remote.ElementLocation$ElementFinder$2.findElement(ElementLocation.java:165)
	at org.openqa.selenium.remote.ElementLocation.findElement(ElementLocation.java:59)
	at org.openqa.selenium.remote.RemoteWebDriver.findElement(RemoteWebDriver.java:367)
	at org.openqa.selenium.remote.RemoteWebDriver.findElement(RemoteWebDriver.java:361)
	at pages.homePage.clickElementCard(homePage.java:21)
	at pages.elementsPage.accessElements(elementsPage.java:239)
	at tests.ElementsTests.WebTablesClick(ElementsTests.java:468)
	at java.base/jdk.internal.reflect.DirectMethodHandleAccessor.invoke(DirectMethodHandleAccessor.java:103)
	at java.base/java.lang.reflect.Method.invoke(Method.java:580)
	at org.testng.internal.invokers.MethodInvocationHelper.invokeMethod(MethodInvocationHelper.java:141)
	at org.testng.internal.invokers.TestInvoker.invokeMethod(TestInvoker.java:687)
	at org.testng.internal.invokers.TestInvoker.invokeTestMethod(TestInvoker.java:230)
	at org.testng.internal.invokers.MethodRunner.runInSequence(MethodRunner.java:63)
	at org.testng.internal.invokers.TestInvoker$MethodInvocationAgent.invoke(TestInvoker.java:995)
	at org.testng.internal.invokers.TestInvoker.invokeTestMethods(TestInvoker.java:203)
	at org.testng.internal.invokers.TestMethodWorker.invokeTestMethods(TestMethodWorker.java:154)
	at org.testng.internal.invokers.TestMethodWorker.run(TestMethodWorker.java:134)
	at java.base/java.util.ArrayList.forEach(ArrayList.java:1596)
	at org.testng.TestRunner.privateRun(TestRunner.java:741)
	at org.testng.TestRunner.run(TestRunner.java:616)
	at org.testng.SuiteRunner.runTest(SuiteRunner.java:421)
	at org.testng.SuiteRunner.runSequentially(SuiteRunner.java:413)
	at org.testng.SuiteRunner.privateRun(SuiteRunner.java:373)
	at org.testng.SuiteRunner.run(SuiteRunner.java:312)
	at org.testng.SuiteRunnerWorker.runSuite(SuiteRunnerWorker.java:52)
	at org.testng.SuiteRunnerWorker.run(SuiteRunnerWorker.java:95)
	at org.testng.TestNG.runSuitesSequentially(TestNG.java:1274)
	at org.testng.TestNG.runSuitesLocally(TestNG.java:1208)
	at org.testng.TestNG.runSuites(TestNG.java:1112)
	at org.testng.TestNG.run(TestNG.java:1079)
	at org.apache.maven.surefire.testng.TestNGExecutor.run(TestNGExecutor.java:155)
	at org.apache.maven.surefire.testng.TestNGDirectoryTestSuite.executeMulti(TestNGDirectoryTestSuite.java:169)
	at org.apache.maven.surefire.testng.TestNGDirectoryTestSuite.execute(TestNGDirectoryTestSuite.java:88)
	at org.apache.maven.surefire.testng.TestNGProvider.invoke(TestNGProvider.java:137)
	at org.apache.maven.surefire.booter.ForkedBooter.runSuitesInProcess(ForkedBooter.java:385)
	at org.apache.maven.surefire.booter.ForkedBooter.execute(ForkedBooter.java:162)
	at org.apache.maven.surefire.booter.ForkedBooter.run(ForkedBooter.java:507)
	at org.apache.maven.surefire.booter.ForkedBooter.main(ForkedBooter.java:495)
]]></failure>
    <system-out><![CDATA[2025-08-16 12:05:27 [main] INFO  demoqaBase - Closing the Browser...
2025-08-16 12:05:28 [main] INFO  demoqaBase - Starting Web Browser...
2025-08-16 12:05:29 [main] INFO  demoqaBase - Navigating to demoqa.com Website
2025-08-16 12:05:33 [main] INFO  demoqaLog - Successfully navigated to: https://demoqa.com
2025-08-16 12:05:33 [main] INFO  demoqaLog - Starting Test Elements|Web Tables Test...
2025-08-16 12:05:33 [main] INFO  demoqaLog - Accessing Elements Card...
2025-08-16 12:05:33 [main] INFO  demoqaLog - Successfully navigated to: https://demoqa.com
2025-08-16 12:05:33 [main] INFO  demoqaLog - Clicking on Elements Card...
]]></system-out>
  </testcase>
  <testcase name="webTableNewRegistration" classname="tests.ElementsTests" time="0.0">
    <skipped message="Method tests.ElementsTests.webTableNewRegistration() on instance tests.ElementsTests@5ddcc487 depends on not successfully finished methods &#10;[tests.ElementsTests.WebTablesClick() on instance tests.ElementsTests@5ddcc487]"/>
    <system-out><![CDATA[Path for Screenshot is: C:\ASN\eclipse_workspace\demoqa-automation/screenshots/com.aventstack.extentreports.ExtentTest@66716959Test Failed+2025-08-16_12-05-33.png
2025-08-16 12:05:33 [main] INFO  demoqaBase - Closing the Browser...
]]></system-out>
  </testcase>
  <testcase name="webTableAddSearch" classname="tests.ElementsTests" time="0.0">
    <skipped message="Method tests.ElementsTests.webTableAddSearch() on instance tests.ElementsTests@5ddcc487 depends on not successfully finished methods &#10;[tests.ElementsTests.WebTablesClick() on instance tests.ElementsTests@5ddcc487]"/>
  </testcase>
  <testcase name="webTableAddEditFirstName" classname="tests.ElementsTests" time="0.0">
    <skipped message="Method tests.ElementsTests.webTableAddEditFirstName() on instance tests.ElementsTests@5ddcc487 depends on not successfully finished methods &#10;[tests.ElementsTests.WebTablesClick() on instance tests.ElementsTests@5ddcc487]"/>
  </testcase>
  <testcase name="webTableAddSearchEdit" classname="tests.ElementsTests" time="0.0">
    <skipped message="Method tests.ElementsTests.webTableAddSearchEdit() on instance tests.ElementsTests@5ddcc487 depends on not successfully finished methods &#10;[tests.ElementsTests.WebTablesClick() on instance tests.ElementsTests@5ddcc487]"/>
  </testcase>
  <testcase name="webTableDeleteUser" classname="tests.ElementsTests" time="0.0">
    <skipped message="Method tests.ElementsTests.webTableDeleteUser() on instance tests.ElementsTests@5ddcc487 depends on not successfully finished methods &#10;[tests.ElementsTests.WebTablesClick() on instance tests.ElementsTests@5ddcc487]"/>
  </testcase>
  <testcase name="testAddAllUsersFromExcel" classname="tests.ElementsTests" time="0.0">
    <skipped message="Method tests.ElementsTests.testAddAllUsersFromExcel() on instance tests.ElementsTests@5ddcc487 depends on not successfully finished methods &#10;[tests.ElementsTests.WebTablesClick() on instance tests.ElementsTests@5ddcc487]"/>
  </testcase>
  <testcase name="testAddAllUsersSearchEdit" classname="tests.ElementsTests" time="0.0">
    <skipped message="Method tests.ElementsTests.testAddAllUsersSearchEdit() on instance tests.ElementsTests@5ddcc487 depends on not successfully finished methods &#10;[tests.ElementsTests.WebTablesClick() on instance tests.ElementsTests@5ddcc487]"/>
  </testcase>
  <testcase name="EditSalaryDepartment" classname="tests.ElementsTests" time="0.0">
    <skipped message="Method tests.ElementsTests.EditSalaryDepartment() on instance tests.ElementsTests@5ddcc487 depends on not successfully finished methods &#10;[tests.ElementsTests.WebTablesClick() on instance tests.ElementsTests@5ddcc487]"/>
  </testcase>
  <testcase name="Buttons" classname="tests.ElementsTests" time="0.287">
    <failure message="no such element: Unable to locate element: {&quot;method&quot;:&quot;xpath&quot;,&quot;selector&quot;:&quot;//div[@class=&apos;category-cards&apos;]//div[1]//div[1]//div[2]//*[name()=&apos;svg&apos;]&quot;}&#10;  (Session info: chrome=137.0.7151.120)&#10;For documentation on this error, please visit: https://www.selenium.dev/documentation/webdriver/troubleshooting/errors#no-such-element-exception&#10;Build info: version: &apos;4.34.0&apos;, revision: &apos;707dcb4246*&apos;&#10;System info: os.name: &apos;Windows 11&apos;, os.arch: &apos;amd64&apos;, os.version: &apos;10.0&apos;, java.version: &apos;21.0.7&apos;&#10;Driver info: org.openqa.selenium.chrome.ChromeDriver&#10;Command: [e2ce8ea2838bf5fd06c3dd6a8c47271b, findElement {value=//div[@class=&apos;category-cards&apos;]//div[1]//div[1]//div[2]//*[name()=&apos;svg&apos;], using=xpath}]&#10;Capabilities {acceptInsecureCerts: false, browserName: chrome, browserVersion: 137.0.7151.120, chrome: {chromedriverVersion: 137.0.7151.119 (e0ac9d12dff..., userDataDir: /tmp/chrome-profile-23b5ba5...}, fedcm:accounts: true, goog:chromeOptions: {debuggerAddress: localhost:58598}, networkConnectionEnabled: false, pageLoadStrategy: normal, platformName: windows, proxy: Proxy(), se:cdp: ws://localhost:58598/devtoo..., se:cdpVersion: 137.0.7151.120, setWindowRect: true, strictFileInteractability: false, timeouts: {implicit: 0, pageLoad: 300000, script: 30000}, unhandledPromptBehavior: dismiss and notify, webauthn:extension:credBlob: true, webauthn:extension:largeBlob: true, webauthn:extension:minPinLength: true, webauthn:extension:prf: true, webauthn:virtualAuthenticators: true}&#10;Session ID: e2ce8ea2838bf5fd06c3dd6a8c47271b" type="org.openqa.selenium.NoSuchElementException"><![CDATA[org.openqa.selenium.NoSuchElementException: 
no such element: Unable to locate element: {"method":"xpath","selector":"//div[@class='category-cards']//div[1]//div[1]//div[2]//*[name()='svg']"}
  (Session info: chrome=137.0.7151.120)
For documentation on this error, please visit: https://www.selenium.dev/documentation/webdriver/troubleshooting/errors#no-such-element-exception
Build info: version: '4.34.0', revision: '707dcb4246*'
System info: os.name: 'Windows 11', os.arch: 'amd64', os.version: '10.0', java.version: '21.0.7'
Driver info: org.openqa.selenium.chrome.ChromeDriver
Command: [e2ce8ea2838bf5fd06c3dd6a8c47271b, findElement {value=//div[@class='category-cards']//div[1]//div[1]//div[2]//*[name()='svg'], using=xpath}]
Capabilities {acceptInsecureCerts: false, browserName: chrome, browserVersion: 137.0.7151.120, chrome: {chromedriverVersion: 137.0.7151.119 (e0ac9d12dff..., userDataDir: /tmp/chrome-profile-23b5ba5...}, fedcm:accounts: true, goog:chromeOptions: {debuggerAddress: localhost:58598}, networkConnectionEnabled: false, pageLoadStrategy: normal, platformName: windows, proxy: Proxy(), se:cdp: ws://localhost:58598/devtoo..., se:cdpVersion: 137.0.7151.120, setWindowRect: true, strictFileInteractability: false, timeouts: {implicit: 0, pageLoad: 300000, script: 30000}, unhandledPromptBehavior: dismiss and notify, webauthn:extension:credBlob: true, webauthn:extension:largeBlob: true, webauthn:extension:minPinLength: true, webauthn:extension:prf: true, webauthn:virtualAuthenticators: true}
Session ID: e2ce8ea2838bf5fd06c3dd6a8c47271b
	at java.base/jdk.internal.reflect.DirectConstructorHandleAccessor.newInstance(DirectConstructorHandleAccessor.java:62)
	at java.base/java.lang.reflect.Constructor.newInstanceWithCaller(Constructor.java:502)
	at java.base/java.lang.reflect.Constructor.newInstance(Constructor.java:486)
	at org.openqa.selenium.remote.ErrorCodec.decode(ErrorCodec.java:167)
	at org.openqa.selenium.remote.codec.w3c.W3CHttpResponseCodec.decode(W3CHttpResponseCodec.java:138)
	at org.openqa.selenium.remote.codec.w3c.W3CHttpResponseCodec.decode(W3CHttpResponseCodec.java:50)
	at org.openqa.selenium.remote.HttpCommandExecutor.execute(HttpCommandExecutor.java:215)
	at org.openqa.selenium.remote.service.DriverCommandExecutor.invokeExecute(DriverCommandExecutor.java:216)
	at org.openqa.selenium.remote.service.DriverCommandExecutor.execute(DriverCommandExecutor.java:174)
	at org.openqa.selenium.remote.RemoteWebDriver.execute(RemoteWebDriver.java:544)
	at org.openqa.selenium.remote.ElementLocation$ElementFinder$2.findElement(ElementLocation.java:165)
	at org.openqa.selenium.remote.ElementLocation.findElement(ElementLocation.java:59)
	at org.openqa.selenium.remote.RemoteWebDriver.findElement(RemoteWebDriver.java:367)
	at org.openqa.selenium.remote.RemoteWebDriver.findElement(RemoteWebDriver.java:361)
	at pages.homePage.clickElementCard(homePage.java:21)
	at pages.elementsPage.accessElements(elementsPage.java:239)
	at tests.ElementsTests.Buttons(ElementsTests.java:753)
	at java.base/jdk.internal.reflect.DirectMethodHandleAccessor.invoke(DirectMethodHandleAccessor.java:103)
	at java.base/java.lang.reflect.Method.invoke(Method.java:580)
	at org.testng.internal.invokers.MethodInvocationHelper.invokeMethod(MethodInvocationHelper.java:141)
	at org.testng.internal.invokers.TestInvoker.invokeMethod(TestInvoker.java:687)
	at org.testng.internal.invokers.TestInvoker.invokeTestMethod(TestInvoker.java:230)
	at org.testng.internal.invokers.MethodRunner.runInSequence(MethodRunner.java:63)
	at org.testng.internal.invokers.TestInvoker$MethodInvocationAgent.invoke(TestInvoker.java:995)
	at org.testng.internal.invokers.TestInvoker.invokeTestMethods(TestInvoker.java:203)
	at org.testng.internal.invokers.TestMethodWorker.invokeTestMethods(TestMethodWorker.java:154)
	at org.testng.internal.invokers.TestMethodWorker.run(TestMethodWorker.java:134)
	at java.base/java.util.ArrayList.forEach(ArrayList.java:1596)
	at org.testng.TestRunner.privateRun(TestRunner.java:741)
	at org.testng.TestRunner.run(TestRunner.java:616)
	at org.testng.SuiteRunner.runTest(SuiteRunner.java:421)
	at org.testng.SuiteRunner.runSequentially(SuiteRunner.java:413)
	at org.testng.SuiteRunner.privateRun(SuiteRunner.java:373)
	at org.testng.SuiteRunner.run(SuiteRunner.java:312)
	at org.testng.SuiteRunnerWorker.runSuite(SuiteRunnerWorker.java:52)
	at org.testng.SuiteRunnerWorker.run(SuiteRunnerWorker.java:95)
	at org.testng.TestNG.runSuitesSequentially(TestNG.java:1274)
	at org.testng.TestNG.runSuitesLocally(TestNG.java:1208)
	at org.testng.TestNG.runSuites(TestNG.java:1112)
	at org.testng.TestNG.run(TestNG.java:1079)
	at org.apache.maven.surefire.testng.TestNGExecutor.run(TestNGExecutor.java:155)
	at org.apache.maven.surefire.testng.TestNGDirectoryTestSuite.executeMulti(TestNGDirectoryTestSuite.java:169)
	at org.apache.maven.surefire.testng.TestNGDirectoryTestSuite.execute(TestNGDirectoryTestSuite.java:88)
	at org.apache.maven.surefire.testng.TestNGProvider.invoke(TestNGProvider.java:137)
	at org.apache.maven.surefire.booter.ForkedBooter.runSuitesInProcess(ForkedBooter.java:385)
	at org.apache.maven.surefire.booter.ForkedBooter.execute(ForkedBooter.java:162)
	at org.apache.maven.surefire.booter.ForkedBooter.run(ForkedBooter.java:507)
	at org.apache.maven.surefire.booter.ForkedBooter.main(ForkedBooter.java:495)
]]></failure>
    <system-out><![CDATA[2025-08-16 12:05:33 [main] INFO  demoqaBase - Starting Web Browser...
2025-08-16 12:05:34 [main] INFO  demoqaBase - Navigating to demoqa.com Website
2025-08-16 12:05:35 [main] INFO  demoqaLog - Successfully navigated to: https://demoqa.com
2025-08-16 12:05:35 [main] INFO  demoqaLog - Accessing Elements Card...
2025-08-16 12:05:35 [main] INFO  demoqaLog - Successfully navigated to: https://demoqa.com
2025-08-16 12:05:35 [main] INFO  demoqaLog - Clicking on Elements Card...
]]></system-out>
  </testcase>
  <testcase name="DoubleClickButtons" classname="tests.ElementsTests" time="0.264">
    <failure message="no such element: Unable to locate element: {&quot;method&quot;:&quot;xpath&quot;,&quot;selector&quot;:&quot;//div[@class=&apos;category-cards&apos;]//div[1]//div[1]//div[2]//*[name()=&apos;svg&apos;]&quot;}&#10;  (Session info: chrome=137.0.7151.120)&#10;For documentation on this error, please visit: https://www.selenium.dev/documentation/webdriver/troubleshooting/errors#no-such-element-exception&#10;Build info: version: &apos;4.34.0&apos;, revision: &apos;707dcb4246*&apos;&#10;System info: os.name: &apos;Windows 11&apos;, os.arch: &apos;amd64&apos;, os.version: &apos;10.0&apos;, java.version: &apos;21.0.7&apos;&#10;Driver info: org.openqa.selenium.chrome.ChromeDriver&#10;Command: [3b084d9446c4e6c594dd1753b9705fed, findElement {value=//div[@class=&apos;category-cards&apos;]//div[1]//div[1]//div[2]//*[name()=&apos;svg&apos;], using=xpath}]&#10;Capabilities {acceptInsecureCerts: false, browserName: chrome, browserVersion: 137.0.7151.120, chrome: {chromedriverVersion: 137.0.7151.119 (e0ac9d12dff..., userDataDir: /tmp/chrome-profile-cf00894...}, fedcm:accounts: true, goog:chromeOptions: {debuggerAddress: localhost:58619}, networkConnectionEnabled: false, pageLoadStrategy: normal, platformName: windows, proxy: Proxy(), se:cdp: ws://localhost:58619/devtoo..., se:cdpVersion: 137.0.7151.120, setWindowRect: true, strictFileInteractability: false, timeouts: {implicit: 0, pageLoad: 300000, script: 30000}, unhandledPromptBehavior: dismiss and notify, webauthn:extension:credBlob: true, webauthn:extension:largeBlob: true, webauthn:extension:minPinLength: true, webauthn:extension:prf: true, webauthn:virtualAuthenticators: true}&#10;Session ID: 3b084d9446c4e6c594dd1753b9705fed" type="org.openqa.selenium.NoSuchElementException"><![CDATA[org.openqa.selenium.NoSuchElementException: 
no such element: Unable to locate element: {"method":"xpath","selector":"//div[@class='category-cards']//div[1]//div[1]//div[2]//*[name()='svg']"}
  (Session info: chrome=137.0.7151.120)
For documentation on this error, please visit: https://www.selenium.dev/documentation/webdriver/troubleshooting/errors#no-such-element-exception
Build info: version: '4.34.0', revision: '707dcb4246*'
System info: os.name: 'Windows 11', os.arch: 'amd64', os.version: '10.0', java.version: '21.0.7'
Driver info: org.openqa.selenium.chrome.ChromeDriver
Command: [3b084d9446c4e6c594dd1753b9705fed, findElement {value=//div[@class='category-cards']//div[1]//div[1]//div[2]//*[name()='svg'], using=xpath}]
Capabilities {acceptInsecureCerts: false, browserName: chrome, browserVersion: 137.0.7151.120, chrome: {chromedriverVersion: 137.0.7151.119 (e0ac9d12dff..., userDataDir: /tmp/chrome-profile-cf00894...}, fedcm:accounts: true, goog:chromeOptions: {debuggerAddress: localhost:58619}, networkConnectionEnabled: false, pageLoadStrategy: normal, platformName: windows, proxy: Proxy(), se:cdp: ws://localhost:58619/devtoo..., se:cdpVersion: 137.0.7151.120, setWindowRect: true, strictFileInteractability: false, timeouts: {implicit: 0, pageLoad: 300000, script: 30000}, unhandledPromptBehavior: dismiss and notify, webauthn:extension:credBlob: true, webauthn:extension:largeBlob: true, webauthn:extension:minPinLength: true, webauthn:extension:prf: true, webauthn:virtualAuthenticators: true}
Session ID: 3b084d9446c4e6c594dd1753b9705fed
	at java.base/jdk.internal.reflect.DirectConstructorHandleAccessor.newInstance(DirectConstructorHandleAccessor.java:62)
	at java.base/java.lang.reflect.Constructor.newInstanceWithCaller(Constructor.java:502)
	at java.base/java.lang.reflect.Constructor.newInstance(Constructor.java:486)
	at org.openqa.selenium.remote.ErrorCodec.decode(ErrorCodec.java:167)
	at org.openqa.selenium.remote.codec.w3c.W3CHttpResponseCodec.decode(W3CHttpResponseCodec.java:138)
	at org.openqa.selenium.remote.codec.w3c.W3CHttpResponseCodec.decode(W3CHttpResponseCodec.java:50)
	at org.openqa.selenium.remote.HttpCommandExecutor.execute(HttpCommandExecutor.java:215)
	at org.openqa.selenium.remote.service.DriverCommandExecutor.invokeExecute(DriverCommandExecutor.java:216)
	at org.openqa.selenium.remote.service.DriverCommandExecutor.execute(DriverCommandExecutor.java:174)
	at org.openqa.selenium.remote.RemoteWebDriver.execute(RemoteWebDriver.java:544)
	at org.openqa.selenium.remote.ElementLocation$ElementFinder$2.findElement(ElementLocation.java:165)
	at org.openqa.selenium.remote.ElementLocation.findElement(ElementLocation.java:59)
	at org.openqa.selenium.remote.RemoteWebDriver.findElement(RemoteWebDriver.java:367)
	at org.openqa.selenium.remote.RemoteWebDriver.findElement(RemoteWebDriver.java:361)
	at pages.homePage.clickElementCard(homePage.java:21)
	at pages.elementsPage.accessElements(elementsPage.java:239)
	at tests.ElementsTests.DoubleClickButtons(ElementsTests.java:766)
	at java.base/jdk.internal.reflect.DirectMethodHandleAccessor.invoke(DirectMethodHandleAccessor.java:103)
	at java.base/java.lang.reflect.Method.invoke(Method.java:580)
	at org.testng.internal.invokers.MethodInvocationHelper.invokeMethod(MethodInvocationHelper.java:141)
	at org.testng.internal.invokers.TestInvoker.invokeMethod(TestInvoker.java:687)
	at org.testng.internal.invokers.TestInvoker.invokeTestMethod(TestInvoker.java:230)
	at org.testng.internal.invokers.MethodRunner.runInSequence(MethodRunner.java:63)
	at org.testng.internal.invokers.TestInvoker$MethodInvocationAgent.invoke(TestInvoker.java:995)
	at org.testng.internal.invokers.TestInvoker.invokeTestMethods(TestInvoker.java:203)
	at org.testng.internal.invokers.TestMethodWorker.invokeTestMethods(TestMethodWorker.java:154)
	at org.testng.internal.invokers.TestMethodWorker.run(TestMethodWorker.java:134)
	at java.base/java.util.ArrayList.forEach(ArrayList.java:1596)
	at org.testng.TestRunner.privateRun(TestRunner.java:741)
	at org.testng.TestRunner.run(TestRunner.java:616)
	at org.testng.SuiteRunner.runTest(SuiteRunner.java:421)
	at org.testng.SuiteRunner.runSequentially(SuiteRunner.java:413)
	at org.testng.SuiteRunner.privateRun(SuiteRunner.java:373)
	at org.testng.SuiteRunner.run(SuiteRunner.java:312)
	at org.testng.SuiteRunnerWorker.runSuite(SuiteRunnerWorker.java:52)
	at org.testng.SuiteRunnerWorker.run(SuiteRunnerWorker.java:95)
	at org.testng.TestNG.runSuitesSequentially(TestNG.java:1274)
	at org.testng.TestNG.runSuitesLocally(TestNG.java:1208)
	at org.testng.TestNG.runSuites(TestNG.java:1112)
	at org.testng.TestNG.run(TestNG.java:1079)
	at org.apache.maven.surefire.testng.TestNGExecutor.run(TestNGExecutor.java:155)
	at org.apache.maven.surefire.testng.TestNGDirectoryTestSuite.executeMulti(TestNGDirectoryTestSuite.java:169)
	at org.apache.maven.surefire.testng.TestNGDirectoryTestSuite.execute(TestNGDirectoryTestSuite.java:88)
	at org.apache.maven.surefire.testng.TestNGProvider.invoke(TestNGProvider.java:137)
	at org.apache.maven.surefire.booter.ForkedBooter.runSuitesInProcess(ForkedBooter.java:385)
	at org.apache.maven.surefire.booter.ForkedBooter.execute(ForkedBooter.java:162)
	at org.apache.maven.surefire.booter.ForkedBooter.run(ForkedBooter.java:507)
	at org.apache.maven.surefire.booter.ForkedBooter.main(ForkedBooter.java:495)
]]></failure>
    <system-out><![CDATA[Path for Screenshot is: C:\ASN\eclipse_workspace\demoqa-automation/screenshots/com.aventstack.extentreports.ExtentTest@66716959Test Failed+2025-08-16_12-05-35.png
2025-08-16 12:05:36 [main] INFO  demoqaBase - Closing the Browser...
2025-08-16 12:05:36 [main] INFO  demoqaBase - Starting Web Browser...
2025-08-16 12:05:37 [main] INFO  demoqaBase - Navigating to demoqa.com Website
2025-08-16 12:05:38 [main] INFO  demoqaLog - Successfully navigated to: https://demoqa.com
2025-08-16 12:05:38 [main] INFO  demoqaLog - Accessing Elements Card...
2025-08-16 12:05:38 [main] INFO  demoqaLog - Successfully navigated to: https://demoqa.com
2025-08-16 12:05:38 [main] INFO  demoqaLog - Clicking on Elements Card...
]]></system-out>
  </testcase>
  <testcase name="RightClickButton" classname="tests.ElementsTests" time="1.743">
    <system-out><![CDATA[Path for Screenshot is: C:\ASN\eclipse_workspace\demoqa-automation/screenshots/com.aventstack.extentreports.ExtentTest@66716959Test Failed+2025-08-16_12-05-38.png
2025-08-16 12:05:38 [main] INFO  demoqaBase - Closing the Browser...
2025-08-16 12:05:38 [main] INFO  demoqaBase - Starting Web Browser...
2025-08-16 12:05:39 [main] INFO  demoqaBase - Navigating to demoqa.com Website
2025-08-16 12:05:43 [main] INFO  demoqaLog - Successfully navigated to: https://demoqa.com
2025-08-16 12:05:43 [main] INFO  demoqaLog - Accessing Elements Card...
2025-08-16 12:05:45 [main] INFO  demoqaLog - Successfully navigated to: https://demoqa.com
2025-08-16 12:05:45 [main] INFO  demoqaLog - Clicking on Elements Card...
Title of this Page is: DEMOQA
You can now Access: Elements
 
2025-08-16 12:05:45 [main] INFO  demoqaLog - Clicking on Elements|Buttons...
2025-08-16 12:05:45 [main] INFO  demoqaLog - Clicked on Elements|Buttons...
2025-08-16 12:05:45 [main] INFO  demoqaLog - Clicking on Elements|Buttons|Right Click button...
2025-08-16 12:05:45 [main] INFO  demoqaLog - Clicked on Elements|Buttons|Right Click button...You have done a right click
2025-08-16 12:05:45 [main] INFO  demoqaLog - Test for Elements|Buttons|Right Click Completed Successfully...
]]></system-out>
  </testcase>
  <testcase name="ClickMeButton" classname="tests.ElementsTests" time="1.25">
    <system-out><![CDATA[2025-08-16 12:05:45 [main] INFO  demoqaBase - Closing the Browser...
2025-08-16 12:05:45 [main] INFO  demoqaBase - Starting Web Browser...
2025-08-16 12:05:46 [main] INFO  demoqaBase - Navigating to demoqa.com Website
2025-08-16 12:05:51 [main] INFO  demoqaLog - Successfully navigated to: https://demoqa.com
2025-08-16 12:05:51 [main] INFO  demoqaLog - Accessing Elements Card...
2025-08-16 12:05:52 [main] INFO  demoqaLog - Successfully navigated to: https://demoqa.com
2025-08-16 12:05:52 [main] INFO  demoqaLog - Clicking on Elements Card...
Title of this Page is: DEMOQA
You can now Access: Elements
 
2025-08-16 12:05:52 [main] INFO  demoqaLog - Clicking on Elements|Buttons...
2025-08-16 12:05:52 [main] INFO  demoqaLog - Clicked on Elements|Buttons...
2025-08-16 12:05:52 [main] INFO  demoqaLog - Clicking on Elements|Buttons|Click Me button...
2025-08-16 12:05:52 [main] INFO  demoqaLog - Clicked on Elements|Buttons|Click Me button...You have done a dynamic click
2025-08-16 12:05:52 [main] INFO  demoqaLog - Test for Elements|Buttons|Click Me Button Completed Successfully...
]]></system-out>
  </testcase>
  <testcase name="ClickAllButtons" classname="tests.ElementsTests" time="10.631">
    <system-out><![CDATA[2025-08-16 12:05:52 [main] INFO  demoqaBase - Closing the Browser...
2025-08-16 12:05:53 [main] INFO  demoqaBase - Starting Web Browser...
2025-08-16 12:05:54 [main] INFO  demoqaBase - Navigating to demoqa.com Website
2025-08-16 12:05:58 [main] INFO  demoqaLog - Successfully navigated to: https://demoqa.com
2025-08-16 12:05:58 [main] INFO  demoqaLog - Accessing Elements Card...
2025-08-16 12:05:59 [main] INFO  demoqaLog - Successfully navigated to: https://demoqa.com
2025-08-16 12:05:59 [main] INFO  demoqaLog - Clicking on Elements Card...
Title of this Page is: DEMOQA
You can now Access: Elements
 
2025-08-16 12:05:59 [main] INFO  demoqaLog - Clicking on Elements|Buttons...
2025-08-16 12:05:59 [main] INFO  demoqaLog - Clicked on Elements|Buttons...
2025-08-16 12:06:02 [main] INFO  demoqaLog - Clicking on Elements|Buttons|Double Click button...
You have done a double click
2025-08-16 12:06:02 [main] INFO  demoqaLog - Clicked on Elements|Buttons|Double Click button...You have done a double click
2025-08-16 12:06:05 [main] INFO  demoqaLog - Clicking on Elements|Buttons|Right Click button...
2025-08-16 12:06:05 [main] INFO  demoqaLog - Clicked on Elements|Buttons|Right Click button...You have done a right click
2025-08-16 12:06:08 [main] INFO  demoqaLog - Clicking on Elements|Buttons|Click Me button...
2025-08-16 12:06:09 [main] INFO  demoqaLog - Clicked on Elements|Buttons|Click Me button...You have done a dynamic click
2025-08-16 12:06:09 [main] INFO  demoqaLog - Test for Elements|Buttons|Click All Buttons Completed Successfully...
]]></system-out>
  </testcase>
  <testcase name="ClickLinks" classname="tests.ElementsTests" time="1.359">
    <system-out><![CDATA[Path for Screenshot is: C:\ASN\eclipse_workspace\demoqa-automation/screenshots/ClickAllButtons Passed+2025-08-16_12-06-09.png
2025-08-16 12:06:09 [main] INFO  demoqaBase - Closing the Browser...
2025-08-16 12:06:09 [main] INFO  demoqaBase - Starting Web Browser...
2025-08-16 12:06:10 [main] INFO  demoqaBase - Navigating to demoqa.com Website
2025-08-16 12:06:14 [main] INFO  demoqaLog - Successfully navigated to: https://demoqa.com
2025-08-16 12:06:14 [main] INFO  demoqaLog - Accessing Elements Card...
2025-08-16 12:06:15 [main] INFO  demoqaLog - Successfully navigated to: https://demoqa.com
2025-08-16 12:06:15 [main] INFO  demoqaLog - Clicking on Elements Card...
Title of this Page is: DEMOQA
You can now Access: Elements
 
2025-08-16 12:06:15 [main] INFO  demoqaLog - Clicking on Elements|Links|Home Link...
2025-08-16 12:06:16 [main] INFO  demoqaLog - Clicked on Elements|Links|Home Link...
2025-08-16 12:06:16 [main] INFO  demoqaLog - Test for Elements|Links Completed Successfully...
]]></system-out>
  </testcase>
  <testcase name="ClickHomeLink" classname="tests.ElementsTests" time="1.309">
    <system-out><![CDATA[2025-08-16 12:06:16 [main] INFO  demoqaBase - Closing the Browser...
2025-08-16 12:06:16 [main] INFO  demoqaBase - Starting Web Browser...
2025-08-16 12:06:17 [main] INFO  demoqaBase - Navigating to demoqa.com Website
2025-08-16 12:06:21 [main] INFO  demoqaLog - Successfully navigated to: https://demoqa.com
2025-08-16 12:06:21 [main] INFO  demoqaLog - Accessing Elements Card...
2025-08-16 12:06:21 [main] INFO  demoqaLog - Successfully navigated to: https://demoqa.com
2025-08-16 12:06:21 [main] INFO  demoqaLog - Clicking on Elements Card...
Title of this Page is: DEMOQA
You can now Access: Elements
 
2025-08-16 12:06:22 [main] INFO  demoqaLog - Clicking on Elements|Links|Home Link...
2025-08-16 12:06:22 [main] INFO  demoqaLog - Clicked on Elements|Links|Home Link...
2025-08-16 12:06:22 [main] INFO  demoqaLog - Clicking on Elements|Links|Home Link...
2025-08-16 12:06:22 [main] INFO  demoqaLog - Clicked on Elements|Links|Home Link...
2025-08-16 12:06:22 [main] INFO  demoqaLog - Test for Elements|Links|Home Completed Successfully...
]]></system-out>
  </testcase>
  <testcase name="ClickDynamicHomeLink" classname="tests.ElementsTests" time="1.833">
    <system-out><![CDATA[2025-08-16 12:06:22 [main] INFO  demoqaBase - Closing the Browser...
2025-08-16 12:06:22 [main] INFO  demoqaBase - Starting Web Browser...
2025-08-16 12:06:23 [main] INFO  demoqaBase - Navigating to demoqa.com Website
2025-08-16 12:06:27 [main] INFO  demoqaLog - Successfully navigated to: https://demoqa.com
2025-08-16 12:06:27 [main] INFO  demoqaLog - Accessing Elements Card...
2025-08-16 12:06:29 [main] INFO  demoqaLog - Successfully navigated to: https://demoqa.com
2025-08-16 12:06:29 [main] INFO  demoqaLog - Clicking on Elements Card...
Title of this Page is: DEMOQA
You can now Access: Elements
 
2025-08-16 12:06:29 [main] INFO  demoqaLog - Clicking on Elements|Links|Home Link...
2025-08-16 12:06:29 [main] INFO  demoqaLog - Clicked on Elements|Links|Home Link...
2025-08-16 12:06:29 [main] INFO  demoqaLog - Clicking on Elements|Links|DynamicHome Link...
2025-08-16 12:06:29 [main] INFO  demoqaLog - Clicked on Elements|Links|DynamicHome Link...
2025-08-16 12:06:29 [main] INFO  demoqaLog - Test for Elements|Links|Dynamic Home Completed Successfully...
]]></system-out>
  </testcase>
  <testcase name="ClickCreatedAPILink" classname="tests.ElementsTests" time="1.139">
    <system-out><![CDATA[2025-08-16 12:06:29 [main] INFO  demoqaBase - Closing the Browser...
2025-08-16 12:06:30 [main] INFO  demoqaBase - Starting Web Browser...
2025-08-16 12:06:31 [main] INFO  demoqaBase - Navigating to demoqa.com Website
2025-08-16 12:06:36 [main] INFO  demoqaLog - Successfully navigated to: https://demoqa.com
2025-08-16 12:06:36 [main] INFO  demoqaLog - Accessing Elements Card...
2025-08-16 12:06:36 [main] INFO  demoqaLog - Successfully navigated to: https://demoqa.com
2025-08-16 12:06:36 [main] INFO  demoqaLog - Clicking on Elements Card...
Title of this Page is: DEMOQA
You can now Access: Elements
 
2025-08-16 12:06:37 [main] INFO  demoqaLog - Clicking on Elements|Links|Home Link...
2025-08-16 12:06:37 [main] INFO  demoqaLog - Clicked on Elements|Links|Home Link...
2025-08-16 12:06:37 [main] INFO  demoqaLog - Clicking on Elements|Links|Created Link...
2025-08-16 12:06:37 [main] INFO  demoqaLog - Clicked on Elements|Links|Created Link...
2025-08-16 12:06:37 [main] INFO  FetchLinkResponse - Fetching link response...
2025-08-16 12:06:37 [main] INFO  FetchLinkResponse - Response fetched: Created
Created
2025-08-16 12:06:37 [main] INFO  demoqaLog - Clicked on Elements|Links|Created Link response is: Created
[...]
2025-08-16 12:07:19 [main] INFO  FetchLinkResponse - Fetching link response...
2025-08-16 12:07:19 [main] INFO  FetchLinkResponse - Response fetched: Forbidden
Forbidden
2025-08-16 12:07:19 [main] INFO  demoqaLog - Clicked on Elements|Links|Forbidden Link response is: Forbidden
2025-08-16 12:07:22 [main] INFO  demoqaLog - Clicking on Elements|Links|NotFound Link...
2025-08-16 12:07:22 [main] INFO  demoqaLog - Clicked on Elements|Links|NotFound Link...
2025-08-16 12:07:22 [main] INFO  FetchLinkResponse - Fetching link response...
2025-08-16 12:07:22 [main] INFO  FetchLinkResponse - Response fetched: Not Found
Not Found
2025-08-16 12:07:22 [main] INFO  demoqaLog - Clicked on Elements|Links|Not Found Link response is: Not Found
2025-08-16 12:07:22 [main] INFO  demoqaLog - Test for Elements|Links|All Links in One GO Completed Successfully...
]]></system-out>
  </testcase>
  <testcase name="ClickBadRequestLink" classname="tests.ElementsTests" time="1.581">
    <system-out><![CDATA[2025-08-16 12:07:22 [main] INFO  demoqaBase - Closing the Browser...
2025-08-16 12:07:23 [main] INFO  demoqaBase - Starting Web Browser...
2025-08-16 12:07:24 [main] INFO  demoqaBase - Navigating to demoqa.com Website
2025-08-16 12:07:28 [main] INFO  demoqaLog - Successfully navigated to: https://demoqa.com
2025-08-16 12:07:28 [main] INFO  demoqaLog - Accessing Elements Card...
2025-08-16 12:07:29 [main] INFO  demoqaLog - Successfully navigated to: https://demoqa.com
2025-08-16 12:07:29 [main] INFO  demoqaLog - Clicking on Elements Card...
Title of this Page is: DEMOQA
You can now Access: Elements
 
2025-08-16 12:07:29 [main] INFO  demoqaLog - Clicking on Elements|Links|Home Link...
2025-08-16 12:07:29 [main] INFO  demoqaLog - Clicked on Elements|Links|Home Link...
2025-08-16 12:07:29 [main] INFO  demoqaLog - Clicking on Elements|Links|Bad Request Link...
2025-08-16 12:07:29 [main] INFO  demoqaLog - Clicked on Elements|Links|Bad Request Link...
2025-08-16 12:07:29 [main] INFO  FetchLinkResponse - Fetching link response...
2025-08-16 12:07:30 [main] INFO  FetchLinkResponse - Response fetched: Bad Request
Bad Request
2025-08-16 12:07:30 [main] INFO  demoqaLog - Clicked on Elements|Links|Bad Request Link response is: Bad Request
2025-08-16 12:07:30 [main] INFO  demoqaLog - Test for Elements|Links|Bad Request Link Completed Successfully...
]]></system-out>
  </testcase>
  <testcase name="ClickUnauthorizedLink" classname="tests.ElementsTests" time="1.563">
    <system-out><![CDATA[2025-08-16 12:07:30 [main] INFO  demoqaBase - Closing the Browser...
2025-08-16 12:07:30 [main] INFO  demoqaBase - Starting Web Browser...
2025-08-16 12:07:31 [main] INFO  demoqaBase - Navigating to demoqa.com Website
2025-08-16 12:07:35 [main] INFO  demoqaLog - Successfully navigated to: https://demoqa.com
2025-08-16 12:07:35 [main] INFO  demoqaLog - Accessing Elements Card...
2025-08-16 12:07:36 [main] INFO  demoqaLog - Successfully navigated to: https://demoqa.com
2025-08-16 12:07:36 [main] INFO  demoqaLog - Clicking on Elements Card...
Title of this Page is: DEMOQA
You can now Access: Elements
 
2025-08-16 12:07:36 [main] INFO  demoqaLog - Clicking on Elements|Links|Home Link...
2025-08-16 12:07:37 [main] INFO  demoqaLog - Clicked on Elements|Links|Home Link...
2025-08-16 12:07:37 [main] INFO  demoqaLog - Clicking on Elements|Links|Unauthorized Link...
2025-08-16 12:07:37 [main] INFO  demoqaLog - Clicked on Elements|Links|Unauthorized Link...
2025-08-16 12:07:37 [main] INFO  FetchLinkResponse - Fetching link response...
2025-08-16 12:07:37 [main] INFO  FetchLinkResponse - Response fetched: Unauthorized
Unauthorized
2025-08-16 12:07:37 [main] INFO  demoqaLog - Clicked on Elements|Links|Unauthorized Link response is: Unauthorized
2025-08-16 12:07:37 [main] INFO  demoqaLog - Test for Elements|Links|Unauthorized Link Completed Successfully...
]]></system-out>
  </testcase>
  <testcase name="ClickForbiddenLink" classname="tests.ElementsTests" time="1.638">
    <system-out><![CDATA[2025-08-16 12:07:37 [main] INFO  demoqaBase - Closing the Browser...
2025-08-16 12:07:37 [main] INFO  demoqaBase - Starting Web Browser...
2025-08-16 12:07:38 [main] INFO  demoqaBase - Navigating to demoqa.com Website
2025-08-16 12:07:42 [main] INFO  demoqaLog - Successfully navigated to: https://demoqa.com
2025-08-16 12:07:42 [main] INFO  demoqaLog - Accessing Elements Card...
2025-08-16 12:07:43 [main] INFO  demoqaLog - Successfully navigated to: https://demoqa.com
2025-08-16 12:07:43 [main] INFO  demoqaLog - Clicking on Elements Card...
Title of this Page is: DEMOQA
You can now Access: Elements
 
2025-08-16 12:07:43 [main] INFO  demoqaLog - Clicking on Elements|Links|Home Link...
2025-08-16 12:07:44 [main] INFO  demoqaLog - Clicked on Elements|Links|Home Link...
2025-08-16 12:07:44 [main] INFO  demoqaLog - Clicking on Elements|Links|Forbidden Link...
2025-08-16 12:07:44 [main] INFO  demoqaLog - Clicked on Elements|Links|Forbidden Link...
2025-08-16 12:07:44 [main] INFO  FetchLinkResponse - Fetching link response...
2025-08-16 12:07:44 [main] INFO  FetchLinkResponse - Response fetched: Forbidden
Forbidden
2025-08-16 12:07:44 [main] INFO  demoqaLog - Clicked on Elements|Links|Forbidden Link response is: Forbidden
2025-08-16 12:07:44 [main] INFO  demoqaLog - Test for Elements|Links|Forbidden Link Completed Successfully...
]]></system-out>
  </testcase>
  <testcase name="ClickNotFoundLink" classname="tests.ElementsTests" time="1.093">
    <system-out><![CDATA[2025-08-16 12:07:44 [main] INFO  demoqaBase - Closing the Browser...
2025-08-16 12:07:44 [main] INFO  demoqaBase - Starting Web Browser...
2025-08-16 12:07:45 [main] INFO  demoqaBase - Navigating to demoqa.com Website
2025-08-16 12:07:50 [main] INFO  demoqaLog - Successfully navigated to: https://demoqa.com
2025-08-16 12:07:50 [main] INFO  demoqaLog - Accessing Elements Card...
2025-08-16 12:07:50 [main] INFO  demoqaLog - Successfully navigated to: https://demoqa.com
2025-08-16 12:07:50 [main] INFO  demoqaLog - Clicking on Elements Card...
Title of this Page is: DEMOQA
You can now Access: Elements
 
2025-08-16 12:07:50 [main] INFO  demoqaLog - Clicking on Elements|Links|Home Link...
2025-08-16 12:07:51 [main] INFO  demoqaLog - Clicked on Elements|Links|Home Link...
2025-08-16 12:07:51 [main] INFO  demoqaLog - Clicking on Elements|Links|NotFound Link...
2025-08-16 12:07:51 [main] INFO  demoqaLog - Clicked on Elements|Links|NotFound Link...
2025-08-16 12:07:51 [main] INFO  FetchLinkResponse - Fetching link response...
2025-08-16 12:07:51 [main] INFO  FetchLinkResponse - Response fetched: Not Found
Not Found
2025-08-16 12:07:51 [main] INFO  demoqaLog - Clicked on Elements|Links|Not Found Link response is: Not Found
2025-08-16 12:07:51 [main] INFO  demoqaLog - Test for Elements|Links|NotFound Link Completed Successfully...
]]></system-out>
  </testcase>
  <testcase name="FormCard" classname="tests.FormTests" time="0.282">
    <system-out><![CDATA[2025-08-16 12:07:51 [main] INFO  demoqaBase - Closing the Browser...
2025-08-16 12:07:51 [main] INFO  demoqaBase - Starting Web Browser...
2025-08-16 12:07:52 [main] INFO  demoqaBase - Navigating to demoqa.com Website
2025-08-16 12:07:56 [main] INFO  demoqaLog - Successfully navigated to: https://demoqa.com
2025-08-16 12:07:56 [main] INFO  demoqaLog - Starting Form Card Test...
2025-08-16 12:07:56 [main] INFO  demoqaLog - Clicking on Form Card...
2025-08-16 12:07:56 [main] INFO  demoqaLog - Clicked on Form Card...
2025-08-16 12:07:56 [main] INFO  demoqaLog - Clicking on Practice Form...
2025-08-16 12:07:56 [main] INFO  demoqaLog - Clicked on Practice Form...
Title of this Page is: DEMOQA
2025-08-16 12:07:56 [main] INFO  demoqaLog - Form Card Test Completed...
]]></system-out>
  </testcase>
  <testcase name="fillForm[UserFormData{firstName=&apos;Johny&apos;, lastName=&apos;Bravo&apos;, userMail=&apos;Jbravo@demoqa.com&apos;, gender=&apos;Male&apos;, mobile=&apos;9.238343488E9&apos;, dob=&apos;15-08-2000&apos;, subject=&apos;Computer Science&apos;, hobbies=&apos;Sports,Music&apos;, picturePath=&apos;/TestData/Mphoto.jpg&apos;, address=&apos;511 Grant 481, Prattsville\n Arkansas 72129\n United States&apos;, state=&apos;NCR&apos;, city=&apos;Delhi&apos;}](1)" classname="tests.FormTests" time="6.139">
    <system-out><![CDATA[2025-08-16 12:07:56 [main] INFO  demoqaBase - Closing the Browser...
2025-08-16 12:07:57 [main] INFO  demoqaBase - Starting Web Browser...
2025-08-16 12:07:58 [main] INFO  demoqaBase - Navigating to demoqa.com Website
2025-08-16 12:08:02 [main] INFO  demoqaLog - Successfully navigated to: https://demoqa.com
2025-08-16 12:08:02 [main] INFO  demoqaLog - Starting Form Filling Test...
2025-08-16 12:08:03 [main] INFO  demoqaLog - Successfully navigated to: https://demoqa.com
2025-08-16 12:08:03 [main] INFO  demoqaLog - Accessing Form Card...
2025-08-16 12:08:04 [main] INFO  demoqaLog - Successfully navigated to: https://demoqa.com
2025-08-16 12:08:04 [main] INFO  demoqaLog - Clicking on Form Card...
2025-08-16 12:08:04 [main] INFO  demoqaLog - Clicked on Form Card...
2025-08-16 12:08:04 [main] INFO  demoqaLog - Clicking on Practice Form...
2025-08-16 12:08:04 [main] INFO  demoqaLog - Clicked on Practice Form...
2025-08-16 12:08:04 [main] INFO  demoqaLog - Filling form for: Johny Bravo
2025-08-16 12:08:04 [main] INFO  demoqaLog - Entering First Name...
2025-08-16 12:08:04 [main] INFO  demoqaLog - Entered First Name: Johny
Selected gender: Male
📅 Parsed DOB: 2000-08-15
📅 Parsed DOB: 2000-08-15
📥 Received DOB: 15-08-2000
📅 Normalized DOB: 15-08-2000
✅ Date selected: 15-08-2000
2025-08-16 12:08:06 [main] INFO  demoqaLog - Typed full subject: Computer Science
Typing subject: Computer Science
Dropdown Option: Computer Science
Selected: Computer Science
Selected hobby: sports
Selected hobby: music
Uploaded photo: C:\ASN\eclipse_workspace\demoqa-automation//TestData/Mphoto.jpg
511 Grant 481, Prattsville
 Arkansas 72129
 United States
2025-08-16 12:08:07 [main] INFO  demoqaLog - Entering Address...
2025-08-16 12:08:07 [main] INFO  demoqaLog - Entered Address...
2025-08-16 12:08:07 [main] INFO  demoqaLog - Selecting State: NCR
Available state option: NCR
2025-08-16 12:08:07 [main] INFO  demoqaLog - Selected State: NCR
2025-08-16 12:08:07 [main] INFO  demoqaLog - Selecting City: Delhi
Available city: Delhi
2025-08-16 12:08:07 [main] INFO  demoqaLog - Selected City: Delhi
2025-08-16 12:08:07 [main] INFO  demoqaLog - Submitting Form...
2025-08-16 12:08:08 [main] INFO  demoqaLog - Form Submitted via normal click...
2025-08-16 12:08:08 [main] INFO  demoqaLog - Test Form Filling Completed for: Johny Bravo
]]></system-out>
  </testcase>
  <testcase name="fillForm[UserFormData{firstName=&apos;Gene&apos;, lastName=&apos;Femina&apos;, userMail=&apos;GFemina@demoqa.com&apos;, gender=&apos;Female&apos;, mobile=&apos;1.888343432E9&apos;, dob=&apos;22-05-2002&apos;, subject=&apos;Accounting&apos;, hobbies=&apos;Music,Reading&apos;, picturePath=&apos;/TestData/Fphoto.png&apos;, address=&apos;512 Grant 481, Prattsville\n Arkansas 72129\n United States&apos;, state=&apos;Uttar Pradesh&apos;, city=&apos;Merrut&apos;}](2)" classname="tests.FormTests" time="5.388">
    <system-out><![CDATA[Path for Screenshot is: C:\ASN\eclipse_workspace\demoqa-automation/screenshots/fillForm Passed+2025-08-16_12-08-08.png
2025-08-16 12:08:09 [main] INFO  demoqaBase - Closing the Browser...
2025-08-16 12:08:09 [main] INFO  demoqaBase - Starting Web Browser...
2025-08-16 12:08:10 [main] INFO  demoqaBase - Navigating to demoqa.com Website
2025-08-16 12:08:14 [main] INFO  demoqaLog - Successfully navigated to: https://demoqa.com
2025-08-16 12:08:14 [main] INFO  demoqaLog - Starting Form Filling Test...
2025-08-16 12:08:15 [main] INFO  demoqaLog - Successfully navigated to: https://demoqa.com
2025-08-16 12:08:15 [main] INFO  demoqaLog - Accessing Form Card...
2025-08-16 12:08:16 [main] INFO  demoqaLog - Successfully navigated to: https://demoqa.com
2025-08-16 12:08:16 [main] INFO  demoqaLog - Clicking on Form Card...
2025-08-16 12:08:16 [main] INFO  demoqaLog - Clicked on Form Card...
2025-08-16 12:08:16 [main] INFO  demoqaLog - Clicking on Practice Form...
2025-08-16 12:08:16 [main] INFO  demoqaLog - Clicked on Practice Form...
2025-08-16 12:08:16 [main] INFO  demoqaLog - Filling form for: Gene Femina
2025-08-16 12:08:16 [main] INFO  demoqaLog - Entering First Name...
2025-08-16 12:08:16 [main] INFO  demoqaLog - Entered First Name: Gene
Selected gender: Female
📅 Parsed DOB: 2002-05-22
📅 Parsed DOB: 2002-05-22
📥 Received DOB: 22-05-2002
📅 Normalized DOB: 22-05-2002
✅ Date selected: 22-05-2002
2025-08-16 12:08:17 [main] INFO  demoqaLog - Typed full subject: Accounting
Typing subject: Accounting
Dropdown Option: Accounting
Selected: Accounting
Selected hobby: music
Selected hobby: reading
Uploaded photo: C:\ASN\eclipse_workspace\demoqa-automation//TestData/Fphoto.png
512 Grant 481, Prattsville
 Arkansas 72129
 United States
2025-08-16 12:08:18 [main] INFO  demoqaLog - Entering Address...
2025-08-16 12:08:19 [main] INFO  demoqaLog - Entered Address...
2025-08-16 12:08:19 [main] INFO  demoqaLog - Selecting State: Uttar Pradesh
Available state option: NCR
Available state option: Uttar Pradesh
2025-08-16 12:08:19 [main] INFO  demoqaLog - Selected State: Uttar Pradesh
2025-08-16 12:08:19 [main] INFO  demoqaLog - Selecting City: Merrut
Available city: Agra
Available city: Lucknow
Available city: Merrut
2025-08-16 12:08:19 [main] INFO  demoqaLog - Selected City: Merrut
2025-08-16 12:08:19 [main] INFO  demoqaLog - Submitting Form...
2025-08-16 12:08:20 [main] INFO  demoqaLog - Form Submitted via normal click...
2025-08-16 12:08:20 [main] INFO  demoqaLog - Test Form Filling Completed for: Gene Femina
]]></system-out>
  </testcase>
  <testcase name="fillForm[UserFormData{firstName=&apos;Bud&apos;, lastName=&apos;Wisem&apos;, userMail=&apos;BWisem@demoqa.com&apos;, gender=&apos;Other&apos;, mobile=&apos;8.932465432E9&apos;, dob=&apos;31-12-1999&apos;, subject=&apos;Biology&apos;, hobbies=&apos;Reading&apos;, picturePath=&apos;/TestData/Ophoto.jpg&apos;, address=&apos;513 Grant 481, Prattsville\n Arkansas 72129\n United States&apos;, state=&apos;Haryana&apos;, city=&apos;Panipat&apos;}](3)" classname="tests.FormTests" time="5.693">
    <system-out><![CDATA[Path for Screenshot is: C:\ASN\eclipse_workspace\demoqa-automation/screenshots/fillForm Passed+2025-08-16_12-08-20.png
2025-08-16 12:08:20 [main] INFO  demoqaBase - Closing the Browser...
2025-08-16 12:08:20 [main] INFO  demoqaBase - Starting Web Browser...
2025-08-16 12:08:21 [main] INFO  demoqaBase - Navigating to demoqa.com Website
2025-08-16 12:08:26 [main] INFO  demoqaLog - Successfully navigated to: https://demoqa.com
2025-08-16 12:08:26 [main] INFO  demoqaLog - Starting Form Filling Test...
2025-08-16 12:08:27 [main] INFO  demoqaLog - Successfully navigated to: https://demoqa.com
2025-08-16 12:08:27 [main] INFO  demoqaLog - Accessing Form Card...
2025-08-16 12:08:28 [main] INFO  demoqaLog - Successfully navigated to: https://demoqa.com
2025-08-16 12:08:28 [main] INFO  demoqaLog - Clicking on Form Card...
2025-08-16 12:08:28 [main] INFO  demoqaLog - Clicked on Form Card...
2025-08-16 12:08:28 [main] INFO  demoqaLog - Clicking on Practice Form...
2025-08-16 12:08:28 [main] INFO  demoqaLog - Clicked on Practice Form...
2025-08-16 12:08:28 [main] INFO  demoqaLog - Filling form for: Bud Wisem
2025-08-16 12:08:28 [main] INFO  demoqaLog - Entering First Name...
2025-08-16 12:08:28 [main] INFO  demoqaLog - Entered First Name: Bud
Selected gender: Other
📅 Parsed DOB: 1999-12-31
📅 Parsed DOB: 1999-12-31
📥 Received DOB: 31-12-1999
📅 Normalized DOB: 31-12-1999
✅ Date selected: 31-12-1999
2025-08-16 12:08:29 [main] INFO  demoqaLog - Typed full subject: Biology
Typing subject: Biology
Dropdown Option: Biology
Selected: Biology
Selected hobby: reading
Uploaded photo: C:\ASN\eclipse_workspace\demoqa-automation//TestData/Ophoto.jpg
513 Grant 481, Prattsville
 Arkansas 72129
 United States
2025-08-16 12:08:30 [main] INFO  demoqaLog - Entering Address...
2025-08-16 12:08:30 [main] INFO  demoqaLog - Entered Address...
2025-08-16 12:08:30 [main] INFO  demoqaLog - Selecting State: Haryana
Available state option: NCR
Available state option: Uttar Pradesh
Available state option: Haryana
2025-08-16 12:08:30 [main] INFO  demoqaLog - Selected State: Haryana
2025-08-16 12:08:31 [main] INFO  demoqaLog - Selecting City: Panipat
Available city: Karnal
Available city: Panipat
2025-08-16 12:08:31 [main] INFO  demoqaLog - Selected City: Panipat
2025-08-16 12:08:31 [main] INFO  demoqaLog - Submitting Form...
2025-08-16 12:08:31 [main] INFO  demoqaLog - Form Submitted via normal click...
2025-08-16 12:08:31 [main] INFO  demoqaLog - Test Form Filling Completed for: Bud Wisem
]]></system-out>
  </testcase>
  <testcase name="fillForm[UserFormData{firstName=&apos;Tom&apos;, lastName=&apos;Boss&apos;, userMail=&apos;TBoss@demoqa.com&apos;, gender=&apos;Male&apos;, mobile=&apos;7.839875281E9&apos;, dob=&apos;26-01-2003&apos;, subject=&apos;Social Studies&apos;, hobbies=&apos;Sports,Reading&apos;, picturePath=&apos;/TestData/M2photo.jpg&apos;, address=&apos;514 Grant 481, Prattsville\n Arkansas 72129\n United States&apos;, state=&apos;Rajasthan&apos;, city=&apos;Jaiselmer&apos;}](4)" classname="tests.FormTests" time="5.504">
    <system-out><![CDATA[Path for Screenshot is: C:\ASN\eclipse_workspace\demoqa-automation/screenshots/fillForm Passed+2025-08-16_12-08-31.png
2025-08-16 12:08:32 [main] INFO  demoqaBase - Closing the Browser...
2025-08-16 12:08:32 [main] INFO  demoqaBase - Starting Web Browser...
2025-08-16 12:08:33 [main] INFO  demoqaBase - Navigating to demoqa.com Website
2025-08-16 12:08:38 [main] INFO  demoqaLog - Successfully navigated to: https://demoqa.com
2025-08-16 12:08:38 [main] INFO  demoqaLog - Starting Form Filling Test...
2025-08-16 12:08:38 [main] INFO  demoqaLog - Successfully navigated to: https://demoqa.com
2025-08-16 12:08:38 [main] INFO  demoqaLog - Accessing Form Card...
2025-08-16 12:08:39 [main] INFO  demoqaLog - Successfully navigated to: https://demoqa.com
2025-08-16 12:08:39 [main] INFO  demoqaLog - Clicking on Form Card...
2025-08-16 12:08:39 [main] INFO  demoqaLog - Clicked on Form Card...
2025-08-16 12:08:39 [main] INFO  demoqaLog - Clicking on Practice Form...
2025-08-16 12:08:39 [main] INFO  demoqaLog - Clicked on Practice Form...
2025-08-16 12:08:39 [main] INFO  demoqaLog - Filling form for: Tom Boss
2025-08-16 12:08:39 [main] INFO  demoqaLog - Entering First Name...
2025-08-16 12:08:39 [main] INFO  demoqaLog - Entered First Name: Tom
Selected gender: Male
📅 Parsed DOB: 2003-01-26
📅 Parsed DOB: 2003-01-26
📥 Received DOB: 26-01-2003
📅 Normalized DOB: 26-01-2003
✅ Date selected: 26-01-2003
2025-08-16 12:08:41 [main] INFO  demoqaLog - Typed full subject: Social Studies
Typing subject: Social Studies
Dropdown Option: Social Studies
Selected: Social Studies
Selected hobby: sports
Selected hobby: reading
Uploaded photo: C:\ASN\eclipse_workspace\demoqa-automation//TestData/M2photo.jpg
514 Grant 481, Prattsville
 Arkansas 72129
 United States
2025-08-16 12:08:42 [main] INFO  demoqaLog - Entering Address...
2025-08-16 12:08:42 [main] INFO  demoqaLog - Entered Address...
2025-08-16 12:08:42 [main] INFO  demoqaLog - Selecting State: Rajasthan
Available state option: NCR
Available state option: Uttar Pradesh
Available state option: Haryana
Available state option: Rajasthan
2025-08-16 12:08:42 [main] INFO  demoqaLog - Selected State: Rajasthan
2025-08-16 12:08:42 [main] INFO  demoqaLog - Selecting City: Jaiselmer
Available city: Jaipur
Available city: Jaiselmer
2025-08-16 12:08:43 [main] INFO  demoqaLog - Selected City: Jaiselmer
2025-08-16 12:08:43 [main] INFO  demoqaLog - Submitting Form...
2025-08-16 12:08:43 [main] INFO  demoqaLog - Form Submitted via normal click...
2025-08-16 12:08:43 [main] INFO  demoqaLog - Test Form Filling Completed for: Tom Boss
]]></system-out>
  </testcase>
</testsuite>