<?xml version="1.0" encoding="UTF-8"?>
<testsuite xmlns:xsi="http://www.w3.org/2001/XMLSchema-instance" xsi:noNamespaceSchemaLocation="https://maven.apache.org/surefire/maven-surefire-plugin/xsd/surefire-test-report-3.0.xsd" version="3.0" name="TestSuite" time="3369.388" tests="217" errors="0" skipped="139" failures="5">
  <properties>
[...]
</properties>
  <testcase name="accessAlertsFrameWindows" classname="tests.AlertsFramesWindowsTests" time="0.431">
    <system-out><![CDATA[2025-09-07T08:31:17.864228600Z main INFO Starting configuration XmlConfiguration[location=C:\ASN\eclipse_workspace\demoqa-automation\target\classes\log4j2.xml, lastModified=2025-08-05T03:16:47.250Z]...
2025-09-07T08:31:17.866771100Z main INFO Start watching for changes to C:\ASN\eclipse_workspace\demoqa-automation\target\classes\log4j2.xml every 0 seconds
2025-09-07T08:31:17.866771100Z main INFO Configuration XmlConfiguration[location=C:\ASN\eclipse_workspace\demoqa-automation\target\classes\log4j2.xml, lastModified=2025-08-05T03:16:47.250Z] started.
2025-09-07T08:31:17.872127200Z main INFO Stopping configuration org.apache.logging.log4j.core.config.DefaultConfiguration@7526515b...
2025-09-07T08:31:17.872127200Z main INFO Configuration org.apache.logging.log4j.core.config.DefaultConfiguration@7526515b stopped.
2025-09-07 14:01:18 [main] INFO  demoqaBase - Starting Web Browser...
2025-09-07 14:01:20 [main] INFO  demoqaBase - Navigating to demoqa.com Website
2025-09-07 14:01:44 [main] INFO  RetryUrlAccess - Successfully navigated to: https://demoqa.com
2025-09-07 14:01:44 [main] INFO  demoqaBase - 🧪 Starting Test Alerts, Frames & Windows...
2025-09-07 14:01:44 [main] INFO  demoqaBase - Accessing Alerts, Frame & Windows Card...
Declared Instance WebDriverWait: org.openqa.selenium.support.ui.WebDriverWait@2d746ce4
2025-09-07 14:01:44 [main] INFO  demoqaLog - Clicking on Alert Frame & Windows Card...
2025-09-07 14:01:44 [main] INFO  demoqaLog - ✅ JS click executed on element: {}
2025-09-07 14:01:44 [main] INFO  demoqaLog - Clicked on on Alert Frame & Windows Card...
Title of this Page is: DEMOQA
You are Accessing: Alerts, Frame & Windows
2025-09-07 14:01:44 [main] INFO  demoqaBase - Alerts, Frame & Windows Card: Please select an item from left to start practice.
2025-09-07 14:01:44 [main] INFO  demoqaBase - ✅ Alerts, Frames & Windows Test Completed...
]]></system-out>
    <system-err><![CDATA[SLF4J(W): No SLF4J providers were found.
SLF4J(W): Defaulting to no-operation (NOP) logger implementation
SLF4J(W): See https://www.slf4j.org/codes.html#noProviders for further details.
]]></system-err>
  </testcase>
  <testcase name="browserWindows" classname="tests.AlertsFramesWindowsTests" time="0.942">
    <system-out><![CDATA[2025-09-07 14:01:44 [main] INFO  demoqaBase - Closing the Browser...
2025-09-07 14:01:45 [main] INFO  demoqaBase - Starting Web Browser...
2025-09-07 14:01:47 [main] INFO  demoqaBase - Navigating to demoqa.com Website
2025-09-07 14:02:17 [main] WARN  RetryUrlAccess - Attempt 1 failed due to retryable error: timeout: timed out receiving message from renderer: 29.123
  (session info: chrome=137.0.7151.120)
build info: version: '4.35.0', revision: '1c58e5028b'
system info: os.name: 'windows 11', os.arch: 'amd64', os.version: '10.0', java.version: '21.0.7'
driver info: org.openqa.selenium.chrome.chromedriver
command: [adbe2b665f93e9ac9c8f68c229bfc2a0, get {url=https://demoqa.com}]
capabilities {acceptinsecurecerts: false, browsername: chrome, browserversion: 137.0.7151.120, chrome: {chromedriverversion: 137.0.7151.119 (e0ac9d12dff..., userdatadir: c:\users\dell\appdata\local...}, fedcm:accounts: true, goog:chromeoptions: {debuggeraddress: localhost:54543}, networkconnectionenabled: false, pageloadstrategy: normal, platformname: windows, proxy: proxy(), se:cdp: ws://localhost:54543/devtoo..., se:cdpversion: 137.0.7151.120, setwindowrect: true, strictfileinteractability: false, timeouts: {implicit: 0, pageload: 300000, script: 30000}, unhandledpromptbehavior: dismiss and notify, webauthn:extension:credblob: true, webauthn:extension:largeblob: true, webauthn:extension:minpinlength: true, webauthn:extension:prf: true, webauthn:virtualauthenticators: true}
session id: adbe2b665f93e9ac9c8f68c229bfc2a0. Retrying after 3000ms...
2025-09-07 14:02:35 [main] INFO  RetryUrlAccess - Successfully navigated to: https://demoqa.com
2025-09-07 14:02:35 [main] INFO  demoqaBase - 🧪 Starting Test Alerts, Frames & Windows...
2025-09-07 14:02:35 [main] INFO  demoqaBase - Accessing Alerts, Frame & Windows Card...
Declared Instance WebDriverWait: org.openqa.selenium.support.ui.WebDriverWait@6c03fb16
2025-09-07 14:02:35 [main] INFO  demoqaLog - Clicking on Alert Frame & Windows Card...
2025-09-07 14:02:35 [main] INFO  demoqaLog - ✅ JS click executed on element: {}
2025-09-07 14:02:35 [main] INFO  demoqaLog - Clicked on on Alert Frame & Windows Card...
Title of this Page is: DEMOQA
You are Accessing: Alerts, Frame & Windows
2025-09-07 14:02:35 [main] INFO  demoqaBase - Alerts, Frame & Windows Card: Please select an item from left to start practice.
2025-09-07 14:02:35 [main] INFO  demoqaBase - Clicking on Alerts, Frame & Windows Card|Browser Windows...
You are now Accessing: Browser Windows
2025-09-07 14:02:36 [main] INFO  demoqaBase - You are now Accessing: Browser Windows
2025-09-07 14:02:36 [main] INFO  demoqaBase - ✅ Alerts, Frames & Windows|Browser Windows Test Completed...
]]></system-out>
  </testcase>
  <testcase name="browserWindowsNewTab" classname="tests.AlertsFramesWindowsTests" time="1.034">
    <system-out><![CDATA[2025-09-07 14:02:36 [main] INFO  demoqaBase - Closing the Browser...
2025-09-07 14:02:36 [main] INFO  demoqaBase - Starting Web Browser...
2025-09-07 14:02:38 [main] INFO  demoqaBase - Navigating to demoqa.com Website
2025-09-07 14:03:08 [main] WARN  RetryUrlAccess - Attempt 1 failed due to retryable error: timeout: timed out receiving message from renderer: 29.001
  (session info: chrome=137.0.7151.120)
build info: version: '4.35.0', revision: '1c58e5028b'
system info: os.name: 'windows 11', os.arch: 'amd64', os.version: '10.0', java.version: '21.0.7'
driver info: org.openqa.selenium.chrome.chromedriver
command: [030208acd4b25233caddfcac86e2d732, get {url=https://demoqa.com}]
capabilities {acceptinsecurecerts: false, browsername: chrome, browserversion: 137.0.7151.120, chrome: {chromedriverversion: 137.0.7151.119 (e0ac9d12dff..., userdatadir: c:\users\dell\appdata\local...}, fedcm:accounts: true, goog:chromeoptions: {debuggeraddress: localhost:54871}, networkconnectionenabled: false, pageloadstrategy: normal, platformname: windows, proxy: proxy(), se:cdp: ws://localhost:54871/devtoo..., se:cdpversion: 137.0.7151.120, setwindowrect: true, strictfileinteractability: false, timeouts: {implicit: 0, pageload: 300000, script: 30000}, unhandledpromptbehavior: dismiss and notify, webauthn:extension:credblob: true, webauthn:extension:largeblob: true, webauthn:extension:minpinlength: true, webauthn:extension:prf: true, webauthn:virtualauthenticators: true}
session id: 030208acd4b25233caddfcac86e2d732. Retrying after 3000ms...
2025-09-07 14:03:13 [main] INFO  RetryUrlAccess - Successfully navigated to: https://demoqa.com
2025-09-07 14:03:13 [main] INFO  demoqaBase - 🧪 Starting Test Alerts, Frames & Windows|New Tab...
2025-09-07 14:03:13 [main] INFO  demoqaBase - Accessing Alerts, Frame & Windows Card...
Declared Instance WebDriverWait: org.openqa.selenium.support.ui.WebDriverWait@49c8f6e8
2025-09-07 14:03:13 [main] INFO  demoqaLog - Clicking on Alert Frame & Windows Card...
2025-09-07 14:03:14 [main] INFO  demoqaLog - ✅ JS click executed on element: {}
2025-09-07 14:03:14 [main] INFO  demoqaLog - Clicked on on Alert Frame & Windows Card...
Title of this Page is: DEMOQA
You are Accessing: Alerts, Frame & Windows
2025-09-07 14:03:14 [main] INFO  demoqaBase - Alerts, Frame & Windows Card: Please select an item from left to start practice.
2025-09-07 14:03:14 [main] INFO  demoqaBase - Clicking on Alerts, Frame & Windows Card|Browser Windows...
You are now Accessing: Browser Windows
2025-09-07 14:03:14 [main] INFO  demoqaBase - You are now Accessing: Browser Windows
2025-09-07 14:03:14 [main] INFO  demoqaBase - Initiating New Tab click sequence...
2025-09-07 14:03:14 [main] INFO  demoqaBase - Clicked New Tab button
2025-09-07 14:03:14 [main] INFO  demoqaBase - Switched to new tab: 54D8FECC5696FCB53D3B033D5852FC21
2025-09-07 14:03:14 [main] INFO  demoqaBase - New tab content: 'This is a sample page'
You are now accessing: This is a sample page
2025-09-07 14:03:14 [main] INFO  demoqaBase - ✅ Alerts, Frames & Windows|Browser Windows|New Tab Test Completed...
]]></system-out>
  </testcase>
  <testcase name="browserWindowsNewWindow" classname="tests.AlertsFramesWindowsTests" time="1.894">
    <system-out><![CDATA[2025-09-07 14:03:14 [main] INFO  demoqaBase - Closing the Browser...
2025-09-07 14:03:15 [main] INFO  demoqaBase - Starting Web Browser...
2025-09-07 14:03:18 [main] INFO  demoqaBase - Navigating to demoqa.com Website
2025-09-07 14:03:48 [main] WARN  RetryUrlAccess - Attempt 1 failed due to retryable error: timeout: timed out receiving message from renderer: 29.084
  (session info: chrome=137.0.7151.120)
build info: version: '4.35.0', revision: '1c58e5028b'
system info: os.name: 'windows 11', os.arch: 'amd64', os.version: '10.0', java.version: '21.0.7'
driver info: org.openqa.selenium.chrome.chromedriver
command: [a4e4e0da1be142779364bca30a261def, get {url=https://demoqa.com}]
capabilities {acceptinsecurecerts: false, browsername: chrome, browserversion: 137.0.7151.120, chrome: {chromedriverversion: 137.0.7151.119 (e0ac9d12dff..., userdatadir: c:\users\dell\appdata\local...}, fedcm:accounts: true, goog:chromeoptions: {debuggeraddress: localhost:55097}, networkconnectionenabled: false, pageloadstrategy: normal, platformname: windows, proxy: proxy(), se:cdp: ws://localhost:55097/devtoo..., se:cdpversion: 137.0.7151.120, setwindowrect: true, strictfileinteractability: false, timeouts: {implicit: 0, pageload: 300000, script: 30000}, unhandledpromptbehavior: dismiss and notify, webauthn:extension:credblob: true, webauthn:extension:largeblob: true, webauthn:extension:minpinlength: true, webauthn:extension:prf: true, webauthn:virtualauthenticators: true}
session id: a4e4e0da1be142779364bca30a261def. Retrying after 3000ms...
2025-09-07 14:04:04 [main] INFO  RetryUrlAccess - Successfully navigated to: https://demoqa.com
2025-09-07 14:04:04 [main] INFO  demoqaBase - 🧪 Starting Test Alerts, Frames & Windows|New Window...
2025-09-07 14:04:04 [main] INFO  demoqaBase - Accessing Alerts, Frame & Windows Card...
Declared Instance WebDriverWait: org.openqa.selenium.support.ui.WebDriverWait@59d77850
2025-09-07 14:04:04 [main] INFO  demoqaLog - Clicking on Alert Frame & Windows Card...
2025-09-07 14:04:05 [main] INFO  demoqaLog - ✅ JS click executed on element: {}
2025-09-07 14:04:05 [main] INFO  demoqaLog - Clicked on on Alert Frame & Windows Card...
Title of this Page is: DEMOQA
You are Accessing: Alerts, Frame & Windows
2025-09-07 14:04:05 [main] INFO  demoqaBase - Alerts, Frame & Windows Card: Please select an item from left to start practice.
2025-09-07 14:04:05 [main] INFO  demoqaBase - Clicking on Alerts, Frame & Windows Card|Browser Windows...
You are now Accessing: Browser Windows
2025-09-07 14:04:05 [main] INFO  demoqaBase - You are now Accessing: Browser Windows
2025-09-07 14:04:05 [main] INFO  demoqaBase - Initiating New Window click sequence...
2025-09-07 14:04:06 [main] INFO  demoqaBase - Clicked New Window button
2025-09-07 14:04:06 [main] INFO  demoqaBase - Switched to new tab: 3E4854E0D16E5091064D6983CC751113
2025-09-07 14:04:06 [main] INFO  demoqaBase - New tab content: 'This is a sample page'
You are now accessing: This is a sample page
2025-09-07 14:04:06 [main] INFO  demoqaBase - ✅ Alerts, Frames & Windows|Browser Windows|New Window Test Completed...
]]></system-out>
  </testcase>
  <testcase name="browserWindowsNewWindowMsg" classname="tests.AlertsFramesWindowsTests" time="1.434">
    <system-out><![CDATA[2025-09-07 14:04:06 [main] INFO  demoqaBase - Closing the Browser...
2025-09-07 14:04:07 [main] INFO  demoqaBase - Starting Web Browser...
2025-09-07 14:04:08 [main] INFO  demoqaBase - Navigating to demoqa.com Website
2025-09-07 14:04:32 [main] INFO  RetryUrlAccess - Successfully navigated to: https://demoqa.com
2025-09-07 14:04:32 [main] INFO  demoqaBase - 🧪 Starting Test Alerts, Frames & Windows|New Window Message...
2025-09-07 14:04:32 [main] INFO  demoqaBase - Accessing Alerts, Frame & Windows Card...
Declared Instance WebDriverWait: org.openqa.selenium.support.ui.WebDriverWait@34d52ecd
2025-09-07 14:04:32 [main] INFO  demoqaLog - Clicking on Alert Frame & Windows Card...
2025-09-07 14:04:32 [main] INFO  demoqaLog - ✅ JS click executed on element: {}
2025-09-07 14:04:32 [main] INFO  demoqaLog - Clicked on on Alert Frame & Windows Card...
Title of this Page is: DEMOQA
You are Accessing: Alerts, Frame & Windows
2025-09-07 14:04:32 [main] INFO  demoqaBase - Alerts, Frame & Windows Card: Please select an item from left to start practice.
2025-09-07 14:04:32 [main] INFO  demoqaBase - Clicking on Alerts, Frame & Windows Card|Browser Windows...
You are now Accessing: Browser Windows
2025-09-07 14:04:33 [main] INFO  demoqaBase - You are now Accessing: Browser Windows
2025-09-07 14:04:33 [main] INFO  demoqaBase - 🔍 Starting 'New Window Message' click sequence...
2025-09-07 14:04:33 [main] INFO  demoqaLog - ✅ JS click executed on element: {}
2025-09-07 14:04:33 [main] INFO  demoqaBase - 🔀 Switched to new window: E6F0CC2472AED421D668E13199CC327D
2025-09-07 14:04:33 [main] INFO  demoqaBase - ✅ Verified new popup window opened successfully.
2025-09-07 14:04:33 [main] INFO  demoqaBase - ↩️ Switched back to original window: 134731C2CA01E1F5B8E77263592BD77E
2025-09-07 14:04:33 [main] INFO  demoqaBase - ✅ 'New Window Message' flow completed successfully.
2025-09-07 14:04:33 [main] INFO  demoqaBase - ✅ Alerts, Frames & Windows|Browser Windows|New Window Message Test Completed...
]]></system-out>
  </testcase>
  <testcase name="ClickAlerts" classname="tests.AlertsFramesWindowsTests" time="0.762">
    <system-out><![CDATA[2025-09-07 14:04:33 [main] INFO  demoqaBase - Closing the Browser...
2025-09-07 14:04:34 [main] INFO  demoqaBase - Starting Web Browser...
2025-09-07 14:04:35 [main] INFO  demoqaBase - Navigating to demoqa.com Website
2025-09-07 14:05:05 [main] WARN  RetryUrlAccess - Attempt 1 failed due to retryable error: timeout: timed out receiving message from renderer: 29.066
  (session info: chrome=137.0.7151.120)
build info: version: '4.35.0', revision: '1c58e5028b'
system info: os.name: 'windows 11', os.arch: 'amd64', os.version: '10.0', java.version: '21.0.7'
driver info: org.openqa.selenium.chrome.chromedriver
command: [0d2204f697dbb88b454786fe0cbd877e, get {url=https://demoqa.com}]
capabilities {acceptinsecurecerts: false, browsername: chrome, browserversion: 137.0.7151.120, chrome: {chromedriverversion: 137.0.7151.119 (e0ac9d12dff..., userdatadir: c:\users\dell\appdata\local...}, fedcm:accounts: true, goog:chromeoptions: {debuggeraddress: localhost:55540}, networkconnectionenabled: false, pageloadstrategy: normal, platformname: windows, proxy: proxy(), se:cdp: ws://localhost:55540/devtoo..., se:cdpversion: 137.0.7151.120, setwindowrect: true, strictfileinteractability: false, timeouts: {implicit: 0, pageload: 300000, script: 30000}, unhandledpromptbehavior: dismiss and notify, webauthn:extension:credblob: true, webauthn:extension:largeblob: true, webauthn:extension:minpinlength: true, webauthn:extension:prf: true, webauthn:virtualauthenticators: true}
session id: 0d2204f697dbb88b454786fe0cbd877e. Retrying after 3000ms...
2025-09-07 14:05:09 [main] INFO  RetryUrlAccess - Successfully navigated to: https://demoqa.com
2025-09-07 14:05:09 [main] INFO  demoqaBase - 🧪 Starting Test Alerts, Frames & Windows|New Window Message...
2025-09-07 14:05:09 [main] INFO  demoqaBase - Accessing Alerts, Frame & Windows Card...
Declared Instance WebDriverWait: org.openqa.selenium.support.ui.WebDriverWait@4d18b73a
2025-09-07 14:05:09 [main] INFO  demoqaLog - Clicking on Alert Frame & Windows Card...
2025-09-07 14:05:09 [main] INFO  demoqaLog - ✅ JS click executed on element: {}
2025-09-07 14:05:09 [main] INFO  demoqaLog - Clicked on on Alert Frame & Windows Card...
Title of this Page is: DEMOQA
You are Accessing: Alerts, Frame & Windows
2025-09-07 14:05:10 [main] INFO  demoqaBase - Alerts, Frame & Windows Card: Please select an item from left to start practice.
2025-09-07 14:05:10 [main] INFO  demoqaBase - 🔍 Starting test for Alerts click ..
2025-09-07 14:05:10 [main] INFO  demoqaLog - ✅ JS click executed on element: {}
2025-09-07 14:05:10 [main] INFO  demoqaBase - ✅ Clicked on Alerts...
2025-09-07 14:05:10 [main] INFO  demoqaBase - Page Title is: Alerts
2025-09-07 14:05:10 [main] INFO  demoqaBase - ✅ Alerts, Frames & Windows|Alerts Test Completed...
]]></system-out>
  </testcase>
  <testcase name="ClickToSeeAlerts" classname="tests.AlertsFramesWindowsTests" time="6.343">
    <system-out><![CDATA[2025-09-07 14:05:10 [main] INFO  demoqaBase - Closing the Browser...
2025-09-07 14:05:10 [main] INFO  demoqaBase - Starting Web Browser...
2025-09-07 14:05:12 [main] INFO  demoqaBase - Navigating to demoqa.com Website
2025-09-07 14:05:42 [main] WARN  RetryUrlAccess - Attempt 1 failed due to retryable error: timeout: timed out receiving message from renderer: 29.087
  (session info: chrome=137.0.7151.120)
build info: version: '4.35.0', revision: '1c58e5028b'
system info: os.name: 'windows 11', os.arch: 'amd64', os.version: '10.0', java.version: '21.0.7'
driver info: org.openqa.selenium.chrome.chromedriver
command: [d32eac398b7f14573e3b697e7dea35e6, get {url=https://demoqa.com}]
capabilities {acceptinsecurecerts: false, browsername: chrome, browserversion: 137.0.7151.120, chrome: {chromedriverversion: 137.0.7151.119 (e0ac9d12dff..., userdatadir: c:\users\dell\appdata\local...}, fedcm:accounts: true, goog:chromeoptions: {debuggeraddress: localhost:55717}, networkconnectionenabled: false, pageloadstrategy: normal, platformname: windows, proxy: proxy(), se:cdp: ws://localhost:55717/devtoo..., se:cdpversion: 137.0.7151.120, setwindowrect: true, strictfileinteractability: false, timeouts: {implicit: 0, pageload: 300000, script: 30000}, unhandledpromptbehavior: dismiss and notify, webauthn:extension:credblob: true, webauthn:extension:largeblob: true, webauthn:extension:minpinlength: true, webauthn:extension:prf: true, webauthn:virtualauthenticators: true}
session id: d32eac398b7f14573e3b697e7dea35e6. Retrying after 3000ms...
2025-09-07 14:05:57 [main] INFO  RetryUrlAccess - Successfully navigated to: https://demoqa.com
2025-09-07 14:05:57 [main] INFO  demoqaBase - 🧪 Starting Test Alerts, Frames & Windows|Alerts|Click button to see Alert...
2025-09-07 14:05:57 [main] INFO  demoqaBase - Accessing Alerts, Frame & Windows Card...
Declared Instance WebDriverWait: org.openqa.selenium.support.ui.WebDriverWait@6fbb4061
2025-09-07 14:05:57 [main] INFO  demoqaLog - Clicking on Alert Frame & Windows Card...
2025-09-07 14:05:57 [main] INFO  demoqaLog - ✅ JS click executed on element: {}
2025-09-07 14:05:57 [main] INFO  demoqaLog - Clicked on on Alert Frame & Windows Card...
Title of this Page is: DEMOQA
You are Accessing: Alerts, Frame & Windows
2025-09-07 14:05:57 [main] INFO  demoqaBase - Alerts, Frame & Windows Card: Please select an item from left to start practice.
2025-09-07 14:05:57 [main] INFO  demoqaBase - 🔍 Starting test for Alerts click ..
2025-09-07 14:05:57 [main] INFO  demoqaLog - ✅ JS click executed on element: {}
2025-09-07 14:05:57 [main] INFO  demoqaBase - ✅ Clicked on Alerts...
2025-09-07 14:05:58 [main] INFO  demoqaBase - Page Title is: Alerts
2025-09-07 14:05:58 [main] INFO  demoqaBase - 🔍 Starting test for On button click, alert will appear after 5 seconds...
2025-09-07 14:05:58 [main] INFO  demoqaLog - ✅ JS click executed on element: {}
2025-09-07 14:05:58 [main] INFO  demoqaBase - ✅ Clicked on Click Button to see Alert after 5 seconds...
2025-09-07 14:06:03 [main] INFO  demoqaBase - ✅ On button click, alert will appear after 5 seconds, message is: This alert appeared after 5 seconds
2025-09-07 14:06:03 [main] INFO  demoqaBase - ✅ Alerts, Frames & Windows|Alerts|Click button to see Alert Test Completed...
]]></system-out>
  </testcase>
  <testcase name="ClickAcceptConfirmationBox" classname="tests.AlertsFramesWindowsTests" time="1.109">
    <system-out><![CDATA[2025-09-07 14:06:03 [main] INFO  demoqaBase - Closing the Browser...
2025-09-07 14:06:04 [main] INFO  demoqaBase - Starting Web Browser...
2025-09-07 14:06:05 [main] INFO  demoqaBase - Navigating to demoqa.com Website
2025-09-07 14:06:35 [main] WARN  RetryUrlAccess - Attempt 1 failed due to retryable error: timeout: timed out receiving message from renderer: 29.056
  (session info: chrome=137.0.7151.120)
build info: version: '4.35.0', revision: '1c58e5028b'
system info: os.name: 'windows 11', os.arch: 'amd64', os.version: '10.0', java.version: '21.0.7'
driver info: org.openqa.selenium.chrome.chromedriver
command: [0fcf80b6a6df8306a24a0bba1e3153b9, get {url=https://demoqa.com}]
capabilities {acceptinsecurecerts: false, browsername: chrome, browserversion: 137.0.7151.120, chrome: {chromedriverversion: 137.0.7151.119 (e0ac9d12dff..., userdatadir: c:\users\dell\appdata\local...}, fedcm:accounts: true, goog:chromeoptions: {debuggeraddress: localhost:55926}, networkconnectionenabled: false, pageloadstrategy: normal, platformname: windows, proxy: proxy(), se:cdp: ws://localhost:55926/devtoo..., se:cdpversion: 137.0.7151.120, setwindowrect: true, strictfileinteractability: false, timeouts: {implicit: 0, pageload: 300000, script: 30000}, unhandledpromptbehavior: dismiss and notify, webauthn:extension:credblob: true, webauthn:extension:largeblob: true, webauthn:extension:minpinlength: true, webauthn:extension:prf: true, webauthn:virtualauthenticators: true}
session id: 0fcf80b6a6df8306a24a0bba1e3153b9. Retrying after 3000ms...
2025-09-07 14:06:39 [main] INFO  RetryUrlAccess - Successfully navigated to: https://demoqa.com
2025-09-07 14:06:39 [main] INFO  demoqaBase - 🧪 Starting Test Alerts, Frames & Windows|AlertsOn button click, confirm box will appear, Accept...
2025-09-07 14:06:39 [main] INFO  demoqaBase - Accessing Alerts, Frame & Windows Card...
Declared Instance WebDriverWait: org.openqa.selenium.support.ui.WebDriverWait@3127cb44
2025-09-07 14:06:39 [main] INFO  demoqaLog - Clicking on Alert Frame & Windows Card...
2025-09-07 14:06:39 [main] INFO  demoqaLog - ✅ JS click executed on element: {}
2025-09-07 14:06:39 [main] INFO  demoqaLog - Clicked on on Alert Frame & Windows Card...
Title of this Page is: DEMOQA
You are Accessing: Alerts, Frame & Windows
2025-09-07 14:06:39 [main] INFO  demoqaBase - Alerts, Frame & Windows Card: Please select an item from left to start practice.
2025-09-07 14:06:39 [main] INFO  demoqaBase - 🔍 Starting test for Alerts click ..
2025-09-07 14:06:39 [main] INFO  demoqaLog - ✅ JS click executed on element: {}
2025-09-07 14:06:39 [main] INFO  demoqaBase - ✅ Clicked on Alerts...
2025-09-07 14:06:40 [main] INFO  demoqaBase - Page Title is: Alerts
2025-09-07 14:06:40 [main] INFO  demoqaBase - 🔍 Starting test for On button click, confirm box will appear, Accept...
2025-09-07 14:06:40 [main] INFO  demoqaLog - ✅ JS click executed on element: {}
2025-09-07 14:06:40 [main] INFO  demoqaBase - ✅ Clicked On button click, confirm box will appear, Accept...
2025-09-07 14:06:40 [main] INFO  demoqaBase - ✅ On button click, confirm box will appear, message is: Do you confirm action?
2025-09-07 14:06:40 [main] INFO  demoqaBase - ✅ Your Selection was: You selected Ok
2025-09-07 14:06:40 [main] INFO  demoqaBase - ✅ Alerts, Frames & Windows|Alerts|On button click, confirm box will appear, Accept Test Completed...
]]></system-out>
  </testcase>
  <testcase name="ClickDenyConfirmationBox" classname="tests.AlertsFramesWindowsTests" time="1.289">
    <system-out><![CDATA[2025-09-07 14:06:40 [main] INFO  demoqaBase - Closing the Browser...
2025-09-07 14:06:41 [main] INFO  demoqaBase - Starting Web Browser...
2025-09-07 14:06:42 [main] INFO  demoqaBase - Navigating to demoqa.com Website
2025-09-07 14:07:12 [main] WARN  RetryUrlAccess - Attempt 1 failed due to retryable error: timeout: timed out receiving message from renderer: 29.033
  (session info: chrome=137.0.7151.120)
build info: version: '4.35.0', revision: '1c58e5028b'
system info: os.name: 'windows 11', os.arch: 'amd64', os.version: '10.0', java.version: '21.0.7'
driver info: org.openqa.selenium.chrome.chromedriver
command: [554b8e8445057c07bb646d24d5e65adf, get {url=https://demoqa.com}]
capabilities {acceptinsecurecerts: false, browsername: chrome, browserversion: 137.0.7151.120, chrome: {chromedriverversion: 137.0.7151.119 (e0ac9d12dff..., userdatadir: c:\users\dell\appdata\local...}, fedcm:accounts: true, goog:chromeoptions: {debuggeraddress: localhost:56104}, networkconnectionenabled: false, pageloadstrategy: normal, platformname: windows, proxy: proxy(), se:cdp: ws://localhost:56104/devtoo..., se:cdpversion: 137.0.7151.120, setwindowrect: true, strictfileinteractability: false, timeouts: {implicit: 0, pageload: 300000, script: 30000}, unhandledpromptbehavior: dismiss and notify, webauthn:extension:credblob: true, webauthn:extension:largeblob: true, webauthn:extension:minpinlength: true, webauthn:extension:prf: true, webauthn:virtualauthenticators: true}
session id: 554b8e8445057c07bb646d24d5e65adf. Retrying after 3000ms...
2025-09-07 14:07:16 [main] INFO  RetryUrlAccess - Successfully navigated to: https://demoqa.com
2025-09-07 14:07:16 [main] INFO  demoqaBase - 🧪 Starting Test Alerts, Frames & Windows|Alerts|On button click, confirm box will appear, Deny...
2025-09-07 14:07:16 [main] INFO  demoqaBase - Accessing Alerts, Frame & Windows Card...
Declared Instance WebDriverWait: org.openqa.selenium.support.ui.WebDriverWait@b9d018b
2025-09-07 14:07:16 [main] INFO  demoqaLog - Clicking on Alert Frame & Windows Card...
2025-09-07 14:07:16 [main] INFO  demoqaLog - ✅ JS click executed on element: {}
2025-09-07 14:07:16 [main] INFO  demoqaLog - Clicked on on Alert Frame & Windows Card...
Title of this Page is: DEMOQA
You are Accessing: Alerts, Frame & Windows
2025-09-07 14:07:16 [main] INFO  demoqaBase - Alerts, Frame & Windows Card: Please select an item from left to start practice.
2025-09-07 14:07:16 [main] INFO  demoqaBase - 🔍 Starting test for Alerts click ..
2025-09-07 14:07:17 [main] INFO  demoqaLog - ✅ JS click executed on element: {}
2025-09-07 14:07:17 [main] INFO  demoqaBase - ✅ Clicked on Alerts...
2025-09-07 14:07:17 [main] INFO  demoqaBase - Page Title is: Alerts
2025-09-07 14:07:17 [main] INFO  demoqaBase - 🔍 Starting test for On button click, confirm box will appear, Deny...
2025-09-07 14:07:17 [main] INFO  demoqaLog - ✅ JS click executed on element: {}
2025-09-07 14:07:17 [main] INFO  demoqaBase - ✅ Clicked On button click, confirm box will appear, Deny...
2025-09-07 14:07:17 [main] INFO  demoqaBase - ✅ On button click, confirm box will appear, message is: Do you confirm action?
2025-09-07 14:07:17 [main] INFO  demoqaBase - ✅ Your Selection was: You selected Cancel
2025-09-07 14:07:17 [main] INFO  demoqaBase - ✅ Alerts, Frames & Windows|Alerts|On button click, confirm box will appear, Deny Test Completed...
]]></system-out>
  </testcase>
  <testcase name="ClickPromptBoxFill" classname="tests.AlertsFramesWindowsTests" time="1.575">
    <system-out><![CDATA[2025-09-07 14:07:17 [main] INFO  demoqaBase - Closing the Browser...
2025-09-07 14:07:18 [main] INFO  demoqaBase - Starting Web Browser...
2025-09-07 14:07:19 [main] INFO  demoqaBase - Navigating to demoqa.com Website
2025-09-07 14:07:49 [main] WARN  RetryUrlAccess - Attempt 1 failed due to retryable error: timeout: timed out receiving message from renderer: 28.946
  (session info: chrome=137.0.7151.120)
build info: version: '4.35.0', revision: '1c58e5028b'
system info: os.name: 'windows 11', os.arch: 'amd64', os.version: '10.0', java.version: '21.0.7'
driver info: org.openqa.selenium.chrome.chromedriver
command: [3ed0835eab3176dcde38177c365595d3, get {url=https://demoqa.com}]
capabilities {acceptinsecurecerts: false, browsername: chrome, browserversion: 137.0.7151.120, chrome: {chromedriverversion: 137.0.7151.119 (e0ac9d12dff..., userdatadir: c:\users\dell\appdata\local...}, fedcm:accounts: true, goog:chromeoptions: {debuggeraddress: localhost:56301}, networkconnectionenabled: false, pageloadstrategy: normal, platformname: windows, proxy: proxy(), se:cdp: ws://localhost:56301/devtoo..., se:cdpversion: 137.0.7151.120, setwindowrect: true, strictfileinteractability: false, timeouts: {implicit: 0, pageload: 300000, script: 30000}, unhandledpromptbehavior: dismiss and notify, webauthn:extension:credblob: true, webauthn:extension:largeblob: true, webauthn:extension:minpinlength: true, webauthn:extension:prf: true, webauthn:virtualauthenticators: true}
session id: 3ed0835eab3176dcde38177c365595d3. Retrying after 3000ms...
2025-09-07 14:08:22 [main] WARN  RetryUrlAccess - Attempt 2 failed due to retryable error: timeout: timed out receiving message from renderer: 29.817
  (session info: chrome=137.0.7151.120)
build info: version: '4.35.0', revision: '1c58e5028b'
system info: os.name: 'windows 11', os.arch: 'amd64', os.version: '10.0', java.version: '21.0.7'
driver info: org.openqa.selenium.chrome.chromedriver
command: [3ed0835eab3176dcde38177c365595d3, get {url=https://demoqa.com}]
capabilities {acceptinsecurecerts: false, browsername: chrome, browserversion: 137.0.7151.120, chrome: {chromedriverversion: 137.0.7151.119 (e0ac9d12dff..., userdatadir: c:\users\dell\appdata\local...}, fedcm:accounts: true, goog:chromeoptions: {debuggeraddress: localhost:56301}, networkconnectionenabled: false, pageloadstrategy: normal, platformname: windows, proxy: proxy(), se:cdp: ws://localhost:56301/devtoo..., se:cdpversion: 137.0.7151.120, setwindowrect: true, strictfileinteractability: false, timeouts: {implicit: 0, pageload: 300000, script: 30000}, unhandledpromptbehavior: dismiss and notify, webauthn:extension:credblob: true, webauthn:extension:largeblob: true, webauthn:extension:minpinlength: true, webauthn:extension:prf: true, webauthn:virtualauthenticators: true}
session id: 3ed0835eab3176dcde38177c365595d3. Retrying after 3000ms...
2025-09-07 14:08:49 [main] INFO  RetryUrlAccess - Successfully navigated to: https://demoqa.com
2025-09-07 14:08:49 [main] INFO  demoqaBase - 🧪 Starting Test Alerts, Frames & Windows|Alerts|On button click, prompt box will appear, Fill data...
2025-09-07 14:08:49 [main] INFO  demoqaBase - Accessing Alerts, Frame & Windows Card...
Declared Instance WebDriverWait: org.openqa.selenium.support.ui.WebDriverWait@4ea17147
2025-09-07 14:08:49 [main] INFO  demoqaLog - Clicking on Alert Frame & Windows Card...
2025-09-07 14:08:49 [main] INFO  demoqaLog - ✅ JS click executed on element: {}
2025-09-07 14:08:49 [main] INFO  demoqaLog - Clicked on on Alert Frame & Windows Card...
Title of this Page is: DEMOQA
You are Accessing: Alerts, Frame & Windows
2025-09-07 14:08:49 [main] INFO  demoqaBase - Alerts, Frame & Windows Card: Please select an item from left to start practice.
2025-09-07 14:08:49 [main] INFO  demoqaBase - 🔍 Starting test for Alerts click ..
2025-09-07 14:08:49 [main] INFO  demoqaLog - ✅ JS click executed on element: {}
2025-09-07 14:08:49 [main] INFO  demoqaBase - ✅ Clicked on Alerts...
2025-09-07 14:08:49 [main] INFO  demoqaBase - Page Title is: Alerts
2025-09-07 14:08:49 [main] INFO  demoqaBase - 🔍 Starting test for On button click, prompt box will appear, Fill data...
2025-09-07 14:08:50 [main] INFO  demoqaLog - ✅ JS click executed on element: {}
2025-09-07 14:08:50 [main] INFO  demoqaBase - ✅ Clicked On button click, prompt box will appear, Fill data...
2025-09-07 14:08:50 [main] INFO  demoqaBase - ✅ On button click, prompt box will appear, message is: Please enter your name
2025-09-07 14:08:50 [main] INFO  demoqaBase - ✅ Your Selection was: You entered Java Selenium
2025-09-07 14:08:50 [main] INFO  demoqaBase - ✅ Alerts, Frames & Windows|Alerts|On button click, prompt box will appear, Fill data Test Completed...
]]></system-out>
  </testcase>
  <testcase name="ClickFrames" classname="tests.AlertsFramesWindowsTests" time="1.054">
    <system-out><![CDATA[2025-09-07 14:08:50 [main] INFO  demoqaBase - Closing the Browser...
2025-09-07 14:08:51 [main] INFO  demoqaBase - Starting Web Browser...
2025-09-07 14:08:53 [main] INFO  demoqaBase - Navigating to demoqa.com Website
2025-09-07 14:09:23 [main] WARN  RetryUrlAccess - Attempt 1 failed due to retryable error: timeout: timed out receiving message from renderer: 28.918
  (session info: chrome=137.0.7151.120)
build info: version: '4.35.0', revision: '1c58e5028b'
system info: os.name: 'windows 11', os.arch: 'amd64', os.version: '10.0', java.version: '21.0.7'
driver info: org.openqa.selenium.chrome.chromedriver
command: [49e8c38a08f4c0a01233f033e635356a, get {url=https://demoqa.com}]
capabilities {acceptinsecurecerts: false, browsername: chrome, browserversion: 137.0.7151.120, chrome: {chromedriverversion: 137.0.7151.119 (e0ac9d12dff..., userdatadir: c:\users\dell\appdata\local...}, fedcm:accounts: true, goog:chromeoptions: {debuggeraddress: localhost:56572}, networkconnectionenabled: false, pageloadstrategy: normal, platformname: windows, proxy: proxy(), se:cdp: ws://localhost:56572/devtoo..., se:cdpversion: 137.0.7151.120, setwindowrect: true, strictfileinteractability: false, timeouts: {implicit: 0, pageload: 300000, script: 30000}, unhandledpromptbehavior: dismiss and notify, webauthn:extension:credblob: true, webauthn:extension:largeblob: true, webauthn:extension:minpinlength: true, webauthn:extension:prf: true, webauthn:virtualauthenticators: true}
session id: 49e8c38a08f4c0a01233f033e635356a. Retrying after 3000ms...
2025-09-07 14:09:28 [main] INFO  RetryUrlAccess - Successfully navigated to: https://demoqa.com
2025-09-07 14:09:28 [main] INFO  demoqaBase - 🧪 Starting Test Alerts, Frames & Windows|Frames...
2025-09-07 14:09:28 [main] INFO  demoqaBase - Accessing Alerts, Frame & Windows Card...
Declared Instance WebDriverWait: org.openqa.selenium.support.ui.WebDriverWait@118acf70
2025-09-07 14:09:28 [main] INFO  demoqaLog - Clicking on Alert Frame & Windows Card...
2025-09-07 14:09:28 [main] INFO  demoqaLog - ✅ JS click executed on element: {}
2025-09-07 14:09:28 [main] INFO  demoqaLog - Clicked on on Alert Frame & Windows Card...
Title of this Page is: DEMOQA
You are Accessing: Alerts, Frame & Windows
2025-09-07 14:09:29 [main] INFO  demoqaBase - Alerts, Frame & Windows Card: Please select an item from left to start practice.
2025-09-07 14:09:29 [main] INFO  demoqaBase - 🔍 Starting test for Frames click ..
2025-09-07 14:09:29 [main] INFO  demoqaLog - ✅ JS click executed on element: {}
2025-09-07 14:09:29 [main] INFO  demoqaBase - ✅ Clicked on Frames...
2025-09-07 14:09:29 [main] INFO  demoqaBase - Page Title is: Frames
2025-09-07 14:09:29 [main] INFO  demoqaBase - ✅ Alerts, Frames & Windows|Frames Test Completed...
]]></system-out>
  </testcase>
  <testcase name="GetFrame1" classname="tests.AlertsFramesWindowsTests" time="1.663">
    <system-out><![CDATA[2025-09-07 14:09:29 [main] INFO  demoqaBase - Closing the Browser...
2025-09-07 14:09:30 [main] INFO  demoqaBase - Starting Web Browser...
2025-09-07 14:09:36 [main] INFO  demoqaBase - Navigating to demoqa.com Website
2025-09-07 14:10:06 [main] WARN  RetryUrlAccess - Attempt 1 failed due to retryable error: timeout: timed out receiving message from renderer: 29.032
  (session info: chrome=137.0.7151.120)
build info: version: '4.35.0', revision: '1c58e5028b'
system info: os.name: 'windows 11', os.arch: 'amd64', os.version: '10.0', java.version: '21.0.7'
driver info: org.openqa.selenium.chrome.chromedriver
command: [68be00947948cfe9a5658fc32d4a1a60, get {url=https://demoqa.com}]
capabilities {acceptinsecurecerts: false, browsername: chrome, browserversion: 137.0.7151.120, chrome: {chromedriverversion: 137.0.7151.119 (e0ac9d12dff..., userdatadir: c:\users\dell\appdata\local...}, fedcm:accounts: true, goog:chromeoptions: {debuggeraddress: localhost:56755}, networkconnectionenabled: false, pageloadstrategy: normal, platformname: windows, proxy: proxy(), se:cdp: ws://localhost:56755/devtoo..., se:cdpversion: 137.0.7151.120, setwindowrect: true, strictfileinteractability: false, timeouts: {implicit: 0, pageload: 300000, script: 30000}, unhandledpromptbehavior: dismiss and notify, webauthn:extension:credblob: true, webauthn:extension:largeblob: true, webauthn:extension:minpinlength: true, webauthn:extension:prf: true, webauthn:virtualauthenticators: true}
session id: 68be00947948cfe9a5658fc32d4a1a60. Retrying after 3000ms...
2025-09-07 14:10:10 [main] INFO  RetryUrlAccess - Successfully navigated to: https://demoqa.com
2025-09-07 14:10:10 [main] INFO  demoqaBase - 🧪 Starting Test Alerts, Frames & Windows|Frames|Frame1 message...
2025-09-07 14:10:10 [main] INFO  demoqaBase - Accessing Alerts, Frame & Windows Card...
Declared Instance WebDriverWait: org.openqa.selenium.support.ui.WebDriverWait@11e9ac24
2025-09-07 14:10:10 [main] INFO  demoqaLog - Clicking on Alert Frame & Windows Card...
2025-09-07 14:10:10 [main] INFO  demoqaLog - ✅ JS click executed on element: {}
2025-09-07 14:10:10 [main] INFO  demoqaLog - Clicked on on Alert Frame & Windows Card...
Title of this Page is: DEMOQA
You are Accessing: Alerts, Frame & Windows
2025-09-07 14:10:11 [main] INFO  demoqaBase - Alerts, Frame & Windows Card: Please select an item from left to start practice.
2025-09-07 14:10:11 [main] INFO  demoqaBase - 🔍 Starting test for Frames click ..
2025-09-07 14:10:11 [main] INFO  demoqaLog - ✅ JS click executed on element: {}
2025-09-07 14:10:11 [main] INFO  demoqaBase - ✅ Clicked on Frames...
2025-09-07 14:10:11 [main] INFO  demoqaBase - Page Title is: Frames
2025-09-07 14:10:11 [main] INFO  demoqaBase - 🔍 Starting test for Frames|Frame1 Message...
2025-09-07 14:10:11 [main] INFO  demoqaBase - ✅ Switched to Frame1...
2025-09-07 14:10:11 [main] INFO  demoqaBase - Frame1 contains: This is a sample page
2025-09-07 14:10:11 [main] INFO  demoqaBase - ✅ Alerts, Frames & Windows|Frames|Frame1 message Test Completed...
]]></system-out>
  </testcase>
  <testcase name="GetFrame2" classname="tests.AlertsFramesWindowsTests" time="1.842">
    <system-out><![CDATA[2025-09-07 14:10:11 [main] INFO  demoqaBase - Closing the Browser...
2025-09-07 14:10:12 [main] INFO  demoqaBase - Starting Web Browser...
2025-09-07 14:10:14 [main] INFO  demoqaBase - Navigating to demoqa.com Website
2025-09-07 14:10:44 [main] WARN  RetryUrlAccess - Attempt 1 failed due to retryable error: timeout: timed out receiving message from renderer: 28.998
  (session info: chrome=137.0.7151.120)
build info: version: '4.35.0', revision: '1c58e5028b'
system info: os.name: 'windows 11', os.arch: 'amd64', os.version: '10.0', java.version: '21.0.7'
driver info: org.openqa.selenium.chrome.chromedriver
command: [54b6180be82efc0b4f65bab024e128da, get {url=https://demoqa.com}]
capabilities {acceptinsecurecerts: false, browsername: chrome, browserversion: 137.0.7151.120, chrome: {chromedriverversion: 137.0.7151.119 (e0ac9d12dff..., userdatadir: c:\users\dell\appdata\local...}, fedcm:accounts: true, goog:chromeoptions: {debuggeraddress: localhost:56840}, networkconnectionenabled: false, pageloadstrategy: normal, platformname: windows, proxy: proxy(), se:cdp: ws://localhost:56840/devtoo..., se:cdpversion: 137.0.7151.120, setwindowrect: true, strictfileinteractability: false, timeouts: {implicit: 0, pageload: 300000, script: 30000}, unhandledpromptbehavior: dismiss and notify, webauthn:extension:credblob: true, webauthn:extension:largeblob: true, webauthn:extension:minpinlength: true, webauthn:extension:prf: true, webauthn:virtualauthenticators: true}
session id: 54b6180be82efc0b4f65bab024e128da. Retrying after 3000ms...
2025-09-07 14:10:48 [main] INFO  RetryUrlAccess - Successfully navigated to: https://demoqa.com
2025-09-07 14:10:48 [main] INFO  demoqaBase - 🧪 Starting Test Alerts, Frames & Windows|Frames|Frame2 message...
2025-09-07 14:10:48 [main] INFO  demoqaBase - Accessing Alerts, Frame & Windows Card...
Declared Instance WebDriverWait: org.openqa.selenium.support.ui.WebDriverWait@9d3d54e
2025-09-07 14:10:48 [main] INFO  demoqaLog - Clicking on Alert Frame & Windows Card...
2025-09-07 14:10:49 [main] INFO  demoqaLog - ✅ JS click executed on element: {}
2025-09-07 14:10:49 [main] INFO  demoqaLog - Clicked on on Alert Frame & Windows Card...
Title of this Page is: DEMOQA
You are Accessing: Alerts, Frame & Windows
2025-09-07 14:10:49 [main] INFO  demoqaBase - Alerts, Frame & Windows Card: Please select an item from left to start practice.
2025-09-07 14:10:49 [main] INFO  demoqaBase - 🔍 Starting test for Frames click ..
2025-09-07 14:10:49 [main] INFO  demoqaLog - ✅ JS click executed on element: {}
2025-09-07 14:10:49 [main] INFO  demoqaBase - ✅ Clicked on Frames...
2025-09-07 14:10:49 [main] INFO  demoqaBase - Page Title is: Frames
2025-09-07 14:10:49 [main] INFO  demoqaBase - 🔍 Starting test for Frames|Frame2 Message...
2025-09-07 14:10:50 [main] INFO  demoqaBase - ✅ Switched to Frame2...
2025-09-07 14:10:50 [main] INFO  demoqaBase - Frame2 contains: This is a sample page
2025-09-07 14:10:50 [main] INFO  demoqaBase - ✅ Alerts, Frames & Windows|Frames|Frame2 message Test Completed...
]]></system-out>
  </testcase>
  <testcase name="ClickModalDialogs" classname="tests.AlertsFramesWindowsTests" time="1.439">
    <system-out><![CDATA[2025-09-07 14:10:50 [main] INFO  demoqaBase - Closing the Browser...
2025-09-07 14:10:51 [main] INFO  demoqaBase - Starting Web Browser...
2025-09-07 14:10:53 [main] INFO  demoqaBase - Navigating to demoqa.com Website
2025-09-07 14:11:23 [main] WARN  RetryUrlAccess - Attempt 1 failed due to retryable error: timeout: timed out receiving message from renderer: 29.009
  (session info: chrome=137.0.7151.120)
build info: version: '4.35.0', revision: '1c58e5028b'
system info: os.name: 'windows 11', os.arch: 'amd64', os.version: '10.0', java.version: '21.0.7'
driver info: org.openqa.selenium.chrome.chromedriver
command: [39ab66c912653281275f191efc7a92b8, get {url=https://demoqa.com}]
capabilities {acceptinsecurecerts: false, browsername: chrome, browserversion: 137.0.7151.120, chrome: {chromedriverversion: 137.0.7151.119 (e0ac9d12dff..., userdatadir: c:\users\dell\appdata\local...}, fedcm:accounts: true, goog:chromeoptions: {debuggeraddress: localhost:57045}, networkconnectionenabled: false, pageloadstrategy: normal, platformname: windows, proxy: proxy(), se:cdp: ws://localhost:57045/devtoo..., se:cdpversion: 137.0.7151.120, setwindowrect: true, strictfileinteractability: false, timeouts: {implicit: 0, pageload: 300000, script: 30000}, unhandledpromptbehavior: dismiss and notify, webauthn:extension:credblob: true, webauthn:extension:largeblob: true, webauthn:extension:minpinlength: true, webauthn:extension:prf: true, webauthn:virtualauthenticators: true}
session id: 39ab66c912653281275f191efc7a92b8. Retrying after 3000ms...
2025-09-07 14:11:27 [main] INFO  RetryUrlAccess - Successfully navigated to: https://demoqa.com
2025-09-07 14:11:27 [main] INFO  demoqaBase - 🧪 Starting Test Alerts, Frames & Windows|Modal Dialogs...
2025-09-07 14:11:27 [main] INFO  demoqaBase - Accessing Alerts, Frame & Windows Card...
Declared Instance WebDriverWait: org.openqa.selenium.support.ui.WebDriverWait@4e4894d
2025-09-07 14:11:27 [main] INFO  demoqaLog - Clicking on Alert Frame & Windows Card...
2025-09-07 14:11:28 [main] INFO  demoqaLog - ✅ JS click executed on element: {}
2025-09-07 14:11:28 [main] INFO  demoqaLog - Clicked on on Alert Frame & Windows Card...
Title of this Page is: DEMOQA
You are Accessing: Alerts, Frame & Windows
2025-09-07 14:11:28 [main] INFO  demoqaBase - Alerts, Frame & Windows Card: Please select an item from left to start practice.
2025-09-07 14:11:28 [main] INFO  demoqaBase - 🔍 Starting test for Frames|Modal Dialogs click ..
2025-09-07 14:11:29 [main] INFO  demoqaLog - ✅ JS click executed on element: {}
2025-09-07 14:11:29 [main] INFO  demoqaBase - ✅ Clicked on Modal Dialogs...
2025-09-07 14:11:29 [main] INFO  demoqaBase - Page Title is: Modal Dialogs
2025-09-07 14:11:29 [main] INFO  demoqaBase - ✅ Alerts, Frames & Windows|Modal Dialogs Test Completed...
]]></system-out>
  </testcase>
  <testcase name="ClickNestedFrames" classname="tests.AlertsFramesWindowsTests" time="1.417">
    <system-out><![CDATA[2025-09-07 14:11:29 [main] INFO  demoqaBase - Closing the Browser...
2025-09-07 14:11:30 [main] INFO  demoqaBase - Starting Web Browser...
2025-09-07 14:11:32 [main] INFO  demoqaBase - Navigating to demoqa.com Website
2025-09-07 14:12:02 [main] WARN  RetryUrlAccess - Attempt 1 failed due to retryable error: timeout: timed out receiving message from renderer: 29.006
  (session info: chrome=137.0.7151.120)
build info: version: '4.35.0', revision: '1c58e5028b'
system info: os.name: 'windows 11', os.arch: 'amd64', os.version: '10.0', java.version: '21.0.7'
driver info: org.openqa.selenium.chrome.chromedriver
command: [578d68c0e4a86e4d50d8b1146e40a7f5, get {url=https://demoqa.com}]
capabilities {acceptinsecurecerts: false, browsername: chrome, browserversion: 137.0.7151.120, chrome: {chromedriverversion: 137.0.7151.119 (e0ac9d12dff..., userdatadir: c:\users\dell\appdata\local...}, fedcm:accounts: true, goog:chromeoptions: {debuggeraddress: localhost:57275}, networkconnectionenabled: false, pageloadstrategy: normal, platformname: windows, proxy: proxy(), se:cdp: ws://localhost:57275/devtoo..., se:cdpversion: 137.0.7151.120, setwindowrect: true, strictfileinteractability: false, timeouts: {implicit: 0, pageload: 300000, script: 30000}, unhandledpromptbehavior: dismiss and notify, webauthn:extension:credblob: true, webauthn:extension:largeblob: true, webauthn:extension:minpinlength: true, webauthn:extension:prf: true, webauthn:virtualauthenticators: true}
session id: 578d68c0e4a86e4d50d8b1146e40a7f5. Retrying after 3000ms...
2025-09-07 14:12:09 [main] INFO  RetryUrlAccess - Successfully navigated to: https://demoqa.com
2025-09-07 14:12:09 [main] INFO  demoqaBase - 🧪 Starting Test Alerts, Frames & Windows|Nested Frames...
2025-09-07 14:12:09 [main] INFO  demoqaBase - Accessing Alerts, Frame & Windows Card...
Declared Instance WebDriverWait: org.openqa.selenium.support.ui.WebDriverWait@fabef2e
2025-09-07 14:12:09 [main] INFO  demoqaLog - Clicking on Alert Frame & Windows Card...
2025-09-07 14:12:09 [main] INFO  demoqaLog - ✅ JS click executed on element: {}
2025-09-07 14:12:09 [main] INFO  demoqaLog - Clicked on on Alert Frame & Windows Card...
Title of this Page is: DEMOQA
You are Accessing: Alerts, Frame & Windows
2025-09-07 14:12:09 [main] INFO  demoqaBase - Alerts, Frame & Windows Card: Please select an item from left to start practice.
2025-09-07 14:12:09 [main] INFO  demoqaBase - 🔍 Starting test for Frames|Nested Frames click ..
2025-09-07 14:12:10 [main] INFO  demoqaLog - ✅ JS click executed on element: {}
2025-09-07 14:12:10 [main] INFO  demoqaBase - ✅ Clicked on Nested Frames...
2025-09-07 14:12:10 [main] INFO  demoqaBase - Page Title is: Nested Frames
2025-09-07 14:12:10 [main] INFO  demoqaBase - ✅ Alerts, Frames & Windows|Nested Frames Test Completed...
]]></system-out>
  </testcase>
  <testcase name="ClickLargeModal" classname="tests.AlertsFramesWindowsTests" time="2.061">
    <failure message="expected [] but found [Large Modal]" type="java.lang.AssertionError"><![CDATA[java.lang.AssertionError: expected [] but found [Large Modal]
	at org.testng.Assert.fail(Assert.java:111)
	at org.testng.Assert.failNotEquals(Assert.java:1590)
	at org.testng.Assert.assertEqualsImpl(Assert.java:150)
	at org.testng.Assert.assertEquals(Assert.java:132)
	at org.testng.Assert.assertEquals(Assert.java:656)
	at org.testng.Assert.assertEquals(Assert.java:666)
	at pages.alertsframewindowsPage.clickLargeModal(alertsframewindowsPage.java:462)
	at tests.AlertsFramesWindowsTests.ClickLargeModal(AlertsFramesWindowsTests.java:264)
	at java.base/jdk.internal.reflect.DirectMethodHandleAccessor.invoke(DirectMethodHandleAccessor.java:103)
	at java.base/java.lang.reflect.Method.invoke(Method.java:580)
	at org.testng.internal.invokers.MethodInvocationHelper.invokeMethod(MethodInvocationHelper.java:141)
	at org.testng.internal.invokers.TestInvoker.invokeMethod(TestInvoker.java:687)
	at org.testng.internal.invokers.TestInvoker.invokeTestMethod(TestInvoker.java:230)
	at org.testng.internal.invokers.MethodRunner.runInSequence(MethodRunner.java:63)
	at org.testng.internal.invokers.TestInvoker$MethodInvocationAgent.invoke(TestInvoker.java:995)
	at org.testng.internal.invokers.TestInvoker.invokeTestMethods(TestInvoker.java:203)
	at org.testng.internal.invokers.TestMethodWorker.invokeTestMethods(TestMethodWorker.java:154)
	at org.testng.internal.invokers.TestMethodWorker.run(TestMethodWorker.java:134)
	at java.base/java.util.ArrayList.forEach(ArrayList.java:1596)
	at org.testng.TestRunner.privateRun(TestRunner.java:741)
	at org.testng.TestRunner.run(TestRunner.java:616)
	at org.testng.SuiteRunner.runTest(SuiteRunner.java:421)
	at org.testng.SuiteRunner.runSequentially(SuiteRunner.java:413)
	at org.testng.SuiteRunner.privateRun(SuiteRunner.java:373)
	at org.testng.SuiteRunner.run(SuiteRunner.java:312)
	at org.testng.SuiteRunnerWorker.runSuite(SuiteRunnerWorker.java:52)
	at org.testng.SuiteRunnerWorker.run(SuiteRunnerWorker.java:95)
	at org.testng.TestNG.runSuitesSequentially(TestNG.java:1274)
	at org.testng.TestNG.runSuitesLocally(TestNG.java:1208)
	at org.testng.TestNG.runSuites(TestNG.java:1112)
	at org.testng.TestNG.run(TestNG.java:1079)
	at org.apache.maven.surefire.testng.TestNGExecutor.run(TestNGExecutor.java:155)
	at org.apache.maven.surefire.testng.TestNGDirectoryTestSuite.executeMulti(TestNGDirectoryTestSuite.java:169)
	at org.apache.maven.surefire.testng.TestNGDirectoryTestSuite.execute(TestNGDirectoryTestSuite.java:88)
	at org.apache.maven.surefire.testng.TestNGProvider.invoke(TestNGProvider.java:137)
	at org.apache.maven.surefire.booter.ForkedBooter.runSuitesInProcess(ForkedBooter.java:385)
	at org.apache.maven.surefire.booter.ForkedBooter.execute(ForkedBooter.java:162)
	at org.apache.maven.surefire.booter.ForkedBooter.run(ForkedBooter.java:507)
	at org.apache.maven.surefire.booter.ForkedBooter.main(ForkedBooter.java:495)
]]></failure>
    <system-out><![CDATA[2025-09-07 14:12:10 [main] INFO  demoqaBase - Closing the Browser...
2025-09-07 14:12:11 [main] INFO  demoqaBase - Starting Web Browser...
2025-09-07 14:12:14 [main] INFO  demoqaBase - Navigating to demoqa.com Website
2025-09-07 14:12:44 [main] WARN  RetryUrlAccess - Attempt 1 failed due to retryable error: timeout: timed out receiving message from renderer: 29.019
  (session info: chrome=137.0.7151.120)
build info: version: '4.35.0', revision: '1c58e5028b'
system info: os.name: 'windows 11', os.arch: 'amd64', os.version: '10.0', java.version: '21.0.7'
driver info: org.openqa.selenium.chrome.chromedriver
command: [5f4c77eef5c060f124f371cc4d4e87eb, get {url=https://demoqa.com}]
capabilities {acceptinsecurecerts: false, browsername: chrome, browserversion: 137.0.7151.120, chrome: {chromedriverversion: 137.0.7151.119 (e0ac9d12dff..., userdatadir: c:\users\dell\appdata\local...}, fedcm:accounts: true, goog:chromeoptions: {debuggeraddress: localhost:57480}, networkconnectionenabled: false, pageloadstrategy: normal, platformname: windows, proxy: proxy(), se:cdp: ws://localhost:57480/devtoo..., se:cdpversion: 137.0.7151.120, setwindowrect: true, strictfileinteractability: false, timeouts: {implicit: 0, pageload: 300000, script: 30000}, unhandledpromptbehavior: dismiss and notify, webauthn:extension:credblob: true, webauthn:extension:largeblob: true, webauthn:extension:minpinlength: true, webauthn:extension:prf: true, webauthn:virtualauthenticators: true}
session id: 5f4c77eef5c060f124f371cc4d4e87eb. Retrying after 3000ms...
2025-09-07 14:12:48 [main] INFO  RetryUrlAccess - Successfully navigated to: https://demoqa.com
2025-09-07 14:12:48 [main] INFO  demoqaBase - 🧪 Starting Test Alerts, Frames & Windows|Modal Dialogs|Large Modal...
2025-09-07 14:12:48 [main] INFO  demoqaBase - Accessing Alerts, Frame & Windows Card...
Declared Instance WebDriverWait: org.openqa.selenium.support.ui.WebDriverWait@4e4d0a0b
2025-09-07 14:12:48 [main] INFO  demoqaLog - Clicking on Alert Frame & Windows Card...
2025-09-07 14:12:48 [main] INFO  demoqaLog - ✅ JS click executed on element: {}
2025-09-07 14:12:48 [main] INFO  demoqaLog - Clicked on on Alert Frame & Windows Card...
Title of this Page is: DEMOQA
You are Accessing: Alerts, Frame & Windows
2025-09-07 14:12:49 [main] INFO  demoqaBase - Alerts, Frame & Windows Card: Please select an item from left to start practice.
2025-09-07 14:12:49 [main] INFO  demoqaBase - 🔍 Starting test for Frames|Modal Dialogs click ..
2025-09-07 14:12:49 [main] INFO  demoqaLog - ✅ JS click executed on element: {}
2025-09-07 14:12:49 [main] INFO  demoqaBase - ✅ Clicked on Modal Dialogs...
2025-09-07 14:12:49 [main] INFO  demoqaBase - Page Title is: Modal Dialogs
2025-09-07 14:12:49 [main] INFO  demoqaBase - 🔍 Starting test for Frames|Modal Dialogs|Large Modal click...
2025-09-07 14:12:50 [main] INFO  demoqaLog - ✅ JS click executed on element: {}
2025-09-07 14:12:50 [main] INFO  demoqaBase - ✅ Clicked on Modal Dialogs|Large Modal...
2025-09-07 14:12:50 [main] INFO  demoqaBase - Page Title is: 
]]></system-out>
  </testcase>
  <testcase name="ClickSmallModal" classname="tests.AlertsFramesWindowsTests" time="2.693">
    <system-out><![CDATA[Path for Screenshot is: C:\ASN\eclipse_workspace\demoqa-automation/screenshots/com.aventstack.extentreports.ExtentTest@63262071Test Failed+2025-09-07_14-12-50.png
2025-09-07 14:12:51 [main] INFO  demoqaBase - Closing the Browser...
2025-09-07 14:12:52 [main] INFO  demoqaBase - Starting Web Browser...
2025-09-07 14:12:54 [main] INFO  demoqaBase - Navigating to demoqa.com Website
2025-09-07 14:13:15 [main] INFO  RetryUrlAccess - Successfully navigated to: https://demoqa.com
2025-09-07 14:13:15 [main] INFO  demoqaBase - 🧪 Starting Test Alerts, Frames & Windows|Modal Dialogs|Small Modal...
2025-09-07 14:13:15 [main] INFO  demoqaBase - Accessing Alerts, Frame & Windows Card...
Declared Instance WebDriverWait: org.openqa.selenium.support.ui.WebDriverWait@498a4d62
2025-09-07 14:13:15 [main] INFO  demoqaLog - Clicking on Alert Frame & Windows Card...
2025-09-07 14:13:15 [main] INFO  demoqaLog - ✅ JS click executed on element: {}
2025-09-07 14:13:15 [main] INFO  demoqaLog - Clicked on on Alert Frame & Windows Card...
Title of this Page is: DEMOQA
You are Accessing: Alerts, Frame & Windows
2025-09-07 14:13:16 [main] INFO  demoqaBase - Alerts, Frame & Windows Card: Please select an item from left to start practice.
2025-09-07 14:13:16 [main] INFO  demoqaBase - 🔍 Starting test for Frames|Modal Dialogs click ..
2025-09-07 14:13:16 [main] INFO  demoqaLog - ✅ JS click executed on element: {}
2025-09-07 14:13:16 [main] INFO  demoqaBase - ✅ Clicked on Modal Dialogs...
2025-09-07 14:13:16 [main] INFO  demoqaBase - Page Title is: Modal Dialogs
2025-09-07 14:13:16 [main] INFO  demoqaBase - 🔍 Starting test for Frames|Modal Dialogs|Small Modal click...
2025-09-07 14:13:17 [main] INFO  demoqaLog - ✅ JS click executed on element: {}
2025-09-07 14:13:17 [main] INFO  demoqaBase - ✅ Clicked on Modal Dialogs|Small Modal...
2025-09-07 14:13:17 [main] INFO  demoqaBase - Page Title is: Small Modal
2025-09-07 14:13:17 [main] INFO  demoqaBase - Small Modal Body Contains: This is a small modal. It has very less content
2025-09-07 14:13:18 [main] INFO  demoqaLog - ✅ JS click executed on element: {}
2025-09-07 14:13:18 [main] INFO  demoqaBase - ✅ Alerts, Frames & Windows|Modal Dialogs|Small Modal click Test Completed...
]]></system-out>
  </testcase>
  <testcase name="GetParentFrame" classname="tests.AlertsFramesWindowsTests" time="4.55">
    <system-out><![CDATA[2025-09-07 14:13:18 [main] INFO  demoqaBase - Closing the Browser...
2025-09-07 14:13:18 [main] INFO  demoqaBase - Starting Web Browser...
2025-09-07 14:13:21 [main] INFO  demoqaBase - Navigating to demoqa.com Website
2025-09-07 14:13:51 [main] WARN  RetryUrlAccess - Attempt 1 failed due to retryable error: timeout: timed out receiving message from renderer: 29.080
  (session info: chrome=137.0.7151.120)
build info: version: '4.35.0', revision: '1c58e5028b'
system info: os.name: 'windows 11', os.arch: 'amd64', os.version: '10.0', java.version: '21.0.7'
driver info: org.openqa.selenium.chrome.chromedriver
command: [155d485f0d1d9ce0967df146a4589dca, get {url=https://demoqa.com}]
capabilities {acceptinsecurecerts: false, browsername: chrome, browserversion: 137.0.7151.120, chrome: {chromedriverversion: 137.0.7151.119 (e0ac9d12dff..., userdatadir: c:\users\dell\appdata\local...}, fedcm:accounts: true, goog:chromeoptions: {debuggeraddress: localhost:57958}, networkconnectionenabled: false, pageloadstrategy: normal, platformname: windows, proxy: proxy(), se:cdp: ws://localhost:57958/devtoo..., se:cdpversion: 137.0.7151.120, setwindowrect: true, strictfileinteractability: false, timeouts: {implicit: 0, pageload: 300000, script: 30000}, unhandledpromptbehavior: dismiss and notify, webauthn:extension:credblob: true, webauthn:extension:largeblob: true, webauthn:extension:minpinlength: true, webauthn:extension:prf: true, webauthn:virtualauthenticators: true}
session id: 155d485f0d1d9ce0967df146a4589dca. Retrying after 3000ms...
2025-09-07 14:13:55 [main] INFO  RetryUrlAccess - Successfully navigated to: https://demoqa.com
2025-09-07 14:13:55 [main] INFO  demoqaBase - 🧪 Starting Test Alerts, Frames & Windows|Frames|Parent Frame message...
2025-09-07 14:13:55 [main] INFO  demoqaBase - Accessing Alerts, Frame & Windows Card...
Declared Instance WebDriverWait: org.openqa.selenium.support.ui.WebDriverWait@35b3c1f6
2025-09-07 14:13:55 [main] INFO  demoqaLog - Clicking on Alert Frame & Windows Card...
2025-09-07 14:13:55 [main] INFO  demoqaLog - ✅ JS click executed on element: {}
2025-09-07 14:13:55 [main] INFO  demoqaLog - Clicked on on Alert Frame & Windows Card...
Title of this Page is: DEMOQA
You are Accessing: Alerts, Frame & Windows
2025-09-07 14:13:56 [main] INFO  demoqaBase - Alerts, Frame & Windows Card: Please select an item from left to start practice.
2025-09-07 14:13:56 [main] INFO  demoqaBase - 🔍 Starting test for Frames|Nested Frames click ..
2025-09-07 14:13:56 [main] INFO  demoqaLog - ✅ JS click executed on element: {}
2025-09-07 14:13:56 [main] INFO  demoqaBase - ✅ Clicked on Nested Frames...
2025-09-07 14:13:56 [main] INFO  demoqaBase - Page Title is: Nested Frames
2025-09-07 14:13:56 [main] INFO  demoqaBase - 🔍 Starting test for Frames|Parent Frame Message...
2025-09-07 14:13:59 [main] INFO  demoqaBase - After switching, frame body contains: [Parent frame]
2025-09-07 14:13:59 [main] INFO  demoqaBase - ✅ Alerts, Frames & Windows|Frames|Parent Frame message Test Completed...
]]></system-out>
  </testcase>
  <testcase name="GetChildFrame" classname="tests.AlertsFramesWindowsTests" time="1.551">
    <system-out><![CDATA[2025-09-07 14:13:59 [main] INFO  demoqaBase - Closing the Browser...
2025-09-07 14:14:00 [main] INFO  demoqaBase - Starting Web Browser...
2025-09-07 14:14:03 [main] INFO  demoqaBase - Navigating to demoqa.com Website
2025-09-07 14:14:33 [main] WARN  RetryUrlAccess - Attempt 1 failed due to retryable error: timeout: timed out receiving message from renderer: 28.987
  (session info: chrome=137.0.7151.120)
build info: version: '4.35.0', revision: '1c58e5028b'
system info: os.name: 'windows 11', os.arch: 'amd64', os.version: '10.0', java.version: '21.0.7'
driver info: org.openqa.selenium.chrome.chromedriver
command: [08eb51560e7f854660bb095145331edf, get {url=https://demoqa.com}]
capabilities {acceptinsecurecerts: false, browsername: chrome, browserversion: 137.0.7151.120, chrome: {chromedriverversion: 137.0.7151.119 (e0ac9d12dff..., userdatadir: c:\users\dell\appdata\local...}, fedcm:accounts: true, goog:chromeoptions: {debuggeraddress: localhost:58204}, networkconnectionenabled: false, pageloadstrategy: normal, platformname: windows, proxy: proxy(), se:cdp: ws://localhost:58204/devtoo..., se:cdpversion: 137.0.7151.120, setwindowrect: true, strictfileinteractability: false, timeouts: {implicit: 0, pageload: 300000, script: 30000}, unhandledpromptbehavior: dismiss and notify, webauthn:extension:credblob: true, webauthn:extension:largeblob: true, webauthn:extension:minpinlength: true, webauthn:extension:prf: true, webauthn:virtualauthenticators: true}
session id: 08eb51560e7f854660bb095145331edf. Retrying after 3000ms...
2025-09-07 14:14:37 [main] INFO  RetryUrlAccess - Successfully navigated to: https://demoqa.com
2025-09-07 14:14:37 [main] INFO  demoqaBase - 🧪 Starting Test Alerts, Frames & Windows|Frames|Child Frame message...
2025-09-07 14:14:37 [main] INFO  demoqaBase - Accessing Alerts, Frame & Windows Card...
Declared Instance WebDriverWait: org.openqa.selenium.support.ui.WebDriverWait@76b05c0
2025-09-07 14:14:37 [main] INFO  demoqaLog - Clicking on Alert Frame & Windows Card...
2025-09-07 14:14:37 [main] INFO  demoqaLog - ✅ JS click executed on element: {}
2025-09-07 14:14:37 [main] INFO  demoqaLog - Clicked on on Alert Frame & Windows Card...
Title of this Page is: DEMOQA
You are Accessing: Alerts, Frame & Windows
2025-09-07 14:14:37 [main] INFO  demoqaBase - Alerts, Frame & Windows Card: Please select an item from left to start practice.
2025-09-07 14:14:37 [main] INFO  demoqaBase - 🔍 Starting test for Frames|Nested Frames click ..
2025-09-07 14:14:38 [main] INFO  demoqaLog - ✅ JS click executed on element: {}
2025-09-07 14:14:38 [main] INFO  demoqaBase - ✅ Clicked on Nested Frames...
2025-09-07 14:14:38 [main] INFO  demoqaBase - Page Title is: Nested Frames
2025-09-07 14:14:38 [main] INFO  demoqaBase - 🔍 Starting test for Frames|Child Frame Message...
2025-09-07 14:14:38 [main] INFO  demoqaBase - After switching, frame body contains: [Child Iframe]
2025-09-07 14:14:38 [main] INFO  demoqaBase - ✅ Alerts, Frames & Windows|Frames|Child Frame message Test Completed...
]]></system-out>
  </testcase>
  <testcase name="ElementsCard" classname="tests.ElementsTests" time="0.945">
    <system-out><![CDATA[2025-09-07 14:14:38 [main] INFO  demoqaBase - Closing the Browser...
2025-09-07 14:14:39 [main] INFO  demoqaBase - Starting Web Browser...
2025-09-07 14:14:42 [main] INFO  demoqaBase - Navigating to demoqa.com Website
2025-09-07 14:15:12 [main] WARN  RetryUrlAccess - Attempt 1 failed due to retryable error: timeout: timed out receiving message from renderer: 28.964
  (session info: chrome=137.0.7151.120)
build info: version: '4.35.0', revision: '1c58e5028b'
system info: os.name: 'windows 11', os.arch: 'amd64', os.version: '10.0', java.version: '21.0.7'
driver info: org.openqa.selenium.chrome.chromedriver
command: [28d58096f1e5f8a8ed7d5a1372f7b0f0, get {url=https://demoqa.com}]
capabilities {acceptinsecurecerts: false, browsername: chrome, browserversion: 137.0.7151.120, chrome: {chromedriverversion: 137.0.7151.119 (e0ac9d12dff..., userdatadir: c:\users\dell\appdata\local...}, fedcm:accounts: true, goog:chromeoptions: {debuggeraddress: localhost:58393}, networkconnectionenabled: false, pageloadstrategy: normal, platformname: windows, proxy: proxy(), se:cdp: ws://localhost:58393/devtoo..., se:cdpversion: 137.0.7151.120, setwindowrect: true, strictfileinteractability: false, timeouts: {implicit: 0, pageload: 300000, script: 30000}, unhandledpromptbehavior: dismiss and notify, webauthn:extension:credblob: true, webauthn:extension:largeblob: true, webauthn:extension:minpinlength: true, webauthn:extension:prf: true, webauthn:virtualauthenticators: true}
session id: 28d58096f1e5f8a8ed7d5a1372f7b0f0. Retrying after 3000ms...
2025-09-07 14:15:16 [main] INFO  RetryUrlAccess - Successfully navigated to: https://demoqa.com
2025-09-07 14:15:16 [main] INFO  demoqaBase - 🧪 Starting Test Elements | Text Box Test...
Instance Variables Declared are: nullnull
2025-09-07 14:15:16 [main] INFO  demoqaBase - Accessing Elements Card...
2025-09-07 14:15:16 [main] INFO  demoqaLog - Clicking on Elements Card...
2025-09-07 14:15:16 [main] WARN  demoqaLog - ⚠️ JS click failed, falling back to native click. Reason: {}
2025-09-07 14:15:17 [main] INFO  demoqaLog - ✅ Native click succeeded on element: {}
2025-09-07 14:15:17 [main] INFO  demoqaLog - Clicked on Elements Card...
Title of this Page is: DEMOQA
You are Accessing: Elements
 
Elements: Please select an item from left to start practice.
2025-09-07 14:15:17 [main] INFO  demoqaBase - Elements: Please select an item from left to start practice.
Title of this Page is: DEMOQA
2025-09-07 14:15:17 [main] INFO  demoqaBase - ✅ Element Card Test Completed...
]]></system-out>
  </testcase>
  <testcase name="TextBox[TextBoxUser{firstName=&apos;Johny&apos;, lastName=&apos;Bravo&apos;, email=&apos;Jbravo@demoqa.com&apos;, currentAddress=&apos;301 Town 481, Brookville\n kansas 42129\n United States&apos;, permanentAddress=&apos;511 Grant 481, Prattsville\n Arkansas 72129\n United States&apos;}](1)" classname="tests.ElementsTests" time="4.622">
    <system-out><![CDATA[2025-09-07 14:15:17 [main] INFO  demoqaBase - Closing the Browser...
🧾 Row 1: {Salary=28000.0, Email=Jbravo@demoqa.com, Address=511 Grant 481, Prattsville\n Arkansas 72129\n United States, First Name=Johny, Gender=Male, City=Delhi, Mobile=9.238343488E9, Hobbies=Sports,Music, Subject=Computer Science, Current Address=301 Town 481, Brookville\n kansas 42129\n United States, Department=Information Technology, DOB=15/08/2000, Picture=/TestData/Mphoto.jpg, State=NCR, Last Name=Bravo, Age=34.0}
🔍 Mapping field: firstName | Excel Column: First Name | Value: Johny
🔍 Mapping field: lastName | Excel Column: Last Name | Value: Bravo
🔍 Mapping field: email | Excel Column: Email | Value: Jbravo@demoqa.com
🔍 Mapping field: currentAddress | Excel Column: Current Address | Value: 301 Town 481, Brookville\n kansas 42129\n United States
🔍 Mapping field: permanentAddress | Excel Column: Address | Value: 511 Grant 481, Prattsville\n Arkansas 72129\n United States
🧾 Row 2: {Salary=18000.0, Email=GFemina@demoqa.com, Address=512 Grant 481, Prattsville\n Arkansas 72129\n United States, First Name=Gene, Gender=Female, City=Merrut, Mobile=1.888343432E9, Hobbies=Music,Reading, Subject=Accounting, Current Address=302 Town 481, Brookville\n kansas 42129\n United States, Department=Finance, DOB=22/05/2002, Picture=/TestData/Fphoto.png, State=Uttar Pradesh, Last Name=Femina, Age=30.0}
🔍 Mapping field: firstName | Excel Column: First Name | Value: Gene
🔍 Mapping field: lastName | Excel Column: Last Name | Value: Femina
🔍 Mapping field: email | Excel Column: Email | Value: GFemina@demoqa.com
🔍 Mapping field: currentAddress | Excel Column: Current Address | Value: 302 Town 481, Brookville\n kansas 42129\n United States
🔍 Mapping field: permanentAddress | Excel Column: Address | Value: 512 Grant 481, Prattsville\n Arkansas 72129\n United States
🧾 Row 3: {Salary=15000.0, Email=BWisem@demoqa.com, Address=513 Grant 481, Prattsville\n Arkansas 72129\n United States, First Name=Bud, Gender=Other, City=Panipat, Mobile=8.932465432E9, Hobbies=Reading, Subject=Biology, Current Address=303 Town 481, Brookville\n kansas 42129\n United States, Department=Medicine, DOB=31/12/1999, Picture=/TestData/Ophoto.jpg, State=Haryana, Last Name=Wisem, Age=40.0}
🔍 Mapping field: firstName | Excel Column: First Name | Value: Bud
🔍 Mapping field: lastName | Excel Column: Last Name | Value: Wisem
🔍 Mapping field: email | Excel Column: Email | Value: BWisem@demoqa.com
🔍 Mapping field: currentAddress | Excel Column: Current Address | Value: 303 Town 481, Brookville\n kansas 42129\n United States
🔍 Mapping field: permanentAddress | Excel Column: Address | Value: 513 Grant 481, Prattsville\n Arkansas 72129\n United States
🧾 Row 4: {Salary=19000.0, Email=TBoss@demoqa.com, Address=514 Grant 481, Prattsville\n Arkansas 72129\n United States, First Name=Tom, Gender=Male, City=Jaiselmer, Mobile=7.839875281E9, Hobbies=Sports,Reading, Subject=Social Studies, Current Address=304 Town 481, Brookville\n kansas 42129\n United States, Department=Recreation, DOB=1/26/03, Picture=/TestData/M2photo.jpg, State=Rajasthan, Last Name=Boss, Age=42.0}
🔍 Mapping field: firstName | Excel Column: First Name | Value: Tom
🔍 Mapping field: lastName | Excel Column: Last Name | Value: Boss
🔍 Mapping field: email | Excel Column: Email | Value: TBoss@demoqa.com
🔍 Mapping field: currentAddress | Excel Column: Current Address | Value: 304 Town 481, Brookville\n kansas 42129\n United States
🔍 Mapping field: permanentAddress | Excel Column: Address | Value: 514 Grant 481, Prattsville\n Arkansas 72129\n United States
2025-09-07 14:15:19 [main] INFO  demoqaBase - Starting Web Browser...
2025-09-07 14:15:22 [main] INFO  demoqaBase - Navigating to demoqa.com Website
2025-09-07 14:15:52 [main] WARN  RetryUrlAccess - Attempt 1 failed due to retryable error: timeout: timed out receiving message from renderer: 28.988
  (session info: chrome=137.0.7151.120)
build info: version: '4.35.0', revision: '1c58e5028b'
system info: os.name: 'windows 11', os.arch: 'amd64', os.version: '10.0', java.version: '21.0.7'
driver info: org.openqa.selenium.chrome.chromedriver
command: [cc0512458944d01f071fcb1525c1d781, get {url=https://demoqa.com}]
capabilities {acceptinsecurecerts: false, browsername: chrome, browserversion: 137.0.7151.120, chrome: {chromedriverversion: 137.0.7151.119 (e0ac9d12dff..., userdatadir: c:\users\dell\appdata\local...}, fedcm:accounts: true, goog:chromeoptions: {debuggeraddress: localhost:58520}, networkconnectionenabled: false, pageloadstrategy: normal, platformname: windows, proxy: proxy(), se:cdp: ws://localhost:58520/devtoo..., se:cdpversion: 137.0.7151.120, setwindowrect: true, strictfileinteractability: false, timeouts: {implicit: 0, pageload: 300000, script: 30000}, unhandledpromptbehavior: dismiss and notify, webauthn:extension:credblob: true, webauthn:extension:largeblob: true, webauthn:extension:minpinlength: true, webauthn:extension:prf: true, webauthn:virtualauthenticators: true}
session id: cc0512458944d01f071fcb1525c1d781. Retrying after 3000ms...
2025-09-07 14:15:56 [main] INFO  RetryUrlAccess - Successfully navigated to: https://demoqa.com
2025-09-07 14:15:56 [main] INFO  demoqaBase - 🧪 Starting Test Elements | Text Box Test...
Instance Variables Declared are: nullnull
2025-09-07 14:15:56 [main] INFO  demoqaBase - Accessing Elements Card...
2025-09-07 14:15:56 [main] INFO  demoqaLog - Clicking on Elements Card...
2025-09-07 14:15:56 [main] WARN  demoqaLog - ⚠️ JS click failed, falling back to native click. Reason: {}
2025-09-07 14:15:56 [main] INFO  demoqaLog - ✅ Native click succeeded on element: {}
2025-09-07 14:15:56 [main] INFO  demoqaLog - Clicked on Elements Card...
Title of this Page is: DEMOQA
You are Accessing: Elements
 
Elements: Please select an item from left to start practice.
2025-09-07 14:15:57 [main] INFO  demoqaBase - Elements: Please select an item from left to start practice.
2025-09-07 14:15:57 [main] INFO  demoqaBase - Accessing Text Box...
Text Box
2025-09-07 14:15:58 [main] INFO  demoqaBase - You are accessing: Text Box
2025-09-07 14:15:58 [main] INFO  demoqaBase - 📝 Filling TextBox form for user: Johny Bravo
2025-09-07 14:16:00 [main] INFO  demoqaBase - ✅ Form filled successfully for: Johny Bravo
2025-09-07 14:16:00 [main] INFO  demoqaLog - ✅ JS click executed on element: {}
2025-09-07 14:16:00 [main] INFO  demoqaBase - 🔍 Validating submitted form for: Johny Bravo
2025-09-07 14:16:00 [main] INFO  demoqaBase - ✅ Validation passed for user: Johny Bravo
2025-09-07 14:16:00 [main] INFO  demoqaBase - ✅ Text Box Element Test Completed...
]]></system-out>
  </testcase>
  <testcase name="TextBox[TextBoxUser{firstName=&apos;Gene&apos;, lastName=&apos;Femina&apos;, email=&apos;GFemina@demoqa.com&apos;, currentAddress=&apos;302 Town 481, Brookville\n kansas 42129\n United States&apos;, permanentAddress=&apos;512 Grant 481, Prattsville\n Arkansas 72129\n United States&apos;}](2)" classname="tests.ElementsTests" time="2.538">
    <system-out><![CDATA[Path for Screenshot is: C:\ASN\eclipse_workspace\demoqa-automation/screenshots/TextBox Passed+2025-09-07_14-16-00.png
2025-09-07 14:16:01 [main] INFO  demoqaBase - Closing the Browser...
2025-09-07 14:16:01 [main] INFO  demoqaBase - Starting Web Browser...
2025-09-07 14:16:04 [main] INFO  demoqaBase - Navigating to demoqa.com Website
2025-09-07 14:16:34 [main] WARN  RetryUrlAccess - Attempt 1 failed due to retryable error: timeout: timed out receiving message from renderer: 29.009
  (session info: chrome=137.0.7151.120)
build info: version: '4.35.0', revision: '1c58e5028b'
system info: os.name: 'windows 11', os.arch: 'amd64', os.version: '10.0', java.version: '21.0.7'
driver info: org.openqa.selenium.chrome.chromedriver
command: [f53d73fe59b9c6959056304f205e1d19, get {url=https://demoqa.com}]
capabilities {acceptinsecurecerts: false, browsername: chrome, browserversion: 137.0.7151.120, chrome: {chromedriverversion: 137.0.7151.119 (e0ac9d12dff..., userdatadir: c:\users\dell\appdata\local...}, fedcm:accounts: true, goog:chromeoptions: {debuggeraddress: localhost:58797}, networkconnectionenabled: false, pageloadstrategy: normal, platformname: windows, proxy: proxy(), se:cdp: ws://localhost:58797/devtoo..., se:cdpversion: 137.0.7151.120, setwindowrect: true, strictfileinteractability: false, timeouts: {implicit: 0, pageload: 300000, script: 30000}, unhandledpromptbehavior: dismiss and notify, webauthn:extension:credblob: true, webauthn:extension:largeblob: true, webauthn:extension:minpinlength: true, webauthn:extension:prf: true, webauthn:virtualauthenticators: true}
session id: f53d73fe59b9c6959056304f205e1d19. Retrying after 3000ms...
2025-09-07 14:16:38 [main] INFO  RetryUrlAccess - Successfully navigated to: https://demoqa.com
2025-09-07 14:16:38 [main] INFO  demoqaBase - 🧪 Starting Test Elements | Text Box Test...
Instance Variables Declared are: nullnull
2025-09-07 14:16:38 [main] INFO  demoqaBase - Accessing Elements Card...
2025-09-07 14:16:38 [main] INFO  demoqaLog - Clicking on Elements Card...
2025-09-07 14:16:38 [main] WARN  demoqaLog - ⚠️ JS click failed, falling back to native click. Reason: {}
2025-09-07 14:16:38 [main] INFO  demoqaLog - ✅ Native click succeeded on element: {}
2025-09-07 14:16:38 [main] INFO  demoqaLog - Clicked on Elements Card...
Title of this Page is: DEMOQA
You are Accessing: Elements
 
Elements: Please select an item from left to start practice.
2025-09-07 14:16:38 [main] INFO  demoqaBase - Elements: Please select an item from left to start practice.
2025-09-07 14:16:38 [main] INFO  demoqaBase - Accessing Text Box...
Text Box
2025-09-07 14:16:39 [main] INFO  demoqaBase - You are accessing: Text Box
2025-09-07 14:16:39 [main] INFO  demoqaBase - 📝 Filling TextBox form for user: Gene Femina
2025-09-07 14:16:40 [main] INFO  demoqaBase - ✅ Form filled successfully for: Gene Femina
2025-09-07 14:16:40 [main] INFO  demoqaLog - ✅ JS click executed on element: {}
2025-09-07 14:16:40 [main] INFO  demoqaBase - 🔍 Validating submitted form for: Gene Femina
2025-09-07 14:16:40 [main] INFO  demoqaBase - ✅ Validation passed for user: Gene Femina
2025-09-07 14:16:40 [main] INFO  demoqaBase - ✅ Text Box Element Test Completed...
]]></system-out>
  </testcase>
  <testcase name="TextBox[TextBoxUser{firstName=&apos;Bud&apos;, lastName=&apos;Wisem&apos;, email=&apos;BWisem@demoqa.com&apos;, currentAddress=&apos;303 Town 481, Brookville\n kansas 42129\n United States&apos;, permanentAddress=&apos;513 Grant 481, Prattsville\n Arkansas 72129\n United States&apos;}](3)" classname="tests.ElementsTests" time="1.965">
    <system-out><![CDATA[Path for Screenshot is: C:\ASN\eclipse_workspace\demoqa-automation/screenshots/TextBox Passed+2025-09-07_14-16-40.png
2025-09-07 14:16:40 [main] INFO  demoqaBase - Closing the Browser...
2025-09-07 14:16:41 [main] INFO  demoqaBase - Starting Web Browser...
2025-09-07 14:16:42 [main] INFO  demoqaBase - Navigating to demoqa.com Website
2025-09-07 14:17:12 [main] WARN  RetryUrlAccess - Attempt 1 failed due to retryable error: timeout: timed out receiving message from renderer: 29.033
  (session info: chrome=137.0.7151.120)
build info: version: '4.35.0', revision: '1c58e5028b'
system info: os.name: 'windows 11', os.arch: 'amd64', os.version: '10.0', java.version: '21.0.7'
driver info: org.openqa.selenium.chrome.chromedriver
command: [a5023f895dfa387ae8d5c9c248f13755, get {url=https://demoqa.com}]
capabilities {acceptinsecurecerts: false, browsername: chrome, browserversion: 137.0.7151.120, chrome: {chromedriverversion: 137.0.7151.119 (e0ac9d12dff..., userdatadir: c:\users\dell\appdata\local...}, fedcm:accounts: true, goog:chromeoptions: {debuggeraddress: localhost:59099}, networkconnectionenabled: false, pageloadstrategy: normal, platformname: windows, proxy: proxy(), se:cdp: ws://localhost:59099/devtoo..., se:cdpversion: 137.0.7151.120, setwindowrect: true, strictfileinteractability: false, timeouts: {implicit: 0, pageload: 300000, script: 30000}, unhandledpromptbehavior: dismiss and notify, webauthn:extension:credblob: true, webauthn:extension:largeblob: true, webauthn:extension:minpinlength: true, webauthn:extension:prf: true, webauthn:virtualauthenticators: true}
session id: a5023f895dfa387ae8d5c9c248f13755. Retrying after 3000ms...
2025-09-07 14:17:45 [main] WARN  RetryUrlAccess - Attempt 2 failed due to retryable error: timeout: timed out receiving message from renderer: 29.814
  (session info: chrome=137.0.7151.120)
build info: version: '4.35.0', revision: '1c58e5028b'
system info: os.name: 'windows 11', os.arch: 'amd64', os.version: '10.0', java.version: '21.0.7'
driver info: org.openqa.selenium.chrome.chromedriver
command: [a5023f895dfa387ae8d5c9c248f13755, get {url=https://demoqa.com}]
capabilities {acceptinsecurecerts: false, browsername: chrome, browserversion: 137.0.7151.120, chrome: {chromedriverversion: 137.0.7151.119 (e0ac9d12dff..., userdatadir: c:\users\dell\appdata\local...}, fedcm:accounts: true, goog:chromeoptions: {debuggeraddress: localhost:59099}, networkconnectionenabled: false, pageloadstrategy: normal, platformname: windows, proxy: proxy(), se:cdp: ws://localhost:59099/devtoo..., se:cdpversion: 137.0.7151.120, setwindowrect: true, strictfileinteractability: false, timeouts: {implicit: 0, pageload: 300000, script: 30000}, unhandledpromptbehavior: dismiss and notify, webauthn:extension:credblob: true, webauthn:extension:largeblob: true, webauthn:extension:minpinlength: true, webauthn:extension:prf: true, webauthn:virtualauthenticators: true}
session id: a5023f895dfa387ae8d5c9c248f13755. Retrying after 3000ms...
2025-09-07 14:17:49 [main] INFO  RetryUrlAccess - Successfully navigated to: https://demoqa.com
2025-09-07 14:17:49 [main] INFO  demoqaBase - 🧪 Starting Test Elements | Text Box Test...
Instance Variables Declared are: nullnull
2025-09-07 14:17:49 [main] INFO  demoqaBase - Accessing Elements Card...
2025-09-07 14:17:49 [main] INFO  demoqaLog - Clicking on Elements Card...
2025-09-07 14:17:49 [main] WARN  demoqaLog - ⚠️ JS click failed, falling back to native click. Reason: {}
2025-09-07 14:17:49 [main] INFO  demoqaLog - ✅ Native click succeeded on element: {}
2025-09-07 14:17:49 [main] INFO  demoqaLog - Clicked on Elements Card...
Title of this Page is: DEMOQA
You are Accessing: Elements
 
Elements: Please select an item from left to start practice.
[...]
session id: b11f6aa337c1083eca3ef026cb4b2358. Retrying after 3000ms...
2025-09-07 14:55:09 [main] INFO  RetryUrlAccess - Successfully navigated to: https://demoqa.com
2025-09-07 14:55:09 [main] INFO  demoqaBase - 🧪 Starting Test Widgets|Auto Complete...
2025-09-07 14:55:09 [main] INFO  demoqaBase - Accessing Widgets Card...
Declared Instance WebDriverWait: org.openqa.selenium.support.ui.WebDriverWait@6f0bae12
2025-09-07 14:55:09 [main] INFO  demoqaLog - Clicking on Widgets Card...
2025-09-07 14:55:09 [main] INFO  demoqaLog - ✅ JS click executed on element: {}
2025-09-07 14:55:09 [main] INFO  demoqaLog - Clicked on on Widgets Card...
Title of this Page is: DEMOQA
You are Accessing: Widgets
 
2025-09-07 14:55:09 [main] INFO  demoqaBase - Widgets: Please select an item from left to start practice.
2025-09-07 14:55:09 [main] INFO  demoqaBase - Clicking on Widgets|AutoComplete...
You are now Accessing: Auto Complete
2025-09-07 14:55:10 [main] INFO  demoqaBase - You are now Accessing: Auto Complete
Searching Colors using: W
Expected Color to be selected is/are: [Yellow, White]
2025-09-07 14:55:10 [main] INFO  demoqaBase - 🔍 Running test for search character: W
2025-09-07 14:55:10 [main] INFO  demoqaBase - Clicking on Widgets | Auto Complete | Type multiple color names...
Searching Colors using: W
Expected Color to be selected is/are: [Yellow, White]
2025-09-07 14:55:10 [main] INFO  demoqaBase - You are now Accessing: Auto Complete
2025-09-07 14:55:11 [main] INFO  demoqaBase - Available Color: Yellow
2025-09-07 14:55:11 [main] INFO  demoqaLog - ✅ JS click executed on element: {}
2025-09-07 14:55:11 [main] INFO  demoqaBase - ✅ Selected Color: Yellow
2025-09-07 14:55:12 [main] INFO  demoqaBase - Available Color: White
2025-09-07 14:55:12 [main] INFO  demoqaLog - ✅ JS click executed on element: {}
2025-09-07 14:55:12 [main] INFO  demoqaBase - ✅ Selected Color: White
2025-09-07 14:55:12 [main] INFO  demoqaBase - 🎯 Final selected colors: [Yellow, White]
2025-09-07 14:55:12 [main] INFO  demoqaBase - ✅ Widgets|Auto Complete Test Completed...
]]></system-out>
  </testcase>
  <testcase name="AutoCompleteSearch[ColorSelectionData{searchFor=&apos;Y&apos;, expectedColors=[Yellow]}](21)" classname="tests.WidgetsTests" time="2.566">
    <system-out><![CDATA[2025-09-07 14:55:12 [main] INFO  demoqaBase - Closing the Browser...
2025-09-07 14:55:12 [main] INFO  demoqaBase - Starting Web Browser...
2025-09-07 14:55:14 [main] INFO  demoqaBase - Navigating to demoqa.com Website
2025-09-07 14:55:44 [main] WARN  RetryUrlAccess - Attempt 1 failed due to retryable error: timeout: timed out receiving message from renderer: 29.126
  (session info: chrome=137.0.7151.120)
build info: version: '4.35.0', revision: '1c58e5028b'
system info: os.name: 'windows 11', os.arch: 'amd64', os.version: '10.0', java.version: '21.0.7'
driver info: org.openqa.selenium.chrome.chromedriver
command: [1967514a2b5ee8ef7be976984ecedd2d, get {url=https://demoqa.com}]
capabilities {acceptinsecurecerts: false, browsername: chrome, browserversion: 137.0.7151.120, chrome: {chromedriverversion: 137.0.7151.119 (e0ac9d12dff..., userdatadir: c:\users\dell\appdata\local...}, fedcm:accounts: true, goog:chromeoptions: {debuggeraddress: localhost:53530}, networkconnectionenabled: false, pageloadstrategy: normal, platformname: windows, proxy: proxy(), se:cdp: ws://localhost:53530/devtoo..., se:cdpversion: 137.0.7151.120, setwindowrect: true, strictfileinteractability: false, timeouts: {implicit: 0, pageload: 300000, script: 30000}, unhandledpromptbehavior: dismiss and notify, webauthn:extension:credblob: true, webauthn:extension:largeblob: true, webauthn:extension:minpinlength: true, webauthn:extension:prf: true, webauthn:virtualauthenticators: true}
session id: 1967514a2b5ee8ef7be976984ecedd2d. Retrying after 3000ms...
2025-09-07 14:55:47 [main] INFO  RetryUrlAccess - Successfully navigated to: https://demoqa.com
2025-09-07 14:55:47 [main] INFO  demoqaBase - 🧪 Starting Test Widgets|Auto Complete...
2025-09-07 14:55:47 [main] INFO  demoqaBase - Accessing Widgets Card...
Declared Instance WebDriverWait: org.openqa.selenium.support.ui.WebDriverWait@6f450846
2025-09-07 14:55:47 [main] INFO  demoqaLog - Clicking on Widgets Card...
2025-09-07 14:55:48 [main] INFO  demoqaLog - ✅ JS click executed on element: {}
2025-09-07 14:55:48 [main] INFO  demoqaLog - Clicked on on Widgets Card...
Title of this Page is: DEMOQA
You are Accessing: Widgets
 
2025-09-07 14:55:48 [main] INFO  demoqaBase - Widgets: Please select an item from left to start practice.
2025-09-07 14:55:48 [main] INFO  demoqaBase - Clicking on Widgets|AutoComplete...
You are now Accessing: Auto Complete
2025-09-07 14:55:49 [main] INFO  demoqaBase - You are now Accessing: Auto Complete
Searching Colors using: Y
Expected Color to be selected is/are: [Yellow]
2025-09-07 14:55:49 [main] INFO  demoqaBase - 🔍 Running test for search character: Y
2025-09-07 14:55:49 [main] INFO  demoqaBase - Clicking on Widgets | Auto Complete | Type multiple color names...
Searching Colors using: Y
Expected Color to be selected is/are: [Yellow]
2025-09-07 14:55:49 [main] INFO  demoqaBase - You are now Accessing: Auto Complete
2025-09-07 14:55:50 [main] INFO  demoqaBase - Available Color: Yellow
2025-09-07 14:55:50 [main] INFO  demoqaLog - ✅ JS click executed on element: {}
2025-09-07 14:55:50 [main] INFO  demoqaBase - ✅ Selected Color: Yellow
2025-09-07 14:55:50 [main] INFO  demoqaBase - 🎯 Final selected colors: [Yellow]
2025-09-07 14:55:50 [main] INFO  demoqaBase - ✅ Widgets|Auto Complete Test Completed...
]]></system-out>
  </testcase>
  <testcase name="AutoCompleteSearchRemove[ColorSelectionData{searchFor=&apos;E&apos;, expectedColors=[Green, Yellow]}](1)" classname="tests.WidgetsTests" time="6.581">
    <system-out><![CDATA[2025-09-07 14:55:50 [main] INFO  demoqaBase - Closing the Browser...
🧾 Row 1: {SearchFor=E, ExpectedColors=Green,Yellow}
🔍 Mapping field: searchFor | Excel Column: SearchFor | Value: E
🔍 Mapping field: expectedColorsRaw | Excel Column: ExpectedColors | Value: Green,Yellow
2025-09-07 14:55:50 [main] INFO  demoqaBase - Starting Web Browser...
2025-09-07 14:55:52 [main] INFO  demoqaBase - Navigating to demoqa.com Website
2025-09-07 14:56:22 [main] WARN  RetryUrlAccess - Attempt 1 failed due to retryable error: timeout: timed out receiving message from renderer: 29.101
  (session info: chrome=137.0.7151.120)
build info: version: '4.35.0', revision: '1c58e5028b'
system info: os.name: 'windows 11', os.arch: 'amd64', os.version: '10.0', java.version: '21.0.7'
driver info: org.openqa.selenium.chrome.chromedriver
command: [73e98624e47a9fa9db7f3f8ff5c898f5, get {url=https://demoqa.com}]
capabilities {acceptinsecurecerts: false, browsername: chrome, browserversion: 137.0.7151.120, chrome: {chromedriverversion: 137.0.7151.119 (e0ac9d12dff..., userdatadir: c:\users\dell\appdata\local...}, fedcm:accounts: true, goog:chromeoptions: {debuggeraddress: localhost:53764}, networkconnectionenabled: false, pageloadstrategy: normal, platformname: windows, proxy: proxy(), se:cdp: ws://localhost:53764/devtoo..., se:cdpversion: 137.0.7151.120, setwindowrect: true, strictfileinteractability: false, timeouts: {implicit: 0, pageload: 300000, script: 30000}, unhandledpromptbehavior: dismiss and notify, webauthn:extension:credblob: true, webauthn:extension:largeblob: true, webauthn:extension:minpinlength: true, webauthn:extension:prf: true, webauthn:virtualauthenticators: true}
session id: 73e98624e47a9fa9db7f3f8ff5c898f5. Retrying after 3000ms...
2025-09-07 14:56:25 [main] INFO  RetryUrlAccess - Successfully navigated to: https://demoqa.com
2025-09-07 14:56:25 [main] INFO  demoqaBase - 🧪 Starting Test Widgets|Auto Complete - Select & Remove Flow
2025-09-07 14:56:25 [main] INFO  demoqaBase - Accessing Widgets Card...
Declared Instance WebDriverWait: org.openqa.selenium.support.ui.WebDriverWait@6e37943b
2025-09-07 14:56:25 [main] INFO  demoqaLog - Clicking on Widgets Card...
2025-09-07 14:56:26 [main] INFO  demoqaLog - ✅ JS click executed on element: {}
2025-09-07 14:56:26 [main] INFO  demoqaLog - Clicked on on Widgets Card...
Title of this Page is: DEMOQA
You are Accessing: Widgets
 
2025-09-07 14:56:26 [main] INFO  demoqaBase - Widgets: Please select an item from left to start practice.
2025-09-07 14:56:26 [main] INFO  demoqaBase - Clicking on Widgets|AutoComplete...
You are now Accessing: Auto Complete
2025-09-07 14:56:27 [main] INFO  demoqaBase - You are now Accessing: Auto Complete
🧾 Row 1: {SearchFor=A, ExpectedColors=Black,Magenta,Aqua}
🔍 Mapping field: searchFor | Excel Column: SearchFor | Value: A
🔍 Mapping field: expectedColorsRaw | Excel Column: ExpectedColors | Value: Black,Magenta,Aqua
🧾 Row 2: {SearchFor=B, ExpectedColors=Blue,Black}
🔍 Mapping field: searchFor | Excel Column: SearchFor | Value: B
🔍 Mapping field: expectedColorsRaw | Excel Column: ExpectedColors | Value: Blue,Black
🧾 Row 3: {SearchFor=C, ExpectedColors=Black}
🔍 Mapping field: searchFor | Excel Column: SearchFor | Value: C
🔍 Mapping field: expectedColorsRaw | Excel Column: ExpectedColors | Value: Black
🧾 Row 4: {SearchFor=D, ExpectedColors=Red,Indigo}
🔍 Mapping field: searchFor | Excel Column: SearchFor | Value: D
🔍 Mapping field: expectedColorsRaw | Excel Column: ExpectedColors | Value: Red,Indigo
🧾 Row 5: {SearchFor=E, ExpectedColors=Red,Blue,Green,Yellow,Purple,White,Voilet,Magenta}
🔍 Mapping field: searchFor | Excel Column: SearchFor | Value: E
🔍 Mapping field: expectedColorsRaw | Excel Column: ExpectedColors | Value: Red,Blue,Green,Yellow,Purple,White,Voilet,Magenta
🧾 Row 6: {SearchFor=G, ExpectedColors=Green,Indigo,Magenta}
🔍 Mapping field: searchFor | Excel Column: SearchFor | Value: G
🔍 Mapping field: expectedColorsRaw | Excel Column: ExpectedColors | Value: Green,Indigo,Magenta
🧾 Row 7: {SearchFor=H, ExpectedColors=White}
🔍 Mapping field: searchFor | Excel Column: SearchFor | Value: H
🔍 Mapping field: expectedColorsRaw | Excel Column: ExpectedColors | Value: White
🧾 Row 8: {SearchFor=I, ExpectedColors=White,Voilet,Indigo}
🔍 Mapping field: searchFor | Excel Column: SearchFor | Value: I
🔍 Mapping field: expectedColorsRaw | Excel Column: ExpectedColors | Value: White,Voilet,Indigo
🧾 Row 9: {SearchFor=K, ExpectedColors=Black}
🔍 Mapping field: searchFor | Excel Column: SearchFor | Value: K
🔍 Mapping field: expectedColorsRaw | Excel Column: ExpectedColors | Value: Black
🧾 Row 10: {SearchFor=L, ExpectedColors=Blue,Yellow,Purple,Black,Voilet}
🔍 Mapping field: searchFor | Excel Column: SearchFor | Value: L
🔍 Mapping field: expectedColorsRaw | Excel Column: ExpectedColors | Value: Blue,Yellow,Purple,Black,Voilet
🧾 Row 11: {SearchFor=M, ExpectedColors=Magenta}
🔍 Mapping field: searchFor | Excel Column: SearchFor | Value: M
🔍 Mapping field: expectedColorsRaw | Excel Column: ExpectedColors | Value: Magenta
🧾 Row 12: {SearchFor=N, ExpectedColors=Green,Indigo,Magenta}
🔍 Mapping field: searchFor | Excel Column: SearchFor | Value: N
🔍 Mapping field: expectedColorsRaw | Excel Column: ExpectedColors | Value: Green,Indigo,Magenta
🧾 Row 13: {SearchFor=O, ExpectedColors=Yellow,Voilet,Indigo}
🔍 Mapping field: searchFor | Excel Column: SearchFor | Value: O
🔍 Mapping field: expectedColorsRaw | Excel Column: ExpectedColors | Value: Yellow,Voilet,Indigo
🧾 Row 14: {SearchFor=P, ExpectedColors=Purple}
🔍 Mapping field: searchFor | Excel Column: SearchFor | Value: P
🔍 Mapping field: expectedColorsRaw | Excel Column: ExpectedColors | Value: Purple
🧾 Row 15: {SearchFor=Q, ExpectedColors=Aqua}
🔍 Mapping field: searchFor | Excel Column: SearchFor | Value: Q
🔍 Mapping field: expectedColorsRaw | Excel Column: ExpectedColors | Value: Aqua
🧾 Row 16: {SearchFor=R, ExpectedColors=Red,Green,Purple}
🔍 Mapping field: searchFor | Excel Column: SearchFor | Value: R
🔍 Mapping field: expectedColorsRaw | Excel Column: ExpectedColors | Value: Red,Green,Purple
🧾 Row 17: {SearchFor=T, ExpectedColors=White,Voilet,Magenta}
🔍 Mapping field: searchFor | Excel Column: SearchFor | Value: T
🔍 Mapping field: expectedColorsRaw | Excel Column: ExpectedColors | Value: White,Voilet,Magenta
🧾 Row 18: {SearchFor=U, ExpectedColors=Blue,Purple,Aqua}
🔍 Mapping field: searchFor | Excel Column: SearchFor | Value: U
🔍 Mapping field: expectedColorsRaw | Excel Column: ExpectedColors | Value: Blue,Purple,Aqua
🧾 Row 19: {SearchFor=V, ExpectedColors=Voilet}
🔍 Mapping field: searchFor | Excel Column: SearchFor | Value: V
🔍 Mapping field: expectedColorsRaw | Excel Column: ExpectedColors | Value: Voilet
🧾 Row 20: {SearchFor=W, ExpectedColors=Yellow,White}
🔍 Mapping field: searchFor | Excel Column: SearchFor | Value: W
🔍 Mapping field: expectedColorsRaw | Excel Column: ExpectedColors | Value: Yellow,White
🧾 Row 21: {SearchFor=Y, ExpectedColors=Yellow}
🔍 Mapping field: searchFor | Excel Column: SearchFor | Value: Y
🔍 Mapping field: expectedColorsRaw | Excel Column: ExpectedColors | Value: Yellow
2025-09-07 14:56:27 [main] INFO  demoqaBase - 🎨 Selecting colors for 'E': [Red, Blue, Green, Yellow, Purple, White, Voilet, Magenta]
2025-09-07 14:56:28 [main] INFO  demoqaLog - ✅ JS click executed on element: {}
2025-09-07 14:56:28 [main] INFO  demoqaBase - ✅ Selected color 'Red' for 'E'
2025-09-07 14:56:28 [main] INFO  demoqaLog - ✅ JS click executed on element: {}
2025-09-07 14:56:28 [main] INFO  demoqaBase - ✅ Selected color 'Blue' for 'E'
2025-09-07 14:56:29 [main] INFO  demoqaLog - ✅ JS click executed on element: {}
2025-09-07 14:56:29 [main] INFO  demoqaBase - ✅ Selected color 'Green' for 'E'
2025-09-07 14:56:29 [main] INFO  demoqaLog - ✅ JS click executed on element: {}
2025-09-07 14:56:29 [main] INFO  demoqaBase - ✅ Selected color 'Yellow' for 'E'
2025-09-07 14:56:30 [main] INFO  demoqaLog - ✅ JS click executed on element: {}
2025-09-07 14:56:30 [main] INFO  demoqaBase - ✅ Selected color 'Purple' for 'E'
2025-09-07 14:56:30 [main] INFO  demoqaLog - ✅ JS click executed on element: {}
2025-09-07 14:56:30 [main] INFO  demoqaBase - ✅ Selected color 'White' for 'E'
2025-09-07 14:56:31 [main] INFO  demoqaLog - ✅ JS click executed on element: {}
2025-09-07 14:56:31 [main] INFO  demoqaBase - ✅ Selected color 'Voilet' for 'E'
2025-09-07 14:56:32 [main] INFO  demoqaLog - ✅ JS click executed on element: {}
2025-09-07 14:56:32 [main] INFO  demoqaBase - ✅ Selected color 'Magenta' for 'E'
🧾 Row 1: {SearchFor=E, ExpectedColors=Green,Yellow}
🔍 Mapping field: searchFor | Excel Column: SearchFor | Value: E
🔍 Mapping field: expectedColorsRaw | Excel Column: ExpectedColors | Value: Green,Yellow
2025-09-07 14:56:32 [main] INFO  demoqaBase - 🗑️ Attempting to remove colors for 'E': [Green, Yellow]
2025-09-07 14:56:32 [main] INFO  demoqaBase - 🗑️ Removed color: Green
2025-09-07 14:56:32 [main] INFO  demoqaBase - 🗑️ Removed color: Yellow
2025-09-07 14:56:32 [main] INFO  demoqaBase - ✅ Assertion passed: Color 'Green' successfully removed.
2025-09-07 14:56:32 [main] INFO  demoqaBase - ✅ Assertion passed: Color 'Yellow' successfully removed.
2025-09-07 14:56:32 [main] INFO  demoqaBase - ✅ Auto Complete Select & Remove Flow completed for 'E'
]]></system-out>
  </testcase>
  <testcase name="AutoCompleteSingle[E, Green](1)" classname="tests.WidgetsTests" time="1.807">
    <system-out><![CDATA[2025-09-07 14:56:32 [main] INFO  demoqaBase - Closing the Browser...
2025-09-07 14:56:33 [main] INFO  demoqaBase - Starting Web Browser...
2025-09-07 14:56:34 [main] INFO  demoqaBase - Navigating to demoqa.com Website
2025-09-07 14:56:57 [main] INFO  RetryUrlAccess - Successfully navigated to: https://demoqa.com
2025-09-07 14:56:57 [main] INFO  demoqaBase - 🧪 Starting Test Widgets|Auto Complete - Select & Remove Flow|Type single color name - Search & Select
2025-09-07 14:56:57 [main] INFO  demoqaBase - Accessing Widgets Card...
Declared Instance WebDriverWait: org.openqa.selenium.support.ui.WebDriverWait@4cb34012
2025-09-07 14:56:57 [main] INFO  demoqaLog - Clicking on Widgets Card...
2025-09-07 14:56:57 [main] INFO  demoqaLog - ✅ JS click executed on element: {}
2025-09-07 14:56:57 [main] INFO  demoqaLog - Clicked on on Widgets Card...
Title of this Page is: DEMOQA
You are Accessing: Widgets
 
2025-09-07 14:56:58 [main] INFO  demoqaBase - Widgets: Please select an item from left to start practice.
2025-09-07 14:56:58 [main] INFO  demoqaBase - Clicking on Widgets|AutoComplete...
You are now Accessing: Auto Complete
2025-09-07 14:56:58 [main] INFO  demoqaBase - You are now Accessing: Auto Complete
2025-09-07 14:56:58 [main] INFO  demoqaBase - Clicking on Widgets | Auto Complete | Type single color name...
Searching Colors using: E
Expected Color to be selected is/are: Green
2025-09-07 14:56:58 [main] INFO  demoqaBase - You are now Accessing: Auto Complete
2025-09-07 14:56:58 [main] INFO  demoqaLog - ✅ JS click executed on element: {}
2025-09-07 14:56:58 [main] INFO  demoqaBase - Clicked on Search Box with Title: Type single color name
2025-09-07 14:56:59 [main] INFO  demoqaBase - ✅ Selected color 'Green'
2025-09-07 14:56:59 [main] INFO  demoqaBase - Asserted Selected Color is: Green
2025-09-07 14:56:59 [main] INFO  demoqaBase - ✅ Test Widgets|Auto Complete - Select & Remove Flow|Type single color name - Search & Select Completed
]]></system-out>
  </testcase>
  <testcase name="SingleAddRemove[E, Green](1)" classname="tests.WidgetsTests" time="2.198">
    <system-out><![CDATA[2025-09-07 14:56:59 [main] INFO  demoqaBase - Closing the Browser...
2025-09-07 14:57:00 [main] INFO  demoqaBase - Starting Web Browser...
2025-09-07 14:57:01 [main] INFO  demoqaBase - Navigating to demoqa.com Website
2025-09-07 14:57:22 [main] INFO  RetryUrlAccess - Successfully navigated to: https://demoqa.com
2025-09-07 14:57:22 [main] INFO  demoqaBase - 🧪 Test Widgets|Auto Complete - Select & Remove Flow|Type single color name - Remove Selection
2025-09-07 14:57:22 [main] INFO  demoqaBase - Accessing Widgets Card...
Declared Instance WebDriverWait: org.openqa.selenium.support.ui.WebDriverWait@559171b7
2025-09-07 14:57:22 [main] INFO  demoqaLog - Clicking on Widgets Card...
2025-09-07 14:57:22 [main] INFO  demoqaLog - ✅ JS click executed on element: {}
2025-09-07 14:57:22 [main] INFO  demoqaLog - Clicked on on Widgets Card...
Title of this Page is: DEMOQA
You are Accessing: Widgets
 
2025-09-07 14:57:23 [main] INFO  demoqaBase - Widgets: Please select an item from left to start practice.
2025-09-07 14:57:23 [main] INFO  demoqaBase - Clicking on Widgets|AutoComplete...
You are now Accessing: Auto Complete
2025-09-07 14:57:23 [main] INFO  demoqaBase - You are now Accessing: Auto Complete
2025-09-07 14:57:23 [main] INFO  demoqaBase - Clicking on Widgets | Auto Complete | Type single color name...
Searching Colors using: E
Expected Color to be selected is/are: Green
2025-09-07 14:57:23 [main] INFO  demoqaBase - You are now Accessing: Auto Complete
2025-09-07 14:57:23 [main] INFO  demoqaLog - ✅ JS click executed on element: {}
2025-09-07 14:57:23 [main] INFO  demoqaBase - Clicked on Search Box with Title: Type single color name
2025-09-07 14:57:24 [main] INFO  demoqaBase - ✅ Selected color 'Green'
2025-09-07 14:57:24 [main] INFO  demoqaBase - Asserted Selected Color is: Green
2025-09-07 14:57:24 [main] INFO  demoqaBase - 🔍 Checking selected color. Current value: 'Green'
2025-09-07 14:57:24 [main] INFO  demoqaBase - ✅ Native click succeeded on 'AutoCompleteSingle'
2025-09-07 14:57:24 [main] INFO  demoqaBase - ✅ Cleared color input for 'Green'
2025-09-07 14:57:24 [main] INFO  demoqaBase - ✅ Test Widgets|Auto Complete - Select & Remove Flow|Type single color name - Remove Selection Completed
]]></system-out>
  </testcase>
</testsuite>