<?xml version="1.0" encoding="UTF-8"?>
<testng-results ignored="0" total="2" passed="2" failed="0" skipped="0">
  <reporter-output>
  </reporter-output>
  <suite started-at="2025-07-15T12:42:44 IST" name="Surefire suite" finished-at="2025-07-15T12:43:00 IST" duration-ms="16213">
    <groups>
    </groups>
    <test started-at="2025-07-15T12:42:44 IST" name="Surefire test" finished-at="2025-07-15T12:43:00 IST" duration-ms="16213">
      <class name="tests.FormTests">
        <test-method is-config="true" signature="setUP()[pri:0, instance:tests.FormTests@7adda9cc]" started-at="2025-07-15T12:42:44 IST" name="setUP" finished-at="2025-07-15T12:42:50 IST" duration-ms="6234" status="PASS">
          <reporter-output>
          </reporter-output>
        </test-method> <!-- setUP -->
        <test-method signature="FormCard()[pri:1, instance:tests.FormTests@7adda9cc]" started-at="2025-07-15T12:42:50 IST" name="FormCard" finished-at="2025-07-15T12:42:50 IST" duration-ms="350" status="PASS">
          <reporter-output>
          </reporter-output>
        </test-method> <!-- FormCard -->
        <test-method is-config="true" signature="TearDown()[pri:0, instance:tests.FormTests@7adda9cc]" started-at="2025-07-15T12:42:50 IST" name="TearDown" finished-at="2025-07-15T12:42:50 IST" duration-ms="0" status="PASS">
          <reporter-output>
          </reporter-output>
        </test-method> <!-- TearDown -->
        <test-method is-config="true" signature="setUP()[pri:0, instance:tests.FormTests@7adda9cc]" started-at="2025-07-15T12:42:50 IST" name="setUP" finished-at="2025-07-15T12:42:56 IST" duration-ms="5480" status="PASS">
          <reporter-output>
          </reporter-output>
        </test-method> <!-- setUP -->
        <test-method signature="fillForm()[pri:2, instance:tests.FormTests@7adda9cc]" started-at="2025-07-15T12:42:56 IST" name="fillForm" finished-at="2025-07-15T12:43:00 IST" duration-ms="4088" status="PASS">
          <reporter-output>
          </reporter-output>
        </test-method> <!-- fillForm -->
        <test-method is-config="true" signature="TearDown()[pri:0, instance:tests.FormTests@7adda9cc]" started-at="2025-07-15T12:43:00 IST" name="TearDown" finished-at="2025-07-15T12:43:00 IST" duration-ms="2" status="PASS">
          <reporter-output>
          </reporter-output>
        </test-method> <!-- TearDown -->
      </class> <!-- tests.FormTests -->
    </test> <!-- Surefire test -->
  </suite> <!-- Surefire suite -->
</testng-results>
