<?xml version="1.0" encoding="UTF-8"?>
<testng-results ignored="0" total="123" passed="120" failed="3" skipped="0">
  <reporter-output>
  </reporter-output>
  <suite started-at="2025-09-11T17:03:01 IST" name="Surefire suite" finished-at="2025-09-11T18:22:16 IST" duration-ms="4755060">
    <groups>
    </groups>
    <test started-at="2025-09-11T17:03:01 IST" name="Surefire test" finished-at="2025-09-11T18:22:16 IST" duration-ms="4755060">
      <class name="tests.FormTests">
        <test-method is-config="true" signature="setup(java.lang.reflect.Method)[pri:0, instance:tests.FormTests@7164ca4c]" started-at="2025-09-11T18:01:00 IST" name="setup" finished-at="2025-09-11T18:01:14 IST" duration-ms="14390" status="PASS">
          <params>
            <param index="0">
              <value>
                <![CDATA[public void tests.FormTests.FormsCard()]]>
              </value>
            </param>
          </params>
          <reporter-output>
          </reporter-output>
        </test-method> <!-- setup -->
        <test-method signature="FormsCard()[pri:1, instance:tests.FormTests@7164ca4c]" started-at="2025-09-11T18:01:14 IST" name="FormsCard" finished-at="2025-09-11T18:01:15 IST" duration-ms="1141" status="PASS">
          <reporter-output>
          </reporter-output>
        </test-method> <!-- FormsCard -->
        <test-method is-config="true" signature="tearDown(org.testng.ITestResult)[pri:0, instance:tests.FormTests@7164ca4c]" started-at="2025-09-11T18:01:15 IST" name="tearDown" finished-at="2025-09-11T18:01:16 IST" duration-ms="296" status="PASS">
          <params>
            <param index="0">
              <value>
                <![CDATA[[TestResult name=FormsCard status=SUCCESS method=FormTests.FormsCard()[pri:1, instance:tests.FormTests@7164ca4c] output={null}]]]>
              </value>
            </param>
          </params>
          <reporter-output>
          </reporter-output>
        </test-method> <!-- tearDown -->
        <test-method is-config="true" signature="setup(java.lang.reflect.Method)[pri:0, instance:tests.FormTests@7164ca4c]" started-at="2025-09-11T18:01:16 IST" name="setup" finished-at="2025-09-11T18:01:49 IST" duration-ms="33508" status="PASS">
          <params>
            <param index="0">
              <value>
                <![CDATA[public void tests.FormTests.FormButton()]]>
              </value>
            </param>
          </params>
          <reporter-output>
          </reporter-output>
        </test-method> <!-- setup -->
        <test-method signature="FormButton()[pri:2, instance:tests.FormTests@7164ca4c]" started-at="2025-09-11T18:01:49 IST" name="FormButton" finished-at="2025-09-11T18:01:50 IST" duration-ms="648" status="PASS">
          <reporter-output>
          </reporter-output>
        </test-method> <!-- FormButton -->
        <test-method is-config="true" signature="tearDown(org.testng.ITestResult)[pri:0, instance:tests.FormTests@7164ca4c]" started-at="2025-09-11T18:01:50 IST" name="tearDown" finished-at="2025-09-11T18:01:50 IST" duration-ms="371" status="PASS">
          <params>
            <param index="0">
              <value>
                <![CDATA[[TestResult name=FormButton status=SUCCESS method=FormTests.FormButton()[pri:2, instance:tests.FormTests@7164ca4c] output={null}]]]>
              </value>
            </param>
          </params>
          <reporter-output>
          </reporter-output>
        </test-method> <!-- tearDown -->
        <test-method is-config="true" signature="setup(java.lang.reflect.Method)[pri:0, instance:tests.FormTests@7164ca4c]" started-at="2025-09-11T18:01:50 IST" name="setup" finished-at="2025-09-11T18:02:08 IST" duration-ms="17435" status="PASS">
          <params>
            <param index="0">
              <value>
                <![CDATA[public void tests.FormTests.fillForm(models.UserFormData)]]>
              </value>
            </param>
          </params>
          <reporter-output>
          </reporter-output>
        </test-method> <!-- setup -->
        <test-method signature="fillForm(models.UserFormData)[pri:3, instance:tests.FormTests@7164ca4c]" started-at="2025-09-11T18:02:08 IST" name="fillForm" data-provider="UserFormData" finished-at="2025-09-11T18:02:17 IST" duration-ms="9284" status="PASS">
          <params>
            <param index="0">
              <value>
                <![CDATA[UserFormData{firstName='Johny', lastName='Bravo', userMail='Jbravo@demoqa.com', gender='Male', mobile='9.238343488E9', dob='15/08/2000', subject='Computer Science', hobbies='Sports,Music', picturePath='/TestData/Mphoto.jpg', address='511 Grant 481, Prattsville\n Arkansas 72129\n United States', state='NCR', city='Delhi'}]]>
              </value>
            </param>
          </params>
          <reporter-output>
          </reporter-output>
        </test-method> <!-- fillForm -->
        <test-method is-config="true" signature="tearDown(org.testng.ITestResult)[pri:0, instance:tests.FormTests@7164ca4c]" started-at="2025-09-11T18:02:17 IST" name="tearDown" finished-at="2025-09-11T18:02:17 IST" duration-ms="588" status="PASS">
          <params>
            <param index="0">
              <value>
                <![CDATA[[TestResult name=fillForm status=SUCCESS method=FormTests.fillForm(models.UserFormData)[pri:3, instance:tests.FormTests@7164ca4c] output={null}]]]>
              </value>
            </param>
          </params>
          <reporter-output>
          </reporter-output>
        </test-method> <!-- tearDown -->
        <test-method is-config="true" signature="setup(java.lang.reflect.Method)[pri:0, instance:tests.FormTests@7164ca4c]" started-at="2025-09-11T18:02:17 IST" name="setup" finished-at="2025-09-11T18:02:24 IST" duration-ms="6404" status="PASS">
          <params>
            <param index="0">
              <value>
                <![CDATA[public void tests.FormTests.fillForm(models.UserFormData)]]>
              </value>
            </param>
          </params>
          <reporter-output>
          </reporter-output>
        </test-method> <!-- setup -->
        <test-method signature="fillForm(models.UserFormData)[pri:3, instance:tests.FormTests@7164ca4c]" started-at="2025-09-11T18:02:24 IST" name="fillForm" data-provider="UserFormData" finished-at="2025-09-11T18:02:32 IST" duration-ms="8554" status="PASS">
          <params>
            <param index="0">
              <value>
                <![CDATA[UserFormData{firstName='Gene', lastName='Femina', userMail='GFemina@demoqa.com', gender='Female', mobile='1.888343432E9', dob='22/05/2002', subject='Accounting', hobbies='Music,Reading', picturePath='/TestData/Fphoto.png', address='512 Grant 481, Prattsville\n Arkansas 72129\n United States', state='Uttar Pradesh', city='Merrut'}]]>
              </value>
            </param>
          </params>
          <reporter-output>
          </reporter-output>
        </test-method> <!-- fillForm -->
        <test-method is-config="true" signature="tearDown(org.testng.ITestResult)[pri:0, instance:tests.FormTests@7164ca4c]" started-at="2025-09-11T18:02:32 IST" name="tearDown" finished-at="2025-09-11T18:02:33 IST" duration-ms="552" status="PASS">
          <params>
            <param index="0">
              <value>
                <![CDATA[[TestResult name=fillForm status=SUCCESS method=FormTests.fillForm(models.UserFormData)[pri:3, instance:tests.FormTests@7164ca4c] output={null}]]]>
              </value>
            </param>
          </params>
          <reporter-output>
          </reporter-output>
        </test-method> <!-- tearDown -->
        <test-method is-config="true" signature="setup(java.lang.reflect.Method)[pri:0, instance:tests.FormTests@7164ca4c]" started-at="2025-09-11T18:02:33 IST" name="setup" finished-at="2025-09-11T18:03:00 IST" duration-ms="27044" status="PASS">
          <params>
            <param index="0">
              <value>
                <![CDATA[public void tests.FormTests.fillForm(models.UserFormData)]]>
              </value>
            </param>
          </params>
          <reporter-output>
          </reporter-output>
        </test-method> <!-- setup -->
        <test-method signature="fillForm(models.UserFormData)[pri:3, instance:tests.FormTests@7164ca4c]" started-at="2025-09-11T18:03:00 IST" name="fillForm" data-provider="UserFormData" finished-at="2025-09-11T18:03:08 IST" duration-ms="8262" status="FAIL">
          <params>
            <param index="0">
              <value>
                <![CDATA[UserFormData{firstName='Bud', lastName='Wisem', userMail='BWisem@demoqa.com', gender='Other', mobile='8.932465432E9', dob='31/12/1999', subject='Biology', hobbies='Reading', picturePath='/TestData/Ophoto.jpg', address='513 Grant 481, Prattsville\n Arkansas 72129\n United States', state='Haryana', city='Panipat'}]]>
              </value>
            </param>
          </params>
          <exception class="java.lang.AssertionError">
            <message>
              <![CDATA[Mismatch for field: DOB expected [31-12-1999] but found [11-09-2025]]]>
            </message>
            <full-stacktrace>
              <![CDATA[java.lang.AssertionError: Mismatch for field: DOB expected [31-12-1999] but found [11-09-2025]
at org.testng.Assert.fail(Assert.java:111)
at org.testng.Assert.failNotEquals(Assert.java:1590)
at org.testng.Assert.assertEqualsImpl(Assert.java:150)
at org.testng.Assert.assertEquals(Assert.java:132)
at org.testng.Assert.assertEquals(Assert.java:656)
at utils.AssertFormData.assertFieldMatch(AssertFormData.java:73)
at utils.AssertFormData.lambda$assertConfirmation$0(AssertFormData.java:28)
at java.base/java.util.HashMap.forEach(HashMap.java:1429)
at utils.AssertFormData.assertConfirmation(AssertFormData.java:24)
at utils.AssertFormData.assertConfirmation(AssertFormData.java:40)
at tests.FormTests.fillForm(FormTests.java:117)
at java.base/jdk.internal.reflect.DirectMethodHandleAccessor.invoke(DirectMethodHandleAccessor.java:103)
at java.base/java.lang.reflect.Method.invoke(Method.java:580)
at org.testng.internal.invokers.MethodInvocationHelper.invokeMethod(MethodInvocationHelper.java:141)
at org.testng.internal.invokers.TestInvoker.invokeMethod(TestInvoker.java:687)
at org.testng.internal.invokers.TestInvoker.invokeTestMethod(TestInvoker.java:230)
at org.testng.internal.invokers.MethodRunner.runInSequence(MethodRunner.java:63)
at org.testng.internal.invokers.TestInvoker$MethodInvocationAgent.invoke(TestInvoker.java:995)
at org.testng.internal.invokers.TestInvoker.invokeTestMethods(TestInvoker.java:203)
at org.testng.internal.invokers.TestMethodWorker.invokeTestMethods(TestMethodWorker.java:154)
at org.testng.internal.invokers.TestMethodWorker.run(TestMethodWorker.java:134)
at java.base/java.util.ArrayList.forEach(ArrayList.java:1596)
at org.testng.TestRunner.privateRun(TestRunner.java:741)
at org.testng.TestRunner.run(TestRunner.java:616)
at org.testng.SuiteRunner.runTest(SuiteRunner.java:421)
at org.testng.SuiteRunner.runSequentially(SuiteRunner.java:413)
at org.testng.SuiteRunner.privateRun(SuiteRunner.java:373)
at org.testng.SuiteRunner.run(SuiteRunner.java:312)
at org.testng.SuiteRunnerWorker.runSuite(SuiteRunnerWorker.java:52)
at org.testng.SuiteRunnerWorker.run(SuiteRunnerWorker.java:95)
at org.testng.TestNG.runSuitesSequentially(TestNG.java:1274)
at org.testng.TestNG.runSuitesLocally(TestNG.java:1208)
at org.testng.TestNG.runSuites(TestNG.java:1112)
at org.testng.TestNG.run(TestNG.java:1079)
at org.apache.maven.surefire.testng.TestNGExecutor.run(TestNGExecutor.java:155)
at org.apache.maven.surefire.testng.TestNGDirectoryTestSuite.executeMulti(TestNGDirectoryTestSuite.java:169)
at org.apache.maven.surefire.testng.TestNGDirectoryTestSuite.execute(TestNGDirectoryTestSuite.java:88)
at org.apache.maven.surefire.testng.TestNGProvider.invoke(TestNGProvider.java:137)
at org.apache.maven.surefire.booter.ForkedBooter.runSuitesInProcess(ForkedBooter.java:385)
at org.apache.maven.surefire.booter.ForkedBooter.execute(ForkedBooter.java:162)
at org.apache.maven.surefire.booter.ForkedBooter.run(ForkedBooter.java:507)
at org.apache.maven.surefire.booter.ForkedBooter.main(ForkedBooter.java:495)
]]>
            </full-stacktrace>
          </exception> <!-- java.lang.AssertionError -->
          <reporter-output>
          </reporter-output>
        </test-method> <!-- fillForm -->
        <test-method is-config="true" signature="tearDown(org.testng.ITestResult)[pri:0, instance:tests.FormTests@7164ca4c]" started-at="2025-09-11T18:03:08 IST" name="tearDown" finished-at="2025-09-11T18:03:09 IST" duration-ms="688" status="PASS">
          <params>
            <param index="0">
              <value>
                <![CDATA[[TestResult name=fillForm status=FAILURE method=FormTests.fillForm(models.UserFormData)[pri:3, instance:tests.FormTests@7164ca4c] output={null}]]]>
              </value>
            </param>
          </params>
          <reporter-output>
          </reporter-output>
        </test-method> <!-- tearDown -->
        <test-method is-config="true" signature="setup(java.lang.reflect.Method)[pri:0, instance:tests.FormTests@7164ca4c]" started-at="2025-09-11T18:03:09 IST" name="setup" finished-at="2025-09-11T18:03:40 IST" duration-ms="31545" status="PASS">
          <params>
            <param index="0">
              <value>
                <![CDATA[public void tests.FormTests.fillForm(models.UserFormData)]]>
              </value>
            </param>
          </params>
          <reporter-output>
          </reporter-output>
        </test-method> <!-- setup -->
        <test-method signature="fillForm(models.UserFormData)[pri:3, instance:tests.FormTests@7164ca4c]" started-at="2025-09-11T18:03:40 IST" name="fillForm" data-provider="UserFormData" finished-at="2025-09-11T18:03:49 IST" duration-ms="8233" status="PASS">
          <params>
            <param index="0">
              <value>
                <![CDATA[UserFormData{firstName='Tom', lastName='Boss', userMail='TBoss@demoqa.com', gender='Male', mobile='7.839875281E9', dob='1/26/03', subject='Social Studies', hobbies='Sports,Reading', picturePath='/TestData/M2photo.jpg', address='514 Grant 481, Prattsville\n Arkansas 72129\n United States', state='Rajasthan', city='Jaiselmer'}]]>
              </value>
            </param>
          </params>
          <reporter-output>
          </reporter-output>
        </test-method> <!-- fillForm -->
        <test-method is-config="true" signature="tearDown(org.testng.ITestResult)[pri:0, instance:tests.FormTests@7164ca4c]" started-at="2025-09-11T18:03:49 IST" name="tearDown" finished-at="2025-09-11T18:03:50 IST" duration-ms="813" status="PASS">
          <params>
            <param index="0">
              <value>
                <![CDATA[[TestResult name=fillForm status=SUCCESS method=FormTests.fillForm(models.UserFormData)[pri:3, instance:tests.FormTests@7164ca4c] output={null}]]]>
              </value>
            </param>
          </params>
          <reporter-output>
          </reporter-output>
        </test-method> <!-- tearDown -->
      </class> <!-- tests.FormTests -->
      <class name="tests.WidgetsTests">
        <test-method is-config="true" signature="setup(java.lang.reflect.Method)[pri:0, instance:tests.WidgetsTests@4f3bbf68]" started-at="2025-09-11T18:03:50 IST" name="setup" finished-at="2025-09-11T18:03:55 IST" duration-ms="5745" status="PASS">
          <params>
            <param index="0">
              <value>
                <![CDATA[public void tests.WidgetsTests.accessWidgets()]]>
              </value>
            </param>
          </params>
          <reporter-output>
          </reporter-output>
        </test-method> <!-- setup -->
        <test-method signature="accessWidgets()[pri:1, instance:tests.WidgetsTests@4f3bbf68]" started-at="2025-09-11T18:03:55 IST" name="accessWidgets" finished-at="2025-09-11T18:03:56 IST" duration-ms="316" status="PASS">
          <reporter-output>
          </reporter-output>
        </test-method> <!-- accessWidgets -->
        <test-method is-config="true" signature="tearDown(org.testng.ITestResult)[pri:0, instance:tests.WidgetsTests@4f3bbf68]" started-at="2025-09-11T18:03:56 IST" name="tearDown" finished-at="2025-09-11T18:03:56 IST" duration-ms="378" status="PASS">
          <params>
            <param index="0">
              <value>
                <![CDATA[[TestResult name=accessWidgets status=SUCCESS method=WidgetsTests.accessWidgets()[pri:1, instance:tests.WidgetsTests@4f3bbf68] output={null}]]]>
              </value>
            </param>
          </params>
          <reporter-output>
          </reporter-output>
        </test-method> <!-- tearDown -->
        <test-method is-config="true" signature="setup(java.lang.reflect.Method)[pri:0, instance:tests.WidgetsTests@4f3bbf68]" started-at="2025-09-11T18:03:56 IST" name="setup" finished-at="2025-09-11T18:04:10 IST" duration-ms="14129" status="PASS">
          <params>
            <param index="0">
              <value>
                <![CDATA[public void tests.WidgetsTests.Accordian()]]>
              </value>
            </param>
          </params>
          <reporter-output>
          </reporter-output>
        </test-method> <!-- setup -->
        <test-method signature="Accordian()[pri:2, instance:tests.WidgetsTests@4f3bbf68]" started-at="2025-09-11T18:04:10 IST" name="Accordian" finished-at="2025-09-11T18:04:11 IST" duration-ms="842" status="PASS">
          <reporter-output>
          </reporter-output>
        </test-method> <!-- Accordian -->
        <test-method is-config="true" signature="tearDown(org.testng.ITestResult)[pri:0, instance:tests.WidgetsTests@4f3bbf68]" started-at="2025-09-11T18:04:11 IST" name="tearDown" finished-at="2025-09-11T18:04:11 IST" duration-ms="330" status="PASS">
          <params>
            <param index="0">
              <value>
                <![CDATA[[TestResult name=Accordian status=SUCCESS method=WidgetsTests.Accordian()[pri:2, instance:tests.WidgetsTests@4f3bbf68] output={null}]]]>
              </value>
            </param>
          </params>
          <reporter-output>
          </reporter-output>
        </test-method> <!-- tearDown -->
        <test-method is-config="true" signature="setup(java.lang.reflect.Method)[pri:0, instance:tests.WidgetsTests@4f3bbf68]" started-at="2025-09-11T18:04:11 IST" name="setup" finished-at="2025-09-11T18:04:17 IST" duration-ms="6067" status="PASS">
          <params>
            <param index="0">
              <value>
                <![CDATA[public void tests.WidgetsTests.AccessWhatis()]]>
              </value>
            </param>
          </params>
          <reporter-output>
          </reporter-output>
        </test-method> <!-- setup -->
        <test-method signature="AccessWhatis()[pri:3, instance:tests.WidgetsTests@4f3bbf68]" started-at="2025-09-11T18:04:17 IST" name="AccessWhatis" finished-at="2025-09-11T18:04:18 IST" duration-ms="774" status="PASS">
          <reporter-output>
          </reporter-output>
        </test-method> <!-- AccessWhatis -->
        <test-method is-config="true" signature="tearDown(org.testng.ITestResult)[pri:0, instance:tests.WidgetsTests@4f3bbf68]" started-at="2025-09-11T18:04:18 IST" name="tearDown" finished-at="2025-09-11T18:04:19 IST" duration-ms="443" status="PASS">
          <params>
            <param index="0">
              <value>
                <![CDATA[[TestResult name=AccessWhatis status=SUCCESS method=WidgetsTests.AccessWhatis()[pri:3, instance:tests.WidgetsTests@4f3bbf68] output={null}]]]>
              </value>
            </param>
          </params>
          <reporter-output>
          </reporter-output>
        </test-method> <!-- tearDown -->
        <test-method is-config="true" signature="setup(java.lang.reflect.Method)[pri:0, instance:tests.WidgetsTests@4f3bbf68]" started-at="2025-09-11T18:04:19 IST" name="setup" finished-at="2025-09-11T18:05:17 IST" duration-ms="58516" status="PASS">
          <params>
            <param index="0">
              <value>
                <![CDATA[public void tests.WidgetsTests.AccessWhereDoes()]]>
              </value>
            </param>
          </params>
          <reporter-output>
          </reporter-output>
        </test-method> <!-- setup -->
        <test-method signature="AccessWhereDoes()[pri:4, instance:tests.WidgetsTests@4f3bbf68]" started-at="2025-09-11T18:05:17 IST" name="AccessWhereDoes" finished-at="2025-09-11T18:05:19 IST" duration-ms="1787" status="PASS">
          <reporter-output>
          </reporter-output>
        </test-method> <!-- AccessWhereDoes -->
        <test-method is-config="true" signature="tearDown(org.testng.ITestResult)[pri:0, instance:tests.WidgetsTests@4f3bbf68]" started-at="2025-09-11T18:05:19 IST" name="tearDown" finished-at="2025-09-11T18:05:19 IST" duration-ms="357" status="PASS">
          <params>
            <param index="0">
              <value>
                <![CDATA[[TestResult name=AccessWhereDoes status=SUCCESS method=WidgetsTests.AccessWhereDoes()[pri:4, instance:tests.WidgetsTests@4f3bbf68] output={null}]]]>
              </value>
            </param>
          </params>
          <reporter-output>
          </reporter-output>
        </test-method> <!-- tearDown -->
        <test-method is-config="true" signature="setup(java.lang.reflect.Method)[pri:0, instance:tests.WidgetsTests@4f3bbf68]" started-at="2025-09-11T18:05:19 IST" name="setup" finished-at="2025-09-11T18:05:40 IST" duration-ms="20508" status="PASS">
          <params>
            <param index="0">
              <value>
                <![CDATA[public void tests.WidgetsTests.AccessWhyDoWe()]]>
              </value>
            </param>
          </params>
          <reporter-output>
          </reporter-output>
        </test-method> <!-- setup -->
        <test-method signature="AccessWhyDoWe()[pri:5, instance:tests.WidgetsTests@4f3bbf68]" started-at="2025-09-11T18:05:40 IST" name="AccessWhyDoWe" finished-at="2025-09-11T18:05:41 IST" duration-ms="1581" status="PASS">
          <reporter-output>
          </reporter-output>
        </test-method> <!-- AccessWhyDoWe -->
        <test-method is-config="true" signature="tearDown(org.testng.ITestResult)[pri:0, instance:tests.WidgetsTests@4f3bbf68]" started-at="2025-09-11T18:05:41 IST" name="tearDown" finished-at="2025-09-11T18:05:42 IST" duration-ms="451" status="PASS">
          <params>
            <param index="0">
              <value>
                <![CDATA[[TestResult name=AccessWhyDoWe status=SUCCESS method=WidgetsTests.AccessWhyDoWe()[pri:5, instance:tests.WidgetsTests@4f3bbf68] output={null}]]]>
              </value>
            </param>
          </params>
          <reporter-output>
          </reporter-output>
        </test-method> <!-- tearDown -->
        <test-method is-config="true" signature="setup(java.lang.reflect.Method)[pri:0, instance:tests.WidgetsTests@4f3bbf68]" started-at="2025-09-11T18:05:42 IST" name="setup" finished-at="2025-09-11T18:06:10 IST" duration-ms="28718" status="PASS">
          <params>
            <param index="0">
              <value>
                <![CDATA[public void tests.WidgetsTests.AutoComplete()]]>
              </value>
            </param>
          </params>
          <reporter-output>
          </reporter-output>
        </test-method> <!-- setup -->
        <test-method signature="AutoComplete()[pri:6, instance:tests.WidgetsTests@4f3bbf68]" started-at="2025-09-11T18:06:10 IST" name="AutoComplete" finished-at="2025-09-11T18:06:11 IST" duration-ms="617" status="PASS">
          <reporter-output>
          </reporter-output>
        </test-method> <!-- AutoComplete -->
        <test-method is-config="true" signature="tearDown(org.testng.ITestResult)[pri:0, instance:tests.WidgetsTests@4f3bbf68]" started-at="2025-09-11T18:06:11 IST" name="tearDown" finished-at="2025-09-11T18:06:11 IST" duration-ms="382" status="PASS">
          <params>
            <param index="0">
              <value>
                <![CDATA[[TestResult name=AutoComplete status=SUCCESS method=WidgetsTests.AutoComplete()[pri:6, instance:tests.WidgetsTests@4f3bbf68] output={null}]]]>
              </value>
            </param>
          </params>
          <reporter-output>
          </reporter-output>
        </test-method> <!-- tearDown -->
        <test-method is-config="true" signature="setup(java.lang.reflect.Method)[pri:0, instance:tests.WidgetsTests@4f3bbf68]" started-at="2025-09-11T18:06:12 IST" name="setup" finished-at="2025-09-11T18:06:25 IST" duration-ms="13254" status="PASS">
          <params>
            <param index="0">
              <value>
                <![CDATA[public void tests.WidgetsTests.AutoCompleteSearch(models.ColorSelectionData)]]>
              </value>
            </param>
          </params>
          <reporter-output>
          </reporter-output>
        </test-method> <!-- setup -->
        <test-method signature="AutoCompleteSearch(models.ColorSelectionData)[pri:7, instance:tests.WidgetsTests@4f3bbf68]" started-at="2025-09-11T18:06:25 IST" name="AutoCompleteSearch" data-provider="ColorSelectionData" finished-at="2025-09-11T18:06:27 IST" duration-ms="2626" status="PASS">
          <params>
            <param index="0">
              <value>
                <![CDATA[ColorSelectionData{searchFor='A', expectedColors=[Black, Magenta, Aqua]}]]>
              </value>
            </param>
          </params>
          <reporter-output>
          </reporter-output>
        </test-method> <!-- AutoCompleteSearch -->
        <test-method is-config="true" signature="tearDown(org.testng.ITestResult)[pri:0, instance:tests.WidgetsTests@4f3bbf68]" started-at="2025-09-11T18:06:27 IST" name="tearDown" finished-at="2025-09-11T18:11:30 IST" duration-ms="302362" status="PASS">
          <params>
            <param index="0">
              <value>
                <![CDATA[[TestResult name=AutoCompleteSearch status=SUCCESS method=WidgetsTests.AutoCompleteSearch(models.ColorSelectionData)[pri:7, instance:tests.WidgetsTests@4f3bbf68] output={null}]]]>
              </value>
            </param>
          </params>
          <reporter-output>
          </reporter-output>
        </test-method> <!-- tearDown -->
        <test-method is-config="true" signature="setup(java.lang.reflect.Method)[pri:0, instance:tests.WidgetsTests@4f3bbf68]" started-at="2025-09-11T18:11:30 IST" name="setup" finished-at="2025-09-11T18:12:09 IST" duration-ms="39118" status="PASS">
          <params>
            <param index="0">
              <value>
                <![CDATA[public void tests.WidgetsTests.AutoCompleteSearch(models.ColorSelectionData)]]>
              </value>
            </param>
          </params>
          <reporter-output>
          </reporter-output>
        </test-method> <!-- setup -->
        <test-method signature="AutoCompleteSearch(models.ColorSelectionData)[pri:7, instance:tests.WidgetsTests@4f3bbf68]" started-at="2025-09-11T18:12:09 IST" name="AutoCompleteSearch" data-provider="ColorSelectionData" finished-at="2025-09-11T18:12:11 IST" duration-ms="1781" status="PASS">
          <params>
            <param index="0">
              <value>
                <![CDATA[ColorSelectionData{searchFor='B', expectedColors=[Blue, Black]}]]>
              </value>
            </param>
          </params>
          <reporter-output>
          </reporter-output>
        </test-method> <!-- AutoCompleteSearch -->
        <test-method is-config="true" signature="tearDown(org.testng.ITestResult)[pri:0, instance:tests.WidgetsTests@4f3bbf68]" started-at="2025-09-11T18:12:11 IST" name="tearDown" finished-at="2025-09-11T18:12:11 IST" duration-ms="408" status="PASS">
          <params>
            <param index="0">
              <value>
                <![CDATA[[TestResult name=AutoCompleteSearch status=SUCCESS method=WidgetsTests.AutoCompleteSearch(models.ColorSelectionData)[pri:7, instance:tests.WidgetsTests@4f3bbf68] output={null}]]]>
              </value>
            </param>
          </params>
          <reporter-output>
          </reporter-output>
        </test-method> <!-- tearDown -->
        <test-method is-config="true" signature="setup(java.lang.reflect.Method)[pri:0, instance:tests.WidgetsTests@4f3bbf68]" started-at="2025-09-11T18:12:11 IST" name="setup" finished-at="2025-09-11T18:12:17 IST" duration-ms="5937" status="PASS">
          <params>
            <param index="0">
              <value>
                <![CDATA[public void tests.WidgetsTests.AutoCompleteSearch(models.ColorSelectionData)]]>
              </value>
            </param>
          </params>
          <reporter-output>
          </reporter-output>
        </test-method> <!-- setup -->
        <test-method signature="AutoCompleteSearch(models.ColorSelectionData)[pri:7, instance:tests.WidgetsTests@4f3bbf68]" started-at="2025-09-11T18:12:17 IST" name="AutoCompleteSearch" data-provider="ColorSelectionData" finished-at="2025-09-11T18:12:18 IST" duration-ms="1456" status="PASS">
          <params>
            <param index="0">
              <value>
                <![CDATA[ColorSelectionData{searchFor='C', expectedColors=[Black]}]]>
              </value>
            </param>
          </params>
          <reporter-output>
          </reporter-output>
        </test-method> <!-- AutoCompleteSearch -->
        <test-method is-config="true" signature="tearDown(org.testng.ITestResult)[pri:0, instance:tests.WidgetsTests@4f3bbf68]" started-at="2025-09-11T18:12:18 IST" name="tearDown" finished-at="2025-09-11T18:12:19 IST" duration-ms="380" status="PASS">
          <params>
            <param index="0">
              <value>
                <![CDATA[[TestResult name=AutoCompleteSearch status=SUCCESS method=WidgetsTests.AutoCompleteSearch(models.ColorSelectionData)[pri:7, instance:tests.WidgetsTests@4f3bbf68] output={null}]]]>
              </value>
            </param>
          </params>
          <reporter-output>
          </reporter-output>
        </test-method> <!-- tearDown -->
        <test-method is-config="true" signature="setup(java.lang.reflect.Method)[pri:0, instance:tests.WidgetsTests@4f3bbf68]" started-at="2025-09-11T18:12:19 IST" name="setup" finished-at="2025-09-11T18:12:25 IST" duration-ms="6012" status="PASS">
          <params>
            <param index="0">
              <value>
                <![CDATA[public void tests.WidgetsTests.AutoCompleteSearch(models.ColorSelectionData)]]>
              </value>
            </param>
          </params>
          <reporter-output>
          </reporter-output>
        </test-method> <!-- setup -->
        <test-method signature="AutoCompleteSearch(models.ColorSelectionData)[pri:7, instance:tests.WidgetsTests@4f3bbf68]" started-at="2025-09-11T18:12:25 IST" name="AutoCompleteSearch" data-provider="ColorSelectionData" finished-at="2025-09-11T18:12:27 IST" duration-ms="2136" status="PASS">
          <params>
            <param index="0">
              <value>
                <![CDATA[ColorSelectionData{searchFor='D', expectedColors=[Red, Indigo]}]]>
              </value>
            </param>
          </params>
          <reporter-output>
          </reporter-output>
        </test-method> <!-- AutoCompleteSearch -->
        <test-method is-config="true" signature="tearDown(org.testng.ITestResult)[pri:0, instance:tests.WidgetsTests@4f3bbf68]" started-at="2025-09-11T18:12:27 IST" name="tearDown" finished-at="2025-09-11T18:12:27 IST" duration-ms="468" status="PASS">
          <params>
            <param index="0">
              <value>
                <![CDATA[[TestResult name=AutoCompleteSearch status=SUCCESS method=WidgetsTests.AutoCompleteSearch(models.ColorSelectionData)[pri:7, instance:tests.WidgetsTests@4f3bbf68] output={null}]]]>
              </value>
            </param>
          </params>
          <reporter-output>
          </reporter-output>
        </test-method> <!-- tearDown -->
        <test-method is-config="true" signature="setup(java.lang.reflect.Method)[pri:0, instance:tests.WidgetsTests@4f3bbf68]" started-at="2025-09-11T18:12:27 IST" name="setup" finished-at="2025-09-11T18:12:42 IST" duration-ms="14665" status="PASS">
          <params>
            <param index="0">
              <value>
                <![CDATA[public void tests.WidgetsTests.AutoCompleteSearch(models.ColorSelectionData)]]>
              </value>
            </param>
          </params>
          <reporter-output>
          </reporter-output>
        </test-method> <!-- setup -->
        <test-method signature="AutoCompleteSearch(models.ColorSelectionData)[pri:7, instance:tests.WidgetsTests@4f3bbf68]" started-at="2025-09-11T18:12:42 IST" name="AutoCompleteSearch" data-provider="ColorSelectionData" finished-at="2025-09-11T18:12:47 IST" duration-ms="4369" status="PASS">
          <params>
            <param index="0">
              <value>
                <![CDATA[ColorSelectionData{searchFor='E', expectedColors=[Red, Blue, Green, Yellow, Purple, White, Voilet, Magenta]}]]>
              </value>
            </param>
          </params>
          <reporter-output>
          </reporter-output>
        </test-method> <!-- AutoCompleteSearch -->
        <test-method is-config="true" signature="tearDown(org.testng.ITestResult)[pri:0, instance:tests.WidgetsTests@4f3bbf68]" started-at="2025-09-11T18:12:47 IST" name="tearDown" finished-at="2025-09-11T18:12:47 IST" duration-ms="464" status="PASS">
          <params>
            <param index="0">
              <value>
                <![CDATA[[TestResult name=AutoCompleteSearch status=SUCCESS method=WidgetsTests.AutoCompleteSearch(models.ColorSelectionData)[pri:7, instance:tests.WidgetsTests@4f3bbf68] output={null}]]]>
              </value>
            </param>
          </params>
          <reporter-output>
          </reporter-output>
        </test-method> <!-- tearDown -->
        <test-method is-config="true" signature="setup(java.lang.reflect.Method)[pri:0, instance:tests.WidgetsTests@4f3bbf68]" started-at="2025-09-11T18:12:47 IST" name="setup" finished-at="2025-09-11T18:12:53 IST" duration-ms="5905" status="PASS">
          <params>
            <param index="0">
              <value>
                <![CDATA[public void tests.WidgetsTests.AutoCompleteSearch(models.ColorSelectionData)]]>
              </value>
            </param>
          </params>
          <reporter-output>
          </reporter-output>
        </test-method> <!-- setup -->
        <test-method signature="AutoCompleteSearch(models.ColorSelectionData)[pri:7, instance:tests.WidgetsTests@4f3bbf68]" started-at="2025-09-11T18:12:53 IST" name="AutoCompleteSearch" data-provider="ColorSelectionData" finished-at="2025-09-11T18:12:55 IST" duration-ms="2116" status="PASS">
          <params>
            <param index="0">
              <value>
                <![CDATA[ColorSelectionData{searchFor='G', expectedColors=[Green, Indigo, Magenta]}]]>
              </value>
            </param>
          </params>
          <reporter-output>
          </reporter-output>
        </test-method> <!-- AutoCompleteSearch -->
        <test-method is-config="true" signature="tearDown(org.testng.ITestResult)[pri:0, instance:tests.WidgetsTests@4f3bbf68]" started-at="2025-09-11T18:12:55 IST" name="tearDown" finished-at="2025-09-11T18:12:56 IST" duration-ms="602" status="PASS">
          <params>
            <param index="0">
              <value>
                <![CDATA[[TestResult name=AutoCompleteSearch status=SUCCESS method=WidgetsTests.AutoCompleteSearch(models.ColorSelectionData)[pri:7, instance:tests.WidgetsTests@4f3bbf68] output={null}]]]>
              </value>
            </param>
          </params>
          <reporter-output>
          </reporter-output>
        </test-method> <!-- tearDown -->
        <test-method is-config="true" signature="setup(java.lang.reflect.Method)[pri:0, instance:tests.WidgetsTests@4f3bbf68]" started-at="2025-09-11T18:12:56 IST" name="setup" finished-at="2025-09-11T18:13:22 IST" duration-ms="26153" status="PASS">
          <params>
            <param index="0">
              <value>
                <![CDATA[public void tests.WidgetsTests.AutoCompleteSearch(models.ColorSelectionData)]]>
              </value>
            </param>
          </params>
          <reporter-output>
          </reporter-output>
        </test-method> <!-- setup -->
        <test-method signature="AutoCompleteSearch(models.ColorSelectionData)[pri:7, instance:tests.WidgetsTests@4f3bbf68]" started-at="2025-09-11T18:13:22 IST" name="AutoCompleteSearch" data-provider="ColorSelectionData" finished-at="2025-09-11T18:13:23 IST" duration-ms="1379" status="PASS">
          <params>
            <param index="0">
              <value>
                <![CDATA[ColorSelectionData{searchFor='H', expectedColors=[White]}]]>
              </value>
            </param>
          </params>
          <reporter-output>
          </reporter-output>
        </test-method> <!-- AutoCompleteSearch -->
        <test-method is-config="true" signature="tearDown(org.testng.ITestResult)[pri:0, instance:tests.WidgetsTests@4f3bbf68]" started-at="2025-09-11T18:13:23 IST" name="tearDown" finished-at="2025-09-11T18:13:24 IST" duration-ms="430" status="PASS">
          <params>
            <param index="0">
              <value>
                <![CDATA[[TestResult name=AutoCompleteSearch status=SUCCESS method=WidgetsTests.AutoCompleteSearch(models.ColorSelectionData)[pri:7, instance:tests.WidgetsTests@4f3bbf68] output={null}]]]>
              </value>
            </param>
          </params>
          <reporter-output>
          </reporter-output>
        </test-method> <!-- tearDown -->
        <test-method is-config="true" signature="setup(java.lang.reflect.Method)[pri:0, instance:tests.WidgetsTests@4f3bbf68]" started-at="2025-09-11T18:13:24 IST" name="setup" finished-at="2025-09-11T18:13:29 IST" duration-ms="5905" status="PASS">
          <params>
            <param index="0">
              <value>
                <![CDATA[public void tests.WidgetsTests.AutoCompleteSearch(models.ColorSelectionData)]]>
              </value>
            </param>
          </params>
          <reporter-output>
          </reporter-output>
        </test-method> <!-- setup -->
        <test-method signature="AutoCompleteSearch(models.ColorSelectionData)[pri:7, instance:tests.WidgetsTests@4f3bbf68]" started-at="2025-09-11T18:13:29 IST" name="AutoCompleteSearch" data-provider="ColorSelectionData" finished-at="2025-09-11T18:13:32 IST" duration-ms="2410" status="PASS">
          <params>
            <param index="0">
              <value>
                <![CDATA[ColorSelectionData{searchFor='I', expectedColors=[White, Voilet, Indigo]}]]>
              </value>
            </param>
          </params>
          <reporter-output>
          </reporter-output>
        </test-method> <!-- AutoCompleteSearch -->
        <test-method is-config="true" signature="tearDown(org.testng.ITestResult)[pri:0, instance:tests.WidgetsTests@4f3bbf68]" started-at="2025-09-11T18:13:32 IST" name="tearDown" finished-at="2025-09-11T18:13:32 IST" duration-ms="524" status="PASS">
          <params>
            <param index="0">
              <value>
                <![CDATA[[TestResult name=AutoCompleteSearch status=SUCCESS method=WidgetsTests.AutoCompleteSearch(models.ColorSelectionData)[pri:7, instance:tests.WidgetsTests@4f3bbf68] output={null}]]]>
              </value>
            </param>
          </params>
          <reporter-output>
          </reporter-output>
        </test-method> <!-- tearDown -->
        <test-method is-config="true" signature="setup(java.lang.reflect.Method)[pri:0, instance:tests.WidgetsTests@4f3bbf68]" started-at="2025-09-11T18:13:32 IST" name="setup" finished-at="2025-09-11T18:13:38 IST" duration-ms="5901" status="PASS">
          <params>
            <param index="0">
              <value>
                <![CDATA[public void tests.WidgetsTests.AutoCompleteSearch(models.ColorSelectionData)]]>
              </value>
            </param>
          </params>
          <reporter-output>
          </reporter-output>
        </test-method> <!-- setup -->
        <test-method signature="AutoCompleteSearch(models.ColorSelectionData)[pri:7, instance:tests.WidgetsTests@4f3bbf68]" started-at="2025-09-11T18:13:38 IST" name="AutoCompleteSearch" data-provider="ColorSelectionData" finished-at="2025-09-11T18:13:40 IST" duration-ms="1437" status="PASS">
          <params>
            <param index="0">
              <value>
                <![CDATA[ColorSelectionData{searchFor='K', expectedColors=[Black]}]]>
              </value>
            </param>
          </params>
          <reporter-output>
          </reporter-output>
        </test-method> <!-- AutoCompleteSearch -->
        <test-method is-config="true" signature="tearDown(org.testng.ITestResult)[pri:0, instance:tests.WidgetsTests@4f3bbf68]" started-at="2025-09-11T18:13:40 IST" name="tearDown" finished-at="2025-09-11T18:13:40 IST" duration-ms="421" status="PASS">
          <params>
            <param index="0">
              <value>
                <![CDATA[[TestResult name=AutoCompleteSearch status=SUCCESS method=WidgetsTests.AutoCompleteSearch(models.ColorSelectionData)[pri:7, instance:tests.WidgetsTests@4f3bbf68] output={null}]]]>
              </value>
            </param>
          </params>
          <reporter-output>
          </reporter-output>
        </test-method> <!-- tearDown -->
        <test-method is-config="true" signature="setup(java.lang.reflect.Method)[pri:0, instance:tests.WidgetsTests@4f3bbf68]" started-at="2025-09-11T18:13:40 IST" name="setup" finished-at="2025-09-11T18:13:50 IST" duration-ms="10167" status="PASS">
          <params>
            <param index="0">
              <value>
                <![CDATA[public void tests.WidgetsTests.AutoCompleteSearch(models.ColorSelectionData)]]>
              </value>
            </param>
          </params>
          <reporter-output>
          </reporter-output>
        </test-method> <!-- setup -->
        <test-method signature="AutoCompleteSearch(models.ColorSelectionData)[pri:7, instance:tests.WidgetsTests@4f3bbf68]" started-at="2025-09-11T18:13:50 IST" name="AutoCompleteSearch" data-provider="ColorSelectionData" finished-at="2025-09-11T18:13:53 IST" duration-ms="2671" status="PASS">
          <params>
            <param index="0">
              <value>
                <![CDATA[ColorSelectionData{searchFor='L', expectedColors=[Blue, Yellow, Purple, Black, Voilet]}]]>
              </value>
            </param>
          </params>
          <reporter-output>
          </reporter-output>
        </test-method> <!-- AutoCompleteSearch -->
        <test-method is-config="true" signature="tearDown(org.testng.ITestResult)[pri:0, instance:tests.WidgetsTests@4f3bbf68]" started-at="2025-09-11T18:13:53 IST" name="tearDown" finished-at="2025-09-11T18:13:54 IST" duration-ms="500" status="PASS">
          <params>
            <param index="0">
              <value>
                <![CDATA[[TestResult name=AutoCompleteSearch status=SUCCESS method=WidgetsTests.AutoCompleteSearch(models.ColorSelectionData)[pri:7, instance:tests.WidgetsTests@4f3bbf68] output={null}]]]>
              </value>
            </param>
          </params>
          <reporter-output>
          </reporter-output>
        </test-method> <!-- tearDown -->
        <test-method is-config="true" signature="setup(java.lang.reflect.Method)[pri:0, instance:tests.WidgetsTests@4f3bbf68]" started-at="2025-09-11T18:13:54 IST" name="setup" finished-at="2025-09-11T18:13:59 IST" duration-ms="5634" status="PASS">
          <params>
            <param index="0">
              <value>
                <![CDATA[public void tests.WidgetsTests.AutoCompleteSearch(models.ColorSelectionData)]]>
              </value>
            </param>
          </params>
          <reporter-output>
          </reporter-output>
        </test-method> <!-- setup -->
        <test-method signature="AutoCompleteSearch(models.ColorSelectionData)[pri:7, instance:tests.WidgetsTests@4f3bbf68]" started-at="2025-09-11T18:13:59 IST" name="AutoCompleteSearch" data-provider="ColorSelectionData" finished-at="2025-09-11T18:14:01 IST" duration-ms="1655" status="PASS">
          <params>
            <param index="0">
              <value>
                <![CDATA[ColorSelectionData{searchFor='M', expectedColors=[Magenta]}]]>
              </value>
            </param>
          </params>
          <reporter-output>
          </reporter-output>
        </test-method> <!-- AutoCompleteSearch -->
        <test-method is-config="true" signature="tearDown(org.testng.ITestResult)[pri:0, instance:tests.WidgetsTests@4f3bbf68]" started-at="2025-09-11T18:14:01 IST" name="tearDown" finished-at="2025-09-11T18:14:01 IST" duration-ms="344" status="PASS">
          <params>
            <param index="0">
              <value>
                <![CDATA[[TestResult name=AutoCompleteSearch status=SUCCESS method=WidgetsTests.AutoCompleteSearch(models.ColorSelectionData)[pri:7, instance:tests.WidgetsTests@4f3bbf68] output={null}]]]>
              </value>
            </param>
          </params>
          <reporter-output>
          </reporter-output>
        </test-method> <!-- tearDown -->
        <test-method is-config="true" signature="setup(java.lang.reflect.Method)[pri:0, instance:tests.WidgetsTests@4f3bbf68]" started-at="2025-09-11T18:14:01 IST" name="setup" finished-at="2025-09-11T18:14:15 IST" duration-ms="14032" status="PASS">
          <params>
            <param index="0">
              <value>
                <![CDATA[public void tests.WidgetsTests.AutoCompleteSearch(models.ColorSelectionData)]]>
              </value>
            </param>
          </params>
          <reporter-output>
          </reporter-output>
        </test-method> <!-- setup -->
        <test-method signature="AutoCompleteSearch(models.ColorSelectionData)[pri:7, instance:tests.WidgetsTests@4f3bbf68]" started-at="2025-09-11T18:14:15 IST" name="AutoCompleteSearch" data-provider="ColorSelectionData" finished-at="2025-09-11T18:14:17 IST" duration-ms="1972" status="PASS">
          <params>
            <param index="0">
              <value>
                <![CDATA[ColorSelectionData{searchFor='N', expectedColors=[Green, Indigo, Magenta]}]]>
              </value>
            </param>
          </params>
          <reporter-output>
          </reporter-output>
        </test-method> <!-- AutoCompleteSearch -->
        <test-method is-config="true" signature="tearDown(org.testng.ITestResult)[pri:0, instance:tests.WidgetsTests@4f3bbf68]" started-at="2025-09-11T18:14:17 IST" name="tearDown" finished-at="2025-09-11T18:14:17 IST" duration-ms="345" status="PASS">
          <params>
            <param index="0">
              <value>
                <![CDATA[[TestResult name=AutoCompleteSearch status=SUCCESS method=WidgetsTests.AutoCompleteSearch(models.ColorSelectionData)[pri:7, instance:tests.WidgetsTests@4f3bbf68] output={null}]]]>
              </value>
            </param>
          </params>
          <reporter-output>
          </reporter-output>
        </test-method> <!-- tearDown -->
        <test-method is-config="true" signature="setup(java.lang.reflect.Method)[pri:0, instance:tests.WidgetsTests@4f3bbf68]" started-at="2025-09-11T18:14:17 IST" name="setup" finished-at="2025-09-11T18:14:54 IST" duration-ms="36254" status="PASS">
          <params>
            <param index="0">
              <value>
                <![CDATA[public void tests.WidgetsTests.AutoCompleteSearch(models.ColorSelectionData)]]>
              </value>
            </param>
          </params>
          <reporter-output>
          </reporter-output>
        </test-method> <!-- setup -->
        <test-method signature="AutoCompleteSearch(models.ColorSelectionData)[pri:7, instance:tests.WidgetsTests@4f3bbf68]" started-at="2025-09-11T18:14:54 IST" name="AutoCompleteSearch" data-provider="ColorSelectionData" finished-at="2025-09-11T18:14:56 IST" duration-ms="2645" status="PASS">
          <params>
            <param index="0">
              <value>
                <![CDATA[ColorSelectionData{searchFor='O', expectedColors=[Yellow, Voilet, Indigo]}]]>
              </value>
            </param>
          </params>
          <reporter-output>
          </reporter-output>
        </test-method> <!-- AutoCompleteSearch -->
        <test-method is-config="true" signature="tearDown(org.testng.ITestResult)[pri:0, instance:tests.WidgetsTests@4f3bbf68]" started-at="2025-09-11T18:14:56 IST" name="tearDown" finished-at="2025-09-11T18:14:57 IST" duration-ms="353" status="PASS">
          <params>
            <param index="0">
              <value>
                <![CDATA[[TestResult name=AutoCompleteSearch status=SUCCESS method=WidgetsTests.AutoCompleteSearch(models.ColorSelectionData)[pri:7, instance:tests.WidgetsTests@4f3bbf68] output={null}]]]>
              </value>
            </param>
          </params>
          <reporter-output>
          </reporter-output>
        </test-method> <!-- tearDown -->
        <test-method is-config="true" signature="setup(java.lang.reflect.Method)[pri:0, instance:tests.WidgetsTests@4f3bbf68]" started-at="2025-09-11T18:14:57 IST" name="setup" finished-at="2025-09-11T18:15:10 IST" duration-ms="13660" status="PASS">
          <params>
            <param index="0">
              <value>
                <![CDATA[public void tests.WidgetsTests.AutoCompleteSearch(models.ColorSelectionData)]]>
              </value>
            </param>
          </params>
          <reporter-output>
          </reporter-output>
        </test-method> <!-- setup -->
        <test-method signature="AutoCompleteSearch(models.ColorSelectionData)[pri:7, instance:tests.WidgetsTests@4f3bbf68]" started-at="2025-09-11T18:15:10 IST" name="AutoCompleteSearch" data-provider="ColorSelectionData" finished-at="2025-09-11T18:15:12 IST" duration-ms="1616" status="PASS">
          <params>
            <param index="0">
              <value>
                <![CDATA[ColorSelectionData{searchFor='P', expectedColors=[Purple]}]]>
              </value>
            </param>
          </params>
          <reporter-output>
          </reporter-output>
        </test-method> <!-- AutoCompleteSearch -->
        <test-method is-config="true" signature="tearDown(org.testng.ITestResult)[pri:0, instance:tests.WidgetsTests@4f3bbf68]" started-at="2025-09-11T18:15:12 IST" name="tearDown" finished-at="2025-09-11T18:15:12 IST" duration-ms="426" status="PASS">
          <params>
            <param index="0">
              <value>
                <![CDATA[[TestResult name=AutoCompleteSearch status=SUCCESS method=WidgetsTests.AutoCompleteSearch(models.ColorSelectionData)[pri:7, instance:tests.WidgetsTests@4f3bbf68] output={null}]]]>
              </value>
            </param>
          </params>
          <reporter-output>
          </reporter-output>
        </test-method> <!-- tearDown -->
        <test-method is-config="true" signature="setup(java.lang.reflect.Method)[pri:0, instance:tests.WidgetsTests@4f3bbf68]" started-at="2025-09-11T18:15:12 IST" name="setup" finished-at="2025-09-11T18:15:20 IST" duration-ms="7583" status="PASS">
          <params>
            <param index="0">
              <value>
                <![CDATA[public void tests.WidgetsTests.AutoCompleteSearch(models.ColorSelectionData)]]>
              </value>
            </param>
          </params>
          <reporter-output>
          </reporter-output>
        </test-method> <!-- setup -->
        <test-method signature="AutoCompleteSearch(models.ColorSelectionData)[pri:7, instance:tests.WidgetsTests@4f3bbf68]" started-at="2025-09-11T18:15:20 IST" name="AutoCompleteSearch" data-provider="ColorSelectionData" finished-at="2025-09-11T18:15:21 IST" duration-ms="1144" status="PASS">
          <params>
            <param index="0">
              <value>
                <![CDATA[ColorSelectionData{searchFor='Q', expectedColors=[Aqua]}]]>
              </value>
            </param>
          </params>
          <reporter-output>
          </reporter-output>
        </test-method> <!-- AutoCompleteSearch -->
        <test-method is-config="true" signature="tearDown(org.testng.ITestResult)[pri:0, instance:tests.WidgetsTests@4f3bbf68]" started-at="2025-09-11T18:15:21 IST" name="tearDown" finished-at="2025-09-11T18:15:22 IST" duration-ms="424" status="PASS">
          <params>
            <param index="0">
              <value>
                <![CDATA[[TestResult name=AutoCompleteSearch status=SUCCESS method=WidgetsTests.AutoCompleteSearch(models.ColorSelectionData)[pri:7, instance:tests.WidgetsTests@4f3bbf68] output={null}]]]>
              </value>
            </param>
          </params>
          <reporter-output>
          </reporter-output>
        </test-method> <!-- tearDown -->
        <test-method is-config="true" signature="setup(java.lang.reflect.Method)[pri:0, instance:tests.WidgetsTests@4f3bbf68]" started-at="2025-09-11T18:15:22 IST" name="setup" finished-at="2025-09-11T18:15:36 IST" duration-ms="14309" status="PASS">
          <params>
            <param index="0">
              <value>
                <![CDATA[public void tests.WidgetsTests.AutoCompleteSearch(models.ColorSelectionData)]]>
              </value>
            </param>
          </params>
          <reporter-output>
          </reporter-output>
        </test-method> <!-- setup -->
        <test-method signature="AutoCompleteSearch(models.ColorSelectionData)[pri:7, instance:tests.WidgetsTests@4f3bbf68]" started-at="2025-09-11T18:15:36 IST" name="AutoCompleteSearch" data-provider="ColorSelectionData" finished-at="2025-09-11T18:15:38 IST" duration-ms="2206" status="PASS">
          <params>
            <param index="0">
              <value>
                <![CDATA[ColorSelectionData{searchFor='R', expectedColors=[Red, Green, Purple]}]]>
              </value>
            </param>
          </params>
          <reporter-output>
          </reporter-output>
        </test-method> <!-- AutoCompleteSearch -->
        <test-method is-config="true" signature="tearDown(org.testng.ITestResult)[pri:0, instance:tests.WidgetsTests@4f3bbf68]" started-at="2025-09-11T18:15:38 IST" name="tearDown" finished-at="2025-09-11T18:15:39 IST" duration-ms="485" status="PASS">
          <params>
            <param index="0">
              <value>
                <![CDATA[[TestResult name=AutoCompleteSearch status=SUCCESS method=WidgetsTests.AutoCompleteSearch(models.ColorSelectionData)[pri:7, instance:tests.WidgetsTests@4f3bbf68] output={null}]]]>
              </value>
            </param>
          </params>
          <reporter-output>
          </reporter-output>
        </test-method> <!-- tearDown -->
        <test-method is-config="true" signature="setup(java.lang.reflect.Method)[pri:0, instance:tests.WidgetsTests@4f3bbf68]" started-at="2025-09-11T18:15:39 IST" name="setup" finished-at="2025-09-11T18:15:44 IST" duration-ms="5802" status="PASS">
          <params>
            <param index="0">
              <value>
                <![CDATA[public void tests.WidgetsTests.AutoCompleteSearch(models.ColorSelectionData)]]>
              </value>
            </param>
          </params>
          <reporter-output>
          </reporter-output>
        </test-method> <!-- setup -->
        <test-method signature="AutoCompleteSearch(models.ColorSelectionData)[pri:7, instance:tests.WidgetsTests@4f3bbf68]" started-at="2025-09-11T18:15:44 IST" name="AutoCompleteSearch" data-provider="ColorSelectionData" finished-at="2025-09-11T18:15:46 IST" duration-ms="2050" status="PASS">
          <params>
            <param index="0">
              <value>
                <![CDATA[ColorSelectionData{searchFor='T', expectedColors=[White, Voilet, Magenta]}]]>
              </value>
            </param>
          </params>
          <reporter-output>
          </reporter-output>
        </test-method> <!-- AutoCompleteSearch -->
        <test-method is-config="true" signature="tearDown(org.testng.ITestResult)[pri:0, instance:tests.WidgetsTests@4f3bbf68]" started-at="2025-09-11T18:15:46 IST" name="tearDown" finished-at="2025-09-11T18:15:47 IST" duration-ms="394" status="PASS">
          <params>
            <param index="0">
              <value>
                <![CDATA[[TestResult name=AutoCompleteSearch status=SUCCESS method=WidgetsTests.AutoCompleteSearch(models.ColorSelectionData)[pri:7, instance:tests.WidgetsTests@4f3bbf68] output={null}]]]>
              </value>
            </param>
          </params>
          <reporter-output>
          </reporter-output>
        </test-method> <!-- tearDown -->
        <test-method is-config="true" signature="setup(java.lang.reflect.Method)[pri:0, instance:tests.WidgetsTests@4f3bbf68]" started-at="2025-09-11T18:15:47 IST" name="setup" finished-at="2025-09-11T18:15:53 IST" duration-ms="5683" status="PASS">
          <params>
            <param index="0">
              <value>
                <![CDATA[public void tests.WidgetsTests.AutoCompleteSearch(models.ColorSelectionData)]]>
              </value>
            </param>
          </params>
          <reporter-output>
          </reporter-output>
        </test-method> <!-- setup -->
        <test-method signature="AutoCompleteSearch(models.ColorSelectionData)[pri:7, instance:tests.WidgetsTests@4f3bbf68]" started-at="2025-09-11T18:15:53 IST" name="AutoCompleteSearch" data-provider="ColorSelectionData" finished-at="2025-09-11T18:15:55 IST" duration-ms="2407" status="PASS">
          <params>
            <param index="0">
              <value>
                <![CDATA[ColorSelectionData{searchFor='U', expectedColors=[Blue, Purple, Aqua]}]]>
              </value>
            </param>
          </params>
          <reporter-output>
          </reporter-output>
        </test-method> <!-- AutoCompleteSearch -->
        <test-method is-config="true" signature="tearDown(org.testng.ITestResult)[pri:0, instance:tests.WidgetsTests@4f3bbf68]" started-at="2025-09-11T18:15:55 IST" name="tearDown" finished-at="2025-09-11T18:15:55 IST" duration-ms="435" status="PASS">
          <params>
            <param index="0">
              <value>
                <![CDATA[[TestResult name=AutoCompleteSearch status=SUCCESS method=WidgetsTests.AutoCompleteSearch(models.ColorSelectionData)[pri:7, instance:tests.WidgetsTests@4f3bbf68] output={null}]]]>
              </value>
            </param>
          </params>
          <reporter-output>
          </reporter-output>
        </test-method> <!-- tearDown -->
        <test-method is-config="true" signature="setup(java.lang.reflect.Method)[pri:0, instance:tests.WidgetsTests@4f3bbf68]" started-at="2025-09-11T18:15:55 IST" name="setup" finished-at="2025-09-11T18:16:08 IST" duration-ms="12281" status="PASS">
          <params>
            <param index="0">
              <value>
                <![CDATA[public void tests.WidgetsTests.AutoCompleteSearch(models.ColorSelectionData)]]>
              </value>
            </param>
          </params>
          <reporter-output>
          </reporter-output>
        </test-method> <!-- setup -->
        <test-method signature="AutoCompleteSearch(models.ColorSelectionData)[pri:7, instance:tests.WidgetsTests@4f3bbf68]" started-at="2025-09-11T18:16:08 IST" name="AutoCompleteSearch" data-provider="ColorSelectionData" finished-at="2025-09-11T18:16:09 IST" duration-ms="1396" status="PASS">
          <params>
            <param index="0">
              <value>
                <![CDATA[ColorSelectionData{searchFor='V', expectedColors=[Voilet]}]]>
              </value>
            </param>
          </params>
          <reporter-output>
          </reporter-output>
        </test-method> <!-- AutoCompleteSearch -->
        <test-method is-config="true" signature="tearDown(org.testng.ITestResult)[pri:0, instance:tests.WidgetsTests@4f3bbf68]" started-at="2025-09-11T18:16:09 IST" name="tearDown" finished-at="2025-09-11T18:16:09 IST" duration-ms="410" status="PASS">
          <params>
            <param index="0">
              <value>
                <![CDATA[[TestResult name=AutoCompleteSearch status=SUCCESS method=WidgetsTests.AutoCompleteSearch(models.ColorSelectionData)[pri:7, instance:tests.WidgetsTests@4f3bbf68] output={null}]]]>
              </value>
            </param>
          </params>
          <reporter-output>
          </reporter-output>
        </test-method> <!-- tearDown -->
        <test-method is-config="true" signature="setup(java.lang.reflect.Method)[pri:0, instance:tests.WidgetsTests@4f3bbf68]" started-at="2025-09-11T18:16:09 IST" name="setup" finished-at="2025-09-11T18:16:17 IST" duration-ms="7128" status="PASS">
          <params>
            <param index="0">
              <value>
                <![CDATA[public void tests.WidgetsTests.AutoCompleteSearch(models.ColorSelectionData)]]>
              </value>
            </param>
          </params>
          <reporter-output>
          </reporter-output>
        </test-method> <!-- setup -->
        <test-method signature="AutoCompleteSearch(models.ColorSelectionData)[pri:7, instance:tests.WidgetsTests@4f3bbf68]" started-at="2025-09-11T18:16:17 IST" name="AutoCompleteSearch" data-provider="ColorSelectionData" finished-at="2025-09-11T18:16:19 IST" duration-ms="2051" status="PASS">
          <params>
            <param index="0">
              <value>
                <![CDATA[ColorSelectionData{searchFor='W', expectedColors=[Yellow, White]}]]>
              </value>
            </param>
          </params>
          <reporter-output>
          </reporter-output>
        </test-method> <!-- AutoCompleteSearch -->
        <test-method is-config="true" signature="tearDown(org.testng.ITestResult)[pri:0, instance:tests.WidgetsTests@4f3bbf68]" started-at="2025-09-11T18:16:19 IST" name="tearDown" finished-at="2025-09-11T18:16:19 IST" duration-ms="449" status="PASS">
          <params>
            <param index="0">
              <value>
                <![CDATA[[TestResult name=AutoCompleteSearch status=SUCCESS method=WidgetsTests.AutoCompleteSearch(models.ColorSelectionData)[pri:7, instance:tests.WidgetsTests@4f3bbf68] output={null}]]]>
              </value>
            </param>
          </params>
          <reporter-output>
          </reporter-output>
        </test-method> <!-- tearDown -->
        <test-method is-config="true" signature="setup(java.lang.reflect.Method)[pri:0, instance:tests.WidgetsTests@4f3bbf68]" started-at="2025-09-11T18:16:19 IST" name="setup" finished-at="2025-09-11T18:16:31 IST" duration-ms="12345" status="PASS">
          <params>
            <param index="0">
              <value>
                <![CDATA[public void tests.WidgetsTests.AutoCompleteSearch(models.ColorSelectionData)]]>
              </value>
            </param>
          </params>
          <reporter-output>
          </reporter-output>
        </test-method> <!-- setup -->
        <test-method signature="AutoCompleteSearch(models.ColorSelectionData)[pri:7, instance:tests.WidgetsTests@4f3bbf68]" started-at="2025-09-11T18:16:31 IST" name="AutoCompleteSearch" data-provider="ColorSelectionData" finished-at="2025-09-11T18:16:33 IST" duration-ms="1366" status="PASS">
          <params>
            <param index="0">
              <value>
                <![CDATA[ColorSelectionData{searchFor='Y', expectedColors=[Yellow]}]]>
              </value>
            </param>
          </params>
          <reporter-output>
          </reporter-output>
        </test-method> <!-- AutoCompleteSearch -->
        <test-method is-config="true" signature="tearDown(org.testng.ITestResult)[pri:0, instance:tests.WidgetsTests@4f3bbf68]" started-at="2025-09-11T18:16:33 IST" name="tearDown" finished-at="2025-09-11T18:21:35 IST" duration-ms="302442" status="PASS">
          <params>
            <param index="0">
              <value>
                <![CDATA[[TestResult name=AutoCompleteSearch status=SUCCESS method=WidgetsTests.AutoCompleteSearch(models.ColorSelectionData)[pri:7, instance:tests.WidgetsTests@4f3bbf68] output={null}]]]>
              </value>
            </param>
          </params>
          <reporter-output>
          </reporter-output>
        </test-method> <!-- tearDown -->
        <test-method is-config="true" signature="setup(java.lang.reflect.Method)[pri:0, instance:tests.WidgetsTests@4f3bbf68]" started-at="2025-09-11T18:21:35 IST" name="setup" finished-at="2025-09-11T18:21:43 IST" duration-ms="8123" status="PASS">
          <params>
            <param index="0">
              <value>
                <![CDATA[public void tests.WidgetsTests.AutoCompleteSearchRemove(models.ColorSelectionData) throws java.io.IOException]]>
              </value>
            </param>
          </params>
          <reporter-output>
          </reporter-output>
        </test-method> <!-- setup -->
        <test-method signature="AutoCompleteSearchRemove(models.ColorSelectionData)[pri:8, instance:tests.WidgetsTests@4f3bbf68]" started-at="2025-09-11T18:21:43 IST" name="AutoCompleteSearchRemove" data-provider="ColorSelectionDataRemove" finished-at="2025-09-11T18:21:50 IST" duration-ms="6651" status="PASS">
          <params>
            <param index="0">
              <value>
                <![CDATA[ColorSelectionData{searchFor='E', expectedColors=[Green, Yellow]}]]>
              </value>
            </param>
          </params>
          <reporter-output>
          </reporter-output>
        </test-method> <!-- AutoCompleteSearchRemove -->
        <test-method is-config="true" signature="tearDown(org.testng.ITestResult)[pri:0, instance:tests.WidgetsTests@4f3bbf68]" started-at="2025-09-11T18:21:50 IST" name="tearDown" finished-at="2025-09-11T18:21:51 IST" duration-ms="477" status="PASS">
          <params>
            <param index="0">
              <value>
                <![CDATA[[TestResult name=AutoCompleteSearchRemove status=SUCCESS method=WidgetsTests.AutoCompleteSearchRemove(models.ColorSelectionData)[pri:8, instance:tests.WidgetsTests@4f3bbf68] output={null}]]]>
              </value>
            </param>
          </params>
          <reporter-output>
          </reporter-output>
        </test-method> <!-- tearDown -->
        <test-method is-config="true" signature="setup(java.lang.reflect.Method)[pri:0, instance:tests.WidgetsTests@4f3bbf68]" started-at="2025-09-11T18:21:51 IST" name="setup" finished-at="2025-09-11T18:21:57 IST" duration-ms="6142" status="PASS">
          <params>
            <param index="0">
              <value>
                <![CDATA[public void tests.WidgetsTests.AutoCompleteSingle(java.lang.String,java.lang.String)]]>
              </value>
            </param>
          </params>
          <reporter-output>
          </reporter-output>
        </test-method> <!-- setup -->
        <test-method signature="AutoCompleteSingle(java.lang.String,java.lang.String)[pri:9, instance:tests.WidgetsTests@4f3bbf68]" started-at="2025-09-11T18:21:57 IST" name="AutoCompleteSingle" data-provider="SingleColorData" finished-at="2025-09-11T18:21:59 IST" duration-ms="2002" status="PASS">
          <params>
            <param index="0">
              <value>
                <![CDATA[E]]>
              </value>
            </param>
            <param index="1">
              <value>
                <![CDATA[Green]]>
              </value>
            </param>
          </params>
          <reporter-output>
          </reporter-output>
        </test-method> <!-- AutoCompleteSingle -->
        <test-method is-config="true" signature="tearDown(org.testng.ITestResult)[pri:0, instance:tests.WidgetsTests@4f3bbf68]" started-at="2025-09-11T18:21:59 IST" name="tearDown" finished-at="2025-09-11T18:21:59 IST" duration-ms="357" status="PASS">
          <params>
            <param index="0">
              <value>
                <![CDATA[[TestResult name=AutoCompleteSingle status=SUCCESS method=WidgetsTests.AutoCompleteSingle(java.lang.String,java.lang.String)[pri:9, instance:tests.WidgetsTests@4f3bbf68] output={null}]]]>
              </value>
            </param>
          </params>
          <reporter-output>
          </reporter-output>
        </test-method> <!-- tearDown -->
        <test-method is-config="true" signature="setup(java.lang.reflect.Method)[pri:0, instance:tests.WidgetsTests@4f3bbf68]" started-at="2025-09-11T18:21:59 IST" name="setup" finished-at="2025-09-11T18:22:13 IST" duration-ms="14099" status="PASS">
          <params>
            <param index="0">
              <value>
                <![CDATA[public void tests.WidgetsTests.SingleAddRemove(java.lang.String,java.lang.String)]]>
              </value>
            </param>
          </params>
          <reporter-output>
          </reporter-output>
        </test-method> <!-- setup -->
        <test-method signature="SingleAddRemove(java.lang.String,java.lang.String)[pri:10, instance:tests.WidgetsTests@4f3bbf68]" started-at="2025-09-11T18:22:13 IST" name="SingleAddRemove" data-provider="SingleColorData" finished-at="2025-09-11T18:22:16 IST" duration-ms="2485" status="PASS">
          <params>
            <param index="0">
              <value>
                <![CDATA[E]]>
              </value>
            </param>
            <param index="1">
              <value>
                <![CDATA[Green]]>
              </value>
            </param>
          </params>
          <reporter-output>
          </reporter-output>
        </test-method> <!-- SingleAddRemove -->
        <test-method is-config="true" signature="tearDown(org.testng.ITestResult)[pri:0, instance:tests.WidgetsTests@4f3bbf68]" started-at="2025-09-11T18:22:16 IST" name="tearDown" finished-at="2025-09-11T18:22:16 IST" duration-ms="459" status="PASS">
          <params>
            <param index="0">
              <value>
                <![CDATA[[TestResult name=SingleAddRemove status=SUCCESS method=WidgetsTests.SingleAddRemove(java.lang.String,java.lang.String)[pri:10, instance:tests.WidgetsTests@4f3bbf68] output={null}]]]>
              </value>
            </param>
          </params>
          <reporter-output>
          </reporter-output>
        </test-method> <!-- tearDown -->
      </class> <!-- tests.WidgetsTests -->
      <class name="tests.ElementsTests">
        <test-method is-config="true" signature="setup(java.lang.reflect.Method)[pri:0, instance:tests.ElementsTests@479460a6]" started-at="2025-09-11T17:10:20 IST" name="setup" finished-at="2025-09-11T17:10:53 IST" duration-ms="33203" status="PASS">
          <params>
            <param index="0">
              <value>
                <![CDATA[public void tests.ElementsTests.ElementsCard()]]>
              </value>
            </param>
          </params>
          <reporter-output>
          </reporter-output>
        </test-method> <!-- setup -->
        <test-method signature="ElementsCard()[pri:1, instance:tests.ElementsTests@479460a6]" started-at="2025-09-11T17:10:53 IST" name="ElementsCard" finished-at="2025-09-11T17:10:54 IST" duration-ms="1003" status="PASS">
          <reporter-output>
          </reporter-output>
        </test-method> <!-- ElementsCard -->
        <test-method is-config="true" signature="tearDown(org.testng.ITestResult)[pri:0, instance:tests.ElementsTests@479460a6]" started-at="2025-09-11T17:10:54 IST" name="tearDown" finished-at="2025-09-11T17:15:57 IST" duration-ms="303025" status="PASS">
          <params>
            <param index="0">
              <value>
                <![CDATA[[TestResult name=ElementsCard status=SUCCESS method=ElementsTests.ElementsCard()[pri:1, instance:tests.ElementsTests@479460a6] output={null}]]]>
              </value>
            </param>
          </params>
          <reporter-output>
          </reporter-output>
        </test-method> <!-- tearDown -->
        <test-method is-config="true" signature="setup(java.lang.reflect.Method)[pri:0, instance:tests.ElementsTests@479460a6]" started-at="2025-09-11T17:15:58 IST" name="setup" finished-at="2025-09-11T17:16:04 IST" duration-ms="5886" status="PASS">
          <params>
            <param index="0">
              <value>
                <![CDATA[public void tests.ElementsTests.TextBox(models.TextBoxUser)]]>
              </value>
            </param>
          </params>
          <reporter-output>
          </reporter-output>
        </test-method> <!-- setup -->
        <test-method signature="TextBox(models.TextBoxUser)[pri:2, instance:tests.ElementsTests@479460a6]" started-at="2025-09-11T17:16:04 IST" name="TextBox" data-provider="TextBoxUserData" finished-at="2025-09-11T17:16:07 IST" duration-ms="2348" status="PASS">
          <params>
            <param index="0">
              <value>
                <![CDATA[TextBoxUser{firstName='Johny', lastName='Bravo', email='Jbravo@demoqa.com', currentAddress='301 Town 481, Brookville\n kansas 42129\n United States', permanentAddress='511 Grant 481, Prattsville\n Arkansas 72129\n United States'}]]>
              </value>
            </param>
          </params>
          <reporter-output>
          </reporter-output>
        </test-method> <!-- TextBox -->
        <test-method is-config="true" signature="tearDown(org.testng.ITestResult)[pri:0, instance:tests.ElementsTests@479460a6]" started-at="2025-09-11T17:16:07 IST" name="tearDown" finished-at="2025-09-11T17:16:07 IST" duration-ms="683" status="PASS">
          <params>
            <param index="0">
              <value>
                <![CDATA[[TestResult name=TextBox status=SUCCESS method=ElementsTests.TextBox(models.TextBoxUser)[pri:2, instance:tests.ElementsTests@479460a6] output={null}]]]>
              </value>
            </param>
          </params>
          <reporter-output>
          </reporter-output>
        </test-method> <!-- tearDown -->
        <test-method is-config="true" signature="setup(java.lang.reflect.Method)[pri:0, instance:tests.ElementsTests@479460a6]" started-at="2025-09-11T17:16:07 IST" name="setup" finished-at="2025-09-11T17:16:29 IST" duration-ms="21233" status="PASS">
          <params>
            <param index="0">
              <value>
                <![CDATA[public void tests.ElementsTests.TextBox(models.TextBoxUser)]]>
              </value>
            </param>
          </params>
          <reporter-output>
          </reporter-output>
        </test-method> <!-- setup -->
        <test-method signature="TextBox(models.TextBoxUser)[pri:2, instance:tests.ElementsTests@479460a6]" started-at="2025-09-11T17:16:29 IST" name="TextBox" data-provider="TextBoxUserData" finished-at="2025-09-11T17:16:31 IST" duration-ms="2472" status="PASS">
          <params>
            <param index="0">
              <value>
                <![CDATA[TextBoxUser{firstName='Gene', lastName='Femina', email='GFemina@demoqa.com', currentAddress='302 Town 481, Brookville\n kansas 42129\n United States', permanentAddress='512 Grant 481, Prattsville\n Arkansas 72129\n United States'}]]>
              </value>
            </param>
          </params>
          <reporter-output>
          </reporter-output>
        </test-method> <!-- TextBox -->
        <test-method is-config="true" signature="tearDown(org.testng.ITestResult)[pri:0, instance:tests.ElementsTests@479460a6]" started-at="2025-09-11T17:16:31 IST" name="tearDown" finished-at="2025-09-11T17:16:32 IST" duration-ms="773" status="PASS">
          <params>
            <param index="0">
              <value>
                <![CDATA[[TestResult name=TextBox status=SUCCESS method=ElementsTests.TextBox(models.TextBoxUser)[pri:2, instance:tests.ElementsTests@479460a6] output={null}]]]>
              </value>
            </param>
          </params>
          <reporter-output>
          </reporter-output>
        </test-method> <!-- tearDown -->
        <test-method is-config="true" signature="setup(java.lang.reflect.Method)[pri:0, instance:tests.ElementsTests@479460a6]" started-at="2025-09-11T17:16:32 IST" name="setup" finished-at="2025-09-11T17:16:38 IST" duration-ms="5769" status="PASS">
          <params>
            <param index="0">
              <value>
                <![CDATA[public void tests.ElementsTests.TextBox(models.TextBoxUser)]]>
              </value>
            </param>
          </params>
          <reporter-output>
          </reporter-output>
        </test-method> <!-- setup -->
        <test-method signature="TextBox(models.TextBoxUser)[pri:2, instance:tests.ElementsTests@479460a6]" started-at="2025-09-11T17:16:38 IST" name="TextBox" data-provider="TextBoxUserData" finished-at="2025-09-11T17:16:40 IST" duration-ms="2224" status="PASS">
          <params>
            <param index="0">
              <value>
                <![CDATA[TextBoxUser{firstName='Bud', lastName='Wisem', email='BWisem@demoqa.com', currentAddress='303 Town 481, Brookville\n kansas 42129\n United States', permanentAddress='513 Grant 481, Prattsville\n Arkansas 72129\n United States'}]]>
              </value>
            </param>
          </params>
          <reporter-output>
          </reporter-output>
        </test-method> <!-- TextBox -->
        <test-method is-config="true" signature="tearDown(org.testng.ITestResult)[pri:0, instance:tests.ElementsTests@479460a6]" started-at="2025-09-11T17:16:40 IST" name="tearDown" finished-at="2025-09-11T17:16:40 IST" duration-ms="657" status="PASS">
          <params>
            <param index="0">
              <value>
                <![CDATA[[TestResult name=TextBox status=SUCCESS method=ElementsTests.TextBox(models.TextBoxUser)[pri:2, instance:tests.ElementsTests@479460a6] output={null}]]]>
              </value>
            </param>
          </params>
          <reporter-output>
          </reporter-output>
        </test-method> <!-- tearDown -->
        <test-method is-config="true" signature="setup(java.lang.reflect.Method)[pri:0, instance:tests.ElementsTests@479460a6]" started-at="2025-09-11T17:16:40 IST" name="setup" finished-at="2025-09-11T17:16:58 IST" duration-ms="17797" status="PASS">
          <params>
            <param index="0">
              <value>
                <![CDATA[public void tests.ElementsTests.TextBox(models.TextBoxUser)]]>
              </value>
            </param>
          </params>
          <reporter-output>
          </reporter-output>
        </test-method> <!-- setup -->
        <test-method signature="TextBox(models.TextBoxUser)[pri:2, instance:tests.ElementsTests@479460a6]" started-at="2025-09-11T17:16:58 IST" name="TextBox" data-provider="TextBoxUserData" finished-at="2025-09-11T17:17:00 IST" duration-ms="2047" status="PASS">
          <params>
            <param index="0">
              <value>
                <![CDATA[TextBoxUser{firstName='Tom', lastName='Boss', email='TBoss@demoqa.com', currentAddress='304 Town 481, Brookville\n kansas 42129\n United States', permanentAddress='514 Grant 481, Prattsville\n Arkansas 72129\n United States'}]]>
              </value>
            </param>
          </params>
          <reporter-output>
          </reporter-output>
        </test-method> <!-- TextBox -->
        <test-method is-config="true" signature="tearDown(org.testng.ITestResult)[pri:0, instance:tests.ElementsTests@479460a6]" started-at="2025-09-11T17:17:00 IST" name="tearDown" finished-at="2025-09-11T17:17:01 IST" duration-ms="743" status="PASS">
          <params>
            <param index="0">
              <value>
                <![CDATA[[TestResult name=TextBox status=SUCCESS method=ElementsTests.TextBox(models.TextBoxUser)[pri:2, instance:tests.ElementsTests@479460a6] output={null}]]]>
              </value>
            </param>
          </params>
          <reporter-output>
          </reporter-output>
        </test-method> <!-- tearDown -->
        <test-method is-config="true" signature="setup(java.lang.reflect.Method)[pri:0, instance:tests.ElementsTests@479460a6]" started-at="2025-09-11T17:17:01 IST" name="setup" finished-at="2025-09-11T17:17:07 IST" duration-ms="5914" status="PASS">
          <params>
            <param index="0">
              <value>
                <![CDATA[public void tests.ElementsTests.CheckBox()]]>
              </value>
            </param>
          </params>
          <reporter-output>
          </reporter-output>
        </test-method> <!-- setup -->
        <test-method signature="CheckBox()[pri:3, instance:tests.ElementsTests@479460a6]" started-at="2025-09-11T17:17:07 IST" name="CheckBox" finished-at="2025-09-11T17:17:08 IST" duration-ms="859" status="PASS">
          <reporter-output>
          </reporter-output>
        </test-method> <!-- CheckBox -->
        <test-method is-config="true" signature="tearDown(org.testng.ITestResult)[pri:0, instance:tests.ElementsTests@479460a6]" started-at="2025-09-11T17:17:08 IST" name="tearDown" finished-at="2025-09-11T17:17:08 IST" duration-ms="532" status="PASS">
          <params>
            <param index="0">
              <value>
                <![CDATA[[TestResult name=CheckBox status=SUCCESS method=ElementsTests.CheckBox()[pri:3, instance:tests.ElementsTests@479460a6] output={null}]]]>
              </value>
            </param>
          </params>
          <reporter-output>
          </reporter-output>
        </test-method> <!-- tearDown -->
        <test-method is-config="true" signature="setup(java.lang.reflect.Method)[pri:0, instance:tests.ElementsTests@479460a6]" started-at="2025-09-11T17:17:08 IST" name="setup" finished-at="2025-09-11T17:17:26 IST" duration-ms="17173" status="PASS">
          <params>
            <param index="0">
              <value>
                <![CDATA[public void tests.ElementsTests.SelectingHomeCheckBox()]]>
              </value>
            </param>
          </params>
          <reporter-output>
          </reporter-output>
        </test-method> <!-- setup -->
        <test-method signature="SelectingHomeCheckBox()[pri:4, instance:tests.ElementsTests@479460a6]" started-at="2025-09-11T17:17:26 IST" name="SelectingHomeCheckBox" finished-at="2025-09-11T17:17:27 IST" duration-ms="1657" status="PASS">
          <reporter-output>
          </reporter-output>
        </test-method> <!-- SelectingHomeCheckBox -->
        <test-method is-config="true" signature="tearDown(org.testng.ITestResult)[pri:0, instance:tests.ElementsTests@479460a6]" started-at="2025-09-11T17:17:27 IST" name="tearDown" finished-at="2025-09-11T17:17:28 IST" duration-ms="422" status="PASS">
          <params>
            <param index="0">
              <value>
                <![CDATA[[TestResult name=SelectingHomeCheckBox status=SUCCESS method=ElementsTests.SelectingHomeCheckBox()[pri:4, instance:tests.ElementsTests@479460a6] output={null}]]]>
              </value>
            </param>
          </params>
          <reporter-output>
          </reporter-output>
        </test-method> <!-- tearDown -->
        <test-method is-config="true" signature="setup(java.lang.reflect.Method)[pri:0, instance:tests.ElementsTests@479460a6]" started-at="2025-09-11T17:17:28 IST" name="setup" finished-at="2025-09-11T17:18:02 IST" duration-ms="34236" status="PASS">
          <params>
            <param index="0">
              <value>
                <![CDATA[public void tests.ElementsTests.SelectingDesktopCheckBox()]]>
              </value>
            </param>
          </params>
          <reporter-output>
          </reporter-output>
        </test-method> <!-- setup -->
        <test-method signature="SelectingDesktopCheckBox()[pri:5, instance:tests.ElementsTests@479460a6]" started-at="2025-09-11T17:18:02 IST" name="SelectingDesktopCheckBox" finished-at="2025-09-11T17:18:03 IST" duration-ms="1314" status="PASS">
          <reporter-output>
          </reporter-output>
        </test-method> <!-- SelectingDesktopCheckBox -->
        <test-method is-config="true" signature="tearDown(org.testng.ITestResult)[pri:0, instance:tests.ElementsTests@479460a6]" started-at="2025-09-11T17:18:03 IST" name="tearDown" finished-at="2025-09-11T17:18:04 IST" duration-ms="394" status="PASS">
          <params>
            <param index="0">
              <value>
                <![CDATA[[TestResult name=SelectingDesktopCheckBox status=SUCCESS method=ElementsTests.SelectingDesktopCheckBox()[pri:5, instance:tests.ElementsTests@479460a6] output={null}]]]>
              </value>
            </param>
          </params>
          <reporter-output>
          </reporter-output>
        </test-method> <!-- tearDown -->
        <test-method is-config="true" signature="setup(java.lang.reflect.Method)[pri:0, instance:tests.ElementsTests@479460a6]" started-at="2025-09-11T17:18:04 IST" name="setup" finished-at="2025-09-11T17:18:09 IST" duration-ms="5677" status="PASS">
          <params>
            <param index="0">
              <value>
                <![CDATA[public void tests.ElementsTests.SelectingNotesCommandsClick()]]>
              </value>
            </param>
          </params>
          <reporter-output>
          </reporter-output>
        </test-method> <!-- setup -->
        <test-method signature="SelectingNotesCommandsClick()[pri:6, instance:tests.ElementsTests@479460a6]" started-at="2025-09-11T17:18:09 IST" name="SelectingNotesCommandsClick" finished-at="2025-09-11T17:18:11 IST" duration-ms="1536" status="PASS">
          <reporter-output>
          </reporter-output>
        </test-method> <!-- SelectingNotesCommandsClick -->
        <test-method is-config="true" signature="tearDown(org.testng.ITestResult)[pri:0, instance:tests.ElementsTests@479460a6]" started-at="2025-09-11T17:18:11 IST" name="tearDown" finished-at="2025-09-11T17:18:11 IST" duration-ms="412" status="PASS">
          <params>
            <param index="0">
              <value>
                <![CDATA[[TestResult name=SelectingNotesCommandsClick status=SUCCESS method=ElementsTests.SelectingNotesCommandsClick()[pri:6, instance:tests.ElementsTests@479460a6] output={null}]]]>
              </value>
            </param>
          </params>
          <reporter-output>
          </reporter-output>
        </test-method> <!-- tearDown -->
        <test-method is-config="true" signature="setup(java.lang.reflect.Method)[pri:0, instance:tests.ElementsTests@479460a6]" started-at="2025-09-11T17:18:11 IST" name="setup" finished-at="2025-09-11T17:18:29 IST" duration-ms="17947" status="PASS">
          <params>
            <param index="0">
              <value>
                <![CDATA[public void tests.ElementsTests.SelectingDocumentsCheckBox()]]>
              </value>
            </param>
          </params>
          <reporter-output>
          </reporter-output>
        </test-method> <!-- setup -->
        <test-method signature="SelectingDocumentsCheckBox()[pri:7, instance:tests.ElementsTests@479460a6]" started-at="2025-09-11T17:18:29 IST" name="SelectingDocumentsCheckBox" finished-at="2025-09-11T17:18:31 IST" duration-ms="1504" status="PASS">
          <reporter-output>
          </reporter-output>
        </test-method> <!-- SelectingDocumentsCheckBox -->
        <test-method is-config="true" signature="tearDown(org.testng.ITestResult)[pri:0, instance:tests.ElementsTests@479460a6]" started-at="2025-09-11T17:18:31 IST" name="tearDown" finished-at="2025-09-11T17:18:31 IST" duration-ms="650" status="PASS">
          <params>
            <param index="0">
              <value>
                <![CDATA[[TestResult name=SelectingDocumentsCheckBox status=SUCCESS method=ElementsTests.SelectingDocumentsCheckBox()[pri:7, instance:tests.ElementsTests@479460a6] output={null}]]]>
              </value>
            </param>
          </params>
          <reporter-output>
          </reporter-output>
        </test-method> <!-- tearDown -->
        <test-method is-config="true" signature="setup(java.lang.reflect.Method)[pri:0, instance:tests.ElementsTests@479460a6]" started-at="2025-09-11T17:18:31 IST" name="setup" finished-at="2025-09-11T17:18:37 IST" duration-ms="5629" status="PASS">
          <params>
            <param index="0">
              <value>
                <![CDATA[public void tests.ElementsTests.SelectingWorkSpace()]]>
              </value>
            </param>
          </params>
          <reporter-output>
          </reporter-output>
        </test-method> <!-- setup -->
        <test-method signature="SelectingWorkSpace()[pri:8, instance:tests.ElementsTests@479460a6]" started-at="2025-09-11T17:18:37 IST" name="SelectingWorkSpace" finished-at="2025-09-11T17:18:38 IST" duration-ms="1471" status="PASS">
          <reporter-output>
          </reporter-output>
        </test-method> <!-- SelectingWorkSpace -->
        <test-method is-config="true" signature="tearDown(org.testng.ITestResult)[pri:0, instance:tests.ElementsTests@479460a6]" started-at="2025-09-11T17:18:38 IST" name="tearDown" finished-at="2025-09-11T17:18:39 IST" duration-ms="430" status="PASS">
          <params>
            <param index="0">
              <value>
                <![CDATA[[TestResult name=SelectingWorkSpace status=SUCCESS method=ElementsTests.SelectingWorkSpace()[pri:8, instance:tests.ElementsTests@479460a6] output={null}]]]>
              </value>
            </param>
          </params>
          <reporter-output>
          </reporter-output>
        </test-method> <!-- tearDown -->
        <test-method is-config="true" signature="setup(java.lang.reflect.Method)[pri:0, instance:tests.ElementsTests@479460a6]" started-at="2025-09-11T17:18:39 IST" name="setup" finished-at="2025-09-11T17:18:49 IST" duration-ms="9727" status="PASS">
          <params>
            <param index="0">
              <value>
                <![CDATA[public void tests.ElementsTests.SelectReact()]]>
              </value>
            </param>
          </params>
          <reporter-output>
          </reporter-output>
        </test-method> <!-- setup -->
        <test-method signature="SelectReact()[pri:9, instance:tests.ElementsTests@479460a6]" started-at="2025-09-11T17:18:49 IST" name="SelectReact" finished-at="2025-09-11T17:18:51 IST" duration-ms="2017" status="PASS">
          <reporter-output>
          </reporter-output>
        </test-method> <!-- SelectReact -->
        <test-method is-config="true" signature="tearDown(org.testng.ITestResult)[pri:0, instance:tests.ElementsTests@479460a6]" started-at="2025-09-11T17:18:51 IST" name="tearDown" finished-at="2025-09-11T17:18:51 IST" duration-ms="490" status="PASS">
          <params>
            <param index="0">
              <value>
                <![CDATA[[TestResult name=SelectReact status=SUCCESS method=ElementsTests.SelectReact()[pri:9, instance:tests.ElementsTests@479460a6] output={null}]]]>
              </value>
            </param>
          </params>
          <reporter-output>
          </reporter-output>
        </test-method> <!-- tearDown -->
        <test-method is-config="true" signature="setup(java.lang.reflect.Method)[pri:0, instance:tests.ElementsTests@479460a6]" started-at="2025-09-11T17:18:51 IST" name="setup" finished-at="2025-09-11T17:18:57 IST" duration-ms="5507" status="PASS">
          <params>
            <param index="0">
              <value>
                <![CDATA[public void tests.ElementsTests.SelectAngular()]]>
              </value>
            </param>
          </params>
          <reporter-output>
          </reporter-output>
        </test-method> <!-- setup -->
        <test-method signature="SelectAngular()[pri:10, instance:tests.ElementsTests@479460a6]" started-at="2025-09-11T17:18:57 IST" name="SelectAngular" finished-at="2025-09-11T17:18:59 IST" duration-ms="1961" status="PASS">
          <reporter-output>
          </reporter-output>
        </test-method> <!-- SelectAngular -->
        <test-method is-config="true" signature="tearDown(org.testng.ITestResult)[pri:0, instance:tests.ElementsTests@479460a6]" started-at="2025-09-11T17:18:59 IST" name="tearDown" finished-at="2025-09-11T17:18:59 IST" duration-ms="431" status="PASS">
          <params>
            <param index="0">
              <value>
                <![CDATA[[TestResult name=SelectAngular status=SUCCESS method=ElementsTests.SelectAngular()[pri:10, instance:tests.ElementsTests@479460a6] output={null}]]]>
              </value>
            </param>
          </params>
          <reporter-output>
          </reporter-output>
        </test-method> <!-- tearDown -->
        <test-method is-config="true" signature="setup(java.lang.reflect.Method)[pri:0, instance:tests.ElementsTests@479460a6]" started-at="2025-09-11T17:18:59 IST" name="setup" finished-at="2025-09-11T17:19:17 IST" duration-ms="18212" status="PASS">
          <params>
            <param index="0">
              <value>
                <![CDATA[public void tests.ElementsTests.SelectVeu()]]>
              </value>
            </param>
          </params>
          <reporter-output>
          </reporter-output>
        </test-method> <!-- setup -->
        <test-method signature="SelectVeu()[pri:11, instance:tests.ElementsTests@479460a6]" started-at="2025-09-11T17:19:17 IST" name="SelectVeu" finished-at="2025-09-11T17:19:19 IST" duration-ms="1414" status="PASS">
          <reporter-output>
          </reporter-output>
        </test-method> <!-- SelectVeu -->
        <test-method is-config="true" signature="tearDown(org.testng.ITestResult)[pri:0, instance:tests.ElementsTests@479460a6]" started-at="2025-09-11T17:19:19 IST" name="tearDown" finished-at="2025-09-11T17:19:19 IST" duration-ms="340" status="PASS">
          <params>
            <param index="0">
              <value>
                <![CDATA[[TestResult name=SelectVeu status=SUCCESS method=ElementsTests.SelectVeu()[pri:11, instance:tests.ElementsTests@479460a6] output={null}]]]>
              </value>
            </param>
          </params>
          <reporter-output>
          </reporter-output>
        </test-method> <!-- tearDown -->
        <test-method is-config="true" signature="setup(java.lang.reflect.Method)[pri:0, instance:tests.ElementsTests@479460a6]" started-at="2025-09-11T17:19:19 IST" name="setup" finished-at="2025-09-11T17:19:32 IST" duration-ms="13366" status="PASS">
          <params>
            <param index="0">
              <value>
                <![CDATA[public void tests.ElementsTests.SelectReactAnuglarVeu()]]>
              </value>
            </param>
          </params>
          <reporter-output>
          </reporter-output>
        </test-method> <!-- setup -->
        <test-method signature="SelectReactAnuglarVeu()[pri:12, instance:tests.ElementsTests@479460a6]" started-at="2025-09-11T17:19:32 IST" name="SelectReactAnuglarVeu" finished-at="2025-09-11T17:19:34 IST" duration-ms="1959" status="PASS">
          <reporter-output>
          </reporter-output>
        </test-method> <!-- SelectReactAnuglarVeu -->
        <test-method is-config="true" signature="tearDown(org.testng.ITestResult)[pri:0, instance:tests.ElementsTests@479460a6]" started-at="2025-09-11T17:19:34 IST" name="tearDown" finished-at="2025-09-11T17:19:35 IST" duration-ms="454" status="PASS">
          <params>
            <param index="0">
              <value>
                <![CDATA[[TestResult name=SelectReactAnuglarVeu status=SUCCESS method=ElementsTests.SelectReactAnuglarVeu()[pri:12, instance:tests.ElementsTests@479460a6] output={null}]]]>
              </value>
            </param>
          </params>
          <reporter-output>
          </reporter-output>
        </test-method> <!-- tearDown -->
        <test-method is-config="true" signature="setup(java.lang.reflect.Method)[pri:0, instance:tests.ElementsTests@479460a6]" started-at="2025-09-11T17:19:35 IST" name="setup" finished-at="2025-09-11T17:19:50 IST" duration-ms="15265" status="PASS">
          <params>
            <param index="0">
              <value>
                <![CDATA[public void tests.ElementsTests.SelectingOffice()]]>
              </value>
            </param>
          </params>
          <reporter-output>
          </reporter-output>
        </test-method> <!-- setup -->
        <test-method signature="SelectingOffice()[pri:13, instance:tests.ElementsTests@479460a6]" started-at="2025-09-11T17:19:50 IST" name="SelectingOffice" finished-at="2025-09-11T17:19:52 IST" duration-ms="1568" status="PASS">
          <reporter-output>
          </reporter-output>
        </test-method> <!-- SelectingOffice -->
        <test-method is-config="true" signature="tearDown(org.testng.ITestResult)[pri:0, instance:tests.ElementsTests@479460a6]" started-at="2025-09-11T17:19:52 IST" name="tearDown" finished-at="2025-09-11T17:19:52 IST" duration-ms="441" status="PASS">
          <params>
            <param index="0">
              <value>
                <![CDATA[[TestResult name=SelectingOffice status=SUCCESS method=ElementsTests.SelectingOffice()[pri:13, instance:tests.ElementsTests@479460a6] output={null}]]]>
              </value>
            </param>
          </params>
          <reporter-output>
          </reporter-output>
        </test-method> <!-- tearDown -->
        <test-method is-config="true" signature="setup(java.lang.reflect.Method)[pri:0, instance:tests.ElementsTests@479460a6]" started-at="2025-09-11T17:19:52 IST" name="setup" finished-at="2025-09-11T17:20:04 IST" duration-ms="11695" status="PASS">
          <params>
            <param index="0">
              <value>
                <![CDATA[public void tests.ElementsTests.SelectPublic()]]>
              </value>
            </param>
          </params>
          <reporter-output>
          </reporter-output>
        </test-method> <!-- setup -->
        <test-method signature="SelectPublic()[pri:14, instance:tests.ElementsTests@479460a6]" started-at="2025-09-11T17:20:04 IST" name="SelectPublic" finished-at="2025-09-11T17:20:06 IST" duration-ms="1875" status="PASS">
          <reporter-output>
          </reporter-output>
        </test-method> <!-- SelectPublic -->
        <test-method is-config="true" signature="tearDown(org.testng.ITestResult)[pri:0, instance:tests.ElementsTests@479460a6]" started-at="2025-09-11T17:20:06 IST" name="tearDown" finished-at="2025-09-11T17:20:06 IST" duration-ms="390" status="PASS">
          <params>
            <param index="0">
              <value>
                <![CDATA[[TestResult name=SelectPublic status=SUCCESS method=ElementsTests.SelectPublic()[pri:14, instance:tests.ElementsTests@479460a6] output={null}]]]>
              </value>
            </param>
          </params>
          <reporter-output>
          </reporter-output>
        </test-method> <!-- tearDown -->
        <test-method is-config="true" signature="setup(java.lang.reflect.Method)[pri:0, instance:tests.ElementsTests@479460a6]" started-at="2025-09-11T17:20:06 IST" name="setup" finished-at="2025-09-11T17:20:14 IST" duration-ms="7667" status="PASS">
          <params>
            <param index="0">
              <value>
                <![CDATA[public void tests.ElementsTests.SelectPrivate()]]>
              </value>
            </param>
          </params>
          <reporter-output>
          </reporter-output>
        </test-method> <!-- setup -->
        <test-method signature="SelectPrivate()[pri:15, instance:tests.ElementsTests@479460a6]" started-at="2025-09-11T17:20:14 IST" name="SelectPrivate" finished-at="2025-09-11T17:20:15 IST" duration-ms="1683" status="PASS">
          <reporter-output>
          </reporter-output>
        </test-method> <!-- SelectPrivate -->
        <test-method is-config="true" signature="tearDown(org.testng.ITestResult)[pri:0, instance:tests.ElementsTests@479460a6]" started-at="2025-09-11T17:20:15 IST" name="tearDown" finished-at="2025-09-11T17:20:16 IST" duration-ms="440" status="PASS">
          <params>
            <param index="0">
              <value>
                <![CDATA[[TestResult name=SelectPrivate status=SUCCESS method=ElementsTests.SelectPrivate()[pri:15, instance:tests.ElementsTests@479460a6] output={null}]]]>
              </value>
            </param>
          </params>
          <reporter-output>
          </reporter-output>
        </test-method> <!-- tearDown -->
        <test-method is-config="true" signature="setup(java.lang.reflect.Method)[pri:0, instance:tests.ElementsTests@479460a6]" started-at="2025-09-11T17:20:16 IST" name="setup" finished-at="2025-09-11T17:20:29 IST" duration-ms="13732" status="PASS">
          <params>
            <param index="0">
              <value>
                <![CDATA[public void tests.ElementsTests.SelectClassified()]]>
              </value>
            </param>
          </params>
          <reporter-output>
          </reporter-output>
        </test-method> <!-- setup -->
        <test-method signature="SelectClassified()[pri:16, instance:tests.ElementsTests@479460a6]" started-at="2025-09-11T17:20:29 IST" name="SelectClassified" finished-at="2025-09-11T17:20:31 IST" duration-ms="1707" status="PASS">
          <reporter-output>
          </reporter-output>
        </test-method> <!-- SelectClassified -->
        <test-method is-config="true" signature="tearDown(org.testng.ITestResult)[pri:0, instance:tests.ElementsTests@479460a6]" started-at="2025-09-11T17:20:31 IST" name="tearDown" finished-at="2025-09-11T17:20:32 IST" duration-ms="446" status="PASS">
          <params>
            <param index="0">
              <value>
                <![CDATA[[TestResult name=SelectClassified status=SUCCESS method=ElementsTests.SelectClassified()[pri:16, instance:tests.ElementsTests@479460a6] output={null}]]]>
              </value>
            </param>
          </params>
          <reporter-output>
          </reporter-output>
        </test-method> <!-- tearDown -->
        <test-method is-config="true" signature="setup(java.lang.reflect.Method)[pri:0, instance:tests.ElementsTests@479460a6]" started-at="2025-09-11T17:20:32 IST" name="setup" finished-at="2025-09-11T17:20:59 IST" duration-ms="27749" status="PASS">
          <params>
            <param index="0">
              <value>
                <![CDATA[public void tests.ElementsTests.SelectGeneral()]]>
              </value>
            </param>
          </params>
          <reporter-output>
          </reporter-output>
        </test-method> <!-- setup -->
        <test-method signature="SelectGeneral()[pri:17, instance:tests.ElementsTests@479460a6]" started-at="2025-09-11T17:20:59 IST" name="SelectGeneral" finished-at="2025-09-11T17:21:01 IST" duration-ms="1912" status="PASS">
          <reporter-output>
          </reporter-output>
        </test-method> <!-- SelectGeneral -->
        <test-method is-config="true" signature="tearDown(org.testng.ITestResult)[pri:0, instance:tests.ElementsTests@479460a6]" started-at="2025-09-11T17:21:01 IST" name="tearDown" finished-at="2025-09-11T17:21:02 IST" duration-ms="487" status="PASS">
          <params>
            <param index="0">
              <value>
                <![CDATA[[TestResult name=SelectGeneral status=SUCCESS method=ElementsTests.SelectGeneral()[pri:17, instance:tests.ElementsTests@479460a6] output={null}]]]>
              </value>
            </param>
          </params>
          <reporter-output>
          </reporter-output>
        </test-method> <!-- tearDown -->
        <test-method is-config="true" signature="setup(java.lang.reflect.Method)[pri:0, instance:tests.ElementsTests@479460a6]" started-at="2025-09-11T17:21:02 IST" name="setup" finished-at="2025-09-11T17:21:08 IST" duration-ms="6133" status="PASS">
          <params>
            <param index="0">
              <value>
                <![CDATA[public void tests.ElementsTests.SelectOfficeAll()]]>
              </value>
            </param>
          </params>
          <reporter-output>
          </reporter-output>
        </test-method> <!-- setup -->
        <test-method signature="SelectOfficeAll()[pri:18, instance:tests.ElementsTests@479460a6]" started-at="2025-09-11T17:21:08 IST" name="SelectOfficeAll" finished-at="2025-09-11T17:21:10 IST" duration-ms="2609" status="PASS">
          <reporter-output>
          </reporter-output>
        </test-method> <!-- SelectOfficeAll -->
        <test-method is-config="true" signature="tearDown(org.testng.ITestResult)[pri:0, instance:tests.ElementsTests@479460a6]" started-at="2025-09-11T17:21:10 IST" name="tearDown" finished-at="2025-09-11T17:28:07 IST" duration-ms="416667" status="PASS">
          <params>
            <param index="0">
              <value>
                <![CDATA[[TestResult name=SelectOfficeAll status=SUCCESS method=ElementsTests.SelectOfficeAll()[pri:18, instance:tests.ElementsTests@479460a6] output={null}]]]>
              </value>
            </param>
          </params>
          <reporter-output>
          </reporter-output>
        </test-method> <!-- tearDown -->
        <test-method is-config="true" signature="setup(java.lang.reflect.Method)[pri:0, instance:tests.ElementsTests@479460a6]" started-at="2025-09-11T17:28:07 IST" name="setup" finished-at="2025-09-11T17:28:14 IST" duration-ms="6407" status="PASS">
          <params>
            <param index="0">
              <value>
                <![CDATA[public void tests.ElementsTests.SelectingDownloads()]]>
              </value>
            </param>
          </params>
          <reporter-output>
          </reporter-output>
        </test-method> <!-- setup -->
        <test-method signature="SelectingDownloads()[pri:19, instance:tests.ElementsTests@479460a6]" started-at="2025-09-11T17:28:14 IST" name="SelectingDownloads" finished-at="2025-09-11T17:28:15 IST" duration-ms="1346" status="PASS">
          <reporter-output>
          </reporter-output>
        </test-method> <!-- SelectingDownloads -->
        <test-method is-config="true" signature="tearDown(org.testng.ITestResult)[pri:0, instance:tests.ElementsTests@479460a6]" started-at="2025-09-11T17:28:15 IST" name="tearDown" finished-at="2025-09-11T17:28:15 IST" duration-ms="434" status="PASS">
          <params>
            <param index="0">
              <value>
                <![CDATA[[TestResult name=SelectingDownloads status=SUCCESS method=ElementsTests.SelectingDownloads()[pri:19, instance:tests.ElementsTests@479460a6] output={null}]]]>
              </value>
            </param>
          </params>
          <reporter-output>
          </reporter-output>
        </test-method> <!-- tearDown -->
        <test-method is-config="true" signature="setup(java.lang.reflect.Method)[pri:0, instance:tests.ElementsTests@479460a6]" started-at="2025-09-11T17:28:15 IST" name="setup" finished-at="2025-09-11T17:28:21 IST" duration-ms="5811" status="PASS">
          <params>
            <param index="0">
              <value>
                <![CDATA[public void tests.ElementsTests.SelectingWordFile()]]>
              </value>
            </param>
          </params>
          <reporter-output>
          </reporter-output>
        </test-method> <!-- setup -->
        <test-method signature="SelectingWordFile()[pri:20, instance:tests.ElementsTests@479460a6]" started-at="2025-09-11T17:28:21 IST" name="SelectingWordFile" finished-at="2025-09-11T17:28:23 IST" duration-ms="1495" status="PASS">
          <reporter-output>
          </reporter-output>
        </test-method> <!-- SelectingWordFile -->
        <test-method is-config="true" signature="tearDown(org.testng.ITestResult)[pri:0, instance:tests.ElementsTests@479460a6]" started-at="2025-09-11T17:28:23 IST" name="tearDown" finished-at="2025-09-11T17:28:23 IST" duration-ms="417" status="PASS">
          <params>
            <param index="0">
              <value>
                <![CDATA[[TestResult name=SelectingWordFile status=SUCCESS method=ElementsTests.SelectingWordFile()[pri:20, instance:tests.ElementsTests@479460a6] output={null}]]]>
              </value>
            </param>
          </params>
          <reporter-output>
          </reporter-output>
        </test-method> <!-- tearDown -->
        <test-method is-config="true" signature="setup(java.lang.reflect.Method)[pri:0, instance:tests.ElementsTests@479460a6]" started-at="2025-09-11T17:28:23 IST" name="setup" finished-at="2025-09-11T17:28:40 IST" duration-ms="16825" status="PASS">
          <params>
            <param index="0">
              <value>
                <![CDATA[public void tests.ElementsTests.SelectingExcelFile()]]>
              </value>
            </param>
          </params>
          <reporter-output>
          </reporter-output>
        </test-method> <!-- setup -->
        <test-method signature="SelectingExcelFile()[pri:21, instance:tests.ElementsTests@479460a6]" started-at="2025-09-11T17:28:40 IST" name="SelectingExcelFile" finished-at="2025-09-11T17:28:41 IST" duration-ms="1550" status="PASS">
          <reporter-output>
          </reporter-output>
        </test-method> <!-- SelectingExcelFile -->
        <test-method is-config="true" signature="tearDown(org.testng.ITestResult)[pri:0, instance:tests.ElementsTests@479460a6]" started-at="2025-09-11T17:28:41 IST" name="tearDown" finished-at="2025-09-11T17:28:42 IST" duration-ms="387" status="PASS">
          <params>
            <param index="0">
              <value>
                <![CDATA[[TestResult name=SelectingExcelFile status=SUCCESS method=ElementsTests.SelectingExcelFile()[pri:21, instance:tests.ElementsTests@479460a6] output={null}]]]>
              </value>
            </param>
          </params>
          <reporter-output>
          </reporter-output>
        </test-method> <!-- tearDown -->
        <test-method is-config="true" signature="setup(java.lang.reflect.Method)[pri:0, instance:tests.ElementsTests@479460a6]" started-at="2025-09-11T17:28:42 IST" name="setup" finished-at="2025-09-11T17:28:50 IST" duration-ms="7743" status="PASS">
          <params>
            <param index="0">
              <value>
                <![CDATA[public void tests.ElementsTests.SelectingAllFiles()]]>
              </value>
            </param>
          </params>
          <reporter-output>
          </reporter-output>
        </test-method> <!-- setup -->
        <test-method signature="SelectingAllFiles()[pri:22, instance:tests.ElementsTests@479460a6]" started-at="2025-09-11T17:28:50 IST" name="SelectingAllFiles" finished-at="2025-09-11T17:28:51 IST" duration-ms="1861" status="PASS">
          <reporter-output>
          </reporter-output>
        </test-method> <!-- SelectingAllFiles -->
        <test-method is-config="true" signature="tearDown(org.testng.ITestResult)[pri:0, instance:tests.ElementsTests@479460a6]" started-at="2025-09-11T17:28:51 IST" name="tearDown" finished-at="2025-09-11T17:28:52 IST" duration-ms="450" status="PASS">
          <params>
            <param index="0">
              <value>
                <![CDATA[[TestResult name=SelectingAllFiles status=SUCCESS method=ElementsTests.SelectingAllFiles()[pri:22, instance:tests.ElementsTests@479460a6] output={null}]]]>
              </value>
            </param>
          </params>
          <reporter-output>
          </reporter-output>
        </test-method> <!-- tearDown -->
        <test-method is-config="true" signature="setup(java.lang.reflect.Method)[pri:0, instance:tests.ElementsTests@479460a6]" started-at="2025-09-11T17:28:52 IST" name="setup" finished-at="2025-09-11T17:29:08 IST" duration-ms="16064" status="PASS">
          <params>
            <param index="0">
              <value>
                <![CDATA[public void tests.ElementsTests.clickRadioButton()]]>
              </value>
            </param>
          </params>
          <reporter-output>
          </reporter-output>
        </test-method> <!-- setup -->
        <test-method signature="clickRadioButton()[pri:23, instance:tests.ElementsTests@479460a6]" started-at="2025-09-11T17:29:08 IST" name="clickRadioButton" finished-at="2025-09-11T17:29:09 IST" duration-ms="984" status="PASS">
          <reporter-output>
          </reporter-output>
        </test-method> <!-- clickRadioButton -->
        <test-method is-config="true" signature="tearDown(org.testng.ITestResult)[pri:0, instance:tests.ElementsTests@479460a6]" started-at="2025-09-11T17:29:09 IST" name="tearDown" finished-at="2025-09-11T17:29:09 IST" duration-ms="523" status="PASS">
          <params>
            <param index="0">
              <value>
                <![CDATA[[TestResult name=clickRadioButton status=SUCCESS method=ElementsTests.clickRadioButton()[pri:23, instance:tests.ElementsTests@479460a6] output={null}]]]>
              </value>
            </param>
          </params>
          <reporter-output>
          </reporter-output>
        </test-method> <!-- tearDown -->
        <test-method is-config="true" signature="setup(java.lang.reflect.Method)[pri:0, instance:tests.ElementsTests@479460a6]" started-at="2025-09-11T17:29:09 IST" name="setup" finished-at="2025-09-11T17:29:16 IST" duration-ms="6626" status="PASS">
          <params>
            <param index="0">
              <value>
                <![CDATA[public void tests.ElementsTests.SelectYesRadioButton()]]>
              </value>
            </param>
          </params>
          <reporter-output>
          </reporter-output>
        </test-method> <!-- setup -->
        <test-method signature="SelectYesRadioButton()[pri:24, instance:tests.ElementsTests@479460a6]" started-at="2025-09-11T17:29:16 IST" name="SelectYesRadioButton" finished-at="2025-09-11T17:29:18 IST" duration-ms="1522" status="PASS">
          <reporter-output>
          </reporter-output>
        </test-method> <!-- SelectYesRadioButton -->
        <test-method is-config="true" signature="tearDown(org.testng.ITestResult)[pri:0, instance:tests.ElementsTests@479460a6]" started-at="2025-09-11T17:29:18 IST" name="tearDown" finished-at="2025-09-11T17:29:18 IST" duration-ms="560" status="PASS">
          <params>
            <param index="0">
              <value>
                <![CDATA[[TestResult name=SelectYesRadioButton status=SUCCESS method=ElementsTests.SelectYesRadioButton()[pri:24, instance:tests.ElementsTests@479460a6] output={null}]]]>
              </value>
            </param>
          </params>
          <reporter-output>
          </reporter-output>
        </test-method> <!-- tearDown -->
        <test-method is-config="true" signature="setup(java.lang.reflect.Method)[pri:0, instance:tests.ElementsTests@479460a6]" started-at="2025-09-11T17:29:18 IST" name="setup" finished-at="2025-09-11T17:29:30 IST" duration-ms="11550" status="PASS">
          <params>
            <param index="0">
              <value>
                <![CDATA[public void tests.ElementsTests.SelectImpressiveRadioButton()]]>
              </value>
            </param>
          </params>
          <reporter-output>
          </reporter-output>
        </test-method> <!-- setup -->
        <test-method signature="SelectImpressiveRadioButton()[pri:25, instance:tests.ElementsTests@479460a6]" started-at="2025-09-11T17:29:30 IST" name="SelectImpressiveRadioButton" finished-at="2025-09-11T17:29:31 IST" duration-ms="1603" status="PASS">
          <reporter-output>
          </reporter-output>
        </test-method> <!-- SelectImpressiveRadioButton -->
        <test-method is-config="true" signature="tearDown(org.testng.ITestResult)[pri:0, instance:tests.ElementsTests@479460a6]" started-at="2025-09-11T17:29:31 IST" name="tearDown" finished-at="2025-09-11T17:29:32 IST" duration-ms="532" status="PASS">
          <params>
            <param index="0">
              <value>
                <![CDATA[[TestResult name=SelectImpressiveRadioButton status=SUCCESS method=ElementsTests.SelectImpressiveRadioButton()[pri:25, instance:tests.ElementsTests@479460a6] output={null}]]]>
              </value>
            </param>
          </params>
          <reporter-output>
          </reporter-output>
        </test-method> <!-- tearDown -->
        <test-method is-config="true" signature="setup(java.lang.reflect.Method)[pri:0, instance:tests.ElementsTests@479460a6]" started-at="2025-09-11T17:29:32 IST" name="setup" finished-at="2025-09-11T17:29:38 IST" duration-ms="5968" status="PASS">
          <params>
            <param index="0">
              <value>
                <![CDATA[public void tests.ElementsTests.WebTablesClick()]]>
              </value>
            </param>
          </params>
          <reporter-output>
          </reporter-output>
        </test-method> <!-- setup -->
        <test-method signature="WebTablesClick()[pri:26, instance:tests.ElementsTests@479460a6]" started-at="2025-09-11T17:29:38 IST" name="WebTablesClick" finished-at="2025-09-11T17:29:39 IST" duration-ms="1014" status="PASS">
          <reporter-output>
          </reporter-output>
        </test-method> <!-- WebTablesClick -->
        <test-method is-config="true" signature="tearDown(org.testng.ITestResult)[pri:0, instance:tests.ElementsTests@479460a6]" started-at="2025-09-11T17:29:39 IST" name="tearDown" finished-at="2025-09-11T17:29:39 IST" duration-ms="279" status="PASS">
          <params>
            <param index="0">
              <value>
                <![CDATA[[TestResult name=WebTablesClick status=SUCCESS method=ElementsTests.WebTablesClick()[pri:26, instance:tests.ElementsTests@479460a6] output={null}]]]>
              </value>
            </param>
          </params>
          <reporter-output>
          </reporter-output>
        </test-method> <!-- tearDown -->
        <test-method is-config="true" signature="setup(java.lang.reflect.Method)[pri:0, instance:tests.ElementsTests@479460a6]" started-at="2025-09-11T17:29:39 IST" name="setup" finished-at="2025-09-11T17:29:53 IST" duration-ms="13754" status="PASS">
          <params>
            <param index="0">
              <value>
                <![CDATA[public void tests.ElementsTests.webTableNewRegistration(models.WebTableUser)]]>
              </value>
            </param>
          </params>
          <reporter-output>
          </reporter-output>
        </test-method> <!-- setup -->
        <test-method signature="webTableNewRegistration(models.WebTableUser)[pri:27, instance:tests.ElementsTests@479460a6]" started-at="2025-09-11T17:29:53 IST" name="webTableNewRegistration" data-provider="WebTableUserData" finished-at="2025-09-11T17:29:56 IST" duration-ms="3402" status="PASS">
          <params>
            <param index="0">
              <value>
                <![CDATA[WebTableUser{firstName='Johny', lastName='Bravo', email='Jbravo@demoqa.com', salary=280000, age=340, department='Information Technology'}]]>
              </value>
            </param>
          </params>
          <reporter-output>
          </reporter-output>
        </test-method> <!-- webTableNewRegistration -->
        <test-method is-config="true" signature="tearDown(org.testng.ITestResult)[pri:0, instance:tests.ElementsTests@479460a6]" started-at="2025-09-11T17:29:56 IST" name="tearDown" finished-at="2025-09-11T17:29:57 IST" duration-ms="417" status="PASS">
          <params>
            <param index="0">
              <value>
                <![CDATA[[TestResult name=webTableNewRegistration status=SUCCESS method=ElementsTests.webTableNewRegistration(models.WebTableUser)[pri:27, instance:tests.ElementsTests@479460a6] output={null}]]]>
              </value>
            </param>
          </params>
          <reporter-output>
          </reporter-output>
        </test-method> <!-- tearDown -->
        <test-method is-config="true" signature="setup(java.lang.reflect.Method)[pri:0, instance:tests.ElementsTests@479460a6]" started-at="2025-09-11T17:29:57 IST" name="setup" finished-at="2025-09-11T17:30:05 IST" duration-ms="8247" status="PASS">
          <params>
            <param index="0">
              <value>
                <![CDATA[public void tests.ElementsTests.webTableNewRegistration(models.WebTableUser)]]>
              </value>
            </param>
          </params>
          <reporter-output>
          </reporter-output>
        </test-method> <!-- setup -->
        <test-method signature="webTableNewRegistration(models.WebTableUser)[pri:27, instance:tests.ElementsTests@479460a6]" started-at="2025-09-11T17:30:05 IST" name="webTableNewRegistration" data-provider="WebTableUserData" finished-at="2025-09-11T17:30:08 IST" duration-ms="2977" status="PASS">
          <params>
            <param index="0">
              <value>
                <![CDATA[WebTableUser{firstName='Gene', lastName='Femina', email='GFemina@demoqa.com', salary=180000, age=300, department='Finance'}]]>
              </value>
            </param>
          </params>
          <reporter-output>
          </reporter-output>
        </test-method> <!-- webTableNewRegistration -->
        <test-method is-config="true" signature="tearDown(org.testng.ITestResult)[pri:0, instance:tests.ElementsTests@479460a6]" started-at="2025-09-11T17:30:08 IST" name="tearDown" finished-at="2025-09-11T17:30:08 IST" duration-ms="362" status="PASS">
          <params>
            <param index="0">
              <value>
                <![CDATA[[TestResult name=webTableNewRegistration status=SUCCESS method=ElementsTests.webTableNewRegistration(models.WebTableUser)[pri:27, instance:tests.ElementsTests@479460a6] output={null}]]]>
              </value>
            </param>
          </params>
          <reporter-output>
          </reporter-output>
        </test-method> <!-- tearDown -->
        <test-method is-config="true" signature="setup(java.lang.reflect.Method)[pri:0, instance:tests.ElementsTests@479460a6]" started-at="2025-09-11T17:30:08 IST" name="setup" finished-at="2025-09-11T17:30:26 IST" duration-ms="17641" status="PASS">
          <params>
            <param index="0">
              <value>
                <![CDATA[public void tests.ElementsTests.webTableNewRegistration(models.WebTableUser)]]>
              </value>
            </param>
          </params>
          <reporter-output>
          </reporter-output>
        </test-method> <!-- setup -->
        <test-method signature="webTableNewRegistration(models.WebTableUser)[pri:27, instance:tests.ElementsTests@479460a6]" started-at="2025-09-11T17:30:26 IST" name="webTableNewRegistration" data-provider="WebTableUserData" finished-at="2025-09-11T17:30:29 IST" duration-ms="3185" status="PASS">
          <params>
            <param index="0">
              <value>
                <![CDATA[WebTableUser{firstName='Bud', lastName='Wisem', email='BWisem@demoqa.com', salary=150000, age=400, department='Medicine'}]]>
              </value>
            </param>
          </params>
          <reporter-output>
          </reporter-output>
        </test-method> <!-- webTableNewRegistration -->
        <test-method is-config="true" signature="tearDown(org.testng.ITestResult)[pri:0, instance:tests.ElementsTests@479460a6]" started-at="2025-09-11T17:30:29 IST" name="tearDown" finished-at="2025-09-11T17:30:30 IST" duration-ms="398" status="PASS">
          <params>
            <param index="0">
              <value>
                <![CDATA[[TestResult name=webTableNewRegistration status=SUCCESS method=ElementsTests.webTableNewRegistration(models.WebTableUser)[pri:27, instance:tests.ElementsTests@479460a6] output={null}]]]>
              </value>
            </param>
          </params>
          <reporter-output>
          </reporter-output>
        </test-method> <!-- tearDown -->
        <test-method is-config="true" signature="setup(java.lang.reflect.Method)[pri:0, instance:tests.ElementsTests@479460a6]" started-at="2025-09-11T17:30:30 IST" name="setup" finished-at="2025-09-11T17:31:03 IST" duration-ms="33530" status="PASS">
          <params>
            <param index="0">
              <value>
                <![CDATA[public void tests.ElementsTests.webTableNewRegistration(models.WebTableUser)]]>
              </value>
            </param>
          </params>
          <reporter-output>
          </reporter-output>
        </test-method> <!-- setup -->
        <test-method signature="webTableNewRegistration(models.WebTableUser)[pri:27, instance:tests.ElementsTests@479460a6]" started-at="2025-09-11T17:31:03 IST" name="webTableNewRegistration" data-provider="WebTableUserData" finished-at="2025-09-11T17:31:07 IST" duration-ms="3607" status="PASS">
          <params>
            <param index="0">
              <value>
                <![CDATA[WebTableUser{firstName='Tom', lastName='Boss', email='TBoss@demoqa.com', salary=190000, age=420, department='Recreation'}]]>
              </value>
            </param>
          </params>
          <reporter-output>
          </reporter-output>
        </test-method> <!-- webTableNewRegistration -->
        <test-method is-config="true" signature="tearDown(org.testng.ITestResult)[pri:0, instance:tests.ElementsTests@479460a6]" started-at="2025-09-11T17:31:07 IST" name="tearDown" finished-at="2025-09-11T17:31:07 IST" duration-ms="397" status="PASS">
          <params>
            <param index="0">
              <value>
                <![CDATA[[TestResult name=webTableNewRegistration status=SUCCESS method=ElementsTests.webTableNewRegistration(models.WebTableUser)[pri:27, instance:tests.ElementsTests@479460a6] output={null}]]]>
              </value>
            </param>
          </params>
          <reporter-output>
          </reporter-output>
        </test-method> <!-- tearDown -->
        <test-method is-config="true" signature="setup(java.lang.reflect.Method)[pri:0, instance:tests.ElementsTests@479460a6]" started-at="2025-09-11T17:31:07 IST" name="setup" finished-at="2025-09-11T17:31:13 IST" duration-ms="6194" status="PASS">
          <params>
            <param index="0">
              <value>
                <![CDATA[public void tests.ElementsTests.webTableAddSearch(models.WebTableUser)]]>
              </value>
            </param>
          </params>
          <reporter-output>
          </reporter-output>
        </test-method> <!-- setup -->
        <test-method signature="webTableAddSearch(models.WebTableUser)[pri:28, instance:tests.ElementsTests@479460a6]" started-at="2025-09-11T17:31:13 IST" name="webTableAddSearch" data-provider="WTFormDataEdit" finished-at="2025-09-11T17:31:17 IST" duration-ms="3875" status="PASS">
          <params>
            <param index="0">
              <value>
                <![CDATA[WebTableUser{firstName='Johny', lastName='Bravo', email='Jbravo@demoqa.com', salary=280000, age=340, department='Information Technology'}]]>
              </value>
            </param>
          </params>
          <reporter-output>
          </reporter-output>
        </test-method> <!-- webTableAddSearch -->
        <test-method is-config="true" signature="tearDown(org.testng.ITestResult)[pri:0, instance:tests.ElementsTests@479460a6]" started-at="2025-09-11T17:31:17 IST" name="tearDown" finished-at="2025-09-11T17:31:18 IST" duration-ms="491" status="PASS">
          <params>
            <param index="0">
              <value>
                <![CDATA[[TestResult name=webTableAddSearch status=SUCCESS method=ElementsTests.webTableAddSearch(models.WebTableUser)[pri:28, instance:tests.ElementsTests@479460a6] output={null}]]]>
              </value>
            </param>
          </params>
          <reporter-output>
          </reporter-output>
        </test-method> <!-- tearDown -->
        <test-method is-config="true" signature="setup(java.lang.reflect.Method)[pri:0, instance:tests.ElementsTests@479460a6]" started-at="2025-09-11T17:31:18 IST" name="setup" finished-at="2025-09-11T17:31:27 IST" duration-ms="9034" status="PASS">
          <params>
            <param index="0">
              <value>
                <![CDATA[public void tests.ElementsTests.webTableAddEditFirstName(models.WebTableUser)]]>
              </value>
            </param>
          </params>
          <reporter-output>
          </reporter-output>
        </test-method> <!-- setup -->
        <test-method signature="webTableAddEditFirstName(models.WebTableUser)[pri:29, instance:tests.ElementsTests@479460a6]" started-at="2025-09-11T17:31:27 IST" name="webTableAddEditFirstName" data-provider="WTFormDataEdit" finished-at="2025-09-11T17:31:32 IST" duration-ms="5265" status="PASS">
          <params>
            <param index="0">
              <value>
                <![CDATA[WebTableUser{firstName='Tonny', lastName='Bravo', email='Jbravo@demoqa.com', salary=280000, age=340, department='Information Technology'}]]>
              </value>
            </param>
          </params>
          <reporter-output>
          </reporter-output>
        </test-method> <!-- webTableAddEditFirstName -->
        <test-method is-config="true" signature="tearDown(org.testng.ITestResult)[pri:0, instance:tests.ElementsTests@479460a6]" started-at="2025-09-11T17:31:32 IST" name="tearDown" finished-at="2025-09-11T17:31:33 IST" duration-ms="378" status="PASS">
          <params>
            <param index="0">
              <value>
                <![CDATA[[TestResult name=webTableAddEditFirstName status=SUCCESS method=ElementsTests.webTableAddEditFirstName(models.WebTableUser)[pri:29, instance:tests.ElementsTests@479460a6] output={null}]]]>
              </value>
            </param>
          </params>
          <reporter-output>
          </reporter-output>
        </test-method> <!-- tearDown -->
        <test-method is-config="true" signature="setup(java.lang.reflect.Method)[pri:0, instance:tests.ElementsTests@479460a6]" started-at="2025-09-11T17:31:33 IST" name="setup" finished-at="2025-09-11T17:31:39 IST" duration-ms="6066" status="PASS">
          <params>
            <param index="0">
              <value>
                <![CDATA[public void tests.ElementsTests.webTableAddSearchEdit(models.WebTableUser)]]>
              </value>
            </param>
          </params>
          <reporter-output>
          </reporter-output>
        </test-method> <!-- setup -->
        <test-method signature="webTableAddSearchEdit(models.WebTableUser)[pri:30, instance:tests.ElementsTests@479460a6]" started-at="2025-09-11T17:31:39 IST" name="webTableAddSearchEdit" data-provider="WTFormDataEdit" finished-at="2025-09-11T17:31:45 IST" duration-ms="5940" status="PASS">
          <params>
            <param index="0">
              <value>
                <![CDATA[WebTableUser{firstName='Tonny', lastName='Bravo', email='Jbravo@demoqa.com', salary=280000, age=340, department='Information Technology'}]]>
              </value>
            </param>
          </params>
          <reporter-output>
          </reporter-output>
        </test-method> <!-- webTableAddSearchEdit -->
        <test-method is-config="true" signature="tearDown(org.testng.ITestResult)[pri:0, instance:tests.ElementsTests@479460a6]" started-at="2025-09-11T17:31:45 IST" name="tearDown" finished-at="2025-09-11T17:31:45 IST" duration-ms="385" status="PASS">
          <params>
            <param index="0">
              <value>
                <![CDATA[[TestResult name=webTableAddSearchEdit status=SUCCESS method=ElementsTests.webTableAddSearchEdit(models.WebTableUser)[pri:30, instance:tests.ElementsTests@479460a6] output={null}]]]>
              </value>
            </param>
          </params>
          <reporter-output>
          </reporter-output>
        </test-method> <!-- tearDown -->
        <test-method is-config="true" signature="setup(java.lang.reflect.Method)[pri:0, instance:tests.ElementsTests@479460a6]" started-at="2025-09-11T17:31:45 IST" name="setup" finished-at="2025-09-11T17:32:04 IST" duration-ms="18494" status="PASS">
          <params>
            <param index="0">
              <value>
                <![CDATA[public void tests.ElementsTests.webTableDeleteUser(models.WebTableUser)]]>
              </value>
            </param>
          </params>
          <reporter-output>
          </reporter-output>
        </test-method> <!-- setup -->
        <test-method signature="webTableDeleteUser(models.WebTableUser)[pri:31, instance:tests.ElementsTests@479460a6]" started-at="2025-09-11T17:32:04 IST" name="webTableDeleteUser" data-provider="WTFormDataEdit" finished-at="2025-09-11T17:32:07 IST" duration-ms="3659" status="PASS">
          <params>
            <param index="0">
              <value>
                <![CDATA[WebTableUser{firstName='Johny', lastName='Bravo', email='Jbravo@demoqa.com', salary=280000, age=340, department='Information Technology'}]]>
              </value>
            </param>
          </params>
          <reporter-output>
          </reporter-output>
        </test-method> <!-- webTableDeleteUser -->
        <test-method is-config="true" signature="tearDown(org.testng.ITestResult)[pri:0, instance:tests.ElementsTests@479460a6]" started-at="2025-09-11T17:32:07 IST" name="tearDown" finished-at="2025-09-11T17:32:08 IST" duration-ms="372" status="PASS">
          <params>
            <param index="0">
              <value>
                <![CDATA[[TestResult name=webTableDeleteUser status=SUCCESS method=ElementsTests.webTableDeleteUser(models.WebTableUser)[pri:31, instance:tests.ElementsTests@479460a6] output={null}]]]>
              </value>
            </param>
          </params>
          <reporter-output>
          </reporter-output>
        </test-method> <!-- tearDown -->
        <test-method is-config="true" signature="setup(java.lang.reflect.Method)[pri:0, instance:tests.ElementsTests@479460a6]" started-at="2025-09-11T17:32:08 IST" name="setup" finished-at="2025-09-11T17:32:23 IST" duration-ms="15285" status="PASS">
          <params>
            <param index="0">
              <value>
                <![CDATA[public void tests.ElementsTests.testAddAllUsersFromExcel() throws java.io.IOException]]>
              </value>
            </param>
          </params>
          <reporter-output>
          </reporter-output>
        </test-method> <!-- setup -->
        <test-method signature="testAddAllUsersFromExcel()[pri:32, instance:tests.ElementsTests@479460a6]" started-at="2025-09-11T17:32:23 IST" name="testAddAllUsersFromExcel" finished-at="2025-09-11T17:32:33 IST" duration-ms="10171" status="PASS">
          <reporter-output>
          </reporter-output>
        </test-method> <!-- testAddAllUsersFromExcel -->
        <test-method is-config="true" signature="tearDown(org.testng.ITestResult)[pri:0, instance:tests.ElementsTests@479460a6]" started-at="2025-09-11T17:32:33 IST" name="tearDown" finished-at="2025-09-11T17:32:34 IST" duration-ms="714" status="PASS">
          <params>
            <param index="0">
              <value>
                <![CDATA[[TestResult name=testAddAllUsersFromExcel status=SUCCESS method=ElementsTests.testAddAllUsersFromExcel()[pri:32, instance:tests.ElementsTests@479460a6] output={null}]]]>
              </value>
            </param>
          </params>
          <reporter-output>
          </reporter-output>
        </test-method> <!-- tearDown -->
        <test-method is-config="true" signature="setup(java.lang.reflect.Method)[pri:0, instance:tests.ElementsTests@479460a6]" started-at="2025-09-11T17:32:34 IST" name="setup" finished-at="2025-09-11T17:32:47 IST" duration-ms="13633" status="PASS">
          <params>
            <param index="0">
              <value>
                <![CDATA[public void tests.ElementsTests.testAddAllUsersSearchEdit() throws java.io.IOException]]>
              </value>
            </param>
          </params>
          <reporter-output>
          </reporter-output>
        </test-method> <!-- setup -->
        <test-method signature="testAddAllUsersSearchEdit()[pri:33, instance:tests.ElementsTests@479460a6]" started-at="2025-09-11T17:32:47 IST" name="testAddAllUsersSearchEdit" finished-at="2025-09-11T17:32:58 IST" duration-ms="10300" status="PASS">
          <reporter-output>
          </reporter-output>
        </test-method> <!-- testAddAllUsersSearchEdit -->
        <test-method is-config="true" signature="tearDown(org.testng.ITestResult)[pri:0, instance:tests.ElementsTests@479460a6]" started-at="2025-09-11T17:32:58 IST" name="tearDown" finished-at="2025-09-11T17:32:58 IST" duration-ms="334" status="PASS">
          <params>
            <param index="0">
              <value>
                <![CDATA[[TestResult name=testAddAllUsersSearchEdit status=SUCCESS method=ElementsTests.testAddAllUsersSearchEdit()[pri:33, instance:tests.ElementsTests@479460a6] output={null}]]]>
              </value>
            </param>
          </params>
          <reporter-output>
          </reporter-output>
        </test-method> <!-- tearDown -->
        <test-method is-config="true" signature="setup(java.lang.reflect.Method)[pri:0, instance:tests.ElementsTests@479460a6]" started-at="2025-09-11T17:32:58 IST" name="setup" finished-at="2025-09-11T17:33:05 IST" duration-ms="6539" status="PASS">
          <params>
            <param index="0">
              <value>
                <![CDATA[public void tests.ElementsTests.EditSalaryDepartment() throws java.io.IOException]]>
              </value>
            </param>
          </params>
          <reporter-output>
          </reporter-output>
        </test-method> <!-- setup -->
        <test-method signature="EditSalaryDepartment()[pri:34, instance:tests.ElementsTests@479460a6]" started-at="2025-09-11T17:33:05 IST" name="EditSalaryDepartment" finished-at="2025-09-11T17:33:22 IST" duration-ms="17343" status="PASS">
          <reporter-output>
          </reporter-output>
        </test-method> <!-- EditSalaryDepartment -->
        <test-method is-config="true" signature="tearDown(org.testng.ITestResult)[pri:0, instance:tests.ElementsTests@479460a6]" started-at="2025-09-11T17:33:22 IST" name="tearDown" finished-at="2025-09-11T17:33:22 IST" duration-ms="389" status="PASS">
          <params>
            <param index="0">
              <value>
                <![CDATA[[TestResult name=EditSalaryDepartment status=SUCCESS method=ElementsTests.EditSalaryDepartment()[pri:34, instance:tests.ElementsTests@479460a6] output={null}]]]>
              </value>
            </param>
          </params>
          <reporter-output>
          </reporter-output>
        </test-method> <!-- tearDown -->
        <test-method is-config="true" signature="setup(java.lang.reflect.Method)[pri:0, instance:tests.ElementsTests@479460a6]" started-at="2025-09-11T17:33:22 IST" name="setup" finished-at="2025-09-11T17:33:30 IST" duration-ms="8227" status="PASS">
          <params>
            <param index="0">
              <value>
                <![CDATA[public void tests.ElementsTests.Buttons()]]>
              </value>
            </param>
          </params>
          <reporter-output>
          </reporter-output>
        </test-method> <!-- setup -->
        <test-method signature="Buttons()[pri:35, instance:tests.ElementsTests@479460a6]" started-at="2025-09-11T17:33:30 IST" name="Buttons" finished-at="2025-09-11T17:33:31 IST" duration-ms="1020" status="PASS">
          <reporter-output>
          </reporter-output>
        </test-method> <!-- Buttons -->
        <test-method is-config="true" signature="tearDown(org.testng.ITestResult)[pri:0, instance:tests.ElementsTests@479460a6]" started-at="2025-09-11T17:33:31 IST" name="tearDown" finished-at="2025-09-11T17:45:43 IST" duration-ms="731077" status="PASS">
          <params>
            <param index="0">
              <value>
                <![CDATA[[TestResult name=Buttons status=SUCCESS method=ElementsTests.Buttons()[pri:35, instance:tests.ElementsTests@479460a6] output={null}]]]>
              </value>
            </param>
          </params>
          <reporter-output>
          </reporter-output>
        </test-method> <!-- tearDown -->
        <test-method is-config="true" signature="setup(java.lang.reflect.Method)[pri:0, instance:tests.ElementsTests@479460a6]" started-at="2025-09-11T17:45:43 IST" name="setup" finished-at="2025-09-11T17:45:49 IST" duration-ms="6267" status="PASS">
          <params>
            <param index="0">
              <value>
                <![CDATA[public void tests.ElementsTests.DoubleClickButtons()]]>
              </value>
            </param>
          </params>
          <reporter-output>
          </reporter-output>
        </test-method> <!-- setup -->
        <test-method signature="DoubleClickButtons()[pri:36, instance:tests.ElementsTests@479460a6]" started-at="2025-09-11T17:45:49 IST" name="DoubleClickButtons" finished-at="2025-09-11T17:45:51 IST" duration-ms="2439" status="PASS">
          <reporter-output>
          </reporter-output>
        </test-method> <!-- DoubleClickButtons -->
        <test-method is-config="true" signature="tearDown(org.testng.ITestResult)[pri:0, instance:tests.ElementsTests@479460a6]" started-at="2025-09-11T17:45:51 IST" name="tearDown" finished-at="2025-09-11T17:45:52 IST" duration-ms="478" status="PASS">
          <params>
            <param index="0">
              <value>
                <![CDATA[[TestResult name=DoubleClickButtons status=SUCCESS method=ElementsTests.DoubleClickButtons()[pri:36, instance:tests.ElementsTests@479460a6] output={null}]]]>
              </value>
            </param>
          </params>
          <reporter-output>
          </reporter-output>
        </test-method> <!-- tearDown -->
        <test-method is-config="true" signature="setup(java.lang.reflect.Method)[pri:0, instance:tests.ElementsTests@479460a6]" started-at="2025-09-11T17:45:52 IST" name="setup" finished-at="2025-09-11T17:46:11 IST" duration-ms="19180" status="PASS">
          <params>
            <param index="0">
              <value>
                <![CDATA[public void tests.ElementsTests.RightClickButton()]]>
              </value>
            </param>
          </params>
          <reporter-output>
          </reporter-output>
        </test-method> <!-- setup -->
        <test-method signature="RightClickButton()[pri:37, instance:tests.ElementsTests@479460a6]" started-at="2025-09-11T17:46:11 IST" name="RightClickButton" finished-at="2025-09-11T17:46:13 IST" duration-ms="2449" status="PASS">
          <reporter-output>
          </reporter-output>
        </test-method> <!-- RightClickButton -->
        <test-method is-config="true" signature="tearDown(org.testng.ITestResult)[pri:0, instance:tests.ElementsTests@479460a6]" started-at="2025-09-11T17:46:13 IST" name="tearDown" finished-at="2025-09-11T17:46:14 IST" duration-ms="814" status="PASS">
          <params>
            <param index="0">
              <value>
                <![CDATA[[TestResult name=RightClickButton status=SUCCESS method=ElementsTests.RightClickButton()[pri:37, instance:tests.ElementsTests@479460a6] output={null}]]]>
              </value>
            </param>
          </params>
          <reporter-output>
          </reporter-output>
        </test-method> <!-- tearDown -->
        <test-method is-config="true" signature="setup(java.lang.reflect.Method)[pri:0, instance:tests.ElementsTests@479460a6]" started-at="2025-09-11T17:46:14 IST" name="setup" finished-at="2025-09-11T17:46:20 IST" duration-ms="6005" status="PASS">
          <params>
            <param index="0">
              <value>
                <![CDATA[public void tests.ElementsTests.ClickMeButton()]]>
              </value>
            </param>
          </params>
          <reporter-output>
          </reporter-output>
        </test-method> <!-- setup -->
        <test-method signature="ClickMeButton()[pri:38, instance:tests.ElementsTests@479460a6]" started-at="2025-09-11T17:46:20 IST" name="ClickMeButton" finished-at="2025-09-11T17:46:21 IST" duration-ms="1127" status="PASS">
          <reporter-output>
          </reporter-output>
        </test-method> <!-- ClickMeButton -->
        <test-method is-config="true" signature="tearDown(org.testng.ITestResult)[pri:0, instance:tests.ElementsTests@479460a6]" started-at="2025-09-11T17:46:21 IST" name="tearDown" finished-at="2025-09-11T17:46:22 IST" duration-ms="422" status="PASS">
          <params>
            <param index="0">
              <value>
                <![CDATA[[TestResult name=ClickMeButton status=SUCCESS method=ElementsTests.ClickMeButton()[pri:38, instance:tests.ElementsTests@479460a6] output={null}]]]>
              </value>
            </param>
          </params>
          <reporter-output>
          </reporter-output>
        </test-method> <!-- tearDown -->
        <test-method is-config="true" signature="setup(java.lang.reflect.Method)[pri:0, instance:tests.ElementsTests@479460a6]" started-at="2025-09-11T17:46:22 IST" name="setup" finished-at="2025-09-11T17:46:38 IST" duration-ms="16527" status="PASS">
          <params>
            <param index="0">
              <value>
                <![CDATA[public void tests.ElementsTests.ClickAllButtons()]]>
              </value>
            </param>
          </params>
          <reporter-output>
          </reporter-output>
        </test-method> <!-- setup -->
        <test-method signature="ClickAllButtons()[pri:39, instance:tests.ElementsTests@479460a6]" started-at="2025-09-11T17:46:38 IST" name="ClickAllButtons" finished-at="2025-09-11T17:46:51 IST" duration-ms="12851" status="PASS">
          <reporter-output>
          </reporter-output>
        </test-method> <!-- ClickAllButtons -->
        <test-method is-config="true" signature="tearDown(org.testng.ITestResult)[pri:0, instance:tests.ElementsTests@479460a6]" started-at="2025-09-11T17:46:51 IST" name="tearDown" finished-at="2025-09-11T17:46:52 IST" duration-ms="605" status="PASS">
          <params>
            <param index="0">
              <value>
                <![CDATA[[TestResult name=ClickAllButtons status=SUCCESS method=ElementsTests.ClickAllButtons()[pri:39, instance:tests.ElementsTests@479460a6] output={null}]]]>
              </value>
            </param>
          </params>
          <reporter-output>
          </reporter-output>
        </test-method> <!-- tearDown -->
        <test-method is-config="true" signature="setup(java.lang.reflect.Method)[pri:0, instance:tests.ElementsTests@479460a6]" started-at="2025-09-11T17:46:52 IST" name="setup" finished-at="2025-09-11T17:47:05 IST" duration-ms="13477" status="PASS">
          <params>
            <param index="0">
              <value>
                <![CDATA[public void tests.ElementsTests.ClickLinks()]]>
              </value>
            </param>
          </params>
          <reporter-output>
          </reporter-output>
        </test-method> <!-- setup -->
        <test-method signature="ClickLinks()[pri:40, instance:tests.ElementsTests@479460a6]" started-at="2025-09-11T17:47:05 IST" name="ClickLinks" finished-at="2025-09-11T17:47:06 IST" duration-ms="1144" status="PASS">
          <reporter-output>
          </reporter-output>
        </test-method> <!-- ClickLinks -->
        <test-method is-config="true" signature="tearDown(org.testng.ITestResult)[pri:0, instance:tests.ElementsTests@479460a6]" started-at="2025-09-11T17:47:06 IST" name="tearDown" finished-at="2025-09-11T17:47:07 IST" duration-ms="494" status="PASS">
          <params>
            <param index="0">
              <value>
                <![CDATA[[TestResult name=ClickLinks status=SUCCESS method=ElementsTests.ClickLinks()[pri:40, instance:tests.ElementsTests@479460a6] output={null}]]]>
              </value>
            </param>
          </params>
          <reporter-output>
          </reporter-output>
        </test-method> <!-- tearDown -->
        <test-method is-config="true" signature="setup(java.lang.reflect.Method)[pri:0, instance:tests.ElementsTests@479460a6]" started-at="2025-09-11T17:47:07 IST" name="setup" finished-at="2025-09-11T17:47:13 IST" duration-ms="6026" status="PASS">
          <params>
            <param index="0">
              <value>
                <![CDATA[public void tests.ElementsTests.ClickHomeLink()]]>
              </value>
            </param>
          </params>
          <reporter-output>
          </reporter-output>
        </test-method> <!-- setup -->
        <test-method signature="ClickHomeLink()[pri:41, instance:tests.ElementsTests@479460a6]" started-at="2025-09-11T17:47:13 IST" name="ClickHomeLink" finished-at="2025-09-11T17:47:14 IST" duration-ms="1121" status="PASS">
          <reporter-output>
          </reporter-output>
        </test-method> <!-- ClickHomeLink -->
        <test-method is-config="true" signature="tearDown(org.testng.ITestResult)[pri:0, instance:tests.ElementsTests@479460a6]" started-at="2025-09-11T17:47:14 IST" name="tearDown" finished-at="2025-09-11T17:47:15 IST" duration-ms="560" status="PASS">
          <params>
            <param index="0">
              <value>
                <![CDATA[[TestResult name=ClickHomeLink status=SUCCESS method=ElementsTests.ClickHomeLink()[pri:41, instance:tests.ElementsTests@479460a6] output={null}]]]>
              </value>
            </param>
          </params>
          <reporter-output>
          </reporter-output>
        </test-method> <!-- tearDown -->
        <test-method is-config="true" signature="setup(java.lang.reflect.Method)[pri:0, instance:tests.ElementsTests@479460a6]" started-at="2025-09-11T17:47:15 IST" name="setup" finished-at="2025-09-11T17:47:28 IST" duration-ms="13714" status="PASS">
          <params>
            <param index="0">
              <value>
                <![CDATA[public void tests.ElementsTests.ClickDynamicHomeLink()]]>
              </value>
            </param>
          </params>
          <reporter-output>
          </reporter-output>
        </test-method> <!-- setup -->
        <test-method signature="ClickDynamicHomeLink()[pri:42, instance:tests.ElementsTests@479460a6]" started-at="2025-09-11T17:47:28 IST" name="ClickDynamicHomeLink" finished-at="2025-09-11T17:47:29 IST" duration-ms="1214" status="PASS">
          <reporter-output>
          </reporter-output>
        </test-method> <!-- ClickDynamicHomeLink -->
        <test-method is-config="true" signature="tearDown(org.testng.ITestResult)[pri:0, instance:tests.ElementsTests@479460a6]" started-at="2025-09-11T17:47:29 IST" name="tearDown" finished-at="2025-09-11T17:47:30 IST" duration-ms="517" status="PASS">
          <params>
            <param index="0">
              <value>
                <![CDATA[[TestResult name=ClickDynamicHomeLink status=SUCCESS method=ElementsTests.ClickDynamicHomeLink()[pri:42, instance:tests.ElementsTests@479460a6] output={null}]]]>
              </value>
            </param>
          </params>
          <reporter-output>
          </reporter-output>
        </test-method> <!-- tearDown -->
        <test-method is-config="true" signature="setup(java.lang.reflect.Method)[pri:0, instance:tests.ElementsTests@479460a6]" started-at="2025-09-11T17:47:30 IST" name="setup" finished-at="2025-09-11T17:47:36 IST" duration-ms="5998" status="PASS">
          <params>
            <param index="0">
              <value>
                <![CDATA[public void tests.ElementsTests.ClickCreatedAPILink()]]>
              </value>
            </param>
          </params>
          <reporter-output>
          </reporter-output>
        </test-method> <!-- setup -->
        <test-method signature="ClickCreatedAPILink()[pri:43, instance:tests.ElementsTests@479460a6]" started-at="2025-09-11T17:47:36 IST" name="ClickCreatedAPILink" finished-at="2025-09-11T17:47:37 IST" duration-ms="1413" status="PASS">
          <reporter-output>
          </reporter-output>
        </test-method> <!-- ClickCreatedAPILink -->
        <test-method is-config="true" signature="tearDown(org.testng.ITestResult)[pri:0, instance:tests.ElementsTests@479460a6]" started-at="2025-09-11T17:47:37 IST" name="tearDown" finished-at="2025-09-11T17:47:38 IST" duration-ms="475" status="PASS">
          <params>
            <param index="0">
              <value>
                <![CDATA[[TestResult name=ClickCreatedAPILink status=SUCCESS method=ElementsTests.ClickCreatedAPILink()[pri:43, instance:tests.ElementsTests@479460a6] output={null}]]]>
              </value>
            </param>
          </params>
          <reporter-output>
          </reporter-output>
        </test-method> <!-- tearDown -->
        <test-method is-config="true" signature="setup(java.lang.reflect.Method)[pri:0, instance:tests.ElementsTests@479460a6]" started-at="2025-09-11T17:47:38 IST" name="setup" finished-at="2025-09-11T17:47:53 IST" duration-ms="14923" status="PASS">
          <params>
            <param index="0">
              <value>
                <![CDATA[public void tests.ElementsTests.ClickNoContentLink()]]>
              </value>
            </param>
          </params>
          <reporter-output>
          </reporter-output>
        </test-method> <!-- setup -->
        <test-method signature="ClickNoContentLink()[pri:44, instance:tests.ElementsTests@479460a6]" started-at="2025-09-11T17:47:53 IST" name="ClickNoContentLink" finished-at="2025-09-11T17:47:54 IST" duration-ms="1222" status="PASS">
          <reporter-output>
          </reporter-output>
        </test-method> <!-- ClickNoContentLink -->
        <test-method is-config="true" signature="tearDown(org.testng.ITestResult)[pri:0, instance:tests.ElementsTests@479460a6]" started-at="2025-09-11T17:47:54 IST" name="tearDown" finished-at="2025-09-11T17:47:55 IST" duration-ms="579" status="PASS">
          <params>
            <param index="0">
              <value>
                <![CDATA[[TestResult name=ClickNoContentLink status=SUCCESS method=ElementsTests.ClickNoContentLink()[pri:44, instance:tests.ElementsTests@479460a6] output={null}]]]>
              </value>
            </param>
          </params>
          <reporter-output>
          </reporter-output>
        </test-method> <!-- tearDown -->
        <test-method is-config="true" signature="setup(java.lang.reflect.Method)[pri:0, instance:tests.ElementsTests@479460a6]" started-at="2025-09-11T17:47:55 IST" name="setup" finished-at="2025-09-11T17:48:00 IST" duration-ms="5749" status="PASS">
          <params>
            <param index="0">
              <value>
                <![CDATA[public void tests.ElementsTests.ClickMovedLink()]]>
              </value>
            </param>
          </params>
          <reporter-output>
          </reporter-output>
        </test-method> <!-- setup -->
        <test-method signature="ClickMovedLink()[pri:45, instance:tests.ElementsTests@479460a6]" started-at="2025-09-11T17:48:00 IST" name="ClickMovedLink" finished-at="2025-09-11T17:48:01 IST" duration-ms="997" status="PASS">
          <reporter-output>
          </reporter-output>
        </test-method> <!-- ClickMovedLink -->
        <test-method is-config="true" signature="tearDown(org.testng.ITestResult)[pri:0, instance:tests.ElementsTests@479460a6]" started-at="2025-09-11T17:48:01 IST" name="tearDown" finished-at="2025-09-11T17:48:02 IST" duration-ms="395" status="PASS">
          <params>
            <param index="0">
              <value>
                <![CDATA[[TestResult name=ClickMovedLink status=SUCCESS method=ElementsTests.ClickMovedLink()[pri:45, instance:tests.ElementsTests@479460a6] output={null}]]]>
              </value>
            </param>
          </params>
          <reporter-output>
          </reporter-output>
        </test-method> <!-- tearDown -->
        <test-method is-config="true" signature="setup(java.lang.reflect.Method)[pri:0, instance:tests.ElementsTests@479460a6]" started-at="2025-09-11T17:48:02 IST" name="setup" finished-at="2025-09-11T17:48:10 IST" duration-ms="8314" status="PASS">
          <params>
            <param index="0">
              <value>
                <![CDATA[public void tests.ElementsTests.ClickBadRequestLink()]]>
              </value>
            </param>
          </params>
          <reporter-output>
          </reporter-output>
        </test-method> <!-- setup -->
        <test-method signature="ClickBadRequestLink()[pri:46, instance:tests.ElementsTests@479460a6]" started-at="2025-09-11T17:48:10 IST" name="ClickBadRequestLink" finished-at="2025-09-11T17:48:12 IST" duration-ms="1519" status="PASS">
          <reporter-output>
          </reporter-output>
        </test-method> <!-- ClickBadRequestLink -->
        <test-method is-config="true" signature="tearDown(org.testng.ITestResult)[pri:0, instance:tests.ElementsTests@479460a6]" started-at="2025-09-11T17:48:12 IST" name="tearDown" finished-at="2025-09-11T17:48:12 IST" duration-ms="421" status="PASS">
          <params>
            <param index="0">
              <value>
                <![CDATA[[TestResult name=ClickBadRequestLink status=SUCCESS method=ElementsTests.ClickBadRequestLink()[pri:46, instance:tests.ElementsTests@479460a6] output={null}]]]>
              </value>
            </param>
          </params>
          <reporter-output>
          </reporter-output>
        </test-method> <!-- tearDown -->
        <test-method is-config="true" signature="setup(java.lang.reflect.Method)[pri:0, instance:tests.ElementsTests@479460a6]" started-at="2025-09-11T17:48:12 IST" name="setup" finished-at="2025-09-11T17:48:43 IST" duration-ms="31193" status="PASS">
          <params>
            <param index="0">
              <value>
                <![CDATA[public void tests.ElementsTests.ClickUnauthorizedLink()]]>
              </value>
            </param>
          </params>
          <reporter-output>
          </reporter-output>
        </test-method> <!-- setup -->
        <test-method signature="ClickUnauthorizedLink()[pri:47, instance:tests.ElementsTests@479460a6]" started-at="2025-09-11T17:48:43 IST" name="ClickUnauthorizedLink" finished-at="2025-09-11T17:48:45 IST" duration-ms="1486" status="PASS">
          <reporter-output>
          </reporter-output>
        </test-method> <!-- ClickUnauthorizedLink -->
        <test-method is-config="true" signature="tearDown(org.testng.ITestResult)[pri:0, instance:tests.ElementsTests@479460a6]" started-at="2025-09-11T17:48:45 IST" name="tearDown" finished-at="2025-09-11T17:48:45 IST" duration-ms="423" status="PASS">
          <params>
            <param index="0">
              <value>
                <![CDATA[[TestResult name=ClickUnauthorizedLink status=SUCCESS method=ElementsTests.ClickUnauthorizedLink()[pri:47, instance:tests.ElementsTests@479460a6] output={null}]]]>
              </value>
            </param>
          </params>
          <reporter-output>
          </reporter-output>
        </test-method> <!-- tearDown -->
        <test-method is-config="true" signature="setup(java.lang.reflect.Method)[pri:0, instance:tests.ElementsTests@479460a6]" started-at="2025-09-11T17:48:45 IST" name="setup" finished-at="2025-09-11T17:48:51 IST" duration-ms="6345" status="PASS">
          <params>
            <param index="0">
              <value>
                <![CDATA[public void tests.ElementsTests.ClickForbiddenLink()]]>
              </value>
            </param>
          </params>
          <reporter-output>
          </reporter-output>
        </test-method> <!-- setup -->
        <test-method signature="ClickForbiddenLink()[pri:48, instance:tests.ElementsTests@479460a6]" started-at="2025-09-11T17:48:51 IST" name="ClickForbiddenLink" finished-at="2025-09-11T17:48:53 IST" duration-ms="1073" status="PASS">
          <reporter-output>
          </reporter-output>
        </test-method> <!-- ClickForbiddenLink -->
        <test-method is-config="true" signature="tearDown(org.testng.ITestResult)[pri:0, instance:tests.ElementsTests@479460a6]" started-at="2025-09-11T17:48:53 IST" name="tearDown" finished-at="2025-09-11T17:48:53 IST" duration-ms="406" status="PASS">
          <params>
            <param index="0">
              <value>
                <![CDATA[[TestResult name=ClickForbiddenLink status=SUCCESS method=ElementsTests.ClickForbiddenLink()[pri:48, instance:tests.ElementsTests@479460a6] output={null}]]]>
              </value>
            </param>
          </params>
          <reporter-output>
          </reporter-output>
        </test-method> <!-- tearDown -->
        <test-method is-config="true" signature="setup(java.lang.reflect.Method)[pri:0, instance:tests.ElementsTests@479460a6]" started-at="2025-09-11T17:48:53 IST" name="setup" finished-at="2025-09-11T17:48:59 IST" duration-ms="5960" status="PASS">
          <params>
            <param index="0">
              <value>
                <![CDATA[public void tests.ElementsTests.ClickNotFoundLink()]]>
              </value>
            </param>
          </params>
          <reporter-output>
          </reporter-output>
        </test-method> <!-- setup -->
        <test-method signature="ClickNotFoundLink()[pri:49, instance:tests.ElementsTests@479460a6]" started-at="2025-09-11T17:48:59 IST" name="ClickNotFoundLink" finished-at="2025-09-11T17:49:00 IST" duration-ms="1349" status="PASS">
          <reporter-output>
          </reporter-output>
        </test-method> <!-- ClickNotFoundLink -->
        <test-method is-config="true" signature="tearDown(org.testng.ITestResult)[pri:0, instance:tests.ElementsTests@479460a6]" started-at="2025-09-11T17:49:00 IST" name="tearDown" finished-at="2025-09-11T17:49:01 IST" duration-ms="442" status="PASS">
          <params>
            <param index="0">
              <value>
                <![CDATA[[TestResult name=ClickNotFoundLink status=SUCCESS method=ElementsTests.ClickNotFoundLink()[pri:49, instance:tests.ElementsTests@479460a6] output={null}]]]>
              </value>
            </param>
          </params>
          <reporter-output>
          </reporter-output>
        </test-method> <!-- tearDown -->
        <test-method is-config="true" signature="setup(java.lang.reflect.Method)[pri:0, instance:tests.ElementsTests@479460a6]" started-at="2025-09-11T17:49:01 IST" name="setup" finished-at="2025-09-11T17:49:06 IST" duration-ms="5561" status="PASS">
          <params>
            <param index="0">
              <value>
                <![CDATA[public void tests.ElementsTests.ClickAllLinks()]]>
              </value>
            </param>
          </params>
          <reporter-output>
          </reporter-output>
        </test-method> <!-- setup -->
        <test-method signature="ClickAllLinks()[pri:50, instance:tests.ElementsTests@479460a6]" started-at="2025-09-11T17:49:06 IST" name="ClickAllLinks" finished-at="2025-09-11T17:49:34 IST" duration-ms="27480" status="PASS">
          <reporter-output>
          </reporter-output>
        </test-method> <!-- ClickAllLinks -->
        <test-method is-config="true" signature="tearDown(org.testng.ITestResult)[pri:0, instance:tests.ElementsTests@479460a6]" started-at="2025-09-11T17:49:34 IST" name="tearDown" finished-at="2025-09-11T17:49:34 IST" duration-ms="452" status="PASS">
          <params>
            <param index="0">
              <value>
                <![CDATA[[TestResult name=ClickAllLinks status=SUCCESS method=ElementsTests.ClickAllLinks()[pri:50, instance:tests.ElementsTests@479460a6] output={null}]]]>
              </value>
            </param>
          </params>
          <reporter-output>
          </reporter-output>
        </test-method> <!-- tearDown -->
        <test-method is-config="true" signature="setup(java.lang.reflect.Method)[pri:0, instance:tests.ElementsTests@479460a6]" started-at="2025-09-11T17:49:34 IST" name="setup" finished-at="2025-09-11T17:49:40 IST" duration-ms="6233" status="PASS">
          <params>
            <param index="0">
              <value>
                <![CDATA[public void tests.ElementsTests.ClickBrokenLinksImages()]]>
              </value>
            </param>
          </params>
          <reporter-output>
          </reporter-output>
        </test-method> <!-- setup -->
        <test-method signature="ClickBrokenLinksImages()[pri:51, instance:tests.ElementsTests@479460a6]" started-at="2025-09-11T17:49:40 IST" name="ClickBrokenLinksImages" finished-at="2025-09-11T17:49:41 IST" duration-ms="1052" status="PASS">
          <reporter-output>
          </reporter-output>
        </test-method> <!-- ClickBrokenLinksImages -->
        <test-method is-config="true" signature="tearDown(org.testng.ITestResult)[pri:0, instance:tests.ElementsTests@479460a6]" started-at="2025-09-11T17:49:41 IST" name="tearDown" finished-at="2025-09-11T17:49:42 IST" duration-ms="440" status="PASS">
          <params>
            <param index="0">
              <value>
                <![CDATA[[TestResult name=ClickBrokenLinksImages status=SUCCESS method=ElementsTests.ClickBrokenLinksImages()[pri:51, instance:tests.ElementsTests@479460a6] output={null}]]]>
              </value>
            </param>
          </params>
          <reporter-output>
          </reporter-output>
        </test-method> <!-- tearDown -->
        <test-method is-config="true" signature="setup(java.lang.reflect.Method)[pri:0, instance:tests.ElementsTests@479460a6]" started-at="2025-09-11T17:49:42 IST" name="setup" finished-at="2025-09-11T17:49:48 IST" duration-ms="5777" status="PASS">
          <params>
            <param index="0">
              <value>
                <![CDATA[public void tests.ElementsTests.GetValidImage()]]>
              </value>
            </param>
          </params>
          <reporter-output>
          </reporter-output>
        </test-method> <!-- setup -->
        <test-method signature="GetValidImage()[pri:52, instance:tests.ElementsTests@479460a6]" started-at="2025-09-11T17:49:48 IST" name="GetValidImage" finished-at="2025-09-11T17:49:49 IST" duration-ms="834" status="PASS">
          <reporter-output>
          </reporter-output>
        </test-method> <!-- GetValidImage -->
        <test-method is-config="true" signature="tearDown(org.testng.ITestResult)[pri:0, instance:tests.ElementsTests@479460a6]" started-at="2025-09-11T17:49:49 IST" name="tearDown" finished-at="2025-09-11T17:49:49 IST" duration-ms="384" status="PASS">
          <params>
            <param index="0">
              <value>
                <![CDATA[[TestResult name=GetValidImage status=SUCCESS method=ElementsTests.GetValidImage()[pri:52, instance:tests.ElementsTests@479460a6] output={null}]]]>
              </value>
            </param>
          </params>
          <reporter-output>
          </reporter-output>
        </test-method> <!-- tearDown -->
        <test-method is-config="true" signature="setup(java.lang.reflect.Method)[pri:0, instance:tests.ElementsTests@479460a6]" started-at="2025-09-11T17:49:49 IST" name="setup" finished-at="2025-09-11T17:49:54 IST" duration-ms="5256" status="PASS">
          <params>
            <param index="0">
              <value>
                <![CDATA[public void tests.ElementsTests.GetBrokenImage()]]>
              </value>
            </param>
          </params>
          <reporter-output>
          </reporter-output>
        </test-method> <!-- setup -->
        <test-method signature="GetBrokenImage()[pri:53, instance:tests.ElementsTests@479460a6]" started-at="2025-09-11T17:49:54 IST" name="GetBrokenImage" finished-at="2025-09-11T17:49:55 IST" duration-ms="1089" status="PASS">
          <reporter-output>
          </reporter-output>
        </test-method> <!-- GetBrokenImage -->
        <test-method is-config="true" signature="tearDown(org.testng.ITestResult)[pri:0, instance:tests.ElementsTests@479460a6]" started-at="2025-09-11T17:49:55 IST" name="tearDown" finished-at="2025-09-11T17:49:56 IST" duration-ms="403" status="PASS">
          <params>
            <param index="0">
              <value>
                <![CDATA[[TestResult name=GetBrokenImage status=SUCCESS method=ElementsTests.GetBrokenImage()[pri:53, instance:tests.ElementsTests@479460a6] output={null}]]]>
              </value>
            </param>
          </params>
          <reporter-output>
          </reporter-output>
        </test-method> <!-- tearDown -->
        <test-method is-config="true" signature="setup(java.lang.reflect.Method)[pri:0, instance:tests.ElementsTests@479460a6]" started-at="2025-09-11T17:49:56 IST" name="setup" finished-at="2025-09-11T17:50:10 IST" duration-ms="14726" status="PASS">
          <params>
            <param index="0">
              <value>
                <![CDATA[public void tests.ElementsTests.BrokenLinksBrokenlink()]]>
              </value>
            </param>
          </params>
          <reporter-output>
          </reporter-output>
        </test-method> <!-- setup -->
        <test-method signature="BrokenLinksBrokenlink()[pri:54, instance:tests.ElementsTests@479460a6]" started-at="2025-09-11T17:50:10 IST" name="BrokenLinksBrokenlink" finished-at="2025-09-11T17:50:15 IST" duration-ms="4647" status="PASS">
          <reporter-output>
          </reporter-output>
        </test-method> <!-- BrokenLinksBrokenlink -->
        <test-method is-config="true" signature="tearDown(org.testng.ITestResult)[pri:0, instance:tests.ElementsTests@479460a6]" started-at="2025-09-11T17:50:15 IST" name="tearDown" finished-at="2025-09-11T17:50:16 IST" duration-ms="724" status="PASS">
          <params>
            <param index="0">
              <value>
                <![CDATA[[TestResult name=BrokenLinksBrokenlink status=SUCCESS method=ElementsTests.BrokenLinksBrokenlink()[pri:54, instance:tests.ElementsTests@479460a6] output={null}]]]>
              </value>
            </param>
          </params>
          <reporter-output>
          </reporter-output>
        </test-method> <!-- tearDown -->
        <test-method is-config="true" signature="setup(java.lang.reflect.Method)[pri:0, instance:tests.ElementsTests@479460a6]" started-at="2025-09-11T17:50:16 IST" name="setup" finished-at="2025-09-11T17:50:38 IST" duration-ms="22551" status="PASS">
          <params>
            <param index="0">
              <value>
                <![CDATA[public void tests.ElementsTests.BrokenLinksValidlink()]]>
              </value>
            </param>
          </params>
          <reporter-output>
          </reporter-output>
        </test-method> <!-- setup -->
        <test-method signature="BrokenLinksValidlink()[pri:54, instance:tests.ElementsTests@479460a6]" started-at="2025-09-11T17:50:38 IST" name="BrokenLinksValidlink" finished-at="2025-09-11T17:50:41 IST" duration-ms="2925" status="PASS">
          <reporter-output>
          </reporter-output>
        </test-method> <!-- BrokenLinksValidlink -->
        <test-method is-config="true" signature="tearDown(org.testng.ITestResult)[pri:0, instance:tests.ElementsTests@479460a6]" started-at="2025-09-11T17:50:41 IST" name="tearDown" finished-at="2025-09-11T17:59:06 IST" duration-ms="505052" status="PASS">
          <params>
            <param index="0">
              <value>
                <![CDATA[[TestResult name=BrokenLinksValidlink status=SUCCESS method=ElementsTests.BrokenLinksValidlink()[pri:54, instance:tests.ElementsTests@479460a6] output={null}]]]>
              </value>
            </param>
          </params>
          <reporter-output>
          </reporter-output>
        </test-method> <!-- tearDown -->
        <test-method is-config="true" signature="setup(java.lang.reflect.Method)[pri:0, instance:tests.ElementsTests@479460a6]" started-at="2025-09-11T17:59:06 IST" name="setup" finished-at="2025-09-11T17:59:20 IST" duration-ms="14171" status="PASS">
          <params>
            <param index="0">
              <value>
                <![CDATA[public void tests.ElementsTests.UploadDownloadlink()]]>
              </value>
            </param>
          </params>
          <reporter-output>
          </reporter-output>
        </test-method> <!-- setup -->
        <test-method signature="UploadDownloadlink()[pri:55, instance:tests.ElementsTests@479460a6]" started-at="2025-09-11T17:59:20 IST" name="UploadDownloadlink" finished-at="2025-09-11T17:59:23 IST" duration-ms="2372" status="PASS">
          <reporter-output>
          </reporter-output>
        </test-method> <!-- UploadDownloadlink -->
        <test-method is-config="true" signature="tearDown(org.testng.ITestResult)[pri:0, instance:tests.ElementsTests@479460a6]" started-at="2025-09-11T17:59:23 IST" name="tearDown" finished-at="2025-09-11T17:59:23 IST" duration-ms="440" status="PASS">
          <params>
            <param index="0">
              <value>
                <![CDATA[[TestResult name=UploadDownloadlink status=SUCCESS method=ElementsTests.UploadDownloadlink()[pri:55, instance:tests.ElementsTests@479460a6] output={null}]]]>
              </value>
            </param>
          </params>
          <reporter-output>
          </reporter-output>
        </test-method> <!-- tearDown -->
        <test-method is-config="true" signature="setup(java.lang.reflect.Method)[pri:0, instance:tests.ElementsTests@479460a6]" started-at="2025-09-11T17:59:23 IST" name="setup" finished-at="2025-09-11T17:59:29 IST" duration-ms="5734" status="PASS">
          <params>
            <param index="0">
              <value>
                <![CDATA[public void tests.ElementsTests.Downloadbtn()]]>
              </value>
            </param>
          </params>
          <reporter-output>
          </reporter-output>
        </test-method> <!-- setup -->
        <test-method signature="Downloadbtn()[pri:56, instance:tests.ElementsTests@479460a6]" started-at="2025-09-11T17:59:29 IST" name="Downloadbtn" finished-at="2025-09-11T17:59:37 IST" duration-ms="8412" status="FAIL">
          <exception class="java.lang.AssertionError">
            <message>
              <![CDATA[File was not downloaded successfully. expected [true] but found [false]]]>
            </message>
            <full-stacktrace>
              <![CDATA[java.lang.AssertionError: File was not downloaded successfully. expected [true] but found [false]
at org.testng.Assert.fail(Assert.java:111)
at org.testng.Assert.failNotEquals(Assert.java:1590)
at org.testng.Assert.assertTrue(Assert.java:57)
at pages.elementsPage.DownloadFile(elementsPage.java:1211)
at tests.ElementsTests.Downloadbtn(ElementsTests.java:1127)
at java.base/jdk.internal.reflect.DirectMethodHandleAccessor.invoke(DirectMethodHandleAccessor.java:103)
at java.base/java.lang.reflect.Method.invoke(Method.java:580)
at org.testng.internal.invokers.MethodInvocationHelper.invokeMethod(MethodInvocationHelper.java:141)
at org.testng.internal.invokers.TestInvoker.invokeMethod(TestInvoker.java:687)
at org.testng.internal.invokers.TestInvoker.invokeTestMethod(TestInvoker.java:230)
at org.testng.internal.invokers.MethodRunner.runInSequence(MethodRunner.java:63)
at org.testng.internal.invokers.TestInvoker$MethodInvocationAgent.invoke(TestInvoker.java:995)
at org.testng.internal.invokers.TestInvoker.invokeTestMethods(TestInvoker.java:203)
at org.testng.internal.invokers.TestMethodWorker.invokeTestMethods(TestMethodWorker.java:154)
at org.testng.internal.invokers.TestMethodWorker.run(TestMethodWorker.java:134)
at java.base/java.util.ArrayList.forEach(ArrayList.java:1596)
at org.testng.TestRunner.privateRun(TestRunner.java:741)
at org.testng.TestRunner.run(TestRunner.java:616)
at org.testng.SuiteRunner.runTest(SuiteRunner.java:421)
at org.testng.SuiteRunner.runSequentially(SuiteRunner.java:413)
at org.testng.SuiteRunner.privateRun(SuiteRunner.java:373)
at org.testng.SuiteRunner.run(SuiteRunner.java:312)
at org.testng.SuiteRunnerWorker.runSuite(SuiteRunnerWorker.java:52)
at org.testng.SuiteRunnerWorker.run(SuiteRunnerWorker.java:95)
at org.testng.TestNG.runSuitesSequentially(TestNG.java:1274)
at org.testng.TestNG.runSuitesLocally(TestNG.java:1208)
at org.testng.TestNG.runSuites(TestNG.java:1112)
at org.testng.TestNG.run(TestNG.java:1079)
at org.apache.maven.surefire.testng.TestNGExecutor.run(TestNGExecutor.java:155)
at org.apache.maven.surefire.testng.TestNGDirectoryTestSuite.executeMulti(TestNGDirectoryTestSuite.java:169)
at org.apache.maven.surefire.testng.TestNGDirectoryTestSuite.execute(TestNGDirectoryTestSuite.java:88)
at org.apache.maven.surefire.testng.TestNGProvider.invoke(TestNGProvider.java:137)
at org.apache.maven.surefire.booter.ForkedBooter.runSuitesInProcess(ForkedBooter.java:385)
at org.apache.maven.surefire.booter.ForkedBooter.execute(ForkedBooter.java:162)
at org.apache.maven.surefire.booter.ForkedBooter.run(ForkedBooter.java:507)
at org.apache.maven.surefire.booter.ForkedBooter.main(ForkedBooter.java:495)
]]>
            </full-stacktrace>
          </exception> <!-- java.lang.AssertionError -->
          <reporter-output>
          </reporter-output>
        </test-method> <!-- Downloadbtn -->
        <test-method is-config="true" signature="tearDown(org.testng.ITestResult)[pri:0, instance:tests.ElementsTests@479460a6]" started-at="2025-09-11T17:59:37 IST" name="tearDown" finished-at="2025-09-11T17:59:38 IST" duration-ms="645" status="PASS">
          <params>
            <param index="0">
              <value>
                <![CDATA[[TestResult name=Downloadbtn status=FAILURE method=ElementsTests.Downloadbtn()[pri:56, instance:tests.ElementsTests@479460a6] output={null}]]]>
              </value>
            </param>
          </params>
          <reporter-output>
          </reporter-output>
        </test-method> <!-- tearDown -->
        <test-method is-config="true" signature="setup(java.lang.reflect.Method)[pri:0, instance:tests.ElementsTests@479460a6]" started-at="2025-09-11T17:59:38 IST" name="setup" finished-at="2025-09-11T17:59:44 IST" duration-ms="5570" status="PASS">
          <params>
            <param index="0">
              <value>
                <![CDATA[public void tests.ElementsTests.Uploadbtn()]]>
              </value>
            </param>
          </params>
          <reporter-output>
          </reporter-output>
        </test-method> <!-- setup -->
        <test-method signature="Uploadbtn()[pri:57, instance:tests.ElementsTests@479460a6]" started-at="2025-09-11T17:59:44 IST" name="Uploadbtn" finished-at="2025-09-11T17:59:46 IST" duration-ms="2316" status="PASS">
          <reporter-output>
          </reporter-output>
        </test-method> <!-- Uploadbtn -->
        <test-method is-config="true" signature="tearDown(org.testng.ITestResult)[pri:0, instance:tests.ElementsTests@479460a6]" started-at="2025-09-11T17:59:46 IST" name="tearDown" finished-at="2025-09-11T17:59:46 IST" duration-ms="420" status="PASS">
          <params>
            <param index="0">
              <value>
                <![CDATA[[TestResult name=Uploadbtn status=SUCCESS method=ElementsTests.Uploadbtn()[pri:57, instance:tests.ElementsTests@479460a6] output={null}]]]>
              </value>
            </param>
          </params>
          <reporter-output>
          </reporter-output>
        </test-method> <!-- tearDown -->
        <test-method is-config="true" signature="setup(java.lang.reflect.Method)[pri:0, instance:tests.ElementsTests@479460a6]" started-at="2025-09-11T17:59:46 IST" name="setup" finished-at="2025-09-11T18:00:03 IST" duration-ms="16544" status="PASS">
          <params>
            <param index="0">
              <value>
                <![CDATA[public void tests.ElementsTests.DynamicPropertiesbtn()]]>
              </value>
            </param>
          </params>
          <reporter-output>
          </reporter-output>
        </test-method> <!-- setup -->
        <test-method signature="DynamicPropertiesbtn()[pri:58, instance:tests.ElementsTests@479460a6]" started-at="2025-09-11T18:00:03 IST" name="DynamicPropertiesbtn" finished-at="2025-09-11T18:00:04 IST" duration-ms="934" status="PASS">
          <reporter-output>
          </reporter-output>
        </test-method> <!-- DynamicPropertiesbtn -->
        <test-method is-config="true" signature="tearDown(org.testng.ITestResult)[pri:0, instance:tests.ElementsTests@479460a6]" started-at="2025-09-11T18:00:04 IST" name="tearDown" finished-at="2025-09-11T18:00:04 IST" duration-ms="453" status="PASS">
          <params>
            <param index="0">
              <value>
                <![CDATA[[TestResult name=DynamicPropertiesbtn status=SUCCESS method=ElementsTests.DynamicPropertiesbtn()[pri:58, instance:tests.ElementsTests@479460a6] output={null}]]]>
              </value>
            </param>
          </params>
          <reporter-output>
          </reporter-output>
        </test-method> <!-- tearDown -->
        <test-method is-config="true" signature="setup(java.lang.reflect.Method)[pri:0, instance:tests.ElementsTests@479460a6]" started-at="2025-09-11T18:00:04 IST" name="setup" finished-at="2025-09-11T18:00:10 IST" duration-ms="5634" status="PASS">
          <params>
            <param index="0">
              <value>
                <![CDATA[public void tests.ElementsTests.ColorChangebtn()]]>
              </value>
            </param>
          </params>
          <reporter-output>
          </reporter-output>
        </test-method> <!-- setup -->
        <test-method signature="ColorChangebtn()[pri:59, instance:tests.ElementsTests@479460a6]" started-at="2025-09-11T18:00:10 IST" name="ColorChangebtn" finished-at="2025-09-11T18:00:11 IST" duration-ms="1249" status="PASS">
          <reporter-output>
          </reporter-output>
        </test-method> <!-- ColorChangebtn -->
        <test-method is-config="true" signature="tearDown(org.testng.ITestResult)[pri:0, instance:tests.ElementsTests@479460a6]" started-at="2025-09-11T18:00:11 IST" name="tearDown" finished-at="2025-09-11T18:00:12 IST" duration-ms="377" status="PASS">
          <params>
            <param index="0">
              <value>
                <![CDATA[[TestResult name=ColorChangebtn status=SUCCESS method=ElementsTests.ColorChangebtn()[pri:59, instance:tests.ElementsTests@479460a6] output={null}]]]>
              </value>
            </param>
          </params>
          <reporter-output>
          </reporter-output>
        </test-method> <!-- tearDown -->
        <test-method is-config="true" signature="setup(java.lang.reflect.Method)[pri:0, instance:tests.ElementsTests@479460a6]" started-at="2025-09-11T18:00:12 IST" name="setup" finished-at="2025-09-11T18:00:40 IST" duration-ms="28053" status="PASS">
          <params>
            <param index="0">
              <value>
                <![CDATA[public void tests.ElementsTests.WillEnablebtn()]]>
              </value>
            </param>
          </params>
          <reporter-output>
          </reporter-output>
        </test-method> <!-- setup -->
        <test-method signature="WillEnablebtn()[pri:59, instance:tests.ElementsTests@479460a6]" started-at="2025-09-11T18:00:40 IST" name="WillEnablebtn" finished-at="2025-09-11T18:00:46 IST" duration-ms="6112" status="PASS">
          <reporter-output>
          </reporter-output>
        </test-method> <!-- WillEnablebtn -->
        <test-method is-config="true" signature="tearDown(org.testng.ITestResult)[pri:0, instance:tests.ElementsTests@479460a6]" started-at="2025-09-11T18:00:46 IST" name="tearDown" finished-at="2025-09-11T18:00:46 IST" duration-ms="388" status="PASS">
          <params>
            <param index="0">
              <value>
                <![CDATA[[TestResult name=WillEnablebtn status=SUCCESS method=ElementsTests.WillEnablebtn()[pri:59, instance:tests.ElementsTests@479460a6] output={null}]]]>
              </value>
            </param>
          </params>
          <reporter-output>
          </reporter-output>
        </test-method> <!-- tearDown -->
        <test-method is-config="true" signature="setup(java.lang.reflect.Method)[pri:0, instance:tests.ElementsTests@479460a6]" started-at="2025-09-11T18:00:46 IST" name="setup" finished-at="2025-09-11T18:00:53 IST" duration-ms="6594" status="PASS">
          <params>
            <param index="0">
              <value>
                <![CDATA[public void tests.ElementsTests.VisibleAfterbtn()]]>
              </value>
            </param>
          </params>
          <reporter-output>
          </reporter-output>
        </test-method> <!-- setup -->
        <test-method signature="VisibleAfterbtn()[pri:60, instance:tests.ElementsTests@479460a6]" started-at="2025-09-11T18:00:53 IST" name="VisibleAfterbtn" finished-at="2025-09-11T18:00:59 IST" duration-ms="6535" status="PASS">
          <reporter-output>
          </reporter-output>
        </test-method> <!-- VisibleAfterbtn -->
        <test-method is-config="true" signature="tearDown(org.testng.ITestResult)[pri:0, instance:tests.ElementsTests@479460a6]" started-at="2025-09-11T18:00:59 IST" name="tearDown" finished-at="2025-09-11T18:01:00 IST" duration-ms="468" status="PASS">
          <params>
            <param index="0">
              <value>
                <![CDATA[[TestResult name=VisibleAfterbtn status=SUCCESS method=ElementsTests.VisibleAfterbtn()[pri:60, instance:tests.ElementsTests@479460a6] output={null}]]]>
              </value>
            </param>
          </params>
          <reporter-output>
          </reporter-output>
        </test-method> <!-- tearDown -->
      </class> <!-- tests.ElementsTests -->
      <class name="tests.AlertsFramesWindowsTests">
        <test-method is-config="true" signature="setupReport()[pri:0, instance:tests.AlertsFramesWindowsTests@1fb669c3]" started-at="2025-09-11T17:03:01 IST" name="setupReport" finished-at="2025-09-11T17:03:01 IST" duration-ms="266" status="PASS">
          <reporter-output>
          </reporter-output>
        </test-method> <!-- setupReport -->
        <test-method is-config="true" signature="setup(java.lang.reflect.Method)[pri:0, instance:tests.AlertsFramesWindowsTests@1fb669c3]" started-at="2025-09-11T17:03:01 IST" name="setup" finished-at="2025-09-11T17:03:19 IST" duration-ms="18233" status="PASS">
          <params>
            <param index="0">
              <value>
                <![CDATA[public void tests.AlertsFramesWindowsTests.accessAlertsFrameWindows()]]>
              </value>
            </param>
          </params>
          <reporter-output>
          </reporter-output>
        </test-method> <!-- setup -->
        <test-method signature="accessAlertsFrameWindows()[pri:1, instance:tests.AlertsFramesWindowsTests@1fb669c3]" started-at="2025-09-11T17:03:19 IST" name="accessAlertsFrameWindows" finished-at="2025-09-11T17:03:20 IST" duration-ms="348" status="PASS">
          <reporter-output>
          </reporter-output>
        </test-method> <!-- accessAlertsFrameWindows -->
        <test-method is-config="true" signature="tearDown(org.testng.ITestResult)[pri:0, instance:tests.AlertsFramesWindowsTests@1fb669c3]" started-at="2025-09-11T17:03:20 IST" name="tearDown" finished-at="2025-09-11T17:03:20 IST" duration-ms="402" status="PASS">
          <params>
            <param index="0">
              <value>
                <![CDATA[[TestResult name=accessAlertsFrameWindows status=SUCCESS method=AlertsFramesWindowsTests.accessAlertsFrameWindows()[pri:1, instance:tests.AlertsFramesWindowsTests@1fb669c3] output={null}]]]>
              </value>
            </param>
          </params>
          <reporter-output>
          </reporter-output>
        </test-method> <!-- tearDown -->
        <test-method is-config="true" signature="setup(java.lang.reflect.Method)[pri:0, instance:tests.AlertsFramesWindowsTests@1fb669c3]" started-at="2025-09-11T17:03:20 IST" name="setup" finished-at="2025-09-11T17:04:04 IST" duration-ms="43998" status="PASS">
          <params>
            <param index="0">
              <value>
                <![CDATA[public void tests.AlertsFramesWindowsTests.browserWindows()]]>
              </value>
            </param>
          </params>
          <reporter-output>
          </reporter-output>
        </test-method> <!-- setup -->
        <test-method signature="browserWindows()[pri:2, instance:tests.AlertsFramesWindowsTests@1fb669c3]" started-at="2025-09-11T17:04:04 IST" name="browserWindows" finished-at="2025-09-11T17:04:05 IST" duration-ms="554" status="PASS">
          <reporter-output>
          </reporter-output>
        </test-method> <!-- browserWindows -->
        <test-method is-config="true" signature="tearDown(org.testng.ITestResult)[pri:0, instance:tests.AlertsFramesWindowsTests@1fb669c3]" started-at="2025-09-11T17:04:05 IST" name="tearDown" finished-at="2025-09-11T17:04:05 IST" duration-ms="377" status="PASS">
          <params>
            <param index="0">
              <value>
                <![CDATA[[TestResult name=browserWindows status=SUCCESS method=AlertsFramesWindowsTests.browserWindows()[pri:2, instance:tests.AlertsFramesWindowsTests@1fb669c3] output={null}]]]>
              </value>
            </param>
          </params>
          <reporter-output>
          </reporter-output>
        </test-method> <!-- tearDown -->
        <test-method is-config="true" signature="setup(java.lang.reflect.Method)[pri:0, instance:tests.AlertsFramesWindowsTests@1fb669c3]" started-at="2025-09-11T17:04:05 IST" name="setup" finished-at="2025-09-11T17:04:11 IST" duration-ms="6301" status="PASS">
          <params>
            <param index="0">
              <value>
                <![CDATA[public void tests.AlertsFramesWindowsTests.browserWindowsNewTab()]]>
              </value>
            </param>
          </params>
          <reporter-output>
          </reporter-output>
        </test-method> <!-- setup -->
        <test-method signature="browserWindowsNewTab()[pri:3, instance:tests.AlertsFramesWindowsTests@1fb669c3]" started-at="2025-09-11T17:04:11 IST" name="browserWindowsNewTab" finished-at="2025-09-11T17:04:13 IST" duration-ms="1281" status="PASS">
          <reporter-output>
          </reporter-output>
        </test-method> <!-- browserWindowsNewTab -->
        <test-method is-config="true" signature="tearDown(org.testng.ITestResult)[pri:0, instance:tests.AlertsFramesWindowsTests@1fb669c3]" started-at="2025-09-11T17:04:13 IST" name="tearDown" finished-at="2025-09-11T17:04:13 IST" duration-ms="452" status="PASS">
          <params>
            <param index="0">
              <value>
                <![CDATA[[TestResult name=browserWindowsNewTab status=SUCCESS method=AlertsFramesWindowsTests.browserWindowsNewTab()[pri:3, instance:tests.AlertsFramesWindowsTests@1fb669c3] output={null}]]]>
              </value>
            </param>
          </params>
          <reporter-output>
          </reporter-output>
        </test-method> <!-- tearDown -->
        <test-method is-config="true" signature="setup(java.lang.reflect.Method)[pri:0, instance:tests.AlertsFramesWindowsTests@1fb669c3]" started-at="2025-09-11T17:04:13 IST" name="setup" finished-at="2025-09-11T17:04:29 IST" duration-ms="15735" status="PASS">
          <params>
            <param index="0">
              <value>
                <![CDATA[public void tests.AlertsFramesWindowsTests.browserWindowsNewWindow()]]>
              </value>
            </param>
          </params>
          <reporter-output>
          </reporter-output>
        </test-method> <!-- setup -->
        <test-method signature="browserWindowsNewWindow()[pri:4, instance:tests.AlertsFramesWindowsTests@1fb669c3]" started-at="2025-09-11T17:04:29 IST" name="browserWindowsNewWindow" finished-at="2025-09-11T17:04:30 IST" duration-ms="1149" status="PASS">
          <reporter-output>
          </reporter-output>
        </test-method> <!-- browserWindowsNewWindow -->
        <test-method is-config="true" signature="tearDown(org.testng.ITestResult)[pri:0, instance:tests.AlertsFramesWindowsTests@1fb669c3]" started-at="2025-09-11T17:04:30 IST" name="tearDown" finished-at="2025-09-11T17:04:32 IST" duration-ms="2087" status="PASS">
          <params>
            <param index="0">
              <value>
                <![CDATA[[TestResult name=browserWindowsNewWindow status=SUCCESS method=AlertsFramesWindowsTests.browserWindowsNewWindow()[pri:4, instance:tests.AlertsFramesWindowsTests@1fb669c3] output={null}]]]>
              </value>
            </param>
          </params>
          <reporter-output>
          </reporter-output>
        </test-method> <!-- tearDown -->
        <test-method is-config="true" signature="setup(java.lang.reflect.Method)[pri:0, instance:tests.AlertsFramesWindowsTests@1fb669c3]" started-at="2025-09-11T17:04:32 IST" name="setup" finished-at="2025-09-11T17:05:06 IST" duration-ms="34417" status="PASS">
          <params>
            <param index="0">
              <value>
                <![CDATA[public void tests.AlertsFramesWindowsTests.browserWindowsNewWindowMsg()]]>
              </value>
            </param>
          </params>
          <reporter-output>
          </reporter-output>
        </test-method> <!-- setup -->
        <test-method signature="browserWindowsNewWindowMsg()[pri:5, instance:tests.AlertsFramesWindowsTests@1fb669c3]" started-at="2025-09-11T17:05:06 IST" name="browserWindowsNewWindowMsg" finished-at="2025-09-11T17:05:08 IST" duration-ms="1366" status="PASS">
          <reporter-output>
          </reporter-output>
        </test-method> <!-- browserWindowsNewWindowMsg -->
        <test-method is-config="true" signature="tearDown(org.testng.ITestResult)[pri:0, instance:tests.AlertsFramesWindowsTests@1fb669c3]" started-at="2025-09-11T17:05:08 IST" name="tearDown" finished-at="2025-09-11T17:05:08 IST" duration-ms="453" status="PASS">
          <params>
            <param index="0">
              <value>
                <![CDATA[[TestResult name=browserWindowsNewWindowMsg status=SUCCESS method=AlertsFramesWindowsTests.browserWindowsNewWindowMsg()[pri:5, instance:tests.AlertsFramesWindowsTests@1fb669c3] output={null}]]]>
              </value>
            </param>
          </params>
          <reporter-output>
          </reporter-output>
        </test-method> <!-- tearDown -->
        <test-method is-config="true" signature="setup(java.lang.reflect.Method)[pri:0, instance:tests.AlertsFramesWindowsTests@1fb669c3]" started-at="2025-09-11T17:05:08 IST" name="setup" finished-at="2025-09-11T17:05:14 IST" duration-ms="5747" status="PASS">
          <params>
            <param index="0">
              <value>
                <![CDATA[public void tests.AlertsFramesWindowsTests.ClickAlerts()]]>
              </value>
            </param>
          </params>
          <reporter-output>
          </reporter-output>
        </test-method> <!-- setup -->
        <test-method signature="ClickAlerts()[pri:6, instance:tests.AlertsFramesWindowsTests@1fb669c3]" started-at="2025-09-11T17:05:14 IST" name="ClickAlerts" finished-at="2025-09-11T17:05:15 IST" duration-ms="534" status="PASS">
          <reporter-output>
          </reporter-output>
        </test-method> <!-- ClickAlerts -->
        <test-method is-config="true" signature="tearDown(org.testng.ITestResult)[pri:0, instance:tests.AlertsFramesWindowsTests@1fb669c3]" started-at="2025-09-11T17:05:15 IST" name="tearDown" finished-at="2025-09-11T17:05:15 IST" duration-ms="383" status="PASS">
          <params>
            <param index="0">
              <value>
                <![CDATA[[TestResult name=ClickAlerts status=SUCCESS method=AlertsFramesWindowsTests.ClickAlerts()[pri:6, instance:tests.AlertsFramesWindowsTests@1fb669c3] output={null}]]]>
              </value>
            </param>
          </params>
          <reporter-output>
          </reporter-output>
        </test-method> <!-- tearDown -->
        <test-method is-config="true" signature="setup(java.lang.reflect.Method)[pri:0, instance:tests.AlertsFramesWindowsTests@1fb669c3]" started-at="2025-09-11T17:05:15 IST" name="setup" finished-at="2025-09-11T17:05:21 IST" duration-ms="5956" status="PASS">
          <params>
            <param index="0">
              <value>
                <![CDATA[public void tests.AlertsFramesWindowsTests.ClickToSeeAlerts()]]>
              </value>
            </param>
          </params>
          <reporter-output>
          </reporter-output>
        </test-method> <!-- setup -->
        <test-method signature="ClickToSeeAlerts()[pri:7, instance:tests.AlertsFramesWindowsTests@1fb669c3]" started-at="2025-09-11T17:05:21 IST" name="ClickToSeeAlerts" finished-at="2025-09-11T17:05:27 IST" duration-ms="6268" status="PASS">
          <reporter-output>
          </reporter-output>
        </test-method> <!-- ClickToSeeAlerts -->
        <test-method is-config="true" signature="tearDown(org.testng.ITestResult)[pri:0, instance:tests.AlertsFramesWindowsTests@1fb669c3]" started-at="2025-09-11T17:05:27 IST" name="tearDown" finished-at="2025-09-11T17:05:28 IST" duration-ms="436" status="PASS">
          <params>
            <param index="0">
              <value>
                <![CDATA[[TestResult name=ClickToSeeAlerts status=SUCCESS method=AlertsFramesWindowsTests.ClickToSeeAlerts()[pri:7, instance:tests.AlertsFramesWindowsTests@1fb669c3] output={null}]]]>
              </value>
            </param>
          </params>
          <reporter-output>
          </reporter-output>
        </test-method> <!-- tearDown -->
        <test-method is-config="true" signature="setup(java.lang.reflect.Method)[pri:0, instance:tests.AlertsFramesWindowsTests@1fb669c3]" started-at="2025-09-11T17:05:28 IST" name="setup" finished-at="2025-09-11T17:05:30 IST" duration-ms="2283" status="PASS">
          <params>
            <param index="0">
              <value>
                <![CDATA[public void tests.AlertsFramesWindowsTests.ClickAcceptConfirmationBox()]]>
              </value>
            </param>
          </params>
          <reporter-output>
          </reporter-output>
        </test-method> <!-- setup -->
        <test-method signature="ClickAcceptConfirmationBox()[pri:8, instance:tests.AlertsFramesWindowsTests@1fb669c3]" started-at="2025-09-11T17:05:30 IST" name="ClickAcceptConfirmationBox" finished-at="2025-09-11T17:06:41 IST" duration-ms="71052" status="FAIL">
          <exception class="java.lang.RuntimeException">
            <message>
              <![CDATA[ smartClick failed after 3 attempts]]>
            </message>
            <full-stacktrace>
              <![CDATA[java.lang.RuntimeException:  smartClick failed after 3 attempts
at utils.ClickHandler.smartClick(ClickHandler.java:87)
at pages.homePage.clickAlertsFrameWindowsCard(homePage.java:36)
at pages.alertsframewindowsPage.accessAlertFramesWindows(alertsframewindowsPage.java:147)
at tests.AlertsFramesWindowsTests.ClickAcceptConfirmationBox(AlertsFramesWindowsTests.java:111)
at java.base/jdk.internal.reflect.DirectMethodHandleAccessor.invoke(DirectMethodHandleAccessor.java:103)
at java.base/java.lang.reflect.Method.invoke(Method.java:580)
at org.testng.internal.invokers.MethodInvocationHelper.invokeMethod(MethodInvocationHelper.java:141)
at org.testng.internal.invokers.TestInvoker.invokeMethod(TestInvoker.java:687)
at org.testng.internal.invokers.TestInvoker.invokeTestMethod(TestInvoker.java:230)
at org.testng.internal.invokers.MethodRunner.runInSequence(MethodRunner.java:63)
at org.testng.internal.invokers.TestInvoker$MethodInvocationAgent.invoke(TestInvoker.java:995)
at org.testng.internal.invokers.TestInvoker.invokeTestMethods(TestInvoker.java:203)
at org.testng.internal.invokers.TestMethodWorker.invokeTestMethods(TestMethodWorker.java:154)
at org.testng.internal.invokers.TestMethodWorker.run(TestMethodWorker.java:134)
at java.base/java.util.ArrayList.forEach(ArrayList.java:1596)
at org.testng.TestRunner.privateRun(TestRunner.java:741)
at org.testng.TestRunner.run(TestRunner.java:616)
at org.testng.SuiteRunner.runTest(SuiteRunner.java:421)
at org.testng.SuiteRunner.runSequentially(SuiteRunner.java:413)
at org.testng.SuiteRunner.privateRun(SuiteRunner.java:373)
at org.testng.SuiteRunner.run(SuiteRunner.java:312)
at org.testng.SuiteRunnerWorker.runSuite(SuiteRunnerWorker.java:52)
at org.testng.SuiteRunnerWorker.run(SuiteRunnerWorker.java:95)
at org.testng.TestNG.runSuitesSequentially(TestNG.java:1274)
at org.testng.TestNG.runSuitesLocally(TestNG.java:1208)
at org.testng.TestNG.runSuites(TestNG.java:1112)
at org.testng.TestNG.run(TestNG.java:1079)
at org.apache.maven.surefire.testng.TestNGExecutor.run(TestNGExecutor.java:155)
at org.apache.maven.surefire.testng.TestNGDirectoryTestSuite.executeMulti(TestNGDirectoryTestSuite.java:169)
at org.apache.maven.surefire.testng.TestNGDirectoryTestSuite.execute(TestNGDirectoryTestSuite.java:88)
at org.apache.maven.surefire.testng.TestNGProvider.invoke(TestNGProvider.java:137)
at org.apache.maven.surefire.booter.ForkedBooter.runSuitesInProcess(ForkedBooter.java:385)
at org.apache.maven.surefire.booter.ForkedBooter.execute(ForkedBooter.java:162)
at org.apache.maven.surefire.booter.ForkedBooter.run(ForkedBooter.java:507)
at org.apache.maven.surefire.booter.ForkedBooter.main(ForkedBooter.java:495)
Caused by: org.openqa.selenium.NoSuchElementException: no such element: Unable to locate element: {"method":"xpath","selector":"//body/div[@id='app']/div[@class='body-height']/div[@class='home-content']/div[@class='home-body']/div[@class='category-cards']/div[3]/div[1]"}
  (Session info: chrome=137.0.7151.120)
For documentation on this error, please visit: https://www.selenium.dev/documentation/webdriver/troubleshooting/errors#no-such-element-exception
Build info: version: '4.35.0', revision: '1c58e5028b'
System info: os.name: 'Windows 11', os.arch: 'amd64', os.version: '10.0', java.version: '21.0.7'
Driver info: org.openqa.selenium.chrome.ChromeDriver
Command: [29f6118a2c1cb2fa1b34a509788e26f7, findElement {using=xpath, value=//body/div[@id='app']/div[@class='body-height']/div[@class='home-content']/div[@class='home-body']/div[@class='category-cards']/div[3]/div[1]}]
Capabilities {acceptInsecureCerts: false, browserName: chrome, browserVersion: 137.0.7151.120, chrome: {chromedriverVersion: 137.0.7151.119 (e0ac9d12dff..., userDataDir: C:\Users\dell\AppData\Local...}, fedcm:accounts: true, goog:chromeOptions: {debuggerAddress: localhost:50858}, networkConnectionEnabled: false, pageLoadStrategy: normal, platformName: windows, proxy: Proxy(), se:cdp: ws://localhost:50858/devtoo..., se:cdpVersion: 137.0.7151.120, setWindowRect: true, strictFileInteractability: false, timeouts: {implicit: 0, pageLoad: 300000, script: 30000}, unhandledPromptBehavior: dismiss and notify, webauthn:extension:credBlob: true, webauthn:extension:largeBlob: true, webauthn:extension:minPinLength: true, webauthn:extension:prf: true, webauthn:virtualAuthenticators: true}
Session ID: 29f6118a2c1cb2fa1b34a509788e26f7
at java.base/jdk.internal.reflect.DirectConstructorHandleAccessor.newInstance(DirectConstructorHandleAccessor.java:62)
at java.base/java.lang.reflect.Constructor.newInstanceWithCaller(Constructor.java:502)
at java.base/java.lang.reflect.Constructor.newInstance(Constructor.java:486)
at org.openqa.selenium.remote.ErrorCodec.decode(ErrorCodec.java:167)
at org.openqa.selenium.remote.codec.w3c.W3CHttpResponseCodec.decode(W3CHttpResponseCodec.java:138)
at org.openqa.selenium.remote.codec.w3c.W3CHttpResponseCodec.decode(W3CHttpResponseCodec.java:50)
at org.openqa.selenium.remote.HttpCommandExecutor.execute(HttpCommandExecutor.java:215)
at org.openqa.selenium.remote.service.DriverCommandExecutor.invokeExecute(DriverCommandExecutor.java:216)
at org.openqa.selenium.remote.service.DriverCommandExecutor.execute(DriverCommandExecutor.java:174)
at org.openqa.selenium.remote.RemoteWebDriver.execute(RemoteWebDriver.java:557)
at org.openqa.selenium.remote.ElementLocation$ElementFinder$2.findElement(ElementLocation.java:165)
at org.openqa.selenium.remote.ElementLocation.findElement(ElementLocation.java:59)
at org.openqa.selenium.remote.RemoteWebDriver.findElement(RemoteWebDriver.java:380)
at org.openqa.selenium.remote.RemoteWebDriver.findElement(RemoteWebDriver.java:374)
at utils.ClickHandler.smartClick(ClickHandler.java:66)
... 34 more
]]>
            </full-stacktrace>
          </exception> <!-- java.lang.RuntimeException -->
          <reporter-output>
          </reporter-output>
        </test-method> <!-- ClickAcceptConfirmationBox -->
        <test-method is-config="true" signature="tearDown(org.testng.ITestResult)[pri:0, instance:tests.AlertsFramesWindowsTests@1fb669c3]" started-at="2025-09-11T17:06:41 IST" name="tearDown" finished-at="2025-09-11T17:06:41 IST" duration-ms="439" status="PASS">
          <params>
            <param index="0">
              <value>
                <![CDATA[[TestResult name=ClickAcceptConfirmationBox status=FAILURE method=AlertsFramesWindowsTests.ClickAcceptConfirmationBox()[pri:8, instance:tests.AlertsFramesWindowsTests@1fb669c3] output={null}]]]>
              </value>
            </param>
          </params>
          <reporter-output>
          </reporter-output>
        </test-method> <!-- tearDown -->
        <test-method is-config="true" signature="setup(java.lang.reflect.Method)[pri:0, instance:tests.AlertsFramesWindowsTests@1fb669c3]" started-at="2025-09-11T17:06:41 IST" name="setup" finished-at="2025-09-11T17:07:12 IST" duration-ms="30758" status="PASS">
          <params>
            <param index="0">
              <value>
                <![CDATA[public void tests.AlertsFramesWindowsTests.ClickDenyConfirmationBox()]]>
              </value>
            </param>
          </params>
          <reporter-output>
          </reporter-output>
        </test-method> <!-- setup -->
        <test-method signature="ClickDenyConfirmationBox()[pri:8, instance:tests.AlertsFramesWindowsTests@1fb669c3]" started-at="2025-09-11T17:07:12 IST" name="ClickDenyConfirmationBox" finished-at="2025-09-11T17:07:13 IST" duration-ms="1076" status="PASS">
          <reporter-output>
          </reporter-output>
        </test-method> <!-- ClickDenyConfirmationBox -->
        <test-method is-config="true" signature="tearDown(org.testng.ITestResult)[pri:0, instance:tests.AlertsFramesWindowsTests@1fb669c3]" started-at="2025-09-11T17:07:13 IST" name="tearDown" finished-at="2025-09-11T17:07:14 IST" duration-ms="454" status="PASS">
          <params>
            <param index="0">
              <value>
                <![CDATA[[TestResult name=ClickDenyConfirmationBox status=SUCCESS method=AlertsFramesWindowsTests.ClickDenyConfirmationBox()[pri:8, instance:tests.AlertsFramesWindowsTests@1fb669c3] output={null}]]]>
              </value>
            </param>
          </params>
          <reporter-output>
          </reporter-output>
        </test-method> <!-- tearDown -->
        <test-method is-config="true" signature="setup(java.lang.reflect.Method)[pri:0, instance:tests.AlertsFramesWindowsTests@1fb669c3]" started-at="2025-09-11T17:07:14 IST" name="setup" finished-at="2025-09-11T17:07:28 IST" duration-ms="14493" status="PASS">
          <params>
            <param index="0">
              <value>
                <![CDATA[public void tests.AlertsFramesWindowsTests.ClickPromptBoxFill()]]>
              </value>
            </param>
          </params>
          <reporter-output>
          </reporter-output>
        </test-method> <!-- setup -->
        <test-method signature="ClickPromptBoxFill()[pri:9, instance:tests.AlertsFramesWindowsTests@1fb669c3]" started-at="2025-09-11T17:07:28 IST" name="ClickPromptBoxFill" finished-at="2025-09-11T17:07:29 IST" duration-ms="1314" status="PASS">
          <reporter-output>
          </reporter-output>
        </test-method> <!-- ClickPromptBoxFill -->
        <test-method is-config="true" signature="tearDown(org.testng.ITestResult)[pri:0, instance:tests.AlertsFramesWindowsTests@1fb669c3]" started-at="2025-09-11T17:07:29 IST" name="tearDown" finished-at="2025-09-11T17:07:30 IST" duration-ms="411" status="PASS">
          <params>
            <param index="0">
              <value>
                <![CDATA[[TestResult name=ClickPromptBoxFill status=SUCCESS method=AlertsFramesWindowsTests.ClickPromptBoxFill()[pri:9, instance:tests.AlertsFramesWindowsTests@1fb669c3] output={null}]]]>
              </value>
            </param>
          </params>
          <reporter-output>
          </reporter-output>
        </test-method> <!-- tearDown -->
        <test-method is-config="true" signature="setup(java.lang.reflect.Method)[pri:0, instance:tests.AlertsFramesWindowsTests@1fb669c3]" started-at="2025-09-11T17:07:30 IST" name="setup" finished-at="2025-09-11T17:07:36 IST" duration-ms="6538" status="PASS">
          <params>
            <param index="0">
              <value>
                <![CDATA[public void tests.AlertsFramesWindowsTests.ClickFrames()]]>
              </value>
            </param>
          </params>
          <reporter-output>
          </reporter-output>
        </test-method> <!-- setup -->
        <test-method signature="ClickFrames()[pri:10, instance:tests.AlertsFramesWindowsTests@1fb669c3]" started-at="2025-09-11T17:07:36 IST" name="ClickFrames" finished-at="2025-09-11T17:07:38 IST" duration-ms="1276" status="PASS">
          <reporter-output>
          </reporter-output>
        </test-method> <!-- ClickFrames -->
        <test-method is-config="true" signature="tearDown(org.testng.ITestResult)[pri:0, instance:tests.AlertsFramesWindowsTests@1fb669c3]" started-at="2025-09-11T17:07:38 IST" name="tearDown" finished-at="2025-09-11T17:07:38 IST" duration-ms="536" status="PASS">
          <params>
            <param index="0">
              <value>
                <![CDATA[[TestResult name=ClickFrames status=SUCCESS method=AlertsFramesWindowsTests.ClickFrames()[pri:10, instance:tests.AlertsFramesWindowsTests@1fb669c3] output={null}]]]>
              </value>
            </param>
          </params>
          <reporter-output>
          </reporter-output>
        </test-method> <!-- tearDown -->
        <test-method is-config="true" signature="setup(java.lang.reflect.Method)[pri:0, instance:tests.AlertsFramesWindowsTests@1fb669c3]" started-at="2025-09-11T17:07:38 IST" name="setup" finished-at="2025-09-11T17:07:54 IST" duration-ms="16226" status="PASS">
          <params>
            <param index="0">
              <value>
                <![CDATA[public void tests.AlertsFramesWindowsTests.GetFrame1()]]>
              </value>
            </param>
          </params>
          <reporter-output>
          </reporter-output>
        </test-method> <!-- setup -->
        <test-method signature="GetFrame1()[pri:11, instance:tests.AlertsFramesWindowsTests@1fb669c3]" started-at="2025-09-11T17:07:54 IST" name="GetFrame1" finished-at="2025-09-11T17:07:55 IST" duration-ms="936" status="PASS">
          <reporter-output>
          </reporter-output>
        </test-method> <!-- GetFrame1 -->
        <test-method is-config="true" signature="tearDown(org.testng.ITestResult)[pri:0, instance:tests.AlertsFramesWindowsTests@1fb669c3]" started-at="2025-09-11T17:07:55 IST" name="tearDown" finished-at="2025-09-11T17:07:56 IST" duration-ms="476" status="PASS">
          <params>
            <param index="0">
              <value>
                <![CDATA[[TestResult name=GetFrame1 status=SUCCESS method=AlertsFramesWindowsTests.GetFrame1()[pri:11, instance:tests.AlertsFramesWindowsTests@1fb669c3] output={null}]]]>
              </value>
            </param>
          </params>
          <reporter-output>
          </reporter-output>
        </test-method> <!-- tearDown -->
        <test-method is-config="true" signature="setup(java.lang.reflect.Method)[pri:0, instance:tests.AlertsFramesWindowsTests@1fb669c3]" started-at="2025-09-11T17:07:56 IST" name="setup" finished-at="2025-09-11T17:08:12 IST" duration-ms="16040" status="PASS">
          <params>
            <param index="0">
              <value>
                <![CDATA[public void tests.AlertsFramesWindowsTests.GetFrame2()]]>
              </value>
            </param>
          </params>
          <reporter-output>
          </reporter-output>
        </test-method> <!-- setup -->
        <test-method signature="GetFrame2()[pri:12, instance:tests.AlertsFramesWindowsTests@1fb669c3]" started-at="2025-09-11T17:08:12 IST" name="GetFrame2" finished-at="2025-09-11T17:08:13 IST" duration-ms="1382" status="PASS">
          <reporter-output>
          </reporter-output>
        </test-method> <!-- GetFrame2 -->
        <test-method is-config="true" signature="tearDown(org.testng.ITestResult)[pri:0, instance:tests.AlertsFramesWindowsTests@1fb669c3]" started-at="2025-09-11T17:08:13 IST" name="tearDown" finished-at="2025-09-11T17:08:15 IST" duration-ms="1919" status="PASS">
          <params>
            <param index="0">
              <value>
                <![CDATA[[TestResult name=GetFrame2 status=SUCCESS method=AlertsFramesWindowsTests.GetFrame2()[pri:12, instance:tests.AlertsFramesWindowsTests@1fb669c3] output={null}]]]>
              </value>
            </param>
          </params>
          <reporter-output>
          </reporter-output>
        </test-method> <!-- tearDown -->
        <test-method is-config="true" signature="setup(java.lang.reflect.Method)[pri:0, instance:tests.AlertsFramesWindowsTests@1fb669c3]" started-at="2025-09-11T17:08:15 IST" name="setup" finished-at="2025-09-11T17:08:45 IST" duration-ms="29521" status="PASS">
          <params>
            <param index="0">
              <value>
                <![CDATA[public void tests.AlertsFramesWindowsTests.ClickModalDialogs()]]>
              </value>
            </param>
          </params>
          <reporter-output>
          </reporter-output>
        </test-method> <!-- setup -->
        <test-method signature="ClickModalDialogs()[pri:13, instance:tests.AlertsFramesWindowsTests@1fb669c3]" started-at="2025-09-11T17:08:45 IST" name="ClickModalDialogs" finished-at="2025-09-11T17:08:45 IST" duration-ms="415" status="PASS">
          <reporter-output>
          </reporter-output>
        </test-method> <!-- ClickModalDialogs -->
        <test-method is-config="true" signature="tearDown(org.testng.ITestResult)[pri:0, instance:tests.AlertsFramesWindowsTests@1fb669c3]" started-at="2025-09-11T17:08:45 IST" name="tearDown" finished-at="2025-09-11T17:08:45 IST" duration-ms="342" status="PASS">
          <params>
            <param index="0">
              <value>
                <![CDATA[[TestResult name=ClickModalDialogs status=SUCCESS method=AlertsFramesWindowsTests.ClickModalDialogs()[pri:13, instance:tests.AlertsFramesWindowsTests@1fb669c3] output={null}]]]>
              </value>
            </param>
          </params>
          <reporter-output>
          </reporter-output>
        </test-method> <!-- tearDown -->
        <test-method is-config="true" signature="setup(java.lang.reflect.Method)[pri:0, instance:tests.AlertsFramesWindowsTests@1fb669c3]" started-at="2025-09-11T17:08:45 IST" name="setup" finished-at="2025-09-11T17:08:58 IST" duration-ms="12812" status="PASS">
          <params>
            <param index="0">
              <value>
                <![CDATA[public void tests.AlertsFramesWindowsTests.ClickNestedFrames()]]>
              </value>
            </param>
          </params>
          <reporter-output>
          </reporter-output>
        </test-method> <!-- setup -->
        <test-method signature="ClickNestedFrames()[pri:13, instance:tests.AlertsFramesWindowsTests@1fb669c3]" started-at="2025-09-11T17:08:58 IST" name="ClickNestedFrames" finished-at="2025-09-11T17:08:59 IST" duration-ms="501" status="PASS">
          <reporter-output>
          </reporter-output>
        </test-method> <!-- ClickNestedFrames -->
        <test-method is-config="true" signature="tearDown(org.testng.ITestResult)[pri:0, instance:tests.AlertsFramesWindowsTests@1fb669c3]" started-at="2025-09-11T17:08:59 IST" name="tearDown" finished-at="2025-09-11T17:08:59 IST" duration-ms="340" status="PASS">
          <params>
            <param index="0">
              <value>
                <![CDATA[[TestResult name=ClickNestedFrames status=SUCCESS method=AlertsFramesWindowsTests.ClickNestedFrames()[pri:13, instance:tests.AlertsFramesWindowsTests@1fb669c3] output={null}]]]>
              </value>
            </param>
          </params>
          <reporter-output>
          </reporter-output>
        </test-method> <!-- tearDown -->
        <test-method is-config="true" signature="setup(java.lang.reflect.Method)[pri:0, instance:tests.AlertsFramesWindowsTests@1fb669c3]" started-at="2025-09-11T17:08:59 IST" name="setup" finished-at="2025-09-11T17:09:12 IST" duration-ms="12898" status="PASS">
          <params>
            <param index="0">
              <value>
                <![CDATA[public void tests.AlertsFramesWindowsTests.ClickLargeModal()]]>
              </value>
            </param>
          </params>
          <reporter-output>
          </reporter-output>
        </test-method> <!-- setup -->
        <test-method signature="ClickLargeModal()[pri:14, instance:tests.AlertsFramesWindowsTests@1fb669c3]" started-at="2025-09-11T17:09:12 IST" name="ClickLargeModal" finished-at="2025-09-11T17:09:13 IST" duration-ms="1188" status="PASS">
          <reporter-output>
          </reporter-output>
        </test-method> <!-- ClickLargeModal -->
        <test-method is-config="true" signature="tearDown(org.testng.ITestResult)[pri:0, instance:tests.AlertsFramesWindowsTests@1fb669c3]" started-at="2025-09-11T17:09:13 IST" name="tearDown" finished-at="2025-09-11T17:09:14 IST" duration-ms="401" status="PASS">
          <params>
            <param index="0">
              <value>
                <![CDATA[[TestResult name=ClickLargeModal status=SUCCESS method=AlertsFramesWindowsTests.ClickLargeModal()[pri:14, instance:tests.AlertsFramesWindowsTests@1fb669c3] output={null}]]]>
              </value>
            </param>
          </params>
          <reporter-output>
          </reporter-output>
        </test-method> <!-- tearDown -->
        <test-method is-config="true" signature="setup(java.lang.reflect.Method)[pri:0, instance:tests.AlertsFramesWindowsTests@1fb669c3]" started-at="2025-09-11T17:09:14 IST" name="setup" finished-at="2025-09-11T17:09:28 IST" duration-ms="14136" status="PASS">
          <params>
            <param index="0">
              <value>
                <![CDATA[public void tests.AlertsFramesWindowsTests.ClickSmallModal()]]>
              </value>
            </param>
          </params>
          <reporter-output>
          </reporter-output>
        </test-method> <!-- setup -->
        <test-method signature="ClickSmallModal()[pri:14, instance:tests.AlertsFramesWindowsTests@1fb669c3]" started-at="2025-09-11T17:09:28 IST" name="ClickSmallModal" finished-at="2025-09-11T17:09:29 IST" duration-ms="1429" status="PASS">
          <reporter-output>
          </reporter-output>
        </test-method> <!-- ClickSmallModal -->
        <test-method is-config="true" signature="tearDown(org.testng.ITestResult)[pri:0, instance:tests.AlertsFramesWindowsTests@1fb669c3]" started-at="2025-09-11T17:09:29 IST" name="tearDown" finished-at="2025-09-11T17:09:30 IST" duration-ms="568" status="PASS">
          <params>
            <param index="0">
              <value>
                <![CDATA[[TestResult name=ClickSmallModal status=SUCCESS method=AlertsFramesWindowsTests.ClickSmallModal()[pri:14, instance:tests.AlertsFramesWindowsTests@1fb669c3] output={null}]]]>
              </value>
            </param>
          </params>
          <reporter-output>
          </reporter-output>
        </test-method> <!-- tearDown -->
        <test-method is-config="true" signature="setup(java.lang.reflect.Method)[pri:0, instance:tests.AlertsFramesWindowsTests@1fb669c3]" started-at="2025-09-11T17:09:30 IST" name="setup" finished-at="2025-09-11T17:10:08 IST" duration-ms="38347" status="PASS">
          <params>
            <param index="0">
              <value>
                <![CDATA[public void tests.AlertsFramesWindowsTests.GetParentFrame()]]>
              </value>
            </param>
          </params>
          <reporter-output>
          </reporter-output>
        </test-method> <!-- setup -->
        <test-method signature="GetParentFrame()[pri:14, instance:tests.AlertsFramesWindowsTests@1fb669c3]" started-at="2025-09-11T17:10:08 IST" name="GetParentFrame" finished-at="2025-09-11T17:10:12 IST" duration-ms="3750" status="PASS">
          <reporter-output>
          </reporter-output>
        </test-method> <!-- GetParentFrame -->
        <test-method is-config="true" signature="tearDown(org.testng.ITestResult)[pri:0, instance:tests.AlertsFramesWindowsTests@1fb669c3]" started-at="2025-09-11T17:10:12 IST" name="tearDown" finished-at="2025-09-11T17:10:12 IST" duration-ms="451" status="PASS">
          <params>
            <param index="0">
              <value>
                <![CDATA[[TestResult name=GetParentFrame status=SUCCESS method=AlertsFramesWindowsTests.GetParentFrame()[pri:14, instance:tests.AlertsFramesWindowsTests@1fb669c3] output={null}]]]>
              </value>
            </param>
          </params>
          <reporter-output>
          </reporter-output>
        </test-method> <!-- tearDown -->
        <test-method is-config="true" signature="setup(java.lang.reflect.Method)[pri:0, instance:tests.AlertsFramesWindowsTests@1fb669c3]" started-at="2025-09-11T17:10:12 IST" name="setup" finished-at="2025-09-11T17:10:19 IST" duration-ms="6409" status="PASS">
          <params>
            <param index="0">
              <value>
                <![CDATA[public void tests.AlertsFramesWindowsTests.GetChildFrame()]]>
              </value>
            </param>
          </params>
          <reporter-output>
          </reporter-output>
        </test-method> <!-- setup -->
        <test-method signature="GetChildFrame()[pri:15, instance:tests.AlertsFramesWindowsTests@1fb669c3]" started-at="2025-09-11T17:10:19 IST" name="GetChildFrame" finished-at="2025-09-11T17:10:20 IST" duration-ms="1073" status="PASS">
          <reporter-output>
          </reporter-output>
        </test-method> <!-- GetChildFrame -->
        <test-method is-config="true" signature="tearDown(org.testng.ITestResult)[pri:0, instance:tests.AlertsFramesWindowsTests@1fb669c3]" started-at="2025-09-11T17:10:20 IST" name="tearDown" finished-at="2025-09-11T17:10:20 IST" duration-ms="410" status="PASS">
          <params>
            <param index="0">
              <value>
                <![CDATA[[TestResult name=GetChildFrame status=SUCCESS method=AlertsFramesWindowsTests.GetChildFrame()[pri:15, instance:tests.AlertsFramesWindowsTests@1fb669c3] output={null}]]]>
              </value>
            </param>
          </params>
          <reporter-output>
          </reporter-output>
        </test-method> <!-- tearDown -->
        <test-method is-config="true" signature="teardownSuite()[pri:0, instance:tests.AlertsFramesWindowsTests@1fb669c3]" started-at="2025-09-11T18:22:16 IST" name="teardownSuite" finished-at="2025-09-11T18:22:49 IST" duration-ms="32377" status="PASS">
          <reporter-output>
          </reporter-output>
        </test-method> <!-- teardownSuite -->
      </class> <!-- tests.AlertsFramesWindowsTests -->
    </test> <!-- Surefire test -->
  </suite> <!-- Surefire suite -->
</testng-results>
