<?xml version="1.0" encoding="UTF-8"?>
<testsuite xmlns:xsi="http://www.w3.org/2001/XMLSchema-instance" xsi:noNamespaceSchemaLocation="https://maven.apache.org/surefire/maven-surefire-plugin/xsd/surefire-test-report-3.0.xsd" version="3.0" name="TestSuite" time="1103.614" tests="81" errors="0" skipped="0" failures="3">
  <properties>
[...]
</properties>
  <testcase name="accessAlertsFrameWindows" classname="tests.AlertsFramesWindowsTests" time="0.666">
    <system-out><![CDATA[2025-08-25T05:00:47.689111500Z main INFO Starting configuration XmlConfiguration[location=C:\ASN\eclipse_workspace\demoqa-automation\target\classes\log4j2.xml, lastModified=2025-08-05T03:16:47.250Z]...
2025-08-25T05:00:47.689111500Z main INFO Start watching for changes to C:\ASN\eclipse_workspace\demoqa-automation\target\classes\log4j2.xml every 0 seconds
2025-08-25T05:00:47.689111500Z main INFO Configuration XmlConfiguration[location=C:\ASN\eclipse_workspace\demoqa-automation\target\classes\log4j2.xml, lastModified=2025-08-05T03:16:47.250Z] started.
2025-08-25T05:00:47.695684400Z main INFO Stopping configuration org.apache.logging.log4j.core.config.DefaultConfiguration@60099951...
2025-08-25T05:00:47.695684400Z main INFO Configuration org.apache.logging.log4j.core.config.DefaultConfiguration@60099951 stopped.
2025-08-25 10:30:48 [main] INFO  demoqaBase - Starting Web Browser...
2025-08-25 10:30:50 [main] INFO  demoqaBase - Navigating to demoqa.com Website
2025-08-25 10:31:02 [main] INFO  RetryUrlAccess - Successfully navigated to: https://demoqa.com
2025-08-25 10:31:02 [main] INFO  demoqaBase - Starting Test Alerts, Frames & Windows...
2025-08-25 10:31:02 [main] INFO  demoqaBase - Accessing Alerts, Frame & Windows Card...
Declared Instance WebDriverWait: org.openqa.selenium.support.ui.WebDriverWait@61c76850
2025-08-25 10:31:02 [main] INFO  demoqaLog - Clicking on Alert Frame & Windows Card...
2025-08-25 10:31:03 [main] INFO  demoqaLog - Clicked on on Alert Frame & Windows Card...
Title of this Page is: DEMOQA
You can now access: Alerts, Frame & Windows
2025-08-25 10:31:03 [main] INFO  demoqaBase - Page: Alerts, Frame & Windows Card...
2025-08-25 10:31:03 [main] INFO  demoqaBase -  Alerts, Frames & Windows Test Completed...
]]></system-out>
    <system-err><![CDATA[SLF4J(W): No SLF4J providers were found.
SLF4J(W): Defaulting to no-operation (NOP) logger implementation
SLF4J(W): See https://www.slf4j.org/codes.html#noProviders for further details.
]]></system-err>
  </testcase>
  <testcase name="browserWindows" classname="tests.AlertsFramesWindowsTests" time="0.719">
    <system-out><![CDATA[2025-08-25 10:31:03 [main] INFO  demoqaBase - Closing the Browser...
2025-08-25 10:31:04 [main] INFO  demoqaBase - Starting Web Browser...
2025-08-25 10:31:05 [main] INFO  demoqaBase - Navigating to demoqa.com Website
2025-08-25 10:31:20 [main] INFO  RetryUrlAccess - Successfully navigated to: https://demoqa.com
2025-08-25 10:31:20 [main] INFO  demoqaBase - Starting Test Alerts, Frames & Windows...
2025-08-25 10:31:20 [main] INFO  demoqaBase - Accessing Alerts, Frame & Windows Card...
Declared Instance WebDriverWait: org.openqa.selenium.support.ui.WebDriverWait@3f29e26
2025-08-25 10:31:20 [main] INFO  demoqaLog - Clicking on Alert Frame & Windows Card...
2025-08-25 10:31:20 [main] INFO  demoqaLog - Clicked on on Alert Frame & Windows Card...
Title of this Page is: DEMOQA
You can now access: Alerts, Frame & Windows
2025-08-25 10:31:20 [main] INFO  demoqaBase - Page: Alerts, Frame & Windows Card...
2025-08-25 10:31:20 [main] INFO  demoqaBase - Clicking on Alerts, Frame & Windows Card|Browser Windows...
You are now Accessing: Browser Windows
2025-08-25 10:31:21 [main] INFO  demoqaBase - You are now Accessing: Browser Windows
2025-08-25 10:31:21 [main] INFO  demoqaBase -  Alerts, Frames & Windows|Browser Windows Test Completed...
]]></system-out>
  </testcase>
  <testcase name="browserWindowsNewTab" classname="tests.AlertsFramesWindowsTests" time="1.237">
    <system-out><![CDATA[2025-08-25 10:31:21 [main] INFO  demoqaBase - Closing the Browser...
2025-08-25 10:31:21 [main] INFO  demoqaBase - Starting Web Browser...
2025-08-25 10:31:23 [main] INFO  demoqaBase - Navigating to demoqa.com Website
2025-08-25 10:31:34 [main] INFO  RetryUrlAccess - Successfully navigated to: https://demoqa.com
2025-08-25 10:31:34 [main] INFO  demoqaBase - Starting Test Alerts, Frames & Windows|New Tab...
2025-08-25 10:31:34 [main] INFO  demoqaBase - Accessing Alerts, Frame & Windows Card...
Declared Instance WebDriverWait: org.openqa.selenium.support.ui.WebDriverWait@49a26d19
2025-08-25 10:31:34 [main] INFO  demoqaLog - Clicking on Alert Frame & Windows Card...
2025-08-25 10:31:35 [main] INFO  demoqaLog - Clicked on on Alert Frame & Windows Card...
Title of this Page is: DEMOQA
You can now access: Alerts, Frame & Windows
2025-08-25 10:31:35 [main] INFO  demoqaBase - Page: Alerts, Frame & Windows Card...
2025-08-25 10:31:35 [main] INFO  demoqaBase - Clicking on Alerts, Frame & Windows Card|Browser Windows...
You are now Accessing: Browser Windows
2025-08-25 10:31:35 [main] INFO  demoqaBase - You are now Accessing: Browser Windows
2025-08-25 10:31:35 [main] INFO  demoqaBase - Initiating New Tab click sequence...
2025-08-25 10:31:35 [main] INFO  demoqaBase - Clicked New Tab button
2025-08-25 10:31:35 [main] INFO  demoqaBase - Switched to new tab: EF26318B6CDA8724BAC57339A753FCA5
2025-08-25 10:31:36 [main] INFO  demoqaBase - New tab content: 'This is a sample page'
You are now accessing: This is a sample page
2025-08-25 10:31:36 [main] INFO  demoqaBase -  Alerts, Frames & Windows|Browser Windows|New Tab Test Completed...
]]></system-out>
  </testcase>
  <testcase name="browserWindowsNewWindow" classname="tests.AlertsFramesWindowsTests" time="1.239">
    <system-out><![CDATA[2025-08-25 10:31:36 [main] INFO  demoqaBase - Closing the Browser...
2025-08-25 10:31:36 [main] INFO  demoqaBase - Starting Web Browser...
2025-08-25 10:31:38 [main] INFO  demoqaBase - Navigating to demoqa.com Website
2025-08-25 10:31:48 [main] INFO  RetryUrlAccess - Successfully navigated to: https://demoqa.com
2025-08-25 10:31:48 [main] INFO  demoqaBase - Starting Test Alerts, Frames & Windows|New Window...
2025-08-25 10:31:48 [main] INFO  demoqaBase - Accessing Alerts, Frame & Windows Card...
Declared Instance WebDriverWait: org.openqa.selenium.support.ui.WebDriverWait@1d540566
2025-08-25 10:31:48 [main] INFO  demoqaLog - Clicking on Alert Frame & Windows Card...
2025-08-25 10:31:49 [main] INFO  demoqaLog - Clicked on on Alert Frame & Windows Card...
Title of this Page is: DEMOQA
You can now access: Alerts, Frame & Windows
2025-08-25 10:31:49 [main] INFO  demoqaBase - Page: Alerts, Frame & Windows Card...
2025-08-25 10:31:49 [main] INFO  demoqaBase - Clicking on Alerts, Frame & Windows Card|Browser Windows...
You are now Accessing: Browser Windows
2025-08-25 10:31:49 [main] INFO  demoqaBase - You are now Accessing: Browser Windows
2025-08-25 10:31:49 [main] INFO  demoqaBase - Initiating New Window click sequence...
2025-08-25 10:31:50 [main] INFO  demoqaBase - Clicked New Window button
2025-08-25 10:31:50 [main] INFO  demoqaBase - Switched to new tab: 6814A2E875E283587C2D4F12684E4DBB
2025-08-25 10:31:50 [main] INFO  demoqaBase - New tab content: 'This is a sample page'
You are now accessing: This is a sample page
2025-08-25 10:31:50 [main] INFO  demoqaBase -  Alerts, Frames & Windows|Browser Windows|New Window Test Completed...
]]></system-out>
  </testcase>
  <testcase name="browserWindowsNewWindowMsg" classname="tests.AlertsFramesWindowsTests" time="1.076">
    <system-out><![CDATA[2025-08-25 10:31:50 [main] INFO  demoqaBase - Closing the Browser...
2025-08-25 10:31:50 [main] INFO  demoqaBase - Starting Web Browser...
2025-08-25 10:31:52 [main] INFO  demoqaBase - Navigating to demoqa.com Website
2025-08-25 10:32:00 [main] INFO  RetryUrlAccess - Successfully navigated to: https://demoqa.com
2025-08-25 10:32:00 [main] INFO  demoqaBase - Starting Test Alerts, Frames & Windows|New Window Message...
2025-08-25 10:32:00 [main] INFO  demoqaBase - Accessing Alerts, Frame & Windows Card...
Declared Instance WebDriverWait: org.openqa.selenium.support.ui.WebDriverWait@51a6cc2a
2025-08-25 10:32:00 [main] INFO  demoqaLog - Clicking on Alert Frame & Windows Card...
2025-08-25 10:32:00 [main] INFO  demoqaLog - Clicked on on Alert Frame & Windows Card...
Title of this Page is: DEMOQA
You can now access: Alerts, Frame & Windows
2025-08-25 10:32:00 [main] INFO  demoqaBase - Page: Alerts, Frame & Windows Card...
2025-08-25 10:32:00 [main] INFO  demoqaBase - Clicking on Alerts, Frame & Windows Card|Browser Windows...
You are now Accessing: Browser Windows
2025-08-25 10:32:00 [main] INFO  demoqaBase - You are now Accessing: Browser Windows
2025-08-25 10:32:00 [main] INFO  demoqaBase - 🔍 Starting 'New Window Message' click sequence...
2025-08-25 10:32:01 [main] INFO  demoqaBase - 🔀 Switched to new window: 4DDC84A950F5C5B71290835D88199655
2025-08-25 10:32:01 [main] INFO  demoqaBase - ✅ Verified new popup window opened successfully.
2025-08-25 10:32:01 [main] INFO  demoqaBase - ↩️ Switched back to original window: CFB8127ABC4897563BFBBFA427C4C4E2
2025-08-25 10:32:01 [main] INFO  demoqaBase - ✅ 'New Window Message' flow completed successfully.
2025-08-25 10:32:01 [main] INFO  demoqaBase -  Alerts, Frames & Windows|Browser Windows|New Window Message Test Completed...
]]></system-out>
  </testcase>
  <testcase name="ClickAlerts" classname="tests.AlertsFramesWindowsTests" time="0.621">
    <system-out><![CDATA[2025-08-25 10:32:01 [main] INFO  demoqaBase - Closing the Browser...
2025-08-25 10:32:01 [main] INFO  demoqaBase - Starting Web Browser...
2025-08-25 10:32:03 [main] INFO  demoqaBase - Navigating to demoqa.com Website
2025-08-25 10:32:14 [main] INFO  RetryUrlAccess - Successfully navigated to: https://demoqa.com
2025-08-25 10:32:14 [main] INFO  demoqaBase - Starting Test Alerts, Frames & Windows|New Window Message...
2025-08-25 10:32:14 [main] INFO  demoqaBase - Accessing Alerts, Frame & Windows Card...
Declared Instance WebDriverWait: org.openqa.selenium.support.ui.WebDriverWait@36c2b646
2025-08-25 10:32:14 [main] INFO  demoqaLog - Clicking on Alert Frame & Windows Card...
2025-08-25 10:32:15 [main] INFO  demoqaLog - Clicked on on Alert Frame & Windows Card...
Title of this Page is: DEMOQA
You can now access: Alerts, Frame & Windows
2025-08-25 10:32:15 [main] INFO  demoqaBase - Page: Alerts, Frame & Windows Card...
2025-08-25 10:32:15 [main] INFO  demoqaBase - 🔍 Starting test for Alerts click ..
2025-08-25 10:32:15 [main] INFO  demoqaBase - ✅ Clicked on Alerts...
2025-08-25 10:32:15 [main] INFO  demoqaBase - Page Title is: Alerts
2025-08-25 10:32:15 [main] INFO  demoqaBase -  Alerts, Frames & Windows|Alerts Test Completed...
]]></system-out>
  </testcase>
  <testcase name="ClickToSeeAlerts" classname="tests.AlertsFramesWindowsTests" time="5.838">
    <system-out><![CDATA[2025-08-25 10:32:15 [main] INFO  demoqaBase - Closing the Browser...
2025-08-25 10:32:15 [main] INFO  demoqaBase - Starting Web Browser...
2025-08-25 10:32:17 [main] INFO  demoqaBase - Navigating to demoqa.com Website
2025-08-25 10:32:24 [main] INFO  RetryUrlAccess - Successfully navigated to: https://demoqa.com
2025-08-25 10:32:24 [main] INFO  demoqaBase - Starting Test Alerts, Frames & Windows|Alerts|Click button to see Alert...
2025-08-25 10:32:24 [main] INFO  demoqaBase - Accessing Alerts, Frame & Windows Card...
Declared Instance WebDriverWait: org.openqa.selenium.support.ui.WebDriverWait@3c87fdf2
2025-08-25 10:32:24 [main] INFO  demoqaLog - Clicking on Alert Frame & Windows Card...
2025-08-25 10:32:24 [main] INFO  demoqaLog - Clicked on on Alert Frame & Windows Card...
Title of this Page is: DEMOQA
You can now access: Alerts, Frame & Windows
2025-08-25 10:32:24 [main] INFO  demoqaBase - Page: Alerts, Frame & Windows Card...
2025-08-25 10:32:24 [main] INFO  demoqaBase - 🔍 Starting test for Alerts click ..
2025-08-25 10:32:24 [main] INFO  demoqaBase - ✅ Clicked on Alerts...
2025-08-25 10:32:24 [main] INFO  demoqaBase - Page Title is: Alerts
2025-08-25 10:32:24 [main] INFO  demoqaBase - 🔍 Starting test for On button click, alert will appear after 5 seconds...
2025-08-25 10:32:24 [main] INFO  demoqaBase - ✅ Clicked on Click Button to see Alert after 5 seconds...
2025-08-25 10:32:29 [main] INFO  demoqaBase - ✅ On button click, alert will appear after 5 seconds, message is: This alert appeared after 5 seconds
2025-08-25 10:32:29 [main] INFO  demoqaBase -  Alerts, Frames & Windows|Alerts|Click button to see Alert Test Completed...
]]></system-out>
  </testcase>
  <testcase name="ClickAcceptConfirmationBox" classname="tests.AlertsFramesWindowsTests" time="0.973">
    <system-out><![CDATA[2025-08-25 10:32:29 [main] INFO  demoqaBase - Closing the Browser...
2025-08-25 10:32:30 [main] INFO  demoqaBase - Starting Web Browser...
2025-08-25 10:32:31 [main] INFO  demoqaBase - Navigating to demoqa.com Website
2025-08-25 10:32:37 [main] INFO  RetryUrlAccess - Successfully navigated to: https://demoqa.com
2025-08-25 10:32:37 [main] INFO  demoqaBase - Starting Test Alerts, Frames & Windows|AlertsOn button click, confirm box will appear, Accept...
2025-08-25 10:32:37 [main] INFO  demoqaBase - Accessing Alerts, Frame & Windows Card...
Declared Instance WebDriverWait: org.openqa.selenium.support.ui.WebDriverWait@1391af3b
2025-08-25 10:32:37 [main] INFO  demoqaLog - Clicking on Alert Frame & Windows Card...
2025-08-25 10:32:37 [main] INFO  demoqaLog - Clicked on on Alert Frame & Windows Card...
Title of this Page is: DEMOQA
You can now access: Alerts, Frame & Windows
2025-08-25 10:32:38 [main] INFO  demoqaBase - Page: Alerts, Frame & Windows Card...
2025-08-25 10:32:38 [main] INFO  demoqaBase - 🔍 Starting test for Alerts click ..
2025-08-25 10:32:38 [main] INFO  demoqaBase - ✅ Clicked on Alerts...
2025-08-25 10:32:38 [main] INFO  demoqaBase - Page Title is: Alerts
2025-08-25 10:32:38 [main] INFO  demoqaBase - 🔍 Starting test for On button click, confirm box will appear, Accept...
2025-08-25 10:32:38 [main] INFO  demoqaBase - ✅ Clicked On button click, confirm box will appear, Accept...
2025-08-25 10:32:38 [main] INFO  demoqaBase - ✅ On button click, confirm box will appear, message is: Do you confirm action?
2025-08-25 10:32:38 [main] INFO  demoqaBase - ✅ Your Selection was: You selected Ok
2025-08-25 10:32:38 [main] INFO  demoqaBase -  Alerts, Frames & Windows|Alerts|On button click, confirm box will appear, Accept Test Completed...
]]></system-out>
  </testcase>
  <testcase name="ClickDenyConfirmationBox" classname="tests.AlertsFramesWindowsTests" time="1.008">
    <system-out><![CDATA[2025-08-25 10:32:38 [main] INFO  demoqaBase - Closing the Browser...
2025-08-25 10:32:38 [main] INFO  demoqaBase - Starting Web Browser...
2025-08-25 10:32:40 [main] INFO  demoqaBase - Navigating to demoqa.com Website
2025-08-25 10:32:45 [main] INFO  RetryUrlAccess - Successfully navigated to: https://demoqa.com
2025-08-25 10:32:45 [main] INFO  demoqaBase - Starting Test Alerts, Frames & Windows|Alerts|On button click, confirm box will appear, Deny...
2025-08-25 10:32:45 [main] INFO  demoqaBase - Accessing Alerts, Frame & Windows Card...
Declared Instance WebDriverWait: org.openqa.selenium.support.ui.WebDriverWait@69cd1085
2025-08-25 10:32:45 [main] INFO  demoqaLog - Clicking on Alert Frame & Windows Card...
2025-08-25 10:32:46 [main] INFO  demoqaLog - Clicked on on Alert Frame & Windows Card...
Title of this Page is: DEMOQA
You can now access: Alerts, Frame & Windows
2025-08-25 10:32:46 [main] INFO  demoqaBase - Page: Alerts, Frame & Windows Card...
2025-08-25 10:32:46 [main] INFO  demoqaBase - 🔍 Starting test for Alerts click ..
2025-08-25 10:32:46 [main] INFO  demoqaBase - ✅ Clicked on Alerts...
2025-08-25 10:32:46 [main] INFO  demoqaBase - Page Title is: Alerts
2025-08-25 10:32:46 [main] INFO  demoqaBase - 🔍 Starting test for On button click, confirm box will appear, Deny...
2025-08-25 10:32:46 [main] INFO  demoqaBase - ✅ Clicked On button click, confirm box will appear, Deny...
2025-08-25 10:32:46 [main] INFO  demoqaBase - ✅ On button click, confirm box will appear, message is: Do you confirm action?
2025-08-25 10:32:46 [main] INFO  demoqaBase - ✅ Your Selection was: You selected Cancel
2025-08-25 10:32:46 [main] INFO  demoqaBase -  Alerts, Frames & Windows|Alerts|On button click, confirm box will appear, Deny Test Completed...
]]></system-out>
  </testcase>
  <testcase name="ClickPromptBoxFill" classname="tests.AlertsFramesWindowsTests" time="1.003">
    <system-out><![CDATA[2025-08-25 10:32:46 [main] INFO  demoqaBase - Closing the Browser...
2025-08-25 10:32:47 [main] INFO  demoqaBase - Starting Web Browser...
2025-08-25 10:32:48 [main] INFO  demoqaBase - Navigating to demoqa.com Website
2025-08-25 10:32:54 [main] INFO  RetryUrlAccess - Successfully navigated to: https://demoqa.com
2025-08-25 10:32:54 [main] INFO  demoqaBase - Starting Test Alerts, Frames & Windows|Alerts|On button click, prompt box will appear, Fill data...
2025-08-25 10:32:54 [main] INFO  demoqaBase - Accessing Alerts, Frame & Windows Card...
Declared Instance WebDriverWait: org.openqa.selenium.support.ui.WebDriverWait@ed2f2f6
2025-08-25 10:32:54 [main] INFO  demoqaLog - Clicking on Alert Frame & Windows Card...
2025-08-25 10:32:54 [main] INFO  demoqaLog - Clicked on on Alert Frame & Windows Card...
Title of this Page is: DEMOQA
You can now access: Alerts, Frame & Windows
2025-08-25 10:32:54 [main] INFO  demoqaBase - Page: Alerts, Frame & Windows Card...
2025-08-25 10:32:54 [main] INFO  demoqaBase - 🔍 Starting test for Alerts click ..
2025-08-25 10:32:54 [main] INFO  demoqaBase - ✅ Clicked on Alerts...
2025-08-25 10:32:55 [main] INFO  demoqaBase - Page Title is: Alerts
2025-08-25 10:32:55 [main] INFO  demoqaBase - 🔍 Starting test for On button click, prompt box will appear, Fill data...
2025-08-25 10:32:55 [main] INFO  demoqaBase - ✅ Clicked On button click, prompt box will appear, Fill data...
2025-08-25 10:32:55 [main] INFO  demoqaBase - ✅ On button click, prompt box will appear, message is: Please enter your name
2025-08-25 10:32:55 [main] INFO  demoqaBase - ✅ Your Selection was: You entered Java Selenium
2025-08-25 10:32:55 [main] INFO  demoqaBase -  Alerts, Frames & Windows|Alerts|On button click, prompt box will appear, Fill data Test Completed...
]]></system-out>
  </testcase>
  <testcase name="ElementsCard" classname="tests.ElementsTests" time="1.387">
    <system-out><![CDATA[2025-08-25 10:32:55 [main] INFO  demoqaBase - Closing the Browser...
2025-08-25 10:32:55 [main] INFO  demoqaBase - Starting Web Browser...
2025-08-25 10:32:57 [main] INFO  demoqaBase - Navigating to demoqa.com Website
2025-08-25 10:33:02 [main] INFO  RetryUrlAccess - Successfully navigated to: https://demoqa.com
2025-08-25 10:33:02 [main] INFO  demoqaBase - Starting Test Elements | Text Box Test...
Instance Variables Declared are: nullnull
2025-08-25 10:33:02 [main] INFO  demoqaBase - Accessing Elements Card...
2025-08-25 10:33:03 [main] INFO  RetryUrlAccess - Successfully navigated to: https://demoqa.com
2025-08-25 10:33:03 [main] INFO  demoqaLog - Clicking on Elements Card...
2025-08-25 10:33:03 [main] WARN  demoqaLog - ⚠️ JS click failed, falling back to native click.
2025-08-25 10:33:03 [main] INFO  demoqaLog - Clicked on Elements Card...
Title of this Page is: DEMOQA
You can now Access: Elements
 
Page Text is: Please select an item from left to start practice.
Title of this Page is: DEMOQA
2025-08-25 10:33:04 [main] INFO  demoqaBase - Element Card Test Completed...
]]></system-out>
  </testcase>
  <testcase name="TextBox" classname="tests.ElementsTests" time="3.428">
    <system-out><![CDATA[2025-08-25 10:33:04 [main] INFO  demoqaBase - Closing the Browser...
2025-08-25 10:33:04 [main] INFO  demoqaBase - Starting Web Browser...
2025-08-25 10:33:05 [main] INFO  demoqaBase - Navigating to demoqa.com Website
2025-08-25 10:33:11 [main] INFO  RetryUrlAccess - Successfully navigated to: https://demoqa.com
2025-08-25 10:33:11 [main] INFO  demoqaBase - Starting Test Elements | Text Box Test...
Instance Variables Declared are: nullnull
2025-08-25 10:33:11 [main] INFO  demoqaBase - Accessing Elements Card...
2025-08-25 10:33:11 [main] INFO  RetryUrlAccess - Successfully navigated to: https://demoqa.com
2025-08-25 10:33:11 [main] INFO  demoqaLog - Clicking on Elements Card...
2025-08-25 10:33:11 [main] WARN  demoqaLog - ⚠️ JS click failed, falling back to native click.
2025-08-25 10:33:12 [main] INFO  demoqaLog - Clicked on Elements Card...
Title of this Page is: DEMOQA
You can now Access: Elements
 
Page Text is: Please select an item from left to start practice.
2025-08-25 10:33:12 [main] INFO  demoqaBase - Accessing Text Box...
Text Box
2025-08-25 10:33:12 [main] INFO  demoqaBase - You are accessing: Text Box
2025-08-25 10:33:12 [main] INFO  demoqaBase - Title of this Page is: DEMOQA
2025-08-25 10:33:12 [main] INFO  demoqaBase - Entering Full Name...
2025-08-25 10:33:13 [main] INFO  demoqaBase - Full Name is: John Rambo
2025-08-25 10:33:13 [main] INFO  demoqaBase - Entering Email Address...
2025-08-25 10:33:13 [main] INFO  demoqaBase - Email Address is: JRambo@demoqa.com
2025-08-25 10:33:13 [main] INFO  demoqaBase - Entering Current Address...
2025-08-25 10:33:13 [main] INFO  demoqaBase - Current Address is: 511 Grant 481, Prattsville
 Arkansas 72129
 United States
2025-08-25 10:33:13 [main] INFO  demoqaBase - Entering Permanent Address...
2025-08-25 10:33:14 [main] INFO  demoqaBase - Parmenant Address is: 579 Grant 3381, Prattsville
 Arkansas 72100
 United States
2025-08-25 10:33:14 [main] INFO  demoqaBase - Clicking on Submit Button...
2025-08-25 10:33:14 [main] INFO  demoqaBase - Clicked Submit Button...
Information Submitted is: Name:John Rambo
Email:JRambo@demoqa.com
Current Address :511 Grant 481, Prattsville Arkansas 72129 United States
Permananet Address :579 Grant 3381, Prattsville Arkansas 72100 United States
2025-08-25 10:33:14 [main] INFO  demoqaBase - Text Box Element Test Completed...
]]></system-out>
  </testcase>
  <testcase name="CheckBox" classname="tests.ElementsTests" time="1.724">
    <system-out><![CDATA[Path for Screenshot is: C:\ASN\eclipse_workspace\demoqa-automation/screenshots/TextBox Passed+2025-08-25_10-33-14.png
2025-08-25 10:33:14 [main] INFO  demoqaBase - Closing the Browser...
2025-08-25 10:33:15 [main] INFO  demoqaBase - Starting Web Browser...
2025-08-25 10:33:16 [main] INFO  demoqaBase - Navigating to demoqa.com Website
2025-08-25 10:33:21 [main] INFO  RetryUrlAccess - Successfully navigated to: https://demoqa.com
2025-08-25 10:33:21 [main] INFO  demoqaBase - Starting Test Elements | Check Box Test...
Instance Variables Declared are: nullnull
2025-08-25 10:33:21 [main] INFO  demoqaBase - Accessing Elements Card...
2025-08-25 10:33:22 [main] INFO  RetryUrlAccess - Successfully navigated to: https://demoqa.com
2025-08-25 10:33:22 [main] INFO  demoqaLog - Clicking on Elements Card...
2025-08-25 10:33:22 [main] WARN  demoqaLog - ⚠️ JS click failed, falling back to native click.
2025-08-25 10:33:23 [main] INFO  demoqaLog - Clicked on Elements Card...
Title of this Page is: DEMOQA
You can now Access: Elements
 
Page Text is: Please select an item from left to start practice.
2025-08-25 10:33:23 [main] INFO  demoqaBase - Accessing Check Box...
Check Box
2025-08-25 10:33:23 [main] INFO  demoqaBase - You are accessing: Check Box
2025-08-25 10:33:23 [main] INFO  demoqaBase - Test Elements | Check Box Test Test Completed...
]]></system-out>
  </testcase>
  <testcase name="SelectingHomeCheckBox" classname="tests.ElementsTests" time="2.104">
    <system-out><![CDATA[2025-08-25 10:33:23 [main] INFO  demoqaBase - Closing the Browser...
2025-08-25 10:33:25 [main] INFO  demoqaBase - Starting Web Browser...
2025-08-25 10:33:29 [main] INFO  demoqaBase - Navigating to demoqa.com Website
2025-08-25 10:33:34 [main] INFO  RetryUrlAccess - Successfully navigated to: https://demoqa.com
2025-08-25 10:33:34 [main] INFO  demoqaBase - Starting Test Elements | Selecting Home Check Box Test...
Instance Variables Declared are: nullnull
2025-08-25 10:33:34 [main] INFO  demoqaBase - Accessing Elements Card...
2025-08-25 10:33:35 [main] INFO  RetryUrlAccess - Successfully navigated to: https://demoqa.com
2025-08-25 10:33:35 [main] INFO  demoqaLog - Clicking on Elements Card...
2025-08-25 10:33:35 [main] WARN  demoqaLog - ⚠️ JS click failed, falling back to native click.
2025-08-25 10:33:35 [main] INFO  demoqaLog - Clicked on Elements Card...
Title of this Page is: DEMOQA
You can now Access: Elements
 
Page Text is: Please select an item from left to start practice.
2025-08-25 10:33:35 [main] INFO  demoqaBase - Accessing Check Box...
Check Box
2025-08-25 10:33:36 [main] INFO  demoqaBase - You are accessing: Check Box
2025-08-25 10:33:36 [main] INFO  demoqaBase - Selecting Home Check Box...
Information Submitted is: You have selected :
home
desktop
notes
commands
documents
workspace
react
angular
veu
office
public
private
classified
general
downloads
wordFile
excelFile
2025-08-25 10:33:36 [main] INFO  demoqaBase - You have Selected: You have selected :
home
desktop
notes
commands
documents
workspace
react
angular
veu
office
public
private
classified
general
downloads
wordFile
excelFile
2025-08-25 10:33:36 [main] INFO  demoqaBase - Elements | Selecting Home Test Completed...
]]></system-out>
  </testcase>
  <testcase name="SelectingDesktopCheckBox" classname="tests.ElementsTests" time="2.379">
    <system-out><![CDATA[2025-08-25 10:33:36 [main] INFO  demoqaBase - Closing the Browser...
2025-08-25 10:33:36 [main] INFO  demoqaBase - Starting Web Browser...
2025-08-25 10:33:38 [main] INFO  demoqaBase - Navigating to demoqa.com Website
2025-08-25 10:33:43 [main] INFO  RetryUrlAccess - Successfully navigated to: https://demoqa.com
2025-08-25 10:33:43 [main] INFO  demoqaBase - Starting Test Elements | Selecting Desktop Check Box Test...
Instance Variables Declared are: nullnull
2025-08-25 10:33:43 [main] INFO  demoqaBase - Accessing Elements Card...
2025-08-25 10:33:44 [main] INFO  RetryUrlAccess - Successfully navigated to: https://demoqa.com
2025-08-25 10:33:44 [main] INFO  demoqaLog - Clicking on Elements Card...
2025-08-25 10:33:44 [main] WARN  demoqaLog - ⚠️ JS click failed, falling back to native click.
2025-08-25 10:33:44 [main] INFO  demoqaLog - Clicked on Elements Card...
Title of this Page is: DEMOQA
You can now Access: Elements
 
Page Text is: Please select an item from left to start practice.
2025-08-25 10:33:44 [main] INFO  demoqaBase - Accessing Check Box...
Check Box
2025-08-25 10:33:45 [main] INFO  demoqaBase - You are accessing: Check Box
2025-08-25 10:33:45 [main] INFO  demoqaBase - Clicking on Home Toggle Button...
2025-08-25 10:33:45 [main] INFO  demoqaBase - Selecting Deskstop Check Box...
Information Submitted is: You have selected :
desktop
notes
commands
2025-08-25 10:33:45 [main] INFO  demoqaBase - You have Selected: You have selected :
desktop
notes
commands
2025-08-25 10:33:45 [main] INFO  demoqaBase - Elements | Home | Desktop Test Completed...
]]></system-out>
  </testcase>
  <testcase name="SelectingNotesCommandsClick" classname="tests.ElementsTests" time="2.546">
    <system-out><![CDATA[2025-08-25 10:33:45 [main] INFO  demoqaBase - Closing the Browser...
2025-08-25 10:33:46 [main] INFO  demoqaBase - Starting Web Browser...
2025-08-25 10:33:47 [main] INFO  demoqaBase - Navigating to demoqa.com Website
2025-08-25 10:33:53 [main] INFO  RetryUrlAccess - Successfully navigated to: https://demoqa.com
2025-08-25 10:33:53 [main] INFO  demoqaBase - Starting Test Elements | Selecting Desktop| Notes & Commands Check Box Test...
Instance Variables Declared are: nullnull
2025-08-25 10:33:53 [main] INFO  demoqaBase - Accessing Elements Card...
2025-08-25 10:33:53 [main] INFO  RetryUrlAccess - Successfully navigated to: https://demoqa.com
2025-08-25 10:33:53 [main] INFO  demoqaLog - Clicking on Elements Card...
2025-08-25 10:33:53 [main] WARN  demoqaLog - ⚠️ JS click failed, falling back to native click.
2025-08-25 10:33:54 [main] INFO  demoqaLog - Clicked on Elements Card...
Title of this Page is: DEMOQA
You can now Access: Elements
 
Page Text is: Please select an item from left to start practice.
2025-08-25 10:33:54 [main] INFO  demoqaBase - Accessing Check Box...
Check Box
2025-08-25 10:33:55 [main] INFO  demoqaBase - You are accessing: Check Box
2025-08-25 10:33:55 [main] INFO  demoqaBase - Clicking on Home Toggle Button...
2025-08-25 10:33:55 [main] INFO  demoqaBase - Clicking on Desktop Toggle Button...
2025-08-25 10:33:55 [main] INFO  demoqaBase - Clicking on Notes Button...
2025-08-25 10:33:55 [main] INFO  demoqaBase - Clicking on Commands Button...
2025-08-25 10:33:55 [main] INFO  demoqaBase - Selected Notes & Commands...
Information Submitted is: You have selected :
desktop
notes
commands
2025-08-25 10:33:55 [main] INFO  demoqaBase - You have Selected: You have selected :
desktop
notes
commands
2025-08-25 10:33:55 [main] INFO  demoqaBase - Elements | Home | Desktop | Notes & Commands Completed...
]]></system-out>
  </testcase>
  <testcase name="SelectingDocumentsCheckBox" classname="tests.ElementsTests" time="2.007">
    <system-out><![CDATA[2025-08-25 10:33:55 [main] INFO  demoqaBase - Closing the Browser...
2025-08-25 10:33:56 [main] INFO  demoqaBase - Starting Web Browser...
2025-08-25 10:33:57 [main] INFO  demoqaBase - Navigating to demoqa.com Website
2025-08-25 10:34:02 [main] INFO  RetryUrlAccess - Successfully navigated to: https://demoqa.com
2025-08-25 10:34:02 [main] INFO  demoqaBase - Starting Test Elements | Selecting Documents Check Box Test...
Instance Variables Declared are: nullnull
2025-08-25 10:34:02 [main] INFO  demoqaBase - Accessing Elements Card...
2025-08-25 10:34:03 [main] INFO  RetryUrlAccess - Successfully navigated to: https://demoqa.com
2025-08-25 10:34:03 [main] INFO  demoqaLog - Clicking on Elements Card...
2025-08-25 10:34:03 [main] WARN  demoqaLog - ⚠️ JS click failed, falling back to native click.
2025-08-25 10:34:03 [main] INFO  demoqaLog - Clicked on Elements Card...
Title of this Page is: DEMOQA
You can now Access: Elements
 
Page Text is: Please select an item from left to start practice.
2025-08-25 10:34:03 [main] INFO  demoqaBase - Accessing Check Box...
Check Box
2025-08-25 10:34:04 [main] INFO  demoqaBase - You are accessing: Check Box
2025-08-25 10:34:04 [main] INFO  demoqaBase - Clicking on Home Toggle Button...
2025-08-25 10:34:04 [main] INFO  demoqaBase - Selecting Documents Check Box...
2025-08-25 10:34:04 [main] INFO  demoqaBase - Selected Documents Check Box...
Information Submitted is: You have selected :
documents
workspace
react
angular
veu
office
public
private
classified
general
2025-08-25 10:34:04 [main] INFO  demoqaBase - You have Selected: You have selected :
documents
workspace
react
angular
veu
office
public
private
classified
general
2025-08-25 10:34:04 [main] INFO  demoqaBase - Test Elements | Selecting Documents Check Box Test Completed...
]]></system-out>
  </testcase>
  <testcase name="SelectingWorkSpace" classname="tests.ElementsTests" time="2.11">
    <system-out><![CDATA[2025-08-25 10:34:04 [main] INFO  demoqaBase - Closing the Browser...
2025-08-25 10:34:05 [main] INFO  demoqaBase - Starting Web Browser...
2025-08-25 10:34:06 [main] INFO  demoqaBase - Navigating to demoqa.com Website
2025-08-25 10:34:11 [main] INFO  RetryUrlAccess - Successfully navigated to: https://demoqa.com
2025-08-25 10:34:11 [main] INFO  demoqaBase - Starting Test Elements | Home | Selecting Documents | WorkSpace Check Box Test...
Instance Variables Declared are: nullnull
2025-08-25 10:34:11 [main] INFO  demoqaBase - Accessing Elements Card...
2025-08-25 10:34:12 [main] INFO  RetryUrlAccess - Successfully navigated to: https://demoqa.com
2025-08-25 10:34:12 [main] INFO  demoqaLog - Clicking on Elements Card...
2025-08-25 10:34:12 [main] WARN  demoqaLog - ⚠️ JS click failed, falling back to native click.
2025-08-25 10:34:13 [main] INFO  demoqaLog - Clicked on Elements Card...
Title of this Page is: DEMOQA
You can now Access: Elements
 
Page Text is: Please select an item from left to start practice.
2025-08-25 10:34:13 [main] INFO  demoqaBase - Accessing Check Box...
Check Box
2025-08-25 10:34:13 [main] INFO  demoqaBase - You are accessing: Check Box
2025-08-25 10:34:13 [main] INFO  demoqaBase - Clicking on Home Toggle Button...
2025-08-25 10:34:13 [main] INFO  demoqaBase - Clicking on Documents Toggle Button...
2025-08-25 10:34:13 [main] INFO  demoqaBase - Selecting WorkSpace Check Box...
2025-08-25 10:34:14 [main] INFO  demoqaBase - Selected WorkSpace Check Box...
Information Submitted is: You have selected :
workspace
react
angular
veu
2025-08-25 10:34:14 [main] INFO  demoqaBase - You have Selected: You have selected :
workspace
react
angular
veu
2025-08-25 10:34:14 [main] INFO  demoqaBase - Test Elements | Home | Selecting Documents | WorkSpace Check Box Completed...
]]></system-out>
  </testcase>
  <testcase name="SelectReact" classname="tests.ElementsTests" time="2.033">
    <system-out><![CDATA[2025-08-25 10:34:14 [main] INFO  demoqaBase - Closing the Browser...
2025-08-25 10:34:14 [main] INFO  demoqaBase - Starting Web Browser...
2025-08-25 10:34:16 [main] INFO  demoqaBase - Navigating to demoqa.com Website
2025-08-25 10:34:28 [main] INFO  RetryUrlAccess - Successfully navigated to: https://demoqa.com
2025-08-25 10:34:28 [main] INFO  demoqaBase - Starting Test Elements|Home|Selecting Documents|WorkSpace|React Check Box Test...
Instance Variables Declared are: nullnull
2025-08-25 10:34:28 [main] INFO  demoqaBase - Accessing Elements Card...
2025-08-25 10:34:28 [main] INFO  RetryUrlAccess - Successfully navigated to: https://demoqa.com
2025-08-25 10:34:28 [main] INFO  demoqaLog - Clicking on Elements Card...
2025-08-25 10:34:28 [main] WARN  demoqaLog - ⚠️ JS click failed, falling back to native click.
2025-08-25 10:34:29 [main] INFO  demoqaLog - Clicked on Elements Card...
Title of this Page is: DEMOQA
You can now Access: Elements
 
Page Text is: Please select an item from left to start practice.
2025-08-25 10:34:29 [main] INFO  demoqaBase - Accessing Check Box...
Check Box
2025-08-25 10:34:29 [main] INFO  demoqaBase - You are accessing: Check Box
2025-08-25 10:34:29 [main] INFO  demoqaBase - Clicking on Home Toggle Button...
2025-08-25 10:34:29 [main] INFO  demoqaBase - Clicking on Documents Toggle Button...
2025-08-25 10:34:29 [main] INFO  demoqaBase - Clicking WorkSpace Toggle Button...
2025-08-25 10:34:29 [main] INFO  demoqaBase - Clicked WorkSpace Toggle Button...
2025-08-25 10:34:29 [main] INFO  demoqaBase - Selecting WorkSpace | React Check Box...
2025-08-25 10:34:30 [main] INFO  demoqaBase - Selected WorkSpace | React Check Box...
Information Submitted is: You have selected :
react
2025-08-25 10:34:30 [main] INFO  demoqaBase - You have Selected: You have selected :
react
2025-08-25 10:34:30 [main] INFO  demoqaBase - Test Elements|Home|Documents| Selecting WorkSpace|React Check Box Completed...
]]></system-out>
  </testcase>
  <testcase name="SelectAngular" classname="tests.ElementsTests" time="2.228">
    <system-out><![CDATA[2025-08-25 10:34:30 [main] INFO  demoqaBase - Closing the Browser...
2025-08-25 10:34:30 [main] INFO  demoqaBase - Starting Web Browser...
2025-08-25 10:34:32 [main] INFO  demoqaBase - Navigating to demoqa.com Website
2025-08-25 10:34:37 [main] INFO  RetryUrlAccess - Successfully navigated to: https://demoqa.com
2025-08-25 10:34:37 [main] INFO  demoqaBase - Starting Test Elements|Home|Selecting Documents|WorkSpace|Angular Check Box Test...
Instance Variables Declared are: nullnull
2025-08-25 10:34:37 [main] INFO  demoqaBase - Accessing Elements Card...
2025-08-25 10:34:38 [main] INFO  RetryUrlAccess - Successfully navigated to: https://demoqa.com
2025-08-25 10:34:38 [main] INFO  demoqaLog - Clicking on Elements Card...
2025-08-25 10:34:38 [main] WARN  demoqaLog - ⚠️ JS click failed, falling back to native click.
2025-08-25 10:34:38 [main] INFO  demoqaLog - Clicked on Elements Card...
Title of this Page is: DEMOQA
You can now Access: Elements
 
Page Text is: Please select an item from left to start practice.
2025-08-25 10:34:38 [main] INFO  demoqaBase - Accessing Check Box...
Check Box
2025-08-25 10:34:38 [main] INFO  demoqaBase - You are accessing: Check Box
2025-08-25 10:34:38 [main] INFO  demoqaBase - Clicking on Home Toggle Button...
2025-08-25 10:34:39 [main] INFO  demoqaBase - Clicking on Documents Toggle Button...
2025-08-25 10:34:39 [main] INFO  demoqaBase - Clicking WorkSpace Toggle Button...
2025-08-25 10:34:39 [main] INFO  demoqaBase - Clicked WorkSpace Toggle Button...
2025-08-25 10:34:39 [main] INFO  demoqaBase - Selecting WorkSpace | Angular Check Box...
2025-08-25 10:34:39 [main] INFO  demoqaBase - Selected WorkSpace | Angular Check Box...
Information Submitted is: You have selected :
angular
2025-08-25 10:34:39 [main] INFO  demoqaBase - You have Selected: You have selected :
angular
2025-08-25 10:34:39 [main] INFO  demoqaBase - Test Elements|Home|Documents| Selecting WorkSpace|Angular Check Box Completed...
]]></system-out>
  </testcase>
  <testcase name="SelectVeu" classname="tests.ElementsTests" time="2.261">
    <system-out><![CDATA[2025-08-25 10:34:39 [main] INFO  demoqaBase - Closing the Browser...
2025-08-25 10:34:40 [main] INFO  demoqaBase - Starting Web Browser...
2025-08-25 10:34:41 [main] INFO  demoqaBase - Navigating to demoqa.com Website
2025-08-25 10:34:52 [main] INFO  RetryUrlAccess - Successfully navigated to: https://demoqa.com
2025-08-25 10:34:52 [main] INFO  demoqaBase - Starting Test Elements|Home|Selecting Documents|WorkSpace|Veu Check Box Test...
Instance Variables Declared are: nullnull
2025-08-25 10:34:52 [main] INFO  demoqaBase - Accessing Elements Card...
2025-08-25 10:34:53 [main] INFO  RetryUrlAccess - Successfully navigated to: https://demoqa.com
2025-08-25 10:34:53 [main] INFO  demoqaLog - Clicking on Elements Card...
2025-08-25 10:34:53 [main] WARN  demoqaLog - ⚠️ JS click failed, falling back to native click.
2025-08-25 10:34:53 [main] INFO  demoqaLog - Clicked on Elements Card...
Title of this Page is: DEMOQA
You can now Access: Elements
 
Page Text is: Please select an item from left to start practice.
2025-08-25 10:34:53 [main] INFO  demoqaBase - Accessing Check Box...
Check Box
2025-08-25 10:34:54 [main] INFO  demoqaBase - You are accessing: Check Box
2025-08-25 10:34:54 [main] INFO  demoqaBase - Clicking on Home Toggle Button...
2025-08-25 10:34:54 [main] INFO  demoqaBase - Clicking on Documents Toggle Button...
2025-08-25 10:34:54 [main] INFO  demoqaBase - Clicking WorkSpace Toggle Button...
2025-08-25 10:34:54 [main] INFO  demoqaBase - Clicked WorkSpace Toggle Button...
2025-08-25 10:34:54 [main] INFO  demoqaBase - Selecting WorkSpace | Veu Check Box...
2025-08-25 10:34:54 [main] INFO  demoqaBase - Selected WorkSpace | Veu Check Box...
Information Submitted is: You have selected :
veu
2025-08-25 10:34:54 [main] INFO  demoqaBase - You have Selected: You have selected :
veu
2025-08-25 10:34:54 [main] INFO  demoqaBase - Test Elements|Home|Documents| Selecting WorkSpace|Veu Check Box Completed...
]]></system-out>
  </testcase>
  <testcase name="SelectReactAnuglarVeu" classname="tests.ElementsTests" time="2.331">
    <system-out><![CDATA[2025-08-25 10:34:54 [main] INFO  demoqaBase - Closing the Browser...
2025-08-25 10:34:55 [main] INFO  demoqaBase - Starting Web Browser...
2025-08-25 10:34:56 [main] INFO  demoqaBase - Navigating to demoqa.com Website
2025-08-25 10:35:02 [main] INFO  RetryUrlAccess - Successfully navigated to: https://demoqa.com
2025-08-25 10:35:02 [main] INFO  demoqaBase - Starting Test Elements|Home|Selecting Documents|WorkSpace|React-Anuglar-Veu Check Box Test...
Instance Variables Declared are: nullnull
2025-08-25 10:35:02 [main] INFO  demoqaBase - Accessing Elements Card...
2025-08-25 10:35:03 [main] INFO  RetryUrlAccess - Successfully navigated to: https://demoqa.com
2025-08-25 10:35:03 [main] INFO  demoqaLog - Clicking on Elements Card...
2025-08-25 10:35:03 [main] WARN  demoqaLog - ⚠️ JS click failed, falling back to native click.
2025-08-25 10:35:03 [main] INFO  demoqaLog - Clicked on Elements Card...
Title of this Page is: DEMOQA
You can now Access: Elements
 
Page Text is: Please select an item from left to start practice.
2025-08-25 10:35:03 [main] INFO  demoqaBase - Accessing Check Box...
Check Box
2025-08-25 10:35:03 [main] INFO  demoqaBase - You are accessing: Check Box
2025-08-25 10:35:04 [main] INFO  demoqaBase - Clicking on Home Toggle Button...
2025-08-25 10:35:04 [main] INFO  demoqaBase - Clicking on Documents Toggle Button...
2025-08-25 10:35:04 [main] INFO  demoqaBase - Clicking WorkSpace Toggle Button...
2025-08-25 10:35:04 [main] INFO  demoqaBase - Clicked WorkSpace Toggle Button...
2025-08-25 10:35:04 [main] INFO  demoqaBase - Selecting WorkSpace | React Check Box...
2025-08-25 10:35:04 [main] INFO  demoqaBase - Selected WorkSpace | React Check Box...
2025-08-25 10:35:04 [main] INFO  demoqaBase - Selecting WorkSpace | Angular Check Box...
2025-08-25 10:35:04 [main] INFO  demoqaBase - Selected WorkSpace | Angular Check Box...
2025-08-25 10:35:04 [main] INFO  demoqaBase - Selecting WorkSpace | Veu Check Box...
2025-08-25 10:35:04 [main] INFO  demoqaBase - Selected WorkSpace | Veu Check Box...
Information Submitted is: You have selected :
workspace
react
angular
veu
2025-08-25 10:35:04 [main] INFO  demoqaBase - You have Selected: You have selected :
workspace
react
angular
veu
2025-08-25 10:35:04 [main] INFO  demoqaBase - Test Elements|Home|Documents| Selecting WorkSpace|React-Anuglar-Veu Check Box Completed...
]]></system-out>
  </testcase>
  <testcase name="SelectingOffice" classname="tests.ElementsTests" time="2.098">
    <system-out><![CDATA[2025-08-25 10:35:04 [main] INFO  demoqaBase - Closing the Browser...
2025-08-25 10:35:05 [main] INFO  demoqaBase - Starting Web Browser...
2025-08-25 10:35:06 [main] INFO  demoqaBase - Navigating to demoqa.com Website
2025-08-25 10:35:16 [main] INFO  RetryUrlAccess - Successfully navigated to: https://demoqa.com
2025-08-25 10:35:16 [main] INFO  demoqaBase - Starting Test Elements|Home|Selecting Documents|Office Check Box Test...
Instance Variables Declared are: nullnull
2025-08-25 10:35:16 [main] INFO  demoqaBase - Accessing Elements Card...
2025-08-25 10:35:16 [main] INFO  RetryUrlAccess - Successfully navigated to: https://demoqa.com
2025-08-25 10:35:16 [main] INFO  demoqaLog - Clicking on Elements Card...
2025-08-25 10:35:17 [main] WARN  demoqaLog - ⚠️ JS click failed, falling back to native click.
2025-08-25 10:35:17 [main] INFO  demoqaLog - Clicked on Elements Card...
Title of this Page is: DEMOQA
You can now Access: Elements
 
Page Text is: Please select an item from left to start practice.
2025-08-25 10:35:17 [main] INFO  demoqaBase - Accessing Check Box...
Check Box
2025-08-25 10:35:17 [main] INFO  demoqaBase - You are accessing: Check Box
2025-08-25 10:35:17 [main] INFO  demoqaBase - Clicking on Home Toggle Button...
2025-08-25 10:35:18 [main] INFO  demoqaBase - Clicking on Documents Toggle Button...
2025-08-25 10:35:18 [main] INFO  demoqaBase - Selecting WorkSpace Check Box...
2025-08-25 10:35:18 [main] INFO  demoqaBase - Selected WorkSpace Check Box...
Information Submitted is: You have selected :
office
public
private
classified
general
2025-08-25 10:35:18 [main] INFO  demoqaBase - You have Selected: You have selected :
office
public
private
classified
general
2025-08-25 10:35:18 [main] INFO  demoqaBase - Test Elements|Home|Selecting Documents|Office Check Box Completed...
]]></system-out>
  </testcase>
  <testcase name="SelectPublic" classname="tests.ElementsTests" time="2.076">
    <system-out><![CDATA[2025-08-25 10:35:18 [main] INFO  demoqaBase - Closing the Browser...
2025-08-25 10:35:18 [main] INFO  demoqaBase - Starting Web Browser...
2025-08-25 10:35:20 [main] INFO  demoqaBase - Navigating to demoqa.com Website
2025-08-25 10:35:25 [main] INFO  RetryUrlAccess - Successfully navigated to: https://demoqa.com
2025-08-25 10:35:25 [main] INFO  demoqaBase - Starting Test Elements|Home|Selecting Documents|Office|Public Check Box Test...
Instance Variables Declared are: nullnull
2025-08-25 10:35:25 [main] INFO  demoqaBase - Accessing Elements Card...
2025-08-25 10:35:26 [main] INFO  RetryUrlAccess - Successfully navigated to: https://demoqa.com
2025-08-25 10:35:26 [main] INFO  demoqaLog - Clicking on Elements Card...
2025-08-25 10:35:26 [main] WARN  demoqaLog - ⚠️ JS click failed, falling back to native click.
2025-08-25 10:35:26 [main] INFO  demoqaLog - Clicked on Elements Card...
Title of this Page is: DEMOQA
You can now Access: Elements
 
Page Text is: Please select an item from left to start practice.
2025-08-25 10:35:26 [main] INFO  demoqaBase - Accessing Check Box...
Check Box
2025-08-25 10:35:27 [main] INFO  demoqaBase - You are accessing: Check Box
2025-08-25 10:35:27 [main] INFO  demoqaBase - Clicking on Home Toggle Button...
2025-08-25 10:35:27 [main] INFO  demoqaBase - Clicking on Documents Toggle Button...
2025-08-25 10:35:27 [main] INFO  demoqaBase - Clicking Office Toggle Button...
2025-08-25 10:35:27 [main] INFO  demoqaBase - Clicked Office Toggle Button...
2025-08-25 10:35:27 [main] INFO  demoqaBase - Selecting Office | Public Check Box...
2025-08-25 10:35:27 [main] INFO  demoqaBase - Selected Office | Public Check Box...
Information Submitted is: You have selected :
public
2025-08-25 10:35:27 [main] INFO  demoqaBase - You have Selected: You have selected :
public
2025-08-25 10:35:27 [main] INFO  demoqaBase - Test Elements|Home|Documents|Office|Selecting Public Check Box Completed...
]]></system-out>
  </testcase>
  <testcase name="SelectPrivate" classname="tests.ElementsTests" time="2.106">
    <system-out><![CDATA[2025-08-25 10:35:27 [main] INFO  demoqaBase - Closing the Browser...
2025-08-25 10:35:28 [main] INFO  demoqaBase - Starting Web Browser...
2025-08-25 10:35:29 [main] INFO  demoqaBase - Navigating to demoqa.com Website
2025-08-25 10:35:39 [main] INFO  RetryUrlAccess - Successfully navigated to: https://demoqa.com
2025-08-25 10:35:39 [main] INFO  demoqaBase - Starting Test Elements|Home|Selecting Documents|Office|Private Check Box Test...
Instance Variables Declared are: nullnull
2025-08-25 10:35:39 [main] INFO  demoqaBase - Accessing Elements Card...
2025-08-25 10:35:40 [main] INFO  RetryUrlAccess - Successfully navigated to: https://demoqa.com
2025-08-25 10:35:40 [main] INFO  demoqaLog - Clicking on Elements Card...
2025-08-25 10:35:40 [main] WARN  demoqaLog - ⚠️ JS click failed, falling back to native click.
2025-08-25 10:35:40 [main] INFO  demoqaLog - Clicked on Elements Card...
Title of this Page is: DEMOQA
You can now Access: Elements
 
Page Text is: Please select an item from left to start practice.
2025-08-25 10:35:40 [main] INFO  demoqaBase - Accessing Check Box...
Check Box
2025-08-25 10:35:40 [main] INFO  demoqaBase - You are accessing: Check Box
2025-08-25 10:35:40 [main] INFO  demoqaBase - Clicking on Home Toggle Button...
2025-08-25 10:35:41 [main] INFO  demoqaBase - Clicking on Documents Toggle Button...
2025-08-25 10:35:41 [main] INFO  demoqaBase - Clicking Office Toggle Button...
2025-08-25 10:35:41 [main] INFO  demoqaBase - Clicked Office Toggle Button...
2025-08-25 10:35:41 [main] INFO  demoqaBase - Selecting Office | Private Check Box...
2025-08-25 10:35:41 [main] INFO  demoqaBase - Selected Office | Private Check Box...
Information Submitted is: You have selected :
private
2025-08-25 10:35:41 [main] INFO  demoqaBase - You have Selected: You have selected :
private
2025-08-25 10:35:41 [main] INFO  demoqaBase - Test Elements|Home|Documents|Office|Selecting Private Check Box Completed...
]]></system-out>
  </testcase>
  <testcase name="SelectClassified" classname="tests.ElementsTests" time="2.115">
    <system-out><![CDATA[2025-08-25 10:35:41 [main] INFO  demoqaBase - Closing the Browser...
2025-08-25 10:35:42 [main] INFO  demoqaBase - Starting Web Browser...
2025-08-25 10:35:43 [main] INFO  demoqaBase - Navigating to demoqa.com Website
2025-08-25 10:35:48 [main] INFO  RetryUrlAccess - Successfully navigated to: https://demoqa.com
2025-08-25 10:35:48 [main] INFO  demoqaBase - Starting Test Elements|Home|Selecting Documents|Office|Classified Check Box Test...
Instance Variables Declared are: nullnull
2025-08-25 10:35:48 [main] INFO  demoqaBase - Accessing Elements Card...
2025-08-25 10:35:49 [main] INFO  RetryUrlAccess - Successfully navigated to: https://demoqa.com
2025-08-25 10:35:49 [main] INFO  demoqaLog - Clicking on Elements Card...
2025-08-25 10:35:49 [main] WARN  demoqaLog - ⚠️ JS click failed, falling back to native click.
2025-08-25 10:35:49 [main] INFO  demoqaLog - Clicked on Elements Card...
Title of this Page is: DEMOQA
You can now Access: Elements
 
Page Text is: Please select an item from left to start practice.
2025-08-25 10:35:49 [main] INFO  demoqaBase - Accessing Check Box...
Check Box
2025-08-25 10:35:50 [main] INFO  demoqaBase - You are accessing: Check Box
2025-08-25 10:35:50 [main] INFO  demoqaBase - Clicking on Home Toggle Button...
2025-08-25 10:35:50 [main] INFO  demoqaBase - Clicking on Documents Toggle Button...
2025-08-25 10:35:50 [main] INFO  demoqaBase - Clicking Office Toggle Button...
2025-08-25 10:35:50 [main] INFO  demoqaBase - Clicked Office Toggle Button...
2025-08-25 10:35:50 [main] INFO  demoqaBase - Selecting Office | Classified Check Box...
Declared WebDriverWait: org.openqa.selenium.support.ui.WebDriverWait@17477bbb
2025-08-25 10:35:50 [main] INFO  demoqaBase - Selected Office | Classified Check Box...
Information Submitted is: You have selected :
classified
2025-08-25 10:35:50 [main] INFO  demoqaBase - You have Selected: You have selected :
classified
2025-08-25 10:35:50 [main] INFO  demoqaBase - Test Elements|Home|Documents|Office|Selecting Classified Check Box Completed...
]]></system-out>
  </testcase>
  <testcase name="SelectGeneral" classname="tests.ElementsTests" time="2.242">
    <system-out><![CDATA[2025-08-25 10:35:50 [main] INFO  demoqaBase - Closing the Browser...
2025-08-25 10:35:51 [main] INFO  demoqaBase - Starting Web Browser...
2025-08-25 10:35:52 [main] INFO  demoqaBase - Navigating to demoqa.com Website
2025-08-25 10:35:59 [main] INFO  RetryUrlAccess - Successfully navigated to: https://demoqa.com
2025-08-25 10:35:59 [main] INFO  demoqaBase - Starting Test Elements|Home|Selecting Documents|Office|General Check Box Test...
Instance Variables Declared are: nullnull
2025-08-25 10:35:59 [main] INFO  demoqaBase - Accessing Elements Card...
2025-08-25 10:35:59 [main] INFO  RetryUrlAccess - Successfully navigated to: https://demoqa.com
2025-08-25 10:35:59 [main] INFO  demoqaLog - Clicking on Elements Card...
2025-08-25 10:35:59 [main] WARN  demoqaLog - ⚠️ JS click failed, falling back to native click.
2025-08-25 10:36:00 [main] INFO  demoqaLog - Clicked on Elements Card...
Title of this Page is: DEMOQA
You can now Access: Elements
 
Page Text is: Please select an item from left to start practice.
2025-08-25 10:36:00 [main] INFO  demoqaBase - Accessing Check Box...
Check Box
2025-08-25 10:36:00 [main] INFO  demoqaBase - You are accessing: Check Box
2025-08-25 10:36:00 [main] INFO  demoqaBase - Clicking on Home Toggle Button...
2025-08-25 10:36:00 [main] INFO  demoqaBase - Clicking on Documents Toggle Button...
2025-08-25 10:36:00 [main] INFO  demoqaBase - Clicking Office Toggle Button...
2025-08-25 10:36:01 [main] INFO  demoqaBase - Clicked Office Toggle Button...
2025-08-25 10:36:01 [main] INFO  demoqaBase - Selecting Office | General Check Box...
2025-08-25 10:36:01 [main] INFO  demoqaBase - Selected Office | General Check Box...
Information Submitted is: You have selected :
general
2025-08-25 10:36:01 [main] INFO  demoqaBase - You have Selected: You have selected :
general
2025-08-25 10:36:01 [main] INFO  demoqaBase - Test Elements|Home|Documents|Office|Selecting General Check Box Completed...
]]></system-out>
  </testcase>
  <testcase name="SelectOfficeAll" classname="tests.ElementsTests" time="2.869">
    <system-out><![CDATA[2025-08-25 10:36:01 [main] INFO  demoqaBase - Closing the Browser...
2025-08-25 10:36:01 [main] INFO  demoqaBase - Starting Web Browser...
2025-08-25 10:36:03 [main] INFO  demoqaBase - Navigating to demoqa.com Website
2025-08-25 10:36:08 [main] INFO  RetryUrlAccess - Successfully navigated to: https://demoqa.com
2025-08-25 10:36:08 [main] INFO  demoqaBase - Starting Test Elements|Home|Selecting Documents|Office|All Check Boxes Test...
Instance Variables Declared are: nullnull
2025-08-25 10:36:08 [main] INFO  demoqaBase - Accessing Elements Card...
2025-08-25 10:36:09 [main] INFO  RetryUrlAccess - Successfully navigated to: https://demoqa.com
2025-08-25 10:36:09 [main] INFO  demoqaLog - Clicking on Elements Card...
2025-08-25 10:36:09 [main] WARN  demoqaLog - ⚠️ JS click failed, falling back to native click.
2025-08-25 10:36:09 [main] INFO  demoqaLog - Clicked on Elements Card...
Title of this Page is: DEMOQA
You can now Access: Elements
 
Page Text is: Please select an item from left to start practice.
2025-08-25 10:36:10 [main] INFO  demoqaBase - Accessing Check Box...
Check Box
2025-08-25 10:36:10 [main] INFO  demoqaBase - You are accessing: Check Box
2025-08-25 10:36:10 [main] INFO  demoqaBase - Clicking on Home Toggle Button...
2025-08-25 10:36:10 [main] INFO  demoqaBase - Clicking on Documents Toggle Button...
2025-08-25 10:36:10 [main] INFO  demoqaBase - Clicking Office Toggle Button...
2025-08-25 10:36:11 [main] INFO  demoqaBase - Clicked Office Toggle Button...
2025-08-25 10:36:11 [main] INFO  demoqaBase - Selecting Office | Public Check Box...
2025-08-25 10:36:11 [main] INFO  demoqaBase - Selected Office | Public Check Box...
2025-08-25 10:36:11 [main] INFO  demoqaBase - Selecting Office | Private Check Box...
2025-08-25 10:36:11 [main] INFO  demoqaBase - Selected Office | Private Check Box...
2025-08-25 10:36:11 [main] INFO  demoqaBase - Selecting Office | Classified Check Box...
Declared WebDriverWait: org.openqa.selenium.support.ui.WebDriverWait@32ddcca
2025-08-25 10:36:11 [main] INFO  demoqaBase - Selected Office | Classified Check Box...
2025-08-25 10:36:11 [main] INFO  demoqaBase - Selecting Office | General Check Box...
2025-08-25 10:36:11 [main] INFO  demoqaBase - Selected Office | General Check Box...
Information Submitted is: You have selected :
office
public
private
classified
general
2025-08-25 10:36:11 [main] INFO  demoqaBase - You have Selected: You have selected :
office
public
private
classified
general
2025-08-25 10:36:11 [main] INFO  demoqaBase - Test Elements|Home|Documents|Office|Selecting All Check Boxes Completed...
]]></system-out>
  </testcase>
  <testcase name="SelectingDownloads" classname="tests.ElementsTests" time="2.181">
    <system-out><![CDATA[2025-08-25 10:36:11 [main] INFO  demoqaBase - Closing the Browser...
2025-08-25 10:36:11 [main] INFO  demoqaBase - Starting Web Browser...
2025-08-25 10:36:13 [main] INFO  demoqaBase - Navigating to demoqa.com Website
2025-08-25 10:36:18 [main] INFO  RetryUrlAccess - Successfully navigated to: https://demoqa.com
2025-08-25 10:36:18 [main] INFO  demoqaBase - Starting Test Elements|Home|Selecting Downloads Check Box Test...
Instance Variables Declared are: nullnull
2025-08-25 10:36:18 [main] INFO  demoqaBase - Accessing Elements Card...
2025-08-25 10:36:19 [main] INFO  RetryUrlAccess - Successfully navigated to: https://demoqa.com
2025-08-25 10:36:19 [main] INFO  demoqaLog - Clicking on Elements Card...
2025-08-25 10:36:19 [main] WARN  demoqaLog - ⚠️ JS click failed, falling back to native click.
2025-08-25 10:36:19 [main] INFO  demoqaLog - Clicked on Elements Card...
Title of this Page is: DEMOQA
You can now Access: Elements
 
Page Text is: Please select an item from left to start practice.
2025-08-25 10:36:20 [main] INFO  demoqaBase - Accessing Check Box...
Check Box
2025-08-25 10:36:20 [main] INFO  demoqaBase - You are accessing: Check Box
2025-08-25 10:36:20 [main] INFO  demoqaBase - Clicking on Home Toggle Button...
2025-08-25 10:36:20 [main] INFO  demoqaBase - Selecting Downloads Check Box...
2025-08-25 10:36:20 [main] INFO  demoqaBase - Selected Downloads Check Box...
Information Submitted is: You have selected :
downloads
wordFile
excelFile
2025-08-25 10:36:20 [main] INFO  demoqaBase - You have Selected: You have selected :
downloads
wordFile
excelFile
2025-08-25 10:36:20 [main] INFO  demoqaBase - Test Elements|Home|Selecting Downloads Check Box Completed...
]]></system-out>
  </testcase>
  <testcase name="SelectingWordFile" classname="tests.ElementsTests" time="2.181">
    <system-out><![CDATA[2025-08-25 10:36:20 [main] INFO  demoqaBase - Closing the Browser...
2025-08-25 10:36:21 [main] INFO  demoqaBase - Starting Web Browser...
2025-08-25 10:36:22 [main] INFO  demoqaBase - Navigating to demoqa.com Website
2025-08-25 10:36:28 [main] INFO  RetryUrlAccess - Successfully navigated to: https://demoqa.com
2025-08-25 10:36:28 [main] INFO  demoqaBase - Starting Test Elements|Home|Selecting Downloads|Word File Check Box Test...
Instance Variables Declared are: nullnull
2025-08-25 10:36:28 [main] INFO  demoqaBase - Accessing Elements Card...
2025-08-25 10:36:28 [main] INFO  RetryUrlAccess - Successfully navigated to: https://demoqa.com
2025-08-25 10:36:28 [main] INFO  demoqaLog - Clicking on Elements Card...
2025-08-25 10:36:28 [main] WARN  demoqaLog - ⚠️ JS click failed, falling back to native click.
2025-08-25 10:36:29 [main] INFO  demoqaLog - Clicked on Elements Card...
Title of this Page is: DEMOQA
You can now Access: Elements
 
Page Text is: Please select an item from left to start practice.
2025-08-25 10:36:29 [main] INFO  demoqaBase - Accessing Check Box...
Check Box
2025-08-25 10:36:29 [main] INFO  demoqaBase - You are accessing: Check Box
2025-08-25 10:36:29 [main] INFO  demoqaBase - Clicking on Home Toggle Button...
2025-08-25 10:36:29 [main] INFO  demoqaBase - Clicking Downloads Toggle Button...
2025-08-25 10:36:30 [main] INFO  demoqaBase - Clicked Downloads Toggle Button...
2025-08-25 10:36:30 [main] INFO  demoqaBase - Selecting Downloads | Word File Check Box...
2025-08-25 10:36:30 [main] INFO  demoqaBase - Selected Downloads | Word File Check Box...
Information Submitted is: You have selected :
wordFile
2025-08-25 10:36:30 [main] INFO  demoqaBase - You have Selected: You have selected :
wordFile
2025-08-25 10:36:30 [main] INFO  demoqaBase - Test Elements|Home|Selecting Downloads|Word File Check Box Completed...
]]></system-out>
  </testcase>
  <testcase name="SelectingExcelFile" classname="tests.ElementsTests" time="2.432">
    <system-out><![CDATA[2025-08-25 10:36:30 [main] INFO  demoqaBase - Closing the Browser...
2025-08-25 10:36:30 [main] INFO  demoqaBase - Starting Web Browser...
2025-08-25 10:36:32 [main] INFO  demoqaBase - Navigating to demoqa.com Website
2025-08-25 10:36:37 [main] INFO  RetryUrlAccess - Successfully navigated to: https://demoqa.com
2025-08-25 10:36:37 [main] INFO  demoqaBase - Starting Test Elements|Home|Selecting Downloads|Excel File Check Box Test...
Instance Variables Declared are: nullnull
2025-08-25 10:36:37 [main] INFO  demoqaBase - Accessing Elements Card...
2025-08-25 10:36:38 [main] INFO  RetryUrlAccess - Successfully navigated to: https://demoqa.com
2025-08-25 10:36:38 [main] INFO  demoqaLog - Clicking on Elements Card...
2025-08-25 10:36:38 [main] WARN  demoqaLog - ⚠️ JS click failed, falling back to native click.
2025-08-25 10:36:38 [main] INFO  demoqaLog - Clicked on Elements Card...
Title of this Page is: DEMOQA
You can now Access: Elements
 
Page Text is: Please select an item from left to start practice.
2025-08-25 10:36:39 [main] INFO  demoqaBase - Accessing Check Box...
Check Box
2025-08-25 10:36:39 [main] INFO  demoqaBase - You are accessing: Check Box
2025-08-25 10:36:39 [main] INFO  demoqaBase - Clicking on Home Toggle Button...
2025-08-25 10:36:39 [main] INFO  demoqaBase - Clicking Downloads Toggle Button...
2025-08-25 10:36:39 [main] INFO  demoqaBase - Clicked Downloads Toggle Button...
2025-08-25 10:36:39 [main] INFO  demoqaBase - Selecting Downloads | Excel File Check Box...
2025-08-25 10:36:40 [main] INFO  demoqaBase - Selected Downloads | Excel File Check Box...
Information Submitted is: You have selected :
excelFile
2025-08-25 10:36:40 [main] INFO  demoqaBase - You have Selected: You have selected :
excelFile
2025-08-25 10:36:40 [main] INFO  demoqaBase - Test Elements|Home|Selecting Downloads|Excel File Check Box Completed...
]]></system-out>
  </testcase>
  <testcase name="SelectingAllFiles" classname="tests.ElementsTests" time="2.915">
    <system-out><![CDATA[2025-08-25 10:36:40 [main] INFO  demoqaBase - Closing the Browser...
2025-08-25 10:36:40 [main] INFO  demoqaBase - Starting Web Browser...
2025-08-25 10:36:42 [main] INFO  demoqaBase - Navigating to demoqa.com Website
2025-08-25 10:36:47 [main] INFO  RetryUrlAccess - Successfully navigated to: https://demoqa.com
2025-08-25 10:36:47 [main] INFO  demoqaBase - Starting Test Elements|Home|Selecting Downloads|Word & Excel File Check Boxes Test...
Instance Variables Declared are: nullnull
2025-08-25 10:36:47 [main] INFO  demoqaBase - Accessing Elements Card...
2025-08-25 10:36:49 [main] INFO  RetryUrlAccess - Successfully navigated to: https://demoqa.com
2025-08-25 10:36:49 [main] INFO  demoqaLog - Clicking on Elements Card...
2025-08-25 10:36:49 [main] WARN  demoqaLog - ⚠️ JS click failed, falling back to native click.
2025-08-25 10:36:49 [main] INFO  demoqaLog - Clicked on Elements Card...
Title of this Page is: DEMOQA
You can now Access: Elements
 
Page Text is: Please select an item from left to start practice.
2025-08-25 10:36:49 [main] INFO  demoqaBase - Accessing Check Box...
Check Box
2025-08-25 10:36:50 [main] INFO  demoqaBase - You are accessing: Check Box
2025-08-25 10:36:50 [main] INFO  demoqaBase - Clicking on Home Toggle Button...
2025-08-25 10:36:50 [main] INFO  demoqaBase - Clicking Downloads Toggle Button...
2025-08-25 10:36:50 [main] INFO  demoqaBase - Clicked Downloads Toggle Button...
2025-08-25 10:36:50 [main] INFO  demoqaBase - Selecting Downloads | Word File Check Box...
2025-08-25 10:36:50 [main] INFO  demoqaBase - Selected Downloads | Word File Check Box...
2025-08-25 10:36:50 [main] INFO  demoqaBase - Selecting Downloads | Excel File Check Box...
2025-08-25 10:36:50 [main] INFO  demoqaBase - Selected Downloads | Excel File Check Box...
Information Submitted is: You have selected :
downloads
wordFile
excelFile
2025-08-25 10:36:50 [main] INFO  demoqaBase - You have Selected: You have selected :
downloads
wordFile
excelFile
2025-08-25 10:36:50 [main] INFO  demoqaBase - Test Elements|Home|Selecting Downloads|Word & Excel File Check Boxes Completed...
]]></system-out>
  </testcase>
  <testcase name="clickRadioButton" classname="tests.ElementsTests" time="1.372">
    <system-out><![CDATA[2025-08-25 10:36:50 [main] INFO  demoqaBase - Closing the Browser...
2025-08-25 10:36:51 [main] INFO  demoqaBase - Starting Web Browser...
2025-08-25 10:36:52 [main] INFO  demoqaBase - Navigating to demoqa.com Website
2025-08-25 10:36:58 [main] INFO  RetryUrlAccess - Successfully navigated to: https://demoqa.com
2025-08-25 10:36:58 [main] INFO  demoqaBase - Starting Test Elements|Radio Button Test...
Instance Variables Declared are: nullnull
2025-08-25 10:36:58 [main] INFO  demoqaBase - Accessing Elements Card...
2025-08-25 10:36:58 [main] INFO  RetryUrlAccess - Successfully navigated to: https://demoqa.com
2025-08-25 10:36:58 [main] INFO  demoqaLog - Clicking on Elements Card...
2025-08-25 10:36:58 [main] WARN  demoqaLog - ⚠️ JS click failed, falling back to native click.
2025-08-25 10:36:59 [main] INFO  demoqaLog - Clicked on Elements Card...
Title of this Page is: DEMOQA
You can now Access: Elements
 
Page Text is: Please select an item from left to start practice.
2025-08-25 10:36:59 [main] INFO  demoqaBase - Clicking on Radio Button...
2025-08-25 10:36:59 [main] INFO  demoqaBase - Validating Radio Button Click...
Page Title is: Radio Button
2025-08-25 10:36:59 [main] INFO  demoqaBase - Test Elements|Radio Button Completed...
]]></system-out>
  </testcase>
  <testcase name="SelectYesRadioButton" classname="tests.ElementsTests" time="1.681">
    <system-out><![CDATA[2025-08-25 10:36:59 [main] INFO  demoqaBase - Closing the Browser...
2025-08-25 10:36:59 [main] INFO  demoqaBase - Starting Web Browser...
2025-08-25 10:37:01 [main] INFO  demoqaBase - Navigating to demoqa.com Website
2025-08-25 10:37:10 [main] INFO  RetryUrlAccess - Successfully navigated to: https://demoqa.com
2025-08-25 10:37:10 [main] INFO  demoqaBase - Starting Test Elements|Yes Radio Button Test...
Instance Variables Declared are: nullnull
2025-08-25 10:37:10 [main] INFO  demoqaBase - Accessing Elements Card...
2025-08-25 10:37:10 [main] INFO  RetryUrlAccess - Successfully navigated to: https://demoqa.com
2025-08-25 10:37:10 [main] INFO  demoqaLog - Clicking on Elements Card...
2025-08-25 10:37:10 [main] WARN  demoqaLog - ⚠️ JS click failed, falling back to native click.
2025-08-25 10:37:11 [main] INFO  demoqaLog - Clicked on Elements Card...
Title of this Page is: DEMOQA
You can now Access: Elements
 
Page Text is: Please select an item from left to start practice.
2025-08-25 10:37:11 [main] INFO  demoqaBase - Clicking on Radio Button...
2025-08-25 10:37:11 [main] INFO  demoqaBase - Selecting on Yes Radio Button...
Declared WebDriverWait: org.openqa.selenium.support.ui.WebDriverWait@aca2a0b
2025-08-25 10:37:11 [main] INFO  demoqaBase - Validating Radio Selection Test Result...
2025-08-25 10:37:11 [main] INFO  demoqaBase - You have selected: Yes
2025-08-25 10:37:11 [main] INFO  demoqaBase - Test Case of Radio Button Selection PASSED...
2025-08-25 10:37:11 [main] INFO  demoqaBase - Test Elements|Yes Radio Button Completed...
]]></system-out>
  </testcase>
  <testcase name="SelectImpressiveRadioButton" classname="tests.ElementsTests" time="1.656">
    <system-out><![CDATA[2025-08-25 10:37:11 [main] INFO  demoqaBase - Closing the Browser...
2025-08-25 10:37:12 [main] INFO  demoqaBase - Starting Web Browser...
2025-08-25 10:37:13 [main] INFO  demoqaBase - Navigating to demoqa.com Website
2025-08-25 10:37:23 [main] INFO  RetryUrlAccess - Successfully navigated to: https://demoqa.com
2025-08-25 10:37:23 [main] INFO  demoqaBase - Starting Test Elements|Yes Radio Button Test...
Instance Variables Declared are: nullnull
2025-08-25 10:37:23 [main] INFO  demoqaBase - Accessing Elements Card...
2025-08-25 10:37:24 [main] INFO  RetryUrlAccess - Successfully navigated to: https://demoqa.com
2025-08-25 10:37:24 [main] INFO  demoqaLog - Clicking on Elements Card...
2025-08-25 10:37:24 [main] WARN  demoqaLog - ⚠️ JS click failed, falling back to native click.
2025-08-25 10:37:24 [main] INFO  demoqaLog - Clicked on Elements Card...
Title of this Page is: DEMOQA
You can now Access: Elements
 
Page Text is: Please select an item from left to start practice.
2025-08-25 10:37:24 [main] INFO  demoqaBase - Clicking on Radio Button...
2025-08-25 10:37:25 [main] INFO  demoqaBase - Selecting on Impressive Radio Button...
Declared WebDriverWait: org.openqa.selenium.support.ui.WebDriverWait@7747571c
2025-08-25 10:37:25 [main] INFO  demoqaBase - Validating Radio Selection Test Result...
2025-08-25 10:37:25 [main] INFO  demoqaBase - You have selected: Impressive
2025-08-25 10:37:25 [main] INFO  demoqaBase - Test Case of Radio Button Selection PASSED...
2025-08-25 10:37:25 [main] INFO  demoqaBase - Test Elements|Radio Button|Impressive Completed...
]]></system-out>
  </testcase>
  <testcase name="WebTablesClick" classname="tests.ElementsTests" time="1.61">
    <system-out><![CDATA[2025-08-25 10:37:25 [main] INFO  demoqaBase - Closing the Browser...
2025-08-25 10:37:26 [main] INFO  demoqaBase - Starting Web Browser...
2025-08-25 10:37:27 [main] INFO  demoqaBase - Navigating to demoqa.com Website
2025-08-25 10:37:39 [main] INFO  RetryUrlAccess - Successfully navigated to: https://demoqa.com
2025-08-25 10:37:39 [main] INFO  demoqaBase - Starting Test Elements|Web Tables Test...
Instance Variables Declared are: nullnull
2025-08-25 10:37:39 [main] INFO  demoqaBase - Accessing Elements Card...
2025-08-25 10:37:40 [main] INFO  RetryUrlAccess - Successfully navigated to: https://demoqa.com
2025-08-25 10:37:40 [main] INFO  demoqaLog - Clicking on Elements Card...
2025-08-25 10:37:40 [main] WARN  demoqaLog - ⚠️ JS click failed, falling back to native click.
2025-08-25 10:37:40 [main] INFO  demoqaLog - Clicked on Elements Card...
Title of this Page is: DEMOQA
You can now Access: Elements
 
Page Text is: Please select an item from left to start practice.
2025-08-25 10:37:40 [main] INFO  demoqaBase - Click on Elements|Web Tables...
2025-08-25 10:37:41 [main] INFO  demoqaBase - Test Elements|Web Tables Completed...
]]></system-out>
  </testcase>
  <testcase name="webTableNewRegistration[WebTableUser{firstName=&apos;Johny&apos;, lastName=&apos;Bravo&apos;, email=&apos;Jbravo@demoqa.com&apos;, salary=280000, age=340, department=&apos;Information Technology&apos;}](1)" classname="tests.ElementsTests" time="4.28">
    <system-out><![CDATA[2025-08-25 10:37:41 [main] INFO  demoqaBase - Closing the Browser...
2025-08-25 10:37:42 [main] INFO  demoqaBase - Starting Web Browser...
2025-08-25 10:37:43 [main] INFO  demoqaBase - Navigating to demoqa.com Website
2025-08-25 10:37:52 [main] INFO  RetryUrlAccess - Successfully navigated to: https://demoqa.com
2025-08-25 10:37:52 [main] INFO  demoqaBase - Starting Test Elements|Web Tables|Registration Form Create User...
Instance Variables Declared are: nullnull
2025-08-25 10:37:52 [main] INFO  demoqaBase - Accessing Elements Card...
2025-08-25 10:37:53 [main] INFO  RetryUrlAccess - Successfully navigated to: https://demoqa.com
2025-08-25 10:37:53 [main] INFO  demoqaLog - Clicking on Elements Card...
2025-08-25 10:37:53 [main] WARN  demoqaLog - ⚠️ JS click failed, falling back to native click.
2025-08-25 10:37:53 [main] INFO  demoqaLog - Clicked on Elements Card...
Title of this Page is: DEMOQA
You can now Access: Elements
 
Page Text is: Please select an item from left to start practice.
2025-08-25 10:37:54 [main] INFO  demoqaBase - Click on Elements|Web Tables...
2025-08-25 10:37:54 [main] INFO  demoqaBase - Click on Elements|Web Tables|Registration Form...
2025-08-25 10:37:54 [main] ERROR demoqaBase - Registering User: Johny
2025-08-25 10:37:54 [main] INFO  demoqaBase - Click on Elements|Web Tables|Registration Form|FirstName...
2025-08-25 10:37:54 [main] INFO  demoqaBase - First Name entered is: Johny
2025-08-25 10:37:54 [main] INFO  demoqaBase - Click on Elements|Web Tables|Registration Form|LastName...
Last Name is: Bravo
2025-08-25 10:37:55 [main] INFO  demoqaBase - Last Name entered is: Bravo
2025-08-25 10:37:55 [main] INFO  demoqaBase - Click on Elements|Web Tables|Registration Form|Email...
Email ID is: Jbravo@demoqa.com
2025-08-25 10:37:55 [main] INFO  demoqaBase - Email entered is: Jbravo@demoqa.com
2025-08-25 10:37:55 [main] INFO  demoqaBase - Click on Elements|Web Tables|Registration Form|Age...
2025-08-25 10:37:56 [main] INFO  demoqaBase - Age entered is: 34
2025-08-25 10:37:56 [main] INFO  demoqaBase - Click on Elements|Web Tables|Registration Form|Salary...
2025-08-25 10:37:56 [main] INFO  demoqaBase - Salary entered is: 280000
2025-08-25 10:37:56 [main] INFO  demoqaBase - Click on Elements|Web Tables|Registration Form|Department...
2025-08-25 10:37:56 [main] INFO  demoqaBase - Department entered is: Information Technology
2025-08-25 10:37:56 [main] INFO  demoqaBase - Submitting Registration Form...
2025-08-25 10:37:56 [main] INFO  demoqaBase - Registration Form Submitted...
2025-08-25 10:37:56 [main] ERROR demoqaBase - Submitted to register user: Johny
2025-08-25 10:37:57 [main] INFO  demoqaBase - Test Elements|Web Tables|Registration Form Create User Completed...
]]></system-out>
  </testcase>
  <testcase name="webTableNewRegistration[WebTableUser{firstName=&apos;Gene&apos;, lastName=&apos;Femina&apos;, email=&apos;GFemina@demoqa.com&apos;, salary=180000, age=300, department=&apos;Finance&apos;}](2)" classname="tests.ElementsTests" time="4.426">
    <system-out><![CDATA[2025-08-25 10:37:57 [main] INFO  demoqaBase - Closing the Browser...
2025-08-25 10:37:57 [main] INFO  demoqaBase - Starting Web Browser...
2025-08-25 10:37:59 [main] INFO  demoqaBase - Navigating to demoqa.com Website
2025-08-25 10:38:10 [main] INFO  RetryUrlAccess - Successfully navigated to: https://demoqa.com
2025-08-25 10:38:10 [main] INFO  demoqaBase - Starting Test Elements|Web Tables|Registration Form Create User...
Instance Variables Declared are: nullnull
2025-08-25 10:38:10 [main] INFO  demoqaBase - Accessing Elements Card...
2025-08-25 10:38:10 [main] INFO  RetryUrlAccess - Successfully navigated to: https://demoqa.com
2025-08-25 10:38:10 [main] INFO  demoqaLog - Clicking on Elements Card...
2025-08-25 10:38:11 [main] WARN  demoqaLog - ⚠️ JS click failed, falling back to native click.
2025-08-25 10:38:11 [main] INFO  demoqaLog - Clicked on Elements Card...
Title of this Page is: DEMOQA
You can now Access: Elements
 
Page Text is: Please select an item from left to start practice.
2025-08-25 10:38:11 [main] INFO  demoqaBase - Click on Elements|Web Tables...
2025-08-25 10:38:11 [main] INFO  demoqaBase - Click on Elements|Web Tables|Registration Form...
2025-08-25 10:38:12 [main] ERROR demoqaBase - Registering User: Gene
2025-08-25 10:38:12 [main] INFO  demoqaBase - Click on Elements|Web Tables|Registration Form|FirstName...
2025-08-25 10:38:12 [main] INFO  demoqaBase - First Name entered is: Gene
2025-08-25 10:38:12 [main] INFO  demoqaBase - Click on Elements|Web Tables|Registration Form|LastName...
Last Name is: Femina
2025-08-25 10:38:13 [main] INFO  demoqaBase - Last Name entered is: Femina
2025-08-25 10:38:13 [main] INFO  demoqaBase - Click on Elements|Web Tables|Registration Form|Email...
Email ID is: GFemina@demoqa.com
2025-08-25 10:38:13 [main] INFO  demoqaBase - Email entered is: GFemina@demoqa.com
2025-08-25 10:38:13 [main] INFO  demoqaBase - Click on Elements|Web Tables|Registration Form|Age...
2025-08-25 10:38:13 [main] INFO  demoqaBase - Age entered is: 30
2025-08-25 10:38:13 [main] INFO  demoqaBase - Click on Elements|Web Tables|Registration Form|Salary...
2025-08-25 10:38:13 [main] INFO  demoqaBase - Salary entered is: 180000
2025-08-25 10:38:13 [main] INFO  demoqaBase - Click on Elements|Web Tables|Registration Form|Department...
2025-08-25 10:38:14 [main] INFO  demoqaBase - Department entered is: Finance
2025-08-25 10:38:14 [main] INFO  demoqaBase - Submitting Registration Form...
2025-08-25 10:38:14 [main] INFO  demoqaBase - Registration Form Submitted...
2025-08-25 10:38:14 [main] ERROR demoqaBase - Submitted to register user: Gene
2025-08-25 10:38:14 [main] INFO  demoqaBase - Test Elements|Web Tables|Registration Form Create User Completed...
]]></system-out>
  </testcase>
  <testcase name="webTableNewRegistration[WebTableUser{firstName=&apos;Bud&apos;, lastName=&apos;Wisem&apos;, email=&apos;BWisem@demoqa.com&apos;, salary=150000, age=400, department=&apos;Medicine&apos;}](3)" classname="tests.ElementsTests" time="4.268">
    <system-out><![CDATA[2025-08-25 10:38:14 [main] INFO  demoqaBase - Closing the Browser...
2025-08-25 10:38:15 [main] INFO  demoqaBase - Starting Web Browser...
2025-08-25 10:38:16 [main] INFO  demoqaBase - Navigating to demoqa.com Website
2025-08-25 10:38:27 [main] INFO  RetryUrlAccess - Successfully navigated to: https://demoqa.com
2025-08-25 10:38:27 [main] INFO  demoqaBase - Starting Test Elements|Web Tables|Registration Form Create User...
Instance Variables Declared are: nullnull
2025-08-25 10:38:27 [main] INFO  demoqaBase - Accessing Elements Card...
2025-08-25 10:38:28 [main] INFO  RetryUrlAccess - Successfully navigated to: https://demoqa.com
2025-08-25 10:38:28 [main] INFO  demoqaLog - Clicking on Elements Card...
2025-08-25 10:38:28 [main] WARN  demoqaLog - ⚠️ JS click failed, falling back to native click.
2025-08-25 10:38:29 [main] INFO  demoqaLog - Clicked on Elements Card...
Title of this Page is: DEMOQA
You can now Access: Elements
 
Page Text is: Please select an item from left to start practice.
2025-08-25 10:38:29 [main] INFO  demoqaBase - Click on Elements|Web Tables...
2025-08-25 10:38:29 [main] INFO  demoqaBase - Click on Elements|Web Tables|Registration Form...
2025-08-25 10:38:29 [main] ERROR demoqaBase - Registering User: Bud
2025-08-25 10:38:29 [main] INFO  demoqaBase - Click on Elements|Web Tables|Registration Form|FirstName...
2025-08-25 10:38:30 [main] INFO  demoqaBase - First Name entered is: Bud
2025-08-25 10:38:30 [main] INFO  demoqaBase - Click on Elements|Web Tables|Registration Form|LastName...
Last Name is: Wisem
2025-08-25 10:38:30 [main] INFO  demoqaBase - Last Name entered is: Wisem
2025-08-25 10:38:30 [main] INFO  demoqaBase - Click on Elements|Web Tables|Registration Form|Email...
Email ID is: BWisem@demoqa.com
2025-08-25 10:38:30 [main] INFO  demoqaBase - Email entered is: BWisem@demoqa.com
2025-08-25 10:38:30 [main] INFO  demoqaBase - Click on Elements|Web Tables|Registration Form|Age...
2025-08-25 10:38:31 [main] INFO  demoqaBase - Age entered is: 40
2025-08-25 10:38:31 [main] INFO  demoqaBase - Click on Elements|Web Tables|Registration Form|Salary...
2025-08-25 10:38:31 [main] INFO  demoqaBase - Salary entered is: 150000
2025-08-25 10:38:31 [main] INFO  demoqaBase - Click on Elements|Web Tables|Registration Form|Department...
2025-08-25 10:38:31 [main] INFO  demoqaBase - Department entered is: Medicine
2025-08-25 10:38:31 [main] INFO  demoqaBase - Submitting Registration Form...
2025-08-25 10:38:32 [main] INFO  demoqaBase - Registration Form Submitted...
2025-08-25 10:38:32 [main] ERROR demoqaBase - Submitted to register user: Bud
2025-08-25 10:38:32 [main] INFO  demoqaBase - Test Elements|Web Tables|Registration Form Create User Completed...
]]></system-out>
  </testcase>
  <testcase name="webTableNewRegistration[WebTableUser{firstName=&apos;Tom&apos;, lastName=&apos;Boss&apos;, email=&apos;TBoss@demoqa.com&apos;, salary=190000, age=420, department=&apos;Recreation&apos;}](4)" classname="tests.ElementsTests" time="3.78">
    <system-out><![CDATA[2025-08-25 10:38:32 [main] INFO  demoqaBase - Closing the Browser...
2025-08-25 10:38:32 [main] INFO  demoqaBase - Starting Web Browser...
2025-08-25 10:38:34 [main] INFO  demoqaBase - Navigating to demoqa.com Website
2025-08-25 10:38:45 [main] INFO  RetryUrlAccess - Successfully navigated to: https://demoqa.com
2025-08-25 10:38:45 [main] INFO  demoqaBase - Starting Test Elements|Web Tables|Registration Form Create User...
Instance Variables Declared are: nullnull
2025-08-25 10:38:45 [main] INFO  demoqaBase - Accessing Elements Card...
2025-08-25 10:38:45 [main] INFO  RetryUrlAccess - Successfully navigated to: https://demoqa.com
2025-08-25 10:38:45 [main] INFO  demoqaLog - Clicking on Elements Card...
2025-08-25 10:38:46 [main] WARN  demoqaLog - ⚠️ JS click failed, falling back to native click.
2025-08-25 10:38:46 [main] INFO  demoqaLog - Clicked on Elements Card...
Title of this Page is: DEMOQA
You can now Access: Elements
 
Page Text is: Please select an item from left to start practice.
2025-08-25 10:38:46 [main] INFO  demoqaBase - Click on Elements|Web Tables...
2025-08-25 10:38:46 [main] INFO  demoqaBase - Click on Elements|Web Tables|Registration Form...
2025-08-25 10:38:46 [main] ERROR demoqaBase - Registering User: Tom
2025-08-25 10:38:46 [main] INFO  demoqaBase - Click on Elements|Web Tables|Registration Form|FirstName...
2025-08-25 10:38:47 [main] INFO  demoqaBase - First Name entered is: Tom
2025-08-25 10:38:47 [main] INFO  demoqaBase - Click on Elements|Web Tables|Registration Form|LastName...
Last Name is: Boss
[...]
2025-08-25 10:48:30 [main] INFO  AssertFormData - 🔍 [DOB] Raw expected='22-05-2002', Raw actual='22 May,2002'
2025-08-25 10:48:30 [main] INFO  AssertFormData - 🔧 [DOB] Normalized expected='22-05-2002', Normalized actual='22-05-2002'
2025-08-25 10:48:30 [main] INFO  AssertFormData - ✅ [DOB] matched: '22-05-2002'
2025-08-25 10:48:30 [main] INFO  AssertFormData - 🔍 [Picture] Raw expected='Fphoto.png', Raw actual='Fphoto.png'
2025-08-25 10:48:30 [main] INFO  AssertFormData - 🔧 [Picture] Normalized expected='Fphoto.png', Normalized actual='Fphoto.png'
2025-08-25 10:48:30 [main] INFO  AssertFormData - ✅ [Picture] matched: 'Fphoto.png'
2025-08-25 10:48:30 [main] INFO  AssertFormData - 🔍 [State] Raw expected='Uttar Pradesh', Raw actual='Uttar Pradesh'
2025-08-25 10:48:30 [main] INFO  AssertFormData - 🔧 [State] Normalized expected='Uttar Pradesh', Normalized actual='Uttar Pradesh'
2025-08-25 10:48:30 [main] INFO  AssertFormData - ✅ [State] matched: 'Uttar Pradesh'
2025-08-25 10:48:30 [main] INFO  AssertFormData - 🔍 [First Name] Raw expected='Gene', Raw actual='Gene'
2025-08-25 10:48:30 [main] INFO  AssertFormData - 🔧 [First Name] Normalized expected='Gene', Normalized actual='Gene'
2025-08-25 10:48:30 [main] INFO  AssertFormData - ✅ [First Name] matched: 'Gene'
2025-08-25 10:48:30 [main] INFO  AssertFormData - 🔍 [Gender] Raw expected='Female', Raw actual='Female'
2025-08-25 10:48:30 [main] INFO  AssertFormData - 🔧 [Gender] Normalized expected='Female', Normalized actual='Female'
2025-08-25 10:48:30 [main] INFO  AssertFormData - ✅ [Gender] matched: 'Female'
2025-08-25 10:48:30 [main] INFO  AssertFormData - 🔍 [City] Raw expected='Merrut', Raw actual='Merrut'
2025-08-25 10:48:30 [main] INFO  AssertFormData - 🔧 [City] Normalized expected='Merrut', Normalized actual='Merrut'
2025-08-25 10:48:30 [main] INFO  AssertFormData - ✅ [City] matched: 'Merrut'
2025-08-25 10:48:30 [main] INFO  AssertFormData - 🔍 [Last Name] Raw expected='Femina', Raw actual='Femina'
2025-08-25 10:48:30 [main] INFO  AssertFormData - 🔧 [Last Name] Normalized expected='Femina', Normalized actual='Femina'
2025-08-25 10:48:30 [main] INFO  AssertFormData - ✅ [Last Name] matched: 'Femina'
2025-08-25 10:48:30 [main] INFO  AssertFormData - 🔍 [Mobile] Raw expected='1888343432', Raw actual='1888343432'
2025-08-25 10:48:30 [main] INFO  AssertFormData - 🔧 [Mobile] Normalized expected='1888343432', Normalized actual='1888343432'
2025-08-25 10:48:30 [main] INFO  AssertFormData - ✅ [Mobile] matched: '1888343432'
2025-08-25 10:48:30 [main] INFO  AssertFormData - 🔍 [Hobbies] Raw expected='Music,Reading', Raw actual='Music, Reading'
2025-08-25 10:48:30 [main] INFO  AssertFormData - 🔧 [Hobbies] Normalized expected='Music,Reading', Normalized actual='Music,Reading'
2025-08-25 10:48:30 [main] INFO  AssertFormData - ✅ [Hobbies] matched: 'Music,Reading'
2025-08-25 10:48:30 [main] INFO  AssertFormData - 🔍 [Subject] Raw expected='Accounting', Raw actual='Accounting'
2025-08-25 10:48:30 [main] INFO  AssertFormData - 🔧 [Subject] Normalized expected='Accounting', Normalized actual='Accounting'
2025-08-25 10:48:30 [main] INFO  AssertFormData - ✅ [Subject] matched: 'Accounting'
2025-08-25 10:48:30 [main] INFO  demoqaBase - Test Form Filling Completed for: Gene Femina
]]></system-out>
  </testcase>
  <testcase name="fillForm[UserFormData{firstName=&apos;Bud&apos;, lastName=&apos;Wisem&apos;, userMail=&apos;BWisem@demoqa.com&apos;, gender=&apos;Other&apos;, mobile=&apos;8.932465432E9&apos;, dob=&apos;31-12-1999&apos;, subject=&apos;Biology&apos;, hobbies=&apos;Reading&apos;, picturePath=&apos;/TestData/Ophoto.jpg&apos;, address=&apos;513 Grant 481, Prattsville\n Arkansas 72129\n United States&apos;, state=&apos;Haryana&apos;, city=&apos;Panipat&apos;}](3)" classname="tests.FormTests" time="5.834">
    <system-out><![CDATA[Path for Screenshot is: C:\ASN\eclipse_workspace\demoqa-automation/screenshots/fillForm Passed+2025-08-25_10-48-30.png
2025-08-25 10:48:30 [main] INFO  demoqaBase - Closing the Browser...
2025-08-25 10:48:31 [main] INFO  demoqaBase - Starting Web Browser...
2025-08-25 10:48:36 [main] INFO  demoqaBase - Navigating to demoqa.com Website
2025-08-25 10:48:49 [main] INFO  RetryUrlAccess - Successfully navigated to: https://demoqa.com
2025-08-25 10:48:49 [main] INFO  demoqaBase - Starting Form Filling Test...
2025-08-25 10:48:49 [main] INFO  RetryUrlAccess - Successfully navigated to: https://demoqa.com
2025-08-25 10:48:49 [main] INFO  demoqaBase - Accessing Form Card...
2025-08-25 10:48:50 [main] INFO  RetryUrlAccess - Successfully navigated to: https://demoqa.com
2025-08-25 10:48:50 [main] INFO  demoqaLog - Clicking on Form Card...
2025-08-25 10:48:50 [main] INFO  demoqaLog - Clicked on Forms Card...
Page Text is: Please select an item from left to start practice.
2025-08-25 10:48:50 [main] INFO  demoqaBase - Clicking on Practice Form...
2025-08-25 10:48:51 [main] INFO  demoqaBase - Clicked on Practice Form...
2025-08-25 10:48:51 [main] INFO  demoqaBase - Filling form for: Bud Wisem
2025-08-25 10:48:51 [main] INFO  demoqaBase - Entering First Name...
2025-08-25 10:48:51 [main] INFO  demoqaBase - Entered First Name: Bud
Selected gender: Other
📅 Parsed DOB: 1999-12-31
📅 Parsed DOB: 1999-12-31
📥 Received DOB: 31-12-1999
📅 Normalized DOB: 31-12-1999
✅ Date selected: 31-12-1999
2025-08-25 10:48:52 [main] INFO  demoqaBase - Typed full subject: Biology
Typing subject: Biology
Dropdown Option: Biology
Selected: Biology
Selected hobby: reading
Uploaded photo: C:\ASN\eclipse_workspace\demoqa-automation//TestData/Ophoto.jpg
513 Grant 481, Prattsville
 Arkansas 72129
 United States
2025-08-25 10:48:53 [main] INFO  demoqaBase - Entering Address...
2025-08-25 10:48:53 [main] INFO  demoqaBase - Entered Address...
2025-08-25 10:48:53 [main] INFO  demoqaBase - Selecting State: Haryana
Available state option: NCR
Available state option: Uttar Pradesh
Available state option: Haryana
2025-08-25 10:48:53 [main] INFO  demoqaBase - Selected State: Haryana
2025-08-25 10:48:53 [main] INFO  demoqaBase - Selecting City: Panipat
Available city: Karnal
Available city: Panipat
2025-08-25 10:48:54 [main] INFO  demoqaBase - Selected City: Panipat
2025-08-25 10:48:54 [main] INFO  demoqaBase - Submitting Form...
2025-08-25 10:48:54 [main] INFO  demoqaBase - Form Submitted via normal click...
2025-08-25 10:48:54 [main] INFO  ConfirmationTableParser - 📋 Parsed [First Name] = 'Bud', [Last Name] = 'Wisem'
2025-08-25 10:48:54 [main] INFO  ConfirmationTableParser - 📋 Parsed [Email] = 'BWisem@demoqa.com'
2025-08-25 10:48:54 [main] INFO  ConfirmationTableParser - 📋 Parsed [Gender] = 'Other'
2025-08-25 10:48:54 [main] INFO  ConfirmationTableParser - 📋 Parsed [Mobile] = '8932465432'
2025-08-25 10:48:55 [main] INFO  ConfirmationTableParser - 📋 Parsed [DOB] = '31 December,1999'
2025-08-25 10:48:55 [main] INFO  ConfirmationTableParser - 📋 Parsed [Subject] = 'Biology'
2025-08-25 10:48:55 [main] INFO  ConfirmationTableParser - 📋 Parsed [Hobbies] = 'Reading'
2025-08-25 10:48:55 [main] INFO  ConfirmationTableParser - 📋 Parsed [Picture] = 'Ophoto.jpg'
2025-08-25 10:48:55 [main] INFO  ConfirmationTableParser - 📋 Parsed [Address] = '513 Grant 481, Prattsville Arkansas 72129 United States'
2025-08-25 10:48:55 [main] INFO  ConfirmationTableParser - 📋 Parsed [State] = 'Haryana', [City] = 'Panipat'
2025-08-25 10:48:55 [main] INFO  demoqaBase - 🧪 Starting confirmation assertion for user: Bud
2025-08-25 10:48:55 [main] INFO  AssertFormData - 🔍 [Email] Raw expected='BWisem@demoqa.com', Raw actual='BWisem@demoqa.com'
2025-08-25 10:48:55 [main] INFO  AssertFormData - 🔧 [Email] Normalized expected='BWisem@demoqa.com', Normalized actual='BWisem@demoqa.com'
2025-08-25 10:48:55 [main] INFO  AssertFormData - ✅ [Email] matched: 'BWisem@demoqa.com'
2025-08-25 10:48:55 [main] INFO  AssertFormData - 🔍 [Address] Raw expected='513 Grant 481, Prattsville\n Arkansas 72129\n United States', Raw actual='513 Grant 481, Prattsville Arkansas 72129 United States'
2025-08-25 10:48:55 [main] INFO  AssertFormData - 🔧 [Address] Normalized expected='513 Grant 481, Prattsville Arkansas 72129 United States', Normalized actual='513 Grant 481, Prattsville Arkansas 72129 United States'
2025-08-25 10:48:55 [main] INFO  AssertFormData - ✅ [Address] matched: '513 Grant 481, Prattsville Arkansas 72129 United States'
2025-08-25 10:48:55 [main] INFO  AssertFormData - 🔍 [DOB] Raw expected='31-12-1999', Raw actual='31 December,1999'
2025-08-25 10:48:55 [main] INFO  AssertFormData - 🔧 [DOB] Normalized expected='31-12-1999', Normalized actual='31-12-1999'
2025-08-25 10:48:55 [main] INFO  AssertFormData - ✅ [DOB] matched: '31-12-1999'
2025-08-25 10:48:55 [main] INFO  AssertFormData - 🔍 [Picture] Raw expected='Ophoto.jpg', Raw actual='Ophoto.jpg'
2025-08-25 10:48:55 [main] INFO  AssertFormData - 🔧 [Picture] Normalized expected='Ophoto.jpg', Normalized actual='Ophoto.jpg'
2025-08-25 10:48:55 [main] INFO  AssertFormData - ✅ [Picture] matched: 'Ophoto.jpg'
2025-08-25 10:48:55 [main] INFO  AssertFormData - 🔍 [State] Raw expected='Haryana', Raw actual='Haryana'
2025-08-25 10:48:55 [main] INFO  AssertFormData - 🔧 [State] Normalized expected='Haryana', Normalized actual='Haryana'
2025-08-25 10:48:55 [main] INFO  AssertFormData - ✅ [State] matched: 'Haryana'
2025-08-25 10:48:55 [main] INFO  AssertFormData - 🔍 [First Name] Raw expected='Bud', Raw actual='Bud'
2025-08-25 10:48:55 [main] INFO  AssertFormData - 🔧 [First Name] Normalized expected='Bud', Normalized actual='Bud'
2025-08-25 10:48:55 [main] INFO  AssertFormData - ✅ [First Name] matched: 'Bud'
2025-08-25 10:48:55 [main] INFO  AssertFormData - 🔍 [Gender] Raw expected='Other', Raw actual='Other'
2025-08-25 10:48:55 [main] INFO  AssertFormData - 🔧 [Gender] Normalized expected='Other', Normalized actual='Other'
2025-08-25 10:48:55 [main] INFO  AssertFormData - ✅ [Gender] matched: 'Other'
2025-08-25 10:48:55 [main] INFO  AssertFormData - 🔍 [City] Raw expected='Panipat', Raw actual='Panipat'
2025-08-25 10:48:55 [main] INFO  AssertFormData - 🔧 [City] Normalized expected='Panipat', Normalized actual='Panipat'
2025-08-25 10:48:55 [main] INFO  AssertFormData - ✅ [City] matched: 'Panipat'
2025-08-25 10:48:55 [main] INFO  AssertFormData - 🔍 [Last Name] Raw expected='Wisem', Raw actual='Wisem'
2025-08-25 10:48:55 [main] INFO  AssertFormData - 🔧 [Last Name] Normalized expected='Wisem', Normalized actual='Wisem'
2025-08-25 10:48:55 [main] INFO  AssertFormData - ✅ [Last Name] matched: 'Wisem'
2025-08-25 10:48:55 [main] INFO  AssertFormData - 🔍 [Mobile] Raw expected='8932465432', Raw actual='8932465432'
2025-08-25 10:48:55 [main] INFO  AssertFormData - 🔧 [Mobile] Normalized expected='8932465432', Normalized actual='8932465432'
2025-08-25 10:48:55 [main] INFO  AssertFormData - ✅ [Mobile] matched: '8932465432'
2025-08-25 10:48:55 [main] INFO  AssertFormData - 🔍 [Hobbies] Raw expected='Reading', Raw actual='Reading'
2025-08-25 10:48:55 [main] INFO  AssertFormData - 🔧 [Hobbies] Normalized expected='Reading', Normalized actual='Reading'
2025-08-25 10:48:55 [main] INFO  AssertFormData - ✅ [Hobbies] matched: 'Reading'
2025-08-25 10:48:55 [main] INFO  AssertFormData - 🔍 [Subject] Raw expected='Biology', Raw actual='Biology'
2025-08-25 10:48:55 [main] INFO  AssertFormData - 🔧 [Subject] Normalized expected='Biology', Normalized actual='Biology'
2025-08-25 10:48:55 [main] INFO  AssertFormData - ✅ [Subject] matched: 'Biology'
2025-08-25 10:48:55 [main] INFO  demoqaBase - Test Form Filling Completed for: Bud Wisem
]]></system-out>
  </testcase>
  <testcase name="fillForm[UserFormData{firstName=&apos;Tom&apos;, lastName=&apos;Boss&apos;, userMail=&apos;TBoss@demoqa.com&apos;, gender=&apos;Male&apos;, mobile=&apos;7.839875281E9&apos;, dob=&apos;26-01-2003&apos;, subject=&apos;Social Studies&apos;, hobbies=&apos;Sports,Reading&apos;, picturePath=&apos;/TestData/M2photo.jpg&apos;, address=&apos;514 Grant 481, Prattsville\n Arkansas 72129\n United States&apos;, state=&apos;Rajasthan&apos;, city=&apos;Jaiselmer&apos;}](4)" classname="tests.FormTests" time="5.695">
    <system-out><![CDATA[Path for Screenshot is: C:\ASN\eclipse_workspace\demoqa-automation/screenshots/fillForm Passed+2025-08-25_10-48-55.png
2025-08-25 10:48:55 [main] INFO  demoqaBase - Closing the Browser...
2025-08-25 10:48:55 [main] INFO  demoqaBase - Starting Web Browser...
2025-08-25 10:48:56 [main] INFO  demoqaBase - Navigating to demoqa.com Website
2025-08-25 10:49:03 [main] INFO  RetryUrlAccess - Successfully navigated to: https://demoqa.com
2025-08-25 10:49:03 [main] INFO  demoqaBase - Starting Form Filling Test...
2025-08-25 10:49:04 [main] INFO  RetryUrlAccess - Successfully navigated to: https://demoqa.com
2025-08-25 10:49:04 [main] INFO  demoqaBase - Accessing Form Card...
2025-08-25 10:49:04 [main] INFO  RetryUrlAccess - Successfully navigated to: https://demoqa.com
2025-08-25 10:49:04 [main] INFO  demoqaLog - Clicking on Form Card...
2025-08-25 10:49:04 [main] INFO  demoqaLog - Clicked on Forms Card...
Page Text is: Please select an item from left to start practice.
2025-08-25 10:49:04 [main] INFO  demoqaBase - Clicking on Practice Form...
2025-08-25 10:49:05 [main] INFO  demoqaBase - Clicked on Practice Form...
2025-08-25 10:49:05 [main] INFO  demoqaBase - Filling form for: Tom Boss
2025-08-25 10:49:05 [main] INFO  demoqaBase - Entering First Name...
2025-08-25 10:49:05 [main] INFO  demoqaBase - Entered First Name: Tom
Selected gender: Male
📅 Parsed DOB: 2003-01-26
📅 Parsed DOB: 2003-01-26
📥 Received DOB: 26-01-2003
📅 Normalized DOB: 26-01-2003
✅ Date selected: 26-01-2003
2025-08-25 10:49:06 [main] INFO  demoqaBase - Typed full subject: Social Studies
Typing subject: Social Studies
Dropdown Option: Social Studies
Selected: Social Studies
Selected hobby: sports
Selected hobby: reading
Uploaded photo: C:\ASN\eclipse_workspace\demoqa-automation//TestData/M2photo.jpg
514 Grant 481, Prattsville
 Arkansas 72129
 United States
2025-08-25 10:49:07 [main] INFO  demoqaBase - Entering Address...
2025-08-25 10:49:07 [main] INFO  demoqaBase - Entered Address...
2025-08-25 10:49:07 [main] INFO  demoqaBase - Selecting State: Rajasthan
Available state option: NCR
Available state option: Uttar Pradesh
Available state option: Haryana
Available state option: Rajasthan
2025-08-25 10:49:07 [main] INFO  demoqaBase - Selected State: Rajasthan
2025-08-25 10:49:07 [main] INFO  demoqaBase - Selecting City: Jaiselmer
Available city: Jaipur
Available city: Jaiselmer
2025-08-25 10:49:08 [main] INFO  demoqaBase - Selected City: Jaiselmer
2025-08-25 10:49:08 [main] INFO  demoqaBase - Submitting Form...
2025-08-25 10:49:08 [main] INFO  demoqaBase - Form Submitted via normal click...
2025-08-25 10:49:08 [main] INFO  ConfirmationTableParser - 📋 Parsed [First Name] = 'Tom', [Last Name] = 'Boss'
2025-08-25 10:49:08 [main] INFO  ConfirmationTableParser - 📋 Parsed [Email] = 'TBoss@demoqa.com'
2025-08-25 10:49:08 [main] INFO  ConfirmationTableParser - 📋 Parsed [Gender] = 'Male'
2025-08-25 10:49:09 [main] INFO  ConfirmationTableParser - 📋 Parsed [Mobile] = '7839875281'
2025-08-25 10:49:09 [main] INFO  ConfirmationTableParser - 📋 Parsed [DOB] = '26 January,2003'
2025-08-25 10:49:09 [main] INFO  ConfirmationTableParser - 📋 Parsed [Subject] = 'Social Studies'
2025-08-25 10:49:09 [main] INFO  ConfirmationTableParser - 📋 Parsed [Hobbies] = 'Sports, Reading'
2025-08-25 10:49:09 [main] INFO  ConfirmationTableParser - 📋 Parsed [Picture] = 'M2photo.jpg'
2025-08-25 10:49:09 [main] INFO  ConfirmationTableParser - 📋 Parsed [Address] = '514 Grant 481, Prattsville Arkansas 72129 United States'
2025-08-25 10:49:09 [main] INFO  ConfirmationTableParser - 📋 Parsed [State] = 'Rajasthan', [City] = 'Jaiselmer'
2025-08-25 10:49:09 [main] INFO  demoqaBase - 🧪 Starting confirmation assertion for user: Tom
2025-08-25 10:49:09 [main] INFO  AssertFormData - 🔍 [Email] Raw expected='TBoss@demoqa.com', Raw actual='TBoss@demoqa.com'
2025-08-25 10:49:09 [main] INFO  AssertFormData - 🔧 [Email] Normalized expected='TBoss@demoqa.com', Normalized actual='TBoss@demoqa.com'
2025-08-25 10:49:09 [main] INFO  AssertFormData - ✅ [Email] matched: 'TBoss@demoqa.com'
2025-08-25 10:49:09 [main] INFO  AssertFormData - 🔍 [Address] Raw expected='514 Grant 481, Prattsville\n Arkansas 72129\n United States', Raw actual='514 Grant 481, Prattsville Arkansas 72129 United States'
2025-08-25 10:49:09 [main] INFO  AssertFormData - 🔧 [Address] Normalized expected='514 Grant 481, Prattsville Arkansas 72129 United States', Normalized actual='514 Grant 481, Prattsville Arkansas 72129 United States'
2025-08-25 10:49:09 [main] INFO  AssertFormData - ✅ [Address] matched: '514 Grant 481, Prattsville Arkansas 72129 United States'
2025-08-25 10:49:09 [main] INFO  AssertFormData - 🔍 [DOB] Raw expected='26-01-2003', Raw actual='26 January,2003'
2025-08-25 10:49:09 [main] INFO  AssertFormData - 🔧 [DOB] Normalized expected='26-01-2003', Normalized actual='26-01-2003'
2025-08-25 10:49:09 [main] INFO  AssertFormData - ✅ [DOB] matched: '26-01-2003'
2025-08-25 10:49:09 [main] INFO  AssertFormData - 🔍 [Picture] Raw expected='M2photo.jpg', Raw actual='M2photo.jpg'
2025-08-25 10:49:09 [main] INFO  AssertFormData - 🔧 [Picture] Normalized expected='M2photo.jpg', Normalized actual='M2photo.jpg'
2025-08-25 10:49:09 [main] INFO  AssertFormData - ✅ [Picture] matched: 'M2photo.jpg'
2025-08-25 10:49:09 [main] INFO  AssertFormData - 🔍 [State] Raw expected='Rajasthan', Raw actual='Rajasthan'
2025-08-25 10:49:09 [main] INFO  AssertFormData - 🔧 [State] Normalized expected='Rajasthan', Normalized actual='Rajasthan'
2025-08-25 10:49:09 [main] INFO  AssertFormData - ✅ [State] matched: 'Rajasthan'
2025-08-25 10:49:09 [main] INFO  AssertFormData - 🔍 [First Name] Raw expected='Tom', Raw actual='Tom'
2025-08-25 10:49:09 [main] INFO  AssertFormData - 🔧 [First Name] Normalized expected='Tom', Normalized actual='Tom'
2025-08-25 10:49:09 [main] INFO  AssertFormData - ✅ [First Name] matched: 'Tom'
2025-08-25 10:49:09 [main] INFO  AssertFormData - 🔍 [Gender] Raw expected='Male', Raw actual='Male'
2025-08-25 10:49:09 [main] INFO  AssertFormData - 🔧 [Gender] Normalized expected='Male', Normalized actual='Male'
2025-08-25 10:49:09 [main] INFO  AssertFormData - ✅ [Gender] matched: 'Male'
2025-08-25 10:49:09 [main] INFO  AssertFormData - 🔍 [City] Raw expected='Jaiselmer', Raw actual='Jaiselmer'
2025-08-25 10:49:09 [main] INFO  AssertFormData - 🔧 [City] Normalized expected='Jaiselmer', Normalized actual='Jaiselmer'
2025-08-25 10:49:09 [main] INFO  AssertFormData - ✅ [City] matched: 'Jaiselmer'
2025-08-25 10:49:09 [main] INFO  AssertFormData - 🔍 [Last Name] Raw expected='Boss', Raw actual='Boss'
2025-08-25 10:49:09 [main] INFO  AssertFormData - 🔧 [Last Name] Normalized expected='Boss', Normalized actual='Boss'
2025-08-25 10:49:09 [main] INFO  AssertFormData - ✅ [Last Name] matched: 'Boss'
2025-08-25 10:49:09 [main] INFO  AssertFormData - 🔍 [Mobile] Raw expected='7839875281', Raw actual='7839875281'
2025-08-25 10:49:09 [main] INFO  AssertFormData - 🔧 [Mobile] Normalized expected='7839875281', Normalized actual='7839875281'
2025-08-25 10:49:09 [main] INFO  AssertFormData - ✅ [Mobile] matched: '7839875281'
2025-08-25 10:49:09 [main] INFO  AssertFormData - 🔍 [Hobbies] Raw expected='Sports,Reading', Raw actual='Sports, Reading'
2025-08-25 10:49:09 [main] INFO  AssertFormData - 🔧 [Hobbies] Normalized expected='Sports,Reading', Normalized actual='Sports,Reading'
2025-08-25 10:49:09 [main] INFO  AssertFormData - ✅ [Hobbies] matched: 'Sports,Reading'
2025-08-25 10:49:09 [main] INFO  AssertFormData - 🔍 [Subject] Raw expected='Social Studies', Raw actual='Social Studies'
2025-08-25 10:49:09 [main] INFO  AssertFormData - 🔧 [Subject] Normalized expected='Social Studies', Normalized actual='Social Studies'
2025-08-25 10:49:09 [main] INFO  AssertFormData - ✅ [Subject] matched: 'Social Studies'
2025-08-25 10:49:09 [main] INFO  demoqaBase - Test Form Filling Completed for: Tom Boss
]]></system-out>
  </testcase>
</testsuite>