<?xml version="1.0" encoding="UTF-8"?>
<testng-results ignored="0" total="5" passed="5" failed="0" skipped="0">
  <reporter-output>
  </reporter-output>
  <suite started-at="2025-07-18T18:31:22 IST" name="Surefire suite" finished-at="2025-07-18T18:32:24 IST" duration-ms="62568">
    <groups>
    </groups>
    <test started-at="2025-07-18T18:31:22 IST" name="Surefire test" finished-at="2025-07-18T18:32:24 IST" duration-ms="62568">
      <class name="tests.FormTests">
        <test-method is-config="true" signature="setupReport()[pri:0, instance:tests.FormTests@636be97c]" started-at="2025-07-18T18:31:21 IST" name="setupReport" finished-at="2025-07-18T18:31:22 IST" duration-ms="233" status="PASS">
          <reporter-output>
          </reporter-output>
        </test-method> <!-- setupReport -->
        <test-method is-config="true" signature="setUP()[pri:0, instance:tests.FormTests@636be97c]" started-at="2025-07-18T18:31:22 IST" name="setUP" finished-at="2025-07-18T18:31:32 IST" duration-ms="10913" status="PASS">
          <reporter-output>
          </reporter-output>
        </test-method> <!-- setUP -->
        <test-method signature="FormCard()[pri:1, instance:tests.FormTests@636be97c]" started-at="2025-07-18T18:31:32 IST" name="FormCard" finished-at="2025-07-18T18:31:33 IST" duration-ms="897" status="PASS">
          <reporter-output>
          </reporter-output>
        </test-method> <!-- FormCard -->
        <test-method is-config="true" signature="TearDown(org.testng.ITestResult)[pri:0, instance:tests.FormTests@636be97c]" started-at="2025-07-18T18:31:33 IST" name="TearDown" finished-at="2025-07-18T18:31:34 IST" duration-ms="222" status="PASS">
          <params>
            <param index="0">
              <value>
                <![CDATA[[TestResult name=FormCard status=SUCCESS method=FormTests.FormCard()[pri:1, instance:tests.FormTests@636be97c] output={null}]]]>
              </value>
            </param>
          </params>
          <reporter-output>
          </reporter-output>
        </test-method> <!-- TearDown -->
        <test-method is-config="true" signature="setUP()[pri:0, instance:tests.FormTests@636be97c]" started-at="2025-07-18T18:31:35 IST" name="setUP" finished-at="2025-07-18T18:31:40 IST" duration-ms="5217" status="PASS">
          <reporter-output>
          </reporter-output>
        </test-method> <!-- setUP -->
        <test-method signature="fillForm(models.UserFormData)[pri:2, instance:tests.FormTests@636be97c]" started-at="2025-07-18T18:31:40 IST" name="fillForm" data-provider="UserFormData1" finished-at="2025-07-18T18:31:46 IST" duration-ms="6159" status="PASS">
          <params>
            <param index="0">
              <value>
                <![CDATA[models.UserFormData@57f9b467]]>
              </value>
            </param>
          </params>
          <reporter-output>
          </reporter-output>
        </test-method> <!-- fillForm -->
        <test-method is-config="true" signature="TearDown(org.testng.ITestResult)[pri:0, instance:tests.FormTests@636be97c]" started-at="2025-07-18T18:31:46 IST" name="TearDown" finished-at="2025-07-18T18:31:47 IST" duration-ms="777" status="PASS">
          <params>
            <param index="0">
              <value>
                <![CDATA[[TestResult name=fillForm status=SUCCESS method=FormTests.fillForm(models.UserFormData)[pri:2, instance:tests.FormTests@636be97c] output={null}]]]>
              </value>
            </param>
          </params>
          <reporter-output>
          </reporter-output>
        </test-method> <!-- TearDown -->
        <test-method is-config="true" signature="setUP()[pri:0, instance:tests.FormTests@636be97c]" started-at="2025-07-18T18:31:47 IST" name="setUP" finished-at="2025-07-18T18:31:52 IST" duration-ms="5408" status="PASS">
          <reporter-output>
          </reporter-output>
        </test-method> <!-- setUP -->
        <test-method signature="fillForm(models.UserFormData)[pri:2, instance:tests.FormTests@636be97c]" started-at="2025-07-18T18:31:52 IST" name="fillForm" data-provider="UserFormData1" finished-at="2025-07-18T18:31:58 IST" duration-ms="5610" status="PASS">
          <params>
            <param index="0">
              <value>
                <![CDATA[models.UserFormData@4997552e]]>
              </value>
            </param>
          </params>
          <reporter-output>
          </reporter-output>
        </test-method> <!-- fillForm -->
        <test-method is-config="true" signature="TearDown(org.testng.ITestResult)[pri:0, instance:tests.FormTests@636be97c]" started-at="2025-07-18T18:31:58 IST" name="TearDown" finished-at="2025-07-18T18:31:59 IST" duration-ms="547" status="PASS">
          <params>
            <param index="0">
              <value>
                <![CDATA[[TestResult name=fillForm status=SUCCESS method=FormTests.fillForm(models.UserFormData)[pri:2, instance:tests.FormTests@636be97c] output={null}]]]>
              </value>
            </param>
          </params>
          <reporter-output>
          </reporter-output>
        </test-method> <!-- TearDown -->
        <test-method is-config="true" signature="setUP()[pri:0, instance:tests.FormTests@636be97c]" started-at="2025-07-18T18:31:59 IST" name="setUP" finished-at="2025-07-18T18:32:04 IST" duration-ms="5296" status="PASS">
          <reporter-output>
          </reporter-output>
        </test-method> <!-- setUP -->
        <test-method signature="fillForm(models.UserFormData)[pri:2, instance:tests.FormTests@636be97c]" started-at="2025-07-18T18:32:04 IST" name="fillForm" data-provider="UserFormData1" finished-at="2025-07-18T18:32:09 IST" duration-ms="4900" status="PASS">
          <params>
            <param index="0">
              <value>
                <![CDATA[models.UserFormData@ab2e6d2]]>
              </value>
            </param>
          </params>
          <reporter-output>
          </reporter-output>
        </test-method> <!-- fillForm -->
        <test-method is-config="true" signature="TearDown(org.testng.ITestResult)[pri:0, instance:tests.FormTests@636be97c]" started-at="2025-07-18T18:32:09 IST" name="TearDown" finished-at="2025-07-18T18:32:09 IST" duration-ms="647" status="PASS">
          <params>
            <param index="0">
              <value>
                <![CDATA[[TestResult name=fillForm status=SUCCESS method=FormTests.fillForm(models.UserFormData)[pri:2, instance:tests.FormTests@636be97c] output={null}]]]>
              </value>
            </param>
          </params>
          <reporter-output>
          </reporter-output>
        </test-method> <!-- TearDown -->
        <test-method is-config="true" signature="setUP()[pri:0, instance:tests.FormTests@636be97c]" started-at="2025-07-18T18:32:09 IST" name="setUP" finished-at="2025-07-18T18:32:18 IST" duration-ms="8971" status="PASS">
          <reporter-output>
          </reporter-output>
        </test-method> <!-- setUP -->
        <test-method signature="fillForm(models.UserFormData)[pri:2, instance:tests.FormTests@636be97c]" started-at="2025-07-18T18:32:18 IST" name="fillForm" data-provider="UserFormData1" finished-at="2025-07-18T18:32:24 IST" duration-ms="5229" status="PASS">
          <params>
            <param index="0">
              <value>
                <![CDATA[models.UserFormData@19662208]]>
              </value>
            </param>
          </params>
          <reporter-output>
          </reporter-output>
        </test-method> <!-- fillForm -->
        <test-method is-config="true" signature="TearDown(org.testng.ITestResult)[pri:0, instance:tests.FormTests@636be97c]" started-at="2025-07-18T18:32:24 IST" name="TearDown" finished-at="2025-07-18T18:32:24 IST" duration-ms="493" status="PASS">
          <params>
            <param index="0">
              <value>
                <![CDATA[[TestResult name=fillForm status=SUCCESS method=FormTests.fillForm(models.UserFormData)[pri:2, instance:tests.FormTests@636be97c] output={null}]]]>
              </value>
            </param>
          </params>
          <reporter-output>
          </reporter-output>
        </test-method> <!-- TearDown -->
        <test-method is-config="true" signature="teardownReport()[pri:0, instance:tests.FormTests@636be97c]" started-at="2025-07-18T18:32:24 IST" name="teardownReport" finished-at="2025-07-18T18:32:25 IST" duration-ms="470" status="PASS">
          <reporter-output>
          </reporter-output>
        </test-method> <!-- teardownReport -->
      </class> <!-- tests.FormTests -->
    </test> <!-- Surefire test -->
  </suite> <!-- Surefire suite -->
</testng-results>
