<?xml version="1.0" encoding="UTF-8"?>
<testng-results ignored="0" total="90" passed="84" failed="6" skipped="0">
  <reporter-output>
  </reporter-output>
  <suite started-at="2025-08-25T20:44:03 IST" name="Surefire suite" finished-at="2025-08-25T21:23:19 IST" duration-ms="2355345">
    <groups>
    </groups>
    <test started-at="2025-08-25T20:44:03 IST" name="Surefire test" finished-at="2025-08-25T21:23:19 IST" duration-ms="2355345">
      <class name="tests.FormTests">
        <test-method is-config="true" signature="setUP()[pri:0, instance:tests.FormTests@74bf1791]" started-at="2025-08-25T21:19:30 IST" name="setUP" finished-at="2025-08-25T21:20:05 IST" duration-ms="34728" status="PASS">
          <reporter-output>
          </reporter-output>
        </test-method> <!-- setUP -->
        <test-method signature="FormsCard()[pri:1, instance:tests.FormTests@74bf1791]" started-at="2025-08-25T21:20:05 IST" name="FormsCard" finished-at="2025-08-25T21:20:05 IST" duration-ms="693" status="PASS">
          <reporter-output>
          </reporter-output>
        </test-method> <!-- FormsCard -->
        <test-method is-config="true" signature="TearDown(org.testng.ITestResult)[pri:0, instance:tests.FormTests@74bf1791]" started-at="2025-08-25T21:20:05 IST" name="TearDown" finished-at="2025-08-25T21:20:06 IST" duration-ms="369" status="PASS">
          <params>
            <param index="0">
              <value>
                <![CDATA[[TestResult name=FormsCard status=SUCCESS method=FormTests.FormsCard()[pri:1, instance:tests.FormTests@74bf1791] output={null}]]]>
              </value>
            </param>
          </params>
          <reporter-output>
          </reporter-output>
        </test-method> <!-- TearDown -->
        <test-method is-config="true" signature="setUP()[pri:0, instance:tests.FormTests@74bf1791]" started-at="2025-08-25T21:20:06 IST" name="setUP" finished-at="2025-08-25T21:20:40 IST" duration-ms="34737" status="PASS">
          <reporter-output>
          </reporter-output>
        </test-method> <!-- setUP -->
        <test-method signature="FormButton()[pri:2, instance:tests.FormTests@74bf1791]" started-at="2025-08-25T21:20:40 IST" name="FormButton" finished-at="2025-08-25T21:20:41 IST" duration-ms="303" status="PASS">
          <reporter-output>
          </reporter-output>
        </test-method> <!-- FormButton -->
        <test-method is-config="true" signature="TearDown(org.testng.ITestResult)[pri:0, instance:tests.FormTests@74bf1791]" started-at="2025-08-25T21:20:41 IST" name="TearDown" finished-at="2025-08-25T21:20:41 IST" duration-ms="340" status="PASS">
          <params>
            <param index="0">
              <value>
                <![CDATA[[TestResult name=FormButton status=SUCCESS method=FormTests.FormButton()[pri:2, instance:tests.FormTests@74bf1791] output={null}]]]>
              </value>
            </param>
          </params>
          <reporter-output>
          </reporter-output>
        </test-method> <!-- TearDown -->
        <test-method is-config="true" signature="setUP()[pri:0, instance:tests.FormTests@74bf1791]" started-at="2025-08-25T21:20:41 IST" name="setUP" finished-at="2025-08-25T21:21:17 IST" duration-ms="35503" status="PASS">
          <reporter-output>
          </reporter-output>
        </test-method> <!-- setUP -->
        <test-method signature="fillForm(models.UserFormData)[pri:3, instance:tests.FormTests@74bf1791]" started-at="2025-08-25T21:21:17 IST" name="fillForm" data-provider="UserFormData" finished-at="2025-08-25T21:21:23 IST" duration-ms="6299" status="PASS">
          <params>
            <param index="0">
              <value>
                <![CDATA[UserFormData{firstName='Johny', lastName='Bravo', userMail='Jbravo@demoqa.com', gender='Male', mobile='9.238343488E9', dob='15-08-2000', subject='Computer Science', hobbies='Sports,Music', picturePath='/TestData/Mphoto.jpg', address='511 Grant 481, Prattsville\n Arkansas 72129\n United States', state='NCR', city='Delhi'}]]>
              </value>
            </param>
          </params>
          <reporter-output>
          </reporter-output>
        </test-method> <!-- fillForm -->
        <test-method is-config="true" signature="TearDown(org.testng.ITestResult)[pri:0, instance:tests.FormTests@74bf1791]" started-at="2025-08-25T21:21:23 IST" name="TearDown" finished-at="2025-08-25T21:21:23 IST" duration-ms="565" status="PASS">
          <params>
            <param index="0">
              <value>
                <![CDATA[[TestResult name=fillForm status=SUCCESS method=FormTests.fillForm(models.UserFormData)[pri:3, instance:tests.FormTests@74bf1791] output={null}]]]>
              </value>
            </param>
          </params>
          <reporter-output>
          </reporter-output>
        </test-method> <!-- TearDown -->
        <test-method is-config="true" signature="setUP()[pri:0, instance:tests.FormTests@74bf1791]" started-at="2025-08-25T21:21:23 IST" name="setUP" finished-at="2025-08-25T21:21:50 IST" duration-ms="26926" status="PASS">
          <reporter-output>
          </reporter-output>
        </test-method> <!-- setUP -->
        <test-method signature="fillForm(models.UserFormData)[pri:3, instance:tests.FormTests@74bf1791]" started-at="2025-08-25T21:21:50 IST" name="fillForm" data-provider="UserFormData" finished-at="2025-08-25T21:21:56 IST" duration-ms="5694" status="PASS">
          <params>
            <param index="0">
              <value>
                <![CDATA[UserFormData{firstName='Gene', lastName='Femina', userMail='GFemina@demoqa.com', gender='Female', mobile='1.888343432E9', dob='22-05-2002', subject='Accounting', hobbies='Music,Reading', picturePath='/TestData/Fphoto.png', address='512 Grant 481, Prattsville\n Arkansas 72129\n United States', state='Uttar Pradesh', city='Merrut'}]]>
              </value>
            </param>
          </params>
          <reporter-output>
          </reporter-output>
        </test-method> <!-- fillForm -->
        <test-method is-config="true" signature="TearDown(org.testng.ITestResult)[pri:0, instance:tests.FormTests@74bf1791]" started-at="2025-08-25T21:21:56 IST" name="TearDown" finished-at="2025-08-25T21:21:57 IST" duration-ms="594" status="PASS">
          <params>
            <param index="0">
              <value>
                <![CDATA[[TestResult name=fillForm status=SUCCESS method=FormTests.fillForm(models.UserFormData)[pri:3, instance:tests.FormTests@74bf1791] output={null}]]]>
              </value>
            </param>
          </params>
          <reporter-output>
          </reporter-output>
        </test-method> <!-- TearDown -->
        <test-method is-config="true" signature="setUP()[pri:0, instance:tests.FormTests@74bf1791]" started-at="2025-08-25T21:21:57 IST" name="setUP" finished-at="2025-08-25T21:22:31 IST" duration-ms="34703" status="PASS">
          <reporter-output>
          </reporter-output>
        </test-method> <!-- setUP -->
        <test-method signature="fillForm(models.UserFormData)[pri:3, instance:tests.FormTests@74bf1791]" started-at="2025-08-25T21:22:31 IST" name="fillForm" data-provider="UserFormData" finished-at="2025-08-25T21:22:37 IST" duration-ms="5246" status="PASS">
          <params>
            <param index="0">
              <value>
                <![CDATA[UserFormData{firstName='Bud', lastName='Wisem', userMail='BWisem@demoqa.com', gender='Other', mobile='8.932465432E9', dob='31-12-1999', subject='Biology', hobbies='Reading', picturePath='/TestData/Ophoto.jpg', address='513 Grant 481, Prattsville\n Arkansas 72129\n United States', state='Haryana', city='Panipat'}]]>
              </value>
            </param>
          </params>
          <reporter-output>
          </reporter-output>
        </test-method> <!-- fillForm -->
        <test-method is-config="true" signature="TearDown(org.testng.ITestResult)[pri:0, instance:tests.FormTests@74bf1791]" started-at="2025-08-25T21:22:37 IST" name="TearDown" finished-at="2025-08-25T21:22:37 IST" duration-ms="600" status="PASS">
          <params>
            <param index="0">
              <value>
                <![CDATA[[TestResult name=fillForm status=SUCCESS method=FormTests.fillForm(models.UserFormData)[pri:3, instance:tests.FormTests@74bf1791] output={null}]]]>
              </value>
            </param>
          </params>
          <reporter-output>
          </reporter-output>
        </test-method> <!-- TearDown -->
        <test-method is-config="true" signature="setUP()[pri:0, instance:tests.FormTests@74bf1791]" started-at="2025-08-25T21:22:37 IST" name="setUP" finished-at="2025-08-25T21:23:12 IST" duration-ms="34764" status="PASS">
          <reporter-output>
          </reporter-output>
        </test-method> <!-- setUP -->
        <test-method signature="fillForm(models.UserFormData)[pri:3, instance:tests.FormTests@74bf1791]" started-at="2025-08-25T21:23:12 IST" name="fillForm" data-provider="UserFormData" finished-at="2025-08-25T21:23:18 IST" duration-ms="6097" status="PASS">
          <params>
            <param index="0">
              <value>
                <![CDATA[UserFormData{firstName='Tom', lastName='Boss', userMail='TBoss@demoqa.com', gender='Male', mobile='7.839875281E9', dob='26-01-2003', subject='Social Studies', hobbies='Sports,Reading', picturePath='/TestData/M2photo.jpg', address='514 Grant 481, Prattsville\n Arkansas 72129\n United States', state='Rajasthan', city='Jaiselmer'}]]>
              </value>
            </param>
          </params>
          <reporter-output>
          </reporter-output>
        </test-method> <!-- fillForm -->
        <test-method is-config="true" signature="TearDown(org.testng.ITestResult)[pri:0, instance:tests.FormTests@74bf1791]" started-at="2025-08-25T21:23:18 IST" name="TearDown" finished-at="2025-08-25T21:23:19 IST" duration-ms="564" status="PASS">
          <params>
            <param index="0">
              <value>
                <![CDATA[[TestResult name=fillForm status=SUCCESS method=FormTests.fillForm(models.UserFormData)[pri:3, instance:tests.FormTests@74bf1791] output={null}]]]>
              </value>
            </param>
          </params>
          <reporter-output>
          </reporter-output>
        </test-method> <!-- TearDown -->
      </class> <!-- tests.FormTests -->
      <class name="tests.ElementsTests">
        <test-method is-config="true" signature="setUP()[pri:0, instance:tests.ElementsTests@19c65cdc]" started-at="2025-08-25T20:47:27 IST" name="setUP" finished-at="2025-08-25T20:47:45 IST" duration-ms="17872" status="PASS">
          <reporter-output>
          </reporter-output>
        </test-method> <!-- setUP -->
        <test-method signature="ElementsCard()[pri:1, instance:tests.ElementsTests@19c65cdc]" started-at="2025-08-25T20:47:45 IST" name="ElementsCard" finished-at="2025-08-25T20:47:46 IST" duration-ms="995" status="PASS">
          <reporter-output>
          </reporter-output>
        </test-method> <!-- ElementsCard -->
        <test-method is-config="true" signature="TearDown(org.testng.ITestResult)[pri:0, instance:tests.ElementsTests@19c65cdc]" started-at="2025-08-25T20:47:46 IST" name="TearDown" finished-at="2025-08-25T20:47:46 IST" duration-ms="601" status="PASS">
          <params>
            <param index="0">
              <value>
                <![CDATA[[TestResult name=ElementsCard status=SUCCESS method=ElementsTests.ElementsCard()[pri:1, instance:tests.ElementsTests@19c65cdc] output={null}]]]>
              </value>
            </param>
          </params>
          <reporter-output>
          </reporter-output>
        </test-method> <!-- TearDown -->
        <test-method is-config="true" signature="setUP()[pri:0, instance:tests.ElementsTests@19c65cdc]" started-at="2025-08-25T20:47:46 IST" name="setUP" finished-at="2025-08-25T20:47:57 IST" duration-ms="10776" status="PASS">
          <reporter-output>
          </reporter-output>
        </test-method> <!-- setUP -->
        <test-method signature="TextBox()[pri:2, instance:tests.ElementsTests@19c65cdc]" started-at="2025-08-25T20:47:57 IST" name="TextBox" finished-at="2025-08-25T20:48:00 IST" duration-ms="2571" status="PASS">
          <reporter-output>
          </reporter-output>
        </test-method> <!-- TextBox -->
        <test-method is-config="true" signature="TearDown(org.testng.ITestResult)[pri:0, instance:tests.ElementsTests@19c65cdc]" started-at="2025-08-25T20:48:00 IST" name="TearDown" finished-at="2025-08-25T20:48:00 IST" duration-ms="675" status="PASS">
          <params>
            <param index="0">
              <value>
                <![CDATA[[TestResult name=TextBox status=SUCCESS method=ElementsTests.TextBox()[pri:2, instance:tests.ElementsTests@19c65cdc] output={null}]]]>
              </value>
            </param>
          </params>
          <reporter-output>
          </reporter-output>
        </test-method> <!-- TearDown -->
        <test-method is-config="true" signature="setUP()[pri:0, instance:tests.ElementsTests@19c65cdc]" started-at="2025-08-25T20:48:00 IST" name="setUP" finished-at="2025-08-25T20:48:11 IST" duration-ms="10911" status="PASS">
          <reporter-output>
          </reporter-output>
        </test-method> <!-- setUP -->
        <test-method signature="CheckBox()[pri:3, instance:tests.ElementsTests@19c65cdc]" started-at="2025-08-25T20:48:11 IST" name="CheckBox" finished-at="2025-08-25T20:48:13 IST" duration-ms="1221" status="PASS">
          <reporter-output>
          </reporter-output>
        </test-method> <!-- CheckBox -->
        <test-method is-config="true" signature="TearDown(org.testng.ITestResult)[pri:0, instance:tests.ElementsTests@19c65cdc]" started-at="2025-08-25T20:48:13 IST" name="TearDown" finished-at="2025-08-25T20:48:13 IST" duration-ms="343" status="PASS">
          <params>
            <param index="0">
              <value>
                <![CDATA[[TestResult name=CheckBox status=SUCCESS method=ElementsTests.CheckBox()[pri:3, instance:tests.ElementsTests@19c65cdc] output={null}]]]>
              </value>
            </param>
          </params>
          <reporter-output>
          </reporter-output>
        </test-method> <!-- TearDown -->
        <test-method is-config="true" signature="setUP()[pri:0, instance:tests.ElementsTests@19c65cdc]" started-at="2025-08-25T20:48:13 IST" name="setUP" finished-at="2025-08-25T20:48:25 IST" duration-ms="12353" status="PASS">
          <reporter-output>
          </reporter-output>
        </test-method> <!-- setUP -->
        <test-method signature="SelectingHomeCheckBox()[pri:4, instance:tests.ElementsTests@19c65cdc]" started-at="2025-08-25T20:48:25 IST" name="SelectingHomeCheckBox" finished-at="2025-08-25T20:48:27 IST" duration-ms="1354" status="PASS">
          <reporter-output>
          </reporter-output>
        </test-method> <!-- SelectingHomeCheckBox -->
        <test-method is-config="true" signature="TearDown(org.testng.ITestResult)[pri:0, instance:tests.ElementsTests@19c65cdc]" started-at="2025-08-25T20:48:27 IST" name="TearDown" finished-at="2025-08-25T20:48:27 IST" duration-ms="360" status="PASS">
          <params>
            <param index="0">
              <value>
                <![CDATA[[TestResult name=SelectingHomeCheckBox status=SUCCESS method=ElementsTests.SelectingHomeCheckBox()[pri:4, instance:tests.ElementsTests@19c65cdc] output={null}]]]>
              </value>
            </param>
          </params>
          <reporter-output>
          </reporter-output>
        </test-method> <!-- TearDown -->
        <test-method is-config="true" signature="setUP()[pri:0, instance:tests.ElementsTests@19c65cdc]" started-at="2025-08-25T20:48:27 IST" name="setUP" finished-at="2025-08-25T20:48:33 IST" duration-ms="5803" status="PASS">
          <reporter-output>
          </reporter-output>
        </test-method> <!-- setUP -->
        <test-method signature="SelectingDesktopCheckBox()[pri:5, instance:tests.ElementsTests@19c65cdc]" started-at="2025-08-25T20:48:33 IST" name="SelectingDesktopCheckBox" finished-at="2025-08-25T20:48:34 IST" duration-ms="1565" status="PASS">
          <reporter-output>
          </reporter-output>
        </test-method> <!-- SelectingDesktopCheckBox -->
        <test-method is-config="true" signature="TearDown(org.testng.ITestResult)[pri:0, instance:tests.ElementsTests@19c65cdc]" started-at="2025-08-25T20:48:34 IST" name="TearDown" finished-at="2025-08-25T20:48:35 IST" duration-ms="369" status="PASS">
          <params>
            <param index="0">
              <value>
                <![CDATA[[TestResult name=SelectingDesktopCheckBox status=SUCCESS method=ElementsTests.SelectingDesktopCheckBox()[pri:5, instance:tests.ElementsTests@19c65cdc] output={null}]]]>
              </value>
            </param>
          </params>
          <reporter-output>
          </reporter-output>
        </test-method> <!-- TearDown -->
        <test-method is-config="true" signature="setUP()[pri:0, instance:tests.ElementsTests@19c65cdc]" started-at="2025-08-25T20:48:35 IST" name="setUP" finished-at="2025-08-25T20:48:46 IST" duration-ms="11496" status="PASS">
          <reporter-output>
          </reporter-output>
        </test-method> <!-- setUP -->
        <test-method signature="SelectingNotesCommandsClick()[pri:6, instance:tests.ElementsTests@19c65cdc]" started-at="2025-08-25T20:48:46 IST" name="SelectingNotesCommandsClick" finished-at="2025-08-25T20:48:48 IST" duration-ms="1762" status="PASS">
          <reporter-output>
          </reporter-output>
        </test-method> <!-- SelectingNotesCommandsClick -->
        <test-method is-config="true" signature="TearDown(org.testng.ITestResult)[pri:0, instance:tests.ElementsTests@19c65cdc]" started-at="2025-08-25T20:48:48 IST" name="TearDown" finished-at="2025-08-25T20:48:48 IST" duration-ms="394" status="PASS">
          <params>
            <param index="0">
              <value>
                <![CDATA[[TestResult name=SelectingNotesCommandsClick status=SUCCESS method=ElementsTests.SelectingNotesCommandsClick()[pri:6, instance:tests.ElementsTests@19c65cdc] output={null}]]]>
              </value>
            </param>
          </params>
          <reporter-output>
          </reporter-output>
        </test-method> <!-- TearDown -->
        <test-method is-config="true" signature="setUP()[pri:0, instance:tests.ElementsTests@19c65cdc]" started-at="2025-08-25T20:48:48 IST" name="setUP" finished-at="2025-08-25T20:49:00 IST" duration-ms="11816" status="PASS">
          <reporter-output>
          </reporter-output>
        </test-method> <!-- setUP -->
        <test-method signature="SelectingDocumentsCheckBox()[pri:7, instance:tests.ElementsTests@19c65cdc]" started-at="2025-08-25T20:49:00 IST" name="SelectingDocumentsCheckBox" finished-at="2025-08-25T20:49:02 IST" duration-ms="1462" status="PASS">
          <reporter-output>
          </reporter-output>
        </test-method> <!-- SelectingDocumentsCheckBox -->
        <test-method is-config="true" signature="TearDown(org.testng.ITestResult)[pri:0, instance:tests.ElementsTests@19c65cdc]" started-at="2025-08-25T20:49:02 IST" name="TearDown" finished-at="2025-08-25T20:49:02 IST" duration-ms="362" status="PASS">
          <params>
            <param index="0">
              <value>
                <![CDATA[[TestResult name=SelectingDocumentsCheckBox status=SUCCESS method=ElementsTests.SelectingDocumentsCheckBox()[pri:7, instance:tests.ElementsTests@19c65cdc] output={null}]]]>
              </value>
            </param>
          </params>
          <reporter-output>
          </reporter-output>
        </test-method> <!-- TearDown -->
        <test-method is-config="true" signature="setUP()[pri:0, instance:tests.ElementsTests@19c65cdc]" started-at="2025-08-25T20:49:02 IST" name="setUP" finished-at="2025-08-25T20:49:14 IST" duration-ms="11582" status="PASS">
          <reporter-output>
          </reporter-output>
        </test-method> <!-- setUP -->
        <test-method signature="SelectingWorkSpace()[pri:8, instance:tests.ElementsTests@19c65cdc]" started-at="2025-08-25T20:49:14 IST" name="SelectingWorkSpace" finished-at="2025-08-25T20:49:15 IST" duration-ms="1787" status="PASS">
          <reporter-output>
          </reporter-output>
        </test-method> <!-- SelectingWorkSpace -->
        <test-method is-config="true" signature="TearDown(org.testng.ITestResult)[pri:0, instance:tests.ElementsTests@19c65cdc]" started-at="2025-08-25T20:49:15 IST" name="TearDown" finished-at="2025-08-25T20:49:16 IST" duration-ms="420" status="PASS">
          <params>
            <param index="0">
              <value>
                <![CDATA[[TestResult name=SelectingWorkSpace status=SUCCESS method=ElementsTests.SelectingWorkSpace()[pri:8, instance:tests.ElementsTests@19c65cdc] output={null}]]]>
              </value>
            </param>
          </params>
          <reporter-output>
          </reporter-output>
        </test-method> <!-- TearDown -->
        <test-method is-config="true" signature="setUP()[pri:0, instance:tests.ElementsTests@19c65cdc]" started-at="2025-08-25T20:49:16 IST" name="setUP" finished-at="2025-08-25T20:49:22 IST" duration-ms="5797" status="PASS">
          <reporter-output>
          </reporter-output>
        </test-method> <!-- setUP -->
        <test-method signature="SelectReact()[pri:9, instance:tests.ElementsTests@19c65cdc]" started-at="2025-08-25T20:49:22 IST" name="SelectReact" finished-at="2025-08-25T20:49:23 IST" duration-ms="1721" status="PASS">
          <reporter-output>
          </reporter-output>
        </test-method> <!-- SelectReact -->
        <test-method is-config="true" signature="TearDown(org.testng.ITestResult)[pri:0, instance:tests.ElementsTests@19c65cdc]" started-at="2025-08-25T20:49:23 IST" name="TearDown" finished-at="2025-08-25T20:49:24 IST" duration-ms="414" status="PASS">
          <params>
            <param index="0">
              <value>
                <![CDATA[[TestResult name=SelectReact status=SUCCESS method=ElementsTests.SelectReact()[pri:9, instance:tests.ElementsTests@19c65cdc] output={null}]]]>
              </value>
            </param>
          </params>
          <reporter-output>
          </reporter-output>
        </test-method> <!-- TearDown -->
        <test-method is-config="true" signature="setUP()[pri:0, instance:tests.ElementsTests@19c65cdc]" started-at="2025-08-25T20:49:24 IST" name="setUP" finished-at="2025-08-25T20:49:29 IST" duration-ms="5608" status="PASS">
          <reporter-output>
          </reporter-output>
        </test-method> <!-- setUP -->
        <test-method signature="SelectAngular()[pri:10, instance:tests.ElementsTests@19c65cdc]" started-at="2025-08-25T20:49:29 IST" name="SelectAngular" finished-at="2025-08-25T20:49:31 IST" duration-ms="1641" status="PASS">
          <reporter-output>
          </reporter-output>
        </test-method> <!-- SelectAngular -->
        <test-method is-config="true" signature="TearDown(org.testng.ITestResult)[pri:0, instance:tests.ElementsTests@19c65cdc]" started-at="2025-08-25T20:49:31 IST" name="TearDown" finished-at="2025-08-25T20:49:31 IST" duration-ms="370" status="PASS">
          <params>
            <param index="0">
              <value>
                <![CDATA[[TestResult name=SelectAngular status=SUCCESS method=ElementsTests.SelectAngular()[pri:10, instance:tests.ElementsTests@19c65cdc] output={null}]]]>
              </value>
            </param>
          </params>
          <reporter-output>
          </reporter-output>
        </test-method> <!-- TearDown -->
        <test-method is-config="true" signature="setUP()[pri:0, instance:tests.ElementsTests@19c65cdc]" started-at="2025-08-25T20:49:31 IST" name="setUP" finished-at="2025-08-25T20:49:37 IST" duration-ms="6108" status="PASS">
          <reporter-output>
          </reporter-output>
        </test-method> <!-- setUP -->
        <test-method signature="SelectVeu()[pri:11, instance:tests.ElementsTests@19c65cdc]" started-at="2025-08-25T20:49:37 IST" name="SelectVeu" finished-at="2025-08-25T20:49:39 IST" duration-ms="1652" status="PASS">
          <reporter-output>
          </reporter-output>
        </test-method> <!-- SelectVeu -->
        <test-method is-config="true" signature="TearDown(org.testng.ITestResult)[pri:0, instance:tests.ElementsTests@19c65cdc]" started-at="2025-08-25T20:49:39 IST" name="TearDown" finished-at="2025-08-25T20:49:39 IST" duration-ms="382" status="PASS">
          <params>
            <param index="0">
              <value>
                <![CDATA[[TestResult name=SelectVeu status=SUCCESS method=ElementsTests.SelectVeu()[pri:11, instance:tests.ElementsTests@19c65cdc] output={null}]]]>
              </value>
            </param>
          </params>
          <reporter-output>
          </reporter-output>
        </test-method> <!-- TearDown -->
        <test-method is-config="true" signature="setUP()[pri:0, instance:tests.ElementsTests@19c65cdc]" started-at="2025-08-25T20:49:39 IST" name="setUP" finished-at="2025-08-25T20:49:46 IST" duration-ms="6249" status="PASS">
          <reporter-output>
          </reporter-output>
        </test-method> <!-- setUP -->
        <test-method signature="SelectReactAnuglarVeu()[pri:12, instance:tests.ElementsTests@19c65cdc]" started-at="2025-08-25T20:49:46 IST" name="SelectReactAnuglarVeu" finished-at="2025-08-25T20:49:54 IST" duration-ms="8193" status="PASS">
          <reporter-output>
          </reporter-output>
        </test-method> <!-- SelectReactAnuglarVeu -->
        <test-method is-config="true" signature="TearDown(org.testng.ITestResult)[pri:0, instance:tests.ElementsTests@19c65cdc]" started-at="2025-08-25T20:49:54 IST" name="TearDown" finished-at="2025-08-25T20:49:54 IST" duration-ms="377" status="PASS">
          <params>
            <param index="0">
              <value>
                <![CDATA[[TestResult name=SelectReactAnuglarVeu status=SUCCESS method=ElementsTests.SelectReactAnuglarVeu()[pri:12, instance:tests.ElementsTests@19c65cdc] output={null}]]]>
              </value>
            </param>
          </params>
          <reporter-output>
          </reporter-output>
        </test-method> <!-- TearDown -->
        <test-method is-config="true" signature="setUP()[pri:0, instance:tests.ElementsTests@19c65cdc]" started-at="2025-08-25T20:49:54 IST" name="setUP" finished-at="2025-08-25T20:50:03 IST" duration-ms="8833" status="PASS">
          <reporter-output>
          </reporter-output>
        </test-method> <!-- setUP -->
        <test-method signature="SelectingOffice()[pri:13, instance:tests.ElementsTests@19c65cdc]" started-at="2025-08-25T20:50:03 IST" name="SelectingOffice" finished-at="2025-08-25T20:50:05 IST" duration-ms="1630" status="PASS">
          <reporter-output>
          </reporter-output>
        </test-method> <!-- SelectingOffice -->
        <test-method is-config="true" signature="TearDown(org.testng.ITestResult)[pri:0, instance:tests.ElementsTests@19c65cdc]" started-at="2025-08-25T20:50:05 IST" name="TearDown" finished-at="2025-08-25T20:50:05 IST" duration-ms="400" status="PASS">
          <params>
            <param index="0">
              <value>
                <![CDATA[[TestResult name=SelectingOffice status=SUCCESS method=ElementsTests.SelectingOffice()[pri:13, instance:tests.ElementsTests@19c65cdc] output={null}]]]>
              </value>
            </param>
          </params>
          <reporter-output>
          </reporter-output>
        </test-method> <!-- TearDown -->
        <test-method is-config="true" signature="setUP()[pri:0, instance:tests.ElementsTests@19c65cdc]" started-at="2025-08-25T20:50:05 IST" name="setUP" finished-at="2025-08-25T20:50:35 IST" duration-ms="29706" status="PASS">
          <reporter-output>
          </reporter-output>
        </test-method> <!-- setUP -->
        <test-method signature="SelectPublic()[pri:14, instance:tests.ElementsTests@19c65cdc]" started-at="2025-08-25T20:50:35 IST" name="SelectPublic" finished-at="2025-08-25T20:50:35 IST" duration-ms="278" status="FAIL">
          <exception class="org.openqa.selenium.NoSuchElementException">
            <message>
              <![CDATA[no such element: Unable to locate element: {"method":"xpath","selector":"//div[@class='category-cards']//div[1]//div[1]//div[2]//*[name()='svg']"}
  (Session info: chrome=137.0.7151.120)
For documentation on this error, please visit: https://www.selenium.dev/documentation/webdriver/troubleshooting/errors#no-such-element-exception
Build info: version: '4.34.0', revision: '707dcb4246*'
System info: os.name: 'Windows 11', os.arch: 'amd64', os.version: '10.0', java.version: '21.0.7'
Driver info: org.openqa.selenium.chrome.ChromeDriver
Command: [9c61c706e71ac3127115021648f5da23, findElement {using=xpath, value=//div[@class='category-cards']//div[1]//div[1]//div[2]//*[name()='svg']}]
Capabilities {acceptInsecureCerts: false, browserName: chrome, browserVersion: 137.0.7151.120, chrome: {chromedriverVersion: 137.0.7151.119 (e0ac9d12dff..., userDataDir: /tmp/chrome-profile-7d16662...}, fedcm:accounts: true, goog:chromeOptions: {debuggerAddress: localhost:52894}, networkConnectionEnabled: false, pageLoadStrategy: normal, platformName: windows, proxy: Proxy(), se:cdp: ws://localhost:52894/devtoo..., se:cdpVersion: 137.0.7151.120, setWindowRect: true, strictFileInteractability: false, timeouts: {implicit: 0, pageLoad: 300000, script: 30000}, unhandledPromptBehavior: dismiss and notify, webauthn:extension:credBlob: true, webauthn:extension:largeBlob: true, webauthn:extension:minPinLength: true, webauthn:extension:prf: true, webauthn:virtualAuthenticators: true}
Session ID: 9c61c706e71ac3127115021648f5da23]]>
            </message>
            <full-stacktrace>
              <![CDATA[org.openqa.selenium.NoSuchElementException: no such element: Unable to locate element: {"method":"xpath","selector":"//div[@class='category-cards']//div[1]//div[1]//div[2]//*[name()='svg']"}
  (Session info: chrome=137.0.7151.120)
For documentation on this error, please visit: https://www.selenium.dev/documentation/webdriver/troubleshooting/errors#no-such-element-exception
Build info: version: '4.34.0', revision: '707dcb4246*'
System info: os.name: 'Windows 11', os.arch: 'amd64', os.version: '10.0', java.version: '21.0.7'
Driver info: org.openqa.selenium.chrome.ChromeDriver
Command: [9c61c706e71ac3127115021648f5da23, findElement {using=xpath, value=//div[@class='category-cards']//div[1]//div[1]//div[2]//*[name()='svg']}]
Capabilities {acceptInsecureCerts: false, browserName: chrome, browserVersion: 137.0.7151.120, chrome: {chromedriverVersion: 137.0.7151.119 (e0ac9d12dff..., userDataDir: /tmp/chrome-profile-7d16662...}, fedcm:accounts: true, goog:chromeOptions: {debuggerAddress: localhost:52894}, networkConnectionEnabled: false, pageLoadStrategy: normal, platformName: windows, proxy: Proxy(), se:cdp: ws://localhost:52894/devtoo..., se:cdpVersion: 137.0.7151.120, setWindowRect: true, strictFileInteractability: false, timeouts: {implicit: 0, pageLoad: 300000, script: 30000}, unhandledPromptBehavior: dismiss and notify, webauthn:extension:credBlob: true, webauthn:extension:largeBlob: true, webauthn:extension:minPinLength: true, webauthn:extension:prf: true, webauthn:virtualAuthenticators: true}
Session ID: 9c61c706e71ac3127115021648f5da23
at java.base/jdk.internal.reflect.DirectConstructorHandleAccessor.newInstance(DirectConstructorHandleAccessor.java:62)
at java.base/java.lang.reflect.Constructor.newInstanceWithCaller(Constructor.java:502)
at java.base/java.lang.reflect.Constructor.newInstance(Constructor.java:486)
at org.openqa.selenium.remote.ErrorCodec.decode(ErrorCodec.java:167)
at org.openqa.selenium.remote.codec.w3c.W3CHttpResponseCodec.decode(W3CHttpResponseCodec.java:138)
at org.openqa.selenium.remote.codec.w3c.W3CHttpResponseCodec.decode(W3CHttpResponseCodec.java:50)
at org.openqa.selenium.remote.HttpCommandExecutor.execute(HttpCommandExecutor.java:215)
at org.openqa.selenium.remote.service.DriverCommandExecutor.invokeExecute(DriverCommandExecutor.java:216)
at org.openqa.selenium.remote.service.DriverCommandExecutor.execute(DriverCommandExecutor.java:174)
at org.openqa.selenium.remote.RemoteWebDriver.execute(RemoteWebDriver.java:544)
at org.openqa.selenium.remote.ElementLocation$ElementFinder$2.findElement(ElementLocation.java:165)
at org.openqa.selenium.remote.ElementLocation.findElement(ElementLocation.java:59)
at org.openqa.selenium.remote.RemoteWebDriver.findElement(RemoteWebDriver.java:367)
at org.openqa.selenium.remote.RemoteWebDriver.findElement(RemoteWebDriver.java:361)
at pages.homePage.clickElementCard(homePage.java:24)
at pages.elementsPage.accessElements(elementsPage.java:295)
at tests.ElementsTests.SelectPublic(ElementsTests.java:275)
at java.base/jdk.internal.reflect.DirectMethodHandleAccessor.invoke(DirectMethodHandleAccessor.java:103)
at java.base/java.lang.reflect.Method.invoke(Method.java:580)
at org.testng.internal.invokers.MethodInvocationHelper.invokeMethod(MethodInvocationHelper.java:141)
at org.testng.internal.invokers.TestInvoker.invokeMethod(TestInvoker.java:687)
at org.testng.internal.invokers.TestInvoker.invokeTestMethod(TestInvoker.java:230)
at org.testng.internal.invokers.MethodRunner.runInSequence(MethodRunner.java:63)
at org.testng.internal.invokers.TestInvoker$MethodInvocationAgent.invoke(TestInvoker.java:995)
at org.testng.internal.invokers.TestInvoker.invokeTestMethods(TestInvoker.java:203)
at org.testng.internal.invokers.TestMethodWorker.invokeTestMethods(TestMethodWorker.java:154)
at org.testng.internal.invokers.TestMethodWorker.run(TestMethodWorker.java:134)
at java.base/java.util.ArrayList.forEach(ArrayList.java:1596)
at org.testng.TestRunner.privateRun(TestRunner.java:741)
at org.testng.TestRunner.run(TestRunner.java:616)
at org.testng.SuiteRunner.runTest(SuiteRunner.java:421)
at org.testng.SuiteRunner.runSequentially(SuiteRunner.java:413)
at org.testng.SuiteRunner.privateRun(SuiteRunner.java:373)
at org.testng.SuiteRunner.run(SuiteRunner.java:312)
at org.testng.SuiteRunnerWorker.runSuite(SuiteRunnerWorker.java:52)
at org.testng.SuiteRunnerWorker.run(SuiteRunnerWorker.java:95)
at org.testng.TestNG.runSuitesSequentially(TestNG.java:1274)
at org.testng.TestNG.runSuitesLocally(TestNG.java:1208)
at org.testng.TestNG.runSuites(TestNG.java:1112)
at org.testng.TestNG.run(TestNG.java:1079)
at org.apache.maven.surefire.testng.TestNGExecutor.run(TestNGExecutor.java:155)
at org.apache.maven.surefire.testng.TestNGDirectoryTestSuite.executeMulti(TestNGDirectoryTestSuite.java:169)
at org.apache.maven.surefire.testng.TestNGDirectoryTestSuite.execute(TestNGDirectoryTestSuite.java:88)
at org.apache.maven.surefire.testng.TestNGProvider.invoke(TestNGProvider.java:137)
at org.apache.maven.surefire.booter.ForkedBooter.runSuitesInProcess(ForkedBooter.java:385)
at org.apache.maven.surefire.booter.ForkedBooter.execute(ForkedBooter.java:162)
at org.apache.maven.surefire.booter.ForkedBooter.run(ForkedBooter.java:507)
at org.apache.maven.surefire.booter.ForkedBooter.main(ForkedBooter.java:495)
]]>
            </full-stacktrace>
          </exception> <!-- org.openqa.selenium.NoSuchElementException -->
          <reporter-output>
          </reporter-output>
        </test-method> <!-- SelectPublic -->
        <test-method is-config="true" signature="TearDown(org.testng.ITestResult)[pri:0, instance:tests.ElementsTests@19c65cdc]" started-at="2025-08-25T20:50:35 IST" name="TearDown" finished-at="2025-08-25T20:50:36 IST" duration-ms="518" status="PASS">
          <params>
            <param index="0">
              <value>
                <![CDATA[[TestResult name=SelectPublic status=FAILURE method=ElementsTests.SelectPublic()[pri:14, instance:tests.ElementsTests@19c65cdc] output={null}]]]>
              </value>
            </param>
          </params>
          <reporter-output>
          </reporter-output>
        </test-method> <!-- TearDown -->
        <test-method is-config="true" signature="setUP()[pri:0, instance:tests.ElementsTests@19c65cdc]" started-at="2025-08-25T20:50:36 IST" name="setUP" finished-at="2025-08-25T20:50:38 IST" duration-ms="1955" status="PASS">
          <reporter-output>
          </reporter-output>
        </test-method> <!-- setUP -->
        <test-method signature="SelectPrivate()[pri:15, instance:tests.ElementsTests@19c65cdc]" started-at="2025-08-25T20:50:38 IST" name="SelectPrivate" finished-at="2025-08-25T20:50:38 IST" duration-ms="283" status="FAIL">
          <exception class="org.openqa.selenium.NoSuchElementException">
            <message>
              <![CDATA[no such element: Unable to locate element: {"method":"xpath","selector":"//div[@class='category-cards']//div[1]//div[1]//div[2]//*[name()='svg']"}
  (Session info: chrome=137.0.7151.120)
For documentation on this error, please visit: https://www.selenium.dev/documentation/webdriver/troubleshooting/errors#no-such-element-exception
Build info: version: '4.34.0', revision: '707dcb4246*'
System info: os.name: 'Windows 11', os.arch: 'amd64', os.version: '10.0', java.version: '21.0.7'
Driver info: org.openqa.selenium.chrome.ChromeDriver
Command: [9b0cdbdbc2065ddadf296d210445c854, findElement {using=xpath, value=//div[@class='category-cards']//div[1]//div[1]//div[2]//*[name()='svg']}]
Capabilities {acceptInsecureCerts: false, browserName: chrome, browserVersion: 137.0.7151.120, chrome: {chromedriverVersion: 137.0.7151.119 (e0ac9d12dff..., userDataDir: /tmp/chrome-profile-897bd37...}, fedcm:accounts: true, goog:chromeOptions: {debuggerAddress: localhost:53051}, networkConnectionEnabled: false, pageLoadStrategy: normal, platformName: windows, proxy: Proxy(), se:cdp: ws://localhost:53051/devtoo..., se:cdpVersion: 137.0.7151.120, setWindowRect: true, strictFileInteractability: false, timeouts: {implicit: 0, pageLoad: 300000, script: 30000}, unhandledPromptBehavior: dismiss and notify, webauthn:extension:credBlob: true, webauthn:extension:largeBlob: true, webauthn:extension:minPinLength: true, webauthn:extension:prf: true, webauthn:virtualAuthenticators: true}
Session ID: 9b0cdbdbc2065ddadf296d210445c854]]>
            </message>
            <full-stacktrace>
              <![CDATA[org.openqa.selenium.NoSuchElementException: no such element: Unable to locate element: {"method":"xpath","selector":"//div[@class='category-cards']//div[1]//div[1]//div[2]//*[name()='svg']"}
  (Session info: chrome=137.0.7151.120)
For documentation on this error, please visit: https://www.selenium.dev/documentation/webdriver/troubleshooting/errors#no-such-element-exception
Build info: version: '4.34.0', revision: '707dcb4246*'
System info: os.name: 'Windows 11', os.arch: 'amd64', os.version: '10.0', java.version: '21.0.7'
Driver info: org.openqa.selenium.chrome.ChromeDriver
Command: [9b0cdbdbc2065ddadf296d210445c854, findElement {using=xpath, value=//div[@class='category-cards']//div[1]//div[1]//div[2]//*[name()='svg']}]
Capabilities {acceptInsecureCerts: false, browserName: chrome, browserVersion: 137.0.7151.120, chrome: {chromedriverVersion: 137.0.7151.119 (e0ac9d12dff..., userDataDir: /tmp/chrome-profile-897bd37...}, fedcm:accounts: true, goog:chromeOptions: {debuggerAddress: localhost:53051}, networkConnectionEnabled: false, pageLoadStrategy: normal, platformName: windows, proxy: Proxy(), se:cdp: ws://localhost:53051/devtoo..., se:cdpVersion: 137.0.7151.120, setWindowRect: true, strictFileInteractability: false, timeouts: {implicit: 0, pageLoad: 300000, script: 30000}, unhandledPromptBehavior: dismiss and notify, webauthn:extension:credBlob: true, webauthn:extension:largeBlob: true, webauthn:extension:minPinLength: true, webauthn:extension:prf: true, webauthn:virtualAuthenticators: true}
Session ID: 9b0cdbdbc2065ddadf296d210445c854
at java.base/jdk.internal.reflect.DirectConstructorHandleAccessor.newInstance(DirectConstructorHandleAccessor.java:62)
at java.base/java.lang.reflect.Constructor.newInstanceWithCaller(Constructor.java:502)
at java.base/java.lang.reflect.Constructor.newInstance(Constructor.java:486)
at org.openqa.selenium.remote.ErrorCodec.decode(ErrorCodec.java:167)
at org.openqa.selenium.remote.codec.w3c.W3CHttpResponseCodec.decode(W3CHttpResponseCodec.java:138)
at org.openqa.selenium.remote.codec.w3c.W3CHttpResponseCodec.decode(W3CHttpResponseCodec.java:50)
at org.openqa.selenium.remote.HttpCommandExecutor.execute(HttpCommandExecutor.java:215)
at org.openqa.selenium.remote.service.DriverCommandExecutor.invokeExecute(DriverCommandExecutor.java:216)
at org.openqa.selenium.remote.service.DriverCommandExecutor.execute(DriverCommandExecutor.java:174)
at org.openqa.selenium.remote.RemoteWebDriver.execute(RemoteWebDriver.java:544)
at org.openqa.selenium.remote.ElementLocation$ElementFinder$2.findElement(ElementLocation.java:165)
at org.openqa.selenium.remote.ElementLocation.findElement(ElementLocation.java:59)
at org.openqa.selenium.remote.RemoteWebDriver.findElement(RemoteWebDriver.java:367)
at org.openqa.selenium.remote.RemoteWebDriver.findElement(RemoteWebDriver.java:361)
at pages.homePage.clickElementCard(homePage.java:24)
at pages.elementsPage.accessElements(elementsPage.java:295)
at tests.ElementsTests.SelectPrivate(ElementsTests.java:292)
at java.base/jdk.internal.reflect.DirectMethodHandleAccessor.invoke(DirectMethodHandleAccessor.java:103)
at java.base/java.lang.reflect.Method.invoke(Method.java:580)
at org.testng.internal.invokers.MethodInvocationHelper.invokeMethod(MethodInvocationHelper.java:141)
at org.testng.internal.invokers.TestInvoker.invokeMethod(TestInvoker.java:687)
at org.testng.internal.invokers.TestInvoker.invokeTestMethod(TestInvoker.java:230)
at org.testng.internal.invokers.MethodRunner.runInSequence(MethodRunner.java:63)
at org.testng.internal.invokers.TestInvoker$MethodInvocationAgent.invoke(TestInvoker.java:995)
at org.testng.internal.invokers.TestInvoker.invokeTestMethods(TestInvoker.java:203)
at org.testng.internal.invokers.TestMethodWorker.invokeTestMethods(TestMethodWorker.java:154)
at org.testng.internal.invokers.TestMethodWorker.run(TestMethodWorker.java:134)
at java.base/java.util.ArrayList.forEach(ArrayList.java:1596)
at org.testng.TestRunner.privateRun(TestRunner.java:741)
at org.testng.TestRunner.run(TestRunner.java:616)
at org.testng.SuiteRunner.runTest(SuiteRunner.java:421)
at org.testng.SuiteRunner.runSequentially(SuiteRunner.java:413)
at org.testng.SuiteRunner.privateRun(SuiteRunner.java:373)
at org.testng.SuiteRunner.run(SuiteRunner.java:312)
at org.testng.SuiteRunnerWorker.runSuite(SuiteRunnerWorker.java:52)
at org.testng.SuiteRunnerWorker.run(SuiteRunnerWorker.java:95)
at org.testng.TestNG.runSuitesSequentially(TestNG.java:1274)
at org.testng.TestNG.runSuitesLocally(TestNG.java:1208)
at org.testng.TestNG.runSuites(TestNG.java:1112)
at org.testng.TestNG.run(TestNG.java:1079)
at org.apache.maven.surefire.testng.TestNGExecutor.run(TestNGExecutor.java:155)
at org.apache.maven.surefire.testng.TestNGDirectoryTestSuite.executeMulti(TestNGDirectoryTestSuite.java:169)
at org.apache.maven.surefire.testng.TestNGDirectoryTestSuite.execute(TestNGDirectoryTestSuite.java:88)
at org.apache.maven.surefire.testng.TestNGProvider.invoke(TestNGProvider.java:137)
at org.apache.maven.surefire.booter.ForkedBooter.runSuitesInProcess(ForkedBooter.java:385)
at org.apache.maven.surefire.booter.ForkedBooter.execute(ForkedBooter.java:162)
at org.apache.maven.surefire.booter.ForkedBooter.run(ForkedBooter.java:507)
at org.apache.maven.surefire.booter.ForkedBooter.main(ForkedBooter.java:495)
]]>
            </full-stacktrace>
          </exception> <!-- org.openqa.selenium.NoSuchElementException -->
          <reporter-output>
          </reporter-output>
        </test-method> <!-- SelectPrivate -->
        <test-method is-config="true" signature="TearDown(org.testng.ITestResult)[pri:0, instance:tests.ElementsTests@19c65cdc]" started-at="2025-08-25T20:50:38 IST" name="TearDown" finished-at="2025-08-25T20:50:38 IST" duration-ms="425" status="PASS">
          <params>
            <param index="0">
              <value>
                <![CDATA[[TestResult name=SelectPrivate status=FAILURE method=ElementsTests.SelectPrivate()[pri:15, instance:tests.ElementsTests@19c65cdc] output={null}]]]>
              </value>
            </param>
          </params>
          <reporter-output>
          </reporter-output>
        </test-method> <!-- TearDown -->
        <test-method is-config="true" signature="setUP()[pri:0, instance:tests.ElementsTests@19c65cdc]" started-at="2025-08-25T20:50:38 IST" name="setUP" finished-at="2025-08-25T20:50:42 IST" duration-ms="4090" status="PASS">
          <reporter-output>
          </reporter-output>
        </test-method> <!-- setUP -->
        <test-method signature="SelectClassified()[pri:16, instance:tests.ElementsTests@19c65cdc]" started-at="2025-08-25T20:50:42 IST" name="SelectClassified" finished-at="2025-08-25T20:50:43 IST" duration-ms="258" status="FAIL">
          <exception class="org.openqa.selenium.NoSuchElementException">
            <message>
              <![CDATA[no such element: Unable to locate element: {"method":"xpath","selector":"//div[@class='category-cards']//div[1]//div[1]//div[2]//*[name()='svg']"}
  (Session info: chrome=137.0.7151.120)
For documentation on this error, please visit: https://www.selenium.dev/documentation/webdriver/troubleshooting/errors#no-such-element-exception
Build info: version: '4.34.0', revision: '707dcb4246*'
System info: os.name: 'Windows 11', os.arch: 'amd64', os.version: '10.0', java.version: '21.0.7'
Driver info: org.openqa.selenium.chrome.ChromeDriver
Command: [31f6df1bf276a7e53104fe3afa36d04e, findElement {using=xpath, value=//div[@class='category-cards']//div[1]//div[1]//div[2]//*[name()='svg']}]
Capabilities {acceptInsecureCerts: false, browserName: chrome, browserVersion: 137.0.7151.120, chrome: {chromedriverVersion: 137.0.7151.119 (e0ac9d12dff..., userDataDir: /tmp/chrome-profile-219164c...}, fedcm:accounts: true, goog:chromeOptions: {debuggerAddress: localhost:53082}, networkConnectionEnabled: false, pageLoadStrategy: normal, platformName: windows, proxy: Proxy(), se:cdp: ws://localhost:53082/devtoo..., se:cdpVersion: 137.0.7151.120, setWindowRect: true, strictFileInteractability: false, timeouts: {implicit: 0, pageLoad: 300000, script: 30000}, unhandledPromptBehavior: dismiss and notify, webauthn:extension:credBlob: true, webauthn:extension:largeBlob: true, webauthn:extension:minPinLength: true, webauthn:extension:prf: true, webauthn:virtualAuthenticators: true}
Session ID: 31f6df1bf276a7e53104fe3afa36d04e]]>
            </message>
            <full-stacktrace>
              <![CDATA[org.openqa.selenium.NoSuchElementException: no such element: Unable to locate element: {"method":"xpath","selector":"//div[@class='category-cards']//div[1]//div[1]//div[2]//*[name()='svg']"}
  (Session info: chrome=137.0.7151.120)
For documentation on this error, please visit: https://www.selenium.dev/documentation/webdriver/troubleshooting/errors#no-such-element-exception
Build info: version: '4.34.0', revision: '707dcb4246*'
System info: os.name: 'Windows 11', os.arch: 'amd64', os.version: '10.0', java.version: '21.0.7'
Driver info: org.openqa.selenium.chrome.ChromeDriver
Command: [31f6df1bf276a7e53104fe3afa36d04e, findElement {using=xpath, value=//div[@class='category-cards']//div[1]//div[1]//div[2]//*[name()='svg']}]
Capabilities {acceptInsecureCerts: false, browserName: chrome, browserVersion: 137.0.7151.120, chrome: {chromedriverVersion: 137.0.7151.119 (e0ac9d12dff..., userDataDir: /tmp/chrome-profile-219164c...}, fedcm:accounts: true, goog:chromeOptions: {debuggerAddress: localhost:53082}, networkConnectionEnabled: false, pageLoadStrategy: normal, platformName: windows, proxy: Proxy(), se:cdp: ws://localhost:53082/devtoo..., se:cdpVersion: 137.0.7151.120, setWindowRect: true, strictFileInteractability: false, timeouts: {implicit: 0, pageLoad: 300000, script: 30000}, unhandledPromptBehavior: dismiss and notify, webauthn:extension:credBlob: true, webauthn:extension:largeBlob: true, webauthn:extension:minPinLength: true, webauthn:extension:prf: true, webauthn:virtualAuthenticators: true}
Session ID: 31f6df1bf276a7e53104fe3afa36d04e
at java.base/jdk.internal.reflect.DirectConstructorHandleAccessor.newInstance(DirectConstructorHandleAccessor.java:62)
at java.base/java.lang.reflect.Constructor.newInstanceWithCaller(Constructor.java:502)
at java.base/java.lang.reflect.Constructor.newInstance(Constructor.java:486)
at org.openqa.selenium.remote.ErrorCodec.decode(ErrorCodec.java:167)
at org.openqa.selenium.remote.codec.w3c.W3CHttpResponseCodec.decode(W3CHttpResponseCodec.java:138)
at org.openqa.selenium.remote.codec.w3c.W3CHttpResponseCodec.decode(W3CHttpResponseCodec.java:50)
at org.openqa.selenium.remote.HttpCommandExecutor.execute(HttpCommandExecutor.java:215)
at org.openqa.selenium.remote.service.DriverCommandExecutor.invokeExecute(DriverCommandExecutor.java:216)
at org.openqa.selenium.remote.service.DriverCommandExecutor.execute(DriverCommandExecutor.java:174)
at org.openqa.selenium.remote.RemoteWebDriver.execute(RemoteWebDriver.java:544)
at org.openqa.selenium.remote.ElementLocation$ElementFinder$2.findElement(ElementLocation.java:165)
at org.openqa.selenium.remote.ElementLocation.findElement(ElementLocation.java:59)
at org.openqa.selenium.remote.RemoteWebDriver.findElement(RemoteWebDriver.java:367)
at org.openqa.selenium.remote.RemoteWebDriver.findElement(RemoteWebDriver.java:361)
at pages.homePage.clickElementCard(homePage.java:24)
at pages.elementsPage.accessElements(elementsPage.java:295)
at tests.ElementsTests.SelectClassified(ElementsTests.java:309)
at java.base/jdk.internal.reflect.DirectMethodHandleAccessor.invoke(DirectMethodHandleAccessor.java:103)
at java.base/java.lang.reflect.Method.invoke(Method.java:580)
at org.testng.internal.invokers.MethodInvocationHelper.invokeMethod(MethodInvocationHelper.java:141)
at org.testng.internal.invokers.TestInvoker.invokeMethod(TestInvoker.java:687)
at org.testng.internal.invokers.TestInvoker.invokeTestMethod(TestInvoker.java:230)
at org.testng.internal.invokers.MethodRunner.runInSequence(MethodRunner.java:63)
at org.testng.internal.invokers.TestInvoker$MethodInvocationAgent.invoke(TestInvoker.java:995)
at org.testng.internal.invokers.TestInvoker.invokeTestMethods(TestInvoker.java:203)
at org.testng.internal.invokers.TestMethodWorker.invokeTestMethods(TestMethodWorker.java:154)
at org.testng.internal.invokers.TestMethodWorker.run(TestMethodWorker.java:134)
at java.base/java.util.ArrayList.forEach(ArrayList.java:1596)
at org.testng.TestRunner.privateRun(TestRunner.java:741)
at org.testng.TestRunner.run(TestRunner.java:616)
at org.testng.SuiteRunner.runTest(SuiteRunner.java:421)
at org.testng.SuiteRunner.runSequentially(SuiteRunner.java:413)
at org.testng.SuiteRunner.privateRun(SuiteRunner.java:373)
at org.testng.SuiteRunner.run(SuiteRunner.java:312)
at org.testng.SuiteRunnerWorker.runSuite(SuiteRunnerWorker.java:52)
at org.testng.SuiteRunnerWorker.run(SuiteRunnerWorker.java:95)
at org.testng.TestNG.runSuitesSequentially(TestNG.java:1274)
at org.testng.TestNG.runSuitesLocally(TestNG.java:1208)
at org.testng.TestNG.runSuites(TestNG.java:1112)
at org.testng.TestNG.run(TestNG.java:1079)
at org.apache.maven.surefire.testng.TestNGExecutor.run(TestNGExecutor.java:155)
at org.apache.maven.surefire.testng.TestNGDirectoryTestSuite.executeMulti(TestNGDirectoryTestSuite.java:169)
at org.apache.maven.surefire.testng.TestNGDirectoryTestSuite.execute(TestNGDirectoryTestSuite.java:88)
at org.apache.maven.surefire.testng.TestNGProvider.invoke(TestNGProvider.java:137)
at org.apache.maven.surefire.booter.ForkedBooter.runSuitesInProcess(ForkedBooter.java:385)
at org.apache.maven.surefire.booter.ForkedBooter.execute(ForkedBooter.java:162)
at org.apache.maven.surefire.booter.ForkedBooter.run(ForkedBooter.java:507)
at org.apache.maven.surefire.booter.ForkedBooter.main(ForkedBooter.java:495)
]]>
            </full-stacktrace>
          </exception> <!-- org.openqa.selenium.NoSuchElementException -->
          <reporter-output>
          </reporter-output>
        </test-method> <!-- SelectClassified -->
        <test-method is-config="true" signature="TearDown(org.testng.ITestResult)[pri:0, instance:tests.ElementsTests@19c65cdc]" started-at="2025-08-25T20:50:43 IST" name="TearDown" finished-at="2025-08-25T20:50:43 IST" duration-ms="429" status="PASS">
          <params>
            <param index="0">
              <value>
                <![CDATA[[TestResult name=SelectClassified status=FAILURE method=ElementsTests.SelectClassified()[pri:16, instance:tests.ElementsTests@19c65cdc] output={null}]]]>
              </value>
            </param>
          </params>
          <reporter-output>
          </reporter-output>
        </test-method> <!-- TearDown -->
        <test-method is-config="true" signature="setUP()[pri:0, instance:tests.ElementsTests@19c65cdc]" started-at="2025-08-25T20:50:43 IST" name="setUP" finished-at="2025-08-25T20:51:02 IST" duration-ms="18850" status="PASS">
          <reporter-output>
          </reporter-output>
        </test-method> <!-- setUP -->
        <test-method signature="SelectGeneral()[pri:17, instance:tests.ElementsTests@19c65cdc]" started-at="2025-08-25T20:51:02 IST" name="SelectGeneral" finished-at="2025-08-25T20:51:02 IST" duration-ms="243" status="FAIL">
          <exception class="org.openqa.selenium.NoSuchElementException">
            <message>
              <![CDATA[no such element: Unable to locate element: {"method":"xpath","selector":"//div[@class='category-cards']//div[1]//div[1]//div[2]//*[name()='svg']"}
  (Session info: chrome=137.0.7151.120)
For documentation on this error, please visit: https://www.selenium.dev/documentation/webdriver/troubleshooting/errors#no-such-element-exception
Build info: version: '4.34.0', revision: '707dcb4246*'
System info: os.name: 'Windows 11', os.arch: 'amd64', os.version: '10.0', java.version: '21.0.7'
Driver info: org.openqa.selenium.chrome.ChromeDriver
Command: [546e0dc8c14297d3ce476280b0b62927, findElement {using=xpath, value=//div[@class='category-cards']//div[1]//div[1]//div[2]//*[name()='svg']}]
Capabilities {acceptInsecureCerts: false, browserName: chrome, browserVersion: 137.0.7151.120, chrome: {chromedriverVersion: 137.0.7151.119 (e0ac9d12dff..., userDataDir: /tmp/chrome-profile-4a575ca...}, fedcm:accounts: true, goog:chromeOptions: {debuggerAddress: localhost:53112}, networkConnectionEnabled: false, pageLoadStrategy: normal, platformName: windows, proxy: Proxy(), se:cdp: ws://localhost:53112/devtoo..., se:cdpVersion: 137.0.7151.120, setWindowRect: true, strictFileInteractability: false, timeouts: {implicit: 0, pageLoad: 300000, script: 30000}, unhandledPromptBehavior: dismiss and notify, webauthn:extension:credBlob: true, webauthn:extension:largeBlob: true, webauthn:extension:minPinLength: true, webauthn:extension:prf: true, webauthn:virtualAuthenticators: true}
Session ID: 546e0dc8c14297d3ce476280b0b62927]]>
            </message>
            <full-stacktrace>
              <![CDATA[org.openqa.selenium.NoSuchElementException: no such element: Unable to locate element: {"method":"xpath","selector":"//div[@class='category-cards']//div[1]//div[1]//div[2]//*[name()='svg']"}
  (Session info: chrome=137.0.7151.120)
For documentation on this error, please visit: https://www.selenium.dev/documentation/webdriver/troubleshooting/errors#no-such-element-exception
Build info: version: '4.34.0', revision: '707dcb4246*'
System info: os.name: 'Windows 11', os.arch: 'amd64', os.version: '10.0', java.version: '21.0.7'
Driver info: org.openqa.selenium.chrome.ChromeDriver
Command: [546e0dc8c14297d3ce476280b0b62927, findElement {using=xpath, value=//div[@class='category-cards']//div[1]//div[1]//div[2]//*[name()='svg']}]
Capabilities {acceptInsecureCerts: false, browserName: chrome, browserVersion: 137.0.7151.120, chrome: {chromedriverVersion: 137.0.7151.119 (e0ac9d12dff..., userDataDir: /tmp/chrome-profile-4a575ca...}, fedcm:accounts: true, goog:chromeOptions: {debuggerAddress: localhost:53112}, networkConnectionEnabled: false, pageLoadStrategy: normal, platformName: windows, proxy: Proxy(), se:cdp: ws://localhost:53112/devtoo..., se:cdpVersion: 137.0.7151.120, setWindowRect: true, strictFileInteractability: false, timeouts: {implicit: 0, pageLoad: 300000, script: 30000}, unhandledPromptBehavior: dismiss and notify, webauthn:extension:credBlob: true, webauthn:extension:largeBlob: true, webauthn:extension:minPinLength: true, webauthn:extension:prf: true, webauthn:virtualAuthenticators: true}
Session ID: 546e0dc8c14297d3ce476280b0b62927
at java.base/jdk.internal.reflect.DirectConstructorHandleAccessor.newInstance(DirectConstructorHandleAccessor.java:62)
at java.base/java.lang.reflect.Constructor.newInstanceWithCaller(Constructor.java:502)
at java.base/java.lang.reflect.Constructor.newInstance(Constructor.java:486)
at org.openqa.selenium.remote.ErrorCodec.decode(ErrorCodec.java:167)
at org.openqa.selenium.remote.codec.w3c.W3CHttpResponseCodec.decode(W3CHttpResponseCodec.java:138)
at org.openqa.selenium.remote.codec.w3c.W3CHttpResponseCodec.decode(W3CHttpResponseCodec.java:50)
at org.openqa.selenium.remote.HttpCommandExecutor.execute(HttpCommandExecutor.java:215)
at org.openqa.selenium.remote.service.DriverCommandExecutor.invokeExecute(DriverCommandExecutor.java:216)
at org.openqa.selenium.remote.service.DriverCommandExecutor.execute(DriverCommandExecutor.java:174)
at org.openqa.selenium.remote.RemoteWebDriver.execute(RemoteWebDriver.java:544)
at org.openqa.selenium.remote.ElementLocation$ElementFinder$2.findElement(ElementLocation.java:165)
at org.openqa.selenium.remote.ElementLocation.findElement(ElementLocation.java:59)
at org.openqa.selenium.remote.RemoteWebDriver.findElement(RemoteWebDriver.java:367)
at org.openqa.selenium.remote.RemoteWebDriver.findElement(RemoteWebDriver.java:361)
at pages.homePage.clickElementCard(homePage.java:24)
at pages.elementsPage.accessElements(elementsPage.java:295)
at tests.ElementsTests.SelectGeneral(ElementsTests.java:326)
at java.base/jdk.internal.reflect.DirectMethodHandleAccessor.invoke(DirectMethodHandleAccessor.java:103)
at java.base/java.lang.reflect.Method.invoke(Method.java:580)
at org.testng.internal.invokers.MethodInvocationHelper.invokeMethod(MethodInvocationHelper.java:141)
at org.testng.internal.invokers.TestInvoker.invokeMethod(TestInvoker.java:687)
at org.testng.internal.invokers.TestInvoker.invokeTestMethod(TestInvoker.java:230)
at org.testng.internal.invokers.MethodRunner.runInSequence(MethodRunner.java:63)
at org.testng.internal.invokers.TestInvoker$MethodInvocationAgent.invoke(TestInvoker.java:995)
at org.testng.internal.invokers.TestInvoker.invokeTestMethods(TestInvoker.java:203)
at org.testng.internal.invokers.TestMethodWorker.invokeTestMethods(TestMethodWorker.java:154)
at org.testng.internal.invokers.TestMethodWorker.run(TestMethodWorker.java:134)
at java.base/java.util.ArrayList.forEach(ArrayList.java:1596)
at org.testng.TestRunner.privateRun(TestRunner.java:741)
at org.testng.TestRunner.run(TestRunner.java:616)
at org.testng.SuiteRunner.runTest(SuiteRunner.java:421)
at org.testng.SuiteRunner.runSequentially(SuiteRunner.java:413)
at org.testng.SuiteRunner.privateRun(SuiteRunner.java:373)
at org.testng.SuiteRunner.run(SuiteRunner.java:312)
at org.testng.SuiteRunnerWorker.runSuite(SuiteRunnerWorker.java:52)
at org.testng.SuiteRunnerWorker.run(SuiteRunnerWorker.java:95)
at org.testng.TestNG.runSuitesSequentially(TestNG.java:1274)
at org.testng.TestNG.runSuitesLocally(TestNG.java:1208)
at org.testng.TestNG.runSuites(TestNG.java:1112)
at org.testng.TestNG.run(TestNG.java:1079)
at org.apache.maven.surefire.testng.TestNGExecutor.run(TestNGExecutor.java:155)
at org.apache.maven.surefire.testng.TestNGDirectoryTestSuite.executeMulti(TestNGDirectoryTestSuite.java:169)
at org.apache.maven.surefire.testng.TestNGDirectoryTestSuite.execute(TestNGDirectoryTestSuite.java:88)
at org.apache.maven.surefire.testng.TestNGProvider.invoke(TestNGProvider.java:137)
at org.apache.maven.surefire.booter.ForkedBooter.runSuitesInProcess(ForkedBooter.java:385)
at org.apache.maven.surefire.booter.ForkedBooter.execute(ForkedBooter.java:162)
at org.apache.maven.surefire.booter.ForkedBooter.run(ForkedBooter.java:507)
at org.apache.maven.surefire.booter.ForkedBooter.main(ForkedBooter.java:495)
]]>
            </full-stacktrace>
          </exception> <!-- org.openqa.selenium.NoSuchElementException -->
          <reporter-output>
          </reporter-output>
        </test-method> <!-- SelectGeneral -->
        <test-method is-config="true" signature="TearDown(org.testng.ITestResult)[pri:0, instance:tests.ElementsTests@19c65cdc]" started-at="2025-08-25T20:51:02 IST" name="TearDown" finished-at="2025-08-25T20:51:03 IST" duration-ms="777" status="PASS">
          <params>
            <param index="0">
              <value>
                <![CDATA[[TestResult name=SelectGeneral status=FAILURE method=ElementsTests.SelectGeneral()[pri:17, instance:tests.ElementsTests@19c65cdc] output={null}]]]>
              </value>
            </param>
          </params>
          <reporter-output>
          </reporter-output>
        </test-method> <!-- TearDown -->
        <test-method is-config="true" signature="setUP()[pri:0, instance:tests.ElementsTests@19c65cdc]" started-at="2025-08-25T20:51:03 IST" name="setUP" finished-at="2025-08-25T20:51:38 IST" duration-ms="34771" status="PASS">
          <reporter-output>
          </reporter-output>
        </test-method> <!-- setUP -->
        <test-method signature="SelectOfficeAll()[pri:18, instance:tests.ElementsTests@19c65cdc]" started-at="2025-08-25T20:51:38 IST" name="SelectOfficeAll" finished-at="2025-08-25T20:51:40 IST" duration-ms="1853" status="PASS">
          <reporter-output>
          </reporter-output>
        </test-method> <!-- SelectOfficeAll -->
        <test-method is-config="true" signature="TearDown(org.testng.ITestResult)[pri:0, instance:tests.ElementsTests@19c65cdc]" started-at="2025-08-25T20:51:40 IST" name="TearDown" finished-at="2025-08-25T20:51:40 IST" duration-ms="390" status="PASS">
          <params>
            <param index="0">
              <value>
                <![CDATA[[TestResult name=SelectOfficeAll status=SUCCESS method=ElementsTests.SelectOfficeAll()[pri:18, instance:tests.ElementsTests@19c65cdc] output={null}]]]>
              </value>
            </param>
          </params>
          <reporter-output>
          </reporter-output>
        </test-method> <!-- TearDown -->
        <test-method is-config="true" signature="setUP()[pri:0, instance:tests.ElementsTests@19c65cdc]" started-at="2025-08-25T20:51:40 IST" name="setUP" finished-at="2025-08-25T20:52:15 IST" duration-ms="34769" status="PASS">
          <reporter-output>
          </reporter-output>
        </test-method> <!-- setUP -->
        <test-method signature="SelectingDownloads()[pri:19, instance:tests.ElementsTests@19c65cdc]" started-at="2025-08-25T20:52:15 IST" name="SelectingDownloads" finished-at="2025-08-25T20:52:16 IST" duration-ms="1606" status="PASS">
          <reporter-output>
          </reporter-output>
        </test-method> <!-- SelectingDownloads -->
        <test-method is-config="true" signature="TearDown(org.testng.ITestResult)[pri:0, instance:tests.ElementsTests@19c65cdc]" started-at="2025-08-25T20:52:16 IST" name="TearDown" finished-at="2025-08-25T20:52:17 IST" duration-ms="453" status="PASS">
          <params>
            <param index="0">
              <value>
                <![CDATA[[TestResult name=SelectingDownloads status=SUCCESS method=ElementsTests.SelectingDownloads()[pri:19, instance:tests.ElementsTests@19c65cdc] output={null}]]]>
              </value>
            </param>
          </params>
          <reporter-output>
          </reporter-output>
        </test-method> <!-- TearDown -->
        <test-method is-config="true" signature="setUP()[pri:0, instance:tests.ElementsTests@19c65cdc]" started-at="2025-08-25T20:52:17 IST" name="setUP" finished-at="2025-08-25T20:52:51 IST" duration-ms="34692" status="PASS">
          <reporter-output>
          </reporter-output>
        </test-method> <!-- setUP -->
        <test-method signature="SelectingWordFile()[pri:20, instance:tests.ElementsTests@19c65cdc]" started-at="2025-08-25T20:52:51 IST" name="SelectingWordFile" finished-at="2025-08-25T20:52:53 IST" duration-ms="1810" status="PASS">
          <reporter-output>
          </reporter-output>
        </test-method> <!-- SelectingWordFile -->
        <test-method is-config="true" signature="TearDown(org.testng.ITestResult)[pri:0, instance:tests.ElementsTests@19c65cdc]" started-at="2025-08-25T20:52:53 IST" name="TearDown" finished-at="2025-08-25T20:52:54 IST" duration-ms="428" status="PASS">
          <params>
            <param index="0">
              <value>
                <![CDATA[[TestResult name=SelectingWordFile status=SUCCESS method=ElementsTests.SelectingWordFile()[pri:20, instance:tests.ElementsTests@19c65cdc] output={null}]]]>
              </value>
            </param>
          </params>
          <reporter-output>
          </reporter-output>
        </test-method> <!-- TearDown -->
        <test-method is-config="true" signature="setUP()[pri:0, instance:tests.ElementsTests@19c65cdc]" started-at="2025-08-25T20:52:54 IST" name="setUP" finished-at="2025-08-25T20:53:14 IST" duration-ms="20781" status="PASS">
          <reporter-output>
          </reporter-output>
        </test-method> <!-- setUP -->
        <test-method signature="SelectingExcelFile()[pri:21, instance:tests.ElementsTests@19c65cdc]" started-at="2025-08-25T20:53:14 IST" name="SelectingExcelFile" finished-at="2025-08-25T20:53:16 IST" duration-ms="1505" status="PASS">
          <reporter-output>
          </reporter-output>
        </test-method> <!-- SelectingExcelFile -->
        <test-method is-config="true" signature="TearDown(org.testng.ITestResult)[pri:0, instance:tests.ElementsTests@19c65cdc]" started-at="2025-08-25T20:53:16 IST" name="TearDown" finished-at="2025-08-25T20:53:16 IST" duration-ms="372" status="PASS">
          <params>
            <param index="0">
              <value>
                <![CDATA[[TestResult name=SelectingExcelFile status=SUCCESS method=ElementsTests.SelectingExcelFile()[pri:21, instance:tests.ElementsTests@19c65cdc] output={null}]]]>
              </value>
            </param>
          </params>
          <reporter-output>
          </reporter-output>
        </test-method> <!-- TearDown -->
        <test-method is-config="true" signature="setUP()[pri:0, instance:tests.ElementsTests@19c65cdc]" started-at="2025-08-25T20:53:16 IST" name="setUP" finished-at="2025-08-25T20:53:51 IST" duration-ms="34718" status="PASS">
          <reporter-output>
          </reporter-output>
        </test-method> <!-- setUP -->
        <test-method signature="SelectingAllFiles()[pri:22, instance:tests.ElementsTests@19c65cdc]" started-at="2025-08-25T20:53:51 IST" name="SelectingAllFiles" finished-at="2025-08-25T20:53:53 IST" duration-ms="1510" status="PASS">
          <reporter-output>
          </reporter-output>
        </test-method> <!-- SelectingAllFiles -->
        <test-method is-config="true" signature="TearDown(org.testng.ITestResult)[pri:0, instance:tests.ElementsTests@19c65cdc]" started-at="2025-08-25T20:53:53 IST" name="TearDown" finished-at="2025-08-25T20:53:53 IST" duration-ms="404" status="PASS">
          <params>
            <param index="0">
              <value>
                <![CDATA[[TestResult name=SelectingAllFiles status=SUCCESS method=ElementsTests.SelectingAllFiles()[pri:22, instance:tests.ElementsTests@19c65cdc] output={null}]]]>
              </value>
            </param>
          </params>
          <reporter-output>
          </reporter-output>
        </test-method> <!-- TearDown -->
        <test-method is-config="true" signature="setUP()[pri:0, instance:tests.ElementsTests@19c65cdc]" started-at="2025-08-25T20:53:53 IST" name="setUP" finished-at="2025-08-25T20:54:28 IST" duration-ms="34617" status="PASS">
          <reporter-output>
          </reporter-output>
        </test-method> <!-- setUP -->
        <test-method signature="clickRadioButton()[pri:23, instance:tests.ElementsTests@19c65cdc]" started-at="2025-08-25T20:54:28 IST" name="clickRadioButton" finished-at="2025-08-25T20:54:29 IST" duration-ms="1414" status="PASS">
          <reporter-output>
          </reporter-output>
        </test-method> <!-- clickRadioButton -->
        <test-method is-config="true" signature="TearDown(org.testng.ITestResult)[pri:0, instance:tests.ElementsTests@19c65cdc]" started-at="2025-08-25T20:54:29 IST" name="TearDown" finished-at="2025-08-25T20:54:29 IST" duration-ms="424" status="PASS">
          <params>
            <param index="0">
              <value>
                <![CDATA[[TestResult name=clickRadioButton status=SUCCESS method=ElementsTests.clickRadioButton()[pri:23, instance:tests.ElementsTests@19c65cdc] output={null}]]]>
              </value>
            </param>
          </params>
          <reporter-output>
          </reporter-output>
        </test-method> <!-- TearDown -->
        <test-method is-config="true" signature="setUP()[pri:0, instance:tests.ElementsTests@19c65cdc]" started-at="2025-08-25T20:54:29 IST" name="setUP" finished-at="2025-08-25T20:55:04 IST" duration-ms="34644" status="PASS">
          <reporter-output>
          </reporter-output>
        </test-method> <!-- setUP -->
        <test-method signature="SelectYesRadioButton()[pri:24, instance:tests.ElementsTests@19c65cdc]" started-at="2025-08-25T20:55:04 IST" name="SelectYesRadioButton" finished-at="2025-08-25T20:55:05 IST" duration-ms="1157" status="PASS">
          <reporter-output>
          </reporter-output>
        </test-method> <!-- SelectYesRadioButton -->
        <test-method is-config="true" signature="TearDown(org.testng.ITestResult)[pri:0, instance:tests.ElementsTests@19c65cdc]" started-at="2025-08-25T20:55:05 IST" name="TearDown" finished-at="2025-08-25T20:55:06 IST" duration-ms="386" status="PASS">
          <params>
            <param index="0">
              <value>
                <![CDATA[[TestResult name=SelectYesRadioButton status=SUCCESS method=ElementsTests.SelectYesRadioButton()[pri:24, instance:tests.ElementsTests@19c65cdc] output={null}]]]>
              </value>
            </param>
          </params>
          <reporter-output>
          </reporter-output>
        </test-method> <!-- TearDown -->
        <test-method is-config="true" signature="setUP()[pri:0, instance:tests.ElementsTests@19c65cdc]" started-at="2025-08-25T20:55:06 IST" name="setUP" finished-at="2025-08-25T20:55:40 IST" duration-ms="34801" status="PASS">
          <reporter-output>
          </reporter-output>
        </test-method> <!-- setUP -->
        <test-method signature="SelectImpressiveRadioButton()[pri:25, instance:tests.ElementsTests@19c65cdc]" started-at="2025-08-25T20:55:40 IST" name="SelectImpressiveRadioButton" finished-at="2025-08-25T20:55:42 IST" depends-on-methods="tests.ElementsTests.clickRadioButton" duration-ms="1103" status="PASS">
          <reporter-output>
          </reporter-output>
        </test-method> <!-- SelectImpressiveRadioButton -->
        <test-method is-config="true" signature="TearDown(org.testng.ITestResult)[pri:0, instance:tests.ElementsTests@19c65cdc]" started-at="2025-08-25T20:55:42 IST" name="TearDown" finished-at="2025-08-25T20:55:42 IST" duration-ms="377" status="PASS">
          <params>
            <param index="0">
              <value>
                <![CDATA[[TestResult name=SelectImpressiveRadioButton status=SUCCESS method=ElementsTests.SelectImpressiveRadioButton()[pri:25, instance:tests.ElementsTests@19c65cdc] output={null}]]]>
              </value>
            </param>
          </params>
          <reporter-output>
          </reporter-output>
        </test-method> <!-- TearDown -->
        <test-method is-config="true" signature="setUP()[pri:0, instance:tests.ElementsTests@19c65cdc]" started-at="2025-08-25T20:55:42 IST" name="setUP" finished-at="2025-08-25T20:56:17 IST" duration-ms="34813" status="PASS">
          <reporter-output>
          </reporter-output>
        </test-method> <!-- setUP -->
        <test-method signature="WebTablesClick()[pri:26, instance:tests.ElementsTests@19c65cdc]" started-at="2025-08-25T20:56:17 IST" name="WebTablesClick" finished-at="2025-08-25T20:56:18 IST" duration-ms="1345" status="PASS">
          <reporter-output>
          </reporter-output>
        </test-method> <!-- WebTablesClick -->
        <test-method is-config="true" signature="TearDown(org.testng.ITestResult)[pri:0, instance:tests.ElementsTests@19c65cdc]" started-at="2025-08-25T20:56:18 IST" name="TearDown" finished-at="2025-08-25T20:56:19 IST" duration-ms="437" status="PASS">
          <params>
            <param index="0">
              <value>
                <![CDATA[[TestResult name=WebTablesClick status=SUCCESS method=ElementsTests.WebTablesClick()[pri:26, instance:tests.ElementsTests@19c65cdc] output={null}]]]>
              </value>
            </param>
          </params>
          <reporter-output>
          </reporter-output>
        </test-method> <!-- TearDown -->
        <test-method is-config="true" signature="setUP()[pri:0, instance:tests.ElementsTests@19c65cdc]" started-at="2025-08-25T20:56:19 IST" name="setUP" finished-at="2025-08-25T20:56:46 IST" duration-ms="26971" status="PASS">
          <reporter-output>
          </reporter-output>
        </test-method> <!-- setUP -->
        <test-method signature="webTableNewRegistration(models.WebTableUser)[pri:27, instance:tests.ElementsTests@19c65cdc]" started-at="2025-08-25T20:56:46 IST" name="webTableNewRegistration" data-provider="WebTableUserData" finished-at="2025-08-25T20:56:49 IST" depends-on-methods="tests.ElementsTests.WebTablesClick" duration-ms="2944" status="PASS">
          <params>
            <param index="0">
              <value>
                <![CDATA[WebTableUser{firstName='Johny', lastName='Bravo', email='Jbravo@demoqa.com', salary=280000, age=340, department='Information Technology'}]]>
              </value>
            </param>
          </params>
          <reporter-output>
          </reporter-output>
        </test-method> <!-- webTableNewRegistration -->
        <test-method is-config="true" signature="TearDown(org.testng.ITestResult)[pri:0, instance:tests.ElementsTests@19c65cdc]" started-at="2025-08-25T20:56:49 IST" name="TearDown" finished-at="2025-08-25T20:56:50 IST" duration-ms="402" status="PASS">
          <params>
            <param index="0">
              <value>
                <![CDATA[[TestResult name=webTableNewRegistration status=SUCCESS method=ElementsTests.webTableNewRegistration(models.WebTableUser)[pri:27, instance:tests.ElementsTests@19c65cdc] output={null}]]]>
              </value>
            </param>
          </params>
          <reporter-output>
          </reporter-output>
        </test-method> <!-- TearDown -->
        <test-method is-config="true" signature="setUP()[pri:0, instance:tests.ElementsTests@19c65cdc]" started-at="2025-08-25T20:56:50 IST" name="setUP" finished-at="2025-08-25T20:57:25 IST" duration-ms="34892" status="PASS">
          <reporter-output>
          </reporter-output>
        </test-method> <!-- setUP -->
        <test-method signature="webTableNewRegistration(models.WebTableUser)[pri:27, instance:tests.ElementsTests@19c65cdc]" started-at="2025-08-25T20:57:25 IST" name="webTableNewRegistration" data-provider="WebTableUserData" finished-at="2025-08-25T20:57:28 IST" depends-on-methods="tests.ElementsTests.WebTablesClick" duration-ms="3071" status="PASS">
          <params>
            <param index="0">
              <value>
                <![CDATA[WebTableUser{firstName='Gene', lastName='Femina', email='GFemina@demoqa.com', salary=180000, age=300, department='Finance'}]]>
              </value>
            </param>
          </params>
          <reporter-output>
          </reporter-output>
        </test-method> <!-- webTableNewRegistration -->
        <test-method is-config="true" signature="TearDown(org.testng.ITestResult)[pri:0, instance:tests.ElementsTests@19c65cdc]" started-at="2025-08-25T20:57:28 IST" name="TearDown" finished-at="2025-08-25T20:57:28 IST" duration-ms="452" status="PASS">
          <params>
            <param index="0">
              <value>
                <![CDATA[[TestResult name=webTableNewRegistration status=SUCCESS method=ElementsTests.webTableNewRegistration(models.WebTableUser)[pri:27, instance:tests.ElementsTests@19c65cdc] output={null}]]]>
              </value>
            </param>
          </params>
          <reporter-output>
          </reporter-output>
        </test-method> <!-- TearDown -->
        <test-method is-config="true" signature="setUP()[pri:0, instance:tests.ElementsTests@19c65cdc]" started-at="2025-08-25T20:57:28 IST" name="setUP" finished-at="2025-08-25T20:58:03 IST" duration-ms="34797" status="PASS">
          <reporter-output>
          </reporter-output>
        </test-method> <!-- setUP -->
        <test-method signature="webTableNewRegistration(models.WebTableUser)[pri:27, instance:tests.ElementsTests@19c65cdc]" started-at="2025-08-25T20:58:03 IST" name="webTableNewRegistration" data-provider="WebTableUserData" finished-at="2025-08-25T20:58:06 IST" depends-on-methods="tests.ElementsTests.WebTablesClick" duration-ms="3093" status="PASS">
          <params>
            <param index="0">
              <value>
                <![CDATA[WebTableUser{firstName='Bud', lastName='Wisem', email='BWisem@demoqa.com', salary=150000, age=400, department='Medicine'}]]>
              </value>
            </param>
          </params>
          <reporter-output>
          </reporter-output>
        </test-method> <!-- webTableNewRegistration -->
        <test-method is-config="true" signature="TearDown(org.testng.ITestResult)[pri:0, instance:tests.ElementsTests@19c65cdc]" started-at="2025-08-25T20:58:06 IST" name="TearDown" finished-at="2025-08-25T20:58:06 IST" duration-ms="418" status="PASS">
          <params>
            <param index="0">
              <value>
                <![CDATA[[TestResult name=webTableNewRegistration status=SUCCESS method=ElementsTests.webTableNewRegistration(models.WebTableUser)[pri:27, instance:tests.ElementsTests@19c65cdc] output={null}]]]>
              </value>
            </param>
          </params>
          <reporter-output>
          </reporter-output>
        </test-method> <!-- TearDown -->
        <test-method is-config="true" signature="setUP()[pri:0, instance:tests.ElementsTests@19c65cdc]" started-at="2025-08-25T20:58:06 IST" name="setUP" finished-at="2025-08-25T20:58:31 IST" duration-ms="25063" status="PASS">
          <reporter-output>
          </reporter-output>
        </test-method> <!-- setUP -->
        <test-method signature="webTableNewRegistration(models.WebTableUser)[pri:27, instance:tests.ElementsTests@19c65cdc]" started-at="2025-08-25T20:58:31 IST" name="webTableNewRegistration" data-provider="WebTableUserData" finished-at="2025-08-25T20:58:34 IST" depends-on-methods="tests.ElementsTests.WebTablesClick" duration-ms="3020" status="PASS">
          <params>
            <param index="0">
              <value>
                <![CDATA[WebTableUser{firstName='Tom', lastName='Boss', email='TBoss@demoqa.com', salary=190000, age=420, department='Recreation'}]]>
              </value>
            </param>
          </params>
          <reporter-output>
          </reporter-output>
        </test-method> <!-- webTableNewRegistration -->
[...]
              </value>
            </param>
          </params>
          <reporter-output>
          </reporter-output>
        </test-method> <!-- TearDown -->
        <test-method is-config="true" signature="setUP()[pri:0, instance:tests.AlertsFramesWindowsTests@39ac0c0a]" started-at="2025-08-25T20:45:01 IST" name="setUP" finished-at="2025-08-25T20:45:14 IST" duration-ms="12490" status="PASS">
          <reporter-output>
          </reporter-output>
        </test-method> <!-- setUP -->
        <test-method signature="ClickAlerts()[pri:6, instance:tests.AlertsFramesWindowsTests@39ac0c0a]" started-at="2025-08-25T20:45:14 IST" name="ClickAlerts" finished-at="2025-08-25T20:45:14 IST" duration-ms="284" status="PASS">
          <reporter-output>
          </reporter-output>
        </test-method> <!-- ClickAlerts -->
        <test-method is-config="true" signature="TearDown(org.testng.ITestResult)[pri:0, instance:tests.AlertsFramesWindowsTests@39ac0c0a]" started-at="2025-08-25T20:45:14 IST" name="TearDown" finished-at="2025-08-25T20:45:14 IST" duration-ms="372" status="PASS">
          <params>
            <param index="0">
              <value>
                <![CDATA[[TestResult name=ClickAlerts status=SUCCESS method=AlertsFramesWindowsTests.ClickAlerts()[pri:6, instance:tests.AlertsFramesWindowsTests@39ac0c0a] output={null}]]]>
              </value>
            </param>
          </params>
          <reporter-output>
          </reporter-output>
        </test-method> <!-- TearDown -->
        <test-method is-config="true" signature="setUP()[pri:0, instance:tests.AlertsFramesWindowsTests@39ac0c0a]" started-at="2025-08-25T20:45:14 IST" name="setUP" finished-at="2025-08-25T20:45:23 IST" duration-ms="8976" status="PASS">
          <reporter-output>
          </reporter-output>
        </test-method> <!-- setUP -->
        <test-method signature="ClickToSeeAlerts()[pri:7, instance:tests.AlertsFramesWindowsTests@39ac0c0a]" started-at="2025-08-25T20:45:23 IST" name="ClickToSeeAlerts" finished-at="2025-08-25T20:45:29 IST" duration-ms="5708" status="PASS">
          <reporter-output>
          </reporter-output>
        </test-method> <!-- ClickToSeeAlerts -->
        <test-method is-config="true" signature="TearDown(org.testng.ITestResult)[pri:0, instance:tests.AlertsFramesWindowsTests@39ac0c0a]" started-at="2025-08-25T20:45:29 IST" name="TearDown" finished-at="2025-08-25T20:45:30 IST" duration-ms="476" status="PASS">
          <params>
            <param index="0">
              <value>
                <![CDATA[[TestResult name=ClickToSeeAlerts status=SUCCESS method=AlertsFramesWindowsTests.ClickToSeeAlerts()[pri:7, instance:tests.AlertsFramesWindowsTests@39ac0c0a] output={null}]]]>
              </value>
            </param>
          </params>
          <reporter-output>
          </reporter-output>
        </test-method> <!-- TearDown -->
        <test-method is-config="true" signature="setUP()[pri:0, instance:tests.AlertsFramesWindowsTests@39ac0c0a]" started-at="2025-08-25T20:45:30 IST" name="setUP" finished-at="2025-08-25T20:45:41 IST" duration-ms="11643" status="PASS">
          <reporter-output>
          </reporter-output>
        </test-method> <!-- setUP -->
        <test-method signature="ClickAcceptConfirmationBox()[pri:8, instance:tests.AlertsFramesWindowsTests@39ac0c0a]" started-at="2025-08-25T20:45:41 IST" name="ClickAcceptConfirmationBox" finished-at="2025-08-25T20:45:42 IST" duration-ms="419" status="PASS">
          <reporter-output>
          </reporter-output>
        </test-method> <!-- ClickAcceptConfirmationBox -->
        <test-method is-config="true" signature="TearDown(org.testng.ITestResult)[pri:0, instance:tests.AlertsFramesWindowsTests@39ac0c0a]" started-at="2025-08-25T20:45:42 IST" name="TearDown" finished-at="2025-08-25T20:45:42 IST" duration-ms="336" status="PASS">
          <params>
            <param index="0">
              <value>
                <![CDATA[[TestResult name=ClickAcceptConfirmationBox status=SUCCESS method=AlertsFramesWindowsTests.ClickAcceptConfirmationBox()[pri:8, instance:tests.AlertsFramesWindowsTests@39ac0c0a] output={null}]]]>
              </value>
            </param>
          </params>
          <reporter-output>
          </reporter-output>
        </test-method> <!-- TearDown -->
        <test-method is-config="true" signature="setUP()[pri:0, instance:tests.AlertsFramesWindowsTests@39ac0c0a]" started-at="2025-08-25T20:45:42 IST" name="setUP" finished-at="2025-08-25T20:45:53 IST" duration-ms="10683" status="PASS">
          <reporter-output>
          </reporter-output>
        </test-method> <!-- setUP -->
        <test-method signature="ClickDenyConfirmationBox()[pri:8, instance:tests.AlertsFramesWindowsTests@39ac0c0a]" started-at="2025-08-25T20:45:53 IST" name="ClickDenyConfirmationBox" finished-at="2025-08-25T20:45:53 IST" duration-ms="425" status="PASS">
          <reporter-output>
          </reporter-output>
        </test-method> <!-- ClickDenyConfirmationBox -->
        <test-method is-config="true" signature="TearDown(org.testng.ITestResult)[pri:0, instance:tests.AlertsFramesWindowsTests@39ac0c0a]" started-at="2025-08-25T20:45:53 IST" name="TearDown" finished-at="2025-08-25T20:45:53 IST" duration-ms="405" status="PASS">
          <params>
            <param index="0">
              <value>
                <![CDATA[[TestResult name=ClickDenyConfirmationBox status=SUCCESS method=AlertsFramesWindowsTests.ClickDenyConfirmationBox()[pri:8, instance:tests.AlertsFramesWindowsTests@39ac0c0a] output={null}]]]>
              </value>
            </param>
          </params>
          <reporter-output>
          </reporter-output>
        </test-method> <!-- TearDown -->
        <test-method is-config="true" signature="setUP()[pri:0, instance:tests.AlertsFramesWindowsTests@39ac0c0a]" started-at="2025-08-25T20:45:53 IST" name="setUP" finished-at="2025-08-25T20:45:59 IST" duration-ms="5383" status="PASS">
          <reporter-output>
          </reporter-output>
        </test-method> <!-- setUP -->
        <test-method signature="ClickPromptBoxFill()[pri:9, instance:tests.AlertsFramesWindowsTests@39ac0c0a]" started-at="2025-08-25T20:45:59 IST" name="ClickPromptBoxFill" finished-at="2025-08-25T20:45:59 IST" duration-ms="430" status="PASS">
          <reporter-output>
          </reporter-output>
        </test-method> <!-- ClickPromptBoxFill -->
        <test-method is-config="true" signature="TearDown(org.testng.ITestResult)[pri:0, instance:tests.AlertsFramesWindowsTests@39ac0c0a]" started-at="2025-08-25T20:45:59 IST" name="TearDown" finished-at="2025-08-25T20:46:00 IST" duration-ms="407" status="PASS">
          <params>
            <param index="0">
              <value>
                <![CDATA[[TestResult name=ClickPromptBoxFill status=SUCCESS method=AlertsFramesWindowsTests.ClickPromptBoxFill()[pri:9, instance:tests.AlertsFramesWindowsTests@39ac0c0a] output={null}]]]>
              </value>
            </param>
          </params>
          <reporter-output>
          </reporter-output>
        </test-method> <!-- TearDown -->
        <test-method is-config="true" signature="setUP()[pri:0, instance:tests.AlertsFramesWindowsTests@39ac0c0a]" started-at="2025-08-25T20:46:00 IST" name="setUP" finished-at="2025-08-25T20:46:05 IST" duration-ms="5569" status="PASS">
          <reporter-output>
          </reporter-output>
        </test-method> <!-- setUP -->
        <test-method signature="ClickFrames()[pri:10, instance:tests.AlertsFramesWindowsTests@39ac0c0a]" started-at="2025-08-25T20:46:05 IST" name="ClickFrames" finished-at="2025-08-25T20:46:06 IST" duration-ms="312" status="PASS">
          <reporter-output>
          </reporter-output>
        </test-method> <!-- ClickFrames -->
        <test-method is-config="true" signature="TearDown(org.testng.ITestResult)[pri:0, instance:tests.AlertsFramesWindowsTests@39ac0c0a]" started-at="2025-08-25T20:46:06 IST" name="TearDown" finished-at="2025-08-25T20:46:06 IST" duration-ms="391" status="PASS">
          <params>
            <param index="0">
              <value>
                <![CDATA[[TestResult name=ClickFrames status=SUCCESS method=AlertsFramesWindowsTests.ClickFrames()[pri:10, instance:tests.AlertsFramesWindowsTests@39ac0c0a] output={null}]]]>
              </value>
            </param>
          </params>
          <reporter-output>
          </reporter-output>
        </test-method> <!-- TearDown -->
        <test-method is-config="true" signature="setUP()[pri:0, instance:tests.AlertsFramesWindowsTests@39ac0c0a]" started-at="2025-08-25T20:46:06 IST" name="setUP" finished-at="2025-08-25T20:46:19 IST" duration-ms="13349" status="PASS">
          <reporter-output>
          </reporter-output>
        </test-method> <!-- setUP -->
        <test-method signature="GetFrame1()[pri:11, instance:tests.AlertsFramesWindowsTests@39ac0c0a]" started-at="2025-08-25T20:46:19 IST" name="GetFrame1" finished-at="2025-08-25T20:46:20 IST" duration-ms="569" status="PASS">
          <reporter-output>
          </reporter-output>
        </test-method> <!-- GetFrame1 -->
        <test-method is-config="true" signature="TearDown(org.testng.ITestResult)[pri:0, instance:tests.AlertsFramesWindowsTests@39ac0c0a]" started-at="2025-08-25T20:46:20 IST" name="TearDown" finished-at="2025-08-25T20:46:20 IST" duration-ms="405" status="PASS">
          <params>
            <param index="0">
              <value>
                <![CDATA[[TestResult name=GetFrame1 status=SUCCESS method=AlertsFramesWindowsTests.GetFrame1()[pri:11, instance:tests.AlertsFramesWindowsTests@39ac0c0a] output={null}]]]>
              </value>
            </param>
          </params>
          <reporter-output>
          </reporter-output>
        </test-method> <!-- TearDown -->
        <test-method is-config="true" signature="setUP()[pri:0, instance:tests.AlertsFramesWindowsTests@39ac0c0a]" started-at="2025-08-25T20:46:20 IST" name="setUP" finished-at="2025-08-25T20:46:32 IST" duration-ms="11654" status="PASS">
          <reporter-output>
          </reporter-output>
        </test-method> <!-- setUP -->
        <test-method signature="GetFrame2()[pri:12, instance:tests.AlertsFramesWindowsTests@39ac0c0a]" started-at="2025-08-25T20:46:32 IST" name="GetFrame2" finished-at="2025-08-25T20:46:33 IST" duration-ms="606" status="PASS">
          <reporter-output>
          </reporter-output>
        </test-method> <!-- GetFrame2 -->
        <test-method is-config="true" signature="TearDown(org.testng.ITestResult)[pri:0, instance:tests.AlertsFramesWindowsTests@39ac0c0a]" started-at="2025-08-25T20:46:33 IST" name="TearDown" finished-at="2025-08-25T20:46:33 IST" duration-ms="392" status="PASS">
          <params>
            <param index="0">
              <value>
                <![CDATA[[TestResult name=GetFrame2 status=SUCCESS method=AlertsFramesWindowsTests.GetFrame2()[pri:12, instance:tests.AlertsFramesWindowsTests@39ac0c0a] output={null}]]]>
              </value>
            </param>
          </params>
          <reporter-output>
          </reporter-output>
        </test-method> <!-- TearDown -->
        <test-method is-config="true" signature="setUP()[pri:0, instance:tests.AlertsFramesWindowsTests@39ac0c0a]" started-at="2025-08-25T20:46:33 IST" name="setUP" finished-at="2025-08-25T20:46:44 IST" duration-ms="10857" status="PASS">
          <reporter-output>
          </reporter-output>
        </test-method> <!-- setUP -->
        <test-method signature="ClickModalDialogs()[pri:13, instance:tests.AlertsFramesWindowsTests@39ac0c0a]" started-at="2025-08-25T20:46:44 IST" name="ClickModalDialogs" finished-at="2025-08-25T20:46:44 IST" duration-ms="277" status="PASS">
          <reporter-output>
          </reporter-output>
        </test-method> <!-- ClickModalDialogs -->
        <test-method is-config="true" signature="TearDown(org.testng.ITestResult)[pri:0, instance:tests.AlertsFramesWindowsTests@39ac0c0a]" started-at="2025-08-25T20:46:44 IST" name="TearDown" finished-at="2025-08-25T20:46:44 IST" duration-ms="357" status="PASS">
          <params>
            <param index="0">
              <value>
                <![CDATA[[TestResult name=ClickModalDialogs status=SUCCESS method=AlertsFramesWindowsTests.ClickModalDialogs()[pri:13, instance:tests.AlertsFramesWindowsTests@39ac0c0a] output={null}]]]>
              </value>
            </param>
          </params>
          <reporter-output>
          </reporter-output>
        </test-method> <!-- TearDown -->
        <test-method is-config="true" signature="setUP()[pri:0, instance:tests.AlertsFramesWindowsTests@39ac0c0a]" started-at="2025-08-25T20:46:44 IST" name="setUP" finished-at="2025-08-25T20:46:50 IST" duration-ms="5073" status="PASS">
          <reporter-output>
          </reporter-output>
        </test-method> <!-- setUP -->
        <test-method signature="ClickNestedFrames()[pri:13, instance:tests.AlertsFramesWindowsTests@39ac0c0a]" started-at="2025-08-25T20:46:50 IST" name="ClickNestedFrames" finished-at="2025-08-25T20:46:50 IST" duration-ms="348" status="PASS">
          <reporter-output>
          </reporter-output>
        </test-method> <!-- ClickNestedFrames -->
        <test-method is-config="true" signature="TearDown(org.testng.ITestResult)[pri:0, instance:tests.AlertsFramesWindowsTests@39ac0c0a]" started-at="2025-08-25T20:46:50 IST" name="TearDown" finished-at="2025-08-25T20:46:50 IST" duration-ms="385" status="PASS">
          <params>
            <param index="0">
              <value>
                <![CDATA[[TestResult name=ClickNestedFrames status=SUCCESS method=AlertsFramesWindowsTests.ClickNestedFrames()[pri:13, instance:tests.AlertsFramesWindowsTests@39ac0c0a] output={null}]]]>
              </value>
            </param>
          </params>
          <reporter-output>
          </reporter-output>
        </test-method> <!-- TearDown -->
        <test-method is-config="true" signature="setUP()[pri:0, instance:tests.AlertsFramesWindowsTests@39ac0c0a]" started-at="2025-08-25T20:46:50 IST" name="setUP" finished-at="2025-08-25T20:46:56 IST" duration-ms="5266" status="PASS">
          <reporter-output>
          </reporter-output>
        </test-method> <!-- setUP -->
        <test-method signature="ClickLargeModal()[pri:14, instance:tests.AlertsFramesWindowsTests@39ac0c0a]" started-at="2025-08-25T20:46:56 IST" name="ClickLargeModal" finished-at="2025-08-25T20:46:56 IST" duration-ms="492" status="PASS">
          <reporter-output>
          </reporter-output>
        </test-method> <!-- ClickLargeModal -->
        <test-method is-config="true" signature="TearDown(org.testng.ITestResult)[pri:0, instance:tests.AlertsFramesWindowsTests@39ac0c0a]" started-at="2025-08-25T20:46:56 IST" name="TearDown" finished-at="2025-08-25T20:46:56 IST" duration-ms="422" status="PASS">
          <params>
            <param index="0">
              <value>
                <![CDATA[[TestResult name=ClickLargeModal status=SUCCESS method=AlertsFramesWindowsTests.ClickLargeModal()[pri:14, instance:tests.AlertsFramesWindowsTests@39ac0c0a] output={null}]]]>
              </value>
            </param>
          </params>
          <reporter-output>
          </reporter-output>
        </test-method> <!-- TearDown -->
        <test-method is-config="true" signature="setUP()[pri:0, instance:tests.AlertsFramesWindowsTests@39ac0c0a]" started-at="2025-08-25T20:46:56 IST" name="setUP" finished-at="2025-08-25T20:47:08 IST" duration-ms="11237" status="PASS">
          <reporter-output>
          </reporter-output>
        </test-method> <!-- setUP -->
        <test-method signature="ClickSmallModal()[pri:14, instance:tests.AlertsFramesWindowsTests@39ac0c0a]" started-at="2025-08-25T20:47:08 IST" name="ClickSmallModal" finished-at="2025-08-25T20:47:08 IST" duration-ms="549" status="PASS">
          <reporter-output>
          </reporter-output>
        </test-method> <!-- ClickSmallModal -->
        <test-method is-config="true" signature="TearDown(org.testng.ITestResult)[pri:0, instance:tests.AlertsFramesWindowsTests@39ac0c0a]" started-at="2025-08-25T20:47:08 IST" name="TearDown" finished-at="2025-08-25T20:47:09 IST" duration-ms="356" status="PASS">
          <params>
            <param index="0">
              <value>
                <![CDATA[[TestResult name=ClickSmallModal status=SUCCESS method=AlertsFramesWindowsTests.ClickSmallModal()[pri:14, instance:tests.AlertsFramesWindowsTests@39ac0c0a] output={null}]]]>
              </value>
            </param>
          </params>
          <reporter-output>
          </reporter-output>
        </test-method> <!-- TearDown -->
        <test-method is-config="true" signature="setUP()[pri:0, instance:tests.AlertsFramesWindowsTests@39ac0c0a]" started-at="2025-08-25T20:47:09 IST" name="setUP" finished-at="2025-08-25T20:47:18 IST" duration-ms="9893" status="PASS">
          <reporter-output>
          </reporter-output>
        </test-method> <!-- setUP -->
        <test-method signature="GetParentFrame()[pri:14, instance:tests.AlertsFramesWindowsTests@39ac0c0a]" started-at="2025-08-25T20:47:18 IST" name="GetParentFrame" finished-at="2025-08-25T20:47:19 IST" duration-ms="575" status="PASS">
          <reporter-output>
          </reporter-output>
        </test-method> <!-- GetParentFrame -->
        <test-method is-config="true" signature="TearDown(org.testng.ITestResult)[pri:0, instance:tests.AlertsFramesWindowsTests@39ac0c0a]" started-at="2025-08-25T20:47:19 IST" name="TearDown" finished-at="2025-08-25T20:47:19 IST" duration-ms="460" status="PASS">
          <params>
            <param index="0">
              <value>
                <![CDATA[[TestResult name=GetParentFrame status=SUCCESS method=AlertsFramesWindowsTests.GetParentFrame()[pri:14, instance:tests.AlertsFramesWindowsTests@39ac0c0a] output={null}]]]>
              </value>
            </param>
          </params>
          <reporter-output>
          </reporter-output>
        </test-method> <!-- TearDown -->
        <test-method is-config="true" signature="setUP()[pri:0, instance:tests.AlertsFramesWindowsTests@39ac0c0a]" started-at="2025-08-25T20:47:19 IST" name="setUP" finished-at="2025-08-25T20:47:26 IST" duration-ms="6372" status="PASS">
          <reporter-output>
          </reporter-output>
        </test-method> <!-- setUP -->
        <test-method signature="GetChildFrame()[pri:15, instance:tests.AlertsFramesWindowsTests@39ac0c0a]" started-at="2025-08-25T20:47:26 IST" name="GetChildFrame" finished-at="2025-08-25T20:47:26 IST" duration-ms="569" status="PASS">
          <reporter-output>
          </reporter-output>
        </test-method> <!-- GetChildFrame -->
        <test-method is-config="true" signature="TearDown(org.testng.ITestResult)[pri:0, instance:tests.AlertsFramesWindowsTests@39ac0c0a]" started-at="2025-08-25T20:47:26 IST" name="TearDown" finished-at="2025-08-25T20:47:27 IST" duration-ms="439" status="PASS">
          <params>
            <param index="0">
              <value>
                <![CDATA[[TestResult name=GetChildFrame status=SUCCESS method=AlertsFramesWindowsTests.GetChildFrame()[pri:15, instance:tests.AlertsFramesWindowsTests@39ac0c0a] output={null}]]]>
              </value>
            </param>
          </params>
          <reporter-output>
          </reporter-output>
        </test-method> <!-- TearDown -->
        <test-method is-config="true" signature="teardownReport()[pri:0, instance:tests.AlertsFramesWindowsTests@39ac0c0a]" started-at="2025-08-25T21:23:19 IST" name="teardownReport" finished-at="2025-08-25T21:23:19 IST" duration-ms="492" status="PASS">
          <reporter-output>
          </reporter-output>
        </test-method> <!-- teardownReport -->
      </class> <!-- tests.AlertsFramesWindowsTests -->
    </test> <!-- Surefire test -->
  </suite> <!-- Surefire suite -->
</testng-results>
