<?xml version="1.0" encoding="UTF-8"?>
<testng-results ignored="0" total="67" passed="62" failed="5" skipped="0">
  <reporter-output>
  </reporter-output>
  <suite started-at="2025-08-19T12:51:56 IST" name="Surefire suite" finished-at="2025-08-19T13:06:21 IST" duration-ms="865375">
    <groups>
    </groups>
    <test started-at="2025-08-19T12:51:56 IST" name="Surefire test" finished-at="2025-08-19T13:06:21 IST" duration-ms="865375">
      <class name="tests.FormTests">
        <test-method is-config="true" signature="setUP()[pri:0, instance:tests.FormTests@5b367418]" started-at="2025-08-19T13:05:26 IST" name="setUP" finished-at="2025-08-19T13:05:29 IST" duration-ms="3357" status="PASS">
          <reporter-output>
          </reporter-output>
        </test-method> <!-- setUP -->
        <test-method signature="FormCard()[pri:1, instance:tests.FormTests@5b367418]" started-at="2025-08-19T13:05:29 IST" name="FormCard" finished-at="2025-08-19T13:05:29 IST" duration-ms="26" status="FAIL">
          <exception class="org.openqa.selenium.NoSuchElementException">
            <message>
              <![CDATA[no such element: Unable to locate element: {"method":"xpath","selector":"//*[@id="app"]/div/div/div[2]/div/div[2]"}
  (Session info: chrome=137.0.7151.120)
For documentation on this error, please visit: https://www.selenium.dev/documentation/webdriver/troubleshooting/errors#no-such-element-exception
Build info: version: '4.34.0', revision: '707dcb4246*'
System info: os.name: 'Windows 11', os.arch: 'amd64', os.version: '10.0', java.version: '21.0.7'
Driver info: org.openqa.selenium.chrome.ChromeDriver
Command: [d179dbdfdcc8222b44d7e9756e7c65e6, findElement {using=xpath, value=//*[@id="app"]/div/div/div[2]/div/div[2]}]
Capabilities {acceptInsecureCerts: false, browserName: chrome, browserVersion: 137.0.7151.120, chrome: {chromedriverVersion: 137.0.7151.119 (e0ac9d12dff..., userDataDir: /tmp/chrome-profile-8f62a2b...}, fedcm:accounts: true, goog:chromeOptions: {debuggerAddress: localhost:56555}, networkConnectionEnabled: false, pageLoadStrategy: normal, platformName: windows, proxy: Proxy(), se:cdp: ws://localhost:56555/devtoo..., se:cdpVersion: 137.0.7151.120, setWindowRect: true, strictFileInteractability: false, timeouts: {implicit: 0, pageLoad: 300000, script: 30000}, unhandledPromptBehavior: dismiss and notify, webauthn:extension:credBlob: true, webauthn:extension:largeBlob: true, webauthn:extension:minPinLength: true, webauthn:extension:prf: true, webauthn:virtualAuthenticators: true}
Session ID: d179dbdfdcc8222b44d7e9756e7c65e6]]>
            </message>
            <full-stacktrace>
              <![CDATA[org.openqa.selenium.NoSuchElementException: no such element: Unable to locate element: {"method":"xpath","selector":"//*[@id="app"]/div/div/div[2]/div/div[2]"}
  (Session info: chrome=137.0.7151.120)
For documentation on this error, please visit: https://www.selenium.dev/documentation/webdriver/troubleshooting/errors#no-such-element-exception
Build info: version: '4.34.0', revision: '707dcb4246*'
System info: os.name: 'Windows 11', os.arch: 'amd64', os.version: '10.0', java.version: '21.0.7'
Driver info: org.openqa.selenium.chrome.ChromeDriver
Command: [d179dbdfdcc8222b44d7e9756e7c65e6, findElement {using=xpath, value=//*[@id="app"]/div/div/div[2]/div/div[2]}]
Capabilities {acceptInsecureCerts: false, browserName: chrome, browserVersion: 137.0.7151.120, chrome: {chromedriverVersion: 137.0.7151.119 (e0ac9d12dff..., userDataDir: /tmp/chrome-profile-8f62a2b...}, fedcm:accounts: true, goog:chromeOptions: {debuggerAddress: localhost:56555}, networkConnectionEnabled: false, pageLoadStrategy: normal, platformName: windows, proxy: Proxy(), se:cdp: ws://localhost:56555/devtoo..., se:cdpVersion: 137.0.7151.120, setWindowRect: true, strictFileInteractability: false, timeouts: {implicit: 0, pageLoad: 300000, script: 30000}, unhandledPromptBehavior: dismiss and notify, webauthn:extension:credBlob: true, webauthn:extension:largeBlob: true, webauthn:extension:minPinLength: true, webauthn:extension:prf: true, webauthn:virtualAuthenticators: true}
Session ID: d179dbdfdcc8222b44d7e9756e7c65e6
at java.base/jdk.internal.reflect.DirectConstructorHandleAccessor.newInstance(DirectConstructorHandleAccessor.java:62)
at java.base/java.lang.reflect.Constructor.newInstanceWithCaller(Constructor.java:502)
at java.base/java.lang.reflect.Constructor.newInstance(Constructor.java:486)
at org.openqa.selenium.remote.ErrorCodec.decode(ErrorCodec.java:167)
at org.openqa.selenium.remote.codec.w3c.W3CHttpResponseCodec.decode(W3CHttpResponseCodec.java:138)
at org.openqa.selenium.remote.codec.w3c.W3CHttpResponseCodec.decode(W3CHttpResponseCodec.java:50)
at org.openqa.selenium.remote.HttpCommandExecutor.execute(HttpCommandExecutor.java:215)
at org.openqa.selenium.remote.service.DriverCommandExecutor.invokeExecute(DriverCommandExecutor.java:216)
at org.openqa.selenium.remote.service.DriverCommandExecutor.execute(DriverCommandExecutor.java:174)
at org.openqa.selenium.remote.RemoteWebDriver.execute(RemoteWebDriver.java:544)
at org.openqa.selenium.remote.ElementLocation$ElementFinder$2.findElement(ElementLocation.java:165)
at org.openqa.selenium.remote.ElementLocation.findElement(ElementLocation.java:59)
at org.openqa.selenium.remote.RemoteWebDriver.findElement(RemoteWebDriver.java:367)
at org.openqa.selenium.remote.RemoteWebDriver.findElement(RemoteWebDriver.java:361)
at pages.homePage.clickFormCard(homePage.java:28)
at tests.FormTests.FormCard(FormTests.java:43)
at java.base/jdk.internal.reflect.DirectMethodHandleAccessor.invoke(DirectMethodHandleAccessor.java:103)
at java.base/java.lang.reflect.Method.invoke(Method.java:580)
at org.testng.internal.invokers.MethodInvocationHelper.invokeMethod(MethodInvocationHelper.java:141)
at org.testng.internal.invokers.TestInvoker.invokeMethod(TestInvoker.java:687)
at org.testng.internal.invokers.TestInvoker.invokeTestMethod(TestInvoker.java:230)
at org.testng.internal.invokers.MethodRunner.runInSequence(MethodRunner.java:63)
at org.testng.internal.invokers.TestInvoker$MethodInvocationAgent.invoke(TestInvoker.java:995)
at org.testng.internal.invokers.TestInvoker.invokeTestMethods(TestInvoker.java:203)
at org.testng.internal.invokers.TestMethodWorker.invokeTestMethods(TestMethodWorker.java:154)
at org.testng.internal.invokers.TestMethodWorker.run(TestMethodWorker.java:134)
at java.base/java.util.ArrayList.forEach(ArrayList.java:1596)
at org.testng.TestRunner.privateRun(TestRunner.java:741)
at org.testng.TestRunner.run(TestRunner.java:616)
at org.testng.SuiteRunner.runTest(SuiteRunner.java:421)
at org.testng.SuiteRunner.runSequentially(SuiteRunner.java:413)
at org.testng.SuiteRunner.privateRun(SuiteRunner.java:373)
at org.testng.SuiteRunner.run(SuiteRunner.java:312)
at org.testng.SuiteRunnerWorker.runSuite(SuiteRunnerWorker.java:52)
at org.testng.SuiteRunnerWorker.run(SuiteRunnerWorker.java:95)
at org.testng.TestNG.runSuitesSequentially(TestNG.java:1274)
at org.testng.TestNG.runSuitesLocally(TestNG.java:1208)
at org.testng.TestNG.runSuites(TestNG.java:1112)
at org.testng.TestNG.run(TestNG.java:1079)
at org.apache.maven.surefire.testng.TestNGExecutor.run(TestNGExecutor.java:155)
at org.apache.maven.surefire.testng.TestNGDirectoryTestSuite.executeMulti(TestNGDirectoryTestSuite.java:169)
at org.apache.maven.surefire.testng.TestNGDirectoryTestSuite.execute(TestNGDirectoryTestSuite.java:88)
at org.apache.maven.surefire.testng.TestNGProvider.invoke(TestNGProvider.java:137)
at org.apache.maven.surefire.booter.ForkedBooter.runSuitesInProcess(ForkedBooter.java:385)
at org.apache.maven.surefire.booter.ForkedBooter.execute(ForkedBooter.java:162)
at org.apache.maven.surefire.booter.ForkedBooter.run(ForkedBooter.java:507)
at org.apache.maven.surefire.booter.ForkedBooter.main(ForkedBooter.java:495)
]]>
            </full-stacktrace>
          </exception> <!-- org.openqa.selenium.NoSuchElementException -->
          <reporter-output>
          </reporter-output>
        </test-method> <!-- FormCard -->
        <test-method is-config="true" signature="TearDown(org.testng.ITestResult)[pri:0, instance:tests.FormTests@5b367418]" started-at="2025-08-19T13:05:29 IST" name="TearDown" finished-at="2025-08-19T13:05:29 IST" duration-ms="488" status="PASS">
          <params>
            <param index="0">
              <value>
                <![CDATA[[TestResult name=FormCard status=FAILURE method=FormTests.FormCard()[pri:1, instance:tests.FormTests@5b367418] output={null}]]]>
              </value>
            </param>
          </params>
          <reporter-output>
          </reporter-output>
        </test-method> <!-- TearDown -->
        <test-method is-config="true" signature="setUP()[pri:0, instance:tests.FormTests@5b367418]" started-at="2025-08-19T13:05:29 IST" name="setUP" finished-at="2025-08-19T13:05:31 IST" duration-ms="1979" status="PASS">
          <reporter-output>
          </reporter-output>
        </test-method> <!-- setUP -->
        <test-method signature="fillForm(models.UserFormData)[pri:2, instance:tests.FormTests@5b367418]" started-at="2025-08-19T13:05:31 IST" name="fillForm" data-provider="UserFormData" finished-at="2025-08-19T13:05:32 IST" duration-ms="502" status="FAIL">
          <params>
            <param index="0">
              <value>
                <![CDATA[UserFormData{firstName='Johny', lastName='Bravo', userMail='Jbravo@demoqa.com', gender='Male', mobile='9.238343488E9', dob='15-08-2000', subject='Computer Science', hobbies='Sports,Music', picturePath='/TestData/Mphoto.jpg', address='511 Grant 481, Prattsville\n Arkansas 72129\n United States', state='NCR', city='Delhi'}]]>
              </value>
            </param>
          </params>
          <exception class="org.openqa.selenium.NoSuchElementException">
            <message>
              <![CDATA[no such element: Unable to locate element: {"method":"xpath","selector":"//*[@id="app"]/div/div/div[2]/div/div[2]"}
  (Session info: chrome=137.0.7151.120)
For documentation on this error, please visit: https://www.selenium.dev/documentation/webdriver/troubleshooting/errors#no-such-element-exception
Build info: version: '4.34.0', revision: '707dcb4246*'
System info: os.name: 'Windows 11', os.arch: 'amd64', os.version: '10.0', java.version: '21.0.7'
Driver info: org.openqa.selenium.chrome.ChromeDriver
Command: [c28a333d8be7a9cdc9a4a336ab7d3825, findElement {using=xpath, value=//*[@id="app"]/div/div/div[2]/div/div[2]}]
Capabilities {acceptInsecureCerts: false, browserName: chrome, browserVersion: 137.0.7151.120, chrome: {chromedriverVersion: 137.0.7151.119 (e0ac9d12dff..., userDataDir: /tmp/chrome-profile-0204726...}, fedcm:accounts: true, goog:chromeOptions: {debuggerAddress: localhost:56584}, networkConnectionEnabled: false, pageLoadStrategy: normal, platformName: windows, proxy: Proxy(), se:cdp: ws://localhost:56584/devtoo..., se:cdpVersion: 137.0.7151.120, setWindowRect: true, strictFileInteractability: false, timeouts: {implicit: 0, pageLoad: 300000, script: 30000}, unhandledPromptBehavior: dismiss and notify, webauthn:extension:credBlob: true, webauthn:extension:largeBlob: true, webauthn:extension:minPinLength: true, webauthn:extension:prf: true, webauthn:virtualAuthenticators: true}
Session ID: c28a333d8be7a9cdc9a4a336ab7d3825]]>
            </message>
            <full-stacktrace>
              <![CDATA[org.openqa.selenium.NoSuchElementException: no such element: Unable to locate element: {"method":"xpath","selector":"//*[@id="app"]/div/div/div[2]/div/div[2]"}
  (Session info: chrome=137.0.7151.120)
For documentation on this error, please visit: https://www.selenium.dev/documentation/webdriver/troubleshooting/errors#no-such-element-exception
Build info: version: '4.34.0', revision: '707dcb4246*'
System info: os.name: 'Windows 11', os.arch: 'amd64', os.version: '10.0', java.version: '21.0.7'
Driver info: org.openqa.selenium.chrome.ChromeDriver
Command: [c28a333d8be7a9cdc9a4a336ab7d3825, findElement {using=xpath, value=//*[@id="app"]/div/div/div[2]/div/div[2]}]
Capabilities {acceptInsecureCerts: false, browserName: chrome, browserVersion: 137.0.7151.120, chrome: {chromedriverVersion: 137.0.7151.119 (e0ac9d12dff..., userDataDir: /tmp/chrome-profile-0204726...}, fedcm:accounts: true, goog:chromeOptions: {debuggerAddress: localhost:56584}, networkConnectionEnabled: false, pageLoadStrategy: normal, platformName: windows, proxy: Proxy(), se:cdp: ws://localhost:56584/devtoo..., se:cdpVersion: 137.0.7151.120, setWindowRect: true, strictFileInteractability: false, timeouts: {implicit: 0, pageLoad: 300000, script: 30000}, unhandledPromptBehavior: dismiss and notify, webauthn:extension:credBlob: true, webauthn:extension:largeBlob: true, webauthn:extension:minPinLength: true, webauthn:extension:prf: true, webauthn:virtualAuthenticators: true}
Session ID: c28a333d8be7a9cdc9a4a336ab7d3825
at java.base/jdk.internal.reflect.DirectConstructorHandleAccessor.newInstance(DirectConstructorHandleAccessor.java:62)
at java.base/java.lang.reflect.Constructor.newInstanceWithCaller(Constructor.java:502)
at java.base/java.lang.reflect.Constructor.newInstance(Constructor.java:486)
at org.openqa.selenium.remote.ErrorCodec.decode(ErrorCodec.java:167)
at org.openqa.selenium.remote.codec.w3c.W3CHttpResponseCodec.decode(W3CHttpResponseCodec.java:138)
at org.openqa.selenium.remote.codec.w3c.W3CHttpResponseCodec.decode(W3CHttpResponseCodec.java:50)
at org.openqa.selenium.remote.HttpCommandExecutor.execute(HttpCommandExecutor.java:215)
at org.openqa.selenium.remote.service.DriverCommandExecutor.invokeExecute(DriverCommandExecutor.java:216)
at org.openqa.selenium.remote.service.DriverCommandExecutor.execute(DriverCommandExecutor.java:174)
at org.openqa.selenium.remote.RemoteWebDriver.execute(RemoteWebDriver.java:544)
at org.openqa.selenium.remote.ElementLocation$ElementFinder$2.findElement(ElementLocation.java:165)
at org.openqa.selenium.remote.ElementLocation.findElement(ElementLocation.java:59)
at org.openqa.selenium.remote.RemoteWebDriver.findElement(RemoteWebDriver.java:367)
at org.openqa.selenium.remote.RemoteWebDriver.findElement(RemoteWebDriver.java:361)
at pages.homePage.clickFormCard(homePage.java:28)
at pages.formsPage.accessForms(formsPage.java:79)
at tests.FormTests.fillForm(FormTests.java:65)
at java.base/jdk.internal.reflect.DirectMethodHandleAccessor.invoke(DirectMethodHandleAccessor.java:103)
at java.base/java.lang.reflect.Method.invoke(Method.java:580)
at org.testng.internal.invokers.MethodInvocationHelper.invokeMethod(MethodInvocationHelper.java:141)
at org.testng.internal.invokers.TestInvoker.invokeMethod(TestInvoker.java:687)
at org.testng.internal.invokers.TestInvoker.invokeTestMethod(TestInvoker.java:230)
at org.testng.internal.invokers.MethodRunner.runInSequence(MethodRunner.java:63)
at org.testng.internal.invokers.TestInvoker$MethodInvocationAgent.invoke(TestInvoker.java:995)
at org.testng.internal.invokers.TestInvoker.invokeTestMethods(TestInvoker.java:203)
at org.testng.internal.invokers.TestMethodWorker.invokeTestMethods(TestMethodWorker.java:154)
at org.testng.internal.invokers.TestMethodWorker.run(TestMethodWorker.java:134)
at java.base/java.util.ArrayList.forEach(ArrayList.java:1596)
at org.testng.TestRunner.privateRun(TestRunner.java:741)
at org.testng.TestRunner.run(TestRunner.java:616)
at org.testng.SuiteRunner.runTest(SuiteRunner.java:421)
at org.testng.SuiteRunner.runSequentially(SuiteRunner.java:413)
at org.testng.SuiteRunner.privateRun(SuiteRunner.java:373)
at org.testng.SuiteRunner.run(SuiteRunner.java:312)
at org.testng.SuiteRunnerWorker.runSuite(SuiteRunnerWorker.java:52)
at org.testng.SuiteRunnerWorker.run(SuiteRunnerWorker.java:95)
at org.testng.TestNG.runSuitesSequentially(TestNG.java:1274)
at org.testng.TestNG.runSuitesLocally(TestNG.java:1208)
at org.testng.TestNG.runSuites(TestNG.java:1112)
at org.testng.TestNG.run(TestNG.java:1079)
at org.apache.maven.surefire.testng.TestNGExecutor.run(TestNGExecutor.java:155)
at org.apache.maven.surefire.testng.TestNGDirectoryTestSuite.executeMulti(TestNGDirectoryTestSuite.java:169)
at org.apache.maven.surefire.testng.TestNGDirectoryTestSuite.execute(TestNGDirectoryTestSuite.java:88)
at org.apache.maven.surefire.testng.TestNGProvider.invoke(TestNGProvider.java:137)
at org.apache.maven.surefire.booter.ForkedBooter.runSuitesInProcess(ForkedBooter.java:385)
at org.apache.maven.surefire.booter.ForkedBooter.execute(ForkedBooter.java:162)
at org.apache.maven.surefire.booter.ForkedBooter.run(ForkedBooter.java:507)
at org.apache.maven.surefire.booter.ForkedBooter.main(ForkedBooter.java:495)
]]>
            </full-stacktrace>
          </exception> <!-- org.openqa.selenium.NoSuchElementException -->
          <reporter-output>
          </reporter-output>
        </test-method> <!-- fillForm -->
        <test-method is-config="true" signature="TearDown(org.testng.ITestResult)[pri:0, instance:tests.FormTests@5b367418]" started-at="2025-08-19T13:05:32 IST" name="TearDown" finished-at="2025-08-19T13:05:32 IST" duration-ms="561" status="PASS">
          <params>
            <param index="0">
              <value>
                <![CDATA[[TestResult name=fillForm status=FAILURE method=FormTests.fillForm(models.UserFormData)[pri:2, instance:tests.FormTests@5b367418] output={null}]]]>
              </value>
            </param>
          </params>
          <reporter-output>
          </reporter-output>
        </test-method> <!-- TearDown -->
        <test-method is-config="true" signature="setUP()[pri:0, instance:tests.FormTests@5b367418]" started-at="2025-08-19T13:05:32 IST" name="setUP" finished-at="2025-08-19T13:05:34 IST" duration-ms="1918" status="PASS">
          <reporter-output>
          </reporter-output>
        </test-method> <!-- setUP -->
        <test-method signature="fillForm(models.UserFormData)[pri:2, instance:tests.FormTests@5b367418]" started-at="2025-08-19T13:05:34 IST" name="fillForm" data-provider="UserFormData" finished-at="2025-08-19T13:05:49 IST" duration-ms="14119" status="PASS">
          <params>
            <param index="0">
              <value>
                <![CDATA[UserFormData{firstName='Gene', lastName='Femina', userMail='GFemina@demoqa.com', gender='Female', mobile='1.888343432E9', dob='22-05-2002', subject='Accounting', hobbies='Music,Reading', picturePath='/TestData/Fphoto.png', address='512 Grant 481, Prattsville\n Arkansas 72129\n United States', state='Uttar Pradesh', city='Merrut'}]]>
              </value>
            </param>
          </params>
          <reporter-output>
          </reporter-output>
        </test-method> <!-- fillForm -->
        <test-method is-config="true" signature="TearDown(org.testng.ITestResult)[pri:0, instance:tests.FormTests@5b367418]" started-at="2025-08-19T13:05:49 IST" name="TearDown" finished-at="2025-08-19T13:05:49 IST" duration-ms="833" status="PASS">
          <params>
            <param index="0">
              <value>
                <![CDATA[[TestResult name=fillForm status=SUCCESS method=FormTests.fillForm(models.UserFormData)[pri:2, instance:tests.FormTests@5b367418] output={null}]]]>
              </value>
            </param>
          </params>
          <reporter-output>
          </reporter-output>
        </test-method> <!-- TearDown -->
        <test-method is-config="true" signature="setUP()[pri:0, instance:tests.FormTests@5b367418]" started-at="2025-08-19T13:05:49 IST" name="setUP" finished-at="2025-08-19T13:06:00 IST" duration-ms="10707" status="PASS">
          <reporter-output>
          </reporter-output>
        </test-method> <!-- setUP -->
        <test-method signature="fillForm(models.UserFormData)[pri:2, instance:tests.FormTests@5b367418]" started-at="2025-08-19T13:06:00 IST" name="fillForm" data-provider="UserFormData" finished-at="2025-08-19T13:06:05 IST" duration-ms="4706" status="PASS">
          <params>
            <param index="0">
              <value>
                <![CDATA[UserFormData{firstName='Bud', lastName='Wisem', userMail='BWisem@demoqa.com', gender='Other', mobile='8.932465432E9', dob='31-12-1999', subject='Biology', hobbies='Reading', picturePath='/TestData/Ophoto.jpg', address='513 Grant 481, Prattsville\n Arkansas 72129\n United States', state='Haryana', city='Panipat'}]]>
              </value>
            </param>
          </params>
          <reporter-output>
          </reporter-output>
        </test-method> <!-- fillForm -->
        <test-method is-config="true" signature="TearDown(org.testng.ITestResult)[pri:0, instance:tests.FormTests@5b367418]" started-at="2025-08-19T13:06:05 IST" name="TearDown" finished-at="2025-08-19T13:06:05 IST" duration-ms="665" status="PASS">
          <params>
            <param index="0">
              <value>
                <![CDATA[[TestResult name=fillForm status=SUCCESS method=FormTests.fillForm(models.UserFormData)[pri:2, instance:tests.FormTests@5b367418] output={null}]]]>
              </value>
            </param>
          </params>
          <reporter-output>
          </reporter-output>
        </test-method> <!-- TearDown -->
        <test-method is-config="true" signature="setUP()[pri:0, instance:tests.FormTests@5b367418]" started-at="2025-08-19T13:06:05 IST" name="setUP" finished-at="2025-08-19T13:06:13 IST" duration-ms="7707" status="PASS">
          <reporter-output>
          </reporter-output>
        </test-method> <!-- setUP -->
        <test-method signature="fillForm(models.UserFormData)[pri:2, instance:tests.FormTests@5b367418]" started-at="2025-08-19T13:06:13 IST" name="fillForm" data-provider="UserFormData" finished-at="2025-08-19T13:06:21 IST" duration-ms="7688" status="PASS">
          <params>
            <param index="0">
              <value>
                <![CDATA[UserFormData{firstName='Tom', lastName='Boss', userMail='TBoss@demoqa.com', gender='Male', mobile='7.839875281E9', dob='26-01-2003', subject='Social Studies', hobbies='Sports,Reading', picturePath='/TestData/M2photo.jpg', address='514 Grant 481, Prattsville\n Arkansas 72129\n United States', state='Rajasthan', city='Jaiselmer'}]]>
              </value>
            </param>
          </params>
          <reporter-output>
          </reporter-output>
        </test-method> <!-- fillForm -->
        <test-method is-config="true" signature="TearDown(org.testng.ITestResult)[pri:0, instance:tests.FormTests@5b367418]" started-at="2025-08-19T13:06:21 IST" name="TearDown" finished-at="2025-08-19T13:06:21 IST" duration-ms="610" status="PASS">
          <params>
            <param index="0">
              <value>
                <![CDATA[[TestResult name=fillForm status=SUCCESS method=FormTests.fillForm(models.UserFormData)[pri:2, instance:tests.FormTests@5b367418] output={null}]]]>
              </value>
            </param>
          </params>
          <reporter-output>
          </reporter-output>
        </test-method> <!-- TearDown -->
      </class> <!-- tests.FormTests -->
      <class name="tests.ElementsTests">
        <test-method is-config="true" signature="setUP()[pri:0, instance:tests.ElementsTests@1583741e]" started-at="2025-08-19T12:52:08 IST" name="setUP" finished-at="2025-08-19T12:52:19 IST" duration-ms="10947" status="PASS">
          <reporter-output>
          </reporter-output>
        </test-method> <!-- setUP -->
        <test-method signature="ElementsCard()[pri:1, instance:tests.ElementsTests@1583741e]" started-at="2025-08-19T12:52:19 IST" name="ElementsCard" finished-at="2025-08-19T12:52:20 IST" duration-ms="1741" status="PASS">
          <reporter-output>
          </reporter-output>
        </test-method> <!-- ElementsCard -->
        <test-method is-config="true" signature="TearDown(org.testng.ITestResult)[pri:0, instance:tests.ElementsTests@1583741e]" started-at="2025-08-19T12:52:20 IST" name="TearDown" finished-at="2025-08-19T12:52:21 IST" duration-ms="430" status="PASS">
          <params>
            <param index="0">
              <value>
                <![CDATA[[TestResult name=ElementsCard status=SUCCESS method=ElementsTests.ElementsCard()[pri:1, instance:tests.ElementsTests@1583741e] output={null}]]]>
              </value>
            </param>
          </params>
          <reporter-output>
          </reporter-output>
        </test-method> <!-- TearDown -->
        <test-method is-config="true" signature="setUP()[pri:0, instance:tests.ElementsTests@1583741e]" started-at="2025-08-19T12:52:21 IST" name="setUP" finished-at="2025-08-19T12:52:26 IST" duration-ms="5368" status="PASS">
          <reporter-output>
          </reporter-output>
        </test-method> <!-- setUP -->
        <test-method signature="TextBox()[pri:2, instance:tests.ElementsTests@1583741e]" started-at="2025-08-19T12:52:26 IST" name="TextBox" finished-at="2025-08-19T12:52:30 IST" duration-ms="3408" status="PASS">
          <reporter-output>
          </reporter-output>
        </test-method> <!-- TextBox -->
        <test-method is-config="true" signature="TearDown(org.testng.ITestResult)[pri:0, instance:tests.ElementsTests@1583741e]" started-at="2025-08-19T12:52:30 IST" name="TearDown" finished-at="2025-08-19T12:52:30 IST" duration-ms="653" status="PASS">
          <params>
            <param index="0">
              <value>
                <![CDATA[[TestResult name=TextBox status=SUCCESS method=ElementsTests.TextBox()[pri:2, instance:tests.ElementsTests@1583741e] output={null}]]]>
              </value>
            </param>
          </params>
          <reporter-output>
          </reporter-output>
        </test-method> <!-- TearDown -->
        <test-method is-config="true" signature="setUP()[pri:0, instance:tests.ElementsTests@1583741e]" started-at="2025-08-19T12:52:30 IST" name="setUP" finished-at="2025-08-19T12:52:35 IST" duration-ms="5202" status="PASS">
          <reporter-output>
          </reporter-output>
        </test-method> <!-- setUP -->
        <test-method signature="CheckBox()[pri:3, instance:tests.ElementsTests@1583741e]" started-at="2025-08-19T12:52:35 IST" name="CheckBox" finished-at="2025-08-19T12:52:37 IST" duration-ms="1051" status="PASS">
          <reporter-output>
          </reporter-output>
        </test-method> <!-- CheckBox -->
        <test-method is-config="true" signature="TearDown(org.testng.ITestResult)[pri:0, instance:tests.ElementsTests@1583741e]" started-at="2025-08-19T12:52:37 IST" name="TearDown" finished-at="2025-08-19T12:52:37 IST" duration-ms="397" status="PASS">
          <params>
            <param index="0">
              <value>
                <![CDATA[[TestResult name=CheckBox status=SUCCESS method=ElementsTests.CheckBox()[pri:3, instance:tests.ElementsTests@1583741e] output={null}]]]>
              </value>
            </param>
          </params>
          <reporter-output>
          </reporter-output>
        </test-method> <!-- TearDown -->
        <test-method is-config="true" signature="setUP()[pri:0, instance:tests.ElementsTests@1583741e]" started-at="2025-08-19T12:52:37 IST" name="setUP" finished-at="2025-08-19T12:52:50 IST" duration-ms="12873" status="PASS">
          <reporter-output>
          </reporter-output>
        </test-method> <!-- setUP -->
        <test-method signature="SelectingHomeCheckBox()[pri:4, instance:tests.ElementsTests@1583741e]" started-at="2025-08-19T12:52:50 IST" name="SelectingHomeCheckBox" finished-at="2025-08-19T12:52:52 IST" duration-ms="2084" status="PASS">
          <reporter-output>
          </reporter-output>
        </test-method> <!-- SelectingHomeCheckBox -->
        <test-method is-config="true" signature="TearDown(org.testng.ITestResult)[pri:0, instance:tests.ElementsTests@1583741e]" started-at="2025-08-19T12:52:52 IST" name="TearDown" finished-at="2025-08-19T12:52:52 IST" duration-ms="455" status="PASS">
          <params>
            <param index="0">
              <value>
                <![CDATA[[TestResult name=SelectingHomeCheckBox status=SUCCESS method=ElementsTests.SelectingHomeCheckBox()[pri:4, instance:tests.ElementsTests@1583741e] output={null}]]]>
              </value>
            </param>
          </params>
          <reporter-output>
          </reporter-output>
        </test-method> <!-- TearDown -->
        <test-method is-config="true" signature="setUP()[pri:0, instance:tests.ElementsTests@1583741e]" started-at="2025-08-19T12:52:52 IST" name="setUP" finished-at="2025-08-19T12:53:00 IST" duration-ms="8126" status="PASS">
          <reporter-output>
          </reporter-output>
        </test-method> <!-- setUP -->
        <test-method signature="SelectingDesktopCheckBox()[pri:5, instance:tests.ElementsTests@1583741e]" started-at="2025-08-19T12:53:00 IST" name="SelectingDesktopCheckBox" finished-at="2025-08-19T12:53:03 IST" duration-ms="2233" status="PASS">
          <reporter-output>
          </reporter-output>
        </test-method> <!-- SelectingDesktopCheckBox -->
        <test-method is-config="true" signature="TearDown(org.testng.ITestResult)[pri:0, instance:tests.ElementsTests@1583741e]" started-at="2025-08-19T12:53:03 IST" name="TearDown" finished-at="2025-08-19T12:53:03 IST" duration-ms="337" status="PASS">
          <params>
            <param index="0">
              <value>
                <![CDATA[[TestResult name=SelectingDesktopCheckBox status=SUCCESS method=ElementsTests.SelectingDesktopCheckBox()[pri:5, instance:tests.ElementsTests@1583741e] output={null}]]]>
              </value>
            </param>
          </params>
          <reporter-output>
          </reporter-output>
        </test-method> <!-- TearDown -->
        <test-method is-config="true" signature="setUP()[pri:0, instance:tests.ElementsTests@1583741e]" started-at="2025-08-19T12:53:03 IST" name="setUP" finished-at="2025-08-19T12:53:10 IST" duration-ms="7462" status="PASS">
          <reporter-output>
          </reporter-output>
        </test-method> <!-- setUP -->
        <test-method signature="SelectingNotesCommandsClick()[pri:6, instance:tests.ElementsTests@1583741e]" started-at="2025-08-19T12:53:10 IST" name="SelectingNotesCommandsClick" finished-at="2025-08-19T12:53:12 IST" duration-ms="1688" status="PASS">
          <reporter-output>
          </reporter-output>
        </test-method> <!-- SelectingNotesCommandsClick -->
        <test-method is-config="true" signature="TearDown(org.testng.ITestResult)[pri:0, instance:tests.ElementsTests@1583741e]" started-at="2025-08-19T12:53:12 IST" name="TearDown" finished-at="2025-08-19T12:53:13 IST" duration-ms="407" status="PASS">
          <params>
            <param index="0">
              <value>
                <![CDATA[[TestResult name=SelectingNotesCommandsClick status=SUCCESS method=ElementsTests.SelectingNotesCommandsClick()[pri:6, instance:tests.ElementsTests@1583741e] output={null}]]]>
              </value>
            </param>
          </params>
          <reporter-output>
          </reporter-output>
        </test-method> <!-- TearDown -->
        <test-method is-config="true" signature="setUP()[pri:0, instance:tests.ElementsTests@1583741e]" started-at="2025-08-19T12:53:13 IST" name="setUP" finished-at="2025-08-19T12:53:25 IST" duration-ms="12061" status="PASS">
          <reporter-output>
          </reporter-output>
        </test-method> <!-- setUP -->
        <test-method signature="SelectingDocumentsCheckBox()[pri:7, instance:tests.ElementsTests@1583741e]" started-at="2025-08-19T12:53:25 IST" name="SelectingDocumentsCheckBox" finished-at="2025-08-19T12:53:27 IST" duration-ms="2689" status="PASS">
          <reporter-output>
          </reporter-output>
        </test-method> <!-- SelectingDocumentsCheckBox -->
        <test-method is-config="true" signature="TearDown(org.testng.ITestResult)[pri:0, instance:tests.ElementsTests@1583741e]" started-at="2025-08-19T12:53:27 IST" name="TearDown" finished-at="2025-08-19T12:53:28 IST" duration-ms="390" status="PASS">
          <params>
            <param index="0">
              <value>
                <![CDATA[[TestResult name=SelectingDocumentsCheckBox status=SUCCESS method=ElementsTests.SelectingDocumentsCheckBox()[pri:7, instance:tests.ElementsTests@1583741e] output={null}]]]>
              </value>
            </param>
          </params>
          <reporter-output>
          </reporter-output>
        </test-method> <!-- TearDown -->
        <test-method is-config="true" signature="setUP()[pri:0, instance:tests.ElementsTests@1583741e]" started-at="2025-08-19T12:53:28 IST" name="setUP" finished-at="2025-08-19T12:53:33 IST" duration-ms="5207" status="PASS">
          <reporter-output>
          </reporter-output>
        </test-method> <!-- setUP -->
        <test-method signature="SelectingWorkSpace()[pri:8, instance:tests.ElementsTests@1583741e]" started-at="2025-08-19T12:53:33 IST" name="SelectingWorkSpace" finished-at="2025-08-19T12:53:36 IST" duration-ms="2718" status="PASS">
          <reporter-output>
          </reporter-output>
        </test-method> <!-- SelectingWorkSpace -->
        <test-method is-config="true" signature="TearDown(org.testng.ITestResult)[pri:0, instance:tests.ElementsTests@1583741e]" started-at="2025-08-19T12:53:36 IST" name="TearDown" finished-at="2025-08-19T12:53:36 IST" duration-ms="361" status="PASS">
          <params>
            <param index="0">
              <value>
                <![CDATA[[TestResult name=SelectingWorkSpace status=SUCCESS method=ElementsTests.SelectingWorkSpace()[pri:8, instance:tests.ElementsTests@1583741e] output={null}]]]>
              </value>
            </param>
          </params>
          <reporter-output>
          </reporter-output>
        </test-method> <!-- TearDown -->
        <test-method is-config="true" signature="setUP()[pri:0, instance:tests.ElementsTests@1583741e]" started-at="2025-08-19T12:53:36 IST" name="setUP" finished-at="2025-08-19T12:53:41 IST" duration-ms="5339" status="PASS">
          <reporter-output>
          </reporter-output>
        </test-method> <!-- setUP -->
        <test-method signature="SelectReact()[pri:9, instance:tests.ElementsTests@1583741e]" started-at="2025-08-19T12:53:41 IST" name="SelectReact" finished-at="2025-08-19T12:53:44 IST" duration-ms="2464" status="PASS">
          <reporter-output>
          </reporter-output>
        </test-method> <!-- SelectReact -->
        <test-method is-config="true" signature="TearDown(org.testng.ITestResult)[pri:0, instance:tests.ElementsTests@1583741e]" started-at="2025-08-19T12:53:44 IST" name="TearDown" finished-at="2025-08-19T12:53:44 IST" duration-ms="394" status="PASS">
          <params>
            <param index="0">
              <value>
                <![CDATA[[TestResult name=SelectReact status=SUCCESS method=ElementsTests.SelectReact()[pri:9, instance:tests.ElementsTests@1583741e] output={null}]]]>
              </value>
            </param>
          </params>
          <reporter-output>
          </reporter-output>
        </test-method> <!-- TearDown -->
        <test-method is-config="true" signature="setUP()[pri:0, instance:tests.ElementsTests@1583741e]" started-at="2025-08-19T12:53:44 IST" name="setUP" finished-at="2025-08-19T12:53:56 IST" duration-ms="11857" status="PASS">
          <reporter-output>
          </reporter-output>
        </test-method> <!-- setUP -->
        <test-method signature="SelectAngular()[pri:10, instance:tests.ElementsTests@1583741e]" started-at="2025-08-19T12:53:56 IST" name="SelectAngular" finished-at="2025-08-19T12:53:58 IST" duration-ms="2288" status="PASS">
          <reporter-output>
          </reporter-output>
        </test-method> <!-- SelectAngular -->
        <test-method is-config="true" signature="TearDown(org.testng.ITestResult)[pri:0, instance:tests.ElementsTests@1583741e]" started-at="2025-08-19T12:53:58 IST" name="TearDown" finished-at="2025-08-19T12:53:59 IST" duration-ms="405" status="PASS">
          <params>
            <param index="0">
              <value>
                <![CDATA[[TestResult name=SelectAngular status=SUCCESS method=ElementsTests.SelectAngular()[pri:10, instance:tests.ElementsTests@1583741e] output={null}]]]>
              </value>
            </param>
          </params>
          <reporter-output>
          </reporter-output>
        </test-method> <!-- TearDown -->
        <test-method is-config="true" signature="setUP()[pri:0, instance:tests.ElementsTests@1583741e]" started-at="2025-08-19T12:53:59 IST" name="setUP" finished-at="2025-08-19T12:54:10 IST" duration-ms="11564" status="PASS">
          <reporter-output>
          </reporter-output>
        </test-method> <!-- setUP -->
        <test-method signature="SelectVeu()[pri:11, instance:tests.ElementsTests@1583741e]" started-at="2025-08-19T12:54:10 IST" name="SelectVeu" finished-at="2025-08-19T12:54:13 IST" duration-ms="2548" status="PASS">
          <reporter-output>
          </reporter-output>
        </test-method> <!-- SelectVeu -->
        <test-method is-config="true" signature="TearDown(org.testng.ITestResult)[pri:0, instance:tests.ElementsTests@1583741e]" started-at="2025-08-19T12:54:13 IST" name="TearDown" finished-at="2025-08-19T12:54:13 IST" duration-ms="371" status="PASS">
          <params>
            <param index="0">
              <value>
                <![CDATA[[TestResult name=SelectVeu status=SUCCESS method=ElementsTests.SelectVeu()[pri:11, instance:tests.ElementsTests@1583741e] output={null}]]]>
              </value>
            </param>
          </params>
          <reporter-output>
          </reporter-output>
        </test-method> <!-- TearDown -->
        <test-method is-config="true" signature="setUP()[pri:0, instance:tests.ElementsTests@1583741e]" started-at="2025-08-19T12:54:13 IST" name="setUP" finished-at="2025-08-19T12:54:24 IST" duration-ms="11246" status="PASS">
          <reporter-output>
          </reporter-output>
        </test-method> <!-- setUP -->
        <test-method signature="SelectReactAnuglarVeu()[pri:12, instance:tests.ElementsTests@1583741e]" started-at="2025-08-19T12:54:24 IST" name="SelectReactAnuglarVeu" finished-at="2025-08-19T12:54:26 IST" duration-ms="1792" status="PASS">
          <reporter-output>
          </reporter-output>
        </test-method> <!-- SelectReactAnuglarVeu -->
        <test-method is-config="true" signature="TearDown(org.testng.ITestResult)[pri:0, instance:tests.ElementsTests@1583741e]" started-at="2025-08-19T12:54:26 IST" name="TearDown" finished-at="2025-08-19T12:54:27 IST" duration-ms="764" status="PASS">
          <params>
            <param index="0">
              <value>
                <![CDATA[[TestResult name=SelectReactAnuglarVeu status=SUCCESS method=ElementsTests.SelectReactAnuglarVeu()[pri:12, instance:tests.ElementsTests@1583741e] output={null}]]]>
              </value>
            </param>
          </params>
          <reporter-output>
          </reporter-output>
        </test-method> <!-- TearDown -->
        <test-method is-config="true" signature="setUP()[pri:0, instance:tests.ElementsTests@1583741e]" started-at="2025-08-19T12:54:27 IST" name="setUP" finished-at="2025-08-19T12:54:40 IST" duration-ms="12545" status="PASS">
          <reporter-output>
          </reporter-output>
        </test-method> <!-- setUP -->
        <test-method signature="SelectingOffice()[pri:13, instance:tests.ElementsTests@1583741e]" started-at="2025-08-19T12:54:40 IST" name="SelectingOffice" finished-at="2025-08-19T12:54:41 IST" duration-ms="1653" status="PASS">
          <reporter-output>
          </reporter-output>
        </test-method> <!-- SelectingOffice -->
        <test-method is-config="true" signature="TearDown(org.testng.ITestResult)[pri:0, instance:tests.ElementsTests@1583741e]" started-at="2025-08-19T12:54:41 IST" name="TearDown" finished-at="2025-08-19T12:54:42 IST" duration-ms="370" status="PASS">
          <params>
            <param index="0">
              <value>
                <![CDATA[[TestResult name=SelectingOffice status=SUCCESS method=ElementsTests.SelectingOffice()[pri:13, instance:tests.ElementsTests@1583741e] output={null}]]]>
              </value>
            </param>
          </params>
          <reporter-output>
          </reporter-output>
        </test-method> <!-- TearDown -->
        <test-method is-config="true" signature="setUP()[pri:0, instance:tests.ElementsTests@1583741e]" started-at="2025-08-19T12:54:42 IST" name="setUP" finished-at="2025-08-19T12:54:52 IST" duration-ms="10543" status="PASS">
          <reporter-output>
          </reporter-output>
        </test-method> <!-- setUP -->
        <test-method signature="SelectPublic()[pri:14, instance:tests.ElementsTests@1583741e]" started-at="2025-08-19T12:54:52 IST" name="SelectPublic" finished-at="2025-08-19T12:54:54 IST" duration-ms="1510" status="PASS">
          <reporter-output>
          </reporter-output>
        </test-method> <!-- SelectPublic -->
        <test-method is-config="true" signature="TearDown(org.testng.ITestResult)[pri:0, instance:tests.ElementsTests@1583741e]" started-at="2025-08-19T12:54:54 IST" name="TearDown" finished-at="2025-08-19T12:54:54 IST" duration-ms="356" status="PASS">
          <params>
            <param index="0">
              <value>
                <![CDATA[[TestResult name=SelectPublic status=SUCCESS method=ElementsTests.SelectPublic()[pri:14, instance:tests.ElementsTests@1583741e] output={null}]]]>
              </value>
            </param>
          </params>
          <reporter-output>
          </reporter-output>
        </test-method> <!-- TearDown -->
        <test-method is-config="true" signature="setUP()[pri:0, instance:tests.ElementsTests@1583741e]" started-at="2025-08-19T12:54:54 IST" name="setUP" finished-at="2025-08-19T12:55:05 IST" duration-ms="10984" status="PASS">
          <reporter-output>
          </reporter-output>
        </test-method> <!-- setUP -->
        <test-method signature="SelectPrivate()[pri:15, instance:tests.ElementsTests@1583741e]" started-at="2025-08-19T12:55:05 IST" name="SelectPrivate" finished-at="2025-08-19T12:55:07 IST" duration-ms="1572" status="PASS">
          <reporter-output>
          </reporter-output>
        </test-method> <!-- SelectPrivate -->
        <test-method is-config="true" signature="TearDown(org.testng.ITestResult)[pri:0, instance:tests.ElementsTests@1583741e]" started-at="2025-08-19T12:55:07 IST" name="TearDown" finished-at="2025-08-19T12:55:07 IST" duration-ms="347" status="PASS">
          <params>
            <param index="0">
              <value>
                <![CDATA[[TestResult name=SelectPrivate status=SUCCESS method=ElementsTests.SelectPrivate()[pri:15, instance:tests.ElementsTests@1583741e] output={null}]]]>
              </value>
            </param>
          </params>
          <reporter-output>
          </reporter-output>
        </test-method> <!-- TearDown -->
        <test-method is-config="true" signature="setUP()[pri:0, instance:tests.ElementsTests@1583741e]" started-at="2025-08-19T12:55:07 IST" name="setUP" finished-at="2025-08-19T12:55:13 IST" duration-ms="5697" status="PASS">
          <reporter-output>
          </reporter-output>
        </test-method> <!-- setUP -->
        <test-method signature="SelectClassified()[pri:16, instance:tests.ElementsTests@1583741e]" started-at="2025-08-19T12:55:13 IST" name="SelectClassified" finished-at="2025-08-19T12:55:14 IST" duration-ms="1478" status="PASS">
          <reporter-output>
          </reporter-output>
        </test-method> <!-- SelectClassified -->
        <test-method is-config="true" signature="TearDown(org.testng.ITestResult)[pri:0, instance:tests.ElementsTests@1583741e]" started-at="2025-08-19T12:55:14 IST" name="TearDown" finished-at="2025-08-19T12:55:14 IST" duration-ms="349" status="PASS">
          <params>
            <param index="0">
              <value>
                <![CDATA[[TestResult name=SelectClassified status=SUCCESS method=ElementsTests.SelectClassified()[pri:16, instance:tests.ElementsTests@1583741e] output={null}]]]>
              </value>
            </param>
          </params>
          <reporter-output>
          </reporter-output>
        </test-method> <!-- TearDown -->
        <test-method is-config="true" signature="setUP()[pri:0, instance:tests.ElementsTests@1583741e]" started-at="2025-08-19T12:55:14 IST" name="setUP" finished-at="2025-08-19T12:55:20 IST" duration-ms="5488" status="PASS">
          <reporter-output>
          </reporter-output>
        </test-method> <!-- setUP -->
        <test-method signature="SelectGeneral()[pri:17, instance:tests.ElementsTests@1583741e]" started-at="2025-08-19T12:55:20 IST" name="SelectGeneral" finished-at="2025-08-19T12:55:21 IST" duration-ms="1486" status="PASS">
          <reporter-output>
          </reporter-output>
        </test-method> <!-- SelectGeneral -->
        <test-method is-config="true" signature="TearDown(org.testng.ITestResult)[pri:0, instance:tests.ElementsTests@1583741e]" started-at="2025-08-19T12:55:21 IST" name="TearDown" finished-at="2025-08-19T12:55:22 IST" duration-ms="412" status="PASS">
          <params>
            <param index="0">
              <value>
                <![CDATA[[TestResult name=SelectGeneral status=SUCCESS method=ElementsTests.SelectGeneral()[pri:17, instance:tests.ElementsTests@1583741e] output={null}]]]>
              </value>
            </param>
          </params>
          <reporter-output>
          </reporter-output>
        </test-method> <!-- TearDown -->
        <test-method is-config="true" signature="setUP()[pri:0, instance:tests.ElementsTests@1583741e]" started-at="2025-08-19T12:55:22 IST" name="setUP" finished-at="2025-08-19T12:55:27 IST" duration-ms="5416" status="PASS">
          <reporter-output>
          </reporter-output>
        </test-method> <!-- setUP -->
        <test-method signature="SelectOfficeAll()[pri:18, instance:tests.ElementsTests@1583741e]" started-at="2025-08-19T12:55:27 IST" name="SelectOfficeAll" finished-at="2025-08-19T12:55:29 IST" duration-ms="1865" status="PASS">
          <reporter-output>
          </reporter-output>
        </test-method> <!-- SelectOfficeAll -->
        <test-method is-config="true" signature="TearDown(org.testng.ITestResult)[pri:0, instance:tests.ElementsTests@1583741e]" started-at="2025-08-19T12:55:29 IST" name="TearDown" finished-at="2025-08-19T12:55:30 IST" duration-ms="407" status="PASS">
          <params>
            <param index="0">
              <value>
                <![CDATA[[TestResult name=SelectOfficeAll status=SUCCESS method=ElementsTests.SelectOfficeAll()[pri:18, instance:tests.ElementsTests@1583741e] output={null}]]]>
              </value>
            </param>
          </params>
          <reporter-output>
          </reporter-output>
        </test-method> <!-- TearDown -->
        <test-method is-config="true" signature="setUP()[pri:0, instance:tests.ElementsTests@1583741e]" started-at="2025-08-19T12:55:30 IST" name="setUP" finished-at="2025-08-19T12:55:35 IST" duration-ms="5351" status="PASS">
          <reporter-output>
          </reporter-output>
        </test-method> <!-- setUP -->
        <test-method signature="SelectingDownloads()[pri:19, instance:tests.ElementsTests@1583741e]" started-at="2025-08-19T12:55:35 IST" name="SelectingDownloads" finished-at="2025-08-19T12:55:36 IST" duration-ms="1309" status="PASS">
          <reporter-output>
          </reporter-output>
        </test-method> <!-- SelectingDownloads -->
        <test-method is-config="true" signature="TearDown(org.testng.ITestResult)[pri:0, instance:tests.ElementsTests@1583741e]" started-at="2025-08-19T12:55:36 IST" name="TearDown" finished-at="2025-08-19T12:55:37 IST" duration-ms="342" status="PASS">
          <params>
            <param index="0">
              <value>
                <![CDATA[[TestResult name=SelectingDownloads status=SUCCESS method=ElementsTests.SelectingDownloads()[pri:19, instance:tests.ElementsTests@1583741e] output={null}]]]>
              </value>
            </param>
          </params>
          <reporter-output>
          </reporter-output>
        </test-method> <!-- TearDown -->
        <test-method is-config="true" signature="setUP()[pri:0, instance:tests.ElementsTests@1583741e]" started-at="2025-08-19T12:55:37 IST" name="setUP" finished-at="2025-08-19T12:55:48 IST" duration-ms="11448" status="PASS">
          <reporter-output>
          </reporter-output>
        </test-method> <!-- setUP -->
        <test-method signature="SelectingWordFile()[pri:20, instance:tests.ElementsTests@1583741e]" started-at="2025-08-19T12:55:48 IST" name="SelectingWordFile" finished-at="2025-08-19T12:55:50 IST" duration-ms="1582" status="PASS">
          <reporter-output>
          </reporter-output>
        </test-method> <!-- SelectingWordFile -->
        <test-method is-config="true" signature="TearDown(org.testng.ITestResult)[pri:0, instance:tests.ElementsTests@1583741e]" started-at="2025-08-19T12:55:50 IST" name="TearDown" finished-at="2025-08-19T12:55:50 IST" duration-ms="341" status="PASS">
          <params>
            <param index="0">
              <value>
                <![CDATA[[TestResult name=SelectingWordFile status=SUCCESS method=ElementsTests.SelectingWordFile()[pri:20, instance:tests.ElementsTests@1583741e] output={null}]]]>
              </value>
            </param>
          </params>
          <reporter-output>
          </reporter-output>
        </test-method> <!-- TearDown -->
        <test-method is-config="true" signature="setUP()[pri:0, instance:tests.ElementsTests@1583741e]" started-at="2025-08-19T12:55:50 IST" name="setUP" finished-at="2025-08-19T12:55:57 IST" duration-ms="6957" status="PASS">
          <reporter-output>
          </reporter-output>
        </test-method> <!-- setUP -->
        <test-method signature="SelectingExcelFile()[pri:21, instance:tests.ElementsTests@1583741e]" started-at="2025-08-19T12:55:57 IST" name="SelectingExcelFile" finished-at="2025-08-19T12:55:58 IST" duration-ms="1255" status="FAIL">
          <exception class="org.openqa.selenium.NoSuchElementException">
            <message>
              <![CDATA[no such element: Unable to locate element: {"method":"xpath","selector":"//li[3]//span[1]//button[1]"}
  (Session info: chrome=137.0.7151.120)
For documentation on this error, please visit: https://www.selenium.dev/documentation/webdriver/troubleshooting/errors#no-such-element-exception
Build info: version: '4.34.0', revision: '707dcb4246*'
System info: os.name: 'Windows 11', os.arch: 'amd64', os.version: '10.0', java.version: '21.0.7'
Driver info: org.openqa.selenium.chrome.ChromeDriver
Command: [04db4ef617486eb345966c675925ecec, findElement {using=xpath, value=//li[3]//span[1]//button[1]}]
Capabilities {acceptInsecureCerts: false, browserName: chrome, browserVersion: 137.0.7151.120, chrome: {chromedriverVersion: 137.0.7151.119 (e0ac9d12dff..., userDataDir: /tmp/chrome-profile-616be2b...}, fedcm:accounts: true, goog:chromeOptions: {debuggerAddress: localhost:49218}, networkConnectionEnabled: false, pageLoadStrategy: normal, platformName: windows, proxy: Proxy(), se:cdp: ws://localhost:49218/devtoo..., se:cdpVersion: 137.0.7151.120, setWindowRect: true, strictFileInteractability: false, timeouts: {implicit: 0, pageLoad: 300000, script: 30000}, unhandledPromptBehavior: dismiss and notify, webauthn:extension:credBlob: true, webauthn:extension:largeBlob: true, webauthn:extension:minPinLength: true, webauthn:extension:prf: true, webauthn:virtualAuthenticators: true}
Session ID: 04db4ef617486eb345966c675925ecec]]>
            </message>
            <full-stacktrace>
              <![CDATA[org.openqa.selenium.NoSuchElementException: no such element: Unable to locate element: {"method":"xpath","selector":"//li[3]//span[1]//button[1]"}
  (Session info: chrome=137.0.7151.120)
For documentation on this error, please visit: https://www.selenium.dev/documentation/webdriver/troubleshooting/errors#no-such-element-exception
Build info: version: '4.34.0', revision: '707dcb4246*'
System info: os.name: 'Windows 11', os.arch: 'amd64', os.version: '10.0', java.version: '21.0.7'
Driver info: org.openqa.selenium.chrome.ChromeDriver
Command: [04db4ef617486eb345966c675925ecec, findElement {using=xpath, value=//li[3]//span[1]//button[1]}]
Capabilities {acceptInsecureCerts: false, browserName: chrome, browserVersion: 137.0.7151.120, chrome: {chromedriverVersion: 137.0.7151.119 (e0ac9d12dff..., userDataDir: /tmp/chrome-profile-616be2b...}, fedcm:accounts: true, goog:chromeOptions: {debuggerAddress: localhost:49218}, networkConnectionEnabled: false, pageLoadStrategy: normal, platformName: windows, proxy: Proxy(), se:cdp: ws://localhost:49218/devtoo..., se:cdpVersion: 137.0.7151.120, setWindowRect: true, strictFileInteractability: false, timeouts: {implicit: 0, pageLoad: 300000, script: 30000}, unhandledPromptBehavior: dismiss and notify, webauthn:extension:credBlob: true, webauthn:extension:largeBlob: true, webauthn:extension:minPinLength: true, webauthn:extension:prf: true, webauthn:virtualAuthenticators: true}
Session ID: 04db4ef617486eb345966c675925ecec
at java.base/jdk.internal.reflect.DirectConstructorHandleAccessor.newInstance(DirectConstructorHandleAccessor.java:62)
at java.base/java.lang.reflect.Constructor.newInstanceWithCaller(Constructor.java:502)
at java.base/java.lang.reflect.Constructor.newInstance(Constructor.java:486)
at org.openqa.selenium.remote.ErrorCodec.decode(ErrorCodec.java:167)
at org.openqa.selenium.remote.codec.w3c.W3CHttpResponseCodec.decode(W3CHttpResponseCodec.java:138)
at org.openqa.selenium.remote.codec.w3c.W3CHttpResponseCodec.decode(W3CHttpResponseCodec.java:50)
at org.openqa.selenium.remote.HttpCommandExecutor.execute(HttpCommandExecutor.java:215)
at org.openqa.selenium.remote.service.DriverCommandExecutor.invokeExecute(DriverCommandExecutor.java:216)
at org.openqa.selenium.remote.service.DriverCommandExecutor.execute(DriverCommandExecutor.java:174)
at org.openqa.selenium.remote.RemoteWebDriver.execute(RemoteWebDriver.java:544)
at org.openqa.selenium.remote.ElementLocation$ElementFinder$2.findElement(ElementLocation.java:165)
at org.openqa.selenium.remote.ElementLocation.findElement(ElementLocation.java:59)
at org.openqa.selenium.remote.RemoteWebDriver.findElement(RemoteWebDriver.java:367)
at org.openqa.selenium.remote.RemoteWebDriver.findElement(RemoteWebDriver.java:361)
at org.openqa.selenium.support.pagefactory.DefaultElementLocator.findElement(DefaultElementLocator.java:68)
at org.openqa.selenium.support.pagefactory.internal.LocatingElementHandler.invoke(LocatingElementHandler.java:38)
at jdk.proxy2/jdk.proxy2.$Proxy29.getWrappedElement(Unknown Source)
at org.openqa.selenium.remote.WebElementToJsonConverter.apply(WebElementToJsonConverter.java:48)
at java.base/java.util.stream.ReferencePipeline$3$1.accept(ReferencePipeline.java:197)
at java.base/java.util.Spliterators$ArraySpliterator.forEachRemaining(Spliterators.java:1024)
at java.base/java.util.stream.AbstractPipeline.copyInto(AbstractPipeline.java:509)
at java.base/java.util.stream.AbstractPipeline.wrapAndCopyInto(AbstractPipeline.java:499)
at java.base/java.util.stream.ReduceOps$ReduceOp.evaluateSequential(ReduceOps.java:921)
at java.base/java.util.stream.AbstractPipeline.evaluate(AbstractPipeline.java:234)
at java.base/java.util.stream.ReferencePipeline.collect(ReferencePipeline.java:682)
at org.openqa.selenium.remote.RemoteWebDriver.executeScript(RemoteWebDriver.java:473)
at pages.elementsPage.ToggleDownloads(elementsPage.java:497)
at tests.ElementsTests.SelectingExcelFile(ElementsTests.java:397)
at java.base/jdk.internal.reflect.DirectMethodHandleAccessor.invoke(DirectMethodHandleAccessor.java:103)
at java.base/java.lang.reflect.Method.invoke(Method.java:580)
at org.testng.internal.invokers.MethodInvocationHelper.invokeMethod(MethodInvocationHelper.java:141)
at org.testng.internal.invokers.TestInvoker.invokeMethod(TestInvoker.java:687)
at org.testng.internal.invokers.TestInvoker.invokeTestMethod(TestInvoker.java:230)
at org.testng.internal.invokers.MethodRunner.runInSequence(MethodRunner.java:63)
at org.testng.internal.invokers.TestInvoker$MethodInvocationAgent.invoke(TestInvoker.java:995)
at org.testng.internal.invokers.TestInvoker.invokeTestMethods(TestInvoker.java:203)
at org.testng.internal.invokers.TestMethodWorker.invokeTestMethods(TestMethodWorker.java:154)
at org.testng.internal.invokers.TestMethodWorker.run(TestMethodWorker.java:134)
at java.base/java.util.ArrayList.forEach(ArrayList.java:1596)
at org.testng.TestRunner.privateRun(TestRunner.java:741)
at org.testng.TestRunner.run(TestRunner.java:616)
at org.testng.SuiteRunner.runTest(SuiteRunner.java:421)
at org.testng.SuiteRunner.runSequentially(SuiteRunner.java:413)
at org.testng.SuiteRunner.privateRun(SuiteRunner.java:373)
at org.testng.SuiteRunner.run(SuiteRunner.java:312)
at org.testng.SuiteRunnerWorker.runSuite(SuiteRunnerWorker.java:52)
at org.testng.SuiteRunnerWorker.run(SuiteRunnerWorker.java:95)
at org.testng.TestNG.runSuitesSequentially(TestNG.java:1274)
at org.testng.TestNG.runSuitesLocally(TestNG.java:1208)
at org.testng.TestNG.runSuites(TestNG.java:1112)
at org.testng.TestNG.run(TestNG.java:1079)
at org.apache.maven.surefire.testng.TestNGExecutor.run(TestNGExecutor.java:155)
at org.apache.maven.surefire.testng.TestNGDirectoryTestSuite.executeMulti(TestNGDirectoryTestSuite.java:169)
at org.apache.maven.surefire.testng.TestNGDirectoryTestSuite.execute(TestNGDirectoryTestSuite.java:88)
at org.apache.maven.surefire.testng.TestNGProvider.invoke(TestNGProvider.java:137)
at org.apache.maven.surefire.booter.ForkedBooter.runSuitesInProcess(ForkedBooter.java:385)
at org.apache.maven.surefire.booter.ForkedBooter.execute(ForkedBooter.java:162)
at org.apache.maven.surefire.booter.ForkedBooter.run(ForkedBooter.java:507)
at org.apache.maven.surefire.booter.ForkedBooter.main(ForkedBooter.java:495)
]]>
            </full-stacktrace>
          </exception> <!-- org.openqa.selenium.NoSuchElementException -->
          <reporter-output>
          </reporter-output>
        </test-method> <!-- SelectingExcelFile -->
        <test-method is-config="true" signature="TearDown(org.testng.ITestResult)[pri:0, instance:tests.ElementsTests@1583741e]" started-at="2025-08-19T12:55:58 IST" name="TearDown" finished-at="2025-08-19T12:55:59 IST" duration-ms="538" status="PASS">
          <params>
            <param index="0">
              <value>
                <![CDATA[[TestResult name=SelectingExcelFile status=FAILURE method=ElementsTests.SelectingExcelFile()[pri:21, instance:tests.ElementsTests@1583741e] output={null}]]]>
              </value>
            </param>
          </params>
          <reporter-output>
          </reporter-output>
        </test-method> <!-- TearDown -->
        <test-method is-config="true" signature="setUP()[pri:0, instance:tests.ElementsTests@1583741e]" started-at="2025-08-19T12:55:59 IST" name="setUP" finished-at="2025-08-19T12:56:04 IST" duration-ms="5275" status="PASS">
          <reporter-output>
          </reporter-output>
        </test-method> <!-- setUP -->
        <test-method signature="SelectingAllFiles()[pri:22, instance:tests.ElementsTests@1583741e]" started-at="2025-08-19T12:56:04 IST" name="SelectingAllFiles" finished-at="2025-08-19T12:56:07 IST" duration-ms="3104" status="PASS">
          <reporter-output>
          </reporter-output>
        </test-method> <!-- SelectingAllFiles -->
        <test-method is-config="true" signature="TearDown(org.testng.ITestResult)[pri:0, instance:tests.ElementsTests@1583741e]" started-at="2025-08-19T12:56:07 IST" name="TearDown" finished-at="2025-08-19T12:56:07 IST" duration-ms="400" status="PASS">
          <params>
            <param index="0">
              <value>
                <![CDATA[[TestResult name=SelectingAllFiles status=SUCCESS method=ElementsTests.SelectingAllFiles()[pri:22, instance:tests.ElementsTests@1583741e] output={null}]]]>
              </value>
            </param>
          </params>
          <reporter-output>
          </reporter-output>
        </test-method> <!-- TearDown -->
        <test-method is-config="true" signature="setUP()[pri:0, instance:tests.ElementsTests@1583741e]" started-at="2025-08-19T12:56:07 IST" name="setUP" finished-at="2025-08-19T12:56:18 IST" duration-ms="10557" status="PASS">
          <reporter-output>
          </reporter-output>
        </test-method> <!-- setUP -->
        <test-method signature="clickRadioButton()[pri:23, instance:tests.ElementsTests@1583741e]" started-at="2025-08-19T12:56:18 IST" name="clickRadioButton" finished-at="2025-08-19T12:56:20 IST" duration-ms="1740" status="PASS">
          <reporter-output>
          </reporter-output>
        </test-method> <!-- clickRadioButton -->
        <test-method is-config="true" signature="TearDown(org.testng.ITestResult)[pri:0, instance:tests.ElementsTests@1583741e]" started-at="2025-08-19T12:56:20 IST" name="TearDown" finished-at="2025-08-19T12:56:20 IST" duration-ms="345" status="PASS">
          <params>
            <param index="0">
              <value>
                <![CDATA[[TestResult name=clickRadioButton status=SUCCESS method=ElementsTests.clickRadioButton()[pri:23, instance:tests.ElementsTests@1583741e] output={null}]]]>
              </value>
            </param>
          </params>
          <reporter-output>
          </reporter-output>
        </test-method> <!-- TearDown -->
        <test-method is-config="true" signature="setUP()[pri:0, instance:tests.ElementsTests@1583741e]" started-at="2025-08-19T12:56:20 IST" name="setUP" finished-at="2025-08-19T12:56:48 IST" duration-ms="27563" status="PASS">
          <reporter-output>
          </reporter-output>
        </test-method> <!-- setUP -->
        <test-method signature="SelectYesRadioButton()[pri:24, instance:tests.ElementsTests@1583741e]" started-at="2025-08-19T12:56:48 IST" name="SelectYesRadioButton" finished-at="2025-08-19T12:56:49 IST" duration-ms="1436" status="PASS">
          <reporter-output>
          </reporter-output>
        </test-method> <!-- SelectYesRadioButton -->
        <test-method is-config="true" signature="TearDown(org.testng.ITestResult)[pri:0, instance:tests.ElementsTests@1583741e]" started-at="2025-08-19T12:56:49 IST" name="TearDown" finished-at="2025-08-19T12:56:49 IST" duration-ms="354" status="PASS">
          <params>
            <param index="0">
              <value>
                <![CDATA[[TestResult name=SelectYesRadioButton status=SUCCESS method=ElementsTests.SelectYesRadioButton()[pri:24, instance:tests.ElementsTests@1583741e] output={null}]]]>
              </value>
            </param>
          </params>
          <reporter-output>
          </reporter-output>
        </test-method> <!-- TearDown -->
        <test-method is-config="true" signature="setUP()[pri:0, instance:tests.ElementsTests@1583741e]" started-at="2025-08-19T12:56:49 IST" name="setUP" finished-at="2025-08-19T12:57:01 IST" duration-ms="11194" status="PASS">
          <reporter-output>
          </reporter-output>
        </test-method> <!-- setUP -->
        <test-method signature="SelectImpressiveRadioButton()[pri:25, instance:tests.ElementsTests@1583741e]" started-at="2025-08-19T12:57:01 IST" name="SelectImpressiveRadioButton" finished-at="2025-08-19T12:57:02 IST" depends-on-methods="tests.ElementsTests.clickRadioButton" duration-ms="1825" status="PASS">
          <reporter-output>
          </reporter-output>
        </test-method> <!-- SelectImpressiveRadioButton -->
        <test-method is-config="true" signature="TearDown(org.testng.ITestResult)[pri:0, instance:tests.ElementsTests@1583741e]" started-at="2025-08-19T12:57:02 IST" name="TearDown" finished-at="2025-08-19T12:57:03 IST" duration-ms="368" status="PASS">
          <params>
            <param index="0">
              <value>
                <![CDATA[[TestResult name=SelectImpressiveRadioButton status=SUCCESS method=ElementsTests.SelectImpressiveRadioButton()[pri:25, instance:tests.ElementsTests@1583741e] output={null}]]]>
              </value>
            </param>
          </params>
          <reporter-output>
          </reporter-output>
        </test-method> <!-- TearDown -->
        <test-method is-config="true" signature="setUP()[pri:0, instance:tests.ElementsTests@1583741e]" started-at="2025-08-19T12:57:03 IST" name="setUP" finished-at="2025-08-19T12:57:14 IST" duration-ms="11240" status="PASS">
          <reporter-output>
          </reporter-output>
        </test-method> <!-- setUP -->
        <test-method signature="WebTablesClick()[pri:26, instance:tests.ElementsTests@1583741e]" started-at="2025-08-19T12:57:14 IST" name="WebTablesClick" finished-at="2025-08-19T12:57:17 IST" duration-ms="2469" status="PASS">
          <reporter-output>
          </reporter-output>
        </test-method> <!-- WebTablesClick -->
        <test-method is-config="true" signature="TearDown(org.testng.ITestResult)[pri:0, instance:tests.ElementsTests@1583741e]" started-at="2025-08-19T12:57:17 IST" name="TearDown" finished-at="2025-08-19T12:57:17 IST" duration-ms="325" status="PASS">
          <params>
            <param index="0">
              <value>
                <![CDATA[[TestResult name=WebTablesClick status=SUCCESS method=ElementsTests.WebTablesClick()[pri:26, instance:tests.ElementsTests@1583741e] output={null}]]]>
              </value>
            </param>
          </params>
          <reporter-output>
          </reporter-output>
        </test-method> <!-- TearDown -->
        <test-method is-config="true" signature="setUP()[pri:0, instance:tests.ElementsTests@1583741e]" started-at="2025-08-19T12:57:18 IST" name="setUP" finished-at="2025-08-19T12:57:23 IST" duration-ms="5729" status="PASS">
          <reporter-output>
          </reporter-output>
        </test-method> <!-- setUP -->
        <test-method signature="webTableNewRegistration(models.WebTableUser)[pri:27, instance:tests.ElementsTests@1583741e]" started-at="2025-08-19T12:57:23 IST" name="webTableNewRegistration" data-provider="WebTableUserData" finished-at="2025-08-19T12:57:27 IST" depends-on-methods="tests.ElementsTests.WebTablesClick" duration-ms="3002" status="PASS">
          <params>
            <param index="0">
              <value>
                <![CDATA[WebTableUser{firstName='Johny', lastName='Bravo', email='Jbravo@demoqa.com', salary=280000, age=340, department='Information Technology'}]]>
              </value>
            </param>
          </params>
          <reporter-output>
          </reporter-output>
        </test-method> <!-- webTableNewRegistration -->
        <test-method is-config="true" signature="TearDown(org.testng.ITestResult)[pri:0, instance:tests.ElementsTests@1583741e]" started-at="2025-08-19T12:57:27 IST" name="TearDown" finished-at="2025-08-19T12:57:27 IST" duration-ms="475" status="PASS">
          <params>
            <param index="0">
              <value>
                <![CDATA[[TestResult name=webTableNewRegistration status=SUCCESS method=ElementsTests.webTableNewRegistration(models.WebTableUser)[pri:27, instance:tests.ElementsTests@1583741e] output={null}]]]>
              </value>
            </param>
          </params>
          <reporter-output>
          </reporter-output>
        </test-method> <!-- TearDown -->
        <test-method is-config="true" signature="setUP()[pri:0, instance:tests.ElementsTests@1583741e]" started-at="2025-08-19T12:57:27 IST" name="setUP" finished-at="2025-08-19T12:57:38 IST" duration-ms="11014" status="PASS">
          <reporter-output>
          </reporter-output>
        </test-method> <!-- setUP -->
        <test-method signature="webTableNewRegistration(models.WebTableUser)[pri:27, instance:tests.ElementsTests@1583741e]" started-at="2025-08-19T12:57:38 IST" name="webTableNewRegistration" data-provider="WebTableUserData" finished-at="2025-08-19T12:57:41 IST" depends-on-methods="tests.ElementsTests.WebTablesClick" duration-ms="2970" status="PASS">
          <params>
            <param index="0">
              <value>
                <![CDATA[WebTableUser{firstName='Gene', lastName='Femina', email='GFemina@demoqa.com', salary=180000, age=300, department='Finance'}]]>
              </value>
            </param>
          </params>
          <reporter-output>
          </reporter-output>
        </test-method> <!-- webTableNewRegistration -->
        <test-method is-config="true" signature="TearDown(org.testng.ITestResult)[pri:0, instance:tests.ElementsTests@1583741e]" started-at="2025-08-19T12:57:41 IST" name="TearDown" finished-at="2025-08-19T12:57:41 IST" duration-ms="409" status="PASS">
          <params>
            <param index="0">
              <value>
                <![CDATA[[TestResult name=webTableNewRegistration status=SUCCESS method=ElementsTests.webTableNewRegistration(models.WebTableUser)[pri:27, instance:tests.ElementsTests@1583741e] output={null}]]]>
              </value>
            </param>
          </params>
          <reporter-output>
          </reporter-output>
        </test-method> <!-- TearDown -->
        <test-method is-config="true" signature="setUP()[pri:0, instance:tests.ElementsTests@1583741e]" started-at="2025-08-19T12:57:41 IST" name="setUP" finished-at="2025-08-19T12:57:53 IST" duration-ms="11677" status="PASS">
          <reporter-output>
          </reporter-output>
        </test-method> <!-- setUP -->
        <test-method signature="webTableNewRegistration(models.WebTableUser)[pri:27, instance:tests.ElementsTests@1583741e]" started-at="2025-08-19T12:57:53 IST" name="webTableNewRegistration" data-provider="WebTableUserData" finished-at="2025-08-19T12:57:56 IST" depends-on-methods="tests.ElementsTests.WebTablesClick" duration-ms="2864" status="PASS">
          <params>
            <param index="0">
              <value>
                <![CDATA[WebTableUser{firstName='Bud', lastName='Wisem', email='BWisem@demoqa.com', salary=150000, age=400, department='Medicine'}]]>
              </value>
            </param>
          </params>
          <reporter-output>
          </reporter-output>
        </test-method> <!-- webTableNewRegistration -->
        <test-method is-config="true" signature="TearDown(org.testng.ITestResult)[pri:0, instance:tests.ElementsTests@1583741e]" started-at="2025-08-19T12:57:56 IST" name="TearDown" finished-at="2025-08-19T12:57:56 IST" duration-ms="393" status="PASS">
          <params>
            <param index="0">
              <value>
                <![CDATA[[TestResult name=webTableNewRegistration status=SUCCESS method=ElementsTests.webTableNewRegistration(models.WebTableUser)[pri:27, instance:tests.ElementsTests@1583741e] output={null}]]]>
              </value>
            </param>
          </params>
          <reporter-output>
          </reporter-output>
        </test-method> <!-- TearDown -->
        <test-method is-config="true" signature="setUP()[pri:0, instance:tests.ElementsTests@1583741e]" started-at="2025-08-19T12:57:56 IST" name="setUP" finished-at="2025-08-19T12:58:02 IST" duration-ms="5246" status="PASS">
          <reporter-output>
          </reporter-output>
        </test-method> <!-- setUP -->
        <test-method signature="webTableNewRegistration(models.WebTableUser)[pri:27, instance:tests.ElementsTests@1583741e]" started-at="2025-08-19T12:58:02 IST" name="webTableNewRegistration" data-provider="WebTableUserData" finished-at="2025-08-19T12:58:05 IST" depends-on-methods="tests.ElementsTests.WebTablesClick" duration-ms="3416" status="PASS">
          <params>
            <param index="0">
              <value>
                <![CDATA[WebTableUser{firstName='Tom', lastName='Boss', email='TBoss@demoqa.com', salary=190000, age=420, department='Recreation'}]]>
              </value>
            </param>
          </params>
          <reporter-output>
          </reporter-output>
        </test-method> <!-- webTableNewRegistration -->
        <test-method is-config="true" signature="TearDown(org.testng.ITestResult)[pri:0, instance:tests.ElementsTests@1583741e]" started-at="2025-08-19T12:58:05 IST" name="TearDown" finished-at="2025-08-19T12:58:05 IST" duration-ms="429" status="PASS">
          <params>
            <param index="0">
              <value>
                <![CDATA[[TestResult name=webTableNewRegistration status=SUCCESS method=ElementsTests.webTableNewRegistration(models.WebTableUser)[pri:27, instance:tests.ElementsTests@1583741e] output={null}]]]>
              </value>
            </param>
          </params>
          <reporter-output>
          </reporter-output>
        </test-method> <!-- TearDown -->
        <test-method is-config="true" signature="setUP()[pri:0, instance:tests.ElementsTests@1583741e]" started-at="2025-08-19T12:58:05 IST" name="setUP" finished-at="2025-08-19T12:58:17 IST" duration-ms="12035" status="PASS">
          <reporter-output>
          </reporter-output>
        </test-method> <!-- setUP -->
        <test-method signature="webTableAddSearch(models.WebTableUser)[pri:28, instance:tests.ElementsTests@1583741e]" started-at="2025-08-19T12:58:17 IST" name="webTableAddSearch" data-provider="WTFormDataEdit" finished-at="2025-08-19T12:58:21 IST" depends-on-methods="tests.ElementsTests.WebTablesClick" duration-ms="3309" status="PASS">
          <params>
            <param index="0">
              <value>
                <![CDATA[WebTableUser{firstName='Johny', lastName='Bravo', email='Jbravo@demoqa.com', salary=280000, age=340, department='Information Technology'}]]>
              </value>
            </param>
          </params>
          <reporter-output>
          </reporter-output>
        </test-method> <!-- webTableAddSearch -->
        <test-method is-config="true" signature="TearDown(org.testng.ITestResult)[pri:0, instance:tests.ElementsTests@1583741e]" started-at="2025-08-19T12:58:21 IST" name="TearDown" finished-at="2025-08-19T12:58:21 IST" duration-ms="427" status="PASS">
          <params>
            <param index="0">
              <value>
                <![CDATA[[TestResult name=webTableAddSearch status=SUCCESS method=ElementsTests.webTableAddSearch(models.WebTableUser)[pri:28, instance:tests.ElementsTests@1583741e] output={null}]]]>
              </value>
            </param>
          </params>
          <reporter-output>
          </reporter-output>
        </test-method> <!-- TearDown -->
        <test-method is-config="true" signature="setUP()[pri:0, instance:tests.ElementsTests@1583741e]" started-at="2025-08-19T12:58:21 IST" name="setUP" finished-at="2025-08-19T12:58:33 IST" duration-ms="12072" status="PASS">
          <reporter-output>
          </reporter-output>
        </test-method> <!-- setUP -->
        <test-method signature="webTableAddEditFirstName(models.WebTableUser)[pri:29, instance:tests.ElementsTests@1583741e]" started-at="2025-08-19T12:58:33 IST" name="webTableAddEditFirstName" data-provider="WTFormDataEdit" finished-at="2025-08-19T12:58:38 IST" depends-on-methods="tests.ElementsTests.WebTablesClick" duration-ms="4522" status="PASS">
          <params>
            <param index="0">
              <value>
                <![CDATA[WebTableUser{firstName='Tonny', lastName='Bravo', email='Jbravo@demoqa.com', salary=280000, age=340, department='Information Technology'}]]>
              </value>
            </param>
          </params>
          <reporter-output>
          </reporter-output>
        </test-method> <!-- webTableAddEditFirstName -->
        <test-method is-config="true" signature="TearDown(org.testng.ITestResult)[pri:0, instance:tests.ElementsTests@1583741e]" started-at="2025-08-19T12:58:38 IST" name="TearDown" finished-at="2025-08-19T12:58:38 IST" duration-ms="383" status="PASS">
          <params>
            <param index="0">
              <value>
                <![CDATA[[TestResult name=webTableAddEditFirstName status=SUCCESS method=ElementsTests.webTableAddEditFirstName(models.WebTableUser)[pri:29, instance:tests.ElementsTests@1583741e] output={null}]]]>
              </value>
            </param>
          </params>
          <reporter-output>
          </reporter-output>
        </test-method> <!-- TearDown -->
        <test-method is-config="true" signature="setUP()[pri:0, instance:tests.ElementsTests@1583741e]" started-at="2025-08-19T12:58:38 IST" name="setUP" finished-at="2025-08-19T12:58:50 IST" duration-ms="11693" status="PASS">
          <reporter-output>
          </reporter-output>
        </test-method> <!-- setUP -->
        <test-method signature="webTableAddSearchEdit(models.WebTableUser)[pri:30, instance:tests.ElementsTests@1583741e]" started-at="2025-08-19T12:58:50 IST" name="webTableAddSearchEdit" data-provider="WTFormDataEdit" finished-at="2025-08-19T12:58:55 IST" depends-on-methods="tests.ElementsTests.WebTablesClick" duration-ms="4740" status="PASS">
          <params>
            <param index="0">
              <value>
                <![CDATA[WebTableUser{firstName='Tonny', lastName='Bravo', email='Jbravo@demoqa.com', salary=280000, age=340, department='Information Technology'}]]>
              </value>
            </param>
          </params>
          <reporter-output>
          </reporter-output>
        </test-method> <!-- webTableAddSearchEdit -->
        <test-method is-config="true" signature="TearDown(org.testng.ITestResult)[pri:0, instance:tests.ElementsTests@1583741e]" started-at="2025-08-19T12:58:55 IST" name="TearDown" finished-at="2025-08-19T12:58:55 IST" duration-ms="400" status="PASS">
          <params>
            <param index="0">
              <value>
                <![CDATA[[TestResult name=webTableAddSearchEdit status=SUCCESS method=ElementsTests.webTableAddSearchEdit(models.WebTableUser)[pri:30, instance:tests.ElementsTests@1583741e] output={null}]]]>
              </value>
            </param>
          </params>
          <reporter-output>
          </reporter-output>
        </test-method> <!-- TearDown -->
        <test-method is-config="true" signature="setUP()[pri:0, instance:tests.ElementsTests@1583741e]" started-at="2025-08-19T12:58:55 IST" name="setUP" finished-at="2025-08-19T12:59:08 IST" duration-ms="12983" status="PASS">
          <reporter-output>
          </reporter-output>
        </test-method> <!-- setUP -->
        <test-method signature="webTableDeleteUser(models.WebTableUser)[pri:31, instance:tests.ElementsTests@1583741e]" started-at="2025-08-19T12:59:08 IST" name="webTableDeleteUser" data-provider="WTFormDataEdit" finished-at="2025-08-19T12:59:11 IST" depends-on-methods="tests.ElementsTests.WebTablesClick" duration-ms="3186" status="PASS">
          <params>
            <param index="0">
              <value>
                <![CDATA[WebTableUser{firstName='Johny', lastName='Bravo', email='Jbravo@demoqa.com', salary=280000, age=340, department='Information Technology'}]]>
              </value>
            </param>
          </params>
          <reporter-output>
          </reporter-output>
        </test-method> <!-- webTableDeleteUser -->
        <test-method is-config="true" signature="TearDown(org.testng.ITestResult)[pri:0, instance:tests.ElementsTests@1583741e]" started-at="2025-08-19T12:59:11 IST" name="TearDown" finished-at="2025-08-19T12:59:12 IST" duration-ms="399" status="PASS">
          <params>
            <param index="0">
              <value>
                <![CDATA[[TestResult name=webTableDeleteUser status=SUCCESS method=ElementsTests.webTableDeleteUser(models.WebTableUser)[pri:31, instance:tests.ElementsTests@1583741e] output={null}]]]>
              </value>
            </param>
          </params>
          <reporter-output>
          </reporter-output>
        </test-method> <!-- TearDown -->
        <test-method is-config="true" signature="setUP()[pri:0, instance:tests.ElementsTests@1583741e]" started-at="2025-08-19T12:59:12 IST" name="setUP" finished-at="2025-08-19T12:59:23 IST" duration-ms="11025" status="PASS">
          <reporter-output>
[...]
          <reporter-output>
          </reporter-output>
        </test-method> <!-- GetBrokenImage -->
        <test-method is-config="true" signature="TearDown(org.testng.ITestResult)[pri:0, instance:tests.ElementsTests@1583741e]" started-at="2025-08-19T13:04:35 IST" name="TearDown" finished-at="2025-08-19T13:04:35 IST" duration-ms="372" status="PASS">
          <params>
            <param index="0">
              <value>
                <![CDATA[[TestResult name=GetBrokenImage status=SUCCESS method=ElementsTests.GetBrokenImage()[pri:53, instance:tests.ElementsTests@1583741e] output={null}]]]>
              </value>
            </param>
          </params>
          <reporter-output>
          </reporter-output>
        </test-method> <!-- TearDown -->
        <test-method is-config="true" signature="setUP()[pri:0, instance:tests.ElementsTests@1583741e]" started-at="2025-08-19T13:04:35 IST" name="setUP" finished-at="2025-08-19T13:04:45 IST" duration-ms="10382" status="PASS">
          <reporter-output>
          </reporter-output>
        </test-method> <!-- setUP -->
        <test-method signature="BrokenLinksBrokenlink()[pri:54, instance:tests.ElementsTests@1583741e]" started-at="2025-08-19T13:04:45 IST" name="BrokenLinksBrokenlink" finished-at="2025-08-19T13:04:50 IST" duration-ms="4543" status="PASS">
          <reporter-output>
          </reporter-output>
        </test-method> <!-- BrokenLinksBrokenlink -->
        <test-method is-config="true" signature="TearDown(org.testng.ITestResult)[pri:0, instance:tests.ElementsTests@1583741e]" started-at="2025-08-19T13:04:50 IST" name="TearDown" finished-at="2025-08-19T13:04:50 IST" duration-ms="343" status="PASS">
          <params>
            <param index="0">
              <value>
                <![CDATA[[TestResult name=BrokenLinksBrokenlink status=SUCCESS method=ElementsTests.BrokenLinksBrokenlink()[pri:54, instance:tests.ElementsTests@1583741e] output={null}]]]>
              </value>
            </param>
          </params>
          <reporter-output>
          </reporter-output>
        </test-method> <!-- TearDown -->
        <test-method is-config="true" signature="setUP()[pri:0, instance:tests.ElementsTests@1583741e]" started-at="2025-08-19T13:04:50 IST" name="setUP" finished-at="2025-08-19T13:04:56 IST" duration-ms="5219" status="PASS">
          <reporter-output>
          </reporter-output>
        </test-method> <!-- setUP -->
        <test-method signature="BrokenLinksValidlink()[pri:54, instance:tests.ElementsTests@1583741e]" started-at="2025-08-19T13:04:56 IST" name="BrokenLinksValidlink" finished-at="2025-08-19T13:04:57 IST" duration-ms="1805" status="PASS">
          <reporter-output>
          </reporter-output>
        </test-method> <!-- BrokenLinksValidlink -->
        <test-method is-config="true" signature="TearDown(org.testng.ITestResult)[pri:0, instance:tests.ElementsTests@1583741e]" started-at="2025-08-19T13:04:57 IST" name="TearDown" finished-at="2025-08-19T13:04:58 IST" duration-ms="353" status="PASS">
          <params>
            <param index="0">
              <value>
                <![CDATA[[TestResult name=BrokenLinksValidlink status=SUCCESS method=ElementsTests.BrokenLinksValidlink()[pri:54, instance:tests.ElementsTests@1583741e] output={null}]]]>
              </value>
            </param>
          </params>
          <reporter-output>
          </reporter-output>
        </test-method> <!-- TearDown -->
        <test-method is-config="true" signature="setUP()[pri:0, instance:tests.ElementsTests@1583741e]" started-at="2025-08-19T13:04:58 IST" name="setUP" finished-at="2025-08-19T13:05:03 IST" duration-ms="5458" status="PASS">
          <reporter-output>
          </reporter-output>
        </test-method> <!-- setUP -->
        <test-method signature="UploadDownloadlink()[pri:55, instance:tests.ElementsTests@1583741e]" started-at="2025-08-19T13:05:03 IST" name="UploadDownloadlink" finished-at="2025-08-19T13:05:05 IST" duration-ms="1512" status="PASS">
          <reporter-output>
          </reporter-output>
        </test-method> <!-- UploadDownloadlink -->
        <test-method is-config="true" signature="TearDown(org.testng.ITestResult)[pri:0, instance:tests.ElementsTests@1583741e]" started-at="2025-08-19T13:05:05 IST" name="TearDown" finished-at="2025-08-19T13:05:07 IST" duration-ms="2285" status="PASS">
          <params>
            <param index="0">
              <value>
                <![CDATA[[TestResult name=UploadDownloadlink status=SUCCESS method=ElementsTests.UploadDownloadlink()[pri:55, instance:tests.ElementsTests@1583741e] output={null}]]]>
              </value>
            </param>
          </params>
          <reporter-output>
          </reporter-output>
        </test-method> <!-- TearDown -->
        <test-method is-config="true" signature="setUP()[pri:0, instance:tests.ElementsTests@1583741e]" started-at="2025-08-19T13:05:07 IST" name="setUP" finished-at="2025-08-19T13:05:18 IST" duration-ms="10837" status="PASS">
          <reporter-output>
          </reporter-output>
        </test-method> <!-- setUP -->
        <test-method signature="Downloadbtn()[pri:56, instance:tests.ElementsTests@1583741e]" started-at="2025-08-19T13:05:18 IST" name="Downloadbtn" finished-at="2025-08-19T13:05:19 IST" duration-ms="1182" status="FAIL">
          <exception class="java.lang.AssertionError">
            <message>
              <![CDATA[File was not downloaded successfully. expected [true] but found [false]]]>
            </message>
            <full-stacktrace>
              <![CDATA[java.lang.AssertionError: File was not downloaded successfully. expected [true] but found [false]
at org.testng.Assert.fail(Assert.java:111)
at org.testng.Assert.failNotEquals(Assert.java:1590)
at org.testng.Assert.assertTrue(Assert.java:57)
at pages.elementsPage.DownloadFile(elementsPage.java:1144)
at tests.ElementsTests.Downloadbtn(ElementsTests.java:1120)
at java.base/jdk.internal.reflect.DirectMethodHandleAccessor.invoke(DirectMethodHandleAccessor.java:103)
at java.base/java.lang.reflect.Method.invoke(Method.java:580)
at org.testng.internal.invokers.MethodInvocationHelper.invokeMethod(MethodInvocationHelper.java:141)
at org.testng.internal.invokers.TestInvoker.invokeMethod(TestInvoker.java:687)
at org.testng.internal.invokers.TestInvoker.invokeTestMethod(TestInvoker.java:230)
at org.testng.internal.invokers.MethodRunner.runInSequence(MethodRunner.java:63)
at org.testng.internal.invokers.TestInvoker$MethodInvocationAgent.invoke(TestInvoker.java:995)
at org.testng.internal.invokers.TestInvoker.invokeTestMethods(TestInvoker.java:203)
at org.testng.internal.invokers.TestMethodWorker.invokeTestMethods(TestMethodWorker.java:154)
at org.testng.internal.invokers.TestMethodWorker.run(TestMethodWorker.java:134)
at java.base/java.util.ArrayList.forEach(ArrayList.java:1596)
at org.testng.TestRunner.privateRun(TestRunner.java:741)
at org.testng.TestRunner.run(TestRunner.java:616)
at org.testng.SuiteRunner.runTest(SuiteRunner.java:421)
at org.testng.SuiteRunner.runSequentially(SuiteRunner.java:413)
at org.testng.SuiteRunner.privateRun(SuiteRunner.java:373)
at org.testng.SuiteRunner.run(SuiteRunner.java:312)
at org.testng.SuiteRunnerWorker.runSuite(SuiteRunnerWorker.java:52)
at org.testng.SuiteRunnerWorker.run(SuiteRunnerWorker.java:95)
at org.testng.TestNG.runSuitesSequentially(TestNG.java:1274)
at org.testng.TestNG.runSuitesLocally(TestNG.java:1208)
at org.testng.TestNG.runSuites(TestNG.java:1112)
at org.testng.TestNG.run(TestNG.java:1079)
at org.apache.maven.surefire.testng.TestNGExecutor.run(TestNGExecutor.java:155)
at org.apache.maven.surefire.testng.TestNGDirectoryTestSuite.executeMulti(TestNGDirectoryTestSuite.java:169)
at org.apache.maven.surefire.testng.TestNGDirectoryTestSuite.execute(TestNGDirectoryTestSuite.java:88)
at org.apache.maven.surefire.testng.TestNGProvider.invoke(TestNGProvider.java:137)
at org.apache.maven.surefire.booter.ForkedBooter.runSuitesInProcess(ForkedBooter.java:385)
at org.apache.maven.surefire.booter.ForkedBooter.execute(ForkedBooter.java:162)
at org.apache.maven.surefire.booter.ForkedBooter.run(ForkedBooter.java:507)
at org.apache.maven.surefire.booter.ForkedBooter.main(ForkedBooter.java:495)
]]>
            </full-stacktrace>
          </exception> <!-- java.lang.AssertionError -->
          <reporter-output>
          </reporter-output>
        </test-method> <!-- Downloadbtn -->
        <test-method is-config="true" signature="TearDown(org.testng.ITestResult)[pri:0, instance:tests.ElementsTests@1583741e]" started-at="2025-08-19T13:05:19 IST" name="TearDown" finished-at="2025-08-19T13:05:20 IST" duration-ms="724" status="PASS">
          <params>
            <param index="0">
              <value>
                <![CDATA[[TestResult name=Downloadbtn status=FAILURE method=ElementsTests.Downloadbtn()[pri:56, instance:tests.ElementsTests@1583741e] output={null}]]]>
              </value>
            </param>
          </params>
          <reporter-output>
          </reporter-output>
        </test-method> <!-- TearDown -->
        <test-method is-config="true" signature="setUP()[pri:0, instance:tests.ElementsTests@1583741e]" started-at="2025-08-19T13:05:20 IST" name="setUP" finished-at="2025-08-19T13:05:25 IST" duration-ms="4980" status="PASS">
          <reporter-output>
          </reporter-output>
        </test-method> <!-- setUP -->
        <test-method signature="Uploadbtn()[pri:57, instance:tests.ElementsTests@1583741e]" started-at="2025-08-19T13:05:25 IST" name="Uploadbtn" finished-at="2025-08-19T13:05:25 IST" duration-ms="236" status="FAIL">
          <exception class="org.openqa.selenium.NoSuchElementException">
            <message>
              <![CDATA[no such element: Unable to locate element: {"method":"xpath","selector":"//div[@class='category-cards']//div[1]//div[1]//div[2]//*[name()='svg']"}
  (Session info: chrome=137.0.7151.120)
For documentation on this error, please visit: https://www.selenium.dev/documentation/webdriver/troubleshooting/errors#no-such-element-exception
Build info: version: '4.34.0', revision: '707dcb4246*'
System info: os.name: 'Windows 11', os.arch: 'amd64', os.version: '10.0', java.version: '21.0.7'
Driver info: org.openqa.selenium.chrome.ChromeDriver
Command: [ad1ce5fecd72e4a698592097ce38f6e3, findElement {using=xpath, value=//div[@class='category-cards']//div[1]//div[1]//div[2]//*[name()='svg']}]
Capabilities {acceptInsecureCerts: false, browserName: chrome, browserVersion: 137.0.7151.120, chrome: {chromedriverVersion: 137.0.7151.119 (e0ac9d12dff..., userDataDir: /tmp/chrome-profile-f6647d7...}, fedcm:accounts: true, goog:chromeOptions: {debuggerAddress: localhost:56489}, networkConnectionEnabled: false, pageLoadStrategy: normal, platformName: windows, proxy: Proxy(), se:cdp: ws://localhost:56489/devtoo..., se:cdpVersion: 137.0.7151.120, setWindowRect: true, strictFileInteractability: false, timeouts: {implicit: 0, pageLoad: 300000, script: 30000}, unhandledPromptBehavior: dismiss and notify, webauthn:extension:credBlob: true, webauthn:extension:largeBlob: true, webauthn:extension:minPinLength: true, webauthn:extension:prf: true, webauthn:virtualAuthenticators: true}
Session ID: ad1ce5fecd72e4a698592097ce38f6e3]]>
            </message>
            <full-stacktrace>
              <![CDATA[org.openqa.selenium.NoSuchElementException: no such element: Unable to locate element: {"method":"xpath","selector":"//div[@class='category-cards']//div[1]//div[1]//div[2]//*[name()='svg']"}
  (Session info: chrome=137.0.7151.120)
For documentation on this error, please visit: https://www.selenium.dev/documentation/webdriver/troubleshooting/errors#no-such-element-exception
Build info: version: '4.34.0', revision: '707dcb4246*'
System info: os.name: 'Windows 11', os.arch: 'amd64', os.version: '10.0', java.version: '21.0.7'
Driver info: org.openqa.selenium.chrome.ChromeDriver
Command: [ad1ce5fecd72e4a698592097ce38f6e3, findElement {using=xpath, value=//div[@class='category-cards']//div[1]//div[1]//div[2]//*[name()='svg']}]
Capabilities {acceptInsecureCerts: false, browserName: chrome, browserVersion: 137.0.7151.120, chrome: {chromedriverVersion: 137.0.7151.119 (e0ac9d12dff..., userDataDir: /tmp/chrome-profile-f6647d7...}, fedcm:accounts: true, goog:chromeOptions: {debuggerAddress: localhost:56489}, networkConnectionEnabled: false, pageLoadStrategy: normal, platformName: windows, proxy: Proxy(), se:cdp: ws://localhost:56489/devtoo..., se:cdpVersion: 137.0.7151.120, setWindowRect: true, strictFileInteractability: false, timeouts: {implicit: 0, pageLoad: 300000, script: 30000}, unhandledPromptBehavior: dismiss and notify, webauthn:extension:credBlob: true, webauthn:extension:largeBlob: true, webauthn:extension:minPinLength: true, webauthn:extension:prf: true, webauthn:virtualAuthenticators: true}
Session ID: ad1ce5fecd72e4a698592097ce38f6e3
at java.base/jdk.internal.reflect.DirectConstructorHandleAccessor.newInstance(DirectConstructorHandleAccessor.java:62)
at java.base/java.lang.reflect.Constructor.newInstanceWithCaller(Constructor.java:502)
at java.base/java.lang.reflect.Constructor.newInstance(Constructor.java:486)
at org.openqa.selenium.remote.ErrorCodec.decode(ErrorCodec.java:167)
at org.openqa.selenium.remote.codec.w3c.W3CHttpResponseCodec.decode(W3CHttpResponseCodec.java:138)
at org.openqa.selenium.remote.codec.w3c.W3CHttpResponseCodec.decode(W3CHttpResponseCodec.java:50)
at org.openqa.selenium.remote.HttpCommandExecutor.execute(HttpCommandExecutor.java:215)
at org.openqa.selenium.remote.service.DriverCommandExecutor.invokeExecute(DriverCommandExecutor.java:216)
at org.openqa.selenium.remote.service.DriverCommandExecutor.execute(DriverCommandExecutor.java:174)
at org.openqa.selenium.remote.RemoteWebDriver.execute(RemoteWebDriver.java:544)
at org.openqa.selenium.remote.ElementLocation$ElementFinder$2.findElement(ElementLocation.java:165)
at org.openqa.selenium.remote.ElementLocation.findElement(ElementLocation.java:59)
at org.openqa.selenium.remote.RemoteWebDriver.findElement(RemoteWebDriver.java:367)
at org.openqa.selenium.remote.RemoteWebDriver.findElement(RemoteWebDriver.java:361)
at pages.homePage.clickElementCard(homePage.java:21)
at pages.elementsPage.accessElements(elementsPage.java:277)
at tests.ElementsTests.Uploadbtn(ElementsTests.java:1129)
at java.base/jdk.internal.reflect.DirectMethodHandleAccessor.invoke(DirectMethodHandleAccessor.java:103)
at java.base/java.lang.reflect.Method.invoke(Method.java:580)
at org.testng.internal.invokers.MethodInvocationHelper.invokeMethod(MethodInvocationHelper.java:141)
at org.testng.internal.invokers.TestInvoker.invokeMethod(TestInvoker.java:687)
at org.testng.internal.invokers.TestInvoker.invokeTestMethod(TestInvoker.java:230)
at org.testng.internal.invokers.MethodRunner.runInSequence(MethodRunner.java:63)
at org.testng.internal.invokers.TestInvoker$MethodInvocationAgent.invoke(TestInvoker.java:995)
at org.testng.internal.invokers.TestInvoker.invokeTestMethods(TestInvoker.java:203)
at org.testng.internal.invokers.TestMethodWorker.invokeTestMethods(TestMethodWorker.java:154)
at org.testng.internal.invokers.TestMethodWorker.run(TestMethodWorker.java:134)
at java.base/java.util.ArrayList.forEach(ArrayList.java:1596)
at org.testng.TestRunner.privateRun(TestRunner.java:741)
at org.testng.TestRunner.run(TestRunner.java:616)
at org.testng.SuiteRunner.runTest(SuiteRunner.java:421)
at org.testng.SuiteRunner.runSequentially(SuiteRunner.java:413)
at org.testng.SuiteRunner.privateRun(SuiteRunner.java:373)
at org.testng.SuiteRunner.run(SuiteRunner.java:312)
at org.testng.SuiteRunnerWorker.runSuite(SuiteRunnerWorker.java:52)
at org.testng.SuiteRunnerWorker.run(SuiteRunnerWorker.java:95)
at org.testng.TestNG.runSuitesSequentially(TestNG.java:1274)
at org.testng.TestNG.runSuitesLocally(TestNG.java:1208)
at org.testng.TestNG.runSuites(TestNG.java:1112)
at org.testng.TestNG.run(TestNG.java:1079)
at org.apache.maven.surefire.testng.TestNGExecutor.run(TestNGExecutor.java:155)
at org.apache.maven.surefire.testng.TestNGDirectoryTestSuite.executeMulti(TestNGDirectoryTestSuite.java:169)
at org.apache.maven.surefire.testng.TestNGDirectoryTestSuite.execute(TestNGDirectoryTestSuite.java:88)
at org.apache.maven.surefire.testng.TestNGProvider.invoke(TestNGProvider.java:137)
at org.apache.maven.surefire.booter.ForkedBooter.runSuitesInProcess(ForkedBooter.java:385)
at org.apache.maven.surefire.booter.ForkedBooter.execute(ForkedBooter.java:162)
at org.apache.maven.surefire.booter.ForkedBooter.run(ForkedBooter.java:507)
at org.apache.maven.surefire.booter.ForkedBooter.main(ForkedBooter.java:495)
]]>
            </full-stacktrace>
          </exception> <!-- org.openqa.selenium.NoSuchElementException -->
          <reporter-output>
          </reporter-output>
        </test-method> <!-- Uploadbtn -->
        <test-method is-config="true" signature="TearDown(org.testng.ITestResult)[pri:0, instance:tests.ElementsTests@1583741e]" started-at="2025-08-19T13:05:25 IST" name="TearDown" finished-at="2025-08-19T13:05:26 IST" duration-ms="591" status="PASS">
          <params>
            <param index="0">
              <value>
                <![CDATA[[TestResult name=Uploadbtn status=FAILURE method=ElementsTests.Uploadbtn()[pri:57, instance:tests.ElementsTests@1583741e] output={null}]]]>
              </value>
            </param>
          </params>
          <reporter-output>
          </reporter-output>
        </test-method> <!-- TearDown -->
      </class> <!-- tests.ElementsTests -->
      <class name="tests.AlertsFramesWindowsTests">
        <test-method is-config="true" signature="setupReport()[pri:0, instance:tests.AlertsFramesWindowsTests@5ddcc487]" started-at="2025-08-19T12:51:56 IST" name="setupReport" finished-at="2025-08-19T12:51:56 IST" duration-ms="220" status="PASS">
          <reporter-output>
          </reporter-output>
        </test-method> <!-- setupReport -->
        <test-method is-config="true" signature="setUP()[pri:0, instance:tests.AlertsFramesWindowsTests@5ddcc487]" started-at="2025-08-19T12:51:56 IST" name="setUP" finished-at="2025-08-19T12:52:07 IST" duration-ms="10984" status="PASS">
          <reporter-output>
          </reporter-output>
        </test-method> <!-- setUP -->
        <test-method signature="accessAlertsFrameWindows()[pri:1, instance:tests.AlertsFramesWindowsTests@5ddcc487]" started-at="2025-08-19T12:52:07 IST" name="accessAlertsFrameWindows" finished-at="2025-08-19T12:52:07 IST" duration-ms="250" status="PASS">
          <reporter-output>
          </reporter-output>
        </test-method> <!-- accessAlertsFrameWindows -->
        <test-method is-config="true" signature="TearDown(org.testng.ITestResult)[pri:0, instance:tests.AlertsFramesWindowsTests@5ddcc487]" started-at="2025-08-19T12:52:07 IST" name="TearDown" finished-at="2025-08-19T12:52:08 IST" duration-ms="374" status="PASS">
          <params>
            <param index="0">
              <value>
                <![CDATA[[TestResult name=accessAlertsFrameWindows status=SUCCESS method=AlertsFramesWindowsTests.accessAlertsFrameWindows()[pri:1, instance:tests.AlertsFramesWindowsTests@5ddcc487] output={null}]]]>
              </value>
            </param>
          </params>
          <reporter-output>
          </reporter-output>
        </test-method> <!-- TearDown -->
        <test-method is-config="true" signature="teardownReport()[pri:0, instance:tests.AlertsFramesWindowsTests@5ddcc487]" started-at="2025-08-19T13:06:22 IST" name="teardownReport" finished-at="2025-08-19T13:06:22 IST" duration-ms="342" status="PASS">
          <reporter-output>
          </reporter-output>
        </test-method> <!-- teardownReport -->
      </class> <!-- tests.AlertsFramesWindowsTests -->
    </test> <!-- Surefire test -->
  </suite> <!-- Surefire suite -->
</testng-results>
