<?xml version="1.0" encoding="UTF-8"?>
<testng-results ignored="0" total="64" passed="63" failed="1" skipped="0">
  <reporter-output>
  </reporter-output>
  <suite started-at="2025-08-18T19:39:31 IST" name="Surefire suite" finished-at="2025-08-18T19:54:17 IST" duration-ms="886316">
    <groups>
    </groups>
    <test started-at="2025-08-18T19:39:31 IST" name="Surefire test" finished-at="2025-08-18T19:54:17 IST" duration-ms="886316">
      <class name="tests.FormTests">
        <test-method is-config="true" signature="setUP()[pri:0, instance:tests.FormTests@36cda2c2]" started-at="2025-08-18T19:52:36 IST" name="setUP" finished-at="2025-08-18T19:53:04 IST" duration-ms="27854" status="PASS">
          <reporter-output>
          </reporter-output>
        </test-method> <!-- setUP -->
        <test-method signature="FormCard()[pri:1, instance:tests.FormTests@36cda2c2]" started-at="2025-08-18T19:53:04 IST" name="FormCard" finished-at="2025-08-18T19:53:04 IST" duration-ms="273" status="PASS">
          <reporter-output>
          </reporter-output>
        </test-method> <!-- FormCard -->
        <test-method is-config="true" signature="TearDown(org.testng.ITestResult)[pri:0, instance:tests.FormTests@36cda2c2]" started-at="2025-08-18T19:53:04 IST" name="TearDown" finished-at="2025-08-18T19:53:05 IST" duration-ms="284" status="PASS">
          <params>
            <param index="0">
              <value>
                <![CDATA[[TestResult name=FormCard status=SUCCESS method=FormTests.FormCard()[pri:1, instance:tests.FormTests@36cda2c2] output={null}]]]>
              </value>
            </param>
          </params>
          <reporter-output>
          </reporter-output>
        </test-method> <!-- TearDown -->
        <test-method is-config="true" signature="setUP()[pri:0, instance:tests.FormTests@36cda2c2]" started-at="2025-08-18T19:53:05 IST" name="setUP" finished-at="2025-08-18T19:53:18 IST" duration-ms="13589" status="PASS">
          <reporter-output>
          </reporter-output>
        </test-method> <!-- setUP -->
        <test-method signature="fillForm(models.UserFormData)[pri:2, instance:tests.FormTests@36cda2c2]" started-at="2025-08-18T19:53:18 IST" name="fillForm" data-provider="UserFormData" finished-at="2025-08-18T19:53:24 IST" duration-ms="5790" status="PASS">
          <params>
            <param index="0">
              <value>
                <![CDATA[UserFormData{firstName='Johny', lastName='Bravo', userMail='Jbravo@demoqa.com', gender='Male', mobile='9.238343488E9', dob='15-08-2000', subject='Computer Science', hobbies='Sports,Music', picturePath='/TestData/Mphoto.jpg', address='511 Grant 481, Prattsville\n Arkansas 72129\n United States', state='NCR', city='Delhi'}]]>
              </value>
            </param>
          </params>
          <reporter-output>
          </reporter-output>
        </test-method> <!-- fillForm -->
        <test-method is-config="true" signature="TearDown(org.testng.ITestResult)[pri:0, instance:tests.FormTests@36cda2c2]" started-at="2025-08-18T19:53:24 IST" name="TearDown" finished-at="2025-08-18T19:53:25 IST" duration-ms="1025" status="PASS">
          <params>
            <param index="0">
              <value>
                <![CDATA[[TestResult name=fillForm status=SUCCESS method=FormTests.fillForm(models.UserFormData)[pri:2, instance:tests.FormTests@36cda2c2] output={null}]]]>
              </value>
            </param>
          </params>
          <reporter-output>
          </reporter-output>
        </test-method> <!-- TearDown -->
        <test-method is-config="true" signature="setUP()[pri:0, instance:tests.FormTests@36cda2c2]" started-at="2025-08-18T19:53:25 IST" name="setUP" finished-at="2025-08-18T19:53:37 IST" duration-ms="12296" status="PASS">
          <reporter-output>
          </reporter-output>
        </test-method> <!-- setUP -->
        <test-method signature="fillForm(models.UserFormData)[pri:2, instance:tests.FormTests@36cda2c2]" started-at="2025-08-18T19:53:37 IST" name="fillForm" data-provider="UserFormData" finished-at="2025-08-18T19:53:43 IST" duration-ms="5735" status="PASS">
          <params>
            <param index="0">
              <value>
                <![CDATA[UserFormData{firstName='Gene', lastName='Femina', userMail='GFemina@demoqa.com', gender='Female', mobile='1.888343432E9', dob='22-05-2002', subject='Accounting', hobbies='Music,Reading', picturePath='/TestData/Fphoto.png', address='512 Grant 481, Prattsville\n Arkansas 72129\n United States', state='Uttar Pradesh', city='Merrut'}]]>
              </value>
            </param>
          </params>
          <reporter-output>
          </reporter-output>
        </test-method> <!-- fillForm -->
        <test-method is-config="true" signature="TearDown(org.testng.ITestResult)[pri:0, instance:tests.FormTests@36cda2c2]" started-at="2025-08-18T19:53:43 IST" name="TearDown" finished-at="2025-08-18T19:53:44 IST" duration-ms="608" status="PASS">
          <params>
            <param index="0">
              <value>
                <![CDATA[[TestResult name=fillForm status=SUCCESS method=FormTests.fillForm(models.UserFormData)[pri:2, instance:tests.FormTests@36cda2c2] output={null}]]]>
              </value>
            </param>
          </params>
          <reporter-output>
          </reporter-output>
        </test-method> <!-- TearDown -->
        <test-method is-config="true" signature="setUP()[pri:0, instance:tests.FormTests@36cda2c2]" started-at="2025-08-18T19:53:44 IST" name="setUP" finished-at="2025-08-18T19:53:56 IST" duration-ms="11923" status="PASS">
          <reporter-output>
          </reporter-output>
        </test-method> <!-- setUP -->
        <test-method signature="fillForm(models.UserFormData)[pri:2, instance:tests.FormTests@36cda2c2]" started-at="2025-08-18T19:53:56 IST" name="fillForm" data-provider="UserFormData" finished-at="2025-08-18T19:54:01 IST" duration-ms="4973" status="PASS">
          <params>
            <param index="0">
              <value>
                <![CDATA[UserFormData{firstName='Bud', lastName='Wisem', userMail='BWisem@demoqa.com', gender='Other', mobile='8.932465432E9', dob='31-12-1999', subject='Biology', hobbies='Reading', picturePath='/TestData/Ophoto.jpg', address='513 Grant 481, Prattsville\n Arkansas 72129\n United States', state='Haryana', city='Panipat'}]]>
              </value>
            </param>
          </params>
          <reporter-output>
          </reporter-output>
        </test-method> <!-- fillForm -->
        <test-method is-config="true" signature="TearDown(org.testng.ITestResult)[pri:0, instance:tests.FormTests@36cda2c2]" started-at="2025-08-18T19:54:01 IST" name="TearDown" finished-at="2025-08-18T19:54:01 IST" duration-ms="701" status="PASS">
          <params>
            <param index="0">
              <value>
                <![CDATA[[TestResult name=fillForm status=SUCCESS method=FormTests.fillForm(models.UserFormData)[pri:2, instance:tests.FormTests@36cda2c2] output={null}]]]>
              </value>
            </param>
          </params>
          <reporter-output>
          </reporter-output>
        </test-method> <!-- TearDown -->
        <test-method is-config="true" signature="setUP()[pri:0, instance:tests.FormTests@36cda2c2]" started-at="2025-08-18T19:54:01 IST" name="setUP" finished-at="2025-08-18T19:54:11 IST" duration-ms="9654" status="PASS">
          <reporter-output>
          </reporter-output>
        </test-method> <!-- setUP -->
        <test-method signature="fillForm(models.UserFormData)[pri:2, instance:tests.FormTests@36cda2c2]" started-at="2025-08-18T19:54:11 IST" name="fillForm" data-provider="UserFormData" finished-at="2025-08-18T19:54:16 IST" duration-ms="5493" status="PASS">
          <params>
            <param index="0">
              <value>
                <![CDATA[UserFormData{firstName='Tom', lastName='Boss', userMail='TBoss@demoqa.com', gender='Male', mobile='7.839875281E9', dob='26-01-2003', subject='Social Studies', hobbies='Sports,Reading', picturePath='/TestData/M2photo.jpg', address='514 Grant 481, Prattsville\n Arkansas 72129\n United States', state='Rajasthan', city='Jaiselmer'}]]>
              </value>
            </param>
          </params>
          <reporter-output>
          </reporter-output>
        </test-method> <!-- fillForm -->
        <test-method is-config="true" signature="TearDown(org.testng.ITestResult)[pri:0, instance:tests.FormTests@36cda2c2]" started-at="2025-08-18T19:54:16 IST" name="TearDown" finished-at="2025-08-18T19:54:17 IST" duration-ms="647" status="PASS">
          <params>
            <param index="0">
              <value>
                <![CDATA[[TestResult name=fillForm status=SUCCESS method=FormTests.fillForm(models.UserFormData)[pri:2, instance:tests.FormTests@36cda2c2] output={null}]]]>
              </value>
            </param>
          </params>
          <reporter-output>
          </reporter-output>
        </test-method> <!-- TearDown -->
      </class> <!-- tests.FormTests -->
      <class name="tests.ElementsTests">
        <test-method is-config="true" signature="setUP()[pri:0, instance:tests.ElementsTests@4671115f]" started-at="2025-08-18T19:39:53 IST" name="setUP" finished-at="2025-08-18T19:40:10 IST" duration-ms="17142" status="PASS">
          <reporter-output>
          </reporter-output>
        </test-method> <!-- setUP -->
        <test-method signature="ElementsCard()[pri:1, instance:tests.ElementsTests@4671115f]" started-at="2025-08-18T19:40:10 IST" name="ElementsCard" finished-at="2025-08-18T19:40:13 IST" duration-ms="2571" status="PASS">
          <reporter-output>
          </reporter-output>
        </test-method> <!-- ElementsCard -->
        <test-method is-config="true" signature="TearDown(org.testng.ITestResult)[pri:0, instance:tests.ElementsTests@4671115f]" started-at="2025-08-18T19:40:13 IST" name="TearDown" finished-at="2025-08-18T19:40:13 IST" duration-ms="437" status="PASS">
          <params>
            <param index="0">
              <value>
                <![CDATA[[TestResult name=ElementsCard status=SUCCESS method=ElementsTests.ElementsCard()[pri:1, instance:tests.ElementsTests@4671115f] output={null}]]]>
              </value>
            </param>
          </params>
          <reporter-output>
          </reporter-output>
        </test-method> <!-- TearDown -->
        <test-method is-config="true" signature="setUP()[pri:0, instance:tests.ElementsTests@4671115f]" started-at="2025-08-18T19:40:13 IST" name="setUP" finished-at="2025-08-18T19:40:26 IST" duration-ms="13168" status="PASS">
          <reporter-output>
          </reporter-output>
        </test-method> <!-- setUP -->
        <test-method signature="TextBox()[pri:2, instance:tests.ElementsTests@4671115f]" started-at="2025-08-18T19:40:26 IST" name="TextBox" finished-at="2025-08-18T19:40:31 IST" duration-ms="4691" status="PASS">
          <reporter-output>
          </reporter-output>
        </test-method> <!-- TextBox -->
        <test-method is-config="true" signature="TearDown(org.testng.ITestResult)[pri:0, instance:tests.ElementsTests@4671115f]" started-at="2025-08-18T19:40:31 IST" name="TearDown" finished-at="2025-08-18T19:40:32 IST" duration-ms="1082" status="PASS">
          <params>
            <param index="0">
              <value>
                <![CDATA[[TestResult name=TextBox status=SUCCESS method=ElementsTests.TextBox()[pri:2, instance:tests.ElementsTests@4671115f] output={null}]]]>
              </value>
            </param>
          </params>
          <reporter-output>
          </reporter-output>
        </test-method> <!-- TearDown -->
        <test-method is-config="true" signature="setUP()[pri:0, instance:tests.ElementsTests@4671115f]" started-at="2025-08-18T19:40:32 IST" name="setUP" finished-at="2025-08-18T19:40:52 IST" duration-ms="20167" status="PASS">
          <reporter-output>
          </reporter-output>
        </test-method> <!-- setUP -->
        <test-method signature="CheckBox()[pri:3, instance:tests.ElementsTests@4671115f]" started-at="2025-08-18T19:40:52 IST" name="CheckBox" finished-at="2025-08-18T19:40:55 IST" duration-ms="2765" status="PASS">
          <reporter-output>
          </reporter-output>
        </test-method> <!-- CheckBox -->
        <test-method is-config="true" signature="TearDown(org.testng.ITestResult)[pri:0, instance:tests.ElementsTests@4671115f]" started-at="2025-08-18T19:40:55 IST" name="TearDown" finished-at="2025-08-18T19:40:56 IST" duration-ms="832" status="PASS">
          <params>
            <param index="0">
              <value>
                <![CDATA[[TestResult name=CheckBox status=SUCCESS method=ElementsTests.CheckBox()[pri:3, instance:tests.ElementsTests@4671115f] output={null}]]]>
              </value>
            </param>
          </params>
          <reporter-output>
          </reporter-output>
        </test-method> <!-- TearDown -->
        <test-method is-config="true" signature="setUP()[pri:0, instance:tests.ElementsTests@4671115f]" started-at="2025-08-18T19:40:56 IST" name="setUP" finished-at="2025-08-18T19:41:07 IST" duration-ms="11051" status="PASS">
          <reporter-output>
          </reporter-output>
        </test-method> <!-- setUP -->
        <test-method signature="SelectingHomeCheckBox()[pri:4, instance:tests.ElementsTests@4671115f]" started-at="2025-08-18T19:41:07 IST" name="SelectingHomeCheckBox" finished-at="2025-08-18T19:41:10 IST" duration-ms="3259" status="PASS">
          <reporter-output>
          </reporter-output>
        </test-method> <!-- SelectingHomeCheckBox -->
        <test-method is-config="true" signature="TearDown(org.testng.ITestResult)[pri:0, instance:tests.ElementsTests@4671115f]" started-at="2025-08-18T19:41:10 IST" name="TearDown" finished-at="2025-08-18T19:41:11 IST" duration-ms="565" status="PASS">
          <params>
            <param index="0">
              <value>
                <![CDATA[[TestResult name=SelectingHomeCheckBox status=SUCCESS method=ElementsTests.SelectingHomeCheckBox()[pri:4, instance:tests.ElementsTests@4671115f] output={null}]]]>
              </value>
            </param>
          </params>
          <reporter-output>
          </reporter-output>
        </test-method> <!-- TearDown -->
        <test-method is-config="true" signature="setUP()[pri:0, instance:tests.ElementsTests@4671115f]" started-at="2025-08-18T19:41:11 IST" name="setUP" finished-at="2025-08-18T19:41:25 IST" duration-ms="13994" status="PASS">
          <reporter-output>
          </reporter-output>
        </test-method> <!-- setUP -->
        <test-method signature="SelectingDesktopCheckBox()[pri:5, instance:tests.ElementsTests@4671115f]" started-at="2025-08-18T19:41:25 IST" name="SelectingDesktopCheckBox" finished-at="2025-08-18T19:41:27 IST" duration-ms="2827" status="PASS">
          <reporter-output>
          </reporter-output>
        </test-method> <!-- SelectingDesktopCheckBox -->
        <test-method is-config="true" signature="TearDown(org.testng.ITestResult)[pri:0, instance:tests.ElementsTests@4671115f]" started-at="2025-08-18T19:41:27 IST" name="TearDown" finished-at="2025-08-18T19:41:28 IST" duration-ms="544" status="PASS">
          <params>
            <param index="0">
              <value>
                <![CDATA[[TestResult name=SelectingDesktopCheckBox status=SUCCESS method=ElementsTests.SelectingDesktopCheckBox()[pri:5, instance:tests.ElementsTests@4671115f] output={null}]]]>
              </value>
            </param>
          </params>
          <reporter-output>
          </reporter-output>
        </test-method> <!-- TearDown -->
        <test-method is-config="true" signature="setUP()[pri:0, instance:tests.ElementsTests@4671115f]" started-at="2025-08-18T19:41:28 IST" name="setUP" finished-at="2025-08-18T19:41:38 IST" duration-ms="9630" status="PASS">
          <reporter-output>
          </reporter-output>
        </test-method> <!-- setUP -->
        <test-method signature="SelectingNotesCommandsClick()[pri:6, instance:tests.ElementsTests@4671115f]" started-at="2025-08-18T19:41:38 IST" name="SelectingNotesCommandsClick" finished-at="2025-08-18T19:41:41 IST" duration-ms="3557" status="PASS">
          <reporter-output>
          </reporter-output>
        </test-method> <!-- SelectingNotesCommandsClick -->
        <test-method is-config="true" signature="TearDown(org.testng.ITestResult)[pri:0, instance:tests.ElementsTests@4671115f]" started-at="2025-08-18T19:41:41 IST" name="TearDown" finished-at="2025-08-18T19:41:42 IST" duration-ms="574" status="PASS">
          <params>
            <param index="0">
              <value>
                <![CDATA[[TestResult name=SelectingNotesCommandsClick status=SUCCESS method=ElementsTests.SelectingNotesCommandsClick()[pri:6, instance:tests.ElementsTests@4671115f] output={null}]]]>
              </value>
            </param>
          </params>
          <reporter-output>
          </reporter-output>
        </test-method> <!-- TearDown -->
        <test-method is-config="true" signature="setUP()[pri:0, instance:tests.ElementsTests@4671115f]" started-at="2025-08-18T19:41:42 IST" name="setUP" finished-at="2025-08-18T19:41:53 IST" duration-ms="11717" status="PASS">
          <reporter-output>
          </reporter-output>
        </test-method> <!-- setUP -->
        <test-method signature="SelectingDocumentsCheckBox()[pri:7, instance:tests.ElementsTests@4671115f]" started-at="2025-08-18T19:41:53 IST" name="SelectingDocumentsCheckBox" finished-at="2025-08-18T19:41:56 IST" duration-ms="3044" status="PASS">
          <reporter-output>
          </reporter-output>
        </test-method> <!-- SelectingDocumentsCheckBox -->
        <test-method is-config="true" signature="TearDown(org.testng.ITestResult)[pri:0, instance:tests.ElementsTests@4671115f]" started-at="2025-08-18T19:41:56 IST" name="TearDown" finished-at="2025-08-18T19:41:57 IST" duration-ms="505" status="PASS">
          <params>
            <param index="0">
              <value>
                <![CDATA[[TestResult name=SelectingDocumentsCheckBox status=SUCCESS method=ElementsTests.SelectingDocumentsCheckBox()[pri:7, instance:tests.ElementsTests@4671115f] output={null}]]]>
              </value>
            </param>
          </params>
          <reporter-output>
          </reporter-output>
        </test-method> <!-- TearDown -->
        <test-method is-config="true" signature="setUP()[pri:0, instance:tests.ElementsTests@4671115f]" started-at="2025-08-18T19:41:57 IST" name="setUP" finished-at="2025-08-18T19:42:05 IST" duration-ms="8250" status="PASS">
          <reporter-output>
          </reporter-output>
        </test-method> <!-- setUP -->
        <test-method signature="SelectingWorkSpace()[pri:8, instance:tests.ElementsTests@4671115f]" started-at="2025-08-18T19:42:05 IST" name="SelectingWorkSpace" finished-at="2025-08-18T19:42:09 IST" duration-ms="3304" status="PASS">
          <reporter-output>
          </reporter-output>
        </test-method> <!-- SelectingWorkSpace -->
        <test-method is-config="true" signature="TearDown(org.testng.ITestResult)[pri:0, instance:tests.ElementsTests@4671115f]" started-at="2025-08-18T19:42:09 IST" name="TearDown" finished-at="2025-08-18T19:42:09 IST" duration-ms="484" status="PASS">
          <params>
            <param index="0">
              <value>
                <![CDATA[[TestResult name=SelectingWorkSpace status=SUCCESS method=ElementsTests.SelectingWorkSpace()[pri:8, instance:tests.ElementsTests@4671115f] output={null}]]]>
              </value>
            </param>
          </params>
          <reporter-output>
          </reporter-output>
        </test-method> <!-- TearDown -->
        <test-method is-config="true" signature="setUP()[pri:0, instance:tests.ElementsTests@4671115f]" started-at="2025-08-18T19:42:09 IST" name="setUP" finished-at="2025-08-18T19:42:17 IST" duration-ms="7921" status="PASS">
          <reporter-output>
          </reporter-output>
        </test-method> <!-- setUP -->
        <test-method signature="SelectReact()[pri:9, instance:tests.ElementsTests@4671115f]" started-at="2025-08-18T19:42:17 IST" name="SelectReact" finished-at="2025-08-18T19:42:20 IST" duration-ms="3221" status="PASS">
          <reporter-output>
          </reporter-output>
        </test-method> <!-- SelectReact -->
        <test-method is-config="true" signature="TearDown(org.testng.ITestResult)[pri:0, instance:tests.ElementsTests@4671115f]" started-at="2025-08-18T19:42:20 IST" name="TearDown" finished-at="2025-08-18T19:42:21 IST" duration-ms="558" status="PASS">
          <params>
            <param index="0">
              <value>
                <![CDATA[[TestResult name=SelectReact status=SUCCESS method=ElementsTests.SelectReact()[pri:9, instance:tests.ElementsTests@4671115f] output={null}]]]>
              </value>
            </param>
          </params>
          <reporter-output>
          </reporter-output>
        </test-method> <!-- TearDown -->
        <test-method is-config="true" signature="setUP()[pri:0, instance:tests.ElementsTests@4671115f]" started-at="2025-08-18T19:42:21 IST" name="setUP" finished-at="2025-08-18T19:42:29 IST" duration-ms="8066" status="PASS">
          <reporter-output>
          </reporter-output>
        </test-method> <!-- setUP -->
        <test-method signature="SelectAngular()[pri:10, instance:tests.ElementsTests@4671115f]" started-at="2025-08-18T19:42:29 IST" name="SelectAngular" finished-at="2025-08-18T19:42:32 IST" duration-ms="3292" status="PASS">
          <reporter-output>
          </reporter-output>
        </test-method> <!-- SelectAngular -->
        <test-method is-config="true" signature="TearDown(org.testng.ITestResult)[pri:0, instance:tests.ElementsTests@4671115f]" started-at="2025-08-18T19:42:32 IST" name="TearDown" finished-at="2025-08-18T19:42:33 IST" duration-ms="516" status="PASS">
          <params>
            <param index="0">
              <value>
                <![CDATA[[TestResult name=SelectAngular status=SUCCESS method=ElementsTests.SelectAngular()[pri:10, instance:tests.ElementsTests@4671115f] output={null}]]]>
              </value>
            </param>
          </params>
          <reporter-output>
          </reporter-output>
        </test-method> <!-- TearDown -->
        <test-method is-config="true" signature="setUP()[pri:0, instance:tests.ElementsTests@4671115f]" started-at="2025-08-18T19:42:33 IST" name="setUP" finished-at="2025-08-18T19:42:41 IST" duration-ms="8799" status="PASS">
          <reporter-output>
          </reporter-output>
        </test-method> <!-- setUP -->
        <test-method signature="SelectVeu()[pri:11, instance:tests.ElementsTests@4671115f]" started-at="2025-08-18T19:42:41 IST" name="SelectVeu" finished-at="2025-08-18T19:42:44 IST" duration-ms="2622" status="PASS">
          <reporter-output>
          </reporter-output>
        </test-method> <!-- SelectVeu -->
        <test-method is-config="true" signature="TearDown(org.testng.ITestResult)[pri:0, instance:tests.ElementsTests@4671115f]" started-at="2025-08-18T19:42:44 IST" name="TearDown" finished-at="2025-08-18T19:42:45 IST" duration-ms="482" status="PASS">
          <params>
            <param index="0">
              <value>
                <![CDATA[[TestResult name=SelectVeu status=SUCCESS method=ElementsTests.SelectVeu()[pri:11, instance:tests.ElementsTests@4671115f] output={null}]]]>
              </value>
            </param>
          </params>
          <reporter-output>
          </reporter-output>
        </test-method> <!-- TearDown -->
        <test-method is-config="true" signature="setUP()[pri:0, instance:tests.ElementsTests@4671115f]" started-at="2025-08-18T19:42:45 IST" name="setUP" finished-at="2025-08-18T19:42:52 IST" duration-ms="7056" status="PASS">
          <reporter-output>
          </reporter-output>
        </test-method> <!-- setUP -->
        <test-method signature="SelectReactAnuglarVeu()[pri:12, instance:tests.ElementsTests@4671115f]" started-at="2025-08-18T19:42:52 IST" name="SelectReactAnuglarVeu" finished-at="2025-08-18T19:42:55 IST" duration-ms="3362" status="PASS">
          <reporter-output>
          </reporter-output>
        </test-method> <!-- SelectReactAnuglarVeu -->
        <test-method is-config="true" signature="TearDown(org.testng.ITestResult)[pri:0, instance:tests.ElementsTests@4671115f]" started-at="2025-08-18T19:42:55 IST" name="TearDown" finished-at="2025-08-18T19:42:55 IST" duration-ms="527" status="PASS">
          <params>
            <param index="0">
              <value>
                <![CDATA[[TestResult name=SelectReactAnuglarVeu status=SUCCESS method=ElementsTests.SelectReactAnuglarVeu()[pri:12, instance:tests.ElementsTests@4671115f] output={null}]]]>
              </value>
            </param>
          </params>
          <reporter-output>
          </reporter-output>
        </test-method> <!-- TearDown -->
        <test-method is-config="true" signature="setUP()[pri:0, instance:tests.ElementsTests@4671115f]" started-at="2025-08-18T19:42:55 IST" name="setUP" finished-at="2025-08-18T19:43:07 IST" duration-ms="11564" status="PASS">
          <reporter-output>
          </reporter-output>
        </test-method> <!-- setUP -->
        <test-method signature="SelectingOffice()[pri:13, instance:tests.ElementsTests@4671115f]" started-at="2025-08-18T19:43:07 IST" name="SelectingOffice" finished-at="2025-08-18T19:43:10 IST" duration-ms="2720" status="PASS">
          <reporter-output>
          </reporter-output>
        </test-method> <!-- SelectingOffice -->
        <test-method is-config="true" signature="TearDown(org.testng.ITestResult)[pri:0, instance:tests.ElementsTests@4671115f]" started-at="2025-08-18T19:43:10 IST" name="TearDown" finished-at="2025-08-18T19:43:10 IST" duration-ms="517" status="PASS">
          <params>
            <param index="0">
              <value>
                <![CDATA[[TestResult name=SelectingOffice status=SUCCESS method=ElementsTests.SelectingOffice()[pri:13, instance:tests.ElementsTests@4671115f] output={null}]]]>
              </value>
            </param>
          </params>
          <reporter-output>
          </reporter-output>
        </test-method> <!-- TearDown -->
        <test-method is-config="true" signature="setUP()[pri:0, instance:tests.ElementsTests@4671115f]" started-at="2025-08-18T19:43:10 IST" name="setUP" finished-at="2025-08-18T19:43:20 IST" duration-ms="9786" status="PASS">
          <reporter-output>
          </reporter-output>
        </test-method> <!-- setUP -->
        <test-method signature="SelectPublic()[pri:14, instance:tests.ElementsTests@4671115f]" started-at="2025-08-18T19:43:20 IST" name="SelectPublic" finished-at="2025-08-18T19:43:23 IST" duration-ms="3417" status="PASS">
          <reporter-output>
          </reporter-output>
        </test-method> <!-- SelectPublic -->
        <test-method is-config="true" signature="TearDown(org.testng.ITestResult)[pri:0, instance:tests.ElementsTests@4671115f]" started-at="2025-08-18T19:43:23 IST" name="TearDown" finished-at="2025-08-18T19:43:24 IST" duration-ms="580" status="PASS">
          <params>
            <param index="0">
              <value>
                <![CDATA[[TestResult name=SelectPublic status=SUCCESS method=ElementsTests.SelectPublic()[pri:14, instance:tests.ElementsTests@4671115f] output={null}]]]>
              </value>
            </param>
          </params>
          <reporter-output>
          </reporter-output>
        </test-method> <!-- TearDown -->
        <test-method is-config="true" signature="setUP()[pri:0, instance:tests.ElementsTests@4671115f]" started-at="2025-08-18T19:43:24 IST" name="setUP" finished-at="2025-08-18T19:43:31 IST" duration-ms="6655" status="PASS">
          <reporter-output>
          </reporter-output>
        </test-method> <!-- setUP -->
        <test-method signature="SelectPrivate()[pri:15, instance:tests.ElementsTests@4671115f]" started-at="2025-08-18T19:43:31 IST" name="SelectPrivate" finished-at="2025-08-18T19:43:34 IST" duration-ms="3441" status="PASS">
          <reporter-output>
          </reporter-output>
        </test-method> <!-- SelectPrivate -->
        <test-method is-config="true" signature="TearDown(org.testng.ITestResult)[pri:0, instance:tests.ElementsTests@4671115f]" started-at="2025-08-18T19:43:34 IST" name="TearDown" finished-at="2025-08-18T19:43:35 IST" duration-ms="489" status="PASS">
          <params>
            <param index="0">
              <value>
                <![CDATA[[TestResult name=SelectPrivate status=SUCCESS method=ElementsTests.SelectPrivate()[pri:15, instance:tests.ElementsTests@4671115f] output={null}]]]>
              </value>
            </param>
          </params>
          <reporter-output>
          </reporter-output>
        </test-method> <!-- TearDown -->
        <test-method is-config="true" signature="setUP()[pri:0, instance:tests.ElementsTests@4671115f]" started-at="2025-08-18T19:43:35 IST" name="setUP" finished-at="2025-08-18T19:43:41 IST" duration-ms="6732" status="PASS">
          <reporter-output>
          </reporter-output>
        </test-method> <!-- setUP -->
        <test-method signature="SelectClassified()[pri:16, instance:tests.ElementsTests@4671115f]" started-at="2025-08-18T19:43:41 IST" name="SelectClassified" finished-at="2025-08-18T19:43:44 IST" duration-ms="3105" status="PASS">
          <reporter-output>
          </reporter-output>
        </test-method> <!-- SelectClassified -->
        <test-method is-config="true" signature="TearDown(org.testng.ITestResult)[pri:0, instance:tests.ElementsTests@4671115f]" started-at="2025-08-18T19:43:44 IST" name="TearDown" finished-at="2025-08-18T19:43:45 IST" duration-ms="475" status="PASS">
          <params>
            <param index="0">
              <value>
                <![CDATA[[TestResult name=SelectClassified status=SUCCESS method=ElementsTests.SelectClassified()[pri:16, instance:tests.ElementsTests@4671115f] output={null}]]]>
              </value>
            </param>
          </params>
          <reporter-output>
          </reporter-output>
        </test-method> <!-- TearDown -->
        <test-method is-config="true" signature="setUP()[pri:0, instance:tests.ElementsTests@4671115f]" started-at="2025-08-18T19:43:45 IST" name="setUP" finished-at="2025-08-18T19:43:52 IST" duration-ms="7242" status="PASS">
          <reporter-output>
          </reporter-output>
        </test-method> <!-- setUP -->
        <test-method signature="SelectGeneral()[pri:17, instance:tests.ElementsTests@4671115f]" started-at="2025-08-18T19:43:52 IST" name="SelectGeneral" finished-at="2025-08-18T19:43:55 IST" duration-ms="2865" status="PASS">
          <reporter-output>
          </reporter-output>
        </test-method> <!-- SelectGeneral -->
        <test-method is-config="true" signature="TearDown(org.testng.ITestResult)[pri:0, instance:tests.ElementsTests@4671115f]" started-at="2025-08-18T19:43:55 IST" name="TearDown" finished-at="2025-08-18T19:43:56 IST" duration-ms="523" status="PASS">
          <params>
            <param index="0">
              <value>
                <![CDATA[[TestResult name=SelectGeneral status=SUCCESS method=ElementsTests.SelectGeneral()[pri:17, instance:tests.ElementsTests@4671115f] output={null}]]]>
              </value>
            </param>
          </params>
          <reporter-output>
          </reporter-output>
        </test-method> <!-- TearDown -->
        <test-method is-config="true" signature="setUP()[pri:0, instance:tests.ElementsTests@4671115f]" started-at="2025-08-18T19:43:56 IST" name="setUP" finished-at="2025-08-18T19:44:03 IST" duration-ms="7162" status="PASS">
          <reporter-output>
          </reporter-output>
        </test-method> <!-- setUP -->
        <test-method signature="SelectOfficeAll()[pri:18, instance:tests.ElementsTests@4671115f]" started-at="2025-08-18T19:44:03 IST" name="SelectOfficeAll" finished-at="2025-08-18T19:44:07 IST" duration-ms="3929" status="PASS">
          <reporter-output>
          </reporter-output>
        </test-method> <!-- SelectOfficeAll -->
        <test-method is-config="true" signature="TearDown(org.testng.ITestResult)[pri:0, instance:tests.ElementsTests@4671115f]" started-at="2025-08-18T19:44:07 IST" name="TearDown" finished-at="2025-08-18T19:44:07 IST" duration-ms="579" status="PASS">
          <params>
            <param index="0">
              <value>
                <![CDATA[[TestResult name=SelectOfficeAll status=SUCCESS method=ElementsTests.SelectOfficeAll()[pri:18, instance:tests.ElementsTests@4671115f] output={null}]]]>
              </value>
            </param>
          </params>
          <reporter-output>
          </reporter-output>
        </test-method> <!-- TearDown -->
        <test-method is-config="true" signature="setUP()[pri:0, instance:tests.ElementsTests@4671115f]" started-at="2025-08-18T19:44:07 IST" name="setUP" finished-at="2025-08-18T19:44:14 IST" duration-ms="6895" status="PASS">
          <reporter-output>
          </reporter-output>
        </test-method> <!-- setUP -->
        <test-method signature="SelectingDownloads()[pri:19, instance:tests.ElementsTests@4671115f]" started-at="2025-08-18T19:44:14 IST" name="SelectingDownloads" finished-at="2025-08-18T19:44:17 IST" duration-ms="3189" status="PASS">
          <reporter-output>
          </reporter-output>
        </test-method> <!-- SelectingDownloads -->
        <test-method is-config="true" signature="TearDown(org.testng.ITestResult)[pri:0, instance:tests.ElementsTests@4671115f]" started-at="2025-08-18T19:44:17 IST" name="TearDown" finished-at="2025-08-18T19:44:18 IST" duration-ms="516" status="PASS">
          <params>
            <param index="0">
              <value>
                <![CDATA[[TestResult name=SelectingDownloads status=SUCCESS method=ElementsTests.SelectingDownloads()[pri:19, instance:tests.ElementsTests@4671115f] output={null}]]]>
              </value>
            </param>
          </params>
          <reporter-output>
          </reporter-output>
        </test-method> <!-- TearDown -->
        <test-method is-config="true" signature="setUP()[pri:0, instance:tests.ElementsTests@4671115f]" started-at="2025-08-18T19:44:18 IST" name="setUP" finished-at="2025-08-18T19:44:28 IST" duration-ms="9671" status="PASS">
          <reporter-output>
          </reporter-output>
        </test-method> <!-- setUP -->
        <test-method signature="SelectingWordFile()[pri:20, instance:tests.ElementsTests@4671115f]" started-at="2025-08-18T19:44:28 IST" name="SelectingWordFile" finished-at="2025-08-18T19:44:31 IST" duration-ms="3562" status="PASS">
          <reporter-output>
          </reporter-output>
        </test-method> <!-- SelectingWordFile -->
        <test-method is-config="true" signature="TearDown(org.testng.ITestResult)[pri:0, instance:tests.ElementsTests@4671115f]" started-at="2025-08-18T19:44:31 IST" name="TearDown" finished-at="2025-08-18T19:44:32 IST" duration-ms="526" status="PASS">
          <params>
            <param index="0">
              <value>
                <![CDATA[[TestResult name=SelectingWordFile status=SUCCESS method=ElementsTests.SelectingWordFile()[pri:20, instance:tests.ElementsTests@4671115f] output={null}]]]>
              </value>
            </param>
          </params>
          <reporter-output>
          </reporter-output>
        </test-method> <!-- TearDown -->
        <test-method is-config="true" signature="setUP()[pri:0, instance:tests.ElementsTests@4671115f]" started-at="2025-08-18T19:44:32 IST" name="setUP" finished-at="2025-08-18T19:44:44 IST" duration-ms="12475" status="PASS">
          <reporter-output>
          </reporter-output>
        </test-method> <!-- setUP -->
        <test-method signature="SelectingExcelFile()[pri:21, instance:tests.ElementsTests@4671115f]" started-at="2025-08-18T19:44:44 IST" name="SelectingExcelFile" finished-at="2025-08-18T19:44:47 IST" duration-ms="3219" status="PASS">
          <reporter-output>
          </reporter-output>
        </test-method> <!-- SelectingExcelFile -->
        <test-method is-config="true" signature="TearDown(org.testng.ITestResult)[pri:0, instance:tests.ElementsTests@4671115f]" started-at="2025-08-18T19:44:47 IST" name="TearDown" finished-at="2025-08-18T19:44:48 IST" duration-ms="556" status="PASS">
          <params>
            <param index="0">
              <value>
                <![CDATA[[TestResult name=SelectingExcelFile status=SUCCESS method=ElementsTests.SelectingExcelFile()[pri:21, instance:tests.ElementsTests@4671115f] output={null}]]]>
              </value>
            </param>
          </params>
          <reporter-output>
          </reporter-output>
        </test-method> <!-- TearDown -->
        <test-method is-config="true" signature="setUP()[pri:0, instance:tests.ElementsTests@4671115f]" started-at="2025-08-18T19:44:48 IST" name="setUP" finished-at="2025-08-18T19:44:59 IST" duration-ms="10648" status="PASS">
          <reporter-output>
          </reporter-output>
        </test-method> <!-- setUP -->
        <test-method signature="SelectingAllFiles()[pri:22, instance:tests.ElementsTests@4671115f]" started-at="2025-08-18T19:44:59 IST" name="SelectingAllFiles" finished-at="2025-08-18T19:45:02 IST" duration-ms="3464" status="PASS">
          <reporter-output>
          </reporter-output>
        </test-method> <!-- SelectingAllFiles -->
        <test-method is-config="true" signature="TearDown(org.testng.ITestResult)[pri:0, instance:tests.ElementsTests@4671115f]" started-at="2025-08-18T19:45:02 IST" name="TearDown" finished-at="2025-08-18T19:45:03 IST" duration-ms="596" status="PASS">
          <params>
            <param index="0">
              <value>
                <![CDATA[[TestResult name=SelectingAllFiles status=SUCCESS method=ElementsTests.SelectingAllFiles()[pri:22, instance:tests.ElementsTests@4671115f] output={null}]]]>
              </value>
            </param>
          </params>
          <reporter-output>
          </reporter-output>
        </test-method> <!-- TearDown -->
        <test-method is-config="true" signature="setUP()[pri:0, instance:tests.ElementsTests@4671115f]" started-at="2025-08-18T19:45:03 IST" name="setUP" finished-at="2025-08-18T19:45:11 IST" duration-ms="8087" status="PASS">
          <reporter-output>
          </reporter-output>
        </test-method> <!-- setUP -->
        <test-method signature="clickRadioButton()[pri:23, instance:tests.ElementsTests@4671115f]" started-at="2025-08-18T19:45:11 IST" name="clickRadioButton" finished-at="2025-08-18T19:45:13 IST" duration-ms="2487" status="PASS">
          <reporter-output>
          </reporter-output>
        </test-method> <!-- clickRadioButton -->
        <test-method is-config="true" signature="TearDown(org.testng.ITestResult)[pri:0, instance:tests.ElementsTests@4671115f]" started-at="2025-08-18T19:45:13 IST" name="TearDown" finished-at="2025-08-18T19:45:14 IST" duration-ms="548" status="PASS">
          <params>
            <param index="0">
              <value>
                <![CDATA[[TestResult name=clickRadioButton status=SUCCESS method=ElementsTests.clickRadioButton()[pri:23, instance:tests.ElementsTests@4671115f] output={null}]]]>
              </value>
            </param>
          </params>
          <reporter-output>
          </reporter-output>
        </test-method> <!-- TearDown -->
        <test-method is-config="true" signature="setUP()[pri:0, instance:tests.ElementsTests@4671115f]" started-at="2025-08-18T19:45:14 IST" name="setUP" finished-at="2025-08-18T19:45:21 IST" duration-ms="7745" status="PASS">
          <reporter-output>
          </reporter-output>
        </test-method> <!-- setUP -->
        <test-method signature="SelectYesRadioButton()[pri:24, instance:tests.ElementsTests@4671115f]" started-at="2025-08-18T19:45:21 IST" name="SelectYesRadioButton" finished-at="2025-08-18T19:45:25 IST" duration-ms="3060" status="PASS">
          <reporter-output>
          </reporter-output>
        </test-method> <!-- SelectYesRadioButton -->
        <test-method is-config="true" signature="TearDown(org.testng.ITestResult)[pri:0, instance:tests.ElementsTests@4671115f]" started-at="2025-08-18T19:45:25 IST" name="TearDown" finished-at="2025-08-18T19:45:25 IST" duration-ms="507" status="PASS">
          <params>
            <param index="0">
              <value>
                <![CDATA[[TestResult name=SelectYesRadioButton status=SUCCESS method=ElementsTests.SelectYesRadioButton()[pri:24, instance:tests.ElementsTests@4671115f] output={null}]]]>
              </value>
            </param>
          </params>
          <reporter-output>
          </reporter-output>
        </test-method> <!-- TearDown -->
        <test-method is-config="true" signature="setUP()[pri:0, instance:tests.ElementsTests@4671115f]" started-at="2025-08-18T19:45:25 IST" name="setUP" finished-at="2025-08-18T19:45:33 IST" duration-ms="7971" status="PASS">
          <reporter-output>
          </reporter-output>
        </test-method> <!-- setUP -->
        <test-method signature="SelectImpressiveRadioButton()[pri:25, instance:tests.ElementsTests@4671115f]" started-at="2025-08-18T19:45:33 IST" name="SelectImpressiveRadioButton" finished-at="2025-08-18T19:45:36 IST" depends-on-methods="tests.ElementsTests.clickRadioButton" duration-ms="2550" status="PASS">
          <reporter-output>
          </reporter-output>
        </test-method> <!-- SelectImpressiveRadioButton -->
        <test-method is-config="true" signature="TearDown(org.testng.ITestResult)[pri:0, instance:tests.ElementsTests@4671115f]" started-at="2025-08-18T19:45:36 IST" name="TearDown" finished-at="2025-08-18T19:45:36 IST" duration-ms="518" status="PASS">
          <params>
            <param index="0">
              <value>
                <![CDATA[[TestResult name=SelectImpressiveRadioButton status=SUCCESS method=ElementsTests.SelectImpressiveRadioButton()[pri:25, instance:tests.ElementsTests@4671115f] output={null}]]]>
              </value>
            </param>
          </params>
          <reporter-output>
          </reporter-output>
        </test-method> <!-- TearDown -->
        <test-method is-config="true" signature="setUP()[pri:0, instance:tests.ElementsTests@4671115f]" started-at="2025-08-18T19:45:36 IST" name="setUP" finished-at="2025-08-18T19:45:46 IST" duration-ms="10245" status="PASS">
          <reporter-output>
          </reporter-output>
        </test-method> <!-- setUP -->
        <test-method signature="WebTablesClick()[pri:26, instance:tests.ElementsTests@4671115f]" started-at="2025-08-18T19:45:46 IST" name="WebTablesClick" finished-at="2025-08-18T19:45:49 IST" duration-ms="2212" status="PASS">
          <reporter-output>
          </reporter-output>
        </test-method> <!-- WebTablesClick -->
        <test-method is-config="true" signature="TearDown(org.testng.ITestResult)[pri:0, instance:tests.ElementsTests@4671115f]" started-at="2025-08-18T19:45:49 IST" name="TearDown" finished-at="2025-08-18T19:45:49 IST" duration-ms="750" status="PASS">
          <params>
            <param index="0">
              <value>
                <![CDATA[[TestResult name=WebTablesClick status=SUCCESS method=ElementsTests.WebTablesClick()[pri:26, instance:tests.ElementsTests@4671115f] output={null}]]]>
              </value>
            </param>
          </params>
          <reporter-output>
          </reporter-output>
        </test-method> <!-- TearDown -->
        <test-method is-config="true" signature="setUP()[pri:0, instance:tests.ElementsTests@4671115f]" started-at="2025-08-18T19:45:51 IST" name="setUP" finished-at="2025-08-18T19:46:01 IST" duration-ms="9966" status="PASS">
          <reporter-output>
          </reporter-output>
        </test-method> <!-- setUP -->
        <test-method signature="webTableNewRegistration(models.WebTableUser)[pri:27, instance:tests.ElementsTests@4671115f]" started-at="2025-08-18T19:46:01 IST" name="webTableNewRegistration" data-provider="WebTableUserData" finished-at="2025-08-18T19:46:07 IST" depends-on-methods="tests.ElementsTests.WebTablesClick" duration-ms="5873" status="PASS">
          <params>
            <param index="0">
              <value>
                <![CDATA[WebTableUser{firstName='Johny', lastName='Bravo', email='Jbravo@demoqa.com', salary=280000, age=340, department='Information Technology'}]]>
              </value>
            </param>
          </params>
          <reporter-output>
          </reporter-output>
        </test-method> <!-- webTableNewRegistration -->
        <test-method is-config="true" signature="TearDown(org.testng.ITestResult)[pri:0, instance:tests.ElementsTests@4671115f]" started-at="2025-08-18T19:46:07 IST" name="TearDown" finished-at="2025-08-18T19:46:07 IST" duration-ms="538" status="PASS">
          <params>
            <param index="0">
              <value>
                <![CDATA[[TestResult name=webTableNewRegistration status=SUCCESS method=ElementsTests.webTableNewRegistration(models.WebTableUser)[pri:27, instance:tests.ElementsTests@4671115f] output={null}]]]>
              </value>
            </param>
          </params>
          <reporter-output>
          </reporter-output>
        </test-method> <!-- TearDown -->
        <test-method is-config="true" signature="setUP()[pri:0, instance:tests.ElementsTests@4671115f]" started-at="2025-08-18T19:46:07 IST" name="setUP" finished-at="2025-08-18T19:46:14 IST" duration-ms="7054" status="PASS">
          <reporter-output>
          </reporter-output>
        </test-method> <!-- setUP -->
        <test-method signature="webTableNewRegistration(models.WebTableUser)[pri:27, instance:tests.ElementsTests@4671115f]" started-at="2025-08-18T19:46:14 IST" name="webTableNewRegistration" data-provider="WebTableUserData" finished-at="2025-08-18T19:46:20 IST" depends-on-methods="tests.ElementsTests.WebTablesClick" duration-ms="5769" status="PASS">
          <params>
            <param index="0">
              <value>
                <![CDATA[WebTableUser{firstName='Gene', lastName='Femina', email='GFemina@demoqa.com', salary=180000, age=300, department='Finance'}]]>
              </value>
            </param>
          </params>
          <reporter-output>
          </reporter-output>
        </test-method> <!-- webTableNewRegistration -->
        <test-method is-config="true" signature="TearDown(org.testng.ITestResult)[pri:0, instance:tests.ElementsTests@4671115f]" started-at="2025-08-18T19:46:20 IST" name="TearDown" finished-at="2025-08-18T19:46:21 IST" duration-ms="641" status="PASS">
          <params>
            <param index="0">
              <value>
                <![CDATA[[TestResult name=webTableNewRegistration status=SUCCESS method=ElementsTests.webTableNewRegistration(models.WebTableUser)[pri:27, instance:tests.ElementsTests@4671115f] output={null}]]]>
              </value>
            </param>
          </params>
          <reporter-output>
          </reporter-output>
        </test-method> <!-- TearDown -->
        <test-method is-config="true" signature="setUP()[pri:0, instance:tests.ElementsTests@4671115f]" started-at="2025-08-18T19:46:21 IST" name="setUP" finished-at="2025-08-18T19:46:28 IST" duration-ms="6987" status="PASS">
          <reporter-output>
          </reporter-output>
        </test-method> <!-- setUP -->
        <test-method signature="webTableNewRegistration(models.WebTableUser)[pri:27, instance:tests.ElementsTests@4671115f]" started-at="2025-08-18T19:46:28 IST" name="webTableNewRegistration" data-provider="WebTableUserData" finished-at="2025-08-18T19:46:33 IST" depends-on-methods="tests.ElementsTests.WebTablesClick" duration-ms="5600" status="PASS">
          <params>
            <param index="0">
              <value>
                <![CDATA[WebTableUser{firstName='Bud', lastName='Wisem', email='BWisem@demoqa.com', salary=150000, age=400, department='Medicine'}]]>
              </value>
            </param>
          </params>
          <reporter-output>
          </reporter-output>
        </test-method> <!-- webTableNewRegistration -->
        <test-method is-config="true" signature="TearDown(org.testng.ITestResult)[pri:0, instance:tests.ElementsTests@4671115f]" started-at="2025-08-18T19:46:33 IST" name="TearDown" finished-at="2025-08-18T19:46:34 IST" duration-ms="690" status="PASS">
          <params>
            <param index="0">
              <value>
                <![CDATA[[TestResult name=webTableNewRegistration status=SUCCESS method=ElementsTests.webTableNewRegistration(models.WebTableUser)[pri:27, instance:tests.ElementsTests@4671115f] output={null}]]]>
              </value>
            </param>
          </params>
          <reporter-output>
          </reporter-output>
        </test-method> <!-- TearDown -->
        <test-method is-config="true" signature="setUP()[pri:0, instance:tests.ElementsTests@4671115f]" started-at="2025-08-18T19:46:34 IST" name="setUP" finished-at="2025-08-18T19:46:43 IST" duration-ms="9347" status="PASS">
          <reporter-output>
          </reporter-output>
        </test-method> <!-- setUP -->
        <test-method signature="webTableNewRegistration(models.WebTableUser)[pri:27, instance:tests.ElementsTests@4671115f]" started-at="2025-08-18T19:46:43 IST" name="webTableNewRegistration" data-provider="WebTableUserData" finished-at="2025-08-18T19:46:49 IST" depends-on-methods="tests.ElementsTests.WebTablesClick" duration-ms="5618" status="PASS">
          <params>
            <param index="0">
              <value>
                <![CDATA[WebTableUser{firstName='Tom', lastName='Boss', email='TBoss@demoqa.com', salary=190000, age=420, department='Recreation'}]]>
              </value>
            </param>
          </params>
          <reporter-output>
          </reporter-output>
        </test-method> <!-- webTableNewRegistration -->
        <test-method is-config="true" signature="TearDown(org.testng.ITestResult)[pri:0, instance:tests.ElementsTests@4671115f]" started-at="2025-08-18T19:46:49 IST" name="TearDown" finished-at="2025-08-18T19:46:50 IST" duration-ms="681" status="PASS">
          <params>
            <param index="0">
              <value>
                <![CDATA[[TestResult name=webTableNewRegistration status=SUCCESS method=ElementsTests.webTableNewRegistration(models.WebTableUser)[pri:27, instance:tests.ElementsTests@4671115f] output={null}]]]>
              </value>
            </param>
          </params>
          <reporter-output>
          </reporter-output>
        </test-method> <!-- TearDown -->
        <test-method is-config="true" signature="setUP()[pri:0, instance:tests.ElementsTests@4671115f]" started-at="2025-08-18T19:46:50 IST" name="setUP" finished-at="2025-08-18T19:46:57 IST" duration-ms="6993" status="PASS">
          <reporter-output>
          </reporter-output>
        </test-method> <!-- setUP -->
        <test-method signature="webTableAddSearch(models.WebTableUser)[pri:28, instance:tests.ElementsTests@4671115f]" started-at="2025-08-18T19:46:57 IST" name="webTableAddSearch" data-provider="WTFormDataEdit" finished-at="2025-08-18T19:47:03 IST" depends-on-methods="tests.ElementsTests.WebTablesClick" duration-ms="6558" status="PASS">
          <params>
            <param index="0">
              <value>
                <![CDATA[WebTableUser{firstName='Johny', lastName='Bravo', email='Jbravo@demoqa.com', salary=280000, age=340, department='Information Technology'}]]>
              </value>
            </param>
          </params>
          <reporter-output>
          </reporter-output>
        </test-method> <!-- webTableAddSearch -->
        <test-method is-config="true" signature="TearDown(org.testng.ITestResult)[pri:0, instance:tests.ElementsTests@4671115f]" started-at="2025-08-18T19:47:03 IST" name="TearDown" finished-at="2025-08-18T19:47:04 IST" duration-ms="934" status="PASS">
          <params>
            <param index="0">
              <value>
                <![CDATA[[TestResult name=webTableAddSearch status=SUCCESS method=ElementsTests.webTableAddSearch(models.WebTableUser)[pri:28, instance:tests.ElementsTests@4671115f] output={null}]]]>
              </value>
            </param>
          </params>
          <reporter-output>
          </reporter-output>
        </test-method> <!-- TearDown -->
        <test-method is-config="true" signature="setUP()[pri:0, instance:tests.ElementsTests@4671115f]" started-at="2025-08-18T19:47:04 IST" name="setUP" finished-at="2025-08-18T19:47:16 IST" duration-ms="11377" status="PASS">
          <reporter-output>
          </reporter-output>
        </test-method> <!-- setUP -->
        <test-method signature="webTableAddEditFirstName(models.WebTableUser)[pri:29, instance:tests.ElementsTests@4671115f]" started-at="2025-08-18T19:47:16 IST" name="webTableAddEditFirstName" data-provider="WTFormDataEdit" finished-at="2025-08-18T19:47:24 IST" depends-on-methods="tests.ElementsTests.WebTablesClick" duration-ms="8271" status="PASS">
          <params>
            <param index="0">
              <value>
                <![CDATA[WebTableUser{firstName='Tonny', lastName='Bravo', email='Jbravo@demoqa.com', salary=280000, age=340, department='Information Technology'}]]>
              </value>
            </param>
          </params>
          <reporter-output>
          </reporter-output>
        </test-method> <!-- webTableAddEditFirstName -->
        <test-method is-config="true" signature="TearDown(org.testng.ITestResult)[pri:0, instance:tests.ElementsTests@4671115f]" started-at="2025-08-18T19:47:24 IST" name="TearDown" finished-at="2025-08-18T19:47:25 IST" duration-ms="905" status="PASS">
          <params>
            <param index="0">
              <value>
                <![CDATA[[TestResult name=webTableAddEditFirstName status=SUCCESS method=ElementsTests.webTableAddEditFirstName(models.WebTableUser)[pri:29, instance:tests.ElementsTests@4671115f] output={null}]]]>
              </value>
            </param>
          </params>
          <reporter-output>
          </reporter-output>
        </test-method> <!-- TearDown -->
        <test-method is-config="true" signature="setUP()[pri:0, instance:tests.ElementsTests@4671115f]" started-at="2025-08-18T19:47:25 IST" name="setUP" finished-at="2025-08-18T19:47:32 IST" duration-ms="7462" status="PASS">
          <reporter-output>
          </reporter-output>
        </test-method> <!-- setUP -->
        <test-method signature="webTableAddSearchEdit(models.WebTableUser)[pri:30, instance:tests.ElementsTests@4671115f]" started-at="2025-08-18T19:47:32 IST" name="webTableAddSearchEdit" data-provider="WTFormDataEdit" finished-at="2025-08-18T19:47:41 IST" depends-on-methods="tests.ElementsTests.WebTablesClick" duration-ms="8524" status="PASS">
          <params>
            <param index="0">
              <value>
                <![CDATA[WebTableUser{firstName='Tonny', lastName='Bravo', email='Jbravo@demoqa.com', salary=280000, age=340, department='Information Technology'}]]>
              </value>
            </param>
          </params>
          <reporter-output>
          </reporter-output>
        </test-method> <!-- webTableAddSearchEdit -->
        <test-method is-config="true" signature="TearDown(org.testng.ITestResult)[pri:0, instance:tests.ElementsTests@4671115f]" started-at="2025-08-18T19:47:41 IST" name="TearDown" finished-at="2025-08-18T19:47:41 IST" duration-ms="467" status="PASS">
          <params>
            <param index="0">
              <value>
                <![CDATA[[TestResult name=webTableAddSearchEdit status=SUCCESS method=ElementsTests.webTableAddSearchEdit(models.WebTableUser)[pri:30, instance:tests.ElementsTests@4671115f] output={null}]]]>
              </value>
            </param>
          </params>
          <reporter-output>
          </reporter-output>
        </test-method> <!-- TearDown -->
        <test-method is-config="true" signature="setUP()[pri:0, instance:tests.ElementsTests@4671115f]" started-at="2025-08-18T19:47:41 IST" name="setUP" finished-at="2025-08-18T19:47:47 IST" duration-ms="5558" status="PASS">
          <reporter-output>
          </reporter-output>
        </test-method> <!-- setUP -->
        <test-method signature="webTableDeleteUser(models.WebTableUser)[pri:31, instance:tests.ElementsTests@4671115f]" started-at="2025-08-18T19:47:47 IST" name="webTableDeleteUser" data-provider="WTFormDataEdit" finished-at="2025-08-18T19:47:50 IST" depends-on-methods="tests.ElementsTests.WebTablesClick" duration-ms="2989" status="PASS">
          <params>
            <param index="0">
              <value>
                <![CDATA[WebTableUser{firstName='Johny', lastName='Bravo', email='Jbravo@demoqa.com', salary=280000, age=340, department='Information Technology'}]]>
              </value>
            </param>
          </params>
          <reporter-output>
          </reporter-output>
        </test-method> <!-- webTableDeleteUser -->
        <test-method is-config="true" signature="TearDown(org.testng.ITestResult)[pri:0, instance:tests.ElementsTests@4671115f]" started-at="2025-08-18T19:47:50 IST" name="TearDown" finished-at="2025-08-18T19:47:50 IST" duration-ms="302" status="PASS">
          <params>
            <param index="0">
              <value>
                <![CDATA[[TestResult name=webTableDeleteUser status=SUCCESS method=ElementsTests.webTableDeleteUser(models.WebTableUser)[pri:31, instance:tests.ElementsTests@4671115f] output={null}]]]>
              </value>
            </param>
          </params>
          <reporter-output>
          </reporter-output>
        </test-method> <!-- TearDown -->
        <test-method is-config="true" signature="setUP()[pri:0, instance:tests.ElementsTests@4671115f]" started-at="2025-08-18T19:47:50 IST" name="setUP" finished-at="2025-08-18T19:47:58 IST" duration-ms="7460" status="PASS">
          <reporter-output>
          </reporter-output>
        </test-method> <!-- setUP -->
        <test-method signature="testAddAllUsersFromExcel()[pri:32, instance:tests.ElementsTests@4671115f]" started-at="2025-08-18T19:47:58 IST" name="testAddAllUsersFromExcel" finished-at="2025-08-18T19:48:05 IST" depends-on-methods="tests.ElementsTests.WebTablesClick" duration-ms="6877" status="PASS">
          <reporter-output>
          </reporter-output>
        </test-method> <!-- testAddAllUsersFromExcel -->
        <test-method is-config="true" signature="TearDown(org.testng.ITestResult)[pri:0, instance:tests.ElementsTests@4671115f]" started-at="2025-08-18T19:48:05 IST" name="TearDown" finished-at="2025-08-18T19:48:05 IST" duration-ms="600" status="PASS">
          <params>
            <param index="0">
              <value>
                <![CDATA[[TestResult name=testAddAllUsersFromExcel status=SUCCESS method=ElementsTests.testAddAllUsersFromExcel()[pri:32, instance:tests.ElementsTests@4671115f] output={null}]]]>
              </value>
            </param>
          </params>
          <reporter-output>
          </reporter-output>
        </test-method> <!-- TearDown -->
        <test-method is-config="true" signature="setUP()[pri:0, instance:tests.ElementsTests@4671115f]" started-at="2025-08-18T19:48:05 IST" name="setUP" finished-at="2025-08-18T19:48:11 IST" duration-ms="6134" status="PASS">
          <reporter-output>
          </reporter-output>
        </test-method> <!-- setUP -->
        <test-method signature="testAddAllUsersSearchEdit()[pri:33, instance:tests.ElementsTests@4671115f]" started-at="2025-08-18T19:48:11 IST" name="testAddAllUsersSearchEdit" finished-at="2025-08-18T19:48:20 IST" depends-on-methods="tests.ElementsTests.WebTablesClick" duration-ms="8730" status="PASS">
          <reporter-output>
          </reporter-output>
        </test-method> <!-- testAddAllUsersSearchEdit -->
        <test-method is-config="true" signature="TearDown(org.testng.ITestResult)[pri:0, instance:tests.ElementsTests@4671115f]" started-at="2025-08-18T19:48:20 IST" name="TearDown" finished-at="2025-08-18T19:48:20 IST" duration-ms="373" status="PASS">
          <params>
            <param index="0">
              <value>
                <![CDATA[[TestResult name=testAddAllUsersSearchEdit status=SUCCESS method=ElementsTests.testAddAllUsersSearchEdit()[pri:33, instance:tests.ElementsTests@4671115f] output={null}]]]>
              </value>
            </param>
          </params>
          <reporter-output>
          </reporter-output>
        </test-method> <!-- TearDown -->
        <test-method is-config="true" signature="setUP()[pri:0, instance:tests.ElementsTests@4671115f]" started-at="2025-08-18T19:48:20 IST" name="setUP" finished-at="2025-08-18T19:48:26 IST" duration-ms="5645" status="PASS">
          <reporter-output>
          </reporter-output>
        </test-method> <!-- setUP -->
        <test-method signature="EditSalaryDepartment()[pri:34, instance:tests.ElementsTests@4671115f]" started-at="2025-08-18T19:48:26 IST" name="EditSalaryDepartment" finished-at="2025-08-18T19:48:40 IST" depends-on-methods="tests.ElementsTests.WebTablesClick" duration-ms="13935" status="PASS">
          <reporter-output>
          </reporter-output>
        </test-method> <!-- EditSalaryDepartment -->
        <test-method is-config="true" signature="TearDown(org.testng.ITestResult)[pri:0, instance:tests.ElementsTests@4671115f]" started-at="2025-08-18T19:48:40 IST" name="TearDown" finished-at="2025-08-18T19:48:41 IST" duration-ms="759" status="PASS">
          <params>
            <param index="0">
              <value>
                <![CDATA[[TestResult name=EditSalaryDepartment status=SUCCESS method=ElementsTests.EditSalaryDepartment()[pri:34, instance:tests.ElementsTests@4671115f] output={null}]]]>
              </value>
            </param>
          </params>
          <reporter-output>
          </reporter-output>
        </test-method> <!-- TearDown -->
        <test-method is-config="true" signature="setUP()[pri:0, instance:tests.ElementsTests@4671115f]" started-at="2025-08-18T19:48:41 IST" name="setUP" finished-at="2025-08-18T19:48:48 IST" duration-ms="6995" status="PASS">
          <reporter-output>
          </reporter-output>
        </test-method> <!-- setUP -->
        <test-method signature="Buttons()[pri:35, instance:tests.ElementsTests@4671115f]" started-at="2025-08-18T19:48:48 IST" name="Buttons" finished-at="2025-08-18T19:48:49 IST" duration-ms="965" status="PASS">
          <reporter-output>
          </reporter-output>
        </test-method> <!-- Buttons -->
        <test-method is-config="true" signature="TearDown(org.testng.ITestResult)[pri:0, instance:tests.ElementsTests@4671115f]" started-at="2025-08-18T19:48:49 IST" name="TearDown" finished-at="2025-08-18T19:48:49 IST" duration-ms="322" status="PASS">
          <params>
            <param index="0">
              <value>
                <![CDATA[[TestResult name=Buttons status=SUCCESS method=ElementsTests.Buttons()[pri:35, instance:tests.ElementsTests@4671115f] output={null}]]]>
              </value>
            </param>
          </params>
          <reporter-output>
          </reporter-output>
        </test-method> <!-- TearDown -->
        <test-method is-config="true" signature="setUP()[pri:0, instance:tests.ElementsTests@4671115f]" started-at="2025-08-18T19:48:49 IST" name="setUP" finished-at="2025-08-18T19:48:54 IST" duration-ms="5110" status="PASS">
          <reporter-output>
          </reporter-output>
        </test-method> <!-- setUP -->
        <test-method signature="DoubleClickButtons()[pri:36, instance:tests.ElementsTests@4671115f]" started-at="2025-08-18T19:48:54 IST" name="DoubleClickButtons" finished-at="2025-08-18T19:48:56 IST" duration-ms="1578" status="PASS">
          <reporter-output>
          </reporter-output>
        </test-method> <!-- DoubleClickButtons -->
        <test-method is-config="true" signature="TearDown(org.testng.ITestResult)[pri:0, instance:tests.ElementsTests@4671115f]" started-at="2025-08-18T19:48:56 IST" name="TearDown" finished-at="2025-08-18T19:48:56 IST" duration-ms="310" status="PASS">
          <params>
            <param index="0">
              <value>
                <![CDATA[[TestResult name=DoubleClickButtons status=SUCCESS method=ElementsTests.DoubleClickButtons()[pri:36, instance:tests.ElementsTests@4671115f] output={null}]]]>
              </value>
            </param>
          </params>
          <reporter-output>
          </reporter-output>
        </test-method> <!-- TearDown -->
        <test-method is-config="true" signature="setUP()[pri:0, instance:tests.ElementsTests@4671115f]" started-at="2025-08-18T19:48:56 IST" name="setUP" finished-at="2025-08-18T19:49:02 IST" duration-ms="5419" status="PASS">
          <reporter-output>
          </reporter-output>
        </test-method> <!-- setUP -->
        <test-method signature="RightClickButton()[pri:37, instance:tests.ElementsTests@4671115f]" started-at="2025-08-18T19:49:02 IST" name="RightClickButton" finished-at="2025-08-18T19:49:03 IST" duration-ms="1225" status="PASS">
          <reporter-output>
          </reporter-output>
        </test-method> <!-- RightClickButton -->
        <test-method is-config="true" signature="TearDown(org.testng.ITestResult)[pri:0, instance:tests.ElementsTests@4671115f]" started-at="2025-08-18T19:49:03 IST" name="TearDown" finished-at="2025-08-18T19:49:03 IST" duration-ms="331" status="PASS">
          <params>
            <param index="0">
              <value>
                <![CDATA[[TestResult name=RightClickButton status=SUCCESS method=ElementsTests.RightClickButton()[pri:37, instance:tests.ElementsTests@4671115f] output={null}]]]>
              </value>
            </param>
          </params>
          <reporter-output>
          </reporter-output>
        </test-method> <!-- TearDown -->
        <test-method is-config="true" signature="setUP()[pri:0, instance:tests.ElementsTests@4671115f]" started-at="2025-08-18T19:49:03 IST" name="setUP" finished-at="2025-08-18T19:49:10 IST" duration-ms="7306" status="PASS">
          <reporter-output>
          </reporter-output>
        </test-method> <!-- setUP -->
        <test-method signature="ClickMeButton()[pri:38, instance:tests.ElementsTests@4671115f]" started-at="2025-08-18T19:49:10 IST" name="ClickMeButton" finished-at="2025-08-18T19:49:11 IST" duration-ms="909" status="PASS">
          <reporter-output>
          </reporter-output>
        </test-method> <!-- ClickMeButton -->
        <test-method is-config="true" signature="TearDown(org.testng.ITestResult)[pri:0, instance:tests.ElementsTests@4671115f]" started-at="2025-08-18T19:49:11 IST" name="TearDown" finished-at="2025-08-18T19:49:12 IST" duration-ms="249" status="PASS">
          <params>
            <param index="0">
              <value>
                <![CDATA[[TestResult name=ClickMeButton status=SUCCESS method=ElementsTests.ClickMeButton()[pri:38, instance:tests.ElementsTests@4671115f] output={null}]]]>
              </value>
            </param>
          </params>
          <reporter-output>
          </reporter-output>
        </test-method> <!-- TearDown -->
        <test-method is-config="true" signature="setUP()[pri:0, instance:tests.ElementsTests@4671115f]" started-at="2025-08-18T19:49:12 IST" name="setUP" finished-at="2025-08-18T19:49:18 IST" duration-ms="6583" status="PASS">
          <reporter-output>
          </reporter-output>
        </test-method> <!-- setUP -->
        <test-method signature="ClickAllButtons()[pri:39, instance:tests.ElementsTests@4671115f]" started-at="2025-08-18T19:49:18 IST" name="ClickAllButtons" finished-at="2025-08-18T19:49:29 IST" duration-ms="10537" status="PASS">
          <reporter-output>
          </reporter-output>
        </test-method> <!-- ClickAllButtons -->
        <test-method is-config="true" signature="TearDown(org.testng.ITestResult)[pri:0, instance:tests.ElementsTests@4671115f]" started-at="2025-08-18T19:49:29 IST" name="TearDown" finished-at="2025-08-18T19:49:29 IST" duration-ms="693" status="PASS">
          <params>
            <param index="0">
              <value>
                <![CDATA[[TestResult name=ClickAllButtons status=SUCCESS method=ElementsTests.ClickAllButtons()[pri:39, instance:tests.ElementsTests@4671115f] output={null}]]]>
              </value>
            </param>
          </params>
          <reporter-output>
          </reporter-output>
        </test-method> <!-- TearDown -->
        <test-method is-config="true" signature="setUP()[pri:0, instance:tests.ElementsTests@4671115f]" started-at="2025-08-18T19:49:29 IST" name="setUP" finished-at="2025-08-18T19:49:36 IST" duration-ms="6988" status="PASS">
          <reporter-output>
          </reporter-output>
        </test-method> <!-- setUP -->
        <test-method signature="ClickLinks()[pri:40, instance:tests.ElementsTests@4671115f]" started-at="2025-08-18T19:49:36 IST" name="ClickLinks" finished-at="2025-08-18T19:49:37 IST" duration-ms="831" status="PASS">
          <reporter-output>
          </reporter-output>
        </test-method> <!-- ClickLinks -->
        <test-method is-config="true" signature="TearDown(org.testng.ITestResult)[pri:0, instance:tests.ElementsTests@4671115f]" started-at="2025-08-18T19:49:37 IST" name="TearDown" finished-at="2025-08-18T19:49:37 IST" duration-ms="258" status="PASS">
          <params>
            <param index="0">
              <value>
                <![CDATA[[TestResult name=ClickLinks status=SUCCESS method=ElementsTests.ClickLinks()[pri:40, instance:tests.ElementsTests@4671115f] output={null}]]]>
              </value>
            </param>
          </params>
          <reporter-output>
          </reporter-output>
        </test-method> <!-- TearDown -->
        <test-method is-config="true" signature="setUP()[pri:0, instance:tests.ElementsTests@4671115f]" started-at="2025-08-18T19:49:37 IST" name="setUP" finished-at="2025-08-18T19:49:47 IST" duration-ms="9878" status="PASS">
          <reporter-output>
          </reporter-output>
        </test-method> <!-- setUP -->
        <test-method signature="ClickHomeLink()[pri:41, instance:tests.ElementsTests@4671115f]" started-at="2025-08-18T19:49:47 IST" name="ClickHomeLink" finished-at="2025-08-18T19:49:49 IST" duration-ms="1192" status="PASS">
          <reporter-output>
          </reporter-output>
        </test-method> <!-- ClickHomeLink -->
        <test-method is-config="true" signature="TearDown(org.testng.ITestResult)[pri:0, instance:tests.ElementsTests@4671115f]" started-at="2025-08-18T19:49:49 IST" name="TearDown" finished-at="2025-08-18T19:49:49 IST" duration-ms="341" status="PASS">
          <params>
            <param index="0">
              <value>
                <![CDATA[[TestResult name=ClickHomeLink status=SUCCESS method=ElementsTests.ClickHomeLink()[pri:41, instance:tests.ElementsTests@4671115f] output={null}]]]>
              </value>
            </param>
          </params>
          <reporter-output>
          </reporter-output>
        </test-method> <!-- TearDown -->
        <test-method is-config="true" signature="setUP()[pri:0, instance:tests.ElementsTests@4671115f]" started-at="2025-08-18T19:49:49 IST" name="setUP" finished-at="2025-08-18T19:50:01 IST" duration-ms="11714" status="PASS">
          <reporter-output>
          </reporter-output>
        </test-method> <!-- setUP -->
        <test-method signature="ClickDynamicHomeLink()[pri:42, instance:tests.ElementsTests@4671115f]" started-at="2025-08-18T19:50:01 IST" name="ClickDynamicHomeLink" finished-at="2025-08-18T19:50:02 IST" duration-ms="987" status="PASS">
          <reporter-output>
          </reporter-output>
        </test-method> <!-- ClickDynamicHomeLink -->
        <test-method is-config="true" signature="TearDown(org.testng.ITestResult)[pri:0, instance:tests.ElementsTests@4671115f]" started-at="2025-08-18T19:50:02 IST" name="TearDown" finished-at="2025-08-18T19:50:02 IST" duration-ms="281" status="PASS">
          <params>
            <param index="0">
              <value>
                <![CDATA[[TestResult name=ClickDynamicHomeLink status=SUCCESS method=ElementsTests.ClickDynamicHomeLink()[pri:42, instance:tests.ElementsTests@4671115f] output={null}]]]>
              </value>
            </param>
          </params>
          <reporter-output>
          </reporter-output>
        </test-method> <!-- TearDown -->
        <test-method is-config="true" signature="setUP()[pri:0, instance:tests.ElementsTests@4671115f]" started-at="2025-08-18T19:50:02 IST" name="setUP" finished-at="2025-08-18T19:50:08 IST" duration-ms="6005" status="PASS">
          <reporter-output>
          </reporter-output>
        </test-method> <!-- setUP -->
        <test-method signature="ClickCreatedAPILink()[pri:43, instance:tests.ElementsTests@4671115f]" started-at="2025-08-18T19:50:08 IST" name="ClickCreatedAPILink" finished-at="2025-08-18T19:50:09 IST" duration-ms="1080" status="PASS">
          <reporter-output>
          </reporter-output>
        </test-method> <!-- ClickCreatedAPILink -->
        <test-method is-config="true" signature="TearDown(org.testng.ITestResult)[pri:0, instance:tests.ElementsTests@4671115f]" started-at="2025-08-18T19:50:09 IST" name="TearDown" finished-at="2025-08-18T19:50:09 IST" duration-ms="291" status="PASS">
          <params>
            <param index="0">
              <value>
                <![CDATA[[TestResult name=ClickCreatedAPILink status=SUCCESS method=ElementsTests.ClickCreatedAPILink()[pri:43, instance:tests.ElementsTests@4671115f] output={null}]]]>
              </value>
            </param>
          </params>
          <reporter-output>
          </reporter-output>
        </test-method> <!-- TearDown -->
        <test-method is-config="true" signature="setUP()[pri:0, instance:tests.ElementsTests@4671115f]" started-at="2025-08-18T19:50:09 IST" name="setUP" finished-at="2025-08-18T19:50:17 IST" duration-ms="7778" status="PASS">
          <reporter-output>
          </reporter-output>
        </test-method> <!-- setUP -->
        <test-method signature="ClickNoContentLink()[pri:44, instance:tests.ElementsTests@4671115f]" started-at="2025-08-18T19:50:17 IST" name="ClickNoContentLink" finished-at="2025-08-18T19:50:18 IST" duration-ms="1312" status="PASS">
          <reporter-output>
          </reporter-output>
        </test-method> <!-- ClickNoContentLink -->
        <test-method is-config="true" signature="TearDown(org.testng.ITestResult)[pri:0, instance:tests.ElementsTests@4671115f]" started-at="2025-08-18T19:50:18 IST" name="TearDown" finished-at="2025-08-18T19:50:19 IST" duration-ms="320" status="PASS">
          <params>
            <param index="0">
              <value>
                <![CDATA[[TestResult name=ClickNoContentLink status=SUCCESS method=ElementsTests.ClickNoContentLink()[pri:44, instance:tests.ElementsTests@4671115f] output={null}]]]>
              </value>
            </param>
          </params>
          <reporter-output>
          </reporter-output>
        </test-method> <!-- TearDown -->
        <test-method is-config="true" signature="setUP()[pri:0, instance:tests.ElementsTests@4671115f]" started-at="2025-08-18T19:50:19 IST" name="setUP" finished-at="2025-08-18T19:50:25 IST" duration-ms="6342" status="PASS">
          <reporter-output>
          </reporter-output>
        </test-method> <!-- setUP -->
        <test-method signature="ClickMovedLink()[pri:45, instance:tests.ElementsTests@4671115f]" started-at="2025-08-18T19:50:25 IST" name="ClickMovedLink" finished-at="2025-08-18T19:50:26 IST" duration-ms="1049" status="PASS">
          <reporter-output>
          </reporter-output>
        </test-method> <!-- ClickMovedLink -->
        <test-method is-config="true" signature="TearDown(org.testng.ITestResult)[pri:0, instance:tests.ElementsTests@4671115f]" started-at="2025-08-18T19:50:26 IST" name="TearDown" finished-at="2025-08-18T19:50:26 IST" duration-ms="317" status="PASS">
          <params>
            <param index="0">
              <value>
                <![CDATA[[TestResult name=ClickMovedLink status=SUCCESS method=ElementsTests.ClickMovedLink()[pri:45, instance:tests.ElementsTests@4671115f] output={null}]]]>
              </value>
            </param>
          </params>
          <reporter-output>
          </reporter-output>
        </test-method> <!-- TearDown -->
        <test-method is-config="true" signature="setUP()[pri:0, instance:tests.ElementsTests@4671115f]" started-at="2025-08-18T19:50:26 IST" name="setUP" finished-at="2025-08-18T19:50:34 IST" duration-ms="7207" status="PASS">
          <reporter-output>
          </reporter-output>
        </test-method> <!-- setUP -->
        <test-method signature="ClickBadRequestLink()[pri:46, instance:tests.ElementsTests@4671115f]" started-at="2025-08-18T19:50:34 IST" name="ClickBadRequestLink" finished-at="2025-08-18T19:50:35 IST" duration-ms="1221" status="PASS">
          <reporter-output>
          </reporter-output>
        </test-method> <!-- ClickBadRequestLink -->
        <test-method is-config="true" signature="TearDown(org.testng.ITestResult)[pri:0, instance:tests.ElementsTests@4671115f]" started-at="2025-08-18T19:50:35 IST" name="TearDown" finished-at="2025-08-18T19:50:35 IST" duration-ms="328" status="PASS">
          <params>
            <param index="0">
              <value>
                <![CDATA[[TestResult name=ClickBadRequestLink status=SUCCESS method=ElementsTests.ClickBadRequestLink()[pri:46, instance:tests.ElementsTests@4671115f] output={null}]]]>
              </value>
            </param>
          </params>
          <reporter-output>
          </reporter-output>
        </test-method> <!-- TearDown -->
        <test-method is-config="true" signature="setUP()[pri:0, instance:tests.ElementsTests@4671115f]" started-at="2025-08-18T19:50:35 IST" name="setUP" finished-at="2025-08-18T19:50:42 IST" duration-ms="7162" status="PASS">
          <reporter-output>
          </reporter-output>
        </test-method> <!-- setUP -->
        <test-method signature="ClickUnauthorizedLink()[pri:47, instance:tests.ElementsTests@4671115f]" started-at="2025-08-18T19:50:42 IST" name="ClickUnauthorizedLink" finished-at="2025-08-18T19:50:45 IST" duration-ms="2755" status="PASS">
          <reporter-output>
          </reporter-output>
        </test-method> <!-- ClickUnauthorizedLink -->
        <test-method is-config="true" signature="TearDown(org.testng.ITestResult)[pri:0, instance:tests.ElementsTests@4671115f]" started-at="2025-08-18T19:50:45 IST" name="TearDown" finished-at="2025-08-18T19:50:45 IST" duration-ms="272" status="PASS">
          <params>
            <param index="0">
              <value>
                <![CDATA[[TestResult name=ClickUnauthorizedLink status=SUCCESS method=ElementsTests.ClickUnauthorizedLink()[pri:47, instance:tests.ElementsTests@4671115f] output={null}]]]>
              </value>
            </param>
          </params>
          <reporter-output>
          </reporter-output>
        </test-method> <!-- TearDown -->
        <test-method is-config="true" signature="setUP()[pri:0, instance:tests.ElementsTests@4671115f]" started-at="2025-08-18T19:50:45 IST" name="setUP" finished-at="2025-08-18T19:50:54 IST" duration-ms="8917" status="PASS">
          <reporter-output>
          </reporter-output>
        </test-method> <!-- setUP -->
        <test-method signature="ClickForbiddenLink()[pri:48, instance:tests.ElementsTests@4671115f]" started-at="2025-08-18T19:50:54 IST" name="ClickForbiddenLink" finished-at="2025-08-18T19:50:55 IST" duration-ms="962" status="PASS">
          <reporter-output>
          </reporter-output>
        </test-method> <!-- ClickForbiddenLink -->
        <test-method is-config="true" signature="TearDown(org.testng.ITestResult)[pri:0, instance:tests.ElementsTests@4671115f]" started-at="2025-08-18T19:50:55 IST" name="TearDown" finished-at="2025-08-18T19:50:55 IST" duration-ms="305" status="PASS">
          <params>
            <param index="0">
              <value>
                <![CDATA[[TestResult name=ClickForbiddenLink status=SUCCESS method=ElementsTests.ClickForbiddenLink()[pri:48, instance:tests.ElementsTests@4671115f] output={null}]]]>
              </value>
            </param>
          </params>
          <reporter-output>
          </reporter-output>
        </test-method> <!-- TearDown -->
        <test-method is-config="true" signature="setUP()[pri:0, instance:tests.ElementsTests@4671115f]" started-at="2025-08-18T19:50:55 IST" name="setUP" finished-at="2025-08-18T19:51:07 IST" duration-ms="11357" status="PASS">
          <reporter-output>
          </reporter-output>
        </test-method> <!-- setUP -->
        <test-method signature="ClickNotFoundLink()[pri:49, instance:tests.ElementsTests@4671115f]" started-at="2025-08-18T19:51:07 IST" name="ClickNotFoundLink" finished-at="2025-08-18T19:51:08 IST" duration-ms="1424" status="PASS">
          <reporter-output>
          </reporter-output>
        </test-method> <!-- ClickNotFoundLink -->
        <test-method is-config="true" signature="TearDown(org.testng.ITestResult)[pri:0, instance:tests.ElementsTests@4671115f]" started-at="2025-08-18T19:51:08 IST" name="TearDown" finished-at="2025-08-18T19:51:09 IST" duration-ms="262" status="PASS">
          <params>
            <param index="0">
              <value>
                <![CDATA[[TestResult name=ClickNotFoundLink status=SUCCESS method=ElementsTests.ClickNotFoundLink()[pri:49, instance:tests.ElementsTests@4671115f] output={null}]]]>
              </value>
            </param>
          </params>
          <reporter-output>
          </reporter-output>
        </test-method> <!-- TearDown -->
        <test-method is-config="true" signature="setUP()[pri:0, instance:tests.ElementsTests@4671115f]" started-at="2025-08-18T19:51:09 IST" name="setUP" finished-at="2025-08-18T19:51:18 IST" duration-ms="9353" status="PASS">
          <reporter-output>
          </reporter-output>
        </test-method> <!-- setUP -->
        <test-method signature="ClickAllLinks()[pri:50, instance:tests.ElementsTests@4671115f]" started-at="2025-08-18T19:51:18 IST" name="ClickAllLinks" finished-at="2025-08-18T19:51:23 IST" duration-ms="5224" status="FAIL">
          <exception class="org.openqa.selenium.ElementClickInterceptedException">
            <message>
              <![CDATA[element click intercepted: Element <a id="dynamicLink" href="https://demoqa.com" target="_blank">...</a> is not clickable at point (424, 606). Other element would receive the click: <div>...</div>
  (Session info: chrome=137.0.7151.120)
Build info: version: '4.34.0', revision: '707dcb4246*'
System info: os.name: 'Windows 11', os.arch: 'amd64', os.version: '10.0', java.version: '21.0.7'
Driver info: org.openqa.selenium.chrome.ChromeDriver
Command: [31b61f550a376dc2aa1ec5ae53e7739c, clickElement {id=f.56E3E66B555546A70A3570671342A510.d.DF76DA236848B98D8FF460FDD2353070.e.46}]
Capabilities {acceptInsecureCerts: false, browserName: chrome, browserVersion: 137.0.7151.120, chrome: {chromedriverVersion: 137.0.7151.119 (e0ac9d12dff..., userDataDir: /tmp/chrome-profile-01f5474...}, fedcm:accounts: true, goog:chromeOptions: {debuggerAddress: localhost:50743}, networkConnectionEnabled: false, pageLoadStrategy: normal, platformName: windows, proxy: Proxy(), se:cdp: ws://localhost:50743/devtoo..., se:cdpVersion: 137.0.7151.120, setWindowRect: true, strictFileInteractability: false, timeouts: {implicit: 0, pageLoad: 300000, script: 30000}, unhandledPromptBehavior: dismiss and notify, webauthn:extension:credBlob: true, webauthn:extension:largeBlob: true, webauthn:extension:minPinLength: true, webauthn:extension:prf: true, webauthn:virtualAuthenticators: true}
Element: [[ChromeDriver: chrome on windows (31b61f550a376dc2aa1ec5ae53e7739c)] -> xpath: //a[@id='dynamicLink']]
Session ID: 31b61f550a376dc2aa1ec5ae53e7739c]]>
            </message>
            <full-stacktrace>
              <![CDATA[org.openqa.selenium.ElementClickInterceptedException: element click intercepted: Element <a id="dynamicLink" href="https://demoqa.com" target="_blank">...</a> is not clickable at point (424, 606). Other element would receive the click: <div>...</div>
  (Session info: chrome=137.0.7151.120)
Build info: version: '4.34.0', revision: '707dcb4246*'
System info: os.name: 'Windows 11', os.arch: 'amd64', os.version: '10.0', java.version: '21.0.7'
Driver info: org.openqa.selenium.chrome.ChromeDriver
Command: [31b61f550a376dc2aa1ec5ae53e7739c, clickElement {id=f.56E3E66B555546A70A3570671342A510.d.DF76DA236848B98D8FF460FDD2353070.e.46}]
Capabilities {acceptInsecureCerts: false, browserName: chrome, browserVersion: 137.0.7151.120, chrome: {chromedriverVersion: 137.0.7151.119 (e0ac9d12dff..., userDataDir: /tmp/chrome-profile-01f5474...}, fedcm:accounts: true, goog:chromeOptions: {debuggerAddress: localhost:50743}, networkConnectionEnabled: false, pageLoadStrategy: normal, platformName: windows, proxy: Proxy(), se:cdp: ws://localhost:50743/devtoo..., se:cdpVersion: 137.0.7151.120, setWindowRect: true, strictFileInteractability: false, timeouts: {implicit: 0, pageLoad: 300000, script: 30000}, unhandledPromptBehavior: dismiss and notify, webauthn:extension:credBlob: true, webauthn:extension:largeBlob: true, webauthn:extension:minPinLength: true, webauthn:extension:prf: true, webauthn:virtualAuthenticators: true}
Element: [[ChromeDriver: chrome on windows (31b61f550a376dc2aa1ec5ae53e7739c)] -> xpath: //a[@id='dynamicLink']]
Session ID: 31b61f550a376dc2aa1ec5ae53e7739c
at java.base/jdk.internal.reflect.DirectConstructorHandleAccessor.newInstance(DirectConstructorHandleAccessor.java:62)
at java.base/java.lang.reflect.Constructor.newInstanceWithCaller(Constructor.java:502)
at java.base/java.lang.reflect.Constructor.newInstance(Constructor.java:486)
at org.openqa.selenium.remote.ErrorCodec.decode(ErrorCodec.java:167)
at org.openqa.selenium.remote.codec.w3c.W3CHttpResponseCodec.decode(W3CHttpResponseCodec.java:138)
at org.openqa.selenium.remote.codec.w3c.W3CHttpResponseCodec.decode(W3CHttpResponseCodec.java:50)
at org.openqa.selenium.remote.HttpCommandExecutor.execute(HttpCommandExecutor.java:215)
at org.openqa.selenium.remote.service.DriverCommandExecutor.invokeExecute(DriverCommandExecutor.java:216)
at org.openqa.selenium.remote.service.DriverCommandExecutor.execute(DriverCommandExecutor.java:174)
at org.openqa.selenium.remote.RemoteWebDriver.execute(RemoteWebDriver.java:544)
at org.openqa.selenium.remote.RemoteWebElement.execute(RemoteWebElement.java:223)
at org.openqa.selenium.remote.RemoteWebElement.click(RemoteWebElement.java:76)
at java.base/jdk.internal.reflect.DirectMethodHandleAccessor.invoke(DirectMethodHandleAccessor.java:103)
at java.base/java.lang.reflect.Method.invoke(Method.java:580)
at org.openqa.selenium.support.pagefactory.internal.LocatingElementHandler.invoke(LocatingElementHandler.java:51)
at jdk.proxy2/jdk.proxy2.$Proxy29.click(Unknown Source)
at pages.elementsPage.ClickDynamicHomeLink(elementsPage.java:912)
at tests.ElementsTests.ClickAllLinks(ElementsTests.java:982)
at java.base/jdk.internal.reflect.DirectMethodHandleAccessor.invoke(DirectMethodHandleAccessor.java:103)
at java.base/java.lang.reflect.Method.invoke(Method.java:580)
at org.testng.internal.invokers.MethodInvocationHelper.invokeMethod(MethodInvocationHelper.java:141)
at org.testng.internal.invokers.TestInvoker.invokeMethod(TestInvoker.java:687)
at org.testng.internal.invokers.TestInvoker.invokeTestMethod(TestInvoker.java:230)
at org.testng.internal.invokers.MethodRunner.runInSequence(MethodRunner.java:63)
at org.testng.internal.invokers.TestInvoker$MethodInvocationAgent.invoke(TestInvoker.java:995)
at org.testng.internal.invokers.TestInvoker.invokeTestMethods(TestInvoker.java:203)
at org.testng.internal.invokers.TestMethodWorker.invokeTestMethods(TestMethodWorker.java:154)
at org.testng.internal.invokers.TestMethodWorker.run(TestMethodWorker.java:134)
at java.base/java.util.ArrayList.forEach(ArrayList.java:1596)
at org.testng.TestRunner.privateRun(TestRunner.java:741)
at org.testng.TestRunner.run(TestRunner.java:616)
at org.testng.SuiteRunner.runTest(SuiteRunner.java:421)
at org.testng.SuiteRunner.runSequentially(SuiteRunner.java:413)
at org.testng.SuiteRunner.privateRun(SuiteRunner.java:373)
at org.testng.SuiteRunner.run(SuiteRunner.java:312)
at org.testng.SuiteRunnerWorker.runSuite(SuiteRunnerWorker.java:52)
at org.testng.SuiteRunnerWorker.run(SuiteRunnerWorker.java:95)
at org.testng.TestNG.runSuitesSequentially(TestNG.java:1274)
at org.testng.TestNG.runSuitesLocally(TestNG.java:1208)
at org.testng.TestNG.runSuites(TestNG.java:1112)
at org.testng.TestNG.run(TestNG.java:1079)
at org.apache.maven.surefire.testng.TestNGExecutor.run(TestNGExecutor.java:155)
at org.apache.maven.surefire.testng.TestNGDirectoryTestSuite.executeMulti(TestNGDirectoryTestSuite.java:169)
at org.apache.maven.surefire.testng.TestNGDirectoryTestSuite.execute(TestNGDirectoryTestSuite.java:88)
at org.apache.maven.surefire.testng.TestNGProvider.invoke(TestNGProvider.java:137)
at org.apache.maven.surefire.booter.ForkedBooter.runSuitesInProcess(ForkedBooter.java:385)
at org.apache.maven.surefire.booter.ForkedBooter.execute(ForkedBooter.java:162)
at org.apache.maven.surefire.booter.ForkedBooter.run(ForkedBooter.java:507)
at org.apache.maven.surefire.booter.ForkedBooter.main(ForkedBooter.java:495)
]]>
            </full-stacktrace>
          </exception> <!-- org.openqa.selenium.ElementClickInterceptedException -->
          <reporter-output>
          </reporter-output>
        </test-method> <!-- ClickAllLinks -->
        <test-method is-config="true" signature="TearDown(org.testng.ITestResult)[pri:0, instance:tests.ElementsTests@4671115f]" started-at="2025-08-18T19:51:23 IST" name="TearDown" finished-at="2025-08-18T19:51:24 IST" duration-ms="804" status="PASS">
          <params>
            <param index="0">
              <value>
                <![CDATA[[TestResult name=ClickAllLinks status=FAILURE method=ElementsTests.ClickAllLinks()[pri:50, instance:tests.ElementsTests@4671115f] output={null}]]]>
              </value>
            </param>
          </params>
          <reporter-output>
          </reporter-output>
        </test-method> <!-- TearDown -->
        <test-method is-config="true" signature="setUP()[pri:0, instance:tests.ElementsTests@4671115f]" started-at="2025-08-18T19:51:24 IST" name="setUP" finished-at="2025-08-18T19:51:37 IST" duration-ms="12634" status="PASS">
          <reporter-output>
          </reporter-output>
        </test-method> <!-- setUP -->
        <test-method signature="ClickBrokenLinksImages()[pri:51, instance:tests.ElementsTests@4671115f]" started-at="2025-08-18T19:51:37 IST" name="ClickBrokenLinksImages" finished-at="2025-08-18T19:51:38 IST" duration-ms="927" status="PASS">
          <reporter-output>
          </reporter-output>
        </test-method> <!-- ClickBrokenLinksImages -->
        <test-method is-config="true" signature="TearDown(org.testng.ITestResult)[pri:0, instance:tests.ElementsTests@4671115f]" started-at="2025-08-18T19:51:38 IST" name="TearDown" finished-at="2025-08-18T19:51:38 IST" duration-ms="301" status="PASS">
          <params>
            <param index="0">
              <value>
                <![CDATA[[TestResult name=ClickBrokenLinksImages status=SUCCESS method=ElementsTests.ClickBrokenLinksImages()[pri:51, instance:tests.ElementsTests@4671115f] output={null}]]]>
              </value>
            </param>
          </params>
          <reporter-output>
          </reporter-output>
        </test-method> <!-- TearDown -->
        <test-method is-config="true" signature="setUP()[pri:0, instance:tests.ElementsTests@4671115f]" started-at="2025-08-18T19:51:38 IST" name="setUP" finished-at="2025-08-18T19:51:51 IST" duration-ms="13594" status="PASS">
          <reporter-output>
          </reporter-output>
        </test-method> <!-- setUP -->
        <test-method signature="GetValidImage()[pri:52, instance:tests.ElementsTests@4671115f]" started-at="2025-08-18T19:51:51 IST" name="GetValidImage" finished-at="2025-08-18T19:51:53 IST" duration-ms="1268" status="PASS">
          <reporter-output>
          </reporter-output>
        </test-method> <!-- GetValidImage -->
        <test-method is-config="true" signature="TearDown(org.testng.ITestResult)[pri:0, instance:tests.ElementsTests@4671115f]" started-at="2025-08-18T19:51:53 IST" name="TearDown" finished-at="2025-08-18T19:51:53 IST" duration-ms="321" status="PASS">
          <params>
            <param index="0">
              <value>
                <![CDATA[[TestResult name=GetValidImage status=SUCCESS method=ElementsTests.GetValidImage()[pri:52, instance:tests.ElementsTests@4671115f] output={null}]]]>
              </value>
            </param>
          </params>
          <reporter-output>
          </reporter-output>
        </test-method> <!-- TearDown -->
        <test-method is-config="true" signature="setUP()[pri:0, instance:tests.ElementsTests@4671115f]" started-at="2025-08-18T19:51:53 IST" name="setUP" finished-at="2025-08-18T19:52:04 IST" duration-ms="10650" status="PASS">
          <reporter-output>
          </reporter-output>
        </test-method> <!-- setUP -->
        <test-method signature="GetBrokenImage()[pri:53, instance:tests.ElementsTests@4671115f]" started-at="2025-08-18T19:52:04 IST" name="GetBrokenImage" finished-at="2025-08-18T19:52:05 IST" duration-ms="1267" status="PASS">
          <reporter-output>
          </reporter-output>
        </test-method> <!-- GetBrokenImage -->
        <test-method is-config="true" signature="TearDown(org.testng.ITestResult)[pri:0, instance:tests.ElementsTests@4671115f]" started-at="2025-08-18T19:52:05 IST" name="TearDown" finished-at="2025-08-18T19:52:05 IST" duration-ms="305" status="PASS">
          <params>
            <param index="0">
              <value>
                <![CDATA[[TestResult name=GetBrokenImage status=SUCCESS method=ElementsTests.GetBrokenImage()[pri:53, instance:tests.ElementsTests@4671115f] output={null}]]]>
              </value>
            </param>
          </params>
          <reporter-output>
          </reporter-output>
        </test-method> <!-- TearDown -->
        <test-method is-config="true" signature="setUP()[pri:0, instance:tests.ElementsTests@4671115f]" started-at="2025-08-18T19:52:05 IST" name="setUP" finished-at="2025-08-18T19:52:15 IST" duration-ms="10097" status="PASS">
          <reporter-output>
          </reporter-output>
        </test-method> <!-- setUP -->
        <test-method signature="BrokenLinksBrokenlink()[pri:54, instance:tests.ElementsTests@4671115f]" started-at="2025-08-18T19:52:15 IST" name="BrokenLinksBrokenlink" finished-at="2025-08-18T19:52:20 IST" duration-ms="4724" status="PASS">
          <reporter-output>
          </reporter-output>
        </test-method> <!-- BrokenLinksBrokenlink -->
        <test-method is-config="true" signature="TearDown(org.testng.ITestResult)[pri:0, instance:tests.ElementsTests@4671115f]" started-at="2025-08-18T19:52:20 IST" name="TearDown" finished-at="2025-08-18T19:52:20 IST" duration-ms="250" status="PASS">
          <params>
            <param index="0">
              <value>
                <![CDATA[[TestResult name=BrokenLinksBrokenlink status=SUCCESS method=ElementsTests.BrokenLinksBrokenlink()[pri:54, instance:tests.ElementsTests@4671115f] output={null}]]]>
              </value>
            </param>
          </params>
          <reporter-output>
          </reporter-output>
        </test-method> <!-- TearDown -->
        <test-method is-config="true" signature="setUP()[pri:0, instance:tests.ElementsTests@4671115f]" started-at="2025-08-18T19:52:20 IST" name="setUP" finished-at="2025-08-18T19:52:34 IST" duration-ms="13716" status="PASS">
          <reporter-output>
          </reporter-output>
        </test-method> <!-- setUP -->
        <test-method signature="BrokenLinksValidlink()[pri:54, instance:tests.ElementsTests@4671115f]" started-at="2025-08-18T19:52:34 IST" name="BrokenLinksValidlink" finished-at="2025-08-18T19:52:36 IST" duration-ms="1906" status="PASS">
          <reporter-output>
          </reporter-output>
        </test-method> <!-- BrokenLinksValidlink -->
        <test-method is-config="true" signature="TearDown(org.testng.ITestResult)[pri:0, instance:tests.ElementsTests@4671115f]" started-at="2025-08-18T19:52:36 IST" name="TearDown" finished-at="2025-08-18T19:52:36 IST" duration-ms="297" status="PASS">
          <params>
            <param index="0">
              <value>
                <![CDATA[[TestResult name=BrokenLinksValidlink status=SUCCESS method=ElementsTests.BrokenLinksValidlink()[pri:54, instance:tests.ElementsTests@4671115f] output={null}]]]>
              </value>
            </param>
          </params>
          <reporter-output>
          </reporter-output>
        </test-method> <!-- TearDown -->
      </class> <!-- tests.ElementsTests -->
      <class name="tests.AlertsFramesWindowsTests">
        <test-method is-config="true" signature="setupReport()[pri:0, instance:tests.AlertsFramesWindowsTests@6bc407fd]" started-at="2025-08-18T19:39:30 IST" name="setupReport" finished-at="2025-08-18T19:39:31 IST" duration-ms="324" status="PASS">
          <reporter-output>
          </reporter-output>
        </test-method> <!-- setupReport -->
        <test-method is-config="true" signature="setUP()[pri:0, instance:tests.AlertsFramesWindowsTests@6bc407fd]" started-at="2025-08-18T19:39:31 IST" name="setUP" finished-at="2025-08-18T19:39:51 IST" duration-ms="20519" status="PASS">
          <reporter-output>
          </reporter-output>
        </test-method> <!-- setUP -->
        <test-method signature="accessAlertsFrameWindows()[pri:1, instance:tests.AlertsFramesWindowsTests@6bc407fd]" started-at="2025-08-18T19:39:51 IST" name="accessAlertsFrameWindows" finished-at="2025-08-18T19:39:52 IST" duration-ms="678" status="PASS">
          <reporter-output>
          </reporter-output>
        </test-method> <!-- accessAlertsFrameWindows -->
        <test-method is-config="true" signature="TearDown(org.testng.ITestResult)[pri:0, instance:tests.AlertsFramesWindowsTests@6bc407fd]" started-at="2025-08-18T19:39:52 IST" name="TearDown" finished-at="2025-08-18T19:39:53 IST" duration-ms="796" status="PASS">
          <params>
            <param index="0">
              <value>
                <![CDATA[[TestResult name=accessAlertsFrameWindows status=SUCCESS method=AlertsFramesWindowsTests.accessAlertsFrameWindows()[pri:1, instance:tests.AlertsFramesWindowsTests@6bc407fd] output={null}]]]>
              </value>
            </param>
          </params>
          <reporter-output>
          </reporter-output>
        </test-method> <!-- TearDown -->
        <test-method is-config="true" signature="teardownReport()[pri:0, instance:tests.AlertsFramesWindowsTests@6bc407fd]" started-at="2025-08-18T19:54:17 IST" name="teardownReport" finished-at="2025-08-18T19:54:18 IST" duration-ms="331" status="PASS">
          <reporter-output>
          </reporter-output>
        </test-method> <!-- teardownReport -->
      </class> <!-- tests.AlertsFramesWindowsTests -->
    </test> <!-- Surefire test -->
  </suite> <!-- Surefire suite -->
</testng-results>
