<?xml version="1.0" encoding="UTF-8"?>
<testsuite xmlns:xsi="http://www.w3.org/2001/XMLSchema-instance" xsi:noNamespaceSchemaLocation="https://maven.apache.org/surefire/maven-surefire-plugin/xsd/surefire-test-report-3.0.xsd" version="3.0" name="TestSuite" time="5897.259" tests="132" errors="0" skipped="0" failures="3">
  <properties>
[...]
</properties>
  <testcase name="accessAlertsFrameWindows" classname="tests.AlertsFramesWindowsTests" time="0.304">
    <system-out><![CDATA[2025-09-20T14:45:38.123818200Z main INFO Starting configuration XmlConfiguration[location=C:\ASN\eclipse_workspace\demoqa-automation\target\classes\log4j2.xml, lastModified=2025-09-18T07:06:23.185Z]...
2025-09-20T14:45:38.127281700Z main INFO Start watching for changes to C:\ASN\eclipse_workspace\demoqa-automation\target\classes\log4j2.xml every 0 seconds
2025-09-20T14:45:38.127281700Z main INFO Configuration XmlConfiguration[location=C:\ASN\eclipse_workspace\demoqa-automation\target\classes\log4j2.xml, lastModified=2025-09-18T07:06:23.185Z] started.
2025-09-20T14:45:38.133517500Z main INFO Stopping configuration org.apache.logging.log4j.core.config.DefaultConfiguration@26d9b808...
2025-09-20T14:45:38.133517500Z main INFO Configuration org.apache.logging.log4j.core.config.DefaultConfiguration@26d9b808 stopped.
2025-09-20 20:15:38 [main] INFO  DriverFactory - 🌐 Starting Chrome Web Browser...
2025-09-20 20:15:38 [main] INFO  DriverFactory - ✅ Created temporary Chrome profile at C:\Users\dell\AppData\Local\Temp\chrome-profile-6425862908787226175
2025-09-20 20:15:40 [main] INFO  DriverFactory - 🚀 WebDriver started successfully
2025-09-20 20:15:40 [main] INFO  RetryUrlAccess - 🌐 Navigating to URL (attempt 1): https://demoqa.com
2025-09-20 20:15:44 [main] INFO  RetryUrlAccess - ✅ Navigation successful on attempt 1
2025-09-20 20:15:44 [main] INFO  demoqaBase - 🧪 Starting Test Alerts, Frames & Windows...
2025-09-20 20:15:44 [main] INFO  demoqaBase - Accessing Alerts, Frame & Windows Card...
Declared Instance WebDriverWait: org.openqa.selenium.support.ui.WebDriverWait@1ba05e38
2025-09-20 20:15:44 [main] INFO  demoqaLog - Clicking on Alert Frame & Windows Card...
🔹 Trying JS click by locator (attempt 1)
2025-09-20 20:15:44 [main] INFO  demoqaLog - 🔹 Trying JS click by locator (attempt 1)
🔹 Attempting JS click...
2025-09-20 20:15:44 [main] INFO  demoqaLog - 🔹 Attempting JS click...
2025-09-20 20:15:44 [main] INFO  demoqaLog - Clicked on Alert Frame & Windows Card...
Title of this Page is: DEMOQA
You are Accessing: Alerts, Frame & Windows
2025-09-20 20:15:44 [main] INFO  demoqaBase - Alerts, Frame & Windows Card: Please select an item from left to start practice.
2025-09-20 20:15:44 [main] INFO  demoqaBase - ✅ Alerts, Frames & Windows Test Completed...
]]></system-out>
    <system-err><![CDATA[SLF4J(W): No SLF4J providers were found.
SLF4J(W): Defaulting to no-operation (NOP) logger implementation
SLF4J(W): See https://www.slf4j.org/codes.html#noProviders for further details.
]]></system-err>
  </testcase>
  <testcase name="browserWindows" classname="tests.AlertsFramesWindowsTests" time="0.407">
    <system-out><![CDATA[2025-09-20 20:15:44 [main] INFO  demoqaBase - Closing browser for test: accessAlertsFrameWindows
2025-09-20 20:15:45 [main] INFO  DriverFactory - 🌐 Starting Chrome Web Browser...
2025-09-20 20:15:45 [main] INFO  DriverFactory - ✅ Created temporary Chrome profile at C:\Users\dell\AppData\Local\Temp\chrome-profile-9636999952221429561
2025-09-20 20:15:46 [main] INFO  DriverFactory - 🚀 WebDriver started successfully
2025-09-20 20:15:46 [main] INFO  RetryUrlAccess - 🌐 Navigating to URL (attempt 1): https://demoqa.com
2025-09-20 20:15:48 [main] INFO  RetryUrlAccess - ✅ Navigation successful on attempt 1
2025-09-20 20:15:48 [main] INFO  demoqaBase - 🧪 Starting Test Alerts, Frames & Windows...
2025-09-20 20:15:48 [main] INFO  demoqaBase - Accessing Alerts, Frame & Windows Card...
Declared Instance WebDriverWait: org.openqa.selenium.support.ui.WebDriverWait@58e92c23
2025-09-20 20:15:48 [main] INFO  demoqaLog - Clicking on Alert Frame & Windows Card...
🔹 Trying JS click by locator (attempt 1)
2025-09-20 20:15:48 [main] INFO  demoqaLog - 🔹 Trying JS click by locator (attempt 1)
🔹 Attempting JS click...
2025-09-20 20:15:48 [main] INFO  demoqaLog - 🔹 Attempting JS click...
2025-09-20 20:15:48 [main] INFO  demoqaLog - Clicked on Alert Frame & Windows Card...
Title of this Page is: DEMOQA
You are Accessing: Alerts, Frame & Windows
2025-09-20 20:15:49 [main] INFO  demoqaBase - Alerts, Frame & Windows Card: Please select an item from left to start practice.
2025-09-20 20:15:49 [main] INFO  demoqaBase - Clicking on Alerts, Frame & Windows Card|Browser Windows...
You are now Accessing: Browser Windows
2025-09-20 20:15:49 [main] INFO  demoqaBase - You are now Accessing: Browser Windows
2025-09-20 20:15:49 [main] INFO  demoqaBase - ✅ Alerts, Frames & Windows|Browser Windows Test Completed...
]]></system-out>
  </testcase>
  <testcase name="browserWindowsNewTab" classname="tests.AlertsFramesWindowsTests" time="31.893">
    <system-out><![CDATA[2025-09-20 20:15:49 [main] INFO  demoqaBase - Closing browser for test: browserWindows
2025-09-20 20:15:49 [main] INFO  DriverFactory - 🌐 Starting Chrome Web Browser...
2025-09-20 20:15:49 [main] INFO  DriverFactory - ✅ Created temporary Chrome profile at C:\Users\dell\AppData\Local\Temp\chrome-profile-12250363333298644614
2025-09-20 20:15:52 [main] INFO  DriverFactory - 🚀 WebDriver started successfully
2025-09-20 20:15:52 [main] INFO  RetryUrlAccess - 🌐 Navigating to URL (attempt 1): https://demoqa.com
2025-09-20 20:15:54 [main] INFO  RetryUrlAccess - ✅ Navigation successful on attempt 1
2025-09-20 20:15:54 [main] INFO  demoqaBase - 🧪 Starting Test Alerts, Frames & Windows|New Tab...
2025-09-20 20:15:54 [main] INFO  demoqaBase - Accessing Alerts, Frame & Windows Card...
Declared Instance WebDriverWait: org.openqa.selenium.support.ui.WebDriverWait@2015b2cd
2025-09-20 20:15:54 [main] INFO  demoqaLog - Clicking on Alert Frame & Windows Card...
🔹 Trying JS click by locator (attempt 1)
2025-09-20 20:15:55 [main] INFO  demoqaLog - 🔹 Trying JS click by locator (attempt 1)
🔹 Attempting JS click...
2025-09-20 20:15:55 [main] INFO  demoqaLog - 🔹 Attempting JS click...
2025-09-20 20:15:55 [main] INFO  demoqaLog - Clicked on Alert Frame & Windows Card...
Title of this Page is: DEMOQA
You are Accessing: Alerts, Frame & Windows
2025-09-20 20:15:55 [main] INFO  demoqaBase - Alerts, Frame & Windows Card: Please select an item from left to start practice.
2025-09-20 20:15:55 [main] INFO  demoqaBase - Clicking on Alerts, Frame & Windows Card|Browser Windows...
You are now Accessing: Browser Windows
2025-09-20 20:15:55 [main] INFO  demoqaBase - You are now Accessing: Browser Windows
2025-09-20 20:15:55 [main] INFO  demoqaLog - ⏳ Waiting for page to fully load (timeout: 30s)
2025-09-20 20:16:25 [main] WARN  demoqaLog - ⚠️ Page did not load within 30 seconds.
2025-09-20 20:16:25 [main] INFO  demoqaBase - Initiating New Tab click sequence...
2025-09-20 20:16:25 [main] INFO  demoqaBase - Clicked New Tab button
2025-09-20 20:16:25 [main] INFO  demoqaBase - Switched to new tab: BB7ABA8CC0A67A45B234B04F07C81F6D
2025-09-20 20:16:26 [main] INFO  demoqaBase - New tab content: 'This is a sample page'
You are now accessing: This is a sample page
2025-09-20 20:16:26 [main] INFO  demoqaBase - ✅ Alerts, Frames & Windows|Browser Windows|New Tab Test Completed...
]]></system-out>
  </testcase>
  <testcase name="browserWindowsNewWindow" classname="tests.AlertsFramesWindowsTests" time="31.826">
    <system-out><![CDATA[2025-09-20 20:16:26 [main] INFO  demoqaBase - Closing browser for test: browserWindowsNewTab
2025-09-20 20:16:27 [main] INFO  DriverFactory - 🌐 Starting Chrome Web Browser...
2025-09-20 20:16:27 [main] INFO  DriverFactory - ✅ Created temporary Chrome profile at C:\Users\dell\AppData\Local\Temp\chrome-profile-3183750177180590449
2025-09-20 20:16:28 [main] INFO  DriverFactory - 🚀 WebDriver started successfully
2025-09-20 20:16:28 [main] INFO  RetryUrlAccess - 🌐 Navigating to URL (attempt 1): https://demoqa.com
2025-09-20 20:16:31 [main] INFO  RetryUrlAccess - ✅ Navigation successful on attempt 1
2025-09-20 20:16:31 [main] INFO  demoqaBase - 🧪 Starting Test Alerts, Frames & Windows|New Window...
2025-09-20 20:16:31 [main] INFO  demoqaBase - Accessing Alerts, Frame & Windows Card...
Declared Instance WebDriverWait: org.openqa.selenium.support.ui.WebDriverWait@4437ac07
2025-09-20 20:16:31 [main] INFO  demoqaLog - Clicking on Alert Frame & Windows Card...
🔹 Trying JS click by locator (attempt 1)
2025-09-20 20:16:31 [main] INFO  demoqaLog - 🔹 Trying JS click by locator (attempt 1)
🔹 Attempting JS click...
2025-09-20 20:16:31 [main] INFO  demoqaLog - 🔹 Attempting JS click...
2025-09-20 20:16:31 [main] INFO  demoqaLog - Clicked on Alert Frame & Windows Card...
Title of this Page is: DEMOQA
You are Accessing: Alerts, Frame & Windows
2025-09-20 20:16:31 [main] INFO  demoqaBase - Alerts, Frame & Windows Card: Please select an item from left to start practice.
2025-09-20 20:16:31 [main] INFO  demoqaBase - Clicking on Alerts, Frame & Windows Card|Browser Windows...
You are now Accessing: Browser Windows
2025-09-20 20:16:31 [main] INFO  demoqaBase - You are now Accessing: Browser Windows
2025-09-20 20:16:31 [main] INFO  demoqaLog - ⏳ Waiting for page to fully load (timeout: 30s)
2025-09-20 20:17:01 [main] WARN  demoqaLog - ⚠️ Page did not load within 30 seconds.
2025-09-20 20:17:01 [main] INFO  demoqaBase - Initiating New Window click sequence...
2025-09-20 20:17:01 [main] INFO  demoqaBase - Clicked New Window button
2025-09-20 20:17:02 [main] INFO  demoqaBase - Switched to new tab: 99D5EDB3502E9EC331916D01B10D7E04
2025-09-20 20:17:02 [main] INFO  demoqaBase - New tab content: 'This is a sample page'
You are now accessing: This is a sample page
2025-09-20 20:17:02 [main] INFO  demoqaBase - ✅ Alerts, Frames & Windows|Browser Windows|New Window Test Completed...
]]></system-out>
  </testcase>
  <testcase name="browserWindowsNewWindowMsg" classname="tests.AlertsFramesWindowsTests" time="30.759">
    <system-out><![CDATA[2025-09-20 20:17:02 [main] INFO  demoqaBase - Closing browser for test: browserWindowsNewWindow
2025-09-20 20:17:03 [main] INFO  DriverFactory - 🌐 Starting Chrome Web Browser...
2025-09-20 20:17:03 [main] INFO  DriverFactory - ✅ Created temporary Chrome profile at C:\Users\dell\AppData\Local\Temp\chrome-profile-4916795847322096798
2025-09-20 20:17:04 [main] INFO  DriverFactory - 🚀 WebDriver started successfully
2025-09-20 20:17:04 [main] INFO  RetryUrlAccess - 🌐 Navigating to URL (attempt 1): https://demoqa.com
2025-09-20 20:17:07 [main] INFO  RetryUrlAccess - ✅ Navigation successful on attempt 1
2025-09-20 20:17:07 [main] INFO  demoqaBase - 🧪 Starting Test Alerts, Frames & Windows|New Window Message...
2025-09-20 20:17:07 [main] INFO  demoqaBase - Accessing Alerts, Frame & Windows Card...
Declared Instance WebDriverWait: org.openqa.selenium.support.ui.WebDriverWait@631cb129
2025-09-20 20:17:07 [main] INFO  demoqaLog - Clicking on Alert Frame & Windows Card...
🔹 Trying JS click by locator (attempt 1)
2025-09-20 20:17:07 [main] INFO  demoqaLog - 🔹 Trying JS click by locator (attempt 1)
🔹 Attempting JS click...
2025-09-20 20:17:07 [main] INFO  demoqaLog - 🔹 Attempting JS click...
2025-09-20 20:17:07 [main] INFO  demoqaLog - Clicked on Alert Frame & Windows Card...
Title of this Page is: DEMOQA
You are Accessing: Alerts, Frame & Windows
2025-09-20 20:17:07 [main] INFO  demoqaBase - Alerts, Frame & Windows Card: Please select an item from left to start practice.
2025-09-20 20:17:07 [main] INFO  demoqaBase - Clicking on Alerts, Frame & Windows Card|Browser Windows...
You are now Accessing: Browser Windows
2025-09-20 20:17:08 [main] INFO  demoqaBase - You are now Accessing: Browser Windows
2025-09-20 20:17:08 [main] INFO  demoqaLog - ⏳ Waiting for page to fully load (timeout: 30s)
2025-09-20 20:17:38 [main] WARN  demoqaLog - ⚠️ Page did not load within 30 seconds.
2025-09-20 20:17:38 [main] INFO  demoqaBase - 🔍 Starting 'New Window Message' click sequence...
🔹 Trying JS click on WebElement (attempt 1)
2025-09-20 20:17:38 [main] INFO  demoqaLog - 🔹 Trying JS click on WebElement (attempt 1)
🔹 Attempting JS click...
2025-09-20 20:17:38 [main] INFO  demoqaLog - 🔹 Attempting JS click...
2025-09-20 20:17:38 [main] INFO  demoqaBase - 🔀 Switched to new window: 05F6448179B9A86AB1233586DA3E1120
2025-09-20 20:17:38 [main] INFO  demoqaBase - ✅ Verified new popup window opened successfully.
2025-09-20 20:17:38 [main] INFO  demoqaBase - ↩️ Switched back to original window: D2377D044077F0414FB81FBB229C0B43
2025-09-20 20:17:38 [main] INFO  demoqaBase - ✅ 'New Window Message' flow completed successfully.
2025-09-20 20:17:38 [main] INFO  demoqaBase - ✅ Alerts, Frames & Windows|Browser Windows|New Window Message Test Completed...
]]></system-out>
  </testcase>
  <testcase name="ClickAlerts" classname="tests.AlertsFramesWindowsTests" time="0.418">
    <system-out><![CDATA[2025-09-20 20:17:38 [main] INFO  demoqaBase - Closing browser for test: browserWindowsNewWindowMsg
2025-09-20 20:17:38 [main] INFO  DriverFactory - 🌐 Starting Chrome Web Browser...
2025-09-20 20:17:38 [main] INFO  DriverFactory - ✅ Created temporary Chrome profile at C:\Users\dell\AppData\Local\Temp\chrome-profile-85561190496422252
2025-09-20 20:17:39 [main] INFO  DriverFactory - 🚀 WebDriver started successfully
2025-09-20 20:17:39 [main] INFO  RetryUrlAccess - 🌐 Navigating to URL (attempt 1): https://demoqa.com
2025-09-20 20:17:42 [main] INFO  RetryUrlAccess - ✅ Navigation successful on attempt 1
2025-09-20 20:17:42 [main] INFO  demoqaBase - 🧪 Starting Test Alerts, Frames & Windows|New Window Message...
2025-09-20 20:17:42 [main] INFO  demoqaBase - Accessing Alerts, Frame & Windows Card...
Declared Instance WebDriverWait: org.openqa.selenium.support.ui.WebDriverWait@7f3ca64a
2025-09-20 20:17:42 [main] INFO  demoqaLog - Clicking on Alert Frame & Windows Card...
🔹 Trying JS click by locator (attempt 1)
2025-09-20 20:17:42 [main] INFO  demoqaLog - 🔹 Trying JS click by locator (attempt 1)
🔹 Attempting JS click...
2025-09-20 20:17:42 [main] INFO  demoqaLog - 🔹 Attempting JS click...
2025-09-20 20:17:42 [main] INFO  demoqaLog - Clicked on Alert Frame & Windows Card...
Title of this Page is: DEMOQA
You are Accessing: Alerts, Frame & Windows
2025-09-20 20:17:43 [main] INFO  demoqaBase - Alerts, Frame & Windows Card: Please select an item from left to start practice.
2025-09-20 20:17:43 [main] INFO  demoqaBase - 🔍 Starting test for Alerts click ..
🔹 Trying JS click on WebElement (attempt 1)
2025-09-20 20:17:43 [main] INFO  demoqaLog - 🔹 Trying JS click on WebElement (attempt 1)
🔹 Attempting JS click...
2025-09-20 20:17:43 [main] INFO  demoqaLog - 🔹 Attempting JS click...
2025-09-20 20:17:43 [main] INFO  demoqaBase - ✅ Clicked on Alerts...
2025-09-20 20:17:43 [main] INFO  demoqaBase - Page Title is: Alerts
2025-09-20 20:17:43 [main] INFO  demoqaBase - ✅ Alerts, Frames & Windows|Alerts Test Completed...
]]></system-out>
  </testcase>
  <testcase name="ClickToSeeAlerts" classname="tests.AlertsFramesWindowsTests" time="36.022">
    <system-out><![CDATA[2025-09-20 20:17:43 [main] INFO  demoqaBase - Closing browser for test: ClickAlerts
2025-09-20 20:17:43 [main] INFO  DriverFactory - 🌐 Starting Chrome Web Browser...
2025-09-20 20:17:43 [main] INFO  DriverFactory - ✅ Created temporary Chrome profile at C:\Users\dell\AppData\Local\Temp\chrome-profile-16137563661324226433
2025-09-20 20:17:44 [main] INFO  DriverFactory - 🚀 WebDriver started successfully
2025-09-20 20:17:44 [main] INFO  RetryUrlAccess - 🌐 Navigating to URL (attempt 1): https://demoqa.com
2025-09-20 20:17:47 [main] INFO  RetryUrlAccess - ✅ Navigation successful on attempt 1
2025-09-20 20:17:47 [main] INFO  demoqaBase - 🧪 Starting Test Alerts, Frames & Windows|Alerts|Click button to see Alert...
2025-09-20 20:17:47 [main] INFO  demoqaBase - Accessing Alerts, Frame & Windows Card...
Declared Instance WebDriverWait: org.openqa.selenium.support.ui.WebDriverWait@18d47df0
2025-09-20 20:17:47 [main] INFO  demoqaLog - Clicking on Alert Frame & Windows Card...
🔹 Trying JS click by locator (attempt 1)
2025-09-20 20:17:47 [main] INFO  demoqaLog - 🔹 Trying JS click by locator (attempt 1)
🔹 Attempting JS click...
2025-09-20 20:17:47 [main] INFO  demoqaLog - 🔹 Attempting JS click...
2025-09-20 20:17:47 [main] INFO  demoqaLog - Clicked on Alert Frame & Windows Card...
Title of this Page is: DEMOQA
You are Accessing: Alerts, Frame & Windows
2025-09-20 20:17:47 [main] INFO  demoqaBase - Alerts, Frame & Windows Card: Please select an item from left to start practice.
2025-09-20 20:17:47 [main] INFO  demoqaBase - 🔍 Starting test for Alerts click ..
🔹 Trying JS click on WebElement (attempt 1)
2025-09-20 20:17:47 [main] INFO  demoqaLog - 🔹 Trying JS click on WebElement (attempt 1)
🔹 Attempting JS click...
2025-09-20 20:17:47 [main] INFO  demoqaLog - 🔹 Attempting JS click...
2025-09-20 20:17:47 [main] INFO  demoqaBase - ✅ Clicked on Alerts...
2025-09-20 20:17:47 [main] INFO  demoqaBase - Page Title is: Alerts
2025-09-20 20:17:47 [main] INFO  demoqaLog - ⏳ Waiting for page to fully load (timeout: 30s)
2025-09-20 20:18:18 [main] WARN  demoqaLog - ⚠️ Page did not load within 30 seconds.
2025-09-20 20:18:18 [main] INFO  demoqaBase - 🔍 Starting test for On button click, alert will appear after 5 seconds...
🔹 Trying JS click on WebElement (attempt 1)
2025-09-20 20:18:18 [main] INFO  demoqaLog - 🔹 Trying JS click on WebElement (attempt 1)
🔹 Attempting JS click...
2025-09-20 20:18:18 [main] INFO  demoqaLog - 🔹 Attempting JS click...
2025-09-20 20:18:18 [main] INFO  demoqaBase - ✅ Clicked on Click Button to see Alert after 5 seconds...
2025-09-20 20:18:23 [main] INFO  demoqaBase - ✅ On button click, alert will appear after 5 seconds, message is: This alert appeared after 5 seconds
2025-09-20 20:18:23 [main] INFO  demoqaBase - ✅ Alerts, Frames & Windows|Alerts|Click button to see Alert Test Completed...
]]></system-out>
  </testcase>
  <testcase name="ClickAcceptConfirmationBox" classname="tests.AlertsFramesWindowsTests" time="30.92">
    <system-out><![CDATA[2025-09-20 20:18:23 [main] INFO  demoqaBase - Closing browser for test: ClickToSeeAlerts
2025-09-20 20:18:23 [main] INFO  DriverFactory - 🌐 Starting Chrome Web Browser...
2025-09-20 20:18:23 [main] INFO  DriverFactory - ✅ Created temporary Chrome profile at C:\Users\dell\AppData\Local\Temp\chrome-profile-6701331165313096830
2025-09-20 20:18:24 [main] INFO  DriverFactory - 🚀 WebDriver started successfully
2025-09-20 20:18:24 [main] INFO  RetryUrlAccess - 🌐 Navigating to URL (attempt 1): https://demoqa.com
2025-09-20 20:18:28 [main] INFO  RetryUrlAccess - ✅ Navigation successful on attempt 1
2025-09-20 20:18:28 [main] INFO  demoqaBase - 🧪 Starting Test Alerts, Frames & Windows|AlertsOn button click, confirm box will appear, Accept...
2025-09-20 20:18:28 [main] INFO  demoqaBase - Accessing Alerts, Frame & Windows Card...
Declared Instance WebDriverWait: org.openqa.selenium.support.ui.WebDriverWait@7ae590f6
2025-09-20 20:18:28 [main] INFO  demoqaLog - Clicking on Alert Frame & Windows Card...
🔹 Trying JS click by locator (attempt 1)
2025-09-20 20:18:28 [main] INFO  demoqaLog - 🔹 Trying JS click by locator (attempt 1)
🔹 Attempting JS click...
2025-09-20 20:18:28 [main] INFO  demoqaLog - 🔹 Attempting JS click...
2025-09-20 20:18:28 [main] INFO  demoqaLog - Clicked on Alert Frame & Windows Card...
Title of this Page is: DEMOQA
You are Accessing: Alerts, Frame & Windows
2025-09-20 20:18:28 [main] INFO  demoqaBase - Alerts, Frame & Windows Card: Please select an item from left to start practice.
2025-09-20 20:18:28 [main] INFO  demoqaBase - 🔍 Starting test for Alerts click ..
🔹 Trying JS click on WebElement (attempt 1)
2025-09-20 20:18:28 [main] INFO  demoqaLog - 🔹 Trying JS click on WebElement (attempt 1)
🔹 Attempting JS click...
2025-09-20 20:18:28 [main] INFO  demoqaLog - 🔹 Attempting JS click...
2025-09-20 20:18:28 [main] INFO  demoqaBase - ✅ Clicked on Alerts...
2025-09-20 20:18:28 [main] INFO  demoqaBase - Page Title is: Alerts
2025-09-20 20:18:28 [main] INFO  demoqaLog - ⏳ Waiting for page to fully load (timeout: 30s)
2025-09-20 20:18:59 [main] WARN  demoqaLog - ⚠️ Page did not load within 30 seconds.
2025-09-20 20:18:59 [main] INFO  demoqaBase - 🔍 Starting test for On button click, confirm box will appear, Accept...
🔹 Trying JS click on WebElement (attempt 1)
2025-09-20 20:18:59 [main] INFO  demoqaLog - 🔹 Trying JS click on WebElement (attempt 1)
🔹 Attempting JS click...
2025-09-20 20:18:59 [main] INFO  demoqaLog - 🔹 Attempting JS click...
2025-09-20 20:18:59 [main] INFO  demoqaBase - ✅ Clicked On button click, confirm box will appear, Accept...
2025-09-20 20:18:59 [main] INFO  demoqaBase - ✅ On button click, confirm box will appear, message is: Do you confirm action?
2025-09-20 20:18:59 [main] INFO  demoqaBase - ✅ Your Selection was: You selected Ok
2025-09-20 20:18:59 [main] INFO  demoqaBase - ✅ Alerts, Frames & Windows|Alerts|On button click, confirm box will appear, Accept Test Completed...
]]></system-out>
  </testcase>
  <testcase name="ClickDenyConfirmationBox" classname="tests.AlertsFramesWindowsTests" time="30.787">
    <system-out><![CDATA[2025-09-20 20:18:59 [main] INFO  demoqaBase - Closing browser for test: ClickAcceptConfirmationBox
2025-09-20 20:18:59 [main] INFO  DriverFactory - 🌐 Starting Chrome Web Browser...
2025-09-20 20:18:59 [main] INFO  DriverFactory - ✅ Created temporary Chrome profile at C:\Users\dell\AppData\Local\Temp\chrome-profile-7877926923890162612
2025-09-20 20:19:00 [main] INFO  DriverFactory - 🚀 WebDriver started successfully
2025-09-20 20:19:00 [main] INFO  RetryUrlAccess - 🌐 Navigating to URL (attempt 1): https://demoqa.com
2025-09-20 20:19:03 [main] INFO  RetryUrlAccess - ✅ Navigation successful on attempt 1
2025-09-20 20:19:03 [main] INFO  demoqaBase - 🧪 Starting Test Alerts, Frames & Windows|Alerts|On button click, confirm box will appear, Deny...
2025-09-20 20:19:03 [main] INFO  demoqaBase - Accessing Alerts, Frame & Windows Card...
Declared Instance WebDriverWait: org.openqa.selenium.support.ui.WebDriverWait@5a0f87e5
2025-09-20 20:19:03 [main] INFO  demoqaLog - Clicking on Alert Frame & Windows Card...
🔹 Trying JS click by locator (attempt 1)
2025-09-20 20:19:03 [main] INFO  demoqaLog - 🔹 Trying JS click by locator (attempt 1)
🔹 Attempting JS click...
2025-09-20 20:19:03 [main] INFO  demoqaLog - 🔹 Attempting JS click...
2025-09-20 20:19:03 [main] INFO  demoqaLog - Clicked on Alert Frame & Windows Card...
Title of this Page is: DEMOQA
You are Accessing: Alerts, Frame & Windows
2025-09-20 20:19:03 [main] INFO  demoqaBase - Alerts, Frame & Windows Card: Please select an item from left to start practice.
2025-09-20 20:19:03 [main] INFO  demoqaBase - 🔍 Starting test for Alerts click ..
🔹 Trying JS click on WebElement (attempt 1)
2025-09-20 20:19:03 [main] INFO  demoqaLog - 🔹 Trying JS click on WebElement (attempt 1)
🔹 Attempting JS click...
2025-09-20 20:19:03 [main] INFO  demoqaLog - 🔹 Attempting JS click...
2025-09-20 20:19:04 [main] INFO  demoqaBase - ✅ Clicked on Alerts...
2025-09-20 20:19:04 [main] INFO  demoqaBase - Page Title is: Alerts
2025-09-20 20:19:04 [main] INFO  demoqaLog - ⏳ Waiting for page to fully load (timeout: 30s)
2025-09-20 20:19:34 [main] WARN  demoqaLog - ⚠️ Page did not load within 30 seconds.
2025-09-20 20:19:34 [main] INFO  demoqaBase - 🔍 Starting test for On button click, confirm box will appear, Deny...
🔹 Trying JS click on WebElement (attempt 1)
2025-09-20 20:19:34 [main] INFO  demoqaLog - 🔹 Trying JS click on WebElement (attempt 1)
🔹 Attempting JS click...
2025-09-20 20:19:34 [main] INFO  demoqaLog - 🔹 Attempting JS click...
2025-09-20 20:19:34 [main] INFO  demoqaBase - ✅ Clicked On button click, confirm box will appear, Deny...
2025-09-20 20:19:34 [main] INFO  demoqaBase - ✅ On button click, confirm box will appear, message is: Do you confirm action?
2025-09-20 20:19:34 [main] INFO  demoqaBase - ✅ Your Selection was: You selected Cancel
2025-09-20 20:19:34 [main] INFO  demoqaBase - ✅ Alerts, Frames & Windows|Alerts|On button click, confirm box will appear, Deny Test Completed...
]]></system-out>
  </testcase>
  <testcase name="ClickPromptBoxFill" classname="tests.AlertsFramesWindowsTests" time="14.334">
    <system-out><![CDATA[2025-09-20 20:19:34 [main] INFO  demoqaBase - Closing browser for test: ClickDenyConfirmationBox
2025-09-20 20:19:34 [main] INFO  DriverFactory - 🌐 Starting Chrome Web Browser...
2025-09-20 20:19:34 [main] INFO  DriverFactory - ✅ Created temporary Chrome profile at C:\Users\dell\AppData\Local\Temp\chrome-profile-15284583710781343695
2025-09-20 20:19:35 [main] INFO  DriverFactory - 🚀 WebDriver started successfully
2025-09-20 20:19:35 [main] INFO  RetryUrlAccess - 🌐 Navigating to URL (attempt 1): https://demoqa.com
2025-09-20 20:19:39 [main] INFO  RetryUrlAccess - ✅ Navigation successful on attempt 1
2025-09-20 20:19:39 [main] INFO  demoqaBase - 🧪 Starting Test Alerts, Frames & Windows|Alerts|On button click, prompt box will appear, Fill data...
2025-09-20 20:19:39 [main] INFO  demoqaBase - Accessing Alerts, Frame & Windows Card...
Declared Instance WebDriverWait: org.openqa.selenium.support.ui.WebDriverWait@58f290bc
2025-09-20 20:19:39 [main] INFO  demoqaLog - Clicking on Alert Frame & Windows Card...
🔹 Trying JS click by locator (attempt 1)
2025-09-20 20:19:39 [main] INFO  demoqaLog - 🔹 Trying JS click by locator (attempt 1)
🔹 Attempting JS click...
2025-09-20 20:19:39 [main] INFO  demoqaLog - 🔹 Attempting JS click...
2025-09-20 20:19:39 [main] INFO  demoqaLog - Clicked on Alert Frame & Windows Card...
Title of this Page is: DEMOQA
You are Accessing: Alerts, Frame & Windows
2025-09-20 20:19:39 [main] INFO  demoqaBase - Alerts, Frame & Windows Card: Please select an item from left to start practice.
2025-09-20 20:19:39 [main] INFO  demoqaBase - 🔍 Starting test for Alerts click ..
🔹 Trying JS click on WebElement (attempt 1)
2025-09-20 20:19:39 [main] INFO  demoqaLog - 🔹 Trying JS click on WebElement (attempt 1)
🔹 Attempting JS click...
2025-09-20 20:19:39 [main] INFO  demoqaLog - 🔹 Attempting JS click...
2025-09-20 20:19:39 [main] INFO  demoqaBase - ✅ Clicked on Alerts...
2025-09-20 20:19:39 [main] INFO  demoqaBase - Page Title is: Alerts
2025-09-20 20:19:39 [main] INFO  demoqaLog - ⏳ Waiting for page to fully load (timeout: 30s)
2025-09-20 20:19:53 [main] INFO  demoqaLog - ✅ Page load completed.
2025-09-20 20:19:53 [main] INFO  demoqaBase - 🔍 Starting test for On button click, prompt box will appear, Fill data...
🔹 Trying JS click on WebElement (attempt 1)
2025-09-20 20:19:53 [main] INFO  demoqaLog - 🔹 Trying JS click on WebElement (attempt 1)
🔹 Attempting JS click...
2025-09-20 20:19:53 [main] INFO  demoqaLog - 🔹 Attempting JS click...
2025-09-20 20:19:53 [main] INFO  demoqaBase - ✅ Clicked On button click, prompt box will appear, Fill data...
2025-09-20 20:19:53 [main] INFO  demoqaBase - ✅ On button click, prompt box will appear, message is: Please enter your name
2025-09-20 20:19:53 [main] INFO  demoqaBase - ✅ Your Selection was: You entered Java Selenium
2025-09-20 20:19:53 [main] INFO  demoqaBase - ✅ Alerts, Frames & Windows|Alerts|On button click, prompt box will appear, Fill data Test Completed...
]]></system-out>
  </testcase>
  <testcase name="ClickFrames" classname="tests.AlertsFramesWindowsTests" time="0.48">
    <system-out><![CDATA[2025-09-20 20:19:53 [main] INFO  demoqaBase - Closing browser for test: ClickPromptBoxFill
2025-09-20 20:19:53 [main] INFO  DriverFactory - 🌐 Starting Chrome Web Browser...
2025-09-20 20:19:53 [main] INFO  DriverFactory - ✅ Created temporary Chrome profile at C:\Users\dell\AppData\Local\Temp\chrome-profile-3034960930075941001
2025-09-20 20:19:54 [main] INFO  DriverFactory - 🚀 WebDriver started successfully
2025-09-20 20:19:54 [main] INFO  RetryUrlAccess - 🌐 Navigating to URL (attempt 1): https://demoqa.com
2025-09-20 20:19:57 [main] INFO  RetryUrlAccess - ✅ Navigation successful on attempt 1
2025-09-20 20:19:57 [main] INFO  demoqaBase - 🧪 Starting Test Alerts, Frames & Windows|Frames...
2025-09-20 20:19:57 [main] INFO  demoqaBase - Accessing Alerts, Frame & Windows Card...
Declared Instance WebDriverWait: org.openqa.selenium.support.ui.WebDriverWait@2e44cb34
2025-09-20 20:19:57 [main] INFO  demoqaLog - Clicking on Alert Frame & Windows Card...
🔹 Trying JS click by locator (attempt 1)
2025-09-20 20:19:57 [main] INFO  demoqaLog - 🔹 Trying JS click by locator (attempt 1)
🔹 Attempting JS click...
2025-09-20 20:19:57 [main] INFO  demoqaLog - 🔹 Attempting JS click...
2025-09-20 20:19:57 [main] INFO  demoqaLog - Clicked on Alert Frame & Windows Card...
Title of this Page is: DEMOQA
You are Accessing: Alerts, Frame & Windows
2025-09-20 20:19:57 [main] INFO  demoqaBase - Alerts, Frame & Windows Card: Please select an item from left to start practice.
2025-09-20 20:19:57 [main] INFO  demoqaBase - 🔍 Starting test for Frames click ..
🔹 Trying JS click on WebElement (attempt 1)
2025-09-20 20:19:57 [main] INFO  demoqaLog - 🔹 Trying JS click on WebElement (attempt 1)
🔹 Attempting JS click...
2025-09-20 20:19:57 [main] INFO  demoqaLog - 🔹 Attempting JS click...
2025-09-20 20:19:57 [main] INFO  demoqaBase - ✅ Clicked on Frames...
2025-09-20 20:19:57 [main] INFO  demoqaBase - Page Title is: Frames
2025-09-20 20:19:57 [main] INFO  demoqaBase - ✅ Alerts, Frames & Windows|Frames Test Completed...
]]></system-out>
  </testcase>
  <testcase name="GetFrame1" classname="tests.AlertsFramesWindowsTests" time="30.73">
    <system-out><![CDATA[2025-09-20 20:19:57 [main] INFO  demoqaBase - Closing browser for test: ClickFrames
2025-09-20 20:19:58 [main] INFO  DriverFactory - 🌐 Starting Chrome Web Browser...
2025-09-20 20:19:58 [main] INFO  DriverFactory - ✅ Created temporary Chrome profile at C:\Users\dell\AppData\Local\Temp\chrome-profile-9656670013432121061
2025-09-20 20:19:59 [main] INFO  DriverFactory - 🚀 WebDriver started successfully
2025-09-20 20:19:59 [main] INFO  RetryUrlAccess - 🌐 Navigating to URL (attempt 1): https://demoqa.com
2025-09-20 20:20:02 [main] INFO  RetryUrlAccess - ✅ Navigation successful on attempt 1
2025-09-20 20:20:02 [main] INFO  demoqaBase - 🧪 Starting Test Alerts, Frames & Windows|Frames|Frame1 message...
2025-09-20 20:20:02 [main] INFO  demoqaBase - Accessing Alerts, Frame & Windows Card...
Declared Instance WebDriverWait: org.openqa.selenium.support.ui.WebDriverWait@16e4db59
2025-09-20 20:20:02 [main] INFO  demoqaLog - Clicking on Alert Frame & Windows Card...
🔹 Trying JS click by locator (attempt 1)
2025-09-20 20:20:02 [main] INFO  demoqaLog - 🔹 Trying JS click by locator (attempt 1)
🔹 Attempting JS click...
2025-09-20 20:20:02 [main] INFO  demoqaLog - 🔹 Attempting JS click...
2025-09-20 20:20:02 [main] INFO  demoqaLog - Clicked on Alert Frame & Windows Card...
Title of this Page is: DEMOQA
You are Accessing: Alerts, Frame & Windows
2025-09-20 20:20:02 [main] INFO  demoqaBase - Alerts, Frame & Windows Card: Please select an item from left to start practice.
2025-09-20 20:20:02 [main] INFO  demoqaBase - 🔍 Starting test for Frames click ..
🔹 Trying JS click on WebElement (attempt 1)
2025-09-20 20:20:02 [main] INFO  demoqaLog - 🔹 Trying JS click on WebElement (attempt 1)
🔹 Attempting JS click...
2025-09-20 20:20:02 [main] INFO  demoqaLog - 🔹 Attempting JS click...
2025-09-20 20:20:02 [main] INFO  demoqaBase - ✅ Clicked on Frames...
2025-09-20 20:20:02 [main] INFO  demoqaBase - Page Title is: Frames
2025-09-20 20:20:02 [main] INFO  demoqaLog - ⏳ Waiting for page to fully load (timeout: 30s)
2025-09-20 20:20:32 [main] WARN  demoqaLog - ⚠️ Page did not load within 30 seconds.
2025-09-20 20:20:32 [main] INFO  demoqaBase - 🔍 Starting test for Frames|Frame1 Message...
2025-09-20 20:20:32 [main] INFO  demoqaBase - ✅ Switched to Frame1...
2025-09-20 20:20:32 [main] INFO  demoqaBase - Frame1 contains: This is a sample page
2025-09-20 20:20:32 [main] INFO  demoqaBase - ✅ Alerts, Frames & Windows|Frames|Frame1 message Test Completed...
]]></system-out>
  </testcase>
  <testcase name="GetFrame2" classname="tests.AlertsFramesWindowsTests" time="30.745">
    <system-out><![CDATA[2025-09-20 20:20:32 [main] INFO  demoqaBase - Closing browser for test: GetFrame1
2025-09-20 20:20:33 [main] INFO  DriverFactory - 🌐 Starting Chrome Web Browser...
2025-09-20 20:20:33 [main] INFO  DriverFactory - ✅ Created temporary Chrome profile at C:\Users\dell\AppData\Local\Temp\chrome-profile-1324552018626419398
2025-09-20 20:20:34 [main] INFO  DriverFactory - 🚀 WebDriver started successfully
2025-09-20 20:20:34 [main] INFO  RetryUrlAccess - 🌐 Navigating to URL (attempt 1): https://demoqa.com
2025-09-20 20:20:37 [main] INFO  RetryUrlAccess - ✅ Navigation successful on attempt 1
2025-09-20 20:20:37 [main] INFO  demoqaBase - 🧪 Starting Test Alerts, Frames & Windows|Frames|Frame2 message...
2025-09-20 20:20:37 [main] INFO  demoqaBase - Accessing Alerts, Frame & Windows Card...
Declared Instance WebDriverWait: org.openqa.selenium.support.ui.WebDriverWait@7c4a03a
2025-09-20 20:20:37 [main] INFO  demoqaLog - Clicking on Alert Frame & Windows Card...
🔹 Trying JS click by locator (attempt 1)
2025-09-20 20:20:37 [main] INFO  demoqaLog - 🔹 Trying JS click by locator (attempt 1)
🔹 Attempting JS click...
2025-09-20 20:20:37 [main] INFO  demoqaLog - 🔹 Attempting JS click...
2025-09-20 20:20:37 [main] INFO  demoqaLog - Clicked on Alert Frame & Windows Card...
Title of this Page is: DEMOQA
You are Accessing: Alerts, Frame & Windows
2025-09-20 20:20:37 [main] INFO  demoqaBase - Alerts, Frame & Windows Card: Please select an item from left to start practice.
2025-09-20 20:20:37 [main] INFO  demoqaBase - 🔍 Starting test for Frames click ..
🔹 Trying JS click on WebElement (attempt 1)
2025-09-20 20:20:37 [main] INFO  demoqaLog - 🔹 Trying JS click on WebElement (attempt 1)
🔹 Attempting JS click...
2025-09-20 20:20:37 [main] INFO  demoqaLog - 🔹 Attempting JS click...
2025-09-20 20:20:37 [main] INFO  demoqaBase - ✅ Clicked on Frames...
2025-09-20 20:20:37 [main] INFO  demoqaBase - Page Title is: Frames
2025-09-20 20:20:37 [main] INFO  demoqaLog - ⏳ Waiting for page to fully load (timeout: 30s)
2025-09-20 20:21:07 [main] WARN  demoqaLog - ⚠️ Page did not load within 30 seconds.
2025-09-20 20:21:07 [main] INFO  demoqaBase - 🔍 Starting test for Frames|Frame2 Message...
2025-09-20 20:21:08 [main] INFO  demoqaBase - ✅ Switched to Frame2...
2025-09-20 20:21:08 [main] INFO  demoqaBase - Frame2 contains: This is a sample page
2025-09-20 20:21:08 [main] INFO  demoqaBase - ✅ Alerts, Frames & Windows|Frames|Frame2 message Test Completed...
]]></system-out>
  </testcase>
  <testcase name="ClickModalDialogs" classname="tests.AlertsFramesWindowsTests" time="0.441">
    <system-out><![CDATA[2025-09-20 20:21:08 [main] INFO  demoqaBase - Closing browser for test: GetFrame2
2025-09-20 20:21:08 [main] INFO  DriverFactory - 🌐 Starting Chrome Web Browser...
2025-09-20 20:21:08 [main] INFO  DriverFactory - ✅ Created temporary Chrome profile at C:\Users\dell\AppData\Local\Temp\chrome-profile-2436434850714237106
2025-09-20 20:21:09 [main] INFO  DriverFactory - 🚀 WebDriver started successfully
2025-09-20 20:21:09 [main] INFO  RetryUrlAccess - 🌐 Navigating to URL (attempt 1): https://demoqa.com
2025-09-20 20:21:12 [main] INFO  RetryUrlAccess - ✅ Navigation successful on attempt 1
2025-09-20 20:21:12 [main] INFO  demoqaBase - 🧪 Starting Test Alerts, Frames & Windows|Modal Dialogs...
2025-09-20 20:21:12 [main] INFO  demoqaBase - Accessing Alerts, Frame & Windows Card...
Declared Instance WebDriverWait: org.openqa.selenium.support.ui.WebDriverWait@6f95654c
2025-09-20 20:21:12 [main] INFO  demoqaLog - Clicking on Alert Frame & Windows Card...
🔹 Trying JS click by locator (attempt 1)
2025-09-20 20:21:12 [main] INFO  demoqaLog - 🔹 Trying JS click by locator (attempt 1)
🔹 Attempting JS click...
2025-09-20 20:21:12 [main] INFO  demoqaLog - 🔹 Attempting JS click...
2025-09-20 20:21:12 [main] INFO  demoqaLog - Clicked on Alert Frame & Windows Card...
Title of this Page is: DEMOQA
You are Accessing: Alerts, Frame & Windows
2025-09-20 20:21:12 [main] INFO  demoqaBase - Alerts, Frame & Windows Card: Please select an item from left to start practice.
2025-09-20 20:21:12 [main] INFO  demoqaBase - 🔍 Starting test for Frames|Modal Dialogs click ..
🔹 Trying JS click on WebElement (attempt 1)
2025-09-20 20:21:12 [main] INFO  demoqaLog - 🔹 Trying JS click on WebElement (attempt 1)
🔹 Attempting JS click...
2025-09-20 20:21:12 [main] INFO  demoqaLog - 🔹 Attempting JS click...
2025-09-20 20:21:12 [main] INFO  demoqaBase - ✅ Clicked on Modal Dialogs...
2025-09-20 20:21:12 [main] INFO  demoqaBase - Page Title is: Modal Dialogs
2025-09-20 20:21:12 [main] INFO  demoqaBase - ✅ Alerts, Frames & Windows|Modal Dialogs Test Completed...
]]></system-out>
  </testcase>
  <testcase name="ClickNestedFrames" classname="tests.AlertsFramesWindowsTests" time="8.763">
    <system-out><![CDATA[2025-09-20 20:21:12 [main] INFO  demoqaBase - Closing browser for test: ClickModalDialogs
2025-09-20 20:21:12 [main] INFO  DriverFactory - 🌐 Starting Chrome Web Browser...
2025-09-20 20:21:12 [main] INFO  DriverFactory - ✅ Created temporary Chrome profile at C:\Users\dell\AppData\Local\Temp\chrome-profile-15103298762498093916
2025-09-20 20:21:13 [main] INFO  DriverFactory - 🚀 WebDriver started successfully
2025-09-20 20:21:13 [main] INFO  RetryUrlAccess - 🌐 Navigating to URL (attempt 1): https://demoqa.com
2025-09-20 20:21:16 [main] INFO  RetryUrlAccess - ✅ Navigation successful on attempt 1
2025-09-20 20:21:16 [main] INFO  demoqaBase - 🧪 Starting Test Alerts, Frames & Windows|Nested Frames...
2025-09-20 20:21:16 [main] INFO  demoqaBase - Accessing Alerts, Frame & Windows Card...
Declared Instance WebDriverWait: org.openqa.selenium.support.ui.WebDriverWait@28e24663
2025-09-20 20:21:16 [main] INFO  demoqaLog - Clicking on Alert Frame & Windows Card...
🔹 Trying JS click by locator (attempt 1)
2025-09-20 20:21:16 [main] INFO  demoqaLog - 🔹 Trying JS click by locator (attempt 1)
🔹 Attempting JS click...
2025-09-20 20:21:16 [main] INFO  demoqaLog - 🔹 Attempting JS click...
2025-09-20 20:21:16 [main] INFO  demoqaLog - Clicked on Alert Frame & Windows Card...
Title of this Page is: DEMOQA
You are Accessing: Alerts, Frame & Windows
2025-09-20 20:21:16 [main] INFO  demoqaBase - Alerts, Frame & Windows Card: Please select an item from left to start practice.
2025-09-20 20:21:16 [main] INFO  demoqaLog - ⏳ Waiting for page to fully load (timeout: 30s)
2025-09-20 20:21:25 [main] INFO  demoqaLog - ✅ Page load completed.
2025-09-20 20:21:25 [main] INFO  demoqaBase - 🔍 Starting test for Frames|Nested Frames click ..
🔹 Trying JS click on WebElement (attempt 1)
2025-09-20 20:21:25 [main] INFO  demoqaLog - 🔹 Trying JS click on WebElement (attempt 1)
🔹 Attempting JS click...
2025-09-20 20:21:25 [main] INFO  demoqaLog - 🔹 Attempting JS click...
2025-09-20 20:21:25 [main] INFO  demoqaBase - ✅ Clicked on Nested Frames...
2025-09-20 20:21:25 [main] INFO  demoqaBase - Page Title is: Nested Frames
2025-09-20 20:21:25 [main] INFO  demoqaBase - ✅ Alerts, Frames & Windows|Nested Frames Test Completed...
]]></system-out>
  </testcase>
  <testcase name="ClickLargeModal" classname="tests.AlertsFramesWindowsTests" time="28.084">
    <failure message="expected [] but found [Large Modal]" type="java.lang.AssertionError"><![CDATA[java.lang.AssertionError: expected [] but found [Large Modal]
	at org.testng.Assert.fail(Assert.java:111)
	at org.testng.Assert.failNotEquals(Assert.java:1590)
	at org.testng.Assert.assertEqualsImpl(Assert.java:150)
	at org.testng.Assert.assertEquals(Assert.java:132)
	at org.testng.Assert.assertEquals(Assert.java:656)
	at org.testng.Assert.assertEquals(Assert.java:666)
	at pages.alertsframewindowsPage.clickLargeModal(alertsframewindowsPage.java:462)
	at tests.AlertsFramesWindowsTests.ClickLargeModal(AlertsFramesWindowsTests.java:292)
	at java.base/jdk.internal.reflect.DirectMethodHandleAccessor.invoke(DirectMethodHandleAccessor.java:103)
	at java.base/java.lang.reflect.Method.invoke(Method.java:580)
	at org.testng.internal.invokers.MethodInvocationHelper.invokeMethod(MethodInvocationHelper.java:141)
	at org.testng.internal.invokers.TestInvoker.invokeMethod(TestInvoker.java:687)
	at org.testng.internal.invokers.TestInvoker.invokeTestMethod(TestInvoker.java:230)
	at org.testng.internal.invokers.MethodRunner.runInSequence(MethodRunner.java:63)
	at org.testng.internal.invokers.TestInvoker$MethodInvocationAgent.invoke(TestInvoker.java:995)
	at org.testng.internal.invokers.TestInvoker.invokeTestMethods(TestInvoker.java:203)
	at org.testng.internal.invokers.TestMethodWorker.invokeTestMethods(TestMethodWorker.java:154)
	at org.testng.internal.invokers.TestMethodWorker.run(TestMethodWorker.java:134)
	at java.base/java.util.ArrayList.forEach(ArrayList.java:1596)
	at org.testng.TestRunner.privateRun(TestRunner.java:741)
	at org.testng.TestRunner.run(TestRunner.java:616)
	at org.testng.SuiteRunner.runTest(SuiteRunner.java:421)
	at org.testng.SuiteRunner.runSequentially(SuiteRunner.java:413)
	at org.testng.SuiteRunner.privateRun(SuiteRunner.java:373)
	at org.testng.SuiteRunner.run(SuiteRunner.java:312)
	at org.testng.SuiteRunnerWorker.runSuite(SuiteRunnerWorker.java:52)
	at org.testng.SuiteRunnerWorker.run(SuiteRunnerWorker.java:95)
	at org.testng.TestNG.runSuitesSequentially(TestNG.java:1274)
	at org.testng.TestNG.runSuitesLocally(TestNG.java:1208)
	at org.testng.TestNG.runSuites(TestNG.java:1112)
	at org.testng.TestNG.run(TestNG.java:1079)
	at org.apache.maven.surefire.testng.TestNGExecutor.run(TestNGExecutor.java:155)
	at org.apache.maven.surefire.testng.TestNGDirectoryTestSuite.executeMulti(TestNGDirectoryTestSuite.java:169)
	at org.apache.maven.surefire.testng.TestNGDirectoryTestSuite.execute(TestNGDirectoryTestSuite.java:88)
	at org.apache.maven.surefire.testng.TestNGProvider.invoke(TestNGProvider.java:137)
	at org.apache.maven.surefire.booter.ForkedBooter.runSuitesInProcess(ForkedBooter.java:385)
	at org.apache.maven.surefire.booter.ForkedBooter.execute(ForkedBooter.java:162)
	at org.apache.maven.surefire.booter.ForkedBooter.run(ForkedBooter.java:507)
	at org.apache.maven.surefire.booter.ForkedBooter.main(ForkedBooter.java:495)
]]></failure>
    <system-out><![CDATA[2025-09-20 20:21:25 [main] INFO  demoqaBase - Closing browser for test: ClickNestedFrames
2025-09-20 20:21:25 [main] INFO  DriverFactory - 🌐 Starting Chrome Web Browser...
2025-09-20 20:21:25 [main] INFO  DriverFactory - ✅ Created temporary Chrome profile at C:\Users\dell\AppData\Local\Temp\chrome-profile-4883308074195836308
2025-09-20 20:21:26 [main] INFO  DriverFactory - 🚀 WebDriver started successfully
2025-09-20 20:21:26 [main] INFO  RetryUrlAccess - 🌐 Navigating to URL (attempt 1): https://demoqa.com
2025-09-20 20:21:29 [main] INFO  RetryUrlAccess - ✅ Navigation successful on attempt 1
2025-09-20 20:21:29 [main] INFO  demoqaBase - 🧪 Starting Test Alerts, Frames & Windows|Modal Dialogs|Large Modal...
2025-09-20 20:21:29 [main] INFO  demoqaBase - Accessing Alerts, Frame & Windows Card...
Declared Instance WebDriverWait: org.openqa.selenium.support.ui.WebDriverWait@341df373
2025-09-20 20:21:29 [main] INFO  demoqaLog - Clicking on Alert Frame & Windows Card...
🔹 Trying JS click by locator (attempt 1)
2025-09-20 20:21:29 [main] INFO  demoqaLog - 🔹 Trying JS click by locator (attempt 1)
🔹 Attempting JS click...
2025-09-20 20:21:29 [main] INFO  demoqaLog - 🔹 Attempting JS click...
2025-09-20 20:21:29 [main] INFO  demoqaLog - Clicked on Alert Frame & Windows Card...
Title of this Page is: DEMOQA
You are Accessing: Alerts, Frame & Windows
2025-09-20 20:21:29 [main] INFO  demoqaBase - Alerts, Frame & Windows Card: Please select an item from left to start practice.
2025-09-20 20:21:29 [main] INFO  demoqaBase - 🔍 Starting test for Frames|Modal Dialogs click ..
🔹 Trying JS click on WebElement (attempt 1)
2025-09-20 20:21:29 [main] INFO  demoqaLog - 🔹 Trying JS click on WebElement (attempt 1)
🔹 Attempting JS click...
2025-09-20 20:21:29 [main] INFO  demoqaLog - 🔹 Attempting JS click...
2025-09-20 20:21:30 [main] INFO  demoqaBase - ✅ Clicked on Modal Dialogs...
2025-09-20 20:21:30 [main] INFO  demoqaBase - Page Title is: Modal Dialogs
2025-09-20 20:21:30 [main] INFO  demoqaLog - ⏳ Waiting for page to fully load (timeout: 30s)
2025-09-20 20:21:57 [main] INFO  demoqaLog - ✅ Page load completed.
2025-09-20 20:21:57 [main] INFO  demoqaBase - 🔍 Starting test for Frames|Modal Dialogs|Large Modal click...
🔹 Trying JS click on WebElement (attempt 1)
2025-09-20 20:21:57 [main] INFO  demoqaLog - 🔹 Trying JS click on WebElement (attempt 1)
🔹 Attempting JS click...
2025-09-20 20:21:57 [main] INFO  demoqaLog - 🔹 Attempting JS click...
2025-09-20 20:21:57 [main] INFO  demoqaBase - ✅ Clicked on Modal Dialogs|Large Modal...
2025-09-20 20:21:57 [main] INFO  demoqaBase - Page Title is: 
]]></system-out>
  </testcase>
  <testcase name="ClickSmallModal" classname="tests.AlertsFramesWindowsTests" time="13.297">
    <failure message="expected [] but found [Small Modal]" type="java.lang.AssertionError"><![CDATA[java.lang.AssertionError: expected [] but found [Small Modal]
	at org.testng.Assert.fail(Assert.java:111)
	at org.testng.Assert.failNotEquals(Assert.java:1590)
	at org.testng.Assert.assertEqualsImpl(Assert.java:150)
	at org.testng.Assert.assertEquals(Assert.java:132)
	at org.testng.Assert.assertEquals(Assert.java:656)
	at org.testng.Assert.assertEquals(Assert.java:666)
	at pages.alertsframewindowsPage.clickSmallModal(alertsframewindowsPage.java:444)
	at tests.AlertsFramesWindowsTests.ClickSmallModal(AlertsFramesWindowsTests.java:276)
	at java.base/jdk.internal.reflect.DirectMethodHandleAccessor.invoke(DirectMethodHandleAccessor.java:103)
	at java.base/java.lang.reflect.Method.invoke(Method.java:580)
	at org.testng.internal.invokers.MethodInvocationHelper.invokeMethod(MethodInvocationHelper.java:141)
	at org.testng.internal.invokers.TestInvoker.invokeMethod(TestInvoker.java:687)
	at org.testng.internal.invokers.TestInvoker.invokeTestMethod(TestInvoker.java:230)
	at org.testng.internal.invokers.MethodRunner.runInSequence(MethodRunner.java:63)
	at org.testng.internal.invokers.TestInvoker$MethodInvocationAgent.invoke(TestInvoker.java:995)
	at org.testng.internal.invokers.TestInvoker.invokeTestMethods(TestInvoker.java:203)
	at org.testng.internal.invokers.TestMethodWorker.invokeTestMethods(TestMethodWorker.java:154)
	at org.testng.internal.invokers.TestMethodWorker.run(TestMethodWorker.java:134)
	at java.base/java.util.ArrayList.forEach(ArrayList.java:1596)
	at org.testng.TestRunner.privateRun(TestRunner.java:741)
	at org.testng.TestRunner.run(TestRunner.java:616)
	at org.testng.SuiteRunner.runTest(SuiteRunner.java:421)
	at org.testng.SuiteRunner.runSequentially(SuiteRunner.java:413)
	at org.testng.SuiteRunner.privateRun(SuiteRunner.java:373)
	at org.testng.SuiteRunner.run(SuiteRunner.java:312)
	at org.testng.SuiteRunnerWorker.runSuite(SuiteRunnerWorker.java:52)
	at org.testng.SuiteRunnerWorker.run(SuiteRunnerWorker.java:95)
	at org.testng.TestNG.runSuitesSequentially(TestNG.java:1274)
	at org.testng.TestNG.runSuitesLocally(TestNG.java:1208)
	at org.testng.TestNG.runSuites(TestNG.java:1112)
	at org.testng.TestNG.run(TestNG.java:1079)
	at org.apache.maven.surefire.testng.TestNGExecutor.run(TestNGExecutor.java:155)
	at org.apache.maven.surefire.testng.TestNGDirectoryTestSuite.executeMulti(TestNGDirectoryTestSuite.java:169)
	at org.apache.maven.surefire.testng.TestNGDirectoryTestSuite.execute(TestNGDirectoryTestSuite.java:88)
	at org.apache.maven.surefire.testng.TestNGProvider.invoke(TestNGProvider.java:137)
	at org.apache.maven.surefire.booter.ForkedBooter.runSuitesInProcess(ForkedBooter.java:385)
	at org.apache.maven.surefire.booter.ForkedBooter.execute(ForkedBooter.java:162)
	at org.apache.maven.surefire.booter.ForkedBooter.run(ForkedBooter.java:507)
	at org.apache.maven.surefire.booter.ForkedBooter.main(ForkedBooter.java:495)
]]></failure>
    <system-out><![CDATA[Path for Screenshot is: C:\ASN\eclipse_workspace\demoqa-automation/screenshots/ClickLargeModal_Failed_20250920_202157+2025-09-20_20-21-57.png
2025-09-20 20:21:57 [main] ERROR demoqaBase - ❌ Test ClickLargeModal failed. Screenshot captured.
2025-09-20 20:21:57 [main] INFO  demoqaBase - Closing browser for test: ClickLargeModal
2025-09-20 20:21:58 [main] INFO  DriverFactory - 🌐 Starting Chrome Web Browser...
2025-09-20 20:21:58 [main] INFO  DriverFactory - ✅ Created temporary Chrome profile at C:\Users\dell\AppData\Local\Temp\chrome-profile-5865295183612662636
2025-09-20 20:21:59 [main] INFO  DriverFactory - 🚀 WebDriver started successfully
2025-09-20 20:21:59 [main] INFO  RetryUrlAccess - 🌐 Navigating to URL (attempt 1): https://demoqa.com
2025-09-20 20:22:02 [main] INFO  RetryUrlAccess - ✅ Navigation successful on attempt 1
2025-09-20 20:22:02 [main] INFO  demoqaBase - 🧪 Starting Test Alerts, Frames & Windows|Modal Dialogs|Small Modal...
2025-09-20 20:22:02 [main] INFO  demoqaBase - Accessing Alerts, Frame & Windows Card...
Declared Instance WebDriverWait: org.openqa.selenium.support.ui.WebDriverWait@7ca7bddd
2025-09-20 20:22:02 [main] INFO  demoqaLog - Clicking on Alert Frame & Windows Card...
🔹 Trying JS click by locator (attempt 1)
2025-09-20 20:22:02 [main] INFO  demoqaLog - 🔹 Trying JS click by locator (attempt 1)
🔹 Attempting JS click...
2025-09-20 20:22:02 [main] INFO  demoqaLog - 🔹 Attempting JS click...
2025-09-20 20:22:02 [main] INFO  demoqaLog - Clicked on Alert Frame & Windows Card...
Title of this Page is: DEMOQA
You are Accessing: Alerts, Frame & Windows
2025-09-20 20:22:02 [main] INFO  demoqaBase - Alerts, Frame & Windows Card: Please select an item from left to start practice.
2025-09-20 20:22:02 [main] INFO  demoqaBase - 🔍 Starting test for Frames|Modal Dialogs click ..
🔹 Trying JS click on WebElement (attempt 1)
2025-09-20 20:22:02 [main] INFO  demoqaLog - 🔹 Trying JS click on WebElement (attempt 1)
🔹 Attempting JS click...
2025-09-20 20:22:02 [main] INFO  demoqaLog - 🔹 Attempting JS click...
2025-09-20 20:22:02 [main] INFO  demoqaBase - ✅ Clicked on Modal Dialogs...
2025-09-20 20:22:02 [main] INFO  demoqaBase - Page Title is: Modal Dialogs
2025-09-20 20:22:02 [main] INFO  demoqaLog - ⏳ Waiting for page to fully load (timeout: 30s)
2025-09-20 20:22:15 [main] INFO  demoqaLog - ✅ Page load completed.
2025-09-20 20:22:15 [main] INFO  demoqaBase - 🔍 Starting test for Frames|Modal Dialogs|Small Modal click...
🔹 Trying JS click on WebElement (attempt 1)
2025-09-20 20:22:15 [main] INFO  demoqaLog - 🔹 Trying JS click on WebElement (attempt 1)
🔹 Attempting JS click...
2025-09-20 20:22:15 [main] INFO  demoqaLog - 🔹 Attempting JS click...
2025-09-20 20:22:15 [main] INFO  demoqaBase - ✅ Clicked on Modal Dialogs|Small Modal...
2025-09-20 20:22:15 [main] INFO  demoqaBase - Page Title is: 
]]></system-out>
  </testcase>
  <testcase name="GetParentFrame" classname="tests.AlertsFramesWindowsTests" time="33.848">
    <system-out><![CDATA[Path for Screenshot is: C:\ASN\eclipse_workspace\demoqa-automation/screenshots/ClickSmallModal_Failed_20250920_202215+2025-09-20_20-22-15.png
2025-09-20 20:22:15 [main] ERROR demoqaBase - ❌ Test ClickSmallModal failed. Screenshot captured.
2025-09-20 20:22:15 [main] INFO  demoqaBase - Closing browser for test: ClickSmallModal
2025-09-20 20:22:16 [main] INFO  DriverFactory - 🌐 Starting Chrome Web Browser...
2025-09-20 20:22:16 [main] INFO  DriverFactory - ✅ Created temporary Chrome profile at C:\Users\dell\AppData\Local\Temp\chrome-profile-15276931101536954924
2025-09-20 20:22:17 [main] INFO  DriverFactory - 🚀 WebDriver started successfully
2025-09-20 20:22:17 [main] INFO  RetryUrlAccess - 🌐 Navigating to URL (attempt 1): https://demoqa.com
2025-09-20 20:22:20 [main] INFO  RetryUrlAccess - ✅ Navigation successful on attempt 1
2025-09-20 20:22:20 [main] INFO  demoqaBase - 🧪 Starting Test Alerts, Frames & Windows|Frames|Parent Frame message...
2025-09-20 20:22:20 [main] INFO  demoqaBase - Accessing Alerts, Frame & Windows Card...
Declared Instance WebDriverWait: org.openqa.selenium.support.ui.WebDriverWait@e30a8ef
2025-09-20 20:22:20 [main] INFO  demoqaLog - Clicking on Alert Frame & Windows Card...
🔹 Trying JS click by locator (attempt 1)
2025-09-20 20:22:20 [main] INFO  demoqaLog - 🔹 Trying JS click by locator (attempt 1)
🔹 Attempting JS click...
2025-09-20 20:22:20 [main] INFO  demoqaLog - 🔹 Attempting JS click...
2025-09-20 20:22:20 [main] INFO  demoqaLog - Clicked on Alert Frame & Windows Card...
Title of this Page is: DEMOQA
You are Accessing: Alerts, Frame & Windows
2025-09-20 20:22:20 [main] INFO  demoqaBase - Alerts, Frame & Windows Card: Please select an item from left to start practice.
2025-09-20 20:22:20 [main] INFO  demoqaBase - 🔍 Starting test for Frames|Nested Frames click ..
🔹 Trying JS click on WebElement (attempt 1)
2025-09-20 20:22:20 [main] INFO  demoqaLog - 🔹 Trying JS click on WebElement (attempt 1)
🔹 Attempting JS click...
2025-09-20 20:22:20 [main] INFO  demoqaLog - 🔹 Attempting JS click...
2025-09-20 20:22:20 [main] INFO  demoqaBase - ✅ Clicked on Nested Frames...
2025-09-20 20:22:20 [main] INFO  demoqaBase - Page Title is: Nested Frames
2025-09-20 20:22:20 [main] INFO  demoqaLog - ⏳ Waiting for page to fully load (timeout: 30s)
2025-09-20 20:22:50 [main] WARN  demoqaLog - ⚠️ Page did not load within 30 seconds.
2025-09-20 20:22:50 [main] INFO  demoqaBase - 🔍 Starting test for Frames|Parent Frame Message...
2025-09-20 20:22:53 [main] INFO  demoqaBase - After switching, frame body contains: [Parent frame]
2025-09-20 20:22:53 [main] INFO  demoqaBase - ✅ Alerts, Frames & Windows|Frames|Parent Frame message Test Completed...
]]></system-out>
  </testcase>
  <testcase name="GetChildFrame" classname="tests.AlertsFramesWindowsTests" time="14.893">
    <system-out><![CDATA[2025-09-20 20:22:53 [main] INFO  demoqaBase - Closing browser for test: GetParentFrame
2025-09-20 20:22:54 [main] INFO  DriverFactory - 🌐 Starting Chrome Web Browser...
2025-09-20 20:22:54 [main] INFO  DriverFactory - ✅ Created temporary Chrome profile at C:\Users\dell\AppData\Local\Temp\chrome-profile-17905538756156144223
2025-09-20 20:22:55 [main] INFO  DriverFactory - 🚀 WebDriver started successfully
2025-09-20 20:22:55 [main] INFO  RetryUrlAccess - 🌐 Navigating to URL (attempt 1): https://demoqa.com
2025-09-20 20:22:58 [main] INFO  RetryUrlAccess - ✅ Navigation successful on attempt 1
2025-09-20 20:22:58 [main] INFO  demoqaBase - 🧪 Starting Test Alerts, Frames & Windows|Frames|Child Frame message...
2025-09-20 20:22:58 [main] INFO  demoqaBase - Accessing Alerts, Frame & Windows Card...
Declared Instance WebDriverWait: org.openqa.selenium.support.ui.WebDriverWait@71eead09
2025-09-20 20:22:58 [main] INFO  demoqaLog - Clicking on Alert Frame & Windows Card...
🔹 Trying JS click by locator (attempt 1)
2025-09-20 20:22:58 [main] INFO  demoqaLog - 🔹 Trying JS click by locator (attempt 1)
🔹 Attempting JS click...
2025-09-20 20:22:58 [main] INFO  demoqaLog - 🔹 Attempting JS click...
2025-09-20 20:22:58 [main] INFO  demoqaLog - Clicked on Alert Frame & Windows Card...
Title of this Page is: DEMOQA
You are Accessing: Alerts, Frame & Windows
2025-09-20 20:22:58 [main] INFO  demoqaBase - Alerts, Frame & Windows Card: Please select an item from left to start practice.
2025-09-20 20:22:58 [main] INFO  demoqaBase - 🔍 Starting test for Frames|Nested Frames click ..
🔹 Trying JS click on WebElement (attempt 1)
2025-09-20 20:22:58 [main] INFO  demoqaLog - 🔹 Trying JS click on WebElement (attempt 1)
🔹 Attempting JS click...
2025-09-20 20:22:58 [main] INFO  demoqaLog - 🔹 Attempting JS click...
2025-09-20 20:22:58 [main] INFO  demoqaBase - ✅ Clicked on Nested Frames...
2025-09-20 20:22:58 [main] INFO  demoqaBase - Page Title is: Nested Frames
2025-09-20 20:22:58 [main] INFO  demoqaLog - ⏳ Waiting for page to fully load (timeout: 30s)
2025-09-20 20:23:12 [main] INFO  demoqaLog - ✅ Page load completed.
2025-09-20 20:23:12 [main] INFO  demoqaBase - 🔍 Starting test for Frames|Child Frame Message...
2025-09-20 20:23:12 [main] INFO  demoqaBase - After switching, frame body contains: [Child Iframe]
2025-09-20 20:23:12 [main] INFO  demoqaBase - ✅ Alerts, Frames & Windows|Frames|Child Frame message Test Completed...
]]></system-out>
  </testcase>
  <testcase name="ElementsCard" classname="tests.ElementsTests" time="0.403">
    <system-out><![CDATA[2025-09-20 20:23:12 [main] INFO  demoqaBase - Closing browser for test: GetChildFrame
2025-09-20 20:23:13 [main] INFO  DriverFactory - 🌐 Starting Chrome Web Browser...
2025-09-20 20:23:13 [main] INFO  DriverFactory - ✅ Created temporary Chrome profile at C:\Users\dell\AppData\Local\Temp\chrome-profile-2536593874171832721
2025-09-20 20:23:14 [main] INFO  DriverFactory - 🚀 WebDriver started successfully
2025-09-20 20:23:14 [main] INFO  RetryUrlAccess - 🌐 Navigating to URL (attempt 1): https://demoqa.com
2025-09-20 20:23:17 [main] INFO  RetryUrlAccess - ✅ Navigation successful on attempt 1
2025-09-20 20:23:17 [main] INFO  demoqaBase - 🧪 Starting Test Elements | Text Box Test...
Instance Variables Declared are: nullnull
2025-09-20 20:23:17 [main] INFO  demoqaBase - Accessing Elements Card...
2025-09-20 20:23:17 [main] INFO  demoqaLog - Clicking on Elements Card...
🔹 Trying JS click by locator (attempt 1)
2025-09-20 20:23:17 [main] INFO  demoqaLog - 🔹 Trying JS click by locator (attempt 1)
🔹 Attempting JS click...
2025-09-20 20:23:17 [main] INFO  demoqaLog - 🔹 Attempting JS click...
⚡ Falling back to native click by locator (attempt 1)
2025-09-20 20:23:17 [main] INFO  demoqaLog - ⚡ Falling back to native click by locator (attempt 1)
2025-09-20 20:23:17 [main] INFO  demoqaLog - Clicked on Elements Card...
Title of this Page is: DEMOQA
You are Accessing: Elements
 
Elements: Please select an item from left to start practice.
2025-09-20 20:23:17 [main] INFO  demoqaBase - Elements: Please select an item from left to start practice.
Title of this Page is: DEMOQA
2025-09-20 20:23:17 [main] INFO  demoqaBase - ✅ Element Card Test Completed...
]]></system-out>
  </testcase>
  <testcase name="TextBox[TextBoxUser{firstName=&apos;Johny&apos;, lastName=&apos;Bravo&apos;, email=&apos;Jbravo@demoqa.com&apos;, currentAddress=&apos;301 Town 481, Brookville\n kansas 42129\n United States&apos;, permanentAddress=&apos;511 Grant 481, Prattsville\n Arkansas 72129\n United States&apos;}](1)" classname="tests.ElementsTests" time="32.163">
    <system-out><![CDATA[2025-09-20 20:23:17 [main] INFO  demoqaBase - Closing browser for test: ElementsCard
2025-09-20 20:23:17 [main] WARN  PauseManager - ⏸ Pausing for 5 minutes after 20 tests...
2025-09-20 20:23:17 [main] INFO  PauseManager - ▶ Resuming in 5 minutes...
2025-09-20 20:24:18 [main] INFO  PauseManager - ▶ Resuming in 4 minutes...
2025-09-20 20:25:18 [main] INFO  PauseManager - ▶ Resuming in 3 minutes...
2025-09-20 20:26:19 [main] INFO  PauseManager - ▶ Resuming in 2 minutes...
2025-09-20 20:27:19 [main] INFO  PauseManager - ▶ Resuming in 1 minutes...
2025-09-20 20:28:10 [main] INFO  PauseManager - ▶ Resuming in 10 seconds...
2025-09-20 20:28:11 [main] INFO  PauseManager - ▶ Resuming in 9 seconds...
2025-09-20 20:28:12 [main] INFO  PauseManager - ▶ Resuming in 8 seconds...
2025-09-20 20:28:13 [main] INFO  PauseManager - ▶ Resuming in 7 seconds...
2025-09-20 20:28:14 [main] INFO  PauseManager - ▶ Resuming in 6 seconds...
2025-09-20 20:28:15 [main] INFO  PauseManager - ▶ Resuming in 5 seconds...
2025-09-20 20:28:16 [main] INFO  PauseManager - ▶ Resuming in 4 seconds...
2025-09-20 20:28:17 [main] INFO  PauseManager - ▶ Resuming in 3 seconds...
2025-09-20 20:28:18 [main] INFO  PauseManager - ▶ Resuming in 2 seconds...
2025-09-20 20:28:19 [main] INFO  PauseManager - ▶ Resuming in 1 seconds...
2025-09-20 20:28:20 [main] INFO  PauseManager - ✅ Pause complete. Resuming tests...
🧾 Row 1: {Salary=28000.0, Email=Jbravo@demoqa.com, DOBTime=6:45:00 am, Address=511 Grant 481, Prattsville\n Arkansas 72129\n United States, First Name=Johny, Gender=Male, City=Delhi, Mobile=9.238343488E9, Hobbies=Sports,Music, Subject=Computer Science, Current Address=301 Town 481, Brookville\n kansas 42129\n United States, Department=Information Technology, DOB=15/08/2000, Picture=/TestData/Mphoto.jpg, State=NCR, Last Name=Bravo, Age=34.0}
🔍 Mapping field: firstName | Excel Column: First Name | Value: Johny
🔍 Mapping field: lastName | Excel Column: Last Name | Value: Bravo
🔍 Mapping field: email | Excel Column: Email | Value: Jbravo@demoqa.com
🔍 Mapping field: currentAddress | Excel Column: Current Address | Value: 301 Town 481, Brookville\n kansas 42129\n United States
🔍 Mapping field: permanentAddress | Excel Column: Address | Value: 511 Grant 481, Prattsville\n Arkansas 72129\n United States
🧾 Row 2: {Salary=18000.0, Email=GFemina@demoqa.com, DOBTime=4:30:00 pm, Address=512 Grant 481, Prattsville\n Arkansas 72129\n United States, First Name=Gene, Gender=Female, City=Merrut, Mobile=1.888343432E9, Hobbies=Music,Reading, Subject=Accounting, Current Address=302 Town 481, Brookville\n kansas 42129\n United States, Department=Finance, DOB=22/05/2002, Picture=/TestData/Fphoto.png, State=Uttar Pradesh, Last Name=Femina, Age=30.0}
🔍 Mapping field: firstName | Excel Column: First Name | Value: Gene
🔍 Mapping field: lastName | Excel Column: Last Name | Value: Femina
🔍 Mapping field: email | Excel Column: Email | Value: GFemina@demoqa.com
🔍 Mapping field: currentAddress | Excel Column: Current Address | Value: 302 Town 481, Brookville\n kansas 42129\n United States
🔍 Mapping field: permanentAddress | Excel Column: Address | Value: 512 Grant 481, Prattsville\n Arkansas 72129\n United States
🧾 Row 3: {Salary=15000.0, Email=BWisem@demoqa.com, DOBTime=8:45:00 pm, Address=513 Grant 481, Prattsville\n Arkansas 72129\n United States, First Name=Bud, Gender=Other, City=Panipat, Mobile=8.932465432E9, Hobbies=Reading, Subject=Biology, Current Address=303 Town 481, Brookville\n kansas 42129\n United States, Department=Medicine, DOB=31/12/1999, Picture=/TestData/Ophoto.jpg, State=Haryana, Last Name=Wisem, Age=40.0}
🔍 Mapping field: firstName | Excel Column: First Name | Value: Bud
🔍 Mapping field: lastName | Excel Column: Last Name | Value: Wisem
🔍 Mapping field: email | Excel Column: Email | Value: BWisem@demoqa.com
🔍 Mapping field: currentAddress | Excel Column: Current Address | Value: 303 Town 481, Brookville\n kansas 42129\n United States
🔍 Mapping field: permanentAddress | Excel Column: Address | Value: 513 Grant 481, Prattsville\n Arkansas 72129\n United States
🧾 Row 4: {Salary=19000.0, Email=TBoss@demoqa.com, DOBTime=5:45:00 am, Address=514 Grant 481, Prattsville\n Arkansas 72129\n United States, First Name=Tom, Gender=Male, City=Jaiselmer, Mobile=7.839875281E9, Hobbies=Sports,Reading, Subject=Social Studies, Current Address=304 Town 481, Brookville\n kansas 42129\n United States, Department=Recreation, DOB=1/26/03, Picture=/TestData/M2photo.jpg, State=Rajasthan, Last Name=Boss, Age=42.0}
🔍 Mapping field: firstName | Excel Column: First Name | Value: Tom
🔍 Mapping field: lastName | Excel Column: Last Name | Value: Boss
🔍 Mapping field: email | Excel Column: Email | Value: TBoss@demoqa.com
🔍 Mapping field: currentAddress | Excel Column: Current Address | Value: 304 Town 481, Brookville\n kansas 42129\n United States
🔍 Mapping field: permanentAddress | Excel Column: Address | Value: 514 Grant 481, Prattsville\n Arkansas 72129\n United States
2025-09-20 20:28:21 [main] INFO  DriverFactory - 🌐 Starting Chrome Web Browser...
2025-09-20 20:28:21 [main] INFO  DriverFactory - ✅ Created temporary Chrome profile at C:\Users\dell\AppData\Local\Temp\chrome-profile-9917551125667779676
2025-09-20 20:28:22 [main] INFO  DriverFactory - 🚀 WebDriver started successfully
2025-09-20 20:28:22 [main] INFO  RetryUrlAccess - 🌐 Navigating to URL (attempt 1): https://demoqa.com
2025-09-20 20:28:25 [main] INFO  RetryUrlAccess - ✅ Navigation successful on attempt 1
2025-09-20 20:28:25 [main] INFO  demoqaBase - 🧪 Starting Test Elements | Text Box Test...
Instance Variables Declared are: nullnull
2025-09-20 20:28:25 [main] INFO  demoqaBase - Accessing Elements Card...
2025-09-20 20:28:25 [main] INFO  demoqaLog - Clicking on Elements Card...
🔹 Trying JS click by locator (attempt 1)
2025-09-20 20:28:25 [main] INFO  demoqaLog - 🔹 Trying JS click by locator (attempt 1)
🔹 Attempting JS click...
2025-09-20 20:28:25 [main] INFO  demoqaLog - 🔹 Attempting JS click...
⚡ Falling back to native click by locator (attempt 1)
2025-09-20 20:28:25 [main] INFO  demoqaLog - ⚡ Falling back to native click by locator (attempt 1)
2025-09-20 20:28:25 [main] INFO  demoqaLog - Clicked on Elements Card...
Title of this Page is: DEMOQA
You are Accessing: Elements
 
Elements: Please select an item from left to start practice.
2025-09-20 20:28:25 [main] INFO  demoqaBase - Elements: Please select an item from left to start practice.
2025-09-20 20:28:25 [main] INFO  demoqaBase - Accessing Text Box...
🔹 Trying JS click on WebElement (attempt 1)
2025-09-20 20:28:25 [main] INFO  demoqaLog - 🔹 Trying JS click on WebElement (attempt 1)
🔹 Attempting JS click...
2025-09-20 20:28:25 [main] INFO  demoqaLog - 🔹 Attempting JS click...
Text Box
2025-09-20 20:28:25 [main] INFO  demoqaBase - You are accessing: Text Box
2025-09-20 20:28:25 [main] INFO  demoqaLog - ⏳ Waiting for page to fully load (timeout: 30s)
2025-09-20 20:28:56 [main] WARN  demoqaLog - ⚠️ Page did not load within 30 seconds.
2025-09-20 20:28:56 [main] INFO  demoqaBase - 📝 Filling TextBox form for user: Johny Bravo
2025-09-20 20:28:57 [main] INFO  demoqaBase - ✅ Form filled successfully for: Johny Bravo
2025-09-20 20:28:57 [main] INFO  demoqaLog - ✅ JS click executed on element: {}
2025-09-20 20:28:57 [main] INFO  demoqaBase - 🔍 Validating submitted form for: Johny Bravo
2025-09-20 20:28:57 [main] INFO  demoqaBase - ✅ Validation passed for user: Johny Bravo
2025-09-20 20:28:57 [main] INFO  demoqaBase - ✅ Text Box Element Test Completed...
]]></system-out>
  </testcase>
  <testcase name="TextBox[TextBoxUser{firstName=&apos;Gene&apos;, lastName=&apos;Femina&apos;, email=&apos;GFemina@demoqa.com&apos;, currentAddress=&apos;302 Town 481, Brookville\n kansas 42129\n United States&apos;, permanentAddress=&apos;512 Grant 481, Prattsville\n Arkansas 72129\n United States&apos;}](2)" classname="tests.ElementsTests" time="32.158">
    <system-out><![CDATA[Path for Screenshot is: C:\ASN\eclipse_workspace\demoqa-automation/screenshots/TextBox_Passed_20250920_202857+2025-09-20_20-28-57.png
2025-09-20 20:28:57 [main] INFO  demoqaBase - ✅ Test TextBox passed. Screenshot captured.
2025-09-20 20:28:57 [main] INFO  demoqaBase - Closing browser for test: TextBox
2025-09-20 20:28:57 [main] INFO  DriverFactory - 🌐 Starting Chrome Web Browser...
2025-09-20 20:28:57 [main] INFO  DriverFactory - ✅ Created temporary Chrome profile at C:\Users\dell\AppData\Local\Temp\chrome-profile-4244845560773163317
2025-09-20 20:28:59 [main] INFO  DriverFactory - 🚀 WebDriver started successfully
2025-09-20 20:28:59 [main] INFO  RetryUrlAccess - 🌐 Navigating to URL (attempt 1): https://demoqa.com
2025-09-20 20:29:02 [main] INFO  RetryUrlAccess - ✅ Navigation successful on attempt 1
2025-09-20 20:29:02 [main] INFO  demoqaBase - 🧪 Starting Test Elements | Text Box Test...
Instance Variables Declared are: nullnull
2025-09-20 20:29:02 [main] INFO  demoqaBase - Accessing Elements Card...
2025-09-20 20:29:02 [main] INFO  demoqaLog - Clicking on Elements Card...
🔹 Trying JS click by locator (attempt 1)
2025-09-20 20:29:02 [main] INFO  demoqaLog - 🔹 Trying JS click by locator (attempt 1)
🔹 Attempting JS click...
2025-09-20 20:29:02 [main] INFO  demoqaLog - 🔹 Attempting JS click...
⚡ Falling back to native click by locator (attempt 1)
2025-09-20 20:29:02 [main] INFO  demoqaLog - ⚡ Falling back to native click by locator (attempt 1)
2025-09-20 20:29:02 [main] INFO  demoqaLog - Clicked on Elements Card...
Title of this Page is: DEMOQA
You are Accessing: Elements
 
Elements: Please select an item from left to start practice.
2025-09-20 20:29:02 [main] INFO  demoqaBase - Elements: Please select an item from left to start practice.
2025-09-20 20:29:02 [main] INFO  demoqaBase - Accessing Text Box...
🔹 Trying JS click on WebElement (attempt 1)
2025-09-20 20:29:02 [main] INFO  demoqaLog - 🔹 Trying JS click on WebElement (attempt 1)
🔹 Attempting JS click...
2025-09-20 20:29:02 [main] INFO  demoqaLog - 🔹 Attempting JS click...
Text Box
2025-09-20 20:29:03 [main] INFO  demoqaBase - You are accessing: Text Box
2025-09-20 20:29:03 [main] INFO  demoqaLog - ⏳ Waiting for page to fully load (timeout: 30s)
2025-09-20 20:29:33 [main] WARN  demoqaLog - ⚠️ Page did not load within 30 seconds.
2025-09-20 20:29:33 [main] INFO  demoqaBase - 📝 Filling TextBox form for user: Gene Femina
2025-09-20 20:29:34 [main] INFO  demoqaBase - ✅ Form filled successfully for: Gene Femina
2025-09-20 20:29:34 [main] INFO  demoqaLog - ✅ JS click executed on element: {}
2025-09-20 20:29:34 [main] INFO  demoqaBase - 🔍 Validating submitted form for: Gene Femina
2025-09-20 20:29:34 [main] INFO  demoqaBase - ✅ Validation passed for user: Gene Femina
2025-09-20 20:29:34 [main] INFO  demoqaBase - ✅ Text Box Element Test Completed...
]]></system-out>
  </testcase>
  <testcase name="TextBox[TextBoxUser{firstName=&apos;Bud&apos;, lastName=&apos;Wisem&apos;, email=&apos;BWisem@demoqa.com&apos;, currentAddress=&apos;303 Town 481, Brookville\n kansas 42129\n United States&apos;, permanentAddress=&apos;513 Grant 481, Prattsville\n Arkansas 72129\n United States&apos;}](3)" classname="tests.ElementsTests" time="31.975">
    <system-out><![CDATA[Path for Screenshot is: C:\ASN\eclipse_workspace\demoqa-automation/screenshots/TextBox_Passed_20250920_202934+2025-09-20_20-29-34.png
2025-09-20 20:29:34 [main] INFO  demoqaBase - ✅ Test TextBox passed. Screenshot captured.
2025-09-20 20:29:34 [main] INFO  demoqaBase - Closing browser for test: TextBox
2025-09-20 20:29:35 [main] INFO  DriverFactory - 🌐 Starting Chrome Web Browser...
2025-09-20 20:29:35 [main] INFO  DriverFactory - ✅ Created temporary Chrome profile at C:\Users\dell\AppData\Local\Temp\chrome-profile-8745319235326231037
2025-09-20 20:29:36 [main] INFO  DriverFactory - 🚀 WebDriver started successfully
2025-09-20 20:29:36 [main] INFO  RetryUrlAccess - 🌐 Navigating to URL (attempt 1): https://demoqa.com
2025-09-20 20:29:40 [main] INFO  RetryUrlAccess - ✅ Navigation successful on attempt 1
2025-09-20 20:29:40 [main] INFO  demoqaBase - 🧪 Starting Test Elements | Text Box Test...
Instance Variables Declared are: nullnull
2025-09-20 20:29:40 [main] INFO  demoqaBase - Accessing Elements Card...
2025-09-20 20:29:40 [main] INFO  demoqaLog - Clicking on Elements Card...
🔹 Trying JS click by locator (attempt 1)
2025-09-20 20:29:40 [main] INFO  demoqaLog - 🔹 Trying JS click by locator (attempt 1)
🔹 Attempting JS click...
2025-09-20 20:29:40 [main] INFO  demoqaLog - 🔹 Attempting JS click...
⚡ Falling back to native click by locator (attempt 1)
2025-09-20 20:29:40 [main] INFO  demoqaLog - ⚡ Falling back to native click by locator (attempt 1)
2025-09-20 20:29:40 [main] INFO  demoqaLog - Clicked on Elements Card...
Title of this Page is: DEMOQA
You are Accessing: Elements
 
Elements: Please select an item from left to start practice.
2025-09-20 20:29:40 [main] INFO  demoqaBase - Elements: Please select an item from left to start practice.
2025-09-20 20:29:40 [main] INFO  demoqaBase - Accessing Text Box...
🔹 Trying JS click on WebElement (attempt 1)
2025-09-20 20:29:40 [main] INFO  demoqaLog - 🔹 Trying JS click on WebElement (attempt 1)
🔹 Attempting JS click...
2025-09-20 20:29:40 [main] INFO  demoqaLog - 🔹 Attempting JS click...
Text Box
2025-09-20 20:29:41 [main] INFO  demoqaBase - You are accessing: Text Box
2025-09-20 20:29:41 [main] INFO  demoqaLog - ⏳ Waiting for page to fully load (timeout: 30s)
2025-09-20 20:30:11 [main] WARN  demoqaLog - ⚠️ Page did not load within 30 seconds.
2025-09-20 20:30:11 [main] INFO  demoqaBase - 📝 Filling TextBox form for user: Bud Wisem
2025-09-20 20:30:12 [main] INFO  demoqaBase - ✅ Form filled successfully for: Bud Wisem
2025-09-20 20:30:12 [main] INFO  demoqaLog - ✅ JS click executed on element: {}
2025-09-20 20:30:12 [main] INFO  demoqaBase - 🔍 Validating submitted form for: Bud Wisem
2025-09-20 20:30:12 [main] INFO  demoqaBase - ✅ Validation passed for user: Bud Wisem
2025-09-20 20:30:12 [main] INFO  demoqaBase - ✅ Text Box Element Test Completed...
]]></system-out>
  </testcase>
  <testcase name="TextBox[TextBoxUser{firstName=&apos;Tom&apos;, lastName=&apos;Boss&apos;, email=&apos;TBoss@demoqa.com&apos;, currentAddress=&apos;304 Town 481, Brookville\n kansas 42129\n United States&apos;, permanentAddress=&apos;514 Grant 481, Prattsville\n Arkansas 72129\n United States&apos;}](4)" classname="tests.ElementsTests" time="31.739">
    <system-out><![CDATA[Path for Screenshot is: C:\ASN\eclipse_workspace\demoqa-automation/screenshots/TextBox_Passed_20250920_203012+2025-09-20_20-30-12.png
2025-09-20 20:30:12 [main] INFO  demoqaBase - ✅ Test TextBox passed. Screenshot captured.
2025-09-20 20:30:12 [main] INFO  demoqaBase - Closing browser for test: TextBox
2025-09-20 20:30:13 [main] INFO  DriverFactory - 🌐 Starting Chrome Web Browser...
2025-09-20 20:30:13 [main] INFO  DriverFactory - ✅ Created temporary Chrome profile at C:\Users\dell\AppData\Local\Temp\chrome-profile-17712996921399528678
2025-09-20 20:30:14 [main] INFO  DriverFactory - 🚀 WebDriver started successfully
2025-09-20 20:30:14 [main] INFO  RetryUrlAccess - 🌐 Navigating to URL (attempt 1): https://demoqa.com
2025-09-20 20:30:17 [main] INFO  RetryUrlAccess - ✅ Navigation successful on attempt 1
2025-09-20 20:30:17 [main] INFO  demoqaBase - 🧪 Starting Test Elements | Text Box Test...
Instance Variables Declared are: nullnull
2025-09-20 20:30:17 [main] INFO  demoqaBase - Accessing Elements Card...
2025-09-20 20:30:17 [main] INFO  demoqaLog - Clicking on Elements Card...
🔹 Trying JS click by locator (attempt 1)
2025-09-20 20:30:17 [main] INFO  demoqaLog - 🔹 Trying JS click by locator (attempt 1)
🔹 Attempting JS click...
2025-09-20 20:30:17 [main] INFO  demoqaLog - 🔹 Attempting JS click...
⚡ Falling back to native click by locator (attempt 1)
2025-09-20 20:30:17 [main] INFO  demoqaLog - ⚡ Falling back to native click by locator (attempt 1)
2025-09-20 20:30:17 [main] INFO  demoqaLog - Clicked on Elements Card...
Title of this Page is: DEMOQA
You are Accessing: Elements
 
Elements: Please select an item from left to start practice.
2025-09-20 20:30:17 [main] INFO  demoqaBase - Elements: Please select an item from left to start practice.
2025-09-20 20:30:17 [main] INFO  demoqaBase - Accessing Text Box...
🔹 Trying JS click on WebElement (attempt 1)
2025-09-20 20:30:17 [main] INFO  demoqaLog - 🔹 Trying JS click on WebElement (attempt 1)
🔹 Attempting JS click...
2025-09-20 20:30:17 [main] INFO  demoqaLog - 🔹 Attempting JS click...
Text Box
2025-09-20 20:30:17 [main] INFO  demoqaBase - You are accessing: Text Box
2025-09-20 20:30:17 [main] INFO  demoqaLog - ⏳ Waiting for page to fully load (timeout: 30s)
2025-09-20 20:30:47 [main] WARN  demoqaLog - ⚠️ Page did not load within 30 seconds.
2025-09-20 20:30:47 [main] INFO  demoqaBase - 📝 Filling TextBox form for user: Tom Boss
2025-09-20 20:30:48 [main] INFO  demoqaBase - ✅ Form filled successfully for: Tom Boss
2025-09-20 20:30:48 [main] INFO  demoqaLog - ✅ JS click executed on element: {}
2025-09-20 20:30:48 [main] INFO  demoqaBase - 🔍 Validating submitted form for: Tom Boss
2025-09-20 20:30:48 [main] INFO  demoqaBase - ✅ Validation passed for user: Tom Boss
2025-09-20 20:30:48 [main] INFO  demoqaBase - ✅ Text Box Element Test Completed...
]]></system-out>
  </testcase>
  <testcase name="CheckBox" classname="tests.ElementsTests" time="1.003">
    <system-out><![CDATA[Path for Screenshot is: C:\ASN\eclipse_workspace\demoqa-automation/screenshots/TextBox_Passed_20250920_203048+2025-09-20_20-30-48.png
2025-09-20 20:30:49 [main] INFO  demoqaBase - ✅ Test TextBox passed. Screenshot captured.
2025-09-20 20:30:49 [main] INFO  demoqaBase - Closing browser for test: TextBox
2025-09-20 20:30:49 [main] INFO  DriverFactory - 🌐 Starting Chrome Web Browser...
2025-09-20 20:30:49 [main] INFO  DriverFactory - ✅ Created temporary Chrome profile at C:\Users\dell\AppData\Local\Temp\chrome-profile-14365881388855112542
2025-09-20 20:30:51 [main] INFO  DriverFactory - 🚀 WebDriver started successfully
2025-09-20 20:30:51 [main] INFO  RetryUrlAccess - 🌐 Navigating to URL (attempt 1): https://demoqa.com
2025-09-20 20:30:54 [main] INFO  RetryUrlAccess - ✅ Navigation successful on attempt 1
2025-09-20 20:30:54 [main] INFO  demoqaBase - 🧪 Starting Test Elements | Check Box Test...
Instance Variables Declared are: nullnull
2025-09-20 20:30:54 [main] INFO  demoqaBase - Accessing Elements Card...
2025-09-20 20:30:54 [main] INFO  demoqaLog - Clicking on Elements Card...
🔹 Trying JS click by locator (attempt 1)
2025-09-20 20:30:54 [main] INFO  demoqaLog - 🔹 Trying JS click by locator (attempt 1)
🔹 Attempting JS click...
2025-09-20 20:30:54 [main] INFO  demoqaLog - 🔹 Attempting JS click...
⚡ Falling back to native click by locator (attempt 1)
2025-09-20 20:30:54 [main] INFO  demoqaLog - ⚡ Falling back to native click by locator (attempt 1)
2025-09-20 20:30:54 [main] INFO  demoqaLog - Clicked on Elements Card...
Title of this Page is: DEMOQA
You are Accessing: Elements
 
Elements: Please select an item from left to start practice.
2025-09-20 20:30:55 [main] INFO  demoqaBase - Elements: Please select an item from left to start practice.
2025-09-20 20:30:55 [main] INFO  demoqaBase - Accessing Check Box...
🔹 Trying JS click on WebElement (attempt 1)
2025-09-20 20:30:55 [main] INFO  demoqaLog - 🔹 Trying JS click on WebElement (attempt 1)
🔹 Attempting JS click...
2025-09-20 20:30:55 [main] INFO  demoqaLog - 🔹 Attempting JS click...
Check Box
2025-09-20 20:30:55 [main] INFO  demoqaBase - You are accessing: Check Box
2025-09-20 20:30:55 [main] INFO  demoqaBase - ✅ Test Elements | Check Box Test Test Completed...
]]></system-out>
  </testcase>
  <testcase name="SelectingHomeCheckBox" classname="tests.ElementsTests" time="31.061">
    <system-out><![CDATA[2025-09-20 20:30:55 [main] INFO  demoqaBase - Closing browser for test: CheckBox
2025-09-20 20:30:56 [main] INFO  DriverFactory - 🌐 Starting Chrome Web Browser...
2025-09-20 20:30:56 [main] INFO  DriverFactory - ✅ Created temporary Chrome profile at C:\Users\dell\AppData\Local\Temp\chrome-profile-1521336491189249328
2025-09-20 20:30:57 [main] INFO  DriverFactory - 🚀 WebDriver started successfully
2025-09-20 20:30:57 [main] INFO  RetryUrlAccess - 🌐 Navigating to URL (attempt 1): https://demoqa.com
2025-09-20 20:31:00 [main] INFO  RetryUrlAccess - ✅ Navigation successful on attempt 1
2025-09-20 20:31:00 [main] INFO  demoqaBase - 🧪 Starting Test Elements | Selecting Home Check Box Test...
Instance Variables Declared are: nullnull
2025-09-20 20:31:00 [main] INFO  demoqaBase - Accessing Elements Card...
2025-09-20 20:31:00 [main] INFO  demoqaLog - Clicking on Elements Card...
🔹 Trying JS click by locator (attempt 1)
2025-09-20 20:31:00 [main] INFO  demoqaLog - 🔹 Trying JS click by locator (attempt 1)
🔹 Attempting JS click...
2025-09-20 20:31:00 [main] INFO  demoqaLog - 🔹 Attempting JS click...
⚡ Falling back to native click by locator (attempt 1)
2025-09-20 20:31:00 [main] INFO  demoqaLog - ⚡ Falling back to native click by locator (attempt 1)
2025-09-20 20:31:01 [main] INFO  demoqaLog - Clicked on Elements Card...
Title of this Page is: DEMOQA
You are Accessing: Elements
 
Elements: Please select an item from left to start practice.
[...]
🧼 [DatePickerUtils] Parsed TimeOption as 00:30 using pattern 'H:mm'
🧼 [DatePickerUtils] Parsed TimeOption as 00:45 using pattern 'H:mm'
🧼 [DatePickerUtils] Parsed TimeOption as 01:00 using pattern 'H:mm'
🧼 [DatePickerUtils] Parsed TimeOption as 01:15 using pattern 'H:mm'
🧼 [DatePickerUtils] Parsed TimeOption as 01:30 using pattern 'H:mm'
🧼 [DatePickerUtils] Parsed TimeOption as 01:45 using pattern 'H:mm'
🧼 [DatePickerUtils] Parsed TimeOption as 02:00 using pattern 'H:mm'
🧼 [DatePickerUtils] Parsed TimeOption as 02:15 using pattern 'H:mm'
🧼 [DatePickerUtils] Parsed TimeOption as 02:30 using pattern 'H:mm'
🧼 [DatePickerUtils] Parsed TimeOption as 02:45 using pattern 'H:mm'
🧼 [DatePickerUtils] Parsed TimeOption as 03:00 using pattern 'H:mm'
🧼 [DatePickerUtils] Parsed TimeOption as 03:15 using pattern 'H:mm'
🧼 [DatePickerUtils] Parsed TimeOption as 03:30 using pattern 'H:mm'
🧼 [DatePickerUtils] Parsed TimeOption as 03:45 using pattern 'H:mm'
🧼 [DatePickerUtils] Parsed TimeOption as 04:00 using pattern 'H:mm'
🧼 [DatePickerUtils] Parsed TimeOption as 04:15 using pattern 'H:mm'
🧼 [DatePickerUtils] Parsed TimeOption as 04:30 using pattern 'H:mm'
🧼 [DatePickerUtils] Parsed TimeOption as 04:45 using pattern 'H:mm'
🧼 [DatePickerUtils] Parsed TimeOption as 05:00 using pattern 'H:mm'
🧼 [DatePickerUtils] Parsed TimeOption as 05:15 using pattern 'H:mm'
🧼 [DatePickerUtils] Parsed TimeOption as 05:30 using pattern 'H:mm'
🧼 [DatePickerUtils] Parsed TimeOption as 05:45 using pattern 'H:mm'
🧼 [DatePickerUtils] Parsed TimeOption as 06:00 using pattern 'H:mm'
🧼 [DatePickerUtils] Parsed TimeOption as 06:15 using pattern 'H:mm'
🧼 [DatePickerUtils] Parsed TimeOption as 06:30 using pattern 'H:mm'
🧼 [DatePickerUtils] Parsed TimeOption as 06:45 using pattern 'H:mm'
🧼 [DatePickerUtils] Parsed TimeOption as 07:00 using pattern 'H:mm'
🧼 [DatePickerUtils] Parsed TimeOption as 07:15 using pattern 'H:mm'
🧼 [DatePickerUtils] Parsed TimeOption as 07:30 using pattern 'H:mm'
🧼 [DatePickerUtils] Parsed TimeOption as 07:45 using pattern 'H:mm'
🧼 [DatePickerUtils] Parsed TimeOption as 08:00 using pattern 'H:mm'
🧼 [DatePickerUtils] Parsed TimeOption as 08:15 using pattern 'H:mm'
🧼 [DatePickerUtils] Parsed TimeOption as 08:30 using pattern 'H:mm'
🧼 [DatePickerUtils] Parsed TimeOption as 08:45 using pattern 'H:mm'
🧼 [DatePickerUtils] Parsed TimeOption as 09:00 using pattern 'H:mm'
🧼 [DatePickerUtils] Parsed TimeOption as 09:15 using pattern 'H:mm'
🧼 [DatePickerUtils] Parsed TimeOption as 09:30 using pattern 'H:mm'
🧼 [DatePickerUtils] Parsed TimeOption as 09:45 using pattern 'H:mm'
🧼 [DatePickerUtils] Parsed TimeOption as 10:00 using pattern 'H:mm'
🧼 [DatePickerUtils] Parsed TimeOption as 10:15 using pattern 'H:mm'
🧼 [DatePickerUtils] Parsed TimeOption as 10:30 using pattern 'H:mm'
2025-09-20 21:50:50 [main] INFO  demoqaBase - ✅ JS click executed on 'Time 10:30'
2025-09-20 21:50:50 [main] INFO  demoqaBase - ✅ Time selected: 10:30
2025-09-20 21:50:51 [main] INFO  demoqaBase - Selected DateTime: May 22, 2002 10:30 AM
2025-09-20 21:50:51 [main] INFO  demoqaBase - Expected DateTime: May 22, 2002 10:30 AM
]]></system-out>
  </testcase>
  <testcase name="SelectDateAndTime[UserFormData{firstName=&apos;Bud&apos;, lastName=&apos;Wisem&apos;, userMail=&apos;BWisem@demoqa.com&apos;, gender=&apos;Other&apos;, mobile=&apos;8.932465432E9&apos;, dob=&apos;31/12/1999&apos;, dobTime=&apos;8:45:00 pm&apos;, subject=&apos;Biology&apos;, hobbies=&apos;Reading&apos;, picturePath=&apos;/TestData/Ophoto.jpg&apos;, address=&apos;513 Grant 481, Prattsville\n Arkansas 72129\n United States&apos;, state=&apos;Haryana&apos;, city=&apos;Panipat&apos;}](3)" classname="tests.WidgetsTests" time="46.466">
    <system-out><![CDATA[2025-09-20 21:50:51 [main] INFO  demoqaBase - Closing browser for test: SelectDateAndTime
2025-09-20 21:50:52 [main] INFO  DriverFactory - 🌐 Starting Chrome Web Browser...
2025-09-20 21:50:52 [main] INFO  DriverFactory - ✅ Created temporary Chrome profile at C:\Users\dell\AppData\Local\Temp\chrome-profile-16830415371311064203
2025-09-20 21:50:54 [main] INFO  DriverFactory - 🚀 WebDriver started successfully
2025-09-20 21:50:54 [main] INFO  RetryUrlAccess - 🌐 Navigating to URL (attempt 1): https://demoqa.com
2025-09-20 21:50:57 [main] INFO  RetryUrlAccess - ✅ Navigation successful on attempt 1
2025-09-20 21:50:57 [main] INFO  demoqaBase - Accessing Widgets Card...
Declared Instance WebDriverWait: org.openqa.selenium.support.ui.WebDriverWait@33d35bd
2025-09-20 21:50:57 [main] INFO  demoqaLog - Clicking on Widgets Card...
🔹 Trying JS click by locator (attempt 1)
2025-09-20 21:50:57 [main] INFO  demoqaLog - 🔹 Trying JS click by locator (attempt 1)
🔹 Attempting JS click...
2025-09-20 21:50:57 [main] INFO  demoqaLog - 🔹 Attempting JS click...
2025-09-20 21:50:57 [main] INFO  demoqaLog - Clicked on Widgets Card...
Title of this Page is: DEMOQA
You are Accessing: Widgets
 
2025-09-20 21:50:57 [main] INFO  demoqaBase - Widgets: Please select an item from left to start practice.
2025-09-20 21:50:57 [main] INFO  demoqaBase - 📅 Parsed DOB with time: 1999-12-31T10:30
2025-09-20 21:50:57 [main] INFO  demoqaBase - Clicking on Widgets|Date Picker...
🔹 Trying JS click on WebElement (attempt 1)
2025-09-20 21:50:57 [main] INFO  demoqaLog - 🔹 Trying JS click on WebElement (attempt 1)
🔹 Attempting JS click...
2025-09-20 21:50:57 [main] INFO  demoqaLog - 🔹 Attempting JS click...
You are now Accessing: Date Picker
2025-09-20 21:50:57 [main] INFO  demoqaBase - You are now Accessing: Date Picker
2025-09-20 21:50:57 [main] INFO  demoqaLog - ⏳ Waiting for page to fully load (timeout: 30s)
2025-09-20 21:51:27 [main] WARN  demoqaLog - ⚠️ Page did not load within 30 seconds.
2025-09-20 21:51:27 [main] INFO  demoqaBase - ✅ JS click executed on 'DateTime Input'
2025-09-20 21:51:27 [main] INFO  demoqaBase - 🔍 Waiting for calendar popup to appear...
2025-09-20 21:51:27 [main] INFO  demoqaBase - ✅ Calendar popup is visible after clicking the input
2025-09-20 21:51:28 [main] INFO  demoqaBase - ✅ JS click executed on 'Year Dropdown Trigger'
2025-09-20 21:51:28 [main] INFO  demoqaBase - ✅ JS click executed on 'years-previous'
2025-09-20 21:51:29 [main] INFO  demoqaBase - ✅ JS click executed on 'years-previous'
2025-09-20 21:51:29 [main] INFO  demoqaBase - ✅ JS click executed on 'years-previous'
2025-09-20 21:51:30 [main] INFO  demoqaBase - ✅ JS click executed on 'years-previous'
2025-09-20 21:51:30 [main] INFO  demoqaBase - ✅ JS click executed on 'years-previous'
2025-09-20 21:51:31 [main] INFO  demoqaBase - ✅ JS click executed on 'years-previous'
2025-09-20 21:51:31 [main] INFO  demoqaBase - ✅ JS click executed on 'years-previous'
2025-09-20 21:51:32 [main] INFO  demoqaBase - ✅ JS click executed on 'years-previous'
2025-09-20 21:51:32 [main] INFO  demoqaBase - ✅ JS click executed on 'years-previous'
2025-09-20 21:51:33 [main] INFO  demoqaBase - ✅ JS click executed on 'years-previous'
2025-09-20 21:51:34 [main] INFO  demoqaBase - ✅ JS click executed on 'years-previous'
2025-09-20 21:51:34 [main] INFO  demoqaBase - ✅ JS click executed on 'years-previous'
2025-09-20 21:51:35 [main] INFO  demoqaBase - ✅ JS click executed on 'years-previous'
2025-09-20 21:51:35 [main] INFO  demoqaBase - ✅ JS click executed on 'years-previous'
2025-09-20 21:51:36 [main] INFO  demoqaBase - ✅ JS click executed on 'years-previous'
2025-09-20 21:51:36 [main] INFO  demoqaBase - ✅ JS click executed on 'years-previous'
2025-09-20 21:51:37 [main] INFO  demoqaBase - ✅ JS click executed on 'years-previous'
2025-09-20 21:51:37 [main] INFO  demoqaBase - ✅ JS click executed on 'years-previous'
2025-09-20 21:51:38 [main] INFO  demoqaBase - ✅ JS click executed on 'years-previous'
2025-09-20 21:51:38 [main] INFO  demoqaBase - ✅ JS click executed on 'years-previous'
2025-09-20 21:51:39 [main] INFO  demoqaBase - ✅ JS click executed on 'years-previous'
2025-09-20 21:51:39 [main] INFO  demoqaBase - ✅ JS click executed on 'Year 1999'
2025-09-20 21:51:39 [main] INFO  demoqaBase - ✅ Year selected: 1999
2025-09-20 21:51:42 [main] INFO  demoqaBase - ✅ JS click executed on 'Month Dropdown Trigger'
2025-09-20 21:51:42 [main] INFO  demoqaLog - ✅ JS click executed on element: {}
2025-09-20 21:51:43 [main] INFO  demoqaBase - ✅ Selecting month: December
2025-09-20 21:51:43 [main] INFO  demoqaBase - ✅ JS click executed on 'Day 31'
2025-09-20 21:51:43 [main] INFO  demoqaBase - ✅ Day selected: 31
🧼 [DatePickerUtils] Parsed TimeOption as 00:00 using pattern 'H:mm'
🧼 [DatePickerUtils] Parsed TimeOption as 00:15 using pattern 'H:mm'
🧼 [DatePickerUtils] Parsed TimeOption as 00:30 using pattern 'H:mm'
🧼 [DatePickerUtils] Parsed TimeOption as 00:45 using pattern 'H:mm'
🧼 [DatePickerUtils] Parsed TimeOption as 01:00 using pattern 'H:mm'
🧼 [DatePickerUtils] Parsed TimeOption as 01:15 using pattern 'H:mm'
🧼 [DatePickerUtils] Parsed TimeOption as 01:30 using pattern 'H:mm'
🧼 [DatePickerUtils] Parsed TimeOption as 01:45 using pattern 'H:mm'
🧼 [DatePickerUtils] Parsed TimeOption as 02:00 using pattern 'H:mm'
🧼 [DatePickerUtils] Parsed TimeOption as 02:15 using pattern 'H:mm'
🧼 [DatePickerUtils] Parsed TimeOption as 02:30 using pattern 'H:mm'
🧼 [DatePickerUtils] Parsed TimeOption as 02:45 using pattern 'H:mm'
🧼 [DatePickerUtils] Parsed TimeOption as 03:00 using pattern 'H:mm'
🧼 [DatePickerUtils] Parsed TimeOption as 03:15 using pattern 'H:mm'
🧼 [DatePickerUtils] Parsed TimeOption as 03:30 using pattern 'H:mm'
🧼 [DatePickerUtils] Parsed TimeOption as 03:45 using pattern 'H:mm'
🧼 [DatePickerUtils] Parsed TimeOption as 04:00 using pattern 'H:mm'
🧼 [DatePickerUtils] Parsed TimeOption as 04:15 using pattern 'H:mm'
🧼 [DatePickerUtils] Parsed TimeOption as 04:30 using pattern 'H:mm'
🧼 [DatePickerUtils] Parsed TimeOption as 04:45 using pattern 'H:mm'
🧼 [DatePickerUtils] Parsed TimeOption as 05:00 using pattern 'H:mm'
🧼 [DatePickerUtils] Parsed TimeOption as 05:15 using pattern 'H:mm'
🧼 [DatePickerUtils] Parsed TimeOption as 05:30 using pattern 'H:mm'
🧼 [DatePickerUtils] Parsed TimeOption as 05:45 using pattern 'H:mm'
🧼 [DatePickerUtils] Parsed TimeOption as 06:00 using pattern 'H:mm'
🧼 [DatePickerUtils] Parsed TimeOption as 06:15 using pattern 'H:mm'
🧼 [DatePickerUtils] Parsed TimeOption as 06:30 using pattern 'H:mm'
🧼 [DatePickerUtils] Parsed TimeOption as 06:45 using pattern 'H:mm'
🧼 [DatePickerUtils] Parsed TimeOption as 07:00 using pattern 'H:mm'
🧼 [DatePickerUtils] Parsed TimeOption as 07:15 using pattern 'H:mm'
🧼 [DatePickerUtils] Parsed TimeOption as 07:30 using pattern 'H:mm'
🧼 [DatePickerUtils] Parsed TimeOption as 07:45 using pattern 'H:mm'
🧼 [DatePickerUtils] Parsed TimeOption as 08:00 using pattern 'H:mm'
🧼 [DatePickerUtils] Parsed TimeOption as 08:15 using pattern 'H:mm'
🧼 [DatePickerUtils] Parsed TimeOption as 08:30 using pattern 'H:mm'
🧼 [DatePickerUtils] Parsed TimeOption as 08:45 using pattern 'H:mm'
🧼 [DatePickerUtils] Parsed TimeOption as 09:00 using pattern 'H:mm'
🧼 [DatePickerUtils] Parsed TimeOption as 09:15 using pattern 'H:mm'
🧼 [DatePickerUtils] Parsed TimeOption as 09:30 using pattern 'H:mm'
🧼 [DatePickerUtils] Parsed TimeOption as 09:45 using pattern 'H:mm'
🧼 [DatePickerUtils] Parsed TimeOption as 10:00 using pattern 'H:mm'
🧼 [DatePickerUtils] Parsed TimeOption as 10:15 using pattern 'H:mm'
🧼 [DatePickerUtils] Parsed TimeOption as 10:30 using pattern 'H:mm'
2025-09-20 21:51:43 [main] INFO  demoqaBase - ✅ JS click executed on 'Time 10:30'
2025-09-20 21:51:43 [main] INFO  demoqaBase - ✅ Time selected: 10:30
2025-09-20 21:51:43 [main] INFO  demoqaBase - Selected DateTime: December 31, 1999 10:30 AM
2025-09-20 21:51:43 [main] INFO  demoqaBase - Expected DateTime: December 31, 1999 10:30 AM
]]></system-out>
  </testcase>
  <testcase name="SelectDateAndTime[UserFormData{firstName=&apos;Tom&apos;, lastName=&apos;Boss&apos;, userMail=&apos;TBoss@demoqa.com&apos;, gender=&apos;Male&apos;, mobile=&apos;7.839875281E9&apos;, dob=&apos;1/26/03&apos;, dobTime=&apos;5:45:00 am&apos;, subject=&apos;Social Studies&apos;, hobbies=&apos;Sports,Reading&apos;, picturePath=&apos;/TestData/M2photo.jpg&apos;, address=&apos;514 Grant 481, Prattsville\n Arkansas 72129\n United States&apos;, state=&apos;Rajasthan&apos;, city=&apos;Jaiselmer&apos;}](4)" classname="tests.WidgetsTests" time="44.865">
    <system-out><![CDATA[2025-09-20 21:51:43 [main] INFO  demoqaBase - Closing browser for test: SelectDateAndTime
2025-09-20 21:51:44 [main] INFO  DriverFactory - 🌐 Starting Chrome Web Browser...
2025-09-20 21:51:44 [main] INFO  DriverFactory - ✅ Created temporary Chrome profile at C:\Users\dell\AppData\Local\Temp\chrome-profile-12301398269165987071
2025-09-20 21:51:47 [main] INFO  DriverFactory - 🚀 WebDriver started successfully
2025-09-20 21:51:47 [main] INFO  RetryUrlAccess - 🌐 Navigating to URL (attempt 1): https://demoqa.com
2025-09-20 21:51:50 [main] INFO  RetryUrlAccess - ✅ Navigation successful on attempt 1
2025-09-20 21:51:50 [main] INFO  demoqaBase - Accessing Widgets Card...
Declared Instance WebDriverWait: org.openqa.selenium.support.ui.WebDriverWait@12be72c1
2025-09-20 21:51:50 [main] INFO  demoqaLog - Clicking on Widgets Card...
🔹 Trying JS click by locator (attempt 1)
2025-09-20 21:51:50 [main] INFO  demoqaLog - 🔹 Trying JS click by locator (attempt 1)
🔹 Attempting JS click...
2025-09-20 21:51:50 [main] INFO  demoqaLog - 🔹 Attempting JS click...
2025-09-20 21:51:50 [main] INFO  demoqaLog - Clicked on Widgets Card...
Title of this Page is: DEMOQA
You are Accessing: Widgets
 
2025-09-20 21:51:50 [main] INFO  demoqaBase - Widgets: Please select an item from left to start practice.
2025-09-20 21:51:50 [main] INFO  demoqaBase - 📅 Parsed DOB with time: 2003-01-26T10:30
2025-09-20 21:51:50 [main] INFO  demoqaBase - Clicking on Widgets|Date Picker...
🔹 Trying JS click on WebElement (attempt 1)
2025-09-20 21:51:50 [main] INFO  demoqaLog - 🔹 Trying JS click on WebElement (attempt 1)
🔹 Attempting JS click...
2025-09-20 21:51:50 [main] INFO  demoqaLog - 🔹 Attempting JS click...
You are now Accessing: Date Picker
2025-09-20 21:51:50 [main] INFO  demoqaBase - You are now Accessing: Date Picker
2025-09-20 21:51:50 [main] INFO  demoqaLog - ⏳ Waiting for page to fully load (timeout: 30s)
2025-09-20 21:52:20 [main] WARN  demoqaLog - ⚠️ Page did not load within 30 seconds.
2025-09-20 21:52:21 [main] INFO  demoqaBase - ✅ JS click executed on 'DateTime Input'
2025-09-20 21:52:21 [main] INFO  demoqaBase - 🔍 Waiting for calendar popup to appear...
2025-09-20 21:52:21 [main] INFO  demoqaBase - ✅ Calendar popup is visible after clicking the input
2025-09-20 21:52:21 [main] INFO  demoqaBase - ✅ JS click executed on 'Year Dropdown Trigger'
2025-09-20 21:52:22 [main] INFO  demoqaBase - ✅ JS click executed on 'years-previous'
2025-09-20 21:52:22 [main] INFO  demoqaBase - ✅ JS click executed on 'years-previous'
2025-09-20 21:52:23 [main] INFO  demoqaBase - ✅ JS click executed on 'years-previous'
2025-09-20 21:52:23 [main] INFO  demoqaBase - ✅ JS click executed on 'years-previous'
2025-09-20 21:52:24 [main] INFO  demoqaBase - ✅ JS click executed on 'years-previous'
2025-09-20 21:52:24 [main] INFO  demoqaBase - ✅ JS click executed on 'years-previous'
2025-09-20 21:52:25 [main] INFO  demoqaBase - ✅ JS click executed on 'years-previous'
2025-09-20 21:52:25 [main] INFO  demoqaBase - ✅ JS click executed on 'years-previous'
2025-09-20 21:52:26 [main] INFO  demoqaBase - ✅ JS click executed on 'years-previous'
2025-09-20 21:52:26 [main] INFO  demoqaBase - ✅ JS click executed on 'years-previous'
2025-09-20 21:52:27 [main] INFO  demoqaBase - ✅ JS click executed on 'years-previous'
2025-09-20 21:52:28 [main] INFO  demoqaBase - ✅ JS click executed on 'years-previous'
2025-09-20 21:52:28 [main] INFO  demoqaBase - ✅ JS click executed on 'years-previous'
2025-09-20 21:52:29 [main] INFO  demoqaBase - ✅ JS click executed on 'years-previous'
2025-09-20 21:52:29 [main] INFO  demoqaBase - ✅ JS click executed on 'years-previous'
2025-09-20 21:52:30 [main] INFO  demoqaBase - ✅ JS click executed on 'years-previous'
2025-09-20 21:52:30 [main] INFO  demoqaBase - ✅ JS click executed on 'years-previous'
2025-09-20 21:52:31 [main] INFO  demoqaBase - ✅ JS click executed on 'Year 2003'
2025-09-20 21:52:31 [main] INFO  demoqaBase - ✅ Year selected: 2003
2025-09-20 21:52:34 [main] INFO  demoqaBase - ✅ JS click executed on 'Month Dropdown Trigger'
2025-09-20 21:52:34 [main] INFO  demoqaLog - ✅ JS click executed on element: {}
2025-09-20 21:52:34 [main] INFO  demoqaBase - ✅ Selecting month: January
2025-09-20 21:52:34 [main] INFO  demoqaBase - ✅ JS click executed on 'Day 26'
2025-09-20 21:52:34 [main] INFO  demoqaBase - ✅ Day selected: 26
🧼 [DatePickerUtils] Parsed TimeOption as 00:00 using pattern 'H:mm'
🧼 [DatePickerUtils] Parsed TimeOption as 00:15 using pattern 'H:mm'
🧼 [DatePickerUtils] Parsed TimeOption as 00:30 using pattern 'H:mm'
🧼 [DatePickerUtils] Parsed TimeOption as 00:45 using pattern 'H:mm'
🧼 [DatePickerUtils] Parsed TimeOption as 01:00 using pattern 'H:mm'
🧼 [DatePickerUtils] Parsed TimeOption as 01:15 using pattern 'H:mm'
🧼 [DatePickerUtils] Parsed TimeOption as 01:30 using pattern 'H:mm'
🧼 [DatePickerUtils] Parsed TimeOption as 01:45 using pattern 'H:mm'
🧼 [DatePickerUtils] Parsed TimeOption as 02:00 using pattern 'H:mm'
🧼 [DatePickerUtils] Parsed TimeOption as 02:15 using pattern 'H:mm'
🧼 [DatePickerUtils] Parsed TimeOption as 02:30 using pattern 'H:mm'
🧼 [DatePickerUtils] Parsed TimeOption as 02:45 using pattern 'H:mm'
🧼 [DatePickerUtils] Parsed TimeOption as 03:00 using pattern 'H:mm'
🧼 [DatePickerUtils] Parsed TimeOption as 03:15 using pattern 'H:mm'
🧼 [DatePickerUtils] Parsed TimeOption as 03:30 using pattern 'H:mm'
🧼 [DatePickerUtils] Parsed TimeOption as 03:45 using pattern 'H:mm'
🧼 [DatePickerUtils] Parsed TimeOption as 04:00 using pattern 'H:mm'
🧼 [DatePickerUtils] Parsed TimeOption as 04:15 using pattern 'H:mm'
🧼 [DatePickerUtils] Parsed TimeOption as 04:30 using pattern 'H:mm'
🧼 [DatePickerUtils] Parsed TimeOption as 04:45 using pattern 'H:mm'
🧼 [DatePickerUtils] Parsed TimeOption as 05:00 using pattern 'H:mm'
🧼 [DatePickerUtils] Parsed TimeOption as 05:15 using pattern 'H:mm'
🧼 [DatePickerUtils] Parsed TimeOption as 05:30 using pattern 'H:mm'
🧼 [DatePickerUtils] Parsed TimeOption as 05:45 using pattern 'H:mm'
🧼 [DatePickerUtils] Parsed TimeOption as 06:00 using pattern 'H:mm'
🧼 [DatePickerUtils] Parsed TimeOption as 06:15 using pattern 'H:mm'
🧼 [DatePickerUtils] Parsed TimeOption as 06:30 using pattern 'H:mm'
🧼 [DatePickerUtils] Parsed TimeOption as 06:45 using pattern 'H:mm'
🧼 [DatePickerUtils] Parsed TimeOption as 07:00 using pattern 'H:mm'
🧼 [DatePickerUtils] Parsed TimeOption as 07:15 using pattern 'H:mm'
🧼 [DatePickerUtils] Parsed TimeOption as 07:30 using pattern 'H:mm'
🧼 [DatePickerUtils] Parsed TimeOption as 07:45 using pattern 'H:mm'
🧼 [DatePickerUtils] Parsed TimeOption as 08:00 using pattern 'H:mm'
🧼 [DatePickerUtils] Parsed TimeOption as 08:15 using pattern 'H:mm'
🧼 [DatePickerUtils] Parsed TimeOption as 08:30 using pattern 'H:mm'
🧼 [DatePickerUtils] Parsed TimeOption as 08:45 using pattern 'H:mm'
🧼 [DatePickerUtils] Parsed TimeOption as 09:00 using pattern 'H:mm'
🧼 [DatePickerUtils] Parsed TimeOption as 09:15 using pattern 'H:mm'
🧼 [DatePickerUtils] Parsed TimeOption as 09:30 using pattern 'H:mm'
🧼 [DatePickerUtils] Parsed TimeOption as 09:45 using pattern 'H:mm'
🧼 [DatePickerUtils] Parsed TimeOption as 10:00 using pattern 'H:mm'
🧼 [DatePickerUtils] Parsed TimeOption as 10:15 using pattern 'H:mm'
🧼 [DatePickerUtils] Parsed TimeOption as 10:30 using pattern 'H:mm'
2025-09-20 21:52:35 [main] INFO  demoqaBase - ✅ JS click executed on 'Time 10:30'
2025-09-20 21:52:35 [main] INFO  demoqaBase - ✅ Time selected: 10:30
2025-09-20 21:52:35 [main] INFO  demoqaBase - Selected DateTime: January 26, 2003 10:30 AM
2025-09-20 21:52:35 [main] INFO  demoqaBase - Expected DateTime: January 26, 2003 10:30 AM
]]></system-out>
  </testcase>
</testsuite>