<?xml version="1.0" encoding="UTF-8"?>
<testsuite xmlns:xsi="http://www.w3.org/2001/XMLSchema-instance" xsi:noNamespaceSchemaLocation="https://maven.apache.org/surefire/maven-surefire-plugin/xsd/surefire-test-report-3.0.xsd" version="3.0" name="TestSuite" time="3889.565" tests="129" errors="0" skipped="2" failures="2">
  <properties>
[...]
</properties>
  <testcase name="accessAlertsFrameWindows" classname="tests.AlertsFramesWindowsTests" time="0.307">
    <system-out><![CDATA[2025-09-19T06:30:12.448408100Z main INFO Starting configuration XmlConfiguration[location=C:\ASN\eclipse_workspace\demoqa-automation\target\classes\log4j2.xml, lastModified=2025-09-18T07:06:23.185Z]...
2025-09-19T06:30:12.449731800Z main INFO Start watching for changes to C:\ASN\eclipse_workspace\demoqa-automation\target\classes\log4j2.xml every 0 seconds
2025-09-19T06:30:12.450731800Z main INFO Configuration XmlConfiguration[location=C:\ASN\eclipse_workspace\demoqa-automation\target\classes\log4j2.xml, lastModified=2025-09-18T07:06:23.185Z] started.
2025-09-19T06:30:12.453474100Z main INFO Stopping configuration org.apache.logging.log4j.core.config.DefaultConfiguration@740cae06...
2025-09-19T06:30:12.454480200Z main INFO Configuration org.apache.logging.log4j.core.config.DefaultConfiguration@740cae06 stopped.
2025-09-19 12:00:12 [main] INFO  DriverFactory - 🌐 Starting Chrome Web Browser...
2025-09-19 12:00:12 [main] INFO  DriverFactory - ✅ Created temporary Chrome profile at C:\Users\dell\AppData\Local\Temp\chrome-profile-7452693447452530371
2025-09-19 12:00:14 [main] INFO  DriverFactory - 🚀 WebDriver started successfully
2025-09-19 12:00:14 [main] INFO  RetryUrlAccess - 🌐 Navigating to URL (attempt 1): https://demoqa.com
2025-09-19 12:00:49 [main] INFO  RetryUrlAccess - ✅ Navigation successful on attempt 1
2025-09-19 12:00:49 [main] INFO  demoqaBase - 🧪 Starting Test Alerts, Frames & Windows...
2025-09-19 12:00:49 [main] INFO  demoqaBase - Accessing Alerts, Frame & Windows Card...
Declared Instance WebDriverWait: org.openqa.selenium.support.ui.WebDriverWait@6c298dc
2025-09-19 12:00:49 [main] INFO  demoqaLog - Clicking on Alert Frame & Windows Card...
🔹 Trying JS click by locator (attempt 1)
2025-09-19 12:00:49 [main] INFO  demoqaLog - 🔹 Trying JS click by locator (attempt 1)
🔹 Attempting JS click...
2025-09-19 12:00:49 [main] INFO  demoqaLog - 🔹 Attempting JS click...
2025-09-19 12:00:49 [main] INFO  demoqaLog - Clicked on Alert Frame & Windows Card...
Title of this Page is: DEMOQA
You are Accessing: Alerts, Frame & Windows
2025-09-19 12:00:49 [main] INFO  demoqaBase - Alerts, Frame & Windows Card: Please select an item from left to start practice.
2025-09-19 12:00:49 [main] INFO  demoqaBase - ✅ Alerts, Frames & Windows Test Completed...
]]></system-out>
    <system-err><![CDATA[SLF4J(W): No SLF4J providers were found.
SLF4J(W): Defaulting to no-operation (NOP) logger implementation
SLF4J(W): See https://www.slf4j.org/codes.html#noProviders for further details.
]]></system-err>
  </testcase>
  <testcase name="browserWindows" classname="tests.AlertsFramesWindowsTests" time="0.424">
    <system-out><![CDATA[2025-09-19 12:00:49 [main] INFO  demoqaBase - Closing browser for test: accessAlertsFrameWindows
2025-09-19 12:00:49 [main] INFO  DriverFactory - 🌐 Starting Chrome Web Browser...
2025-09-19 12:00:49 [main] INFO  DriverFactory - ✅ Created temporary Chrome profile at C:\Users\dell\AppData\Local\Temp\chrome-profile-15507889326524642929
2025-09-19 12:00:50 [main] INFO  DriverFactory - 🚀 WebDriver started successfully
2025-09-19 12:00:50 [main] INFO  RetryUrlAccess - 🌐 Navigating to URL (attempt 1): https://demoqa.com
2025-09-19 12:01:21 [main] INFO  RetryUrlAccess - ✅ Navigation successful on attempt 1
2025-09-19 12:01:21 [main] INFO  demoqaBase - 🧪 Starting Test Alerts, Frames & Windows...
2025-09-19 12:01:21 [main] INFO  demoqaBase - Accessing Alerts, Frame & Windows Card...
Declared Instance WebDriverWait: org.openqa.selenium.support.ui.WebDriverWait@3e7545e8
2025-09-19 12:01:21 [main] INFO  demoqaLog - Clicking on Alert Frame & Windows Card...
🔹 Trying JS click by locator (attempt 1)
2025-09-19 12:01:21 [main] INFO  demoqaLog - 🔹 Trying JS click by locator (attempt 1)
🔹 Attempting JS click...
2025-09-19 12:01:21 [main] INFO  demoqaLog - 🔹 Attempting JS click...
2025-09-19 12:01:21 [main] INFO  demoqaLog - Clicked on Alert Frame & Windows Card...
Title of this Page is: DEMOQA
You are Accessing: Alerts, Frame & Windows
2025-09-19 12:01:21 [main] INFO  demoqaBase - Alerts, Frame & Windows Card: Please select an item from left to start practice.
2025-09-19 12:01:21 [main] INFO  demoqaBase - Clicking on Alerts, Frame & Windows Card|Browser Windows...
You are now Accessing: Browser Windows
2025-09-19 12:01:22 [main] INFO  demoqaBase - You are now Accessing: Browser Windows
2025-09-19 12:01:22 [main] INFO  demoqaBase - ✅ Alerts, Frames & Windows|Browser Windows Test Completed...
]]></system-out>
  </testcase>
  <testcase name="browserWindowsNewTab" classname="tests.AlertsFramesWindowsTests" time="1.056">
    <system-out><![CDATA[2025-09-19 12:01:22 [main] INFO  demoqaBase - Closing browser for test: browserWindows
2025-09-19 12:01:22 [main] INFO  DriverFactory - 🌐 Starting Chrome Web Browser...
2025-09-19 12:01:22 [main] INFO  DriverFactory - ✅ Created temporary Chrome profile at C:\Users\dell\AppData\Local\Temp\chrome-profile-2547151174167025624
2025-09-19 12:01:23 [main] INFO  DriverFactory - 🚀 WebDriver started successfully
2025-09-19 12:01:23 [main] INFO  RetryUrlAccess - 🌐 Navigating to URL (attempt 1): https://demoqa.com
2025-09-19 12:01:56 [main] INFO  RetryUrlAccess - ✅ Navigation successful on attempt 1
2025-09-19 12:01:56 [main] INFO  demoqaBase - 🧪 Starting Test Alerts, Frames & Windows|New Tab...
2025-09-19 12:01:56 [main] INFO  demoqaBase - Accessing Alerts, Frame & Windows Card...
Declared Instance WebDriverWait: org.openqa.selenium.support.ui.WebDriverWait@3bdb2c78
2025-09-19 12:01:56 [main] INFO  demoqaLog - Clicking on Alert Frame & Windows Card...
🔹 Trying JS click by locator (attempt 1)
2025-09-19 12:01:57 [main] INFO  demoqaLog - 🔹 Trying JS click by locator (attempt 1)
🔹 Attempting JS click...
2025-09-19 12:01:57 [main] INFO  demoqaLog - 🔹 Attempting JS click...
2025-09-19 12:01:57 [main] INFO  demoqaLog - Clicked on Alert Frame & Windows Card...
Title of this Page is: DEMOQA
You are Accessing: Alerts, Frame & Windows
2025-09-19 12:01:57 [main] INFO  demoqaBase - Alerts, Frame & Windows Card: Please select an item from left to start practice.
2025-09-19 12:01:57 [main] INFO  demoqaBase - Clicking on Alerts, Frame & Windows Card|Browser Windows...
You are now Accessing: Browser Windows
2025-09-19 12:01:57 [main] INFO  demoqaBase - You are now Accessing: Browser Windows
2025-09-19 12:01:57 [main] INFO  demoqaLog - ⏳ Waiting for page to fully load (timeout: 30s)
2025-09-19 12:01:57 [main] INFO  demoqaLog - ✅ Page load completed.
2025-09-19 12:01:57 [main] INFO  demoqaBase - Initiating New Tab click sequence...
2025-09-19 12:01:57 [main] INFO  demoqaBase - Clicked New Tab button
2025-09-19 12:01:57 [main] INFO  demoqaBase - Switched to new tab: 80EB341B8DDEF0611E6E7662594DEC8E
2025-09-19 12:01:57 [main] INFO  demoqaBase - New tab content: 'This is a sample page'
You are now accessing: This is a sample page
2025-09-19 12:01:58 [main] INFO  demoqaBase - ✅ Alerts, Frames & Windows|Browser Windows|New Tab Test Completed...
]]></system-out>
  </testcase>
  <testcase name="browserWindowsNewWindow" classname="tests.AlertsFramesWindowsTests" time="0.99">
    <system-out><![CDATA[2025-09-19 12:01:58 [main] INFO  demoqaBase - Closing browser for test: browserWindowsNewTab
2025-09-19 12:01:58 [main] INFO  DriverFactory - 🌐 Starting Chrome Web Browser...
2025-09-19 12:01:58 [main] INFO  DriverFactory - ✅ Created temporary Chrome profile at C:\Users\dell\AppData\Local\Temp\chrome-profile-14945446412475948755
2025-09-19 12:01:59 [main] INFO  DriverFactory - 🚀 WebDriver started successfully
2025-09-19 12:01:59 [main] INFO  RetryUrlAccess - 🌐 Navigating to URL (attempt 1): https://demoqa.com
2025-09-19 12:02:12 [main] INFO  RetryUrlAccess - ✅ Navigation successful on attempt 1
2025-09-19 12:02:12 [main] INFO  demoqaBase - 🧪 Starting Test Alerts, Frames & Windows|New Window...
2025-09-19 12:02:12 [main] INFO  demoqaBase - Accessing Alerts, Frame & Windows Card...
Declared Instance WebDriverWait: org.openqa.selenium.support.ui.WebDriverWait@5a2bd7c8
2025-09-19 12:02:12 [main] INFO  demoqaLog - Clicking on Alert Frame & Windows Card...
🔹 Trying JS click by locator (attempt 1)
2025-09-19 12:02:12 [main] INFO  demoqaLog - 🔹 Trying JS click by locator (attempt 1)
🔹 Attempting JS click...
2025-09-19 12:02:12 [main] INFO  demoqaLog - 🔹 Attempting JS click...
2025-09-19 12:02:12 [main] INFO  demoqaLog - Clicked on Alert Frame & Windows Card...
Title of this Page is: DEMOQA
You are Accessing: Alerts, Frame & Windows
2025-09-19 12:02:12 [main] INFO  demoqaBase - Alerts, Frame & Windows Card: Please select an item from left to start practice.
2025-09-19 12:02:12 [main] INFO  demoqaBase - Clicking on Alerts, Frame & Windows Card|Browser Windows...
You are now Accessing: Browser Windows
2025-09-19 12:02:12 [main] INFO  demoqaBase - You are now Accessing: Browser Windows
2025-09-19 12:02:12 [main] INFO  demoqaLog - ⏳ Waiting for page to fully load (timeout: 30s)
2025-09-19 12:02:12 [main] INFO  demoqaLog - ✅ Page load completed.
2025-09-19 12:02:12 [main] INFO  demoqaBase - Initiating New Window click sequence...
2025-09-19 12:02:13 [main] INFO  demoqaBase - Clicked New Window button
2025-09-19 12:02:13 [main] INFO  demoqaBase - Switched to new tab: 44CF478994C1292838BF5B44878A31DE
2025-09-19 12:02:13 [main] INFO  demoqaBase - New tab content: 'This is a sample page'
You are now accessing: This is a sample page
2025-09-19 12:02:13 [main] INFO  demoqaBase - ✅ Alerts, Frames & Windows|Browser Windows|New Window Test Completed...
]]></system-out>
  </testcase>
  <testcase name="browserWindowsNewWindowMsg" classname="tests.AlertsFramesWindowsTests" time="0.761">
    <system-out><![CDATA[2025-09-19 12:02:13 [main] INFO  demoqaBase - Closing browser for test: browserWindowsNewWindow
2025-09-19 12:02:13 [main] INFO  DriverFactory - 🌐 Starting Chrome Web Browser...
2025-09-19 12:02:13 [main] INFO  DriverFactory - ✅ Created temporary Chrome profile at C:\Users\dell\AppData\Local\Temp\chrome-profile-2036349760226784018
2025-09-19 12:02:14 [main] INFO  DriverFactory - 🚀 WebDriver started successfully
2025-09-19 12:02:14 [main] INFO  RetryUrlAccess - 🌐 Navigating to URL (attempt 1): https://demoqa.com
2025-09-19 12:02:25 [main] INFO  RetryUrlAccess - ✅ Navigation successful on attempt 1
2025-09-19 12:02:25 [main] INFO  demoqaBase - 🧪 Starting Test Alerts, Frames & Windows|New Window Message...
2025-09-19 12:02:25 [main] INFO  demoqaBase - Accessing Alerts, Frame & Windows Card...
Declared Instance WebDriverWait: org.openqa.selenium.support.ui.WebDriverWait@75ae4a1f
2025-09-19 12:02:25 [main] INFO  demoqaLog - Clicking on Alert Frame & Windows Card...
🔹 Trying JS click by locator (attempt 1)
2025-09-19 12:02:25 [main] INFO  demoqaLog - 🔹 Trying JS click by locator (attempt 1)
🔹 Attempting JS click...
2025-09-19 12:02:25 [main] INFO  demoqaLog - 🔹 Attempting JS click...
2025-09-19 12:02:26 [main] INFO  demoqaLog - Clicked on Alert Frame & Windows Card...
Title of this Page is: DEMOQA
You are Accessing: Alerts, Frame & Windows
2025-09-19 12:02:26 [main] INFO  demoqaBase - Alerts, Frame & Windows Card: Please select an item from left to start practice.
2025-09-19 12:02:26 [main] INFO  demoqaBase - Clicking on Alerts, Frame & Windows Card|Browser Windows...
You are now Accessing: Browser Windows
2025-09-19 12:02:26 [main] INFO  demoqaBase - You are now Accessing: Browser Windows
2025-09-19 12:02:26 [main] INFO  demoqaLog - ⏳ Waiting for page to fully load (timeout: 30s)
2025-09-19 12:02:26 [main] INFO  demoqaLog - ✅ Page load completed.
2025-09-19 12:02:26 [main] INFO  demoqaBase - 🔍 Starting 'New Window Message' click sequence...
🔹 Trying JS click on WebElement (attempt 1)
2025-09-19 12:02:26 [main] INFO  demoqaLog - 🔹 Trying JS click on WebElement (attempt 1)
🔹 Attempting JS click...
2025-09-19 12:02:26 [main] INFO  demoqaLog - 🔹 Attempting JS click...
2025-09-19 12:02:26 [main] INFO  demoqaBase - 🔀 Switched to new window: 2745E5C58982B0D0EF95F554F8F63DA6
2025-09-19 12:02:26 [main] INFO  demoqaBase - ✅ Verified new popup window opened successfully.
2025-09-19 12:02:26 [main] INFO  demoqaBase - ↩️ Switched back to original window: 877581762588FEB1271ECDFD38CA3651
2025-09-19 12:02:26 [main] INFO  demoqaBase - ✅ 'New Window Message' flow completed successfully.
2025-09-19 12:02:26 [main] INFO  demoqaBase - ✅ Alerts, Frames & Windows|Browser Windows|New Window Message Test Completed...
]]></system-out>
  </testcase>
  <testcase name="ClickAlerts" classname="tests.AlertsFramesWindowsTests" time="0.436">
    <system-out><![CDATA[2025-09-19 12:02:26 [main] INFO  demoqaBase - Closing browser for test: browserWindowsNewWindowMsg
2025-09-19 12:02:27 [main] INFO  DriverFactory - 🌐 Starting Chrome Web Browser...
2025-09-19 12:02:27 [main] INFO  DriverFactory - ✅ Created temporary Chrome profile at C:\Users\dell\AppData\Local\Temp\chrome-profile-9444729960766287727
2025-09-19 12:02:27 [main] INFO  DriverFactory - 🚀 WebDriver started successfully
2025-09-19 12:02:27 [main] INFO  RetryUrlAccess - 🌐 Navigating to URL (attempt 1): https://demoqa.com
2025-09-19 12:03:03 [main] INFO  RetryUrlAccess - ✅ Navigation successful on attempt 1
2025-09-19 12:03:03 [main] INFO  demoqaBase - 🧪 Starting Test Alerts, Frames & Windows|New Window Message...
2025-09-19 12:03:03 [main] INFO  demoqaBase - Accessing Alerts, Frame & Windows Card...
Declared Instance WebDriverWait: org.openqa.selenium.support.ui.WebDriverWait@7f1ef916
2025-09-19 12:03:03 [main] INFO  demoqaLog - Clicking on Alert Frame & Windows Card...
🔹 Trying JS click by locator (attempt 1)
2025-09-19 12:03:03 [main] INFO  demoqaLog - 🔹 Trying JS click by locator (attempt 1)
🔹 Attempting JS click...
2025-09-19 12:03:03 [main] INFO  demoqaLog - 🔹 Attempting JS click...
2025-09-19 12:03:03 [main] INFO  demoqaLog - Clicked on Alert Frame & Windows Card...
Title of this Page is: DEMOQA
You are Accessing: Alerts, Frame & Windows
2025-09-19 12:03:03 [main] INFO  demoqaBase - Alerts, Frame & Windows Card: Please select an item from left to start practice.
2025-09-19 12:03:03 [main] INFO  demoqaBase - 🔍 Starting test for Alerts click ..
🔹 Trying JS click on WebElement (attempt 1)
2025-09-19 12:03:03 [main] INFO  demoqaLog - 🔹 Trying JS click on WebElement (attempt 1)
🔹 Attempting JS click...
2025-09-19 12:03:03 [main] INFO  demoqaLog - 🔹 Attempting JS click...
2025-09-19 12:03:04 [main] INFO  demoqaBase - ✅ Clicked on Alerts...
2025-09-19 12:03:04 [main] INFO  demoqaBase - Page Title is: Alerts
2025-09-19 12:03:04 [main] INFO  demoqaBase - ✅ Alerts, Frames & Windows|Alerts Test Completed...
]]></system-out>
  </testcase>
  <testcase name="ClickToSeeAlerts" classname="tests.AlertsFramesWindowsTests" time="6.041">
    <system-out><![CDATA[2025-09-19 12:03:04 [main] INFO  demoqaBase - Closing browser for test: ClickAlerts
2025-09-19 12:03:04 [main] INFO  DriverFactory - 🌐 Starting Chrome Web Browser...
2025-09-19 12:03:04 [main] INFO  DriverFactory - ✅ Created temporary Chrome profile at C:\Users\dell\AppData\Local\Temp\chrome-profile-16914229746504080061
2025-09-19 12:03:05 [main] INFO  DriverFactory - 🚀 WebDriver started successfully
2025-09-19 12:03:05 [main] INFO  RetryUrlAccess - 🌐 Navigating to URL (attempt 1): https://demoqa.com
2025-09-19 12:03:36 [main] INFO  RetryUrlAccess - ✅ Navigation successful on attempt 1
2025-09-19 12:03:36 [main] INFO  demoqaBase - 🧪 Starting Test Alerts, Frames & Windows|Alerts|Click button to see Alert...
2025-09-19 12:03:36 [main] INFO  demoqaBase - Accessing Alerts, Frame & Windows Card...
Declared Instance WebDriverWait: org.openqa.selenium.support.ui.WebDriverWait@7301eebe
2025-09-19 12:03:36 [main] INFO  demoqaLog - Clicking on Alert Frame & Windows Card...
🔹 Trying JS click by locator (attempt 1)
2025-09-19 12:03:36 [main] INFO  demoqaLog - 🔹 Trying JS click by locator (attempt 1)
🔹 Attempting JS click...
2025-09-19 12:03:36 [main] INFO  demoqaLog - 🔹 Attempting JS click...
2025-09-19 12:03:36 [main] INFO  demoqaLog - Clicked on Alert Frame & Windows Card...
Title of this Page is: DEMOQA
You are Accessing: Alerts, Frame & Windows
2025-09-19 12:03:36 [main] INFO  demoqaBase - Alerts, Frame & Windows Card: Please select an item from left to start practice.
2025-09-19 12:03:36 [main] INFO  demoqaBase - 🔍 Starting test for Alerts click ..
🔹 Trying JS click on WebElement (attempt 1)
2025-09-19 12:03:36 [main] INFO  demoqaLog - 🔹 Trying JS click on WebElement (attempt 1)
🔹 Attempting JS click...
2025-09-19 12:03:36 [main] INFO  demoqaLog - 🔹 Attempting JS click...
2025-09-19 12:03:36 [main] INFO  demoqaBase - ✅ Clicked on Alerts...
2025-09-19 12:03:36 [main] INFO  demoqaBase - Page Title is: Alerts
2025-09-19 12:03:36 [main] INFO  demoqaLog - ⏳ Waiting for page to fully load (timeout: 30s)
2025-09-19 12:03:36 [main] INFO  demoqaLog - ✅ Page load completed.
2025-09-19 12:03:36 [main] INFO  demoqaBase - 🔍 Starting test for On button click, alert will appear after 5 seconds...
🔹 Trying JS click on WebElement (attempt 1)
2025-09-19 12:03:36 [main] INFO  demoqaLog - 🔹 Trying JS click on WebElement (attempt 1)
🔹 Attempting JS click...
2025-09-19 12:03:36 [main] INFO  demoqaLog - 🔹 Attempting JS click...
2025-09-19 12:03:36 [main] INFO  demoqaBase - ✅ Clicked on Click Button to see Alert after 5 seconds...
2025-09-19 12:03:42 [main] INFO  demoqaBase - ✅ On button click, alert will appear after 5 seconds, message is: This alert appeared after 5 seconds
2025-09-19 12:03:42 [main] INFO  demoqaBase - ✅ Alerts, Frames & Windows|Alerts|Click button to see Alert Test Completed...
]]></system-out>
  </testcase>
  <testcase name="ClickAcceptConfirmationBox" classname="tests.AlertsFramesWindowsTests" time="0.774">
    <system-out><![CDATA[2025-09-19 12:03:42 [main] INFO  demoqaBase - Closing browser for test: ClickToSeeAlerts
2025-09-19 12:03:42 [main] INFO  DriverFactory - 🌐 Starting Chrome Web Browser...
2025-09-19 12:03:42 [main] INFO  DriverFactory - ✅ Created temporary Chrome profile at C:\Users\dell\AppData\Local\Temp\chrome-profile-11021848148425020937
2025-09-19 12:03:43 [main] INFO  DriverFactory - 🚀 WebDriver started successfully
2025-09-19 12:03:43 [main] INFO  RetryUrlAccess - 🌐 Navigating to URL (attempt 1): https://demoqa.com
2025-09-19 12:03:57 [main] INFO  RetryUrlAccess - ✅ Navigation successful on attempt 1
2025-09-19 12:03:57 [main] INFO  demoqaBase - 🧪 Starting Test Alerts, Frames & Windows|AlertsOn button click, confirm box will appear, Accept...
2025-09-19 12:03:57 [main] INFO  demoqaBase - Accessing Alerts, Frame & Windows Card...
Declared Instance WebDriverWait: org.openqa.selenium.support.ui.WebDriverWait@1163a27
2025-09-19 12:03:57 [main] INFO  demoqaLog - Clicking on Alert Frame & Windows Card...
🔹 Trying JS click by locator (attempt 1)
2025-09-19 12:03:57 [main] INFO  demoqaLog - 🔹 Trying JS click by locator (attempt 1)
🔹 Attempting JS click...
2025-09-19 12:03:57 [main] INFO  demoqaLog - 🔹 Attempting JS click...
2025-09-19 12:03:57 [main] INFO  demoqaLog - Clicked on Alert Frame & Windows Card...
Title of this Page is: DEMOQA
You are Accessing: Alerts, Frame & Windows
2025-09-19 12:03:57 [main] INFO  demoqaBase - Alerts, Frame & Windows Card: Please select an item from left to start practice.
2025-09-19 12:03:57 [main] INFO  demoqaBase - 🔍 Starting test for Alerts click ..
🔹 Trying JS click on WebElement (attempt 1)
2025-09-19 12:03:57 [main] INFO  demoqaLog - 🔹 Trying JS click on WebElement (attempt 1)
🔹 Attempting JS click...
2025-09-19 12:03:57 [main] INFO  demoqaLog - 🔹 Attempting JS click...
2025-09-19 12:03:58 [main] INFO  demoqaBase - ✅ Clicked on Alerts...
2025-09-19 12:03:58 [main] INFO  demoqaBase - Page Title is: Alerts
2025-09-19 12:03:58 [main] INFO  demoqaLog - ⏳ Waiting for page to fully load (timeout: 30s)
2025-09-19 12:03:58 [main] INFO  demoqaLog - ✅ Page load completed.
2025-09-19 12:03:58 [main] INFO  demoqaBase - 🔍 Starting test for On button click, confirm box will appear, Accept...
🔹 Trying JS click on WebElement (attempt 1)
2025-09-19 12:03:58 [main] INFO  demoqaLog - 🔹 Trying JS click on WebElement (attempt 1)
🔹 Attempting JS click...
2025-09-19 12:03:58 [main] INFO  demoqaLog - 🔹 Attempting JS click...
2025-09-19 12:03:58 [main] INFO  demoqaBase - ✅ Clicked On button click, confirm box will appear, Accept...
2025-09-19 12:03:58 [main] INFO  demoqaBase - ✅ On button click, confirm box will appear, message is: Do you confirm action?
2025-09-19 12:03:58 [main] INFO  demoqaBase - ✅ Your Selection was: You selected Ok
2025-09-19 12:03:58 [main] INFO  demoqaBase - ✅ Alerts, Frames & Windows|Alerts|On button click, confirm box will appear, Accept Test Completed...
]]></system-out>
  </testcase>
  <testcase name="ClickDenyConfirmationBox" classname="tests.AlertsFramesWindowsTests" time="0.823">
    <system-out><![CDATA[2025-09-19 12:03:58 [main] INFO  demoqaBase - Closing browser for test: ClickAcceptConfirmationBox
2025-09-19 12:03:58 [main] INFO  DriverFactory - 🌐 Starting Chrome Web Browser...
2025-09-19 12:03:58 [main] INFO  DriverFactory - ✅ Created temporary Chrome profile at C:\Users\dell\AppData\Local\Temp\chrome-profile-13693020876007061571
2025-09-19 12:03:59 [main] INFO  DriverFactory - 🚀 WebDriver started successfully
2025-09-19 12:03:59 [main] INFO  RetryUrlAccess - 🌐 Navigating to URL (attempt 1): https://demoqa.com
2025-09-19 12:04:12 [main] INFO  RetryUrlAccess - ✅ Navigation successful on attempt 1
2025-09-19 12:04:12 [main] INFO  demoqaBase - 🧪 Starting Test Alerts, Frames & Windows|Alerts|On button click, confirm box will appear, Deny...
2025-09-19 12:04:12 [main] INFO  demoqaBase - Accessing Alerts, Frame & Windows Card...
Declared Instance WebDriverWait: org.openqa.selenium.support.ui.WebDriverWait@5eb5da12
2025-09-19 12:04:12 [main] INFO  demoqaLog - Clicking on Alert Frame & Windows Card...
🔹 Trying JS click by locator (attempt 1)
2025-09-19 12:04:12 [main] INFO  demoqaLog - 🔹 Trying JS click by locator (attempt 1)
🔹 Attempting JS click...
2025-09-19 12:04:12 [main] INFO  demoqaLog - 🔹 Attempting JS click...
2025-09-19 12:04:12 [main] INFO  demoqaLog - Clicked on Alert Frame & Windows Card...
Title of this Page is: DEMOQA
You are Accessing: Alerts, Frame & Windows
2025-09-19 12:04:12 [main] INFO  demoqaBase - Alerts, Frame & Windows Card: Please select an item from left to start practice.
2025-09-19 12:04:12 [main] INFO  demoqaBase - 🔍 Starting test for Alerts click ..
🔹 Trying JS click on WebElement (attempt 1)
2025-09-19 12:04:12 [main] INFO  demoqaLog - 🔹 Trying JS click on WebElement (attempt 1)
🔹 Attempting JS click...
2025-09-19 12:04:12 [main] INFO  demoqaLog - 🔹 Attempting JS click...
2025-09-19 12:04:12 [main] INFO  demoqaBase - ✅ Clicked on Alerts...
2025-09-19 12:04:13 [main] INFO  demoqaBase - Page Title is: Alerts
2025-09-19 12:04:13 [main] INFO  demoqaLog - ⏳ Waiting for page to fully load (timeout: 30s)
2025-09-19 12:04:13 [main] INFO  demoqaLog - ✅ Page load completed.
2025-09-19 12:04:13 [main] INFO  demoqaBase - 🔍 Starting test for On button click, confirm box will appear, Deny...
🔹 Trying JS click on WebElement (attempt 1)
2025-09-19 12:04:13 [main] INFO  demoqaLog - 🔹 Trying JS click on WebElement (attempt 1)
🔹 Attempting JS click...
2025-09-19 12:04:13 [main] INFO  demoqaLog - 🔹 Attempting JS click...
2025-09-19 12:04:13 [main] INFO  demoqaBase - ✅ Clicked On button click, confirm box will appear, Deny...
2025-09-19 12:04:13 [main] INFO  demoqaBase - ✅ On button click, confirm box will appear, message is: Do you confirm action?
2025-09-19 12:04:13 [main] INFO  demoqaBase - ✅ Your Selection was: You selected Cancel
2025-09-19 12:04:13 [main] INFO  demoqaBase - ✅ Alerts, Frames & Windows|Alerts|On button click, confirm box will appear, Deny Test Completed...
]]></system-out>
  </testcase>
  <testcase name="ClickPromptBoxFill" classname="tests.AlertsFramesWindowsTests" time="1.055">
    <system-out><![CDATA[2025-09-19 12:04:13 [main] INFO  demoqaBase - Closing browser for test: ClickDenyConfirmationBox
2025-09-19 12:04:13 [main] INFO  DriverFactory - 🌐 Starting Chrome Web Browser...
2025-09-19 12:04:13 [main] INFO  DriverFactory - ✅ Created temporary Chrome profile at C:\Users\dell\AppData\Local\Temp\chrome-profile-15399411824539242597
2025-09-19 12:04:14 [main] INFO  DriverFactory - 🚀 WebDriver started successfully
2025-09-19 12:04:14 [main] INFO  RetryUrlAccess - 🌐 Navigating to URL (attempt 1): https://demoqa.com
2025-09-19 12:04:18 [main] INFO  RetryUrlAccess - ✅ Navigation successful on attempt 1
2025-09-19 12:04:18 [main] INFO  demoqaBase - 🧪 Starting Test Alerts, Frames & Windows|Alerts|On button click, prompt box will appear, Fill data...
2025-09-19 12:04:18 [main] INFO  demoqaBase - Accessing Alerts, Frame & Windows Card...
Declared Instance WebDriverWait: org.openqa.selenium.support.ui.WebDriverWait@ab2e6d2
2025-09-19 12:04:18 [main] INFO  demoqaLog - Clicking on Alert Frame & Windows Card...
🔹 Trying JS click by locator (attempt 1)
2025-09-19 12:04:19 [main] INFO  demoqaLog - 🔹 Trying JS click by locator (attempt 1)
🔹 Attempting JS click...
2025-09-19 12:04:19 [main] INFO  demoqaLog - 🔹 Attempting JS click...
2025-09-19 12:04:19 [main] INFO  demoqaLog - Clicked on Alert Frame & Windows Card...
Title of this Page is: DEMOQA
You are Accessing: Alerts, Frame & Windows
2025-09-19 12:04:19 [main] INFO  demoqaBase - Alerts, Frame & Windows Card: Please select an item from left to start practice.
2025-09-19 12:04:19 [main] INFO  demoqaBase - 🔍 Starting test for Alerts click ..
🔹 Trying JS click on WebElement (attempt 1)
2025-09-19 12:04:19 [main] INFO  demoqaLog - 🔹 Trying JS click on WebElement (attempt 1)
🔹 Attempting JS click...
2025-09-19 12:04:19 [main] INFO  demoqaLog - 🔹 Attempting JS click...
2025-09-19 12:04:19 [main] INFO  demoqaBase - ✅ Clicked on Alerts...
2025-09-19 12:04:19 [main] INFO  demoqaBase - Page Title is: Alerts
2025-09-19 12:04:19 [main] INFO  demoqaLog - ⏳ Waiting for page to fully load (timeout: 30s)
2025-09-19 12:04:19 [main] INFO  demoqaLog - ✅ Page load completed.
2025-09-19 12:04:19 [main] INFO  demoqaBase - 🔍 Starting test for On button click, prompt box will appear, Fill data...
🔹 Trying JS click on WebElement (attempt 1)
2025-09-19 12:04:19 [main] INFO  demoqaLog - 🔹 Trying JS click on WebElement (attempt 1)
🔹 Attempting JS click...
2025-09-19 12:04:19 [main] INFO  demoqaLog - 🔹 Attempting JS click...
2025-09-19 12:04:19 [main] INFO  demoqaBase - ✅ Clicked On button click, prompt box will appear, Fill data...
2025-09-19 12:04:19 [main] INFO  demoqaBase - ✅ On button click, prompt box will appear, message is: Please enter your name
2025-09-19 12:04:20 [main] INFO  demoqaBase - ✅ Your Selection was: You entered Java Selenium
2025-09-19 12:04:20 [main] INFO  demoqaBase - ✅ Alerts, Frames & Windows|Alerts|On button click, prompt box will appear, Fill data Test Completed...
]]></system-out>
  </testcase>
  <testcase name="ClickFrames" classname="tests.AlertsFramesWindowsTests" time="0.531">
    <system-out><![CDATA[2025-09-19 12:04:20 [main] INFO  demoqaBase - Closing browser for test: ClickPromptBoxFill
2025-09-19 12:04:20 [main] INFO  DriverFactory - 🌐 Starting Chrome Web Browser...
2025-09-19 12:04:20 [main] INFO  DriverFactory - ✅ Created temporary Chrome profile at C:\Users\dell\AppData\Local\Temp\chrome-profile-7267319930095861181
2025-09-19 12:04:21 [main] INFO  DriverFactory - 🚀 WebDriver started successfully
2025-09-19 12:04:21 [main] INFO  RetryUrlAccess - 🌐 Navigating to URL (attempt 1): https://demoqa.com
2025-09-19 12:04:47 [main] INFO  RetryUrlAccess - ✅ Navigation successful on attempt 1
2025-09-19 12:04:47 [main] INFO  demoqaBase - 🧪 Starting Test Alerts, Frames & Windows|Frames...
2025-09-19 12:04:47 [main] INFO  demoqaBase - Accessing Alerts, Frame & Windows Card...
Declared Instance WebDriverWait: org.openqa.selenium.support.ui.WebDriverWait@58aa1d72
2025-09-19 12:04:47 [main] INFO  demoqaLog - Clicking on Alert Frame & Windows Card...
🔹 Trying JS click by locator (attempt 1)
2025-09-19 12:04:47 [main] INFO  demoqaLog - 🔹 Trying JS click by locator (attempt 1)
🔹 Attempting JS click...
2025-09-19 12:04:47 [main] INFO  demoqaLog - 🔹 Attempting JS click...
2025-09-19 12:04:48 [main] INFO  demoqaLog - Clicked on Alert Frame & Windows Card...
Title of this Page is: DEMOQA
You are Accessing: Alerts, Frame & Windows
2025-09-19 12:04:48 [main] INFO  demoqaBase - Alerts, Frame & Windows Card: Please select an item from left to start practice.
2025-09-19 12:04:48 [main] INFO  demoqaBase - 🔍 Starting test for Frames click ..
🔹 Trying JS click on WebElement (attempt 1)
2025-09-19 12:04:48 [main] INFO  demoqaLog - 🔹 Trying JS click on WebElement (attempt 1)
🔹 Attempting JS click...
2025-09-19 12:04:48 [main] INFO  demoqaLog - 🔹 Attempting JS click...
2025-09-19 12:04:48 [main] INFO  demoqaBase - ✅ Clicked on Frames...
2025-09-19 12:04:48 [main] INFO  demoqaBase - Page Title is: Frames
2025-09-19 12:04:48 [main] INFO  demoqaBase - ✅ Alerts, Frames & Windows|Frames Test Completed...
]]></system-out>
  </testcase>
  <testcase name="GetFrame1" classname="tests.AlertsFramesWindowsTests" time="0.739">
    <system-out><![CDATA[2025-09-19 12:04:48 [main] INFO  demoqaBase - Closing browser for test: ClickFrames
2025-09-19 12:04:48 [main] INFO  DriverFactory - 🌐 Starting Chrome Web Browser...
2025-09-19 12:04:48 [main] INFO  DriverFactory - ✅ Created temporary Chrome profile at C:\Users\dell\AppData\Local\Temp\chrome-profile-13336994336423871031
2025-09-19 12:04:49 [main] INFO  DriverFactory - 🚀 WebDriver started successfully
2025-09-19 12:04:49 [main] INFO  RetryUrlAccess - 🌐 Navigating to URL (attempt 1): https://demoqa.com
2025-09-19 12:05:03 [main] INFO  RetryUrlAccess - ✅ Navigation successful on attempt 1
2025-09-19 12:05:03 [main] INFO  demoqaBase - 🧪 Starting Test Alerts, Frames & Windows|Frames|Frame1 message...
2025-09-19 12:05:03 [main] INFO  demoqaBase - Accessing Alerts, Frame & Windows Card...
Declared Instance WebDriverWait: org.openqa.selenium.support.ui.WebDriverWait@7a64cb0c
2025-09-19 12:05:03 [main] INFO  demoqaLog - Clicking on Alert Frame & Windows Card...
🔹 Trying JS click by locator (attempt 1)
2025-09-19 12:05:03 [main] INFO  demoqaLog - 🔹 Trying JS click by locator (attempt 1)
🔹 Attempting JS click...
2025-09-19 12:05:03 [main] INFO  demoqaLog - 🔹 Attempting JS click...
2025-09-19 12:05:03 [main] INFO  demoqaLog - Clicked on Alert Frame & Windows Card...
Title of this Page is: DEMOQA
You are Accessing: Alerts, Frame & Windows
2025-09-19 12:05:03 [main] INFO  demoqaBase - Alerts, Frame & Windows Card: Please select an item from left to start practice.
2025-09-19 12:05:03 [main] INFO  demoqaBase - 🔍 Starting test for Frames click ..
🔹 Trying JS click on WebElement (attempt 1)
2025-09-19 12:05:03 [main] INFO  demoqaLog - 🔹 Trying JS click on WebElement (attempt 1)
🔹 Attempting JS click...
2025-09-19 12:05:03 [main] INFO  demoqaLog - 🔹 Attempting JS click...
2025-09-19 12:05:03 [main] INFO  demoqaBase - ✅ Clicked on Frames...
2025-09-19 12:05:03 [main] INFO  demoqaBase - Page Title is: Frames
2025-09-19 12:05:03 [main] INFO  demoqaLog - ⏳ Waiting for page to fully load (timeout: 30s)
2025-09-19 12:05:03 [main] INFO  demoqaLog - ✅ Page load completed.
2025-09-19 12:05:03 [main] INFO  demoqaBase - 🔍 Starting test for Frames|Frame1 Message...
2025-09-19 12:05:04 [main] INFO  demoqaBase - ✅ Switched to Frame1...
2025-09-19 12:05:04 [main] INFO  demoqaBase - Frame1 contains: This is a sample page
2025-09-19 12:05:04 [main] INFO  demoqaBase - ✅ Alerts, Frames & Windows|Frames|Frame1 message Test Completed...
]]></system-out>
  </testcase>
  <testcase name="GetFrame2" classname="tests.AlertsFramesWindowsTests" time="1.287">
    <system-out><![CDATA[2025-09-19 12:05:04 [main] INFO  demoqaBase - Closing browser for test: GetFrame1
2025-09-19 12:05:04 [main] INFO  DriverFactory - 🌐 Starting Chrome Web Browser...
2025-09-19 12:05:04 [main] INFO  DriverFactory - ✅ Created temporary Chrome profile at C:\Users\dell\AppData\Local\Temp\chrome-profile-805788843848932555
2025-09-19 12:05:05 [main] INFO  DriverFactory - 🚀 WebDriver started successfully
2025-09-19 12:05:05 [main] INFO  RetryUrlAccess - 🌐 Navigating to URL (attempt 1): https://demoqa.com
2025-09-19 12:05:21 [main] INFO  RetryUrlAccess - ✅ Navigation successful on attempt 1
2025-09-19 12:05:21 [main] INFO  demoqaBase - 🧪 Starting Test Alerts, Frames & Windows|Frames|Frame2 message...
2025-09-19 12:05:21 [main] INFO  demoqaBase - Accessing Alerts, Frame & Windows Card...
Declared Instance WebDriverWait: org.openqa.selenium.support.ui.WebDriverWait@7ae590f6
2025-09-19 12:05:21 [main] INFO  demoqaLog - Clicking on Alert Frame & Windows Card...
🔹 Trying JS click by locator (attempt 1)
2025-09-19 12:05:21 [main] INFO  demoqaLog - 🔹 Trying JS click by locator (attempt 1)
🔹 Attempting JS click...
2025-09-19 12:05:21 [main] INFO  demoqaLog - 🔹 Attempting JS click...
2025-09-19 12:05:21 [main] INFO  demoqaLog - Clicked on Alert Frame & Windows Card...
Title of this Page is: DEMOQA
You are Accessing: Alerts, Frame & Windows
2025-09-19 12:05:21 [main] INFO  demoqaBase - Alerts, Frame & Windows Card: Please select an item from left to start practice.
2025-09-19 12:05:21 [main] INFO  demoqaBase - 🔍 Starting test for Frames click ..
🔹 Trying JS click on WebElement (attempt 1)
2025-09-19 12:05:21 [main] INFO  demoqaLog - 🔹 Trying JS click on WebElement (attempt 1)
🔹 Attempting JS click...
2025-09-19 12:05:21 [main] INFO  demoqaLog - 🔹 Attempting JS click...
2025-09-19 12:05:21 [main] INFO  demoqaBase - ✅ Clicked on Frames...
2025-09-19 12:05:21 [main] INFO  demoqaBase - Page Title is: Frames
2025-09-19 12:05:21 [main] INFO  demoqaLog - ⏳ Waiting for page to fully load (timeout: 30s)
2025-09-19 12:05:21 [main] INFO  demoqaLog - ✅ Page load completed.
2025-09-19 12:05:21 [main] INFO  demoqaBase - 🔍 Starting test for Frames|Frame2 Message...
2025-09-19 12:05:21 [main] INFO  demoqaBase - ✅ Switched to Frame2...
2025-09-19 12:05:22 [main] INFO  demoqaBase - Frame2 contains: This is a sample page
2025-09-19 12:05:22 [main] INFO  demoqaBase - ✅ Alerts, Frames & Windows|Frames|Frame2 message Test Completed...
]]></system-out>
  </testcase>
  <testcase name="ClickModalDialogs" classname="tests.AlertsFramesWindowsTests" time="0.436">
    <system-out><![CDATA[2025-09-19 12:05:22 [main] INFO  demoqaBase - Closing browser for test: GetFrame2
2025-09-19 12:05:22 [main] INFO  DriverFactory - 🌐 Starting Chrome Web Browser...
2025-09-19 12:05:22 [main] INFO  DriverFactory - ✅ Created temporary Chrome profile at C:\Users\dell\AppData\Local\Temp\chrome-profile-16659028791422647466
2025-09-19 12:05:23 [main] INFO  DriverFactory - 🚀 WebDriver started successfully
2025-09-19 12:05:23 [main] INFO  RetryUrlAccess - 🌐 Navigating to URL (attempt 1): https://demoqa.com
2025-09-19 12:05:37 [main] INFO  RetryUrlAccess - ✅ Navigation successful on attempt 1
2025-09-19 12:05:37 [main] INFO  demoqaBase - 🧪 Starting Test Alerts, Frames & Windows|Modal Dialogs...
2025-09-19 12:05:37 [main] INFO  demoqaBase - Accessing Alerts, Frame & Windows Card...
Declared Instance WebDriverWait: org.openqa.selenium.support.ui.WebDriverWait@2ba9f986
2025-09-19 12:05:37 [main] INFO  demoqaLog - Clicking on Alert Frame & Windows Card...
🔹 Trying JS click by locator (attempt 1)
2025-09-19 12:05:37 [main] INFO  demoqaLog - 🔹 Trying JS click by locator (attempt 1)
🔹 Attempting JS click...
2025-09-19 12:05:37 [main] INFO  demoqaLog - 🔹 Attempting JS click...
2025-09-19 12:05:37 [main] INFO  demoqaLog - Clicked on Alert Frame & Windows Card...
Title of this Page is: DEMOQA
You are Accessing: Alerts, Frame & Windows
2025-09-19 12:05:37 [main] INFO  demoqaBase - Alerts, Frame & Windows Card: Please select an item from left to start practice.
2025-09-19 12:05:37 [main] INFO  demoqaBase - 🔍 Starting test for Frames|Modal Dialogs click ..
🔹 Trying JS click on WebElement (attempt 1)
2025-09-19 12:05:37 [main] INFO  demoqaLog - 🔹 Trying JS click on WebElement (attempt 1)
🔹 Attempting JS click...
2025-09-19 12:05:37 [main] INFO  demoqaLog - 🔹 Attempting JS click...
2025-09-19 12:05:38 [main] INFO  demoqaBase - ✅ Clicked on Modal Dialogs...
2025-09-19 12:05:38 [main] INFO  demoqaBase - Page Title is: Modal Dialogs
2025-09-19 12:05:38 [main] INFO  demoqaBase - ✅ Alerts, Frames & Windows|Modal Dialogs Test Completed...
]]></system-out>
  </testcase>
  <testcase name="ClickNestedFrames" classname="tests.AlertsFramesWindowsTests" time="0.462">
    <system-out><![CDATA[2025-09-19 12:05:38 [main] INFO  demoqaBase - Closing browser for test: ClickModalDialogs
2025-09-19 12:05:38 [main] INFO  DriverFactory - 🌐 Starting Chrome Web Browser...
2025-09-19 12:05:38 [main] INFO  DriverFactory - ✅ Created temporary Chrome profile at C:\Users\dell\AppData\Local\Temp\chrome-profile-3036554114867899012
2025-09-19 12:05:39 [main] INFO  DriverFactory - 🚀 WebDriver started successfully
2025-09-19 12:05:39 [main] INFO  RetryUrlAccess - 🌐 Navigating to URL (attempt 1): https://demoqa.com
2025-09-19 12:05:44 [main] INFO  RetryUrlAccess - ✅ Navigation successful on attempt 1
2025-09-19 12:05:44 [main] INFO  demoqaBase - 🧪 Starting Test Alerts, Frames & Windows|Nested Frames...
2025-09-19 12:05:44 [main] INFO  demoqaBase - Accessing Alerts, Frame & Windows Card...
Declared Instance WebDriverWait: org.openqa.selenium.support.ui.WebDriverWait@50ff7063
2025-09-19 12:05:44 [main] INFO  demoqaLog - Clicking on Alert Frame & Windows Card...
🔹 Trying JS click by locator (attempt 1)
2025-09-19 12:05:44 [main] INFO  demoqaLog - 🔹 Trying JS click by locator (attempt 1)
🔹 Attempting JS click...
2025-09-19 12:05:44 [main] INFO  demoqaLog - 🔹 Attempting JS click...
2025-09-19 12:05:44 [main] INFO  demoqaLog - Clicked on Alert Frame & Windows Card...
Title of this Page is: DEMOQA
You are Accessing: Alerts, Frame & Windows
2025-09-19 12:05:44 [main] INFO  demoqaBase - Alerts, Frame & Windows Card: Please select an item from left to start practice.
2025-09-19 12:05:44 [main] INFO  demoqaLog - ⏳ Waiting for page to fully load (timeout: 30s)
2025-09-19 12:05:44 [main] INFO  demoqaLog - ✅ Page load completed.
2025-09-19 12:05:44 [main] INFO  demoqaBase - 🔍 Starting test for Frames|Nested Frames click ..
🔹 Trying JS click on WebElement (attempt 1)
2025-09-19 12:05:44 [main] INFO  demoqaLog - 🔹 Trying JS click on WebElement (attempt 1)
🔹 Attempting JS click...
2025-09-19 12:05:44 [main] INFO  demoqaLog - 🔹 Attempting JS click...
2025-09-19 12:05:44 [main] INFO  demoqaBase - ✅ Clicked on Nested Frames...
2025-09-19 12:05:44 [main] INFO  demoqaBase - Page Title is: Nested Frames
2025-09-19 12:05:44 [main] INFO  demoqaBase - ✅ Alerts, Frames & Windows|Nested Frames Test Completed...
]]></system-out>
  </testcase>
  <testcase name="ClickLargeModal" classname="tests.AlertsFramesWindowsTests" time="0.92">
    <system-out><![CDATA[2025-09-19 12:05:44 [main] INFO  demoqaBase - Closing browser for test: ClickNestedFrames
2025-09-19 12:05:45 [main] INFO  DriverFactory - 🌐 Starting Chrome Web Browser...
2025-09-19 12:05:45 [main] INFO  DriverFactory - ✅ Created temporary Chrome profile at C:\Users\dell\AppData\Local\Temp\chrome-profile-16401147076668424424
2025-09-19 12:05:46 [main] INFO  DriverFactory - 🚀 WebDriver started successfully
2025-09-19 12:05:46 [main] INFO  RetryUrlAccess - 🌐 Navigating to URL (attempt 1): https://demoqa.com
2025-09-19 12:05:55 [main] INFO  RetryUrlAccess - ✅ Navigation successful on attempt 1
2025-09-19 12:05:55 [main] INFO  demoqaBase - 🧪 Starting Test Alerts, Frames & Windows|Modal Dialogs|Large Modal...
2025-09-19 12:05:55 [main] INFO  demoqaBase - Accessing Alerts, Frame & Windows Card...
Declared Instance WebDriverWait: org.openqa.selenium.support.ui.WebDriverWait@4a04ca74
2025-09-19 12:05:55 [main] INFO  demoqaLog - Clicking on Alert Frame & Windows Card...
🔹 Trying JS click by locator (attempt 1)
2025-09-19 12:05:55 [main] INFO  demoqaLog - 🔹 Trying JS click by locator (attempt 1)
🔹 Attempting JS click...
2025-09-19 12:05:55 [main] INFO  demoqaLog - 🔹 Attempting JS click...
2025-09-19 12:05:55 [main] INFO  demoqaLog - Clicked on Alert Frame & Windows Card...
Title of this Page is: DEMOQA
You are Accessing: Alerts, Frame & Windows
2025-09-19 12:05:55 [main] INFO  demoqaBase - Alerts, Frame & Windows Card: Please select an item from left to start practice.
2025-09-19 12:05:55 [main] INFO  demoqaBase - 🔍 Starting test for Frames|Modal Dialogs click ..
🔹 Trying JS click on WebElement (attempt 1)
2025-09-19 12:05:55 [main] INFO  demoqaLog - 🔹 Trying JS click on WebElement (attempt 1)
🔹 Attempting JS click...
2025-09-19 12:05:55 [main] INFO  demoqaLog - 🔹 Attempting JS click...
2025-09-19 12:05:55 [main] INFO  demoqaBase - ✅ Clicked on Modal Dialogs...
2025-09-19 12:05:55 [main] INFO  demoqaBase - Page Title is: Modal Dialogs
2025-09-19 12:05:55 [main] INFO  demoqaLog - ⏳ Waiting for page to fully load (timeout: 30s)
2025-09-19 12:05:55 [main] INFO  demoqaLog - ✅ Page load completed.
2025-09-19 12:05:55 [main] INFO  demoqaBase - 🔍 Starting test for Frames|Modal Dialogs|Large Modal click...
🔹 Trying JS click on WebElement (attempt 1)
2025-09-19 12:05:55 [main] INFO  demoqaLog - 🔹 Trying JS click on WebElement (attempt 1)
🔹 Attempting JS click...
2025-09-19 12:05:55 [main] INFO  demoqaLog - 🔹 Attempting JS click...
2025-09-19 12:05:55 [main] INFO  demoqaBase - ✅ Clicked on Modal Dialogs|Large Modal...
2025-09-19 12:05:56 [main] INFO  demoqaBase - Page Title is: Large Modal
2025-09-19 12:05:56 [main] INFO  demoqaBase - Large Modal Body Contains: Lorem Ipsum is simply dummy text of the printing and typesetting industry. Lorem Ipsum has been the industry's standard dummy text ever since the 1500s, when an unknown printer took a galley of type and scrambled it to make a type specimen book. It has survived not only five centuries, but also the leap into electronic typesetting, remaining essentially unchanged. It was popularised in the 1960s with the release of Letraset sheets containing Lorem Ipsum passages, and more recently with desktop publishing software like Aldus PageMaker including versions of Lorem Ipsum.
🔹 Trying JS click on WebElement (attempt 1)
2025-09-19 12:05:56 [main] INFO  demoqaLog - 🔹 Trying JS click on WebElement (attempt 1)
🔹 Attempting JS click...
2025-09-19 12:05:56 [main] INFO  demoqaLog - 🔹 Attempting JS click...
2025-09-19 12:05:56 [main] INFO  demoqaBase - ✅ Alerts, Frames & Windows|Modal Dialogs|Large Modal click Test Completed...
]]></system-out>
  </testcase>
  <testcase name="ClickSmallModal" classname="tests.AlertsFramesWindowsTests" time="9.041">
    <failure message="❌ smartClick failed after 3 attempts" type="java.lang.RuntimeException"><![CDATA[java.lang.RuntimeException: ❌ smartClick failed after 3 attempts
	at utils.ClickHandler.smartClick(ClickHandler.java:100)
	at pages.homePage.clickAlertsFrameWindowsCard(homePage.java:36)
	at pages.alertsframewindowsPage.accessAlertFramesWindows(alertsframewindowsPage.java:147)
	at tests.AlertsFramesWindowsTests.ClickSmallModal(AlertsFramesWindowsTests.java:272)
	at java.base/jdk.internal.reflect.DirectMethodHandleAccessor.invoke(DirectMethodHandleAccessor.java:103)
	at java.base/java.lang.reflect.Method.invoke(Method.java:580)
	at org.testng.internal.invokers.MethodInvocationHelper.invokeMethod(MethodInvocationHelper.java:141)
	at org.testng.internal.invokers.TestInvoker.invokeMethod(TestInvoker.java:687)
	at org.testng.internal.invokers.TestInvoker.invokeTestMethod(TestInvoker.java:230)
	at org.testng.internal.invokers.MethodRunner.runInSequence(MethodRunner.java:63)
	at org.testng.internal.invokers.TestInvoker$MethodInvocationAgent.invoke(TestInvoker.java:995)
	at org.testng.internal.invokers.TestInvoker.invokeTestMethods(TestInvoker.java:203)
	at org.testng.internal.invokers.TestMethodWorker.invokeTestMethods(TestMethodWorker.java:154)
	at org.testng.internal.invokers.TestMethodWorker.run(TestMethodWorker.java:134)
	at java.base/java.util.ArrayList.forEach(ArrayList.java:1596)
	at org.testng.TestRunner.privateRun(TestRunner.java:741)
	at org.testng.TestRunner.run(TestRunner.java:616)
	at org.testng.SuiteRunner.runTest(SuiteRunner.java:421)
	at org.testng.SuiteRunner.runSequentially(SuiteRunner.java:413)
	at org.testng.SuiteRunner.privateRun(SuiteRunner.java:373)
	at org.testng.SuiteRunner.run(SuiteRunner.java:312)
	at org.testng.SuiteRunnerWorker.runSuite(SuiteRunnerWorker.java:52)
	at org.testng.SuiteRunnerWorker.run(SuiteRunnerWorker.java:95)
	at org.testng.TestNG.runSuitesSequentially(TestNG.java:1274)
	at org.testng.TestNG.runSuitesLocally(TestNG.java:1208)
	at org.testng.TestNG.runSuites(TestNG.java:1112)
	at org.testng.TestNG.run(TestNG.java:1079)
	at org.apache.maven.surefire.testng.TestNGExecutor.run(TestNGExecutor.java:155)
	at org.apache.maven.surefire.testng.TestNGDirectoryTestSuite.executeMulti(TestNGDirectoryTestSuite.java:169)
	at org.apache.maven.surefire.testng.TestNGDirectoryTestSuite.execute(TestNGDirectoryTestSuite.java:88)
	at org.apache.maven.surefire.testng.TestNGProvider.invoke(TestNGProvider.java:137)
	at org.apache.maven.surefire.booter.ForkedBooter.runSuitesInProcess(ForkedBooter.java:385)
	at org.apache.maven.surefire.booter.ForkedBooter.execute(ForkedBooter.java:162)
	at org.apache.maven.surefire.booter.ForkedBooter.run(ForkedBooter.java:507)
	at org.apache.maven.surefire.booter.ForkedBooter.main(ForkedBooter.java:495)
Caused by: org.openqa.selenium.NoSuchSessionException: Session ID is null. Using WebDriver after calling quit()?
Build info: version: '4.35.0', revision: '1c58e5028b'
System info: os.name: 'Windows 11', os.arch: 'amd64', os.version: '10.0', java.version: '21.0.7'
Driver info: org.openqa.selenium.chrome.ChromeDriver
Command: [null, findElement {value=//body/div[@id='app']/div[@class='body-height']/div[@class='home-content']/div[@class='home-body']/div[@class='category-cards']/div[3]/div[1], using=xpath}]
Capabilities {acceptInsecureCerts: false, browserName: chrome, browserVersion: 137.0.7151.120, chrome: {chromedriverVersion: 137.0.7151.119 (e0ac9d12dff..., userDataDir: C:\Users\dell\AppData\Local...}, fedcm:accounts: true, goog:chromeOptions: {debuggerAddress: localhost:62242}, networkConnectionEnabled: false, pageLoadStrategy: normal, platformName: windows, proxy: Proxy(), se:cdp: ws://localhost:62242/devtoo..., se:cdpVersion: 137.0.7151.120, setWindowRect: true, strictFileInteractability: false, timeouts: {implicit: 0, pageLoad: 300000, script: 30000}, unhandledPromptBehavior: dismiss and notify, webauthn:extension:credBlob: true, webauthn:extension:largeBlob: true, webauthn:extension:minPinLength: true, webauthn:extension:prf: true, webauthn:virtualAuthenticators: true}
	at org.openqa.selenium.remote.HttpCommandExecutor.execute(HttpCommandExecutor.java:176)
	at org.openqa.selenium.remote.service.DriverCommandExecutor.invokeExecute(DriverCommandExecutor.java:216)
	at org.openqa.selenium.remote.service.DriverCommandExecutor.execute(DriverCommandExecutor.java:174)
	at org.openqa.selenium.remote.RemoteWebDriver.execute(RemoteWebDriver.java:557)
	at org.openqa.selenium.remote.ElementLocation$ElementFinder$2.findElement(ElementLocation.java:165)
	at org.openqa.selenium.remote.ElementLocation.findElement(ElementLocation.java:59)
	at org.openqa.selenium.remote.RemoteWebDriver.findElement(RemoteWebDriver.java:380)
	at org.openqa.selenium.remote.RemoteWebDriver.findElement(RemoteWebDriver.java:374)
	at utils.ClickHandler.smartClick(ClickHandler.java:78)
	... 34 more
]]></failure>
    <system-out><![CDATA[2025-09-19 12:05:56 [main] INFO  demoqaBase - Closing browser for test: ClickLargeModal
2025-09-19 12:05:56 [main] INFO  DriverFactory - 🌐 Starting Chrome Web Browser...
2025-09-19 12:05:56 [main] INFO  DriverFactory - ✅ Created temporary Chrome profile at C:\Users\dell\AppData\Local\Temp\chrome-profile-3514439682989238579
2025-09-19 12:05:57 [main] INFO  DriverFactory - 🚀 WebDriver started successfully
2025-09-19 12:05:57 [main] INFO  RetryUrlAccess - 🌐 Navigating to URL (attempt 1): https://demoqa.com
2025-09-19 12:05:58 [main] ERROR RetryUrlAccess - ❌ Server error detected on attempt 1 for https://demoqa.com
2025-09-19 12:05:58 [main] INFO  RetryUrlAccess - 🔄 Restarting browser (cleaning Chrome profile first)...
2025-09-19 12:06:00 [main] INFO  RetryUrlAccess - 🧹 Chrome profile cleaned successfully
2025-09-19 12:06:00 [main] INFO  DriverFactory - 🌐 Starting Chrome Web Browser...
2025-09-19 12:06:00 [main] INFO  DriverFactory - ✅ Created temporary Chrome profile at C:\Users\dell\AppData\Local\Temp\chrome-profile-10656946786888439496
2025-09-19 12:06:01 [main] INFO  DriverFactory - 🚀 WebDriver started successfully
2025-09-19 12:06:01 [main] INFO  RetryUrlAccess - 🚀 New WebDriver instance created
2025-09-19 12:06:01 [main] INFO  RetryUrlAccess - 🌐 Navigating to URL (attempt 2): https://demoqa.com
2025-09-19 12:06:16 [main] INFO  RetryUrlAccess - ✅ Navigation successful on attempt 2
2025-09-19 12:06:16 [main] INFO  demoqaBase - 🧪 Starting Test Alerts, Frames & Windows|Modal Dialogs|Small Modal...
2025-09-19 12:06:16 [main] INFO  demoqaBase - Accessing Alerts, Frame & Windows Card...
Declared Instance WebDriverWait: org.openqa.selenium.support.ui.WebDriverWait@1aaf46e6
2025-09-19 12:06:16 [main] INFO  demoqaLog - Clicking on Alert Frame & Windows Card...
⚡ Falling back to native click by locator (attempt 1)
2025-09-19 12:06:16 [main] INFO  demoqaLog - ⚡ Falling back to native click by locator (attempt 1)
🔄 Retrying via element ID (attempt 1)
2025-09-19 12:06:16 [main] INFO  demoqaLog - 🔄 Retrying via element ID (attempt 1)
🔄 Retrying via first CSS class (attempt 1)
2025-09-19 12:06:16 [main] INFO  demoqaLog - 🔄 Retrying via first CSS class (attempt 1)
⏳ Waiting 3s before retry...
2025-09-19 12:06:16 [main] INFO  demoqaLog - ⏳ Waiting 3s before retry...
⚡ Falling back to native click by locator (attempt 2)
2025-09-19 12:06:19 [main] INFO  demoqaLog - ⚡ Falling back to native click by locator (attempt 2)
🔄 Retrying via element ID (attempt 2)
2025-09-19 12:06:19 [main] INFO  demoqaLog - 🔄 Retrying via element ID (attempt 2)
🔄 Retrying via first CSS class (attempt 2)
2025-09-19 12:06:19 [main] INFO  demoqaLog - 🔄 Retrying via first CSS class (attempt 2)
⏳ Waiting 3s before retry...
2025-09-19 12:06:19 [main] INFO  demoqaLog - ⏳ Waiting 3s before retry...
⚡ Falling back to native click by locator (attempt 3)
2025-09-19 12:06:22 [main] INFO  demoqaLog - ⚡ Falling back to native click by locator (attempt 3)
🔄 Retrying via element ID (attempt 3)
2025-09-19 12:06:22 [main] INFO  demoqaLog - 🔄 Retrying via element ID (attempt 3)
🔄 Retrying via first CSS class (attempt 3)
2025-09-19 12:06:22 [main] INFO  demoqaLog - 🔄 Retrying via first CSS class (attempt 3)
⏳ Waiting 3s before retry...
2025-09-19 12:06:22 [main] INFO  demoqaLog - ⏳ Waiting 3s before retry...
]]></system-out>
  </testcase>
  <testcase name="tearDown[[TestResult name=ClickSmallModal status=FAILURE method=AlertsFramesWindowsTests.ClickSmallModal()[pri:14, instance:tests.AlertsFramesWindowsTests@6239aba6] output={null}]](0)" classname="tests.AlertsFramesWindowsTests" time="9.055">
    <failure message="ScreenCapture path must not be null or empty" type="java.lang.IllegalArgumentException"><![CDATA[java.lang.IllegalArgumentException: ScreenCapture path must not be null or empty
	at com.aventstack.extentreports.util.Assert.notEmpty(Assert.java:12)
	at com.aventstack.extentreports.MediaEntityBuilder.createScreenCaptureFromPath(MediaEntityBuilder.java:34)
	at com.aventstack.extentreports.MediaEntityBuilder.createScreenCaptureFromPath(MediaEntityBuilder.java:40)
	at base.demoqaBase.tearDown(demoqaBase.java:64)
	at java.base/jdk.internal.reflect.DirectMethodHandleAccessor.invoke(DirectMethodHandleAccessor.java:103)
	at java.base/java.lang.reflect.Method.invoke(Method.java:580)
	at org.testng.internal.invokers.MethodInvocationHelper.invokeMethod(MethodInvocationHelper.java:141)
	at org.testng.internal.invokers.MethodInvocationHelper.invokeMethodConsideringTimeout(MethodInvocationHelper.java:71)
	at org.testng.internal.invokers.ConfigInvoker.invokeConfigurationMethod(ConfigInvoker.java:400)
	at org.testng.internal.invokers.ConfigInvoker.invokeConfigurations(ConfigInvoker.java:333)
	at org.testng.internal.invokers.TestInvoker.runConfigMethods(TestInvoker.java:836)
	at org.testng.internal.invokers.TestInvoker.runAfterConfigurations(TestInvoker.java:805)
	at org.testng.internal.invokers.TestInvoker.invokeMethod(TestInvoker.java:781)
	at org.testng.internal.invokers.TestInvoker.invokeTestMethod(TestInvoker.java:230)
	at org.testng.internal.invokers.MethodRunner.runInSequence(MethodRunner.java:63)
	at org.testng.internal.invokers.TestInvoker$MethodInvocationAgent.invoke(TestInvoker.java:995)
	at org.testng.internal.invokers.TestInvoker.invokeTestMethods(TestInvoker.java:203)
	at org.testng.internal.invokers.TestMethodWorker.invokeTestMethods(TestMethodWorker.java:154)
	at org.testng.internal.invokers.TestMethodWorker.run(TestMethodWorker.java:134)
	at java.base/java.util.ArrayList.forEach(ArrayList.java:1596)
	at org.testng.TestRunner.privateRun(TestRunner.java:741)
	at org.testng.TestRunner.run(TestRunner.java:616)
	at org.testng.SuiteRunner.runTest(SuiteRunner.java:421)
	at org.testng.SuiteRunner.runSequentially(SuiteRunner.java:413)
	at org.testng.SuiteRunner.privateRun(SuiteRunner.java:373)
	at org.testng.SuiteRunner.run(SuiteRunner.java:312)
	at org.testng.SuiteRunnerWorker.runSuite(SuiteRunnerWorker.java:52)
	at org.testng.SuiteRunnerWorker.run(SuiteRunnerWorker.java:95)
	at org.testng.TestNG.runSuitesSequentially(TestNG.java:1274)
	at org.testng.TestNG.runSuitesLocally(TestNG.java:1208)
	at org.testng.TestNG.runSuites(TestNG.java:1112)
	at org.testng.TestNG.run(TestNG.java:1079)
	at org.apache.maven.surefire.testng.TestNGExecutor.run(TestNGExecutor.java:155)
	at org.apache.maven.surefire.testng.TestNGDirectoryTestSuite.executeMulti(TestNGDirectoryTestSuite.java:169)
	at org.apache.maven.surefire.testng.TestNGDirectoryTestSuite.execute(TestNGDirectoryTestSuite.java:88)
	at org.apache.maven.surefire.testng.TestNGProvider.invoke(TestNGProvider.java:137)
	at org.apache.maven.surefire.booter.ForkedBooter.runSuitesInProcess(ForkedBooter.java:385)
	at org.apache.maven.surefire.booter.ForkedBooter.execute(ForkedBooter.java:162)
	at org.apache.maven.surefire.booter.ForkedBooter.run(ForkedBooter.java:507)
	at org.apache.maven.surefire.booter.ForkedBooter.main(ForkedBooter.java:495)
]]></failure>
    <system-out><![CDATA[2025-09-19 12:06:25 [main] INFO  demoqaBase - Closing browser for test: ClickSmallModal
]]></system-out>
    <system-err><![CDATA[org.openqa.selenium.NoSuchSessionException: Session ID is null. Using WebDriver after calling quit()?
Build info: version: '4.35.0', revision: '1c58e5028b'
System info: os.name: 'Windows 11', os.arch: 'amd64', os.version: '10.0', java.version: '21.0.7'
Driver info: org.openqa.selenium.chrome.ChromeDriver
Command: [null, screenshot {}]
Capabilities {acceptInsecureCerts: false, browserName: chrome, browserVersion: 137.0.7151.120, chrome: {chromedriverVersion: 137.0.7151.119 (e0ac9d12dff..., userDataDir: C:\Users\dell\AppData\Local...}, fedcm:accounts: true, goog:chromeOptions: {debuggerAddress: localhost:62242}, networkConnectionEnabled: false, pageLoadStrategy: normal, platformName: windows, proxy: Proxy(), se:cdp: ws://localhost:62242/devtoo..., se:cdpVersion: 137.0.7151.120, setWindowRect: true, strictFileInteractability: false, timeouts: {implicit: 0, pageLoad: 300000, script: 30000}, unhandledPromptBehavior: dismiss and notify, webauthn:extension:credBlob: true, webauthn:extension:largeBlob: true, webauthn:extension:minPinLength: true, webauthn:extension:prf: true, webauthn:virtualAuthenticators: true}
	at org.openqa.selenium.remote.HttpCommandExecutor.execute(HttpCommandExecutor.java:176)
	at org.openqa.selenium.remote.service.DriverCommandExecutor.invokeExecute(DriverCommandExecutor.java:216)
	at org.openqa.selenium.remote.service.DriverCommandExecutor.execute(DriverCommandExecutor.java:174)
	at org.openqa.selenium.remote.RemoteWebDriver.execute(RemoteWebDriver.java:557)
	at org.openqa.selenium.remote.RemoteWebDriver.execute(RemoteWebDriver.java:630)
	at org.openqa.selenium.remote.RemoteWebDriver.execute(RemoteWebDriver.java:634)
	at org.openqa.selenium.remote.RemoteWebDriver.getScreenshotAs(RemoteWebDriver.java:346)
	at utils.extentReportManager.captureScreenShot(extentReportManager.java:53)
	at base.demoqaBase.tearDown(demoqaBase.java:61)
	at java.base/jdk.internal.reflect.DirectMethodHandleAccessor.invoke(DirectMethodHandleAccessor.java:103)
	at java.base/java.lang.reflect.Method.invoke(Method.java:580)
	at org.testng.internal.invokers.MethodInvocationHelper.invokeMethod(MethodInvocationHelper.java:141)
	at org.testng.internal.invokers.MethodInvocationHelper.invokeMethodConsideringTimeout(MethodInvocationHelper.java:71)
	at org.testng.internal.invokers.ConfigInvoker.invokeConfigurationMethod(ConfigInvoker.java:400)
	at org.testng.internal.invokers.ConfigInvoker.invokeConfigurations(ConfigInvoker.java:333)
	at org.testng.internal.invokers.TestInvoker.runConfigMethods(TestInvoker.java:836)
	at org.testng.internal.invokers.TestInvoker.runAfterConfigurations(TestInvoker.java:805)
	at org.testng.internal.invokers.TestInvoker.invokeMethod(TestInvoker.java:781)
	at org.testng.internal.invokers.TestInvoker.invokeTestMethod(TestInvoker.java:230)
	at org.testng.internal.invokers.MethodRunner.runInSequence(MethodRunner.java:63)
	at org.testng.internal.invokers.TestInvoker$MethodInvocationAgent.invoke(TestInvoker.java:995)
	at org.testng.internal.invokers.TestInvoker.invokeTestMethods(TestInvoker.java:203)
	at org.testng.internal.invokers.TestMethodWorker.invokeTestMethods(TestMethodWorker.java:154)
	at org.testng.internal.invokers.TestMethodWorker.run(TestMethodWorker.java:134)
	at java.base/java.util.ArrayList.forEach(ArrayList.java:1596)
	at org.testng.TestRunner.privateRun(TestRunner.java:741)
	at org.testng.TestRunner.run(TestRunner.java:616)
	at org.testng.SuiteRunner.runTest(SuiteRunner.java:421)
	at org.testng.SuiteRunner.runSequentially(SuiteRunner.java:413)
	at org.testng.SuiteRunner.privateRun(SuiteRunner.java:373)
	at org.testng.SuiteRunner.run(SuiteRunner.java:312)
	at org.testng.SuiteRunnerWorker.runSuite(SuiteRunnerWorker.java:52)
	at org.testng.SuiteRunnerWorker.run(SuiteRunnerWorker.java:95)
	at org.testng.TestNG.runSuitesSequentially(TestNG.java:1274)
	at org.testng.TestNG.runSuitesLocally(TestNG.java:1208)
	at org.testng.TestNG.runSuites(TestNG.java:1112)
	at org.testng.TestNG.run(TestNG.java:1079)
	at org.apache.maven.surefire.testng.TestNGExecutor.run(TestNGExecutor.java:155)
	at org.apache.maven.surefire.testng.TestNGDirectoryTestSuite.executeMulti(TestNGDirectoryTestSuite.java:169)
	at org.apache.maven.surefire.testng.TestNGDirectoryTestSuite.execute(TestNGDirectoryTestSuite.java:88)
	at org.apache.maven.surefire.testng.TestNGProvider.invoke(TestNGProvider.java:137)
	at org.apache.maven.surefire.booter.ForkedBooter.runSuitesInProcess(ForkedBooter.java:385)
	at org.apache.maven.surefire.booter.ForkedBooter.execute(ForkedBooter.java:162)
	at org.apache.maven.surefire.booter.ForkedBooter.run(ForkedBooter.java:507)
	at org.apache.maven.surefire.booter.ForkedBooter.main(ForkedBooter.java:495)
]]></system-err>
  </testcase>
  <testcase name="GetParentFrame" classname="tests.AlertsFramesWindowsTests" time="0.0">
    <skipped message="ScreenCapture path must not be null or empty"/>
    <system-out><![CDATA[2025-09-19 12:06:25 [main] INFO  DriverFactory - 🌐 Starting Chrome Web Browser...
2025-09-19 12:06:25 [main] INFO  DriverFactory - ✅ Created temporary Chrome profile at C:\Users\dell\AppData\Local\Temp\chrome-profile-8355601217172095747
2025-09-19 12:06:26 [main] INFO  DriverFactory - 🚀 WebDriver started successfully
2025-09-19 12:06:26 [main] INFO  RetryUrlAccess - 🌐 Navigating to URL (attempt 1): https://demoqa.com
2025-09-19 12:06:42 [main] INFO  RetryUrlAccess - ✅ Navigation successful on attempt 1
]]></system-out>
  </testcase>
  <testcase name="GetChildFrame" classname="tests.AlertsFramesWindowsTests" time="0.0">
    <skipped message="ScreenCapture path must not be null or empty"/>
    <system-out><![CDATA[2025-09-19 12:06:42 [main] INFO  demoqaBase - Closing browser for test: GetParentFrame
2025-09-19 12:06:42 [main] INFO  DriverFactory - 🌐 Starting Chrome Web Browser...
2025-09-19 12:06:42 [main] INFO  DriverFactory - ✅ Created temporary Chrome profile at C:\Users\dell\AppData\Local\Temp\chrome-profile-14039966323740772760
2025-09-19 12:06:44 [main] INFO  DriverFactory - 🚀 WebDriver started successfully
2025-09-19 12:06:44 [main] INFO  RetryUrlAccess - 🌐 Navigating to URL (attempt 1): https://demoqa.com
2025-09-19 12:07:18 [main] INFO  RetryUrlAccess - ✅ Navigation successful on attempt 1
]]></system-out>
  </testcase>
  <testcase name="ElementsCard" classname="tests.ElementsTests" time="0.476">
    <system-out><![CDATA[2025-09-19 12:07:18 [main] INFO  demoqaBase - Closing browser for test: GetChildFrame
2025-09-19 12:07:18 [main] INFO  DriverFactory - 🌐 Starting Chrome Web Browser...
2025-09-19 12:07:18 [main] INFO  DriverFactory - ✅ Created temporary Chrome profile at C:\Users\dell\AppData\Local\Temp\chrome-profile-16509333434229626814
2025-09-19 12:07:19 [main] INFO  DriverFactory - 🚀 WebDriver started successfully
2025-09-19 12:07:19 [main] INFO  RetryUrlAccess - 🌐 Navigating to URL (attempt 1): https://demoqa.com
2025-09-19 12:07:24 [main] INFO  RetryUrlAccess - ✅ Navigation successful on attempt 1
2025-09-19 12:07:24 [main] INFO  demoqaBase - 🧪 Starting Test Elements | Text Box Test...
Instance Variables Declared are: nullnull
2025-09-19 12:07:24 [main] INFO  demoqaBase - Accessing Elements Card...
2025-09-19 12:07:24 [main] INFO  demoqaLog - Clicking on Elements Card...
🔹 Trying JS click by locator (attempt 1)
2025-09-19 12:07:24 [main] INFO  demoqaLog - 🔹 Trying JS click by locator (attempt 1)
🔹 Attempting JS click...
2025-09-19 12:07:24 [main] INFO  demoqaLog - 🔹 Attempting JS click...
⚡ Falling back to native click by locator (attempt 1)
2025-09-19 12:07:24 [main] INFO  demoqaLog - ⚡ Falling back to native click by locator (attempt 1)
2025-09-19 12:07:24 [main] INFO  demoqaLog - Clicked on Elements Card...
Title of this Page is: DEMOQA
You are Accessing: Elements
 
Elements: Please select an item from left to start practice.
2025-09-19 12:07:24 [main] INFO  demoqaBase - Elements: Please select an item from left to start practice.
Title of this Page is: DEMOQA
2025-09-19 12:07:24 [main] INFO  demoqaBase - ✅ Element Card Test Completed...
]]></system-out>
  </testcase>
  <testcase name="TextBox[TextBoxUser{firstName=&apos;Johny&apos;, lastName=&apos;Bravo&apos;, email=&apos;Jbravo@demoqa.com&apos;, currentAddress=&apos;301 Town 481, Brookville\n kansas 42129\n United States&apos;, permanentAddress=&apos;511 Grant 481, Prattsville\n Arkansas 72129\n United States&apos;}](1)" classname="tests.ElementsTests" time="1.725">
    <system-out><![CDATA[2025-09-19 12:07:24 [main] INFO  demoqaBase - Closing browser for test: ElementsCard
🧾 Row 1: {Salary=28000.0, Email=Jbravo@demoqa.com, DOBTime=6:45:00 am, Address=511 Grant 481, Prattsville\n Arkansas 72129\n United States, First Name=Johny, Gender=Male, City=Delhi, Mobile=9.238343488E9, Hobbies=Sports,Music, Subject=Computer Science, Current Address=301 Town 481, Brookville\n kansas 42129\n United States, Department=Information Technology, DOB=15/08/2000, Picture=/TestData/Mphoto.jpg, State=NCR, Last Name=Bravo, Age=34.0}
🔍 Mapping field: firstName | Excel Column: First Name | Value: Johny
🔍 Mapping field: lastName | Excel Column: Last Name | Value: Bravo
🔍 Mapping field: email | Excel Column: Email | Value: Jbravo@demoqa.com
🔍 Mapping field: currentAddress | Excel Column: Current Address | Value: 301 Town 481, Brookville\n kansas 42129\n United States
🔍 Mapping field: permanentAddress | Excel Column: Address | Value: 511 Grant 481, Prattsville\n Arkansas 72129\n United States
🧾 Row 2: {Salary=18000.0, Email=GFemina@demoqa.com, DOBTime=4:30:00 pm, Address=512 Grant 481, Prattsville\n Arkansas 72129\n United States, First Name=Gene, Gender=Female, City=Merrut, Mobile=1.888343432E9, Hobbies=Music,Reading, Subject=Accounting, Current Address=302 Town 481, Brookville\n kansas 42129\n United States, Department=Finance, DOB=22/05/2002, Picture=/TestData/Fphoto.png, State=Uttar Pradesh, Last Name=Femina, Age=30.0}
🔍 Mapping field: firstName | Excel Column: First Name | Value: Gene
🔍 Mapping field: lastName | Excel Column: Last Name | Value: Femina
🔍 Mapping field: email | Excel Column: Email | Value: GFemina@demoqa.com
🔍 Mapping field: currentAddress | Excel Column: Current Address | Value: 302 Town 481, Brookville\n kansas 42129\n United States
🔍 Mapping field: permanentAddress | Excel Column: Address | Value: 512 Grant 481, Prattsville\n Arkansas 72129\n United States
🧾 Row 3: {Salary=15000.0, Email=BWisem@demoqa.com, DOBTime=8:45:00 pm, Address=513 Grant 481, Prattsville\n Arkansas 72129\n United States, First Name=Bud, Gender=Other, City=Panipat, Mobile=8.932465432E9, Hobbies=Reading, Subject=Biology, Current Address=303 Town 481, Brookville\n kansas 42129\n United States, Department=Medicine, DOB=31/12/1999, Picture=/TestData/Ophoto.jpg, State=Haryana, Last Name=Wisem, Age=40.0}
🔍 Mapping field: firstName | Excel Column: First Name | Value: Bud
🔍 Mapping field: lastName | Excel Column: Last Name | Value: Wisem
🔍 Mapping field: email | Excel Column: Email | Value: BWisem@demoqa.com
🔍 Mapping field: currentAddress | Excel Column: Current Address | Value: 303 Town 481, Brookville\n kansas 42129\n United States
🔍 Mapping field: permanentAddress | Excel Column: Address | Value: 513 Grant 481, Prattsville\n Arkansas 72129\n United States
🧾 Row 4: {Salary=19000.0, Email=TBoss@demoqa.com, DOBTime=5:45:00 am, Address=514 Grant 481, Prattsville\n Arkansas 72129\n United States, First Name=Tom, Gender=Male, City=Jaiselmer, Mobile=7.839875281E9, Hobbies=Sports,Reading, Subject=Social Studies, Current Address=304 Town 481, Brookville\n kansas 42129\n United States, Department=Recreation, DOB=1/26/03, Picture=/TestData/M2photo.jpg, State=Rajasthan, Last Name=Boss, Age=42.0}
🔍 Mapping field: firstName | Excel Column: First Name | Value: Tom
🔍 Mapping field: lastName | Excel Column: Last Name | Value: Boss
🔍 Mapping field: email | Excel Column: Email | Value: TBoss@demoqa.com
🔍 Mapping field: currentAddress | Excel Column: Current Address | Value: 304 Town 481, Brookville\n kansas 42129\n United States
🔍 Mapping field: permanentAddress | Excel Column: Address | Value: 514 Grant 481, Prattsville\n Arkansas 72129\n United States
2025-09-19 12:07:25 [main] INFO  DriverFactory - 🌐 Starting Chrome Web Browser...
2025-09-19 12:07:25 [main] INFO  DriverFactory - ✅ Created temporary Chrome profile at C:\Users\dell\AppData\Local\Temp\chrome-profile-9973419992821643673
2025-09-19 12:07:26 [main] INFO  DriverFactory - 🚀 WebDriver started successfully
2025-09-19 12:07:26 [main] INFO  RetryUrlAccess - 🌐 Navigating to URL (attempt 1): https://demoqa.com
2025-09-19 12:07:42 [main] INFO  RetryUrlAccess - ✅ Navigation successful on attempt 1
2025-09-19 12:07:42 [main] INFO  demoqaBase - 🧪 Starting Test Elements | Text Box Test...
Instance Variables Declared are: nullnull
2025-09-19 12:07:42 [main] INFO  demoqaBase - Accessing Elements Card...
2025-09-19 12:07:42 [main] INFO  demoqaLog - Clicking on Elements Card...
🔹 Trying JS click by locator (attempt 1)
2025-09-19 12:07:42 [main] INFO  demoqaLog - 🔹 Trying JS click by locator (attempt 1)
🔹 Attempting JS click...
2025-09-19 12:07:42 [main] INFO  demoqaLog - 🔹 Attempting JS click...
⚡ Falling back to native click by locator (attempt 1)
2025-09-19 12:07:42 [main] INFO  demoqaLog - ⚡ Falling back to native click by locator (attempt 1)
2025-09-19 12:07:42 [main] INFO  demoqaLog - Clicked on Elements Card...
Title of this Page is: DEMOQA
You are Accessing: Elements
 
Elements: Please select an item from left to start practice.
2025-09-19 12:07:42 [main] INFO  demoqaBase - Elements: Please select an item from left to start practice.
2025-09-19 12:07:42 [main] INFO  demoqaBase - Accessing Text Box...
🔹 Trying JS click on WebElement (attempt 1)
2025-09-19 12:07:42 [main] INFO  demoqaLog - 🔹 Trying JS click on WebElement (attempt 1)
🔹 Attempting JS click...
2025-09-19 12:07:42 [main] INFO  demoqaLog - 🔹 Attempting JS click...
Text Box
2025-09-19 12:07:43 [main] INFO  demoqaBase - You are accessing: Text Box
2025-09-19 12:07:43 [main] INFO  demoqaLog - ⏳ Waiting for page to fully load (timeout: 30s)
2025-09-19 12:07:43 [main] INFO  demoqaLog - ✅ Page load completed.
2025-09-19 12:07:43 [main] INFO  demoqaBase - 📝 Filling TextBox form for user: Johny Bravo
2025-09-19 12:07:43 [main] INFO  demoqaBase - ✅ Form filled successfully for: Johny Bravo
2025-09-19 12:07:43 [main] INFO  demoqaLog - ✅ JS click executed on element: {}
2025-09-19 12:07:43 [main] INFO  demoqaBase - 🔍 Validating submitted form for: Johny Bravo
2025-09-19 12:07:44 [main] INFO  demoqaBase - ✅ Validation passed for user: Johny Bravo
2025-09-19 12:07:44 [main] INFO  demoqaBase - ✅ Text Box Element Test Completed...
]]></system-out>
  </testcase>
  <testcase name="TextBox[TextBoxUser{firstName=&apos;Gene&apos;, lastName=&apos;Femina&apos;, email=&apos;GFemina@demoqa.com&apos;, currentAddress=&apos;302 Town 481, Brookville\n kansas 42129\n United States&apos;, permanentAddress=&apos;512 Grant 481, Prattsville\n Arkansas 72129\n United States&apos;}](2)" classname="tests.ElementsTests" time="1.776">
    <system-out><![CDATA[Path for Screenshot is: C:\ASN\eclipse_workspace\demoqa-automation/screenshots/TextBox_Passed_20250919_120744+2025-09-19_12-07-44.png
2025-09-19 12:07:44 [main] INFO  demoqaBase - ✅ Test TextBox passed. Screenshot captured.
2025-09-19 12:07:44 [main] INFO  demoqaBase - Closing browser for test: TextBox
2025-09-19 12:07:45 [main] WARN  PauseManager - ⏸ Pausing for 5 minutes after 20 tests...
2025-09-19 12:07:45 [main] INFO  PauseManager - ▶ Resuming in 5 minutes...
2025-09-19 12:08:46 [main] INFO  PauseManager - ▶ Resuming in 4 minutes...
2025-09-19 12:09:46 [main] INFO  PauseManager - ▶ Resuming in 3 minutes...
2025-09-19 12:10:47 [main] INFO  PauseManager - ▶ Resuming in 2 minutes...
2025-09-19 12:11:47 [main] INFO  PauseManager - ▶ Resuming in 1 minutes...
2025-09-19 12:12:38 [main] INFO  PauseManager - ▶ Resuming in 10 seconds...
2025-09-19 12:12:39 [main] INFO  PauseManager - ▶ Resuming in 9 seconds...
2025-09-19 12:12:40 [main] INFO  PauseManager - ▶ Resuming in 8 seconds...
2025-09-19 12:12:41 [main] INFO  PauseManager - ▶ Resuming in 7 seconds...
2025-09-19 12:12:42 [main] INFO  PauseManager - ▶ Resuming in 6 seconds...
2025-09-19 12:12:43 [main] INFO  PauseManager - ▶ Resuming in 5 seconds...
2025-09-19 12:12:44 [main] INFO  PauseManager - ▶ Resuming in 4 seconds...
2025-09-19 12:12:45 [main] INFO  PauseManager - ▶ Resuming in 3 seconds...
2025-09-19 12:12:46 [main] INFO  PauseManager - ▶ Resuming in 2 seconds...
2025-09-19 12:12:47 [main] INFO  PauseManager - ▶ Resuming in 1 seconds...
2025-09-19 12:12:48 [main] INFO  PauseManager - ✅ Pause complete. Resuming tests...
2025-09-19 12:12:48 [main] INFO  DriverFactory - 🌐 Starting Chrome Web Browser...
2025-09-19 12:12:48 [main] INFO  DriverFactory - ✅ Created temporary Chrome profile at C:\Users\dell\AppData\Local\Temp\chrome-profile-11462790983392061141
2025-09-19 12:12:49 [main] INFO  DriverFactory - 🚀 WebDriver started successfully
2025-09-19 12:12:49 [main] INFO  RetryUrlAccess - 🌐 Navigating to URL (attempt 1): https://demoqa.com
2025-09-19 12:12:54 [main] INFO  RetryUrlAccess - ✅ Navigation successful on attempt 1
2025-09-19 12:12:54 [main] INFO  demoqaBase - 🧪 Starting Test Elements | Text Box Test...
Instance Variables Declared are: nullnull
2025-09-19 12:12:54 [main] INFO  demoqaBase - Accessing Elements Card...
2025-09-19 12:12:54 [main] INFO  demoqaLog - Clicking on Elements Card...
🔹 Trying JS click by locator (attempt 1)
2025-09-19 12:12:54 [main] INFO  demoqaLog - 🔹 Trying JS click by locator (attempt 1)
🔹 Attempting JS click...
2025-09-19 12:12:54 [main] INFO  demoqaLog - 🔹 Attempting JS click...
⚡ Falling back to native click by locator (attempt 1)
2025-09-19 12:12:54 [main] INFO  demoqaLog - ⚡ Falling back to native click by locator (attempt 1)
2025-09-19 12:12:54 [main] INFO  demoqaLog - Clicked on Elements Card...
Title of this Page is: DEMOQA
You are Accessing: Elements
 
Elements: Please select an item from left to start practice.
2025-09-19 12:12:54 [main] INFO  demoqaBase - Elements: Please select an item from left to start practice.
2025-09-19 12:12:54 [main] INFO  demoqaBase - Accessing Text Box...
🔹 Trying JS click on WebElement (attempt 1)
2025-09-19 12:12:54 [main] INFO  demoqaLog - 🔹 Trying JS click on WebElement (attempt 1)
🔹 Attempting JS click...
2025-09-19 12:12:54 [main] INFO  demoqaLog - 🔹 Attempting JS click...
Text Box
2025-09-19 12:12:55 [main] INFO  demoqaBase - You are accessing: Text Box
2025-09-19 12:12:55 [main] INFO  demoqaLog - ⏳ Waiting for page to fully load (timeout: 30s)
2025-09-19 12:12:55 [main] INFO  demoqaLog - ✅ Page load completed.
2025-09-19 12:12:55 [main] INFO  demoqaBase - 📝 Filling TextBox form for user: Gene Femina
2025-09-19 12:12:56 [main] INFO  demoqaBase - ✅ Form filled successfully for: Gene Femina
2025-09-19 12:12:56 [main] INFO  demoqaLog - ✅ JS click executed on element: {}
2025-09-19 12:12:56 [main] INFO  demoqaBase - 🔍 Validating submitted form for: Gene Femina
2025-09-19 12:12:56 [main] INFO  demoqaBase - ✅ Validation passed for user: Gene Femina
2025-09-19 12:12:56 [main] INFO  demoqaBase - ✅ Text Box Element Test Completed...
]]></system-out>
  </testcase>
  <testcase name="TextBox[TextBoxUser{firstName=&apos;Bud&apos;, lastName=&apos;Wisem&apos;, email=&apos;BWisem@demoqa.com&apos;, currentAddress=&apos;303 Town 481, Brookville\n kansas 42129\n United States&apos;, permanentAddress=&apos;513 Grant 481, Prattsville\n Arkansas 72129\n United States&apos;}](3)" classname="tests.ElementsTests" time="1.952">
    <system-out><![CDATA[Path for Screenshot is: C:\ASN\eclipse_workspace\demoqa-automation/screenshots/TextBox_Passed_20250919_121256+2025-09-19_12-12-56.png
2025-09-19 12:12:56 [main] INFO  demoqaBase - ✅ Test TextBox passed. Screenshot captured.
2025-09-19 12:12:56 [main] INFO  demoqaBase - Closing browser for test: TextBox
2025-09-19 12:12:56 [main] INFO  DriverFactory - 🌐 Starting Chrome Web Browser...
2025-09-19 12:12:56 [main] INFO  DriverFactory - ✅ Created temporary Chrome profile at C:\Users\dell\AppData\Local\Temp\chrome-profile-12805405698285329627
2025-09-19 12:12:58 [main] INFO  DriverFactory - 🚀 WebDriver started successfully
2025-09-19 12:12:58 [main] INFO  RetryUrlAccess - 🌐 Navigating to URL (attempt 1): https://demoqa.com
2025-09-19 12:13:02 [main] INFO  RetryUrlAccess - ✅ Navigation successful on attempt 1
2025-09-19 12:13:02 [main] INFO  demoqaBase - 🧪 Starting Test Elements | Text Box Test...
Instance Variables Declared are: nullnull
2025-09-19 12:13:02 [main] INFO  demoqaBase - Accessing Elements Card...
2025-09-19 12:13:02 [main] INFO  demoqaLog - Clicking on Elements Card...
🔹 Trying JS click by locator (attempt 1)
2025-09-19 12:13:02 [main] INFO  demoqaLog - 🔹 Trying JS click by locator (attempt 1)
🔹 Attempting JS click...
2025-09-19 12:13:02 [main] INFO  demoqaLog - 🔹 Attempting JS click...
⚡ Falling back to native click by locator (attempt 1)
2025-09-19 12:13:02 [main] INFO  demoqaLog - ⚡ Falling back to native click by locator (attempt 1)
2025-09-19 12:13:03 [main] INFO  demoqaLog - Clicked on Elements Card...
Title of this Page is: DEMOQA
You are Accessing: Elements
 
Elements: Please select an item from left to start practice.
2025-09-19 12:13:03 [main] INFO  demoqaBase - Elements: Please select an item from left to start practice.
2025-09-19 12:13:03 [main] INFO  demoqaBase - Accessing Text Box...
🔹 Trying JS click on WebElement (attempt 1)
2025-09-19 12:13:03 [main] INFO  demoqaLog - 🔹 Trying JS click on WebElement (attempt 1)
🔹 Attempting JS click...
2025-09-19 12:13:03 [main] INFO  demoqaLog - 🔹 Attempting JS click...
Text Box
2025-09-19 12:13:03 [main] INFO  demoqaBase - You are accessing: Text Box
2025-09-19 12:13:03 [main] INFO  demoqaLog - ⏳ Waiting for page to fully load (timeout: 30s)
2025-09-19 12:13:03 [main] INFO  demoqaLog - ✅ Page load completed.
2025-09-19 12:13:03 [main] INFO  demoqaBase - 📝 Filling TextBox form for user: Bud Wisem
2025-09-19 12:13:04 [main] INFO  demoqaBase - ✅ Form filled successfully for: Bud Wisem
2025-09-19 12:13:04 [main] INFO  demoqaLog - ✅ JS click executed on element: {}
2025-09-19 12:13:04 [main] INFO  demoqaBase - 🔍 Validating submitted form for: Bud Wisem
2025-09-19 12:13:04 [main] INFO  demoqaBase - ✅ Validation passed for user: Bud Wisem
2025-09-19 12:13:04 [main] INFO  demoqaBase - ✅ Text Box Element Test Completed...
]]></system-out>
  </testcase>
  <testcase name="TextBox[TextBoxUser{firstName=&apos;Tom&apos;, lastName=&apos;Boss&apos;, email=&apos;TBoss@demoqa.com&apos;, currentAddress=&apos;304 Town 481, Brookville\n kansas 42129\n United States&apos;, permanentAddress=&apos;514 Grant 481, Prattsville\n Arkansas 72129\n United States&apos;}](4)" classname="tests.ElementsTests" time="1.815">
    <system-out><![CDATA[Path for Screenshot is: C:\ASN\eclipse_workspace\demoqa-automation/screenshots/TextBox_Passed_20250919_121304+2025-09-19_12-13-04.png
2025-09-19 12:13:05 [main] INFO  demoqaBase - ✅ Test TextBox passed. Screenshot captured.
2025-09-19 12:13:05 [main] INFO  demoqaBase - Closing browser for test: TextBox
2025-09-19 12:13:05 [main] INFO  DriverFactory - 🌐 Starting Chrome Web Browser...
2025-09-19 12:13:05 [main] INFO  DriverFactory - ✅ Created temporary Chrome profile at C:\Users\dell\AppData\Local\Temp\chrome-profile-13725355811843536910
2025-09-19 12:13:06 [main] INFO  DriverFactory - 🚀 WebDriver started successfully
2025-09-19 12:13:06 [main] INFO  RetryUrlAccess - 🌐 Navigating to URL (attempt 1): https://demoqa.com
2025-09-19 12:13:11 [main] INFO  RetryUrlAccess - ✅ Navigation successful on attempt 1
2025-09-19 12:13:11 [main] INFO  demoqaBase - 🧪 Starting Test Elements | Text Box Test...
Instance Variables Declared are: nullnull
2025-09-19 12:13:11 [main] INFO  demoqaBase - Accessing Elements Card...
2025-09-19 12:13:11 [main] INFO  demoqaLog - Clicking on Elements Card...
🔹 Trying JS click by locator (attempt 1)
2025-09-19 12:13:11 [main] INFO  demoqaLog - 🔹 Trying JS click by locator (attempt 1)
🔹 Attempting JS click...
2025-09-19 12:13:11 [main] INFO  demoqaLog - 🔹 Attempting JS click...
⚡ Falling back to native click by locator (attempt 1)
2025-09-19 12:13:12 [main] INFO  demoqaLog - ⚡ Falling back to native click by locator (attempt 1)
2025-09-19 12:13:12 [main] INFO  demoqaLog - Clicked on Elements Card...
Title of this Page is: DEMOQA
You are Accessing: Elements
 
Elements: Please select an item from left to start practice.
2025-09-19 12:13:12 [main] INFO  demoqaBase - Elements: Please select an item from left to start practice.
2025-09-19 12:13:12 [main] INFO  demoqaBase - Accessing Text Box...
🔹 Trying JS click on WebElement (attempt 1)
2025-09-19 12:13:12 [main] INFO  demoqaLog - 🔹 Trying JS click on WebElement (attempt 1)
🔹 Attempting JS click...
[...]
Searching Colors using: E
Expected Color to be selected is/are: Green
2025-09-19 13:03:38 [main] INFO  demoqaBase - You are now Accessing: Auto Complete
2025-09-19 13:03:38 [main] INFO  demoqaLog - ⏳ Waiting for page to fully load (timeout: 30s)
2025-09-19 13:03:38 [main] INFO  demoqaLog - ✅ Page load completed.
🔹 Trying JS click on WebElement (attempt 1)
2025-09-19 13:03:38 [main] INFO  demoqaLog - 🔹 Trying JS click on WebElement (attempt 1)
🔹 Attempting JS click...
2025-09-19 13:03:38 [main] INFO  demoqaLog - 🔹 Attempting JS click...
2025-09-19 13:03:38 [main] INFO  demoqaBase - Clicked on Search Box with Title: Type single color name
2025-09-19 13:03:41 [main] INFO  demoqaBase - ✅ Selected color 'Green'
2025-09-19 13:03:41 [main] INFO  demoqaBase - Asserted Selected Color is: Green
2025-09-19 13:03:41 [main] INFO  demoqaBase - 🔍 Checking selected color. Current value: 'Green'
2025-09-19 13:03:42 [main] INFO  demoqaBase - ✅ Native click succeeded on 'AutoCompleteSingle'
2025-09-19 13:03:42 [main] INFO  demoqaBase - ✅ Cleared color input for 'Green'
2025-09-19 13:03:42 [main] INFO  demoqaBase - ✅ Test Widgets|Auto Complete - Select & Remove Flow|Type single color name - Remove Selection Completed
]]></system-out>
  </testcase>
  <testcase name="ClickDatePicker" classname="tests.WidgetsTests" time="0.403">
    <system-out><![CDATA[2025-09-19 13:03:42 [main] INFO  demoqaBase - Closing browser for test: SingleAddRemove
2025-09-19 13:03:42 [main] INFO  DriverFactory - 🌐 Starting Chrome Web Browser...
2025-09-19 13:03:42 [main] INFO  DriverFactory - ✅ Created temporary Chrome profile at C:\Users\dell\AppData\Local\Temp\chrome-profile-9864005781332825584
2025-09-19 13:03:44 [main] INFO  DriverFactory - 🚀 WebDriver started successfully
2025-09-19 13:03:44 [main] INFO  RetryUrlAccess - 🌐 Navigating to URL (attempt 1): https://demoqa.com
2025-09-19 13:04:06 [main] INFO  RetryUrlAccess - ✅ Navigation successful on attempt 1
2025-09-19 13:04:06 [main] INFO  demoqaBase - 🧪 Starting Test Widgets|Date Picker...
2025-09-19 13:04:06 [main] INFO  demoqaBase - Accessing Widgets Card...
Declared Instance WebDriverWait: org.openqa.selenium.support.ui.WebDriverWait@11e65e28
2025-09-19 13:04:06 [main] INFO  demoqaLog - Clicking on Widgets Card...
🔹 Trying JS click by locator (attempt 1)
2025-09-19 13:04:06 [main] INFO  demoqaLog - 🔹 Trying JS click by locator (attempt 1)
🔹 Attempting JS click...
2025-09-19 13:04:06 [main] INFO  demoqaLog - 🔹 Attempting JS click...
2025-09-19 13:04:06 [main] INFO  demoqaLog - Clicked on Widgets Card...
Title of this Page is: DEMOQA
You are Accessing: Widgets
 
2025-09-19 13:04:06 [main] INFO  demoqaBase - Widgets: Please select an item from left to start practice.
2025-09-19 13:04:06 [main] INFO  demoqaBase - Clicking on Widgets|Date Picker...
🔹 Trying JS click on WebElement (attempt 1)
2025-09-19 13:04:06 [main] INFO  demoqaLog - 🔹 Trying JS click on WebElement (attempt 1)
🔹 Attempting JS click...
2025-09-19 13:04:06 [main] INFO  demoqaLog - 🔹 Attempting JS click...
You are now Accessing: Date Picker
2025-09-19 13:04:07 [main] INFO  demoqaBase - You are now Accessing: Date Picker
2025-09-19 13:04:07 [main] INFO  demoqaBase - ✅ Widgets|Date Picker Test Completed...
]]></system-out>
  </testcase>
  <testcase name="SelectDate[UserFormData{firstName=&apos;Johny&apos;, lastName=&apos;Bravo&apos;, userMail=&apos;Jbravo@demoqa.com&apos;, gender=&apos;Male&apos;, mobile=&apos;9.238343488E9&apos;, dob=&apos;15/08/2000&apos;, dobTime=&apos;6:45:00 am&apos;, subject=&apos;Computer Science&apos;, hobbies=&apos;Sports,Music&apos;, picturePath=&apos;/TestData/Mphoto.jpg&apos;, address=&apos;511 Grant 481, Prattsville\n Arkansas 72129\n United States&apos;, state=&apos;NCR&apos;, city=&apos;Delhi&apos;}](1)" classname="tests.WidgetsTests" time="0.876">
    <system-out><![CDATA[2025-09-19 13:04:07 [main] INFO  demoqaBase - Closing browser for test: ClickDatePicker
🧾 Row 1: {Salary=28000.0, Email=Jbravo@demoqa.com, DOBTime=6:45:00 am, Address=511 Grant 481, Prattsville\n Arkansas 72129\n United States, First Name=Johny, Gender=Male, City=Delhi, Mobile=9.238343488E9, Hobbies=Sports,Music, Subject=Computer Science, Current Address=301 Town 481, Brookville\n kansas 42129\n United States, Department=Information Technology, DOB=15/08/2000, Picture=/TestData/Mphoto.jpg, State=NCR, Last Name=Bravo, Age=34.0}
🔍 Mapping field: firstName | Excel Column: First Name | Value: Johny
🔍 Mapping field: lastName | Excel Column: Last Name | Value: Bravo
🔍 Mapping field: userMail | Excel Column: Email | Value: Jbravo@demoqa.com
🔍 Mapping field: gender | Excel Column: Gender | Value: Male
🔍 Mapping field: mobile | Excel Column: Mobile | Value: 9.238343488E9
🔍 Mapping field: dob | Excel Column: DOB | Value: 15/08/2000
🔍 Mapping field: dobTime | Excel Column: DOBTime | Value: 6:45:00 am
🔍 Mapping field: subject | Excel Column: Subject | Value: Computer Science
🔍 Mapping field: hobbies | Excel Column: Hobbies | Value: Sports,Music
🔍 Mapping field: picturePath | Excel Column: Picture | Value: /TestData/Mphoto.jpg
🔍 Mapping field: address | Excel Column: Address | Value: 511 Grant 481, Prattsville\n Arkansas 72129\n United States
🔍 Mapping field: state | Excel Column: State | Value: NCR
🔍 Mapping field: city | Excel Column: City | Value: Delhi
🧾 Row 2: {Salary=18000.0, Email=GFemina@demoqa.com, DOBTime=4:30:00 pm, Address=512 Grant 481, Prattsville\n Arkansas 72129\n United States, First Name=Gene, Gender=Female, City=Merrut, Mobile=1.888343432E9, Hobbies=Music,Reading, Subject=Accounting, Current Address=302 Town 481, Brookville\n kansas 42129\n United States, Department=Finance, DOB=22/05/2002, Picture=/TestData/Fphoto.png, State=Uttar Pradesh, Last Name=Femina, Age=30.0}
🔍 Mapping field: firstName | Excel Column: First Name | Value: Gene
🔍 Mapping field: lastName | Excel Column: Last Name | Value: Femina
🔍 Mapping field: userMail | Excel Column: Email | Value: GFemina@demoqa.com
🔍 Mapping field: gender | Excel Column: Gender | Value: Female
🔍 Mapping field: mobile | Excel Column: Mobile | Value: 1.888343432E9
🔍 Mapping field: dob | Excel Column: DOB | Value: 22/05/2002
🔍 Mapping field: dobTime | Excel Column: DOBTime | Value: 4:30:00 pm
🔍 Mapping field: subject | Excel Column: Subject | Value: Accounting
🔍 Mapping field: hobbies | Excel Column: Hobbies | Value: Music,Reading
🔍 Mapping field: picturePath | Excel Column: Picture | Value: /TestData/Fphoto.png
🔍 Mapping field: address | Excel Column: Address | Value: 512 Grant 481, Prattsville\n Arkansas 72129\n United States
🔍 Mapping field: state | Excel Column: State | Value: Uttar Pradesh
🔍 Mapping field: city | Excel Column: City | Value: Merrut
🧾 Row 3: {Salary=15000.0, Email=BWisem@demoqa.com, DOBTime=8:45:00 pm, Address=513 Grant 481, Prattsville\n Arkansas 72129\n United States, First Name=Bud, Gender=Other, City=Panipat, Mobile=8.932465432E9, Hobbies=Reading, Subject=Biology, Current Address=303 Town 481, Brookville\n kansas 42129\n United States, Department=Medicine, DOB=31/12/1999, Picture=/TestData/Ophoto.jpg, State=Haryana, Last Name=Wisem, Age=40.0}
🔍 Mapping field: firstName | Excel Column: First Name | Value: Bud
🔍 Mapping field: lastName | Excel Column: Last Name | Value: Wisem
🔍 Mapping field: userMail | Excel Column: Email | Value: BWisem@demoqa.com
🔍 Mapping field: gender | Excel Column: Gender | Value: Other
🔍 Mapping field: mobile | Excel Column: Mobile | Value: 8.932465432E9
🔍 Mapping field: dob | Excel Column: DOB | Value: 31/12/1999
🔍 Mapping field: dobTime | Excel Column: DOBTime | Value: 8:45:00 pm
🔍 Mapping field: subject | Excel Column: Subject | Value: Biology
🔍 Mapping field: hobbies | Excel Column: Hobbies | Value: Reading
🔍 Mapping field: picturePath | Excel Column: Picture | Value: /TestData/Ophoto.jpg
🔍 Mapping field: address | Excel Column: Address | Value: 513 Grant 481, Prattsville\n Arkansas 72129\n United States
🔍 Mapping field: state | Excel Column: State | Value: Haryana
🔍 Mapping field: city | Excel Column: City | Value: Panipat
🧾 Row 4: {Salary=19000.0, Email=TBoss@demoqa.com, DOBTime=5:45:00 am, Address=514 Grant 481, Prattsville\n Arkansas 72129\n United States, First Name=Tom, Gender=Male, City=Jaiselmer, Mobile=7.839875281E9, Hobbies=Sports,Reading, Subject=Social Studies, Current Address=304 Town 481, Brookville\n kansas 42129\n United States, Department=Recreation, DOB=1/26/03, Picture=/TestData/M2photo.jpg, State=Rajasthan, Last Name=Boss, Age=42.0}
🔍 Mapping field: firstName | Excel Column: First Name | Value: Tom
🔍 Mapping field: lastName | Excel Column: Last Name | Value: Boss
🔍 Mapping field: userMail | Excel Column: Email | Value: TBoss@demoqa.com
🔍 Mapping field: gender | Excel Column: Gender | Value: Male
🔍 Mapping field: mobile | Excel Column: Mobile | Value: 7.839875281E9
🔍 Mapping field: dob | Excel Column: DOB | Value: 1/26/03
🔍 Mapping field: dobTime | Excel Column: DOBTime | Value: 5:45:00 am
🔍 Mapping field: subject | Excel Column: Subject | Value: Social Studies
🔍 Mapping field: hobbies | Excel Column: Hobbies | Value: Sports,Reading
🔍 Mapping field: picturePath | Excel Column: Picture | Value: /TestData/M2photo.jpg
🔍 Mapping field: address | Excel Column: Address | Value: 514 Grant 481, Prattsville\n Arkansas 72129\n United States
🔍 Mapping field: state | Excel Column: State | Value: Rajasthan
🔍 Mapping field: city | Excel Column: City | Value: Jaiselmer
2025-09-19 13:04:07 [main] INFO  DriverFactory - 🌐 Starting Chrome Web Browser...
2025-09-19 13:04:07 [main] INFO  DriverFactory - ✅ Created temporary Chrome profile at C:\Users\dell\AppData\Local\Temp\chrome-profile-9446249312614384922
2025-09-19 13:04:08 [main] INFO  DriverFactory - 🚀 WebDriver started successfully
2025-09-19 13:04:08 [main] INFO  RetryUrlAccess - 🌐 Navigating to URL (attempt 1): https://demoqa.com
2025-09-19 13:04:14 [main] INFO  RetryUrlAccess - ✅ Navigation successful on attempt 1
2025-09-19 13:04:14 [main] INFO  demoqaBase - 🧪 Navigating to Widgets section...
2025-09-19 13:04:14 [main] INFO  demoqaBase - Accessing Widgets Card...
Declared Instance WebDriverWait: org.openqa.selenium.support.ui.WebDriverWait@6f341079
2025-09-19 13:04:14 [main] INFO  demoqaLog - Clicking on Widgets Card...
🔹 Trying JS click by locator (attempt 1)
2025-09-19 13:04:14 [main] INFO  demoqaLog - 🔹 Trying JS click by locator (attempt 1)
🔹 Attempting JS click...
2025-09-19 13:04:14 [main] INFO  demoqaLog - 🔹 Attempting JS click...
2025-09-19 13:04:14 [main] INFO  demoqaLog - Clicked on Widgets Card...
Title of this Page is: DEMOQA
You are Accessing: Widgets
 
2025-09-19 13:04:15 [main] INFO  demoqaBase - Widgets: Please select an item from left to start practice.
2025-09-19 13:04:15 [main] INFO  demoqaBase - 📅 Parsed DOB: 2000-08-15
2025-09-19 13:04:15 [main] INFO  demoqaBase - Clicking on Widgets|Date Picker...
🔹 Trying JS click on WebElement (attempt 1)
2025-09-19 13:04:15 [main] INFO  demoqaLog - 🔹 Trying JS click on WebElement (attempt 1)
🔹 Attempting JS click...
2025-09-19 13:04:15 [main] INFO  demoqaLog - 🔹 Attempting JS click...
You are now Accessing: Date Picker
2025-09-19 13:04:15 [main] INFO  demoqaBase - You are now Accessing: Date Picker
2025-09-19 13:04:15 [main] INFO  demoqaLog - ⏳ Waiting for page to fully load (timeout: 30s)
2025-09-19 13:04:15 [main] INFO  demoqaLog - ✅ Page load completed.
2025-09-19 13:04:15 [main] INFO  demoqaLog - ✅ JS click executed on element: {}
✅ Date selected: 15-08-2000
Selected Date is: '08/15/2000'
Expected Date is: '08/15/2000'
]]></system-out>
  </testcase>
  <testcase name="SelectDate[UserFormData{firstName=&apos;Gene&apos;, lastName=&apos;Femina&apos;, userMail=&apos;GFemina@demoqa.com&apos;, gender=&apos;Female&apos;, mobile=&apos;1.888343432E9&apos;, dob=&apos;22/05/2002&apos;, dobTime=&apos;4:30:00 pm&apos;, subject=&apos;Accounting&apos;, hobbies=&apos;Music,Reading&apos;, picturePath=&apos;/TestData/Fphoto.png&apos;, address=&apos;512 Grant 481, Prattsville\n Arkansas 72129\n United States&apos;, state=&apos;Uttar Pradesh&apos;, city=&apos;Merrut&apos;}](2)" classname="tests.WidgetsTests" time="0.933">
    <system-out><![CDATA[2025-09-19 13:04:15 [main] INFO  demoqaBase - Closing browser for test: SelectDate
2025-09-19 13:04:15 [main] INFO  DriverFactory - 🌐 Starting Chrome Web Browser...
2025-09-19 13:04:15 [main] INFO  DriverFactory - ✅ Created temporary Chrome profile at C:\Users\dell\AppData\Local\Temp\chrome-profile-7169555362194433601
2025-09-19 13:04:16 [main] INFO  DriverFactory - 🚀 WebDriver started successfully
2025-09-19 13:04:16 [main] INFO  RetryUrlAccess - 🌐 Navigating to URL (attempt 1): https://demoqa.com
2025-09-19 13:04:23 [main] INFO  RetryUrlAccess - ✅ Navigation successful on attempt 1
2025-09-19 13:04:23 [main] INFO  demoqaBase - 🧪 Navigating to Widgets section...
2025-09-19 13:04:23 [main] INFO  demoqaBase - Accessing Widgets Card...
Declared Instance WebDriverWait: org.openqa.selenium.support.ui.WebDriverWait@997bd86
2025-09-19 13:04:23 [main] INFO  demoqaLog - Clicking on Widgets Card...
🔹 Trying JS click by locator (attempt 1)
2025-09-19 13:04:23 [main] INFO  demoqaLog - 🔹 Trying JS click by locator (attempt 1)
🔹 Attempting JS click...
2025-09-19 13:04:23 [main] INFO  demoqaLog - 🔹 Attempting JS click...
2025-09-19 13:04:23 [main] INFO  demoqaLog - Clicked on Widgets Card...
Title of this Page is: DEMOQA
You are Accessing: Widgets
 
2025-09-19 13:04:23 [main] INFO  demoqaBase - Widgets: Please select an item from left to start practice.
2025-09-19 13:04:23 [main] INFO  demoqaBase - 📅 Parsed DOB: 2002-05-22
2025-09-19 13:04:23 [main] INFO  demoqaBase - Clicking on Widgets|Date Picker...
🔹 Trying JS click on WebElement (attempt 1)
2025-09-19 13:04:23 [main] INFO  demoqaLog - 🔹 Trying JS click on WebElement (attempt 1)
🔹 Attempting JS click...
2025-09-19 13:04:23 [main] INFO  demoqaLog - 🔹 Attempting JS click...
You are now Accessing: Date Picker
2025-09-19 13:04:24 [main] INFO  demoqaBase - You are now Accessing: Date Picker
2025-09-19 13:04:24 [main] INFO  demoqaLog - ⏳ Waiting for page to fully load (timeout: 30s)
2025-09-19 13:04:24 [main] INFO  demoqaLog - ✅ Page load completed.
2025-09-19 13:04:24 [main] INFO  demoqaLog - ✅ JS click executed on element: {}
✅ Date selected: 22-05-2002
Selected Date is: '05/22/2002'
Expected Date is: '05/22/2002'
]]></system-out>
  </testcase>
  <testcase name="SelectDate[UserFormData{firstName=&apos;Bud&apos;, lastName=&apos;Wisem&apos;, userMail=&apos;BWisem@demoqa.com&apos;, gender=&apos;Other&apos;, mobile=&apos;8.932465432E9&apos;, dob=&apos;31/12/1999&apos;, dobTime=&apos;8:45:00 pm&apos;, subject=&apos;Biology&apos;, hobbies=&apos;Reading&apos;, picturePath=&apos;/TestData/Ophoto.jpg&apos;, address=&apos;513 Grant 481, Prattsville\n Arkansas 72129\n United States&apos;, state=&apos;Haryana&apos;, city=&apos;Panipat&apos;}](3)" classname="tests.WidgetsTests" time="1.025">
    <system-out><![CDATA[2025-09-19 13:04:24 [main] INFO  demoqaBase - Closing browser for test: SelectDate
2025-09-19 13:04:24 [main] INFO  DriverFactory - 🌐 Starting Chrome Web Browser...
2025-09-19 13:04:24 [main] INFO  DriverFactory - ✅ Created temporary Chrome profile at C:\Users\dell\AppData\Local\Temp\chrome-profile-13583451073889623788
2025-09-19 13:04:25 [main] INFO  DriverFactory - 🚀 WebDriver started successfully
2025-09-19 13:04:25 [main] INFO  RetryUrlAccess - 🌐 Navigating to URL (attempt 1): https://demoqa.com
2025-09-19 13:04:31 [main] INFO  RetryUrlAccess - ✅ Navigation successful on attempt 1
2025-09-19 13:04:31 [main] INFO  demoqaBase - 🧪 Navigating to Widgets section...
2025-09-19 13:04:31 [main] INFO  demoqaBase - Accessing Widgets Card...
Declared Instance WebDriverWait: org.openqa.selenium.support.ui.WebDriverWait@648ed558
2025-09-19 13:04:31 [main] INFO  demoqaLog - Clicking on Widgets Card...
🔹 Trying JS click by locator (attempt 1)
2025-09-19 13:04:31 [main] INFO  demoqaLog - 🔹 Trying JS click by locator (attempt 1)
🔹 Attempting JS click...
2025-09-19 13:04:31 [main] INFO  demoqaLog - 🔹 Attempting JS click...
2025-09-19 13:04:31 [main] INFO  demoqaLog - Clicked on Widgets Card...
Title of this Page is: DEMOQA
You are Accessing: Widgets
 
2025-09-19 13:04:31 [main] INFO  demoqaBase - Widgets: Please select an item from left to start practice.
2025-09-19 13:04:31 [main] INFO  demoqaBase - 📅 Parsed DOB: 1999-12-31
2025-09-19 13:04:31 [main] INFO  demoqaBase - Clicking on Widgets|Date Picker...
🔹 Trying JS click on WebElement (attempt 1)
2025-09-19 13:04:31 [main] INFO  demoqaLog - 🔹 Trying JS click on WebElement (attempt 1)
🔹 Attempting JS click...
2025-09-19 13:04:31 [main] INFO  demoqaLog - 🔹 Attempting JS click...
You are now Accessing: Date Picker
2025-09-19 13:04:31 [main] INFO  demoqaBase - You are now Accessing: Date Picker
2025-09-19 13:04:31 [main] INFO  demoqaLog - ⏳ Waiting for page to fully load (timeout: 30s)
2025-09-19 13:04:31 [main] INFO  demoqaLog - ✅ Page load completed.
2025-09-19 13:04:31 [main] INFO  demoqaLog - ✅ JS click executed on element: {}
✅ Date selected: 31-12-1999
Selected Date is: '12/31/1999'
Expected Date is: '12/31/1999'
]]></system-out>
  </testcase>
  <testcase name="SelectDate[UserFormData{firstName=&apos;Tom&apos;, lastName=&apos;Boss&apos;, userMail=&apos;TBoss@demoqa.com&apos;, gender=&apos;Male&apos;, mobile=&apos;7.839875281E9&apos;, dob=&apos;1/26/03&apos;, dobTime=&apos;5:45:00 am&apos;, subject=&apos;Social Studies&apos;, hobbies=&apos;Sports,Reading&apos;, picturePath=&apos;/TestData/M2photo.jpg&apos;, address=&apos;514 Grant 481, Prattsville\n Arkansas 72129\n United States&apos;, state=&apos;Rajasthan&apos;, city=&apos;Jaiselmer&apos;}](4)" classname="tests.WidgetsTests" time="1.245">
    <system-out><![CDATA[2025-09-19 13:04:32 [main] INFO  demoqaBase - Closing browser for test: SelectDate
2025-09-19 13:04:32 [main] INFO  DriverFactory - 🌐 Starting Chrome Web Browser...
2025-09-19 13:04:32 [main] INFO  DriverFactory - ✅ Created temporary Chrome profile at C:\Users\dell\AppData\Local\Temp\chrome-profile-11280681777628544934
2025-09-19 13:04:33 [main] INFO  DriverFactory - 🚀 WebDriver started successfully
2025-09-19 13:04:33 [main] INFO  RetryUrlAccess - 🌐 Navigating to URL (attempt 1): https://demoqa.com
2025-09-19 13:04:37 [main] INFO  RetryUrlAccess - ✅ Navigation successful on attempt 1
2025-09-19 13:04:37 [main] INFO  demoqaBase - 🧪 Navigating to Widgets section...
2025-09-19 13:04:37 [main] INFO  demoqaBase - Accessing Widgets Card...
Declared Instance WebDriverWait: org.openqa.selenium.support.ui.WebDriverWait@5e049b25
2025-09-19 13:04:37 [main] INFO  demoqaLog - Clicking on Widgets Card...
🔹 Trying JS click by locator (attempt 1)
2025-09-19 13:04:37 [main] INFO  demoqaLog - 🔹 Trying JS click by locator (attempt 1)
🔹 Attempting JS click...
2025-09-19 13:04:37 [main] INFO  demoqaLog - 🔹 Attempting JS click...
2025-09-19 13:04:38 [main] INFO  demoqaLog - Clicked on Widgets Card...
Title of this Page is: DEMOQA
You are Accessing: Widgets
 
2025-09-19 13:04:38 [main] INFO  demoqaBase - Widgets: Please select an item from left to start practice.
2025-09-19 13:04:38 [main] INFO  demoqaBase - 📅 Parsed DOB: 2003-01-26
2025-09-19 13:04:38 [main] INFO  demoqaBase - Clicking on Widgets|Date Picker...
🔹 Trying JS click on WebElement (attempt 1)
2025-09-19 13:04:38 [main] INFO  demoqaLog - 🔹 Trying JS click on WebElement (attempt 1)
🔹 Attempting JS click...
2025-09-19 13:04:38 [main] INFO  demoqaLog - 🔹 Attempting JS click...
You are now Accessing: Date Picker
2025-09-19 13:04:38 [main] INFO  demoqaBase - You are now Accessing: Date Picker
2025-09-19 13:04:38 [main] INFO  demoqaLog - ⏳ Waiting for page to fully load (timeout: 30s)
2025-09-19 13:04:38 [main] INFO  demoqaLog - ✅ Page load completed.
2025-09-19 13:04:38 [main] INFO  demoqaLog - ✅ JS click executed on element: {}
✅ Date selected: 26-01-2003
Selected Date is: '01/26/2003'
Expected Date is: '01/26/2003'
]]></system-out>
  </testcase>
</testsuite>