<?xml version="1.0" encoding="UTF-8"?>
<testsuite xmlns:xsi="http://www.w3.org/2001/XMLSchema-instance" xsi:noNamespaceSchemaLocation="https://maven.apache.org/surefire/maven-surefire-plugin/xsd/surefire-test-report-3.0.xsd" version="3.0" name="TestSuite" time="2199.522" tests="123" errors="0" skipped="0" failures="5">
  <properties>
[...]
</properties>
  <testcase name="accessAlertsFrameWindows" classname="tests.AlertsFramesWindowsTests" time="0.272">
    <system-out><![CDATA[2025-09-08T07:04:00.869067500Z main INFO Starting configuration XmlConfiguration[location=C:\ASN\eclipse_workspace\demoqa-automation\target\classes\log4j2.xml, lastModified=2025-08-05T03:16:47.250Z]...
2025-09-08T07:04:00.873463400Z main INFO Start watching for changes to C:\ASN\eclipse_workspace\demoqa-automation\target\classes\log4j2.xml every 0 seconds
2025-09-08T07:04:00.873463400Z main INFO Configuration XmlConfiguration[location=C:\ASN\eclipse_workspace\demoqa-automation\target\classes\log4j2.xml, lastModified=2025-08-05T03:16:47.250Z] started.
2025-09-08T07:04:00.875477700Z main INFO Stopping configuration org.apache.logging.log4j.core.config.DefaultConfiguration@46cdf8bd...
2025-09-08T07:04:00.877916600Z main INFO Configuration org.apache.logging.log4j.core.config.DefaultConfiguration@46cdf8bd stopped.
2025-09-08 12:34:01 [main] INFO  DriverFactory - 🌐 Starting Chrome Web Browser...
2025-09-08 12:34:01 [main] INFO  DriverFactory - ✅ Created temporary Chrome profile at C:\Users\dell\AppData\Local\Temp\chrome-profile-15323049192428416113
2025-09-08 12:34:02 [main] INFO  DriverFactory - 🚀 WebDriver started successfully
2025-09-08 12:34:02 [main] INFO  RetryUrlAccess - Navigating to URL (attempt 1): https://demoqa.com
2025-09-08 12:34:25 [main] INFO  demoqaBase - 🚀 Starting test: accessAlertsFrameWindows
2025-09-08 12:34:25 [main] INFO  demoqaBase - 🧪 Starting Test Alerts, Frames & Windows...
2025-09-08 12:34:25 [main] INFO  demoqaBase - Accessing Alerts, Frame & Windows Card...
Declared Instance WebDriverWait: org.openqa.selenium.support.ui.WebDriverWait@27c04377
2025-09-08 12:34:25 [main] INFO  demoqaLog - Clicking on Alert Frame & Windows Card...
2025-09-08 12:34:25 [main] INFO  demoqaLog - ✅ JS click executed on element: {}
2025-09-08 12:34:25 [main] INFO  demoqaLog - Clicked on on Alert Frame & Windows Card...
Title of this Page is: DEMOQA
You are Accessing: Alerts, Frame & Windows
2025-09-08 12:34:25 [main] INFO  demoqaBase - Alerts, Frame & Windows Card: Please select an item from left to start practice.
2025-09-08 12:34:25 [main] INFO  demoqaBase - ✅ Alerts, Frames & Windows Test Completed...
]]></system-out>
    <system-err><![CDATA[SLF4J(W): No SLF4J providers were found.
SLF4J(W): Defaulting to no-operation (NOP) logger implementation
SLF4J(W): See https://www.slf4j.org/codes.html#noProviders for further details.
]]></system-err>
  </testcase>
  <testcase name="browserWindows" classname="tests.AlertsFramesWindowsTests" time="0.391">
    <system-out><![CDATA[2025-09-08 12:34:25 [main] INFO  demoqaBase - Closing the Browser for test: accessAlertsFrameWindows
2025-09-08 12:34:25 [main] INFO  DriverFactory - 🌐 Starting Chrome Web Browser...
2025-09-08 12:34:25 [main] INFO  DriverFactory - ✅ Created temporary Chrome profile at C:\Users\dell\AppData\Local\Temp\chrome-profile-11699849756092584290
2025-09-08 12:34:26 [main] INFO  DriverFactory - 🚀 WebDriver started successfully
2025-09-08 12:34:26 [main] INFO  RetryUrlAccess - Navigating to URL (attempt 1): https://demoqa.com
2025-09-08 12:34:43 [main] INFO  demoqaBase - 🚀 Starting test: browserWindows
2025-09-08 12:34:43 [main] INFO  demoqaBase - 🧪 Starting Test Alerts, Frames & Windows...
2025-09-08 12:34:43 [main] INFO  demoqaBase - Accessing Alerts, Frame & Windows Card...
Declared Instance WebDriverWait: org.openqa.selenium.support.ui.WebDriverWait@7a5b769b
2025-09-08 12:34:43 [main] INFO  demoqaLog - Clicking on Alert Frame & Windows Card...
2025-09-08 12:34:43 [main] INFO  demoqaLog - ✅ JS click executed on element: {}
2025-09-08 12:34:43 [main] INFO  demoqaLog - Clicked on on Alert Frame & Windows Card...
Title of this Page is: DEMOQA
You are Accessing: Alerts, Frame & Windows
2025-09-08 12:34:43 [main] INFO  demoqaBase - Alerts, Frame & Windows Card: Please select an item from left to start practice.
2025-09-08 12:34:43 [main] INFO  demoqaBase - Clicking on Alerts, Frame & Windows Card|Browser Windows...
You are now Accessing: Browser Windows
2025-09-08 12:34:43 [main] INFO  demoqaBase - You are now Accessing: Browser Windows
2025-09-08 12:34:43 [main] INFO  demoqaBase - ✅ Alerts, Frames & Windows|Browser Windows Test Completed...
]]></system-out>
  </testcase>
  <testcase name="browserWindowsNewTab" classname="tests.AlertsFramesWindowsTests" time="0.887">
    <system-out><![CDATA[2025-09-08 12:34:43 [main] INFO  demoqaBase - Closing the Browser for test: browserWindows
2025-09-08 12:34:44 [main] INFO  DriverFactory - 🌐 Starting Chrome Web Browser...
2025-09-08 12:34:44 [main] INFO  DriverFactory - ✅ Created temporary Chrome profile at C:\Users\dell\AppData\Local\Temp\chrome-profile-10467180305019917349
2025-09-08 12:34:45 [main] INFO  DriverFactory - 🚀 WebDriver started successfully
2025-09-08 12:34:45 [main] INFO  RetryUrlAccess - Navigating to URL (attempt 1): https://demoqa.com
2025-09-08 12:35:14 [main] INFO  demoqaBase - 🚀 Starting test: browserWindowsNewTab
2025-09-08 12:35:14 [main] INFO  demoqaBase - 🧪 Starting Test Alerts, Frames & Windows|New Tab...
2025-09-08 12:35:14 [main] INFO  demoqaBase - Accessing Alerts, Frame & Windows Card...
Declared Instance WebDriverWait: org.openqa.selenium.support.ui.WebDriverWait@64fc097e
2025-09-08 12:35:14 [main] INFO  demoqaLog - Clicking on Alert Frame & Windows Card...
2025-09-08 12:35:15 [main] INFO  demoqaLog - ✅ JS click executed on element: {}
2025-09-08 12:35:15 [main] INFO  demoqaLog - Clicked on on Alert Frame & Windows Card...
Title of this Page is: DEMOQA
You are Accessing: Alerts, Frame & Windows
2025-09-08 12:35:15 [main] INFO  demoqaBase - Alerts, Frame & Windows Card: Please select an item from left to start practice.
2025-09-08 12:35:15 [main] INFO  demoqaBase - Clicking on Alerts, Frame & Windows Card|Browser Windows...
You are now Accessing: Browser Windows
2025-09-08 12:35:15 [main] INFO  demoqaBase - You are now Accessing: Browser Windows
2025-09-08 12:35:15 [main] INFO  demoqaBase - Initiating New Tab click sequence...
2025-09-08 12:35:15 [main] INFO  demoqaBase - Clicked New Tab button
2025-09-08 12:35:15 [main] INFO  demoqaBase - Switched to new tab: A805ABF71D1AEED18B82C48209478DCB
2025-09-08 12:35:15 [main] INFO  demoqaBase - New tab content: 'This is a sample page'
You are now accessing: This is a sample page
2025-09-08 12:35:15 [main] INFO  demoqaBase - ✅ Alerts, Frames & Windows|Browser Windows|New Tab Test Completed...
]]></system-out>
  </testcase>
  <testcase name="browserWindowsNewWindow" classname="tests.AlertsFramesWindowsTests" time="0.771">
    <system-out><![CDATA[2025-09-08 12:35:15 [main] INFO  demoqaBase - Closing the Browser for test: browserWindowsNewTab
2025-09-08 12:35:16 [main] INFO  DriverFactory - 🌐 Starting Chrome Web Browser...
2025-09-08 12:35:16 [main] INFO  DriverFactory - ✅ Created temporary Chrome profile at C:\Users\dell\AppData\Local\Temp\chrome-profile-7288896151590267235
2025-09-08 12:35:17 [main] INFO  DriverFactory - 🚀 WebDriver started successfully
2025-09-08 12:35:17 [main] INFO  RetryUrlAccess - Navigating to URL (attempt 1): https://demoqa.com
2025-09-08 12:35:52 [main] INFO  demoqaBase - 🚀 Starting test: browserWindowsNewWindow
2025-09-08 12:35:52 [main] INFO  demoqaBase - 🧪 Starting Test Alerts, Frames & Windows|New Window...
2025-09-08 12:35:52 [main] INFO  demoqaBase - Accessing Alerts, Frame & Windows Card...
Declared Instance WebDriverWait: org.openqa.selenium.support.ui.WebDriverWait@131ff6fa
2025-09-08 12:35:52 [main] INFO  demoqaLog - Clicking on Alert Frame & Windows Card...
2025-09-08 12:35:52 [main] INFO  demoqaLog - ✅ JS click executed on element: {}
2025-09-08 12:35:52 [main] INFO  demoqaLog - Clicked on on Alert Frame & Windows Card...
Title of this Page is: DEMOQA
You are Accessing: Alerts, Frame & Windows
2025-09-08 12:35:52 [main] INFO  demoqaBase - Alerts, Frame & Windows Card: Please select an item from left to start practice.
2025-09-08 12:35:52 [main] INFO  demoqaBase - Clicking on Alerts, Frame & Windows Card|Browser Windows...
You are now Accessing: Browser Windows
2025-09-08 12:35:52 [main] INFO  demoqaBase - You are now Accessing: Browser Windows
2025-09-08 12:35:52 [main] INFO  demoqaBase - Initiating New Window click sequence...
2025-09-08 12:35:52 [main] INFO  demoqaBase - Clicked New Window button
2025-09-08 12:35:52 [main] INFO  demoqaBase - Switched to new tab: 027548371425B5733E7401B1B717C79D
2025-09-08 12:35:52 [main] INFO  demoqaBase - New tab content: 'This is a sample page'
You are now accessing: This is a sample page
2025-09-08 12:35:52 [main] INFO  demoqaBase - ✅ Alerts, Frames & Windows|Browser Windows|New Window Test Completed...
]]></system-out>
  </testcase>
  <testcase name="browserWindowsNewWindowMsg" classname="tests.AlertsFramesWindowsTests" time="0.897">
    <system-out><![CDATA[2025-09-08 12:35:52 [main] INFO  demoqaBase - Closing the Browser for test: browserWindowsNewWindow
2025-09-08 12:35:53 [main] INFO  DriverFactory - 🌐 Starting Chrome Web Browser...
2025-09-08 12:35:53 [main] INFO  DriverFactory - ✅ Created temporary Chrome profile at C:\Users\dell\AppData\Local\Temp\chrome-profile-5603901111584738928
2025-09-08 12:35:54 [main] INFO  DriverFactory - 🚀 WebDriver started successfully
2025-09-08 12:35:54 [main] INFO  RetryUrlAccess - Navigating to URL (attempt 1): https://demoqa.com
2025-09-08 12:36:14 [main] INFO  demoqaBase - 🚀 Starting test: browserWindowsNewWindowMsg
2025-09-08 12:36:14 [main] INFO  demoqaBase - 🧪 Starting Test Alerts, Frames & Windows|New Window Message...
2025-09-08 12:36:14 [main] INFO  demoqaBase - Accessing Alerts, Frame & Windows Card...
Declared Instance WebDriverWait: org.openqa.selenium.support.ui.WebDriverWait@78cd163b
2025-09-08 12:36:14 [main] INFO  demoqaLog - Clicking on Alert Frame & Windows Card...
2025-09-08 12:36:14 [main] INFO  demoqaLog - ✅ JS click executed on element: {}
2025-09-08 12:36:14 [main] INFO  demoqaLog - Clicked on on Alert Frame & Windows Card...
Title of this Page is: DEMOQA
You are Accessing: Alerts, Frame & Windows
2025-09-08 12:36:14 [main] INFO  demoqaBase - Alerts, Frame & Windows Card: Please select an item from left to start practice.
2025-09-08 12:36:14 [main] INFO  demoqaBase - Clicking on Alerts, Frame & Windows Card|Browser Windows...
You are now Accessing: Browser Windows
2025-09-08 12:36:14 [main] INFO  demoqaBase - You are now Accessing: Browser Windows
2025-09-08 12:36:14 [main] INFO  demoqaBase - 🔍 Starting 'New Window Message' click sequence...
2025-09-08 12:36:15 [main] INFO  demoqaLog - ✅ JS click executed on element: {}
2025-09-08 12:36:15 [main] INFO  demoqaBase - 🔀 Switched to new window: 6C7804D22D97B434C57EE8559DA95349
2025-09-08 12:36:15 [main] INFO  demoqaBase - ✅ Verified new popup window opened successfully.
2025-09-08 12:36:15 [main] INFO  demoqaBase - ↩️ Switched back to original window: DE28A8EE7EB824842D627E077E0ED746
2025-09-08 12:36:15 [main] INFO  demoqaBase - ✅ 'New Window Message' flow completed successfully.
2025-09-08 12:36:15 [main] INFO  demoqaBase - ✅ Alerts, Frames & Windows|Browser Windows|New Window Message Test Completed...
]]></system-out>
  </testcase>
  <testcase name="ClickAlerts" classname="tests.AlertsFramesWindowsTests" time="0.414">
    <system-out><![CDATA[2025-09-08 12:36:15 [main] INFO  demoqaBase - Closing the Browser for test: browserWindowsNewWindowMsg
2025-09-08 12:36:15 [main] INFO  DriverFactory - 🌐 Starting Chrome Web Browser...
2025-09-08 12:36:15 [main] INFO  DriverFactory - ✅ Created temporary Chrome profile at C:\Users\dell\AppData\Local\Temp\chrome-profile-15380283117175477036
2025-09-08 12:36:16 [main] INFO  DriverFactory - 🚀 WebDriver started successfully
2025-09-08 12:36:16 [main] INFO  RetryUrlAccess - Navigating to URL (attempt 1): https://demoqa.com
2025-09-08 12:36:24 [main] INFO  demoqaBase - 🚀 Starting test: ClickAlerts
2025-09-08 12:36:24 [main] INFO  demoqaBase - 🧪 Starting Test Alerts, Frames & Windows|New Window Message...
2025-09-08 12:36:24 [main] INFO  demoqaBase - Accessing Alerts, Frame & Windows Card...
Declared Instance WebDriverWait: org.openqa.selenium.support.ui.WebDriverWait@3b27b497
2025-09-08 12:36:24 [main] INFO  demoqaLog - Clicking on Alert Frame & Windows Card...
2025-09-08 12:36:24 [main] INFO  demoqaLog - ✅ JS click executed on element: {}
2025-09-08 12:36:24 [main] INFO  demoqaLog - Clicked on on Alert Frame & Windows Card...
Title of this Page is: DEMOQA
You are Accessing: Alerts, Frame & Windows
2025-09-08 12:36:24 [main] INFO  demoqaBase - Alerts, Frame & Windows Card: Please select an item from left to start practice.
2025-09-08 12:36:24 [main] INFO  demoqaBase - 🔍 Starting test for Alerts click ..
2025-09-08 12:36:25 [main] INFO  demoqaLog - ✅ JS click executed on element: {}
2025-09-08 12:36:25 [main] INFO  demoqaBase - ✅ Clicked on Alerts...
2025-09-08 12:36:25 [main] INFO  demoqaBase - Page Title is: Alerts
2025-09-08 12:36:25 [main] INFO  demoqaBase - ✅ Alerts, Frames & Windows|Alerts Test Completed...
]]></system-out>
  </testcase>
  <testcase name="ClickToSeeAlerts" classname="tests.AlertsFramesWindowsTests" time="5.746">
    <system-out><![CDATA[2025-09-08 12:36:25 [main] INFO  demoqaBase - Closing the Browser for test: ClickAlerts
2025-09-08 12:36:25 [main] INFO  DriverFactory - 🌐 Starting Chrome Web Browser...
2025-09-08 12:36:25 [main] INFO  DriverFactory - ✅ Created temporary Chrome profile at C:\Users\dell\AppData\Local\Temp\chrome-profile-11997943492514553771
2025-09-08 12:36:26 [main] INFO  DriverFactory - 🚀 WebDriver started successfully
2025-09-08 12:36:26 [main] INFO  RetryUrlAccess - Navigating to URL (attempt 1): https://demoqa.com
2025-09-08 12:36:51 [main] INFO  demoqaBase - 🚀 Starting test: ClickToSeeAlerts
2025-09-08 12:36:51 [main] INFO  demoqaBase - 🧪 Starting Test Alerts, Frames & Windows|Alerts|Click button to see Alert...
2025-09-08 12:36:51 [main] INFO  demoqaBase - Accessing Alerts, Frame & Windows Card...
Declared Instance WebDriverWait: org.openqa.selenium.support.ui.WebDriverWait@5922d3e9
2025-09-08 12:36:51 [main] INFO  demoqaLog - Clicking on Alert Frame & Windows Card...
2025-09-08 12:36:52 [main] INFO  demoqaLog - ✅ JS click executed on element: {}
2025-09-08 12:36:52 [main] INFO  demoqaLog - Clicked on on Alert Frame & Windows Card...
Title of this Page is: DEMOQA
You are Accessing: Alerts, Frame & Windows
2025-09-08 12:36:52 [main] INFO  demoqaBase - Alerts, Frame & Windows Card: Please select an item from left to start practice.
2025-09-08 12:36:52 [main] INFO  demoqaBase - 🔍 Starting test for Alerts click ..
2025-09-08 12:36:52 [main] INFO  demoqaLog - ✅ JS click executed on element: {}
2025-09-08 12:36:52 [main] INFO  demoqaBase - ✅ Clicked on Alerts...
2025-09-08 12:36:52 [main] INFO  demoqaBase - Page Title is: Alerts
2025-09-08 12:36:52 [main] INFO  demoqaBase - 🔍 Starting test for On button click, alert will appear after 5 seconds...
2025-09-08 12:36:52 [main] INFO  demoqaLog - ✅ JS click executed on element: {}
2025-09-08 12:36:52 [main] INFO  demoqaBase - ✅ Clicked on Click Button to see Alert after 5 seconds...
2025-09-08 12:36:57 [main] INFO  demoqaBase - ✅ On button click, alert will appear after 5 seconds, message is: This alert appeared after 5 seconds
2025-09-08 12:36:57 [main] INFO  demoqaBase - ✅ Alerts, Frames & Windows|Alerts|Click button to see Alert Test Completed...
]]></system-out>
  </testcase>
  <testcase name="ClickAcceptConfirmationBox" classname="tests.AlertsFramesWindowsTests" time="0.607">
    <system-out><![CDATA[2025-09-08 12:36:57 [main] INFO  demoqaBase - Closing the Browser for test: ClickToSeeAlerts
2025-09-08 12:36:58 [main] INFO  DriverFactory - 🌐 Starting Chrome Web Browser...
2025-09-08 12:36:58 [main] INFO  DriverFactory - ✅ Created temporary Chrome profile at C:\Users\dell\AppData\Local\Temp\chrome-profile-2026290724412492682
2025-09-08 12:36:59 [main] INFO  DriverFactory - 🚀 WebDriver started successfully
2025-09-08 12:36:59 [main] INFO  RetryUrlAccess - Navigating to URL (attempt 1): https://demoqa.com
2025-09-08 12:37:20 [main] INFO  demoqaBase - 🚀 Starting test: ClickAcceptConfirmationBox
2025-09-08 12:37:20 [main] INFO  demoqaBase - 🧪 Starting Test Alerts, Frames & Windows|AlertsOn button click, confirm box will appear, Accept...
2025-09-08 12:37:20 [main] INFO  demoqaBase - Accessing Alerts, Frame & Windows Card...
Declared Instance WebDriverWait: org.openqa.selenium.support.ui.WebDriverWait@2d760326
2025-09-08 12:37:20 [main] INFO  demoqaLog - Clicking on Alert Frame & Windows Card...
2025-09-08 12:37:20 [main] INFO  demoqaLog - ✅ JS click executed on element: {}
2025-09-08 12:37:20 [main] INFO  demoqaLog - Clicked on on Alert Frame & Windows Card...
Title of this Page is: DEMOQA
You are Accessing: Alerts, Frame & Windows
2025-09-08 12:37:20 [main] INFO  demoqaBase - Alerts, Frame & Windows Card: Please select an item from left to start practice.
2025-09-08 12:37:20 [main] INFO  demoqaBase - 🔍 Starting test for Alerts click ..
2025-09-08 12:37:20 [main] INFO  demoqaLog - ✅ JS click executed on element: {}
2025-09-08 12:37:20 [main] INFO  demoqaBase - ✅ Clicked on Alerts...
2025-09-08 12:37:20 [main] INFO  demoqaBase - Page Title is: Alerts
2025-09-08 12:37:20 [main] INFO  demoqaBase - 🔍 Starting test for On button click, confirm box will appear, Accept...
2025-09-08 12:37:21 [main] INFO  demoqaLog - ✅ JS click executed on element: {}
2025-09-08 12:37:21 [main] INFO  demoqaBase - ✅ Clicked On button click, confirm box will appear, Accept...
2025-09-08 12:37:21 [main] INFO  demoqaBase - ✅ On button click, confirm box will appear, message is: Do you confirm action?
2025-09-08 12:37:21 [main] INFO  demoqaBase - ✅ Your Selection was: You selected Ok
2025-09-08 12:37:21 [main] INFO  demoqaBase - ✅ Alerts, Frames & Windows|Alerts|On button click, confirm box will appear, Accept Test Completed...
]]></system-out>
  </testcase>
  <testcase name="ClickDenyConfirmationBox" classname="tests.AlertsFramesWindowsTests" time="0.594">
    <system-out><![CDATA[2025-09-08 12:37:21 [main] INFO  demoqaBase - Closing the Browser for test: ClickAcceptConfirmationBox
2025-09-08 12:37:21 [main] INFO  DriverFactory - 🌐 Starting Chrome Web Browser...
2025-09-08 12:37:21 [main] INFO  DriverFactory - ✅ Created temporary Chrome profile at C:\Users\dell\AppData\Local\Temp\chrome-profile-18157482310945557140
2025-09-08 12:37:22 [main] INFO  DriverFactory - 🚀 WebDriver started successfully
2025-09-08 12:37:22 [main] INFO  RetryUrlAccess - Navigating to URL (attempt 1): https://demoqa.com
2025-09-08 12:37:48 [main] INFO  demoqaBase - 🚀 Starting test: ClickDenyConfirmationBox
2025-09-08 12:37:48 [main] INFO  demoqaBase - 🧪 Starting Test Alerts, Frames & Windows|Alerts|On button click, confirm box will appear, Deny...
2025-09-08 12:37:48 [main] INFO  demoqaBase - Accessing Alerts, Frame & Windows Card...
Declared Instance WebDriverWait: org.openqa.selenium.support.ui.WebDriverWait@6d229b1c
2025-09-08 12:37:48 [main] INFO  demoqaLog - Clicking on Alert Frame & Windows Card...
2025-09-08 12:37:48 [main] INFO  demoqaLog - ✅ JS click executed on element: {}
2025-09-08 12:37:48 [main] INFO  demoqaLog - Clicked on on Alert Frame & Windows Card...
Title of this Page is: DEMOQA
You are Accessing: Alerts, Frame & Windows
2025-09-08 12:37:48 [main] INFO  demoqaBase - Alerts, Frame & Windows Card: Please select an item from left to start practice.
2025-09-08 12:37:48 [main] INFO  demoqaBase - 🔍 Starting test for Alerts click ..
2025-09-08 12:37:49 [main] INFO  demoqaLog - ✅ JS click executed on element: {}
2025-09-08 12:37:49 [main] INFO  demoqaBase - ✅ Clicked on Alerts...
2025-09-08 12:37:49 [main] INFO  demoqaBase - Page Title is: Alerts
2025-09-08 12:37:49 [main] INFO  demoqaBase - 🔍 Starting test for On button click, confirm box will appear, Deny...
2025-09-08 12:37:49 [main] INFO  demoqaLog - ✅ JS click executed on element: {}
2025-09-08 12:37:49 [main] INFO  demoqaBase - ✅ Clicked On button click, confirm box will appear, Deny...
2025-09-08 12:37:49 [main] INFO  demoqaBase - ✅ On button click, confirm box will appear, message is: Do you confirm action?
2025-09-08 12:37:49 [main] INFO  demoqaBase - ✅ Your Selection was: You selected Cancel
2025-09-08 12:37:49 [main] INFO  demoqaBase - ✅ Alerts, Frames & Windows|Alerts|On button click, confirm box will appear, Deny Test Completed...
]]></system-out>
  </testcase>
  <testcase name="ClickPromptBoxFill" classname="tests.AlertsFramesWindowsTests" time="0.712">
    <system-out><![CDATA[2025-09-08 12:37:49 [main] INFO  demoqaBase - Closing the Browser for test: ClickDenyConfirmationBox
2025-09-08 12:37:49 [main] INFO  DriverFactory - 🌐 Starting Chrome Web Browser...
2025-09-08 12:37:49 [main] INFO  DriverFactory - ✅ Created temporary Chrome profile at C:\Users\dell\AppData\Local\Temp\chrome-profile-14621394793460419360
2025-09-08 12:37:50 [main] INFO  DriverFactory - 🚀 WebDriver started successfully
2025-09-08 12:37:50 [main] INFO  RetryUrlAccess - Navigating to URL (attempt 1): https://demoqa.com
2025-09-08 12:38:05 [main] INFO  demoqaBase - 🚀 Starting test: ClickPromptBoxFill
2025-09-08 12:38:05 [main] INFO  demoqaBase - 🧪 Starting Test Alerts, Frames & Windows|Alerts|On button click, prompt box will appear, Fill data...
2025-09-08 12:38:05 [main] INFO  demoqaBase - Accessing Alerts, Frame & Windows Card...
Declared Instance WebDriverWait: org.openqa.selenium.support.ui.WebDriverWait@3a7b2e2
2025-09-08 12:38:05 [main] INFO  demoqaLog - Clicking on Alert Frame & Windows Card...
2025-09-08 12:38:05 [main] INFO  demoqaLog - ✅ JS click executed on element: {}
2025-09-08 12:38:05 [main] INFO  demoqaLog - Clicked on on Alert Frame & Windows Card...
Title of this Page is: DEMOQA
You are Accessing: Alerts, Frame & Windows
2025-09-08 12:38:05 [main] INFO  demoqaBase - Alerts, Frame & Windows Card: Please select an item from left to start practice.
2025-09-08 12:38:05 [main] INFO  demoqaBase - 🔍 Starting test for Alerts click ..
2025-09-08 12:38:06 [main] INFO  demoqaLog - ✅ JS click executed on element: {}
2025-09-08 12:38:06 [main] INFO  demoqaBase - ✅ Clicked on Alerts...
2025-09-08 12:38:06 [main] INFO  demoqaBase - Page Title is: Alerts
2025-09-08 12:38:06 [main] INFO  demoqaBase - 🔍 Starting test for On button click, prompt box will appear, Fill data...
2025-09-08 12:38:06 [main] INFO  demoqaLog - ✅ JS click executed on element: {}
2025-09-08 12:38:06 [main] INFO  demoqaBase - ✅ Clicked On button click, prompt box will appear, Fill data...
2025-09-08 12:38:06 [main] INFO  demoqaBase - ✅ On button click, prompt box will appear, message is: Please enter your name
2025-09-08 12:38:06 [main] INFO  demoqaBase - ✅ Your Selection was: You entered Java Selenium
2025-09-08 12:38:06 [main] INFO  demoqaBase - ✅ Alerts, Frames & Windows|Alerts|On button click, prompt box will appear, Fill data Test Completed...
]]></system-out>
  </testcase>
  <testcase name="ClickFrames" classname="tests.AlertsFramesWindowsTests" time="0.413">
    <system-out><![CDATA[2025-09-08 12:38:06 [main] INFO  demoqaBase - Closing the Browser for test: ClickPromptBoxFill
2025-09-08 12:38:06 [main] INFO  DriverFactory - 🌐 Starting Chrome Web Browser...
2025-09-08 12:38:06 [main] INFO  DriverFactory - ✅ Created temporary Chrome profile at C:\Users\dell\AppData\Local\Temp\chrome-profile-9163442216791657705
2025-09-08 12:38:07 [main] INFO  DriverFactory - 🚀 WebDriver started successfully
2025-09-08 12:38:07 [main] INFO  RetryUrlAccess - Navigating to URL (attempt 1): https://demoqa.com
2025-09-08 12:38:43 [main] INFO  demoqaBase - 🚀 Starting test: ClickFrames
2025-09-08 12:38:43 [main] INFO  demoqaBase - 🧪 Starting Test Alerts, Frames & Windows|Frames...
2025-09-08 12:38:43 [main] INFO  demoqaBase - Accessing Alerts, Frame & Windows Card...
Declared Instance WebDriverWait: org.openqa.selenium.support.ui.WebDriverWait@7ab802f4
2025-09-08 12:38:43 [main] INFO  demoqaLog - Clicking on Alert Frame & Windows Card...
2025-09-08 12:38:43 [main] INFO  demoqaLog - ✅ JS click executed on element: {}
2025-09-08 12:38:43 [main] INFO  demoqaLog - Clicked on on Alert Frame & Windows Card...
Title of this Page is: DEMOQA
You are Accessing: Alerts, Frame & Windows
2025-09-08 12:38:43 [main] INFO  demoqaBase - Alerts, Frame & Windows Card: Please select an item from left to start practice.
2025-09-08 12:38:43 [main] INFO  demoqaBase - 🔍 Starting test for Frames click ..
2025-09-08 12:38:44 [main] INFO  demoqaLog - ✅ JS click executed on element: {}
2025-09-08 12:38:44 [main] INFO  demoqaBase - ✅ Clicked on Frames...
2025-09-08 12:38:44 [main] INFO  demoqaBase - Page Title is: Frames
2025-09-08 12:38:44 [main] INFO  demoqaBase - ✅ Alerts, Frames & Windows|Frames Test Completed...
]]></system-out>
  </testcase>
  <testcase name="GetFrame1" classname="tests.AlertsFramesWindowsTests" time="0.664">
    <system-out><![CDATA[2025-09-08 12:38:44 [main] INFO  demoqaBase - Closing the Browser for test: ClickFrames
2025-09-08 12:38:44 [main] INFO  DriverFactory - 🌐 Starting Chrome Web Browser...
2025-09-08 12:38:44 [main] INFO  DriverFactory - ✅ Created temporary Chrome profile at C:\Users\dell\AppData\Local\Temp\chrome-profile-18059337734659051249
2025-09-08 12:38:45 [main] INFO  DriverFactory - 🚀 WebDriver started successfully
2025-09-08 12:38:45 [main] INFO  RetryUrlAccess - Navigating to URL (attempt 1): https://demoqa.com
2025-09-08 12:38:57 [main] INFO  demoqaBase - 🚀 Starting test: GetFrame1
2025-09-08 12:38:57 [main] INFO  demoqaBase - 🧪 Starting Test Alerts, Frames & Windows|Frames|Frame1 message...
2025-09-08 12:38:57 [main] INFO  demoqaBase - Accessing Alerts, Frame & Windows Card...
Declared Instance WebDriverWait: org.openqa.selenium.support.ui.WebDriverWait@5ec88f9e
2025-09-08 12:38:57 [main] INFO  demoqaLog - Clicking on Alert Frame & Windows Card...
2025-09-08 12:38:57 [main] INFO  demoqaLog - ✅ JS click executed on element: {}
2025-09-08 12:38:57 [main] INFO  demoqaLog - Clicked on on Alert Frame & Windows Card...
Title of this Page is: DEMOQA
You are Accessing: Alerts, Frame & Windows
2025-09-08 12:38:58 [main] INFO  demoqaBase - Alerts, Frame & Windows Card: Please select an item from left to start practice.
2025-09-08 12:38:58 [main] INFO  demoqaBase - 🔍 Starting test for Frames click ..
2025-09-08 12:38:58 [main] INFO  demoqaLog - ✅ JS click executed on element: {}
2025-09-08 12:38:58 [main] INFO  demoqaBase - ✅ Clicked on Frames...
2025-09-08 12:38:58 [main] INFO  demoqaBase - Page Title is: Frames
2025-09-08 12:38:58 [main] INFO  demoqaBase - 🔍 Starting test for Frames|Frame1 Message...
2025-09-08 12:38:58 [main] INFO  demoqaBase - ✅ Switched to Frame1...
2025-09-08 12:38:58 [main] INFO  demoqaBase - Frame1 contains: This is a sample page
2025-09-08 12:38:58 [main] INFO  demoqaBase - ✅ Alerts, Frames & Windows|Frames|Frame1 message Test Completed...
]]></system-out>
  </testcase>
  <testcase name="GetFrame2" classname="tests.AlertsFramesWindowsTests" time="1.24">
    <system-out><![CDATA[2025-09-08 12:38:58 [main] INFO  demoqaBase - Closing the Browser for test: GetFrame1
2025-09-08 12:38:58 [main] INFO  DriverFactory - 🌐 Starting Chrome Web Browser...
2025-09-08 12:38:58 [main] INFO  DriverFactory - ✅ Created temporary Chrome profile at C:\Users\dell\AppData\Local\Temp\chrome-profile-17377304689523647539
2025-09-08 12:38:59 [main] INFO  DriverFactory - 🚀 WebDriver started successfully
2025-09-08 12:38:59 [main] INFO  RetryUrlAccess - Navigating to URL (attempt 1): https://demoqa.com
2025-09-08 12:39:15 [main] INFO  demoqaBase - 🚀 Starting test: GetFrame2
2025-09-08 12:39:15 [main] INFO  demoqaBase - 🧪 Starting Test Alerts, Frames & Windows|Frames|Frame2 message...
2025-09-08 12:39:15 [main] INFO  demoqaBase - Accessing Alerts, Frame & Windows Card...
Declared Instance WebDriverWait: org.openqa.selenium.support.ui.WebDriverWait@71531dd7
2025-09-08 12:39:15 [main] INFO  demoqaLog - Clicking on Alert Frame & Windows Card...
2025-09-08 12:39:15 [main] INFO  demoqaLog - ✅ JS click executed on element: {}
2025-09-08 12:39:15 [main] INFO  demoqaLog - Clicked on on Alert Frame & Windows Card...
Title of this Page is: DEMOQA
You are Accessing: Alerts, Frame & Windows
2025-09-08 12:39:15 [main] INFO  demoqaBase - Alerts, Frame & Windows Card: Please select an item from left to start practice.
2025-09-08 12:39:15 [main] INFO  demoqaBase - 🔍 Starting test for Frames click ..
2025-09-08 12:39:15 [main] INFO  demoqaLog - ✅ JS click executed on element: {}
2025-09-08 12:39:15 [main] INFO  demoqaBase - ✅ Clicked on Frames...
2025-09-08 12:39:15 [main] INFO  demoqaBase - Page Title is: Frames
2025-09-08 12:39:15 [main] INFO  demoqaBase - 🔍 Starting test for Frames|Frame2 Message...
2025-09-08 12:39:15 [main] INFO  demoqaBase - ✅ Switched to Frame2...
2025-09-08 12:39:16 [main] INFO  demoqaBase - Frame2 contains: This is a sample page
2025-09-08 12:39:16 [main] INFO  demoqaBase - ✅ Alerts, Frames & Windows|Frames|Frame2 message Test Completed...
]]></system-out>
  </testcase>
  <testcase name="ClickModalDialogs" classname="tests.AlertsFramesWindowsTests" time="0.348">
    <system-out><![CDATA[2025-09-08 12:39:16 [main] INFO  demoqaBase - Closing the Browser for test: GetFrame2
2025-09-08 12:39:16 [main] INFO  DriverFactory - 🌐 Starting Chrome Web Browser...
2025-09-08 12:39:16 [main] INFO  DriverFactory - ✅ Created temporary Chrome profile at C:\Users\dell\AppData\Local\Temp\chrome-profile-13820430262639772219
2025-09-08 12:39:17 [main] INFO  DriverFactory - 🚀 WebDriver started successfully
2025-09-08 12:39:17 [main] INFO  RetryUrlAccess - Navigating to URL (attempt 1): https://demoqa.com
2025-09-08 12:39:44 [main] INFO  demoqaBase - 🚀 Starting test: ClickModalDialogs
2025-09-08 12:39:44 [main] INFO  demoqaBase - 🧪 Starting Test Alerts, Frames & Windows|Modal Dialogs...
2025-09-08 12:39:44 [main] INFO  demoqaBase - Accessing Alerts, Frame & Windows Card...
Declared Instance WebDriverWait: org.openqa.selenium.support.ui.WebDriverWait@423f8a73
2025-09-08 12:39:44 [main] INFO  demoqaLog - Clicking on Alert Frame & Windows Card...
2025-09-08 12:39:44 [main] INFO  demoqaLog - ✅ JS click executed on element: {}
2025-09-08 12:39:44 [main] INFO  demoqaLog - Clicked on on Alert Frame & Windows Card...
Title of this Page is: DEMOQA
You are Accessing: Alerts, Frame & Windows
2025-09-08 12:39:44 [main] INFO  demoqaBase - Alerts, Frame & Windows Card: Please select an item from left to start practice.
2025-09-08 12:39:44 [main] INFO  demoqaBase - 🔍 Starting test for Frames|Modal Dialogs click ..
2025-09-08 12:39:44 [main] INFO  demoqaLog - ✅ JS click executed on element: {}
2025-09-08 12:39:44 [main] INFO  demoqaBase - ✅ Clicked on Modal Dialogs...
2025-09-08 12:39:44 [main] INFO  demoqaBase - Page Title is: Modal Dialogs
2025-09-08 12:39:44 [main] INFO  demoqaBase - ✅ Alerts, Frames & Windows|Modal Dialogs Test Completed...
]]></system-out>
  </testcase>
  <testcase name="ClickNestedFrames" classname="tests.AlertsFramesWindowsTests" time="0.355">
    <system-out><![CDATA[2025-09-08 12:39:44 [main] INFO  demoqaBase - Closing the Browser for test: ClickModalDialogs
2025-09-08 12:39:46 [main] INFO  DriverFactory - 🌐 Starting Chrome Web Browser...
2025-09-08 12:39:46 [main] INFO  DriverFactory - ✅ Created temporary Chrome profile at C:\Users\dell\AppData\Local\Temp\chrome-profile-11081423224733210946
2025-09-08 12:39:51 [main] INFO  DriverFactory - 🚀 WebDriver started successfully
2025-09-08 12:39:51 [main] INFO  RetryUrlAccess - Navigating to URL (attempt 1): https://demoqa.com
2025-09-08 12:39:56 [main] INFO  demoqaBase - 🚀 Starting test: ClickNestedFrames
2025-09-08 12:39:56 [main] INFO  demoqaBase - 🧪 Starting Test Alerts, Frames & Windows|Nested Frames...
2025-09-08 12:39:56 [main] INFO  demoqaBase - Accessing Alerts, Frame & Windows Card...
Declared Instance WebDriverWait: org.openqa.selenium.support.ui.WebDriverWait@1a0f349
2025-09-08 12:39:56 [main] INFO  demoqaLog - Clicking on Alert Frame & Windows Card...
2025-09-08 12:39:56 [main] INFO  demoqaLog - ✅ JS click executed on element: {}
2025-09-08 12:39:56 [main] INFO  demoqaLog - Clicked on on Alert Frame & Windows Card...
Title of this Page is: DEMOQA
You are Accessing: Alerts, Frame & Windows
2025-09-08 12:39:56 [main] INFO  demoqaBase - Alerts, Frame & Windows Card: Please select an item from left to start practice.
2025-09-08 12:39:56 [main] INFO  demoqaBase - 🔍 Starting test for Frames|Nested Frames click ..
2025-09-08 12:39:57 [main] INFO  demoqaLog - ✅ JS click executed on element: {}
2025-09-08 12:39:57 [main] INFO  demoqaBase - ✅ Clicked on Nested Frames...
2025-09-08 12:39:57 [main] INFO  demoqaBase - Page Title is: Nested Frames
2025-09-08 12:39:57 [main] INFO  demoqaBase - ✅ Alerts, Frames & Windows|Nested Frames Test Completed...
]]></system-out>
  </testcase>
  <testcase name="ClickLargeModal" classname="tests.AlertsFramesWindowsTests" time="0.824">
    <system-out><![CDATA[2025-09-08 12:39:57 [main] INFO  demoqaBase - Closing the Browser for test: ClickNestedFrames
2025-09-08 12:39:57 [main] INFO  DriverFactory - 🌐 Starting Chrome Web Browser...
2025-09-08 12:39:57 [main] INFO  DriverFactory - ✅ Created temporary Chrome profile at C:\Users\dell\AppData\Local\Temp\chrome-profile-2579849050839860888
2025-09-08 12:39:58 [main] INFO  DriverFactory - 🚀 WebDriver started successfully
2025-09-08 12:39:58 [main] INFO  RetryUrlAccess - Navigating to URL (attempt 1): https://demoqa.com
2025-09-08 12:40:15 [main] INFO  demoqaBase - 🚀 Starting test: ClickLargeModal
2025-09-08 12:40:15 [main] INFO  demoqaBase - 🧪 Starting Test Alerts, Frames & Windows|Modal Dialogs|Large Modal...
2025-09-08 12:40:15 [main] INFO  demoqaBase - Accessing Alerts, Frame & Windows Card...
Declared Instance WebDriverWait: org.openqa.selenium.support.ui.WebDriverWait@467ef400
2025-09-08 12:40:15 [main] INFO  demoqaLog - Clicking on Alert Frame & Windows Card...
2025-09-08 12:40:15 [main] INFO  demoqaLog - ✅ JS click executed on element: {}
2025-09-08 12:40:15 [main] INFO  demoqaLog - Clicked on on Alert Frame & Windows Card...
Title of this Page is: DEMOQA
You are Accessing: Alerts, Frame & Windows
2025-09-08 12:40:15 [main] INFO  demoqaBase - Alerts, Frame & Windows Card: Please select an item from left to start practice.
2025-09-08 12:40:15 [main] INFO  demoqaBase - 🔍 Starting test for Frames|Modal Dialogs click ..
2025-09-08 12:40:16 [main] INFO  demoqaLog - ✅ JS click executed on element: {}
2025-09-08 12:40:16 [main] INFO  demoqaBase - ✅ Clicked on Modal Dialogs...
2025-09-08 12:40:16 [main] INFO  demoqaBase - Page Title is: Modal Dialogs
2025-09-08 12:40:16 [main] INFO  demoqaBase - 🔍 Starting test for Frames|Modal Dialogs|Large Modal click...
2025-09-08 12:40:16 [main] INFO  demoqaLog - ✅ JS click executed on element: {}
2025-09-08 12:40:16 [main] INFO  demoqaBase - ✅ Clicked on Modal Dialogs|Large Modal...
2025-09-08 12:40:16 [main] INFO  demoqaBase - Page Title is: Large Modal
2025-09-08 12:40:16 [main] INFO  demoqaBase - Large Modal Body Contains: Lorem Ipsum is simply dummy text of the printing and typesetting industry. Lorem Ipsum has been the industry's standard dummy text ever since the 1500s, when an unknown printer took a galley of type and scrambled it to make a type specimen book. It has survived not only five centuries, but also the leap into electronic typesetting, remaining essentially unchanged. It was popularised in the 1960s with the release of Letraset sheets containing Lorem Ipsum passages, and more recently with desktop publishing software like Aldus PageMaker including versions of Lorem Ipsum.
2025-09-08 12:40:16 [main] INFO  demoqaLog - ✅ JS click executed on element: {}
2025-09-08 12:40:16 [main] INFO  demoqaBase - ✅ Alerts, Frames & Windows|Modal Dialogs|Large Modal click Test Completed...
]]></system-out>
  </testcase>
  <testcase name="ClickSmallModal" classname="tests.AlertsFramesWindowsTests" time="0.833">
    <system-out><![CDATA[2025-09-08 12:40:16 [main] INFO  demoqaBase - Closing the Browser for test: ClickLargeModal
2025-09-08 12:40:16 [main] INFO  DriverFactory - 🌐 Starting Chrome Web Browser...
2025-09-08 12:40:16 [main] INFO  DriverFactory - ✅ Created temporary Chrome profile at C:\Users\dell\AppData\Local\Temp\chrome-profile-7609606487410775744
2025-09-08 12:40:17 [main] INFO  DriverFactory - 🚀 WebDriver started successfully
2025-09-08 12:40:17 [main] INFO  RetryUrlAccess - Navigating to URL (attempt 1): https://demoqa.com
2025-09-08 12:40:35 [main] INFO  demoqaBase - 🚀 Starting test: ClickSmallModal
2025-09-08 12:40:35 [main] INFO  demoqaBase - 🧪 Starting Test Alerts, Frames & Windows|Modal Dialogs|Small Modal...
2025-09-08 12:40:35 [main] INFO  demoqaBase - Accessing Alerts, Frame & Windows Card...
Declared Instance WebDriverWait: org.openqa.selenium.support.ui.WebDriverWait@1282f784
2025-09-08 12:40:35 [main] INFO  demoqaLog - Clicking on Alert Frame & Windows Card...
2025-09-08 12:40:35 [main] INFO  demoqaLog - ✅ JS click executed on element: {}
2025-09-08 12:40:35 [main] INFO  demoqaLog - Clicked on on Alert Frame & Windows Card...
Title of this Page is: DEMOQA
You are Accessing: Alerts, Frame & Windows
2025-09-08 12:40:35 [main] INFO  demoqaBase - Alerts, Frame & Windows Card: Please select an item from left to start practice.
2025-09-08 12:40:35 [main] INFO  demoqaBase - 🔍 Starting test for Frames|Modal Dialogs click ..
2025-09-08 12:40:35 [main] INFO  demoqaLog - ✅ JS click executed on element: {}
2025-09-08 12:40:35 [main] INFO  demoqaBase - ✅ Clicked on Modal Dialogs...
2025-09-08 12:40:35 [main] INFO  demoqaBase - Page Title is: Modal Dialogs
2025-09-08 12:40:35 [main] INFO  demoqaBase - 🔍 Starting test for Frames|Modal Dialogs|Small Modal click...
2025-09-08 12:40:35 [main] INFO  demoqaLog - ✅ JS click executed on element: {}
2025-09-08 12:40:35 [main] INFO  demoqaBase - ✅ Clicked on Modal Dialogs|Small Modal...
2025-09-08 12:40:35 [main] INFO  demoqaBase - Page Title is: Small Modal
2025-09-08 12:40:35 [main] INFO  demoqaBase - Small Modal Body Contains: This is a small modal. It has very less content
2025-09-08 12:40:35 [main] INFO  demoqaLog - ✅ JS click executed on element: {}
2025-09-08 12:40:35 [main] INFO  demoqaBase - ✅ Alerts, Frames & Windows|Modal Dialogs|Small Modal click Test Completed...
]]></system-out>
  </testcase>
  <testcase name="GetParentFrame" classname="tests.AlertsFramesWindowsTests" time="3.454">
    <system-out><![CDATA[2025-09-08 12:40:35 [main] INFO  demoqaBase - Closing the Browser for test: ClickSmallModal
2025-09-08 12:40:36 [main] INFO  DriverFactory - 🌐 Starting Chrome Web Browser...
2025-09-08 12:40:36 [main] INFO  DriverFactory - ✅ Created temporary Chrome profile at C:\Users\dell\AppData\Local\Temp\chrome-profile-7108872604149866331
2025-09-08 12:40:37 [main] INFO  DriverFactory - 🚀 WebDriver started successfully
2025-09-08 12:40:37 [main] INFO  RetryUrlAccess - Navigating to URL (attempt 1): https://demoqa.com
2025-09-08 12:40:54 [main] INFO  demoqaBase - 🚀 Starting test: GetParentFrame
2025-09-08 12:40:54 [main] INFO  demoqaBase - 🧪 Starting Test Alerts, Frames & Windows|Frames|Parent Frame message...
2025-09-08 12:40:54 [main] INFO  demoqaBase - Accessing Alerts, Frame & Windows Card...
Declared Instance WebDriverWait: org.openqa.selenium.support.ui.WebDriverWait@7bce9ce4
2025-09-08 12:40:54 [main] INFO  demoqaLog - Clicking on Alert Frame & Windows Card...
2025-09-08 12:40:54 [main] INFO  demoqaLog - ✅ JS click executed on element: {}
2025-09-08 12:40:54 [main] INFO  demoqaLog - Clicked on on Alert Frame & Windows Card...
Title of this Page is: DEMOQA
You are Accessing: Alerts, Frame & Windows
2025-09-08 12:40:54 [main] INFO  demoqaBase - Alerts, Frame & Windows Card: Please select an item from left to start practice.
2025-09-08 12:40:54 [main] INFO  demoqaBase - 🔍 Starting test for Frames|Nested Frames click ..
2025-09-08 12:40:54 [main] INFO  demoqaLog - ✅ JS click executed on element: {}
2025-09-08 12:40:54 [main] INFO  demoqaBase - ✅ Clicked on Nested Frames...
2025-09-08 12:40:54 [main] INFO  demoqaBase - Page Title is: Nested Frames
2025-09-08 12:40:54 [main] INFO  demoqaBase - 🔍 Starting test for Frames|Parent Frame Message...
2025-09-08 12:40:57 [main] INFO  demoqaBase - After switching, frame body contains: [Parent frame]
2025-09-08 12:40:57 [main] INFO  demoqaBase - ✅ Alerts, Frames & Windows|Frames|Parent Frame message Test Completed...
]]></system-out>
  </testcase>
  <testcase name="GetChildFrame" classname="tests.AlertsFramesWindowsTests" time="0.707">
    <system-out><![CDATA[2025-09-08 12:40:57 [main] INFO  demoqaBase - Closing the Browser for test: GetParentFrame
2025-09-08 12:40:57 [main] INFO  DriverFactory - 🌐 Starting Chrome Web Browser...
2025-09-08 12:40:57 [main] INFO  DriverFactory - ✅ Created temporary Chrome profile at C:\Users\dell\AppData\Local\Temp\chrome-profile-13849016277633508797
2025-09-08 12:41:01 [main] INFO  DriverFactory - 🚀 WebDriver started successfully
2025-09-08 12:41:01 [main] INFO  RetryUrlAccess - Navigating to URL (attempt 1): https://demoqa.com
2025-09-08 12:41:15 [main] INFO  demoqaBase - 🚀 Starting test: GetChildFrame
2025-09-08 12:41:15 [main] INFO  demoqaBase - 🧪 Starting Test Alerts, Frames & Windows|Frames|Child Frame message...
2025-09-08 12:41:15 [main] INFO  demoqaBase - Accessing Alerts, Frame & Windows Card...
Declared Instance WebDriverWait: org.openqa.selenium.support.ui.WebDriverWait@2328ec73
2025-09-08 12:41:15 [main] INFO  demoqaLog - Clicking on Alert Frame & Windows Card...
2025-09-08 12:41:15 [main] INFO  demoqaLog - ✅ JS click executed on element: {}
2025-09-08 12:41:15 [main] INFO  demoqaLog - Clicked on on Alert Frame & Windows Card...
Title of this Page is: DEMOQA
You are Accessing: Alerts, Frame & Windows
2025-09-08 12:41:15 [main] INFO  demoqaBase - Alerts, Frame & Windows Card: Please select an item from left to start practice.
2025-09-08 12:41:15 [main] INFO  demoqaBase - 🔍 Starting test for Frames|Nested Frames click ..
2025-09-08 12:41:15 [main] INFO  demoqaLog - ✅ JS click executed on element: {}
2025-09-08 12:41:15 [main] INFO  demoqaBase - ✅ Clicked on Nested Frames...
2025-09-08 12:41:15 [main] INFO  demoqaBase - Page Title is: Nested Frames
2025-09-08 12:41:15 [main] INFO  demoqaBase - 🔍 Starting test for Frames|Child Frame Message...
2025-09-08 12:41:15 [main] INFO  demoqaBase - After switching, frame body contains: [Child Iframe]
2025-09-08 12:41:15 [main] INFO  demoqaBase - ✅ Alerts, Frames & Windows|Frames|Child Frame message Test Completed...
]]></system-out>
  </testcase>
  <testcase name="ElementsCard" classname="tests.ElementsTests" time="0.322">
    <system-out><![CDATA[2025-09-08 12:41:15 [main] INFO  demoqaBase - Closing the Browser for test: GetChildFrame
2025-09-08 12:41:16 [main] INFO  DriverFactory - 🌐 Starting Chrome Web Browser...
2025-09-08 12:41:16 [main] INFO  DriverFactory - ✅ Created temporary Chrome profile at C:\Users\dell\AppData\Local\Temp\chrome-profile-15145816089157461129
2025-09-08 12:41:17 [main] INFO  DriverFactory - 🚀 WebDriver started successfully
2025-09-08 12:41:17 [main] INFO  RetryUrlAccess - Navigating to URL (attempt 1): https://demoqa.com
2025-09-08 12:41:21 [main] INFO  demoqaBase - 🚀 Starting test: ElementsCard
2025-09-08 12:41:21 [main] INFO  demoqaBase - 🧪 Starting Test Elements | Text Box Test...
Instance Variables Declared are: nullnull
2025-09-08 12:41:21 [main] INFO  demoqaBase - Accessing Elements Card...
2025-09-08 12:41:21 [main] INFO  demoqaLog - Clicking on Elements Card...
2025-09-08 12:41:21 [main] WARN  demoqaLog - ⚠️ JS click failed, falling back to native click. Reason: {}
2025-09-08 12:41:21 [main] INFO  demoqaLog - ✅ Native click succeeded on element: {}
2025-09-08 12:41:21 [main] INFO  demoqaLog - Clicked on Elements Card...
Title of this Page is: DEMOQA
You are Accessing: Elements
 
Elements: Please select an item from left to start practice.
2025-09-08 12:41:21 [main] INFO  demoqaBase - Elements: Please select an item from left to start practice.
Title of this Page is: DEMOQA
2025-09-08 12:41:21 [main] INFO  demoqaBase - ✅ Element Card Test Completed...
]]></system-out>
  </testcase>
  <testcase name="TextBox[TextBoxUser{firstName=&apos;Johny&apos;, lastName=&apos;Bravo&apos;, email=&apos;Jbravo@demoqa.com&apos;, currentAddress=&apos;301 Town 481, Brookville\n kansas 42129\n United States&apos;, permanentAddress=&apos;511 Grant 481, Prattsville\n Arkansas 72129\n United States&apos;}](1)" classname="tests.ElementsTests" time="1.579">
    <system-out><![CDATA[2025-09-08 12:41:21 [main] INFO  demoqaBase - Closing the Browser for test: ElementsCard
🧾 Row 1: {Salary=28000.0, Email=Jbravo@demoqa.com, Address=511 Grant 481, Prattsville\n Arkansas 72129\n United States, First Name=Johny, Gender=Male, City=Delhi, Mobile=9.238343488E9, Hobbies=Sports,Music, Subject=Computer Science, Current Address=301 Town 481, Brookville\n kansas 42129\n United States, Department=Information Technology, DOB=15/08/2000, Picture=/TestData/Mphoto.jpg, State=NCR, Last Name=Bravo, Age=34.0}
🔍 Mapping field: firstName | Excel Column: First Name | Value: Johny
🔍 Mapping field: lastName | Excel Column: Last Name | Value: Bravo
🔍 Mapping field: email | Excel Column: Email | Value: Jbravo@demoqa.com
🔍 Mapping field: currentAddress | Excel Column: Current Address | Value: 301 Town 481, Brookville\n kansas 42129\n United States
🔍 Mapping field: permanentAddress | Excel Column: Address | Value: 511 Grant 481, Prattsville\n Arkansas 72129\n United States
🧾 Row 2: {Salary=18000.0, Email=GFemina@demoqa.com, Address=512 Grant 481, Prattsville\n Arkansas 72129\n United States, First Name=Gene, Gender=Female, City=Merrut, Mobile=1.888343432E9, Hobbies=Music,Reading, Subject=Accounting, Current Address=302 Town 481, Brookville\n kansas 42129\n United States, Department=Finance, DOB=22/05/2002, Picture=/TestData/Fphoto.png, State=Uttar Pradesh, Last Name=Femina, Age=30.0}
🔍 Mapping field: firstName | Excel Column: First Name | Value: Gene
🔍 Mapping field: lastName | Excel Column: Last Name | Value: Femina
🔍 Mapping field: email | Excel Column: Email | Value: GFemina@demoqa.com
🔍 Mapping field: currentAddress | Excel Column: Current Address | Value: 302 Town 481, Brookville\n kansas 42129\n United States
🔍 Mapping field: permanentAddress | Excel Column: Address | Value: 512 Grant 481, Prattsville\n Arkansas 72129\n United States
🧾 Row 3: {Salary=15000.0, Email=BWisem@demoqa.com, Address=513 Grant 481, Prattsville\n Arkansas 72129\n United States, First Name=Bud, Gender=Other, City=Panipat, Mobile=8.932465432E9, Hobbies=Reading, Subject=Biology, Current Address=303 Town 481, Brookville\n kansas 42129\n United States, Department=Medicine, DOB=31/12/1999, Picture=/TestData/Ophoto.jpg, State=Haryana, Last Name=Wisem, Age=40.0}
🔍 Mapping field: firstName | Excel Column: First Name | Value: Bud
🔍 Mapping field: lastName | Excel Column: Last Name | Value: Wisem
🔍 Mapping field: email | Excel Column: Email | Value: BWisem@demoqa.com
🔍 Mapping field: currentAddress | Excel Column: Current Address | Value: 303 Town 481, Brookville\n kansas 42129\n United States
🔍 Mapping field: permanentAddress | Excel Column: Address | Value: 513 Grant 481, Prattsville\n Arkansas 72129\n United States
🧾 Row 4: {Salary=19000.0, Email=TBoss@demoqa.com, Address=514 Grant 481, Prattsville\n Arkansas 72129\n United States, First Name=Tom, Gender=Male, City=Jaiselmer, Mobile=7.839875281E9, Hobbies=Sports,Reading, Subject=Social Studies, Current Address=304 Town 481, Brookville\n kansas 42129\n United States, Department=Recreation, DOB=1/26/03, Picture=/TestData/M2photo.jpg, State=Rajasthan, Last Name=Boss, Age=42.0}
🔍 Mapping field: firstName | Excel Column: First Name | Value: Tom
🔍 Mapping field: lastName | Excel Column: Last Name | Value: Boss
🔍 Mapping field: email | Excel Column: Email | Value: TBoss@demoqa.com
🔍 Mapping field: currentAddress | Excel Column: Current Address | Value: 304 Town 481, Brookville\n kansas 42129\n United States
🔍 Mapping field: permanentAddress | Excel Column: Address | Value: 514 Grant 481, Prattsville\n Arkansas 72129\n United States
2025-09-08 12:41:23 [main] INFO  DriverFactory - 🌐 Starting Chrome Web Browser...
2025-09-08 12:41:23 [main] INFO  DriverFactory - ✅ Created temporary Chrome profile at C:\Users\dell\AppData\Local\Temp\chrome-profile-17988405513513800185
2025-09-08 12:41:24 [main] INFO  DriverFactory - 🚀 WebDriver started successfully
2025-09-08 12:41:24 [main] INFO  RetryUrlAccess - Navigating to URL (attempt 1): https://demoqa.com
2025-09-08 12:41:42 [main] INFO  demoqaBase - 🚀 Starting test: TextBox
2025-09-08 12:41:42 [main] INFO  demoqaBase - 🧪 Starting Test Elements | Text Box Test...
Instance Variables Declared are: nullnull
2025-09-08 12:41:42 [main] INFO  demoqaBase - Accessing Elements Card...
2025-09-08 12:41:42 [main] INFO  demoqaLog - Clicking on Elements Card...
2025-09-08 12:41:42 [main] WARN  demoqaLog - ⚠️ JS click failed, falling back to native click. Reason: {}
2025-09-08 12:41:42 [main] INFO  demoqaLog - ✅ Native click succeeded on element: {}
2025-09-08 12:41:42 [main] INFO  demoqaLog - Clicked on Elements Card...
Title of this Page is: DEMOQA
You are Accessing: Elements
 
Elements: Please select an item from left to start practice.
2025-09-08 12:41:43 [main] INFO  demoqaBase - Elements: Please select an item from left to start practice.
2025-09-08 12:41:43 [main] INFO  demoqaBase - Accessing Text Box...
Text Box
2025-09-08 12:41:43 [main] INFO  demoqaBase - You are accessing: Text Box
2025-09-08 12:41:43 [main] INFO  demoqaBase - 📝 Filling TextBox form for user: Johny Bravo
2025-09-08 12:41:44 [main] INFO  demoqaBase - ✅ Form filled successfully for: Johny Bravo
2025-09-08 12:41:44 [main] INFO  demoqaLog - ✅ JS click executed on element: {}
2025-09-08 12:41:44 [main] INFO  demoqaBase - 🔍 Validating submitted form for: Johny Bravo
2025-09-08 12:41:44 [main] INFO  demoqaBase - ✅ Validation passed for user: Johny Bravo
2025-09-08 12:41:44 [main] INFO  demoqaBase - ✅ Text Box Element Test Completed...
]]></system-out>
  </testcase>
  <testcase name="TextBox[TextBoxUser{firstName=&apos;Gene&apos;, lastName=&apos;Femina&apos;, email=&apos;GFemina@demoqa.com&apos;, currentAddress=&apos;302 Town 481, Brookville\n kansas 42129\n United States&apos;, permanentAddress=&apos;512 Grant 481, Prattsville\n Arkansas 72129\n United States&apos;}](2)" classname="tests.ElementsTests" time="1.63">
    <system-out><![CDATA[Path for Screenshot is: C:\ASN\eclipse_workspace\demoqa-automation/screenshots/TextBox_Passed+2025-09-08_12-41-44.png
2025-09-08 12:41:44 [main] INFO  demoqaBase - ✅ Test TextBox passed. Screenshot captured.
2025-09-08 12:41:44 [main] INFO  demoqaBase - Closing the Browser for test: TextBox
2025-09-08 12:41:45 [main] INFO  DriverFactory - 🌐 Starting Chrome Web Browser...
2025-09-08 12:41:45 [main] INFO  DriverFactory - ✅ Created temporary Chrome profile at C:\Users\dell\AppData\Local\Temp\chrome-profile-12451638544682215373
2025-09-08 12:41:46 [main] INFO  DriverFactory - 🚀 WebDriver started successfully
2025-09-08 12:41:46 [main] INFO  RetryUrlAccess - Navigating to URL (attempt 1): https://demoqa.com
2025-09-08 12:42:03 [main] INFO  demoqaBase - 🚀 Starting test: TextBox
2025-09-08 12:42:03 [main] INFO  demoqaBase - 🧪 Starting Test Elements | Text Box Test...
Instance Variables Declared are: nullnull
2025-09-08 12:42:03 [main] INFO  demoqaBase - Accessing Elements Card...
2025-09-08 12:42:03 [main] INFO  demoqaLog - Clicking on Elements Card...
2025-09-08 12:42:03 [main] WARN  demoqaLog - ⚠️ JS click failed, falling back to native click. Reason: {}
2025-09-08 12:42:03 [main] INFO  demoqaLog - ✅ Native click succeeded on element: {}
2025-09-08 12:42:03 [main] INFO  demoqaLog - Clicked on Elements Card...
Title of this Page is: DEMOQA
You are Accessing: Elements
 
Elements: Please select an item from left to start practice.
2025-09-08 12:42:03 [main] INFO  demoqaBase - Elements: Please select an item from left to start practice.
2025-09-08 12:42:03 [main] INFO  demoqaBase - Accessing Text Box...
Text Box
2025-09-08 12:42:03 [main] INFO  demoqaBase - You are accessing: Text Box
2025-09-08 12:42:03 [main] INFO  demoqaBase - 📝 Filling TextBox form for user: Gene Femina
2025-09-08 12:42:04 [main] INFO  demoqaBase - ✅ Form filled successfully for: Gene Femina
2025-09-08 12:42:04 [main] INFO  demoqaLog - ✅ JS click executed on element: {}
2025-09-08 12:42:04 [main] INFO  demoqaBase - 🔍 Validating submitted form for: Gene Femina
2025-09-08 12:42:04 [main] INFO  demoqaBase - ✅ Validation passed for user: Gene Femina
2025-09-08 12:42:04 [main] INFO  demoqaBase - ✅ Text Box Element Test Completed...
]]></system-out>
  </testcase>
  <testcase name="TextBox[TextBoxUser{firstName=&apos;Bud&apos;, lastName=&apos;Wisem&apos;, email=&apos;BWisem@demoqa.com&apos;, currentAddress=&apos;303 Town 481, Brookville\n kansas 42129\n United States&apos;, permanentAddress=&apos;513 Grant 481, Prattsville\n Arkansas 72129\n United States&apos;}](3)" classname="tests.ElementsTests" time="1.312">
    <system-out><![CDATA[Path for Screenshot is: C:\ASN\eclipse_workspace\demoqa-automation/screenshots/TextBox_Passed+2025-09-08_12-42-04.png
2025-09-08 12:42:05 [main] INFO  demoqaBase - ✅ Test TextBox passed. Screenshot captured.
2025-09-08 12:42:05 [main] INFO  demoqaBase - Closing the Browser for test: TextBox
2025-09-08 12:42:05 [main] INFO  DriverFactory - 🌐 Starting Chrome Web Browser...
2025-09-08 12:42:05 [main] INFO  DriverFactory - ✅ Created temporary Chrome profile at C:\Users\dell\AppData\Local\Temp\chrome-profile-7169243687931684206
2025-09-08 12:42:06 [main] INFO  DriverFactory - 🚀 WebDriver started successfully
2025-09-08 12:42:06 [main] INFO  RetryUrlAccess - Navigating to URL (attempt 1): https://demoqa.com
2025-09-08 12:42:15 [main] INFO  demoqaBase - 🚀 Starting test: TextBox
2025-09-08 12:42:15 [main] INFO  demoqaBase - 🧪 Starting Test Elements | Text Box Test...
Instance Variables Declared are: nullnull
2025-09-08 12:42:15 [main] INFO  demoqaBase - Accessing Elements Card...
2025-09-08 12:42:15 [main] INFO  demoqaLog - Clicking on Elements Card...
2025-09-08 12:42:16 [main] WARN  demoqaLog - ⚠️ JS click failed, falling back to native click. Reason: {}
2025-09-08 12:42:16 [main] INFO  demoqaLog - ✅ Native click succeeded on element: {}
2025-09-08 12:42:16 [main] INFO  demoqaLog - Clicked on Elements Card...
Title of this Page is: DEMOQA
You are Accessing: Elements
 
Elements: Please select an item from left to start practice.
2025-09-08 12:42:16 [main] INFO  demoqaBase - Elements: Please select an item from left to start practice.
2025-09-08 12:42:16 [main] INFO  demoqaBase - Accessing Text Box...
Text Box
2025-09-08 12:42:16 [main] INFO  demoqaBase - You are accessing: Text Box
2025-09-08 12:42:16 [main] INFO  demoqaBase - 📝 Filling TextBox form for user: Bud Wisem
2025-09-08 12:42:17 [main] INFO  demoqaBase - ✅ Form filled successfully for: Bud Wisem
2025-09-08 12:42:17 [main] INFO  demoqaLog - ✅ JS click executed on element: {}
2025-09-08 12:42:17 [main] INFO  demoqaBase - 🔍 Validating submitted form for: Bud Wisem
2025-09-08 12:42:17 [main] INFO  demoqaBase - ✅ Validation passed for user: Bud Wisem
2025-09-08 12:42:17 [main] INFO  demoqaBase - ✅ Text Box Element Test Completed...
]]></system-out>
  </testcase>
  <testcase name="TextBox[TextBoxUser{firstName=&apos;Tom&apos;, lastName=&apos;Boss&apos;, email=&apos;TBoss@demoqa.com&apos;, currentAddress=&apos;304 Town 481, Brookville\n kansas 42129\n United States&apos;, permanentAddress=&apos;514 Grant 481, Prattsville\n Arkansas 72129\n United States&apos;}](4)" classname="tests.ElementsTests" time="1.536">
    <system-out><![CDATA[Path for Screenshot is: C:\ASN\eclipse_workspace\demoqa-automation/screenshots/TextBox_Passed+2025-09-08_12-42-17.png
2025-09-08 12:42:17 [main] INFO  demoqaBase - ✅ Test TextBox passed. Screenshot captured.
2025-09-08 12:42:17 [main] INFO  demoqaBase - Closing the Browser for test: TextBox
2025-09-08 12:42:17 [main] INFO  DriverFactory - 🌐 Starting Chrome Web Browser...
2025-09-08 12:42:17 [main] INFO  DriverFactory - ✅ Created temporary Chrome profile at C:\Users\dell\AppData\Local\Temp\chrome-profile-918771035179059456
2025-09-08 12:42:18 [main] INFO  DriverFactory - 🚀 WebDriver started successfully
2025-09-08 12:42:18 [main] INFO  RetryUrlAccess - Navigating to URL (attempt 1): https://demoqa.com
2025-09-08 12:42:26 [main] INFO  demoqaBase - 🚀 Starting test: TextBox
2025-09-08 12:42:26 [main] INFO  demoqaBase - 🧪 Starting Test Elements | Text Box Test...
Instance Variables Declared are: nullnull
2025-09-08 12:42:26 [main] INFO  demoqaBase - Accessing Elements Card...
2025-09-08 12:42:26 [main] INFO  demoqaLog - Clicking on Elements Card...
2025-09-08 12:42:26 [main] WARN  demoqaLog - ⚠️ JS click failed, falling back to native click. Reason: {}
2025-09-08 12:42:27 [main] INFO  demoqaLog - ✅ Native click succeeded on element: {}
2025-09-08 12:42:27 [main] INFO  demoqaLog - Clicked on Elements Card...
Title of this Page is: DEMOQA
You are Accessing: Elements
 
Elements: Please select an item from left to start practice.
2025-09-08 12:42:27 [main] INFO  demoqaBase - Elements: Please select an item from left to start practice.
2025-09-08 12:42:27 [main] INFO  demoqaBase - Accessing Text Box...
Text Box
2025-09-08 12:42:27 [main] INFO  demoqaBase - You are accessing: Text Box
2025-09-08 12:42:27 [main] INFO  demoqaBase - 📝 Filling TextBox form for user: Tom Boss
2025-09-08 12:42:28 [main] INFO  demoqaBase - ✅ Form filled successfully for: Tom Boss
2025-09-08 12:42:28 [main] INFO  demoqaLog - ✅ JS click executed on element: {}
2025-09-08 12:42:28 [main] INFO  demoqaBase - 🔍 Validating submitted form for: Tom Boss
2025-09-08 12:42:28 [main] INFO  demoqaBase - ✅ Validation passed for user: Tom Boss
2025-09-08 12:42:28 [main] INFO  demoqaBase - ✅ Text Box Element Test Completed...
]]></system-out>
  </testcase>
  <testcase name="CheckBox" classname="tests.ElementsTests" time="0.515">
    <system-out><![CDATA[Path for Screenshot is: C:\ASN\eclipse_workspace\demoqa-automation/screenshots/TextBox_Passed+2025-09-08_12-42-28.png
2025-09-08 12:42:28 [main] INFO  demoqaBase - ✅ Test TextBox passed. Screenshot captured.
2025-09-08 12:42:28 [main] INFO  demoqaBase - Closing the Browser for test: TextBox
2025-09-08 12:42:29 [main] INFO  DriverFactory - 🌐 Starting Chrome Web Browser...
2025-09-08 12:42:29 [main] INFO  DriverFactory - ✅ Created temporary Chrome profile at C:\Users\dell\AppData\Local\Temp\chrome-profile-13650209329045784669
2025-09-08 12:42:30 [main] INFO  DriverFactory - 🚀 WebDriver started successfully
2025-09-08 12:42:30 [main] INFO  RetryUrlAccess - Navigating to URL (attempt 1): https://demoqa.com
2025-09-08 12:42:51 [main] INFO  demoqaBase - 🚀 Starting test: CheckBox
2025-09-08 12:42:51 [main] INFO  demoqaBase - 🧪 Starting Test Elements | Check Box Test...
Instance Variables Declared are: nullnull
2025-09-08 12:42:51 [main] INFO  demoqaBase - Accessing Elements Card...
2025-09-08 12:42:51 [main] INFO  demoqaLog - Clicking on Elements Card...
2025-09-08 12:42:51 [main] WARN  demoqaLog - ⚠️ JS click failed, falling back to native click. Reason: {}
2025-09-08 12:42:51 [main] INFO  demoqaLog - ✅ Native click succeeded on element: {}
2025-09-08 12:42:51 [main] INFO  demoqaLog - Clicked on Elements Card...
Title of this Page is: DEMOQA
You are Accessing: Elements
 
Elements: Please select an item from left to start practice.
2025-09-08 12:42:51 [main] INFO  demoqaBase - Elements: Please select an item from left to start practice.
2025-09-08 12:42:51 [main] INFO  demoqaBase - Accessing Check Box...
Check Box
2025-09-08 12:42:51 [main] INFO  demoqaBase - You are accessing: Check Box
2025-09-08 12:42:51 [main] INFO  demoqaBase - ✅ Test Elements | Check Box Test Test Completed...
]]></system-out>
  </testcase>
  <testcase name="SelectingHomeCheckBox" classname="tests.ElementsTests" time="0.683">
    <system-out><![CDATA[2025-09-08 12:42:51 [main] INFO  demoqaBase - Closing the Browser for test: CheckBox
2025-09-08 12:42:52 [main] INFO  DriverFactory - 🌐 Starting Chrome Web Browser...
2025-09-08 12:42:52 [main] INFO  DriverFactory - ✅ Created temporary Chrome profile at C:\Users\dell\AppData\Local\Temp\chrome-profile-6059108021732774144
2025-09-08 12:42:53 [main] INFO  DriverFactory - 🚀 WebDriver started successfully
2025-09-08 12:42:53 [main] INFO  RetryUrlAccess - Navigating to URL (attempt 1): https://demoqa.com
2025-09-08 12:43:27 [main] INFO  demoqaBase - 🚀 Starting test: SelectingHomeCheckBox
2025-09-08 12:43:27 [main] INFO  demoqaBase - 🧪 Starting Test Elements | Selecting Home Check Box Test...
Instance Variables Declared are: nullnull
2025-09-08 12:43:27 [main] INFO  demoqaBase - Accessing Elements Card...
2025-09-08 12:43:27 [main] INFO  demoqaLog - Clicking on Elements Card...
2025-09-08 12:43:27 [main] WARN  demoqaLog - ⚠️ JS click failed, falling back to native click. Reason: {}
2025-09-08 12:43:27 [main] INFO  demoqaLog - ✅ Native click succeeded on element: {}
2025-09-08 12:43:27 [main] INFO  demoqaLog - Clicked on Elements Card...
Title of this Page is: DEMOQA
You are Accessing: Elements
 
Elements: Please select an item from left to start practice.
2025-09-08 12:43:28 [main] INFO  demoqaBase - Elements: Please select an item from left to start practice.
2025-09-08 12:43:28 [main] INFO  demoqaBase - Accessing Check Box...
Check Box
2025-09-08 12:43:28 [main] INFO  demoqaBase - You are accessing: Check Box
2025-09-08 12:43:28 [main] INFO  demoqaBase - Selecting Home Check Box...
Information Submitted is: You have selected :
home
desktop
notes
commands
documents
workspace
react
angular
veu
office
public
private
classified
general
downloads
wordFile
excelFile
2025-09-08 12:43:28 [main] INFO  demoqaBase - You have Selected: You have selected :
home
desktop
notes
commands
documents
workspace
react
angular
veu
office
public
private
classified
general
downloads
wordFile
excelFile
2025-09-08 12:43:28 [main] INFO  demoqaBase - ✅ Elements | Selecting Home Test Completed...
]]></system-out>
  </testcase>
  <testcase name="SelectingDesktopCheckBox" classname="tests.ElementsTests" time="0.92">
    <system-out><![CDATA[2025-09-08 12:43:28 [main] INFO  demoqaBase - Closing the Browser for test: SelectingHomeCheckBox
2025-09-08 12:43:28 [main] INFO  DriverFactory - 🌐 Starting Chrome Web Browser...
2025-09-08 12:43:28 [main] INFO  DriverFactory - ✅ Created temporary Chrome profile at C:\Users\dell\AppData\Local\Temp\chrome-profile-6043911946703245458
2025-09-08 12:43:31 [main] INFO  DriverFactory - 🚀 WebDriver started successfully
2025-09-08 12:43:31 [main] INFO  RetryUrlAccess - Navigating to URL (attempt 1): https://demoqa.com
2025-09-08 12:43:41 [main] INFO  demoqaBase - 🚀 Starting test: SelectingDesktopCheckBox
2025-09-08 12:43:41 [main] INFO  demoqaBase - 🧪 Starting Test Elements | Selecting Desktop Check Box Test...
Instance Variables Declared are: nullnull
2025-09-08 12:43:41 [main] INFO  demoqaBase - Accessing Elements Card...
2025-09-08 12:43:41 [main] INFO  demoqaLog - Clicking on Elements Card...
2025-09-08 12:43:41 [main] WARN  demoqaLog - ⚠️ JS click failed, falling back to native click. Reason: {}
2025-09-08 12:43:42 [main] INFO  demoqaLog - ✅ Native click succeeded on element: {}
2025-09-08 12:43:42 [main] INFO  demoqaLog - Clicked on Elements Card...
Title of this Page is: DEMOQA
You are Accessing: Elements
 
Elements: Please select an item from left to start practice.
2025-09-08 12:43:42 [main] INFO  demoqaBase - Elements: Please select an item from left to start practice.
2025-09-08 12:43:42 [main] INFO  demoqaBase - Accessing Check Box...
Check Box
2025-09-08 12:43:42 [main] INFO  demoqaBase - You are accessing: Check Box
2025-09-08 12:43:42 [main] INFO  demoqaBase - Clicking on Home Toggle Button...
2025-09-08 12:43:42 [main] INFO  demoqaBase - Selecting Deskstop Check Box...
Information Submitted is: You have selected :
desktop
notes
commands
2025-09-08 12:43:42 [main] INFO  demoqaBase - You have Selected: You have selected :
desktop
notes
commands
2025-09-08 12:43:42 [main] INFO  demoqaBase - ✅ Elements | Home | Desktop Test Completed...
]]></system-out>
  </testcase>
  <testcase name="SelectingNotesCommandsClick" classname="tests.ElementsTests" time="2.118">
    <failure message="element click intercepted: Element &lt;span class=&quot;rct-checkbox&quot;&gt;...&lt;/span&gt; is not clickable at point (491, 632). Other element would receive the click: &lt;div&gt;...&lt;/div&gt;&#10;  (Session info: chrome=137.0.7151.120)&#10;Build info: version: &apos;4.35.0&apos;, revision: &apos;1c58e5028b&apos;&#10;System info: os.name: &apos;Windows 11&apos;, os.arch: &apos;amd64&apos;, os.version: &apos;10.0&apos;, java.version: &apos;21.0.7&apos;&#10;Driver info: org.openqa.selenium.chrome.ChromeDriver&#10;Command: [ad1c1d57faebe406849318c832ba4f1d, clickElement {id=f.8766C17943D5FE21984A5DCEF7213491.d.3ADC85F28D942F044879C0ECCD9CC9E5.e.41}]&#10;Capabilities {acceptInsecureCerts: false, browserName: chrome, browserVersion: 137.0.7151.120, chrome: {chromedriverVersion: 137.0.7151.119 (e0ac9d12dff..., userDataDir: C:\Users\dell\AppData\Local...}, fedcm:accounts: true, goog:chromeOptions: {debuggerAddress: localhost:50605}, networkConnectionEnabled: false, pageLoadStrategy: normal, platformName: windows, proxy: Proxy(), se:cdp: ws://localhost:50605/devtoo..., se:cdpVersion: 137.0.7151.120, setWindowRect: true, strictFileInteractability: false, timeouts: {implicit: 0, pageLoad: 300000, script: 30000}, unhandledPromptBehavior: dismiss and notify, webauthn:extension:credBlob: true, webauthn:extension:largeBlob: true, webauthn:extension:minPinLength: true, webauthn:extension:prf: true, webauthn:virtualAuthenticators: true}&#10;Element: [[ChromeDriver: chrome on windows (ad1c1d57faebe406849318c832ba4f1d)] -&gt; xpath: //label[@for=&apos;tree-node-commands&apos;]//span[@class=&apos;rct-checkbox&apos;]]&#10;Session ID: ad1c1d57faebe406849318c832ba4f1d" type="org.openqa.selenium.ElementClickInterceptedException"><![CDATA[org.openqa.selenium.ElementClickInterceptedException: 
element click intercepted: Element <span class="rct-checkbox">...</span> is not clickable at point (491, 632). Other element would receive the click: <div>...</div>
  (Session info: chrome=137.0.7151.120)
Build info: version: '4.35.0', revision: '1c58e5028b'
System info: os.name: 'Windows 11', os.arch: 'amd64', os.version: '10.0', java.version: '21.0.7'
Driver info: org.openqa.selenium.chrome.ChromeDriver
Command: [ad1c1d57faebe406849318c832ba4f1d, clickElement {id=f.8766C17943D5FE21984A5DCEF7213491.d.3ADC85F28D942F044879C0ECCD9CC9E5.e.41}]
Capabilities {acceptInsecureCerts: false, browserName: chrome, browserVersion: 137.0.7151.120, chrome: {chromedriverVersion: 137.0.7151.119 (e0ac9d12dff..., userDataDir: C:\Users\dell\AppData\Local...}, fedcm:accounts: true, goog:chromeOptions: {debuggerAddress: localhost:50605}, networkConnectionEnabled: false, pageLoadStrategy: normal, platformName: windows, proxy: Proxy(), se:cdp: ws://localhost:50605/devtoo..., se:cdpVersion: 137.0.7151.120, setWindowRect: true, strictFileInteractability: false, timeouts: {implicit: 0, pageLoad: 300000, script: 30000}, unhandledPromptBehavior: dismiss and notify, webauthn:extension:credBlob: true, webauthn:extension:largeBlob: true, webauthn:extension:minPinLength: true, webauthn:extension:prf: true, webauthn:virtualAuthenticators: true}
Element: [[ChromeDriver: chrome on windows (ad1c1d57faebe406849318c832ba4f1d)] -> xpath: //label[@for='tree-node-commands']//span[@class='rct-checkbox']]
Session ID: ad1c1d57faebe406849318c832ba4f1d
	at java.base/jdk.internal.reflect.DirectConstructorHandleAccessor.newInstance(DirectConstructorHandleAccessor.java:62)
	at java.base/java.lang.reflect.Constructor.newInstanceWithCaller(Constructor.java:502)
	at java.base/java.lang.reflect.Constructor.newInstance(Constructor.java:486)
	at org.openqa.selenium.remote.ErrorCodec.decode(ErrorCodec.java:167)
	at org.openqa.selenium.remote.codec.w3c.W3CHttpResponseCodec.decode(W3CHttpResponseCodec.java:138)
	at org.openqa.selenium.remote.codec.w3c.W3CHttpResponseCodec.decode(W3CHttpResponseCodec.java:50)
	at org.openqa.selenium.remote.HttpCommandExecutor.execute(HttpCommandExecutor.java:215)
	at org.openqa.selenium.remote.service.DriverCommandExecutor.invokeExecute(DriverCommandExecutor.java:216)
	at org.openqa.selenium.remote.service.DriverCommandExecutor.execute(DriverCommandExecutor.java:174)
	at org.openqa.selenium.remote.RemoteWebDriver.execute(RemoteWebDriver.java:557)
	at org.openqa.selenium.remote.RemoteWebElement.execute(RemoteWebElement.java:223)
	at org.openqa.selenium.remote.RemoteWebElement.click(RemoteWebElement.java:76)
	at java.base/jdk.internal.reflect.DirectMethodHandleAccessor.invoke(DirectMethodHandleAccessor.java:103)
	at java.base/java.lang.reflect.Method.invoke(Method.java:580)
	at org.openqa.selenium.support.pagefactory.internal.LocatingElementHandler.invoke(LocatingElementHandler.java:51)
	at jdk.proxy2/jdk.proxy2.$Proxy29.click(Unknown Source)
	at pages.elementsPage.selectNotesCommands(elementsPage.java:465)
	at tests.ElementsTests.SelectingNotesCommandsClick(ElementsTests.java:152)
	at java.base/jdk.internal.reflect.DirectMethodHandleAccessor.invoke(DirectMethodHandleAccessor.java:103)
	at java.base/java.lang.reflect.Method.invoke(Method.java:580)
	at org.testng.internal.invokers.MethodInvocationHelper.invokeMethod(MethodInvocationHelper.java:141)
	at org.testng.internal.invokers.TestInvoker.invokeMethod(TestInvoker.java:687)
	at org.testng.internal.invokers.TestInvoker.invokeTestMethod(TestInvoker.java:230)
	at org.testng.internal.invokers.MethodRunner.runInSequence(MethodRunner.java:63)
	at org.testng.internal.invokers.TestInvoker$MethodInvocationAgent.invoke(TestInvoker.java:995)
	at org.testng.internal.invokers.TestInvoker.invokeTestMethods(TestInvoker.java:203)
	at org.testng.internal.invokers.TestMethodWorker.invokeTestMethods(TestMethodWorker.java:154)
	at org.testng.internal.invokers.TestMethodWorker.run(TestMethodWorker.java:134)
	at java.base/java.util.ArrayList.forEach(ArrayList.java:1596)
	at org.testng.TestRunner.privateRun(TestRunner.java:741)
	at org.testng.TestRunner.run(TestRunner.java:616)
	at org.testng.SuiteRunner.runTest(SuiteRunner.java:421)
	at org.testng.SuiteRunner.runSequentially(SuiteRunner.java:413)
	at org.testng.SuiteRunner.privateRun(SuiteRunner.java:373)
	at org.testng.SuiteRunner.run(SuiteRunner.java:312)
	at org.testng.SuiteRunnerWorker.runSuite(SuiteRunnerWorker.java:52)
	at org.testng.SuiteRunnerWorker.run(SuiteRunnerWorker.java:95)
	at org.testng.TestNG.runSuitesSequentially(TestNG.java:1274)
	at org.testng.TestNG.runSuitesLocally(TestNG.java:1208)
	at org.testng.TestNG.runSuites(TestNG.java:1112)
	at org.testng.TestNG.run(TestNG.java:1079)
	at org.apache.maven.surefire.testng.TestNGExecutor.run(TestNGExecutor.java:155)
	at org.apache.maven.surefire.testng.TestNGDirectoryTestSuite.executeMulti(TestNGDirectoryTestSuite.java:169)
	at org.apache.maven.surefire.testng.TestNGDirectoryTestSuite.execute(TestNGDirectoryTestSuite.java:88)
	at org.apache.maven.surefire.testng.TestNGProvider.invoke(TestNGProvider.java:137)
	at org.apache.maven.surefire.booter.ForkedBooter.runSuitesInProcess(ForkedBooter.java:385)
	at org.apache.maven.surefire.booter.ForkedBooter.execute(ForkedBooter.java:162)
	at org.apache.maven.surefire.booter.ForkedBooter.run(ForkedBooter.java:507)
	at org.apache.maven.surefire.booter.ForkedBooter.main(ForkedBooter.java:495)
]]></failure>
    <system-out><![CDATA[2025-09-08 12:43:42 [main] INFO  demoqaBase - Closing the Browser for test: SelectingDesktopCheckBox
2025-09-08 12:43:43 [main] INFO  DriverFactory - 🌐 Starting Chrome Web Browser...
2025-09-08 12:43:43 [main] INFO  DriverFactory - ✅ Created temporary Chrome profile at C:\Users\dell\AppData\Local\Temp\chrome-profile-1627391812972233070
2025-09-08 12:43:44 [main] INFO  DriverFactory - 🚀 WebDriver started successfully
2025-09-08 12:43:44 [main] INFO  RetryUrlAccess - Navigating to URL (attempt 1): https://demoqa.com
2025-09-08 12:44:03 [main] INFO  demoqaBase - 🚀 Starting test: SelectingNotesCommandsClick
2025-09-08 12:44:03 [main] INFO  demoqaBase - 🧪 Starting Test Elements | Selecting Desktop| Notes & Commands Check Box Test...
Instance Variables Declared are: nullnull
2025-09-08 12:44:03 [main] INFO  demoqaBase - Accessing Elements Card...
2025-09-08 12:44:03 [main] INFO  demoqaLog - Clicking on Elements Card...
2025-09-08 12:44:03 [main] WARN  demoqaLog - ⚠️ JS click failed, falling back to native click. Reason: {}
2025-09-08 12:44:03 [main] INFO  demoqaLog - ✅ Native click succeeded on element: {}
2025-09-08 12:44:03 [main] INFO  demoqaLog - Clicked on Elements Card...
Title of this Page is: DEMOQA
You are Accessing: Elements
 
Elements: Please select an item from left to start practice.
2025-09-08 12:44:04 [main] INFO  demoqaBase - Elements: Please select an item from left to start practice.
2025-09-08 12:44:04 [main] INFO  demoqaBase - Accessing Check Box...
Check Box
2025-09-08 12:44:04 [main] INFO  demoqaBase - You are accessing: Check Box
2025-09-08 12:44:04 [main] INFO  demoqaBase - Clicking on Home Toggle Button...
2025-09-08 12:44:04 [main] INFO  demoqaLog - ✅ JS click executed on element: {}
2025-09-08 12:44:04 [main] INFO  demoqaBase - Clicking on Desktop Toggle Button...
2025-09-08 12:44:04 [main] INFO  demoqaBase - Clicking on Notes Button...
2025-09-08 12:44:04 [main] INFO  demoqaBase - Clicking on Commands Button...
]]></system-out>
  </testcase>
  <testcase name="SelectingDocumentsCheckBox" classname="tests.ElementsTests" time="0.999">
    <system-out><![CDATA[Path for Screenshot is: C:\ASN\eclipse_workspace\demoqa-automation/screenshots/SelectingNotesCommandsClick_Failed+2025-09-08_12-44-05.png
2025-09-08 12:44:06 [main] ERROR demoqaBase - ❌ Test SelectingNotesCommandsClick failed. Screenshot captured.
2025-09-08 12:44:06 [main] INFO  demoqaBase - Closing the Browser for test: SelectingNotesCommandsClick
2025-09-08 12:44:06 [main] INFO  DriverFactory - 🌐 Starting Chrome Web Browser...
2025-09-08 12:44:06 [main] INFO  DriverFactory - ✅ Created temporary Chrome profile at C:\Users\dell\AppData\Local\Temp\chrome-profile-2630883000265498102
2025-09-08 12:44:07 [main] INFO  DriverFactory - 🚀 WebDriver started successfully
2025-09-08 12:44:07 [main] INFO  RetryUrlAccess - Navigating to URL (attempt 1): https://demoqa.com
2025-09-08 12:44:14 [main] INFO  demoqaBase - 🚀 Starting test: SelectingDocumentsCheckBox
2025-09-08 12:44:14 [main] INFO  demoqaBase - 🧪 Starting Test Elements | Selecting Documents Check Box Test...
Instance Variables Declared are: nullnull
2025-09-08 12:44:14 [main] INFO  demoqaBase - Accessing Elements Card...
2025-09-08 12:44:14 [main] INFO  demoqaLog - Clicking on Elements Card...
2025-09-08 12:44:14 [main] WARN  demoqaLog - ⚠️ JS click failed, falling back to native click. Reason: {}
2025-09-08 12:44:15 [main] INFO  demoqaLog - ✅ Native click succeeded on element: {}
2025-09-08 12:44:15 [main] INFO  demoqaLog - Clicked on Elements Card...
Title of this Page is: DEMOQA
You are Accessing: Elements
 
Elements: Please select an item from left to start practice.
2025-09-08 12:44:15 [main] INFO  demoqaBase - Elements: Please select an item from left to start practice.
2025-09-08 12:44:15 [main] INFO  demoqaBase - Accessing Check Box...
Check Box
2025-09-08 12:44:15 [main] INFO  demoqaBase - You are accessing: Check Box
2025-09-08 12:44:15 [main] INFO  demoqaBase - Clicking on Home Toggle Button...
2025-09-08 12:44:15 [main] INFO  demoqaBase - Selecting Documents Check Box...
2025-09-08 12:44:15 [main] INFO  demoqaBase - Selected Documents Check Box...
Information Submitted is: You have selected :
documents
workspace
react
angular
veu
office
public
private
classified
general
2025-09-08 12:44:15 [main] INFO  demoqaBase - You have Selected: You have selected :
documents
workspace
react
angular
veu
office
public
private
classified
general
2025-09-08 12:44:15 [main] INFO  demoqaBase - ✅ Test Elements | Selecting Documents Check Box Test Completed...
]]></system-out>
  </testcase>
  <testcase name="SelectingWorkSpace" classname="tests.ElementsTests" time="0.823">
    <system-out><![CDATA[2025-09-08 12:44:15 [main] INFO  demoqaBase - Closing the Browser for test: SelectingDocumentsCheckBox
2025-09-08 12:44:16 [main] INFO  DriverFactory - 🌐 Starting Chrome Web Browser...
2025-09-08 12:44:16 [main] INFO  DriverFactory - ✅ Created temporary Chrome profile at C:\Users\dell\AppData\Local\Temp\chrome-profile-3502789813305056748
2025-09-08 12:44:17 [main] INFO  DriverFactory - 🚀 WebDriver started successfully
2025-09-08 12:44:17 [main] INFO  RetryUrlAccess - Navigating to URL (attempt 1): https://demoqa.com
2025-09-08 12:44:21 [main] INFO  demoqaBase - 🚀 Starting test: SelectingWorkSpace
2025-09-08 12:44:21 [main] INFO  demoqaBase - 🧪 Starting Test Elements | Home | Selecting Documents | WorkSpace Check Box Test...
Instance Variables Declared are: nullnull
2025-09-08 12:44:21 [main] INFO  demoqaBase - Accessing Elements Card...
2025-09-08 12:44:21 [main] INFO  demoqaLog - Clicking on Elements Card...
2025-09-08 12:44:21 [main] WARN  demoqaLog - ⚠️ JS click failed, falling back to native click. Reason: {}
2025-09-08 12:44:21 [main] INFO  demoqaLog - ✅ Native click succeeded on element: {}
2025-09-08 12:44:21 [main] INFO  demoqaLog - Clicked on Elements Card...
Title of this Page is: DEMOQA
You are Accessing: Elements
 
Elements: Please select an item from left to start practice.
2025-09-08 12:44:21 [main] INFO  demoqaBase - Elements: Please select an item from left to start practice.
2025-09-08 12:44:21 [main] INFO  demoqaBase - Accessing Check Box...
Check Box
2025-09-08 12:44:22 [main] INFO  demoqaBase - You are accessing: Check Box
2025-09-08 12:44:22 [main] INFO  demoqaBase - Clicking on Home Toggle Button...
2025-09-08 12:44:22 [main] INFO  demoqaBase - Clicking on Documents Toggle Button...
2025-09-08 12:44:22 [main] INFO  demoqaBase - Selecting WorkSpace Check Box...
2025-09-08 12:44:22 [main] INFO  demoqaLog - ✅ JS click executed on element: {}
2025-09-08 12:44:22 [main] INFO  demoqaBase - Selected WorkSpace Check Box...
Information Submitted is: You have selected :
workspace
react
angular
veu
2025-09-08 12:44:22 [main] INFO  demoqaBase - You have Selected: You have selected :
workspace
react
angular
veu
2025-09-08 12:44:22 [main] INFO  demoqaBase - ✅ Test Elements | Home | Selecting Documents | WorkSpace Check Box Completed...
]]></system-out>
  </testcase>
  <testcase name="SelectReact" classname="tests.ElementsTests" time="1.124">
    <system-out><![CDATA[2025-09-08 12:44:22 [main] INFO  demoqaBase - Closing the Browser for test: SelectingWorkSpace
2025-09-08 12:44:22 [main] INFO  DriverFactory - 🌐 Starting Chrome Web Browser...
2025-09-08 12:44:22 [main] INFO  DriverFactory - ✅ Created temporary Chrome profile at C:\Users\dell\AppData\Local\Temp\chrome-profile-15751613845651643823
2025-09-08 12:44:23 [main] INFO  DriverFactory - 🚀 WebDriver started successfully
2025-09-08 12:44:23 [main] INFO  RetryUrlAccess - Navigating to URL (attempt 1): https://demoqa.com
2025-09-08 12:44:39 [main] INFO  demoqaBase - 🚀 Starting test: SelectReact
2025-09-08 12:44:39 [main] INFO  demoqaBase - 🧪 Starting Test Elements|Home|Selecting Documents|WorkSpace|React Check Box Test...
[...]
	at org.testng.internal.invokers.TestInvoker.invokeMethod(TestInvoker.java:687)
	at org.testng.internal.invokers.TestInvoker.invokeTestMethod(TestInvoker.java:230)
	at org.testng.internal.invokers.MethodRunner.runInSequence(MethodRunner.java:63)
	at org.testng.internal.invokers.TestInvoker$MethodInvocationAgent.invoke(TestInvoker.java:995)
	at org.testng.internal.invokers.TestInvoker.invokeTestMethods(TestInvoker.java:203)
	at org.testng.internal.invokers.TestMethodWorker.invokeTestMethods(TestMethodWorker.java:154)
	at org.testng.internal.invokers.TestMethodWorker.run(TestMethodWorker.java:134)
	at java.base/java.util.ArrayList.forEach(ArrayList.java:1596)
	at org.testng.TestRunner.privateRun(TestRunner.java:741)
	at org.testng.TestRunner.run(TestRunner.java:616)
	at org.testng.SuiteRunner.runTest(SuiteRunner.java:421)
	at org.testng.SuiteRunner.runSequentially(SuiteRunner.java:413)
	at org.testng.SuiteRunner.privateRun(SuiteRunner.java:373)
	at org.testng.SuiteRunner.run(SuiteRunner.java:312)
	at org.testng.SuiteRunnerWorker.runSuite(SuiteRunnerWorker.java:52)
	at org.testng.SuiteRunnerWorker.run(SuiteRunnerWorker.java:95)
	at org.testng.TestNG.runSuitesSequentially(TestNG.java:1274)
	at org.testng.TestNG.runSuitesLocally(TestNG.java:1208)
	at org.testng.TestNG.runSuites(TestNG.java:1112)
	at org.testng.TestNG.run(TestNG.java:1079)
	at org.apache.maven.surefire.testng.TestNGExecutor.run(TestNGExecutor.java:155)
	at org.apache.maven.surefire.testng.TestNGDirectoryTestSuite.executeMulti(TestNGDirectoryTestSuite.java:169)
	at org.apache.maven.surefire.testng.TestNGDirectoryTestSuite.execute(TestNGDirectoryTestSuite.java:88)
	at org.apache.maven.surefire.testng.TestNGProvider.invoke(TestNGProvider.java:137)
	at org.apache.maven.surefire.booter.ForkedBooter.runSuitesInProcess(ForkedBooter.java:385)
	at org.apache.maven.surefire.booter.ForkedBooter.execute(ForkedBooter.java:162)
	at org.apache.maven.surefire.booter.ForkedBooter.run(ForkedBooter.java:507)
	at org.apache.maven.surefire.booter.ForkedBooter.main(ForkedBooter.java:495)
Caused by: org.openqa.selenium.ElementClickInterceptedException: element click intercepted: Element <div class="auto-complete__option css-yt9ioa-option" id="react-select-3-option-2" tabindex="-1">...</div> is not clickable at point (566, 728). Other element would receive the click: <iframe frameborder="0" src="https://5a186045e694c0e32a88be57c21cf2bb.safeframe.googlesyndication.com/safeframe/1-0-45/html/container.html" id="google_ads_iframe_/21849154601,22343295815/Ad.Plus-Anchor_0" title="3rd party ad content" name="" scrolling="no" marginwidth="0" marginheight="0" width="728" height="90" data-is-safeframe="true" sandbox="allow-forms allow-popups allow-popups-to-escape-sandbox allow-same-origin allow-scripts allow-top-navigation-by-user-activation" allow="private-state-token-redemption;attribution-reporting" aria-label="Advertisement" tabindex="0" data-google-container-id="1" style="border: 0px; vertical-align: bottom;" data-load-complete="true"></iframe>
  (Session info: chrome=137.0.7151.120)
Build info: version: '4.35.0', revision: '1c58e5028b'
System info: os.name: 'Windows 11', os.arch: 'amd64', os.version: '10.0', java.version: '21.0.7'
Driver info: org.openqa.selenium.chrome.ChromeDriver
Command: [c5b678be56a192504eaa77ea2491e9b3, clickElement {id=f.5262CC022A44570486E549D345A2C34D.d.6B532B98353E2E274DE423AD8705B856.e.49}]
Capabilities {acceptInsecureCerts: false, browserName: chrome, browserVersion: 137.0.7151.120, chrome: {chromedriverVersion: 137.0.7151.119 (e0ac9d12dff..., userDataDir: C:\Users\dell\AppData\Local...}, fedcm:accounts: true, goog:chromeOptions: {debuggerAddress: localhost:50272}, networkConnectionEnabled: false, pageLoadStrategy: normal, platformName: windows, proxy: Proxy(), se:cdp: ws://localhost:50272/devtoo..., se:cdpVersion: 137.0.7151.120, setWindowRect: true, strictFileInteractability: false, timeouts: {implicit: 0, pageLoad: 300000, script: 30000}, unhandledPromptBehavior: dismiss and notify, webauthn:extension:credBlob: true, webauthn:extension:largeBlob: true, webauthn:extension:minPinLength: true, webauthn:extension:prf: true, webauthn:virtualAuthenticators: true}
Element: [[ChromeDriver: chrome on windows (c5b678be56a192504eaa77ea2491e9b3)] -> css selector: .auto-complete__option]
Session ID: c5b678be56a192504eaa77ea2491e9b3
	at java.base/jdk.internal.reflect.DirectConstructorHandleAccessor.newInstance(DirectConstructorHandleAccessor.java:62)
	at java.base/java.lang.reflect.Constructor.newInstanceWithCaller(Constructor.java:502)
	at java.base/java.lang.reflect.Constructor.newInstance(Constructor.java:486)
	at org.openqa.selenium.remote.ErrorCodec.decode(ErrorCodec.java:167)
	at org.openqa.selenium.remote.codec.w3c.W3CHttpResponseCodec.decode(W3CHttpResponseCodec.java:138)
	at org.openqa.selenium.remote.codec.w3c.W3CHttpResponseCodec.decode(W3CHttpResponseCodec.java:50)
	at org.openqa.selenium.remote.HttpCommandExecutor.execute(HttpCommandExecutor.java:215)
	at org.openqa.selenium.remote.service.DriverCommandExecutor.invokeExecute(DriverCommandExecutor.java:216)
	at org.openqa.selenium.remote.service.DriverCommandExecutor.execute(DriverCommandExecutor.java:174)
	at org.openqa.selenium.remote.RemoteWebDriver.execute(RemoteWebDriver.java:557)
	at org.openqa.selenium.remote.RemoteWebElement.execute(RemoteWebElement.java:223)
	at org.openqa.selenium.remote.RemoteWebElement.click(RemoteWebElement.java:76)
	at pages.WidgetsPage.selectColorSingle(WidgetsPage.java:431)
	... 33 more
]]></failure>
    <system-out><![CDATA[2025-09-08 13:09:45 [main] INFO  demoqaBase - Closing the Browser for test: AutoCompleteSearchRemove
2025-09-08 13:09:45 [main] INFO  DriverFactory - 🌐 Starting Chrome Web Browser...
2025-09-08 13:09:45 [main] INFO  DriverFactory - ✅ Created temporary Chrome profile at C:\Users\dell\AppData\Local\Temp\chrome-profile-13425757418864692655
2025-09-08 13:09:46 [main] INFO  DriverFactory - 🚀 WebDriver started successfully
2025-09-08 13:09:46 [main] INFO  RetryUrlAccess - Navigating to URL (attempt 1): https://demoqa.com
2025-09-08 13:10:02 [main] INFO  demoqaBase - 🚀 Starting test: AutoCompleteSingle
2025-09-08 13:10:02 [main] INFO  demoqaBase - 🧪 Starting Test Widgets|Auto Complete - Select & Remove Flow|Type single color name - Search & Select
2025-09-08 13:10:02 [main] INFO  demoqaBase - Accessing Widgets Card...
Declared Instance WebDriverWait: org.openqa.selenium.support.ui.WebDriverWait@593bd947
2025-09-08 13:10:02 [main] INFO  demoqaLog - Clicking on Widgets Card...
2025-09-08 13:10:02 [main] INFO  demoqaLog - ✅ JS click executed on element: {}
2025-09-08 13:10:02 [main] INFO  demoqaLog - Clicked on on Widgets Card...
Title of this Page is: DEMOQA
You are Accessing: Widgets
 
2025-09-08 13:10:02 [main] INFO  demoqaBase - Widgets: Please select an item from left to start practice.
2025-09-08 13:10:02 [main] INFO  demoqaBase - Clicking on Widgets|AutoComplete...
You are now Accessing: Auto Complete
2025-09-08 13:10:03 [main] INFO  demoqaBase - You are now Accessing: Auto Complete
2025-09-08 13:10:03 [main] INFO  demoqaBase - Clicking on Widgets | Auto Complete | Type single color name...
Searching Colors using: E
Expected Color to be selected is/are: Green
2025-09-08 13:10:03 [main] INFO  demoqaBase - You are now Accessing: Auto Complete
2025-09-08 13:10:03 [main] INFO  demoqaLog - ✅ JS click executed on element: {}
2025-09-08 13:10:03 [main] INFO  demoqaBase - Clicked on Search Box with Title: Type single color name
2025-09-08 13:10:05 [main] ERROR demoqaBase - ❌ Failed to select color 'Green': element click intercepted: Element <div class="auto-complete__option css-yt9ioa-option" id="react-select-3-option-2" tabindex="-1">...</div> is not clickable at point (566, 728). Other element would receive the click: <iframe frameborder="0" src="https://5a186045e694c0e32a88be57c21cf2bb.safeframe.googlesyndication.com/safeframe/1-0-45/html/container.html" id="google_ads_iframe_/21849154601,22343295815/Ad.Plus-Anchor_0" title="3rd party ad content" name="" scrolling="no" marginwidth="0" marginheight="0" width="728" height="90" data-is-safeframe="true" sandbox="allow-forms allow-popups allow-popups-to-escape-sandbox allow-same-origin allow-scripts allow-top-navigation-by-user-activation" allow="private-state-token-redemption;attribution-reporting" aria-label="Advertisement" tabindex="0" data-google-container-id="1" style="border: 0px; vertical-align: bottom;" data-load-complete="true"></iframe>
  (Session info: chrome=137.0.7151.120)
Build info: version: '4.35.0', revision: '1c58e5028b'
System info: os.name: 'Windows 11', os.arch: 'amd64', os.version: '10.0', java.version: '21.0.7'
Driver info: org.openqa.selenium.chrome.ChromeDriver
Command: [c5b678be56a192504eaa77ea2491e9b3, clickElement {id=f.5262CC022A44570486E549D345A2C34D.d.6B532B98353E2E274DE423AD8705B856.e.49}]
Capabilities {acceptInsecureCerts: false, browserName: chrome, browserVersion: 137.0.7151.120, chrome: {chromedriverVersion: 137.0.7151.119 (e0ac9d12dff..., userDataDir: C:\Users\dell\AppData\Local...}, fedcm:accounts: true, goog:chromeOptions: {debuggerAddress: localhost:50272}, networkConnectionEnabled: false, pageLoadStrategy: normal, platformName: windows, proxy: Proxy(), se:cdp: ws://localhost:50272/devtoo..., se:cdpVersion: 137.0.7151.120, setWindowRect: true, strictFileInteractability: false, timeouts: {implicit: 0, pageLoad: 300000, script: 30000}, unhandledPromptBehavior: dismiss and notify, webauthn:extension:credBlob: true, webauthn:extension:largeBlob: true, webauthn:extension:minPinLength: true, webauthn:extension:prf: true, webauthn:virtualAuthenticators: true}
Element: [[ChromeDriver: chrome on windows (c5b678be56a192504eaa77ea2491e9b3)] -> css selector: .auto-complete__option]
Session ID: c5b678be56a192504eaa77ea2491e9b3
org.openqa.selenium.ElementClickInterceptedException: element click intercepted: Element <div class="auto-complete__option css-yt9ioa-option" id="react-select-3-option-2" tabindex="-1">...</div> is not clickable at point (566, 728). Other element would receive the click: <iframe frameborder="0" src="https://5a186045e694c0e32a88be57c21cf2bb.safeframe.googlesyndication.com/safeframe/1-0-45/html/container.html" id="google_ads_iframe_/21849154601,22343295815/Ad.Plus-Anchor_0" title="3rd party ad content" name="" scrolling="no" marginwidth="0" marginheight="0" width="728" height="90" data-is-safeframe="true" sandbox="allow-forms allow-popups allow-popups-to-escape-sandbox allow-same-origin allow-scripts allow-top-navigation-by-user-activation" allow="private-state-token-redemption;attribution-reporting" aria-label="Advertisement" tabindex="0" data-google-container-id="1" style="border: 0px; vertical-align: bottom;" data-load-complete="true"></iframe>
  (Session info: chrome=137.0.7151.120)
Build info: version: '4.35.0', revision: '1c58e5028b'
System info: os.name: 'Windows 11', os.arch: 'amd64', os.version: '10.0', java.version: '21.0.7'
Driver info: org.openqa.selenium.chrome.ChromeDriver
Command: [c5b678be56a192504eaa77ea2491e9b3, clickElement {id=f.5262CC022A44570486E549D345A2C34D.d.6B532B98353E2E274DE423AD8705B856.e.49}]
Capabilities {acceptInsecureCerts: false, browserName: chrome, browserVersion: 137.0.7151.120, chrome: {chromedriverVersion: 137.0.7151.119 (e0ac9d12dff..., userDataDir: C:\Users\dell\AppData\Local...}, fedcm:accounts: true, goog:chromeOptions: {debuggerAddress: localhost:50272}, networkConnectionEnabled: false, pageLoadStrategy: normal, platformName: windows, proxy: Proxy(), se:cdp: ws://localhost:50272/devtoo..., se:cdpVersion: 137.0.7151.120, setWindowRect: true, strictFileInteractability: false, timeouts: {implicit: 0, pageLoad: 300000, script: 30000}, unhandledPromptBehavior: dismiss and notify, webauthn:extension:credBlob: true, webauthn:extension:largeBlob: true, webauthn:extension:minPinLength: true, webauthn:extension:prf: true, webauthn:virtualAuthenticators: true}
Element: [[ChromeDriver: chrome on windows (c5b678be56a192504eaa77ea2491e9b3)] -> css selector: .auto-complete__option]
Session ID: c5b678be56a192504eaa77ea2491e9b3
	at java.base/jdk.internal.reflect.DirectConstructorHandleAccessor.newInstance(DirectConstructorHandleAccessor.java:62) ~[?:?]
	at java.base/java.lang.reflect.Constructor.newInstanceWithCaller(Constructor.java:502) ~[?:?]
	at java.base/java.lang.reflect.Constructor.newInstance(Constructor.java:486) ~[?:?]
	at org.openqa.selenium.remote.ErrorCodec.decode(ErrorCodec.java:167) ~[selenium-remote-driver-4.35.0.jar:?]
	at org.openqa.selenium.remote.codec.w3c.W3CHttpResponseCodec.decode(W3CHttpResponseCodec.java:138) ~[selenium-remote-driver-4.35.0.jar:?]
	at org.openqa.selenium.remote.codec.w3c.W3CHttpResponseCodec.decode(W3CHttpResponseCodec.java:50) ~[selenium-remote-driver-4.35.0.jar:?]
	at org.openqa.selenium.remote.HttpCommandExecutor.execute(HttpCommandExecutor.java:215) ~[selenium-remote-driver-4.35.0.jar:?]
	at org.openqa.selenium.remote.service.DriverCommandExecutor.invokeExecute(DriverCommandExecutor.java:216) ~[selenium-remote-driver-4.35.0.jar:?]
	at org.openqa.selenium.remote.service.DriverCommandExecutor.execute(DriverCommandExecutor.java:174) ~[selenium-remote-driver-4.35.0.jar:?]
	at org.openqa.selenium.remote.RemoteWebDriver.execute(RemoteWebDriver.java:557) ~[selenium-remote-driver-4.35.0.jar:?]
	at org.openqa.selenium.remote.RemoteWebElement.execute(RemoteWebElement.java:223) ~[selenium-remote-driver-4.35.0.jar:?]
	at org.openqa.selenium.remote.RemoteWebElement.click(RemoteWebElement.java:76) ~[selenium-remote-driver-4.35.0.jar:?]
	at pages.WidgetsPage.selectColorSingle(WidgetsPage.java:431) ~[classes/:?]
	at pages.WidgetsPage.singleSearchAdd(WidgetsPage.java:411) ~[classes/:?]
	at tests.WidgetsTests.AutoCompleteSingle(WidgetsTests.java:168) ~[test-classes/:?]
	at java.base/jdk.internal.reflect.DirectMethodHandleAccessor.invoke(DirectMethodHandleAccessor.java:103) ~[?:?]
	at java.base/java.lang.reflect.Method.invoke(Method.java:580) ~[?:?]
	at org.testng.internal.invokers.MethodInvocationHelper.invokeMethod(MethodInvocationHelper.java:141) ~[testng-7.11.0.jar:7.11.0]
	at org.testng.internal.invokers.TestInvoker.invokeMethod(TestInvoker.java:687) ~[testng-7.11.0.jar:7.11.0]
	at org.testng.internal.invokers.TestInvoker.invokeTestMethod(TestInvoker.java:230) ~[testng-7.11.0.jar:7.11.0]
	at org.testng.internal.invokers.MethodRunner.runInSequence(MethodRunner.java:63) ~[testng-7.11.0.jar:7.11.0]
	at org.testng.internal.invokers.TestInvoker$MethodInvocationAgent.invoke(TestInvoker.java:995) ~[testng-7.11.0.jar:7.11.0]
	at org.testng.internal.invokers.TestInvoker.invokeTestMethods(TestInvoker.java:203) ~[testng-7.11.0.jar:7.11.0]
	at org.testng.internal.invokers.TestMethodWorker.invokeTestMethods(TestMethodWorker.java:154) ~[testng-7.11.0.jar:7.11.0]
	at org.testng.internal.invokers.TestMethodWorker.run(TestMethodWorker.java:134) ~[testng-7.11.0.jar:7.11.0]
	at java.base/java.util.ArrayList.forEach(ArrayList.java:1596) [?:?]
	at org.testng.TestRunner.privateRun(TestRunner.java:741) [testng-7.11.0.jar:7.11.0]
	at org.testng.TestRunner.run(TestRunner.java:616) [testng-7.11.0.jar:7.11.0]
	at org.testng.SuiteRunner.runTest(SuiteRunner.java:421) [testng-7.11.0.jar:7.11.0]
	at org.testng.SuiteRunner.runSequentially(SuiteRunner.java:413) [testng-7.11.0.jar:7.11.0]
	at org.testng.SuiteRunner.privateRun(SuiteRunner.java:373) [testng-7.11.0.jar:7.11.0]
	at org.testng.SuiteRunner.run(SuiteRunner.java:312) [testng-7.11.0.jar:7.11.0]
	at org.testng.SuiteRunnerWorker.runSuite(SuiteRunnerWorker.java:52) [testng-7.11.0.jar:7.11.0]
	at org.testng.SuiteRunnerWorker.run(SuiteRunnerWorker.java:95) [testng-7.11.0.jar:7.11.0]
	at org.testng.TestNG.runSuitesSequentially(TestNG.java:1274) [testng-7.11.0.jar:7.11.0]
	at org.testng.TestNG.runSuitesLocally(TestNG.java:1208) [testng-7.11.0.jar:7.11.0]
	at org.testng.TestNG.runSuites(TestNG.java:1112) [testng-7.11.0.jar:7.11.0]
	at org.testng.TestNG.run(TestNG.java:1079) [testng-7.11.0.jar:7.11.0]
	at org.apache.maven.surefire.testng.TestNGExecutor.run(TestNGExecutor.java:155) [surefire-testng-3.2.5.jar:3.2.5]
	at org.apache.maven.surefire.testng.TestNGDirectoryTestSuite.executeMulti(TestNGDirectoryTestSuite.java:169) [surefire-testng-3.2.5.jar:3.2.5]
	at org.apache.maven.surefire.testng.TestNGDirectoryTestSuite.execute(TestNGDirectoryTestSuite.java:88) [surefire-testng-3.2.5.jar:3.2.5]
	at org.apache.maven.surefire.testng.TestNGProvider.invoke(TestNGProvider.java:137) [surefire-testng-3.2.5.jar:3.2.5]
	at org.apache.maven.surefire.booter.ForkedBooter.runSuitesInProcess(ForkedBooter.java:385) [surefire-booter-3.2.5.jar:3.2.5]
	at org.apache.maven.surefire.booter.ForkedBooter.execute(ForkedBooter.java:162) [surefire-booter-3.2.5.jar:3.2.5]
	at org.apache.maven.surefire.booter.ForkedBooter.run(ForkedBooter.java:507) [surefire-booter-3.2.5.jar:3.2.5]
	at org.apache.maven.surefire.booter.ForkedBooter.main(ForkedBooter.java:495) [surefire-booter-3.2.5.jar:3.2.5]
]]></system-out>
  </testcase>
  <testcase name="SingleAddRemove[E, Green](1)" classname="tests.WidgetsTests" time="1.721">
    <system-out><![CDATA[Path for Screenshot is: C:\ASN\eclipse_workspace\demoqa-automation/screenshots/AutoCompleteSingle_Failed+2025-09-08_13-10-05.png
2025-09-08 13:10:05 [main] ERROR demoqaBase - ❌ Test AutoCompleteSingle failed. Screenshot captured.
2025-09-08 13:10:05 [main] INFO  demoqaBase - Closing the Browser for test: AutoCompleteSingle
2025-09-08 13:10:05 [main] INFO  DriverFactory - 🌐 Starting Chrome Web Browser...
2025-09-08 13:10:05 [main] INFO  DriverFactory - ✅ Created temporary Chrome profile at C:\Users\dell\AppData\Local\Temp\chrome-profile-16240662828516350446
2025-09-08 13:10:06 [main] INFO  DriverFactory - 🚀 WebDriver started successfully
2025-09-08 13:10:06 [main] INFO  RetryUrlAccess - Navigating to URL (attempt 1): https://demoqa.com
2025-09-08 13:10:25 [main] INFO  demoqaBase - 🚀 Starting test: SingleAddRemove
2025-09-08 13:10:25 [main] INFO  demoqaBase - 🧪 Test Widgets|Auto Complete - Select & Remove Flow|Type single color name - Remove Selection
2025-09-08 13:10:25 [main] INFO  demoqaBase - Accessing Widgets Card...
Declared Instance WebDriverWait: org.openqa.selenium.support.ui.WebDriverWait@fe03958
2025-09-08 13:10:25 [main] INFO  demoqaLog - Clicking on Widgets Card...
2025-09-08 13:10:25 [main] INFO  demoqaLog - ✅ JS click executed on element: {}
2025-09-08 13:10:25 [main] INFO  demoqaLog - Clicked on on Widgets Card...
Title of this Page is: DEMOQA
You are Accessing: Widgets
 
2025-09-08 13:10:25 [main] INFO  demoqaBase - Widgets: Please select an item from left to start practice.
2025-09-08 13:10:25 [main] INFO  demoqaBase - Clicking on Widgets|AutoComplete...
You are now Accessing: Auto Complete
2025-09-08 13:10:25 [main] INFO  demoqaBase - You are now Accessing: Auto Complete
2025-09-08 13:10:25 [main] INFO  demoqaBase - Clicking on Widgets | Auto Complete | Type single color name...
Searching Colors using: E
Expected Color to be selected is/are: Green
2025-09-08 13:10:25 [main] INFO  demoqaBase - You are now Accessing: Auto Complete
2025-09-08 13:10:25 [main] INFO  demoqaLog - ✅ JS click executed on element: {}
2025-09-08 13:10:25 [main] INFO  demoqaBase - Clicked on Search Box with Title: Type single color name
2025-09-08 13:10:26 [main] INFO  demoqaBase - ✅ Selected color 'Green'
2025-09-08 13:10:26 [main] INFO  demoqaBase - Asserted Selected Color is: Green
2025-09-08 13:10:26 [main] INFO  demoqaBase - 🔍 Checking selected color. Current value: 'Green'
2025-09-08 13:10:26 [main] INFO  demoqaBase - ✅ Native click succeeded on 'AutoCompleteSingle'
2025-09-08 13:10:26 [main] INFO  demoqaBase - ✅ Cleared color input for 'Green'
2025-09-08 13:10:26 [main] INFO  demoqaBase - ✅ Test Widgets|Auto Complete - Select & Remove Flow|Type single color name - Remove Selection Completed
]]></system-out>
  </testcase>
</testsuite>