<?xml version="1.0" encoding="UTF-8"?>
<testng-results ignored="0" total="123" passed="121" failed="2" skipped="0">
  <reporter-output>
  </reporter-output>
  <suite started-at="2025-09-12T19:17:20 IST" name="Surefire suite" finished-at="2025-09-12T21:33:17 IST" duration-ms="8156238">
    <groups>
    </groups>
    <test started-at="2025-09-12T19:17:20 IST" name="Surefire test" finished-at="2025-09-12T21:33:17 IST" duration-ms="8156238">
      <class name="tests.FormTests">
        <test-method is-config="true" signature="setup(java.lang.reflect.Method)[pri:0, instance:tests.FormTests@7164ca4c]" started-at="2025-09-12T20:51:22 IST" name="setup" finished-at="2025-09-12T20:52:26 IST" duration-ms="64620" status="PASS">
          <params>
            <param index="0">
              <value>
                <![CDATA[public void tests.FormTests.FormsCard()]]>
              </value>
            </param>
          </params>
          <reporter-output>
          </reporter-output>
        </test-method> <!-- setup -->
        <test-method signature="FormsCard()[pri:1, instance:tests.FormTests@7164ca4c]" started-at="2025-09-12T20:52:26 IST" name="FormsCard" finished-at="2025-09-12T20:52:27 IST" duration-ms="876" status="PASS">
          <reporter-output>
          </reporter-output>
        </test-method> <!-- FormsCard -->
        <test-method is-config="true" signature="tearDown(org.testng.ITestResult)[pri:0, instance:tests.FormTests@7164ca4c]" started-at="2025-09-12T20:52:27 IST" name="tearDown" finished-at="2025-09-12T20:52:27 IST" duration-ms="308" status="PASS">
          <params>
            <param index="0">
              <value>
                <![CDATA[[TestResult name=FormsCard status=SUCCESS method=FormTests.FormsCard()[pri:1, instance:tests.FormTests@7164ca4c] output={null}]]]>
              </value>
            </param>
          </params>
          <reporter-output>
          </reporter-output>
        </test-method> <!-- tearDown -->
        <test-method is-config="true" signature="setup(java.lang.reflect.Method)[pri:0, instance:tests.FormTests@7164ca4c]" started-at="2025-09-12T20:52:27 IST" name="setup" finished-at="2025-09-12T20:53:32 IST" duration-ms="64841" status="PASS">
          <params>
            <param index="0">
              <value>
                <![CDATA[public void tests.FormTests.FormButton()]]>
              </value>
            </param>
          </params>
          <reporter-output>
          </reporter-output>
        </test-method> <!-- setup -->
        <test-method signature="FormButton()[pri:2, instance:tests.FormTests@7164ca4c]" started-at="2025-09-12T20:53:32 IST" name="FormButton" finished-at="2025-09-12T20:53:33 IST" duration-ms="384" status="PASS">
          <reporter-output>
          </reporter-output>
        </test-method> <!-- FormButton -->
        <test-method is-config="true" signature="tearDown(org.testng.ITestResult)[pri:0, instance:tests.FormTests@7164ca4c]" started-at="2025-09-12T20:53:33 IST" name="tearDown" finished-at="2025-09-12T20:53:33 IST" duration-ms="266" status="PASS">
          <params>
            <param index="0">
              <value>
                <![CDATA[[TestResult name=FormButton status=SUCCESS method=FormTests.FormButton()[pri:2, instance:tests.FormTests@7164ca4c] output={null}]]]>
              </value>
            </param>
          </params>
          <reporter-output>
          </reporter-output>
        </test-method> <!-- tearDown -->
        <test-method is-config="true" signature="setup(java.lang.reflect.Method)[pri:0, instance:tests.FormTests@7164ca4c]" started-at="2025-09-12T20:53:33 IST" name="setup" finished-at="2025-09-12T20:54:38 IST" duration-ms="64611" status="PASS">
          <params>
            <param index="0">
              <value>
                <![CDATA[public void tests.FormTests.fillForm(models.UserFormData)]]>
              </value>
            </param>
          </params>
          <reporter-output>
          </reporter-output>
        </test-method> <!-- setup -->
        <test-method signature="fillForm(models.UserFormData)[pri:3, instance:tests.FormTests@7164ca4c]" started-at="2025-09-12T20:54:38 IST" name="fillForm" data-provider="UserFormData" finished-at="2025-09-12T20:54:46 IST" duration-ms="8668" status="PASS">
          <params>
            <param index="0">
              <value>
                <![CDATA[UserFormData{firstName='Johny', lastName='Bravo', userMail='Jbravo@demoqa.com', gender='Male', mobile='9.238343488E9', dob='15/08/2000', subject='Computer Science', hobbies='Sports,Music', picturePath='/TestData/Mphoto.jpg', address='511 Grant 481, Prattsville\n Arkansas 72129\n United States', state='NCR', city='Delhi'}]]>
              </value>
            </param>
          </params>
          <reporter-output>
          </reporter-output>
        </test-method> <!-- fillForm -->
        <test-method is-config="true" signature="tearDown(org.testng.ITestResult)[pri:0, instance:tests.FormTests@7164ca4c]" started-at="2025-09-12T20:54:46 IST" name="tearDown" finished-at="2025-09-12T20:54:47 IST" duration-ms="445" status="PASS">
          <params>
            <param index="0">
              <value>
                <![CDATA[[TestResult name=fillForm status=SUCCESS method=FormTests.fillForm(models.UserFormData)[pri:3, instance:tests.FormTests@7164ca4c] output={null}]]]>
              </value>
            </param>
          </params>
          <reporter-output>
          </reporter-output>
        </test-method> <!-- tearDown -->
        <test-method is-config="true" signature="setup(java.lang.reflect.Method)[pri:0, instance:tests.FormTests@7164ca4c]" started-at="2025-09-12T20:54:47 IST" name="setup" finished-at="2025-09-12T20:55:22 IST" duration-ms="35295" status="PASS">
          <params>
            <param index="0">
              <value>
                <![CDATA[public void tests.FormTests.fillForm(models.UserFormData)]]>
              </value>
            </param>
          </params>
          <reporter-output>
          </reporter-output>
        </test-method> <!-- setup -->
        <test-method signature="fillForm(models.UserFormData)[pri:3, instance:tests.FormTests@7164ca4c]" started-at="2025-09-12T20:55:22 IST" name="fillForm" data-provider="UserFormData" finished-at="2025-09-12T20:55:30 IST" duration-ms="8091" status="PASS">
          <params>
            <param index="0">
              <value>
                <![CDATA[UserFormData{firstName='Gene', lastName='Femina', userMail='GFemina@demoqa.com', gender='Female', mobile='1.888343432E9', dob='22/05/2002', subject='Accounting', hobbies='Music,Reading', picturePath='/TestData/Fphoto.png', address='512 Grant 481, Prattsville\n Arkansas 72129\n United States', state='Uttar Pradesh', city='Merrut'}]]>
              </value>
            </param>
          </params>
          <reporter-output>
          </reporter-output>
        </test-method> <!-- fillForm -->
        <test-method is-config="true" signature="tearDown(org.testng.ITestResult)[pri:0, instance:tests.FormTests@7164ca4c]" started-at="2025-09-12T20:55:30 IST" name="tearDown" finished-at="2025-09-12T20:55:31 IST" duration-ms="447" status="PASS">
          <params>
            <param index="0">
              <value>
                <![CDATA[[TestResult name=fillForm status=SUCCESS method=FormTests.fillForm(models.UserFormData)[pri:3, instance:tests.FormTests@7164ca4c] output={null}]]]>
              </value>
            </param>
          </params>
          <reporter-output>
          </reporter-output>
        </test-method> <!-- tearDown -->
        <test-method is-config="true" signature="setup(java.lang.reflect.Method)[pri:0, instance:tests.FormTests@7164ca4c]" started-at="2025-09-12T20:55:31 IST" name="setup" finished-at="2025-09-12T20:55:55 IST" duration-ms="24561" status="PASS">
          <params>
            <param index="0">
              <value>
                <![CDATA[public void tests.FormTests.fillForm(models.UserFormData)]]>
              </value>
            </param>
          </params>
          <reporter-output>
          </reporter-output>
        </test-method> <!-- setup -->
        <test-method signature="fillForm(models.UserFormData)[pri:3, instance:tests.FormTests@7164ca4c]" started-at="2025-09-12T20:55:55 IST" name="fillForm" data-provider="UserFormData" finished-at="2025-09-12T20:56:04 IST" duration-ms="8467" status="PASS">
          <params>
            <param index="0">
              <value>
                <![CDATA[UserFormData{firstName='Bud', lastName='Wisem', userMail='BWisem@demoqa.com', gender='Other', mobile='8.932465432E9', dob='31/12/1999', subject='Biology', hobbies='Reading', picturePath='/TestData/Ophoto.jpg', address='513 Grant 481, Prattsville\n Arkansas 72129\n United States', state='Haryana', city='Panipat'}]]>
              </value>
            </param>
          </params>
          <reporter-output>
          </reporter-output>
        </test-method> <!-- fillForm -->
        <test-method is-config="true" signature="tearDown(org.testng.ITestResult)[pri:0, instance:tests.FormTests@7164ca4c]" started-at="2025-09-12T20:56:04 IST" name="tearDown" finished-at="2025-09-12T20:56:04 IST" duration-ms="493" status="PASS">
          <params>
            <param index="0">
              <value>
                <![CDATA[[TestResult name=fillForm status=SUCCESS method=FormTests.fillForm(models.UserFormData)[pri:3, instance:tests.FormTests@7164ca4c] output={null}]]]>
              </value>
            </param>
          </params>
          <reporter-output>
          </reporter-output>
        </test-method> <!-- tearDown -->
        <test-method is-config="true" signature="setup(java.lang.reflect.Method)[pri:0, instance:tests.FormTests@7164ca4c]" started-at="2025-09-12T20:56:04 IST" name="setup" finished-at="2025-09-12T20:57:09 IST" duration-ms="64572" status="PASS">
          <params>
            <param index="0">
              <value>
                <![CDATA[public void tests.FormTests.fillForm(models.UserFormData)]]>
              </value>
            </param>
          </params>
          <reporter-output>
          </reporter-output>
        </test-method> <!-- setup -->
        <test-method signature="fillForm(models.UserFormData)[pri:3, instance:tests.FormTests@7164ca4c]" started-at="2025-09-12T20:57:09 IST" name="fillForm" data-provider="UserFormData" finished-at="2025-09-12T20:57:18 IST" duration-ms="9482" status="PASS">
          <params>
            <param index="0">
              <value>
                <![CDATA[UserFormData{firstName='Tom', lastName='Boss', userMail='TBoss@demoqa.com', gender='Male', mobile='7.839875281E9', dob='1/26/03', subject='Social Studies', hobbies='Sports,Reading', picturePath='/TestData/M2photo.jpg', address='514 Grant 481, Prattsville\n Arkansas 72129\n United States', state='Rajasthan', city='Jaiselmer'}]]>
              </value>
            </param>
          </params>
          <reporter-output>
          </reporter-output>
        </test-method> <!-- fillForm -->
        <test-method is-config="true" signature="tearDown(org.testng.ITestResult)[pri:0, instance:tests.FormTests@7164ca4c]" started-at="2025-09-12T20:57:18 IST" name="tearDown" finished-at="2025-09-12T20:57:19 IST" duration-ms="486" status="PASS">
          <params>
            <param index="0">
              <value>
                <![CDATA[[TestResult name=fillForm status=SUCCESS method=FormTests.fillForm(models.UserFormData)[pri:3, instance:tests.FormTests@7164ca4c] output={null}]]]>
              </value>
            </param>
          </params>
          <reporter-output>
          </reporter-output>
        </test-method> <!-- tearDown -->
      </class> <!-- tests.FormTests -->
      <class name="tests.WidgetsTests">
        <test-method is-config="true" signature="setup(java.lang.reflect.Method)[pri:0, instance:tests.WidgetsTests@4f3bbf68]" started-at="2025-09-12T20:57:19 IST" name="setup" finished-at="2025-09-12T20:58:06 IST" duration-ms="47138" status="PASS">
          <params>
            <param index="0">
              <value>
                <![CDATA[public void tests.WidgetsTests.accessWidgets()]]>
              </value>
            </param>
          </params>
          <reporter-output>
          </reporter-output>
        </test-method> <!-- setup -->
        <test-method signature="accessWidgets()[pri:1, instance:tests.WidgetsTests@4f3bbf68]" started-at="2025-09-12T20:58:06 IST" name="accessWidgets" finished-at="2025-09-12T20:58:06 IST" duration-ms="247" status="PASS">
          <reporter-output>
          </reporter-output>
        </test-method> <!-- accessWidgets -->
        <test-method is-config="true" signature="tearDown(org.testng.ITestResult)[pri:0, instance:tests.WidgetsTests@4f3bbf68]" started-at="2025-09-12T20:58:06 IST" name="tearDown" finished-at="2025-09-12T20:58:06 IST" duration-ms="263" status="PASS">
          <params>
            <param index="0">
              <value>
                <![CDATA[[TestResult name=accessWidgets status=SUCCESS method=WidgetsTests.accessWidgets()[pri:1, instance:tests.WidgetsTests@4f3bbf68] output={null}]]]>
              </value>
            </param>
          </params>
          <reporter-output>
          </reporter-output>
        </test-method> <!-- tearDown -->
        <test-method is-config="true" signature="setup(java.lang.reflect.Method)[pri:0, instance:tests.WidgetsTests@4f3bbf68]" started-at="2025-09-12T20:58:06 IST" name="setup" finished-at="2025-09-12T20:58:42 IST" duration-ms="35648" status="PASS">
          <params>
            <param index="0">
              <value>
                <![CDATA[public void tests.WidgetsTests.Accordian()]]>
              </value>
            </param>
          </params>
          <reporter-output>
          </reporter-output>
        </test-method> <!-- setup -->
        <test-method signature="Accordian()[pri:2, instance:tests.WidgetsTests@4f3bbf68]" started-at="2025-09-12T20:58:42 IST" name="Accordian" finished-at="2025-09-12T20:58:42 IST" duration-ms="339" status="PASS">
          <reporter-output>
          </reporter-output>
        </test-method> <!-- Accordian -->
        <test-method is-config="true" signature="tearDown(org.testng.ITestResult)[pri:0, instance:tests.WidgetsTests@4f3bbf68]" started-at="2025-09-12T20:58:42 IST" name="tearDown" finished-at="2025-09-12T20:58:43 IST" duration-ms="304" status="PASS">
          <params>
            <param index="0">
              <value>
                <![CDATA[[TestResult name=Accordian status=SUCCESS method=WidgetsTests.Accordian()[pri:2, instance:tests.WidgetsTests@4f3bbf68] output={null}]]]>
              </value>
            </param>
          </params>
          <reporter-output>
          </reporter-output>
        </test-method> <!-- tearDown -->
        <test-method is-config="true" signature="setup(java.lang.reflect.Method)[pri:0, instance:tests.WidgetsTests@4f3bbf68]" started-at="2025-09-12T20:58:43 IST" name="setup" finished-at="2025-09-12T20:59:13 IST" duration-ms="30665" status="PASS">
          <params>
            <param index="0">
              <value>
                <![CDATA[public void tests.WidgetsTests.AccessWhatis()]]>
              </value>
            </param>
          </params>
          <reporter-output>
          </reporter-output>
        </test-method> <!-- setup -->
        <test-method signature="AccessWhatis()[pri:3, instance:tests.WidgetsTests@4f3bbf68]" started-at="2025-09-12T20:59:13 IST" name="AccessWhatis" finished-at="2025-09-12T20:59:17 IST" duration-ms="3605" status="PASS">
          <reporter-output>
          </reporter-output>
        </test-method> <!-- AccessWhatis -->
        <test-method is-config="true" signature="tearDown(org.testng.ITestResult)[pri:0, instance:tests.WidgetsTests@4f3bbf68]" started-at="2025-09-12T20:59:17 IST" name="tearDown" finished-at="2025-09-12T20:59:17 IST" duration-ms="276" status="PASS">
          <params>
            <param index="0">
              <value>
                <![CDATA[[TestResult name=AccessWhatis status=SUCCESS method=WidgetsTests.AccessWhatis()[pri:3, instance:tests.WidgetsTests@4f3bbf68] output={null}]]]>
              </value>
            </param>
          </params>
          <reporter-output>
          </reporter-output>
        </test-method> <!-- tearDown -->
        <test-method is-config="true" signature="setup(java.lang.reflect.Method)[pri:0, instance:tests.WidgetsTests@4f3bbf68]" started-at="2025-09-12T20:59:17 IST" name="setup" finished-at="2025-09-12T21:00:22 IST" duration-ms="64595" status="PASS">
          <params>
            <param index="0">
              <value>
                <![CDATA[public void tests.WidgetsTests.AccessWhereDoes()]]>
              </value>
            </param>
          </params>
          <reporter-output>
          </reporter-output>
        </test-method> <!-- setup -->
        <test-method signature="AccessWhereDoes()[pri:4, instance:tests.WidgetsTests@4f3bbf68]" started-at="2025-09-12T21:00:22 IST" name="AccessWhereDoes" finished-at="2025-09-12T21:00:26 IST" duration-ms="3798" status="PASS">
          <reporter-output>
          </reporter-output>
        </test-method> <!-- AccessWhereDoes -->
        <test-method is-config="true" signature="tearDown(org.testng.ITestResult)[pri:0, instance:tests.WidgetsTests@4f3bbf68]" started-at="2025-09-12T21:00:26 IST" name="tearDown" finished-at="2025-09-12T21:00:26 IST" duration-ms="311" status="PASS">
          <params>
            <param index="0">
              <value>
                <![CDATA[[TestResult name=AccessWhereDoes status=SUCCESS method=WidgetsTests.AccessWhereDoes()[pri:4, instance:tests.WidgetsTests@4f3bbf68] output={null}]]]>
              </value>
            </param>
          </params>
          <reporter-output>
          </reporter-output>
        </test-method> <!-- tearDown -->
        <test-method is-config="true" signature="setup(java.lang.reflect.Method)[pri:0, instance:tests.WidgetsTests@4f3bbf68]" started-at="2025-09-12T21:00:26 IST" name="setup" finished-at="2025-09-12T21:01:31 IST" duration-ms="64677" status="PASS">
          <params>
            <param index="0">
              <value>
                <![CDATA[public void tests.WidgetsTests.AccessWhyDoWe()]]>
              </value>
            </param>
          </params>
          <reporter-output>
          </reporter-output>
        </test-method> <!-- setup -->
        <test-method signature="AccessWhyDoWe()[pri:5, instance:tests.WidgetsTests@4f3bbf68]" started-at="2025-09-12T21:01:31 IST" name="AccessWhyDoWe" finished-at="2025-09-12T21:01:35 IST" duration-ms="4168" status="PASS">
          <reporter-output>
          </reporter-output>
        </test-method> <!-- AccessWhyDoWe -->
        <test-method is-config="true" signature="tearDown(org.testng.ITestResult)[pri:0, instance:tests.WidgetsTests@4f3bbf68]" started-at="2025-09-12T21:01:35 IST" name="tearDown" finished-at="2025-09-12T21:01:35 IST" duration-ms="322" status="PASS">
          <params>
            <param index="0">
              <value>
                <![CDATA[[TestResult name=AccessWhyDoWe status=SUCCESS method=WidgetsTests.AccessWhyDoWe()[pri:5, instance:tests.WidgetsTests@4f3bbf68] output={null}]]]>
              </value>
            </param>
          </params>
          <reporter-output>
          </reporter-output>
        </test-method> <!-- tearDown -->
        <test-method is-config="true" signature="setup(java.lang.reflect.Method)[pri:0, instance:tests.WidgetsTests@4f3bbf68]" started-at="2025-09-12T21:01:35 IST" name="setup" finished-at="2025-09-12T21:02:40 IST" duration-ms="64675" status="PASS">
          <params>
            <param index="0">
              <value>
                <![CDATA[public void tests.WidgetsTests.AutoComplete()]]>
              </value>
            </param>
          </params>
          <reporter-output>
          </reporter-output>
        </test-method> <!-- setup -->
        <test-method signature="AutoComplete()[pri:6, instance:tests.WidgetsTests@4f3bbf68]" started-at="2025-09-12T21:02:40 IST" name="AutoComplete" finished-at="2025-09-12T21:02:40 IST" duration-ms="715" status="PASS">
          <reporter-output>
          </reporter-output>
        </test-method> <!-- AutoComplete -->
        <test-method is-config="true" signature="tearDown(org.testng.ITestResult)[pri:0, instance:tests.WidgetsTests@4f3bbf68]" started-at="2025-09-12T21:02:40 IST" name="tearDown" finished-at="2025-09-12T21:02:41 IST" duration-ms="333" status="PASS">
          <params>
            <param index="0">
              <value>
                <![CDATA[[TestResult name=AutoComplete status=SUCCESS method=WidgetsTests.AutoComplete()[pri:6, instance:tests.WidgetsTests@4f3bbf68] output={null}]]]>
              </value>
            </param>
          </params>
          <reporter-output>
          </reporter-output>
        </test-method> <!-- tearDown -->
        <test-method is-config="true" signature="setup(java.lang.reflect.Method)[pri:0, instance:tests.WidgetsTests@4f3bbf68]" started-at="2025-09-12T21:02:41 IST" name="setup" finished-at="2025-09-12T21:02:59 IST" duration-ms="18485" status="PASS">
          <params>
            <param index="0">
              <value>
                <![CDATA[public void tests.WidgetsTests.AutoCompleteSearch(models.ColorSelectionData)]]>
              </value>
            </param>
          </params>
          <reporter-output>
          </reporter-output>
        </test-method> <!-- setup -->
        <test-method signature="AutoCompleteSearch(models.ColorSelectionData)[pri:7, instance:tests.WidgetsTests@4f3bbf68]" started-at="2025-09-12T21:02:59 IST" name="AutoCompleteSearch" data-provider="ColorSelectionData" finished-at="2025-09-12T21:03:03 IST" duration-ms="4065" status="PASS">
          <params>
            <param index="0">
              <value>
                <![CDATA[ColorSelectionData{searchFor='A', expectedColors=[Black, Magenta, Aqua]}]]>
              </value>
            </param>
          </params>
          <reporter-output>
          </reporter-output>
        </test-method> <!-- AutoCompleteSearch -->
        <test-method is-config="true" signature="tearDown(org.testng.ITestResult)[pri:0, instance:tests.WidgetsTests@4f3bbf68]" started-at="2025-09-12T21:03:03 IST" name="tearDown" finished-at="2025-09-12T21:08:06 IST" duration-ms="303123" status="PASS">
          <params>
            <param index="0">
              <value>
                <![CDATA[[TestResult name=AutoCompleteSearch status=SUCCESS method=WidgetsTests.AutoCompleteSearch(models.ColorSelectionData)[pri:7, instance:tests.WidgetsTests@4f3bbf68] output={null}]]]>
              </value>
            </param>
          </params>
          <reporter-output>
          </reporter-output>
        </test-method> <!-- tearDown -->
        <test-method is-config="true" signature="setup(java.lang.reflect.Method)[pri:0, instance:tests.WidgetsTests@4f3bbf68]" started-at="2025-09-12T21:08:06 IST" name="setup" finished-at="2025-09-12T21:08:22 IST" duration-ms="15193" status="PASS">
          <params>
            <param index="0">
              <value>
                <![CDATA[public void tests.WidgetsTests.AutoCompleteSearch(models.ColorSelectionData)]]>
              </value>
            </param>
          </params>
          <reporter-output>
          </reporter-output>
        </test-method> <!-- setup -->
        <test-method signature="AutoCompleteSearch(models.ColorSelectionData)[pri:7, instance:tests.WidgetsTests@4f3bbf68]" started-at="2025-09-12T21:08:22 IST" name="AutoCompleteSearch" data-provider="ColorSelectionData" finished-at="2025-09-12T21:08:26 IST" duration-ms="4203" status="PASS">
          <params>
            <param index="0">
              <value>
                <![CDATA[ColorSelectionData{searchFor='B', expectedColors=[Blue, Black]}]]>
              </value>
            </param>
          </params>
          <reporter-output>
          </reporter-output>
        </test-method> <!-- AutoCompleteSearch -->
        <test-method is-config="true" signature="tearDown(org.testng.ITestResult)[pri:0, instance:tests.WidgetsTests@4f3bbf68]" started-at="2025-09-12T21:08:26 IST" name="tearDown" finished-at="2025-09-12T21:08:26 IST" duration-ms="604" status="PASS">
          <params>
            <param index="0">
              <value>
                <![CDATA[[TestResult name=AutoCompleteSearch status=SUCCESS method=WidgetsTests.AutoCompleteSearch(models.ColorSelectionData)[pri:7, instance:tests.WidgetsTests@4f3bbf68] output={null}]]]>
              </value>
            </param>
          </params>
          <reporter-output>
          </reporter-output>
        </test-method> <!-- tearDown -->
        <test-method is-config="true" signature="setup(java.lang.reflect.Method)[pri:0, instance:tests.WidgetsTests@4f3bbf68]" started-at="2025-09-12T21:08:26 IST" name="setup" finished-at="2025-09-12T21:09:32 IST" duration-ms="65260" status="PASS">
          <params>
            <param index="0">
              <value>
                <![CDATA[public void tests.WidgetsTests.AutoCompleteSearch(models.ColorSelectionData)]]>
              </value>
            </param>
          </params>
          <reporter-output>
          </reporter-output>
        </test-method> <!-- setup -->
        <test-method signature="AutoCompleteSearch(models.ColorSelectionData)[pri:7, instance:tests.WidgetsTests@4f3bbf68]" started-at="2025-09-12T21:09:32 IST" name="AutoCompleteSearch" data-provider="ColorSelectionData" finished-at="2025-09-12T21:09:36 IST" duration-ms="3963" status="PASS">
          <params>
            <param index="0">
              <value>
                <![CDATA[ColorSelectionData{searchFor='C', expectedColors=[Black]}]]>
              </value>
            </param>
          </params>
          <reporter-output>
          </reporter-output>
        </test-method> <!-- AutoCompleteSearch -->
        <test-method is-config="true" signature="tearDown(org.testng.ITestResult)[pri:0, instance:tests.WidgetsTests@4f3bbf68]" started-at="2025-09-12T21:09:36 IST" name="tearDown" finished-at="2025-09-12T21:09:36 IST" duration-ms="319" status="PASS">
          <params>
            <param index="0">
              <value>
                <![CDATA[[TestResult name=AutoCompleteSearch status=SUCCESS method=WidgetsTests.AutoCompleteSearch(models.ColorSelectionData)[pri:7, instance:tests.WidgetsTests@4f3bbf68] output={null}]]]>
              </value>
            </param>
          </params>
          <reporter-output>
          </reporter-output>
        </test-method> <!-- tearDown -->
        <test-method is-config="true" signature="setup(java.lang.reflect.Method)[pri:0, instance:tests.WidgetsTests@4f3bbf68]" started-at="2025-09-12T21:09:36 IST" name="setup" finished-at="2025-09-12T21:10:41 IST" duration-ms="64671" status="PASS">
          <params>
            <param index="0">
              <value>
                <![CDATA[public void tests.WidgetsTests.AutoCompleteSearch(models.ColorSelectionData)]]>
              </value>
            </param>
          </params>
          <reporter-output>
          </reporter-output>
        </test-method> <!-- setup -->
        <test-method signature="AutoCompleteSearch(models.ColorSelectionData)[pri:7, instance:tests.WidgetsTests@4f3bbf68]" started-at="2025-09-12T21:10:41 IST" name="AutoCompleteSearch" data-provider="ColorSelectionData" finished-at="2025-09-12T21:10:45 IST" duration-ms="4028" status="PASS">
          <params>
            <param index="0">
              <value>
                <![CDATA[ColorSelectionData{searchFor='D', expectedColors=[Red, Indigo]}]]>
              </value>
            </param>
          </params>
          <reporter-output>
          </reporter-output>
        </test-method> <!-- AutoCompleteSearch -->
        <test-method is-config="true" signature="tearDown(org.testng.ITestResult)[pri:0, instance:tests.WidgetsTests@4f3bbf68]" started-at="2025-09-12T21:10:45 IST" name="tearDown" finished-at="2025-09-12T21:10:45 IST" duration-ms="350" status="PASS">
          <params>
            <param index="0">
              <value>
                <![CDATA[[TestResult name=AutoCompleteSearch status=SUCCESS method=WidgetsTests.AutoCompleteSearch(models.ColorSelectionData)[pri:7, instance:tests.WidgetsTests@4f3bbf68] output={null}]]]>
              </value>
            </param>
          </params>
          <reporter-output>
          </reporter-output>
        </test-method> <!-- tearDown -->
        <test-method is-config="true" signature="setup(java.lang.reflect.Method)[pri:0, instance:tests.WidgetsTests@4f3bbf68]" started-at="2025-09-12T21:10:45 IST" name="setup" finished-at="2025-09-12T21:11:20 IST" duration-ms="35332" status="PASS">
          <params>
            <param index="0">
              <value>
                <![CDATA[public void tests.WidgetsTests.AutoCompleteSearch(models.ColorSelectionData)]]>
              </value>
            </param>
          </params>
          <reporter-output>
          </reporter-output>
        </test-method> <!-- setup -->
        <test-method signature="AutoCompleteSearch(models.ColorSelectionData)[pri:7, instance:tests.WidgetsTests@4f3bbf68]" started-at="2025-09-12T21:11:20 IST" name="AutoCompleteSearch" data-provider="ColorSelectionData" finished-at="2025-09-12T21:11:25 IST" duration-ms="5096" status="PASS">
          <params>
            <param index="0">
              <value>
                <![CDATA[ColorSelectionData{searchFor='E', expectedColors=[Red, Blue, Green, Yellow, Purple, White, Voilet, Magenta]}]]>
              </value>
            </param>
          </params>
          <reporter-output>
          </reporter-output>
        </test-method> <!-- AutoCompleteSearch -->
        <test-method is-config="true" signature="tearDown(org.testng.ITestResult)[pri:0, instance:tests.WidgetsTests@4f3bbf68]" started-at="2025-09-12T21:11:25 IST" name="tearDown" finished-at="2025-09-12T21:11:26 IST" duration-ms="327" status="PASS">
          <params>
            <param index="0">
              <value>
                <![CDATA[[TestResult name=AutoCompleteSearch status=SUCCESS method=WidgetsTests.AutoCompleteSearch(models.ColorSelectionData)[pri:7, instance:tests.WidgetsTests@4f3bbf68] output={null}]]]>
              </value>
            </param>
          </params>
          <reporter-output>
          </reporter-output>
        </test-method> <!-- tearDown -->
        <test-method is-config="true" signature="setup(java.lang.reflect.Method)[pri:0, instance:tests.WidgetsTests@4f3bbf68]" started-at="2025-09-12T21:11:26 IST" name="setup" finished-at="2025-09-12T21:11:43 IST" duration-ms="16945" status="PASS">
          <params>
            <param index="0">
              <value>
                <![CDATA[public void tests.WidgetsTests.AutoCompleteSearch(models.ColorSelectionData)]]>
              </value>
            </param>
          </params>
          <reporter-output>
          </reporter-output>
        </test-method> <!-- setup -->
        <test-method signature="AutoCompleteSearch(models.ColorSelectionData)[pri:7, instance:tests.WidgetsTests@4f3bbf68]" started-at="2025-09-12T21:11:43 IST" name="AutoCompleteSearch" data-provider="ColorSelectionData" finished-at="2025-09-12T21:11:47 IST" duration-ms="4215" status="PASS">
          <params>
            <param index="0">
              <value>
                <![CDATA[ColorSelectionData{searchFor='G', expectedColors=[Green, Indigo, Magenta]}]]>
              </value>
            </param>
          </params>
          <reporter-output>
          </reporter-output>
        </test-method> <!-- AutoCompleteSearch -->
        <test-method is-config="true" signature="tearDown(org.testng.ITestResult)[pri:0, instance:tests.WidgetsTests@4f3bbf68]" started-at="2025-09-12T21:11:47 IST" name="tearDown" finished-at="2025-09-12T21:11:47 IST" duration-ms="319" status="PASS">
          <params>
            <param index="0">
              <value>
                <![CDATA[[TestResult name=AutoCompleteSearch status=SUCCESS method=WidgetsTests.AutoCompleteSearch(models.ColorSelectionData)[pri:7, instance:tests.WidgetsTests@4f3bbf68] output={null}]]]>
              </value>
            </param>
          </params>
          <reporter-output>
          </reporter-output>
        </test-method> <!-- tearDown -->
        <test-method is-config="true" signature="setup(java.lang.reflect.Method)[pri:0, instance:tests.WidgetsTests@4f3bbf68]" started-at="2025-09-12T21:11:47 IST" name="setup" finished-at="2025-09-12T21:12:52 IST" duration-ms="64606" status="PASS">
          <params>
            <param index="0">
              <value>
                <![CDATA[public void tests.WidgetsTests.AutoCompleteSearch(models.ColorSelectionData)]]>
              </value>
            </param>
          </params>
          <reporter-output>
          </reporter-output>
        </test-method> <!-- setup -->
        <test-method signature="AutoCompleteSearch(models.ColorSelectionData)[pri:7, instance:tests.WidgetsTests@4f3bbf68]" started-at="2025-09-12T21:12:52 IST" name="AutoCompleteSearch" data-provider="ColorSelectionData" finished-at="2025-09-12T21:12:56 IST" duration-ms="4113" status="PASS">
          <params>
            <param index="0">
              <value>
                <![CDATA[ColorSelectionData{searchFor='H', expectedColors=[White]}]]>
              </value>
            </param>
          </params>
          <reporter-output>
          </reporter-output>
        </test-method> <!-- AutoCompleteSearch -->
        <test-method is-config="true" signature="tearDown(org.testng.ITestResult)[pri:0, instance:tests.WidgetsTests@4f3bbf68]" started-at="2025-09-12T21:12:56 IST" name="tearDown" finished-at="2025-09-12T21:12:56 IST" duration-ms="313" status="PASS">
          <params>
            <param index="0">
              <value>
                <![CDATA[[TestResult name=AutoCompleteSearch status=SUCCESS method=WidgetsTests.AutoCompleteSearch(models.ColorSelectionData)[pri:7, instance:tests.WidgetsTests@4f3bbf68] output={null}]]]>
              </value>
            </param>
          </params>
          <reporter-output>
          </reporter-output>
        </test-method> <!-- tearDown -->
        <test-method is-config="true" signature="setup(java.lang.reflect.Method)[pri:0, instance:tests.WidgetsTests@4f3bbf68]" started-at="2025-09-12T21:12:56 IST" name="setup" finished-at="2025-09-12T21:13:20 IST" duration-ms="23784" status="PASS">
          <params>
            <param index="0">
              <value>
                <![CDATA[public void tests.WidgetsTests.AutoCompleteSearch(models.ColorSelectionData)]]>
              </value>
            </param>
          </params>
          <reporter-output>
          </reporter-output>
        </test-method> <!-- setup -->
        <test-method signature="AutoCompleteSearch(models.ColorSelectionData)[pri:7, instance:tests.WidgetsTests@4f3bbf68]" started-at="2025-09-12T21:13:20 IST" name="AutoCompleteSearch" data-provider="ColorSelectionData" finished-at="2025-09-12T21:13:24 IST" duration-ms="4202" status="PASS">
          <params>
            <param index="0">
              <value>
                <![CDATA[ColorSelectionData{searchFor='I', expectedColors=[White, Voilet, Indigo]}]]>
              </value>
            </param>
          </params>
          <reporter-output>
          </reporter-output>
        </test-method> <!-- AutoCompleteSearch -->
        <test-method is-config="true" signature="tearDown(org.testng.ITestResult)[pri:0, instance:tests.WidgetsTests@4f3bbf68]" started-at="2025-09-12T21:13:24 IST" name="tearDown" finished-at="2025-09-12T21:13:25 IST" duration-ms="265" status="PASS">
          <params>
            <param index="0">
              <value>
                <![CDATA[[TestResult name=AutoCompleteSearch status=SUCCESS method=WidgetsTests.AutoCompleteSearch(models.ColorSelectionData)[pri:7, instance:tests.WidgetsTests@4f3bbf68] output={null}]]]>
              </value>
            </param>
          </params>
          <reporter-output>
          </reporter-output>
        </test-method> <!-- tearDown -->
        <test-method is-config="true" signature="setup(java.lang.reflect.Method)[pri:0, instance:tests.WidgetsTests@4f3bbf68]" started-at="2025-09-12T21:13:25 IST" name="setup" finished-at="2025-09-12T21:14:10 IST" duration-ms="44934" status="PASS">
          <params>
            <param index="0">
              <value>
                <![CDATA[public void tests.WidgetsTests.AutoCompleteSearch(models.ColorSelectionData)]]>
              </value>
            </param>
          </params>
          <reporter-output>
          </reporter-output>
        </test-method> <!-- setup -->
        <test-method signature="AutoCompleteSearch(models.ColorSelectionData)[pri:7, instance:tests.WidgetsTests@4f3bbf68]" started-at="2025-09-12T21:14:10 IST" name="AutoCompleteSearch" data-provider="ColorSelectionData" finished-at="2025-09-12T21:14:13 IST" duration-ms="3757" status="PASS">
          <params>
            <param index="0">
              <value>
                <![CDATA[ColorSelectionData{searchFor='K', expectedColors=[Black]}]]>
              </value>
            </param>
          </params>
          <reporter-output>
          </reporter-output>
        </test-method> <!-- AutoCompleteSearch -->
        <test-method is-config="true" signature="tearDown(org.testng.ITestResult)[pri:0, instance:tests.WidgetsTests@4f3bbf68]" started-at="2025-09-12T21:14:13 IST" name="tearDown" finished-at="2025-09-12T21:14:14 IST" duration-ms="302" status="PASS">
          <params>
            <param index="0">
              <value>
                <![CDATA[[TestResult name=AutoCompleteSearch status=SUCCESS method=WidgetsTests.AutoCompleteSearch(models.ColorSelectionData)[pri:7, instance:tests.WidgetsTests@4f3bbf68] output={null}]]]>
              </value>
            </param>
          </params>
          <reporter-output>
          </reporter-output>
        </test-method> <!-- tearDown -->
        <test-method is-config="true" signature="setup(java.lang.reflect.Method)[pri:0, instance:tests.WidgetsTests@4f3bbf68]" started-at="2025-09-12T21:14:14 IST" name="setup" finished-at="2025-09-12T21:14:40 IST" duration-ms="26523" status="PASS">
          <params>
            <param index="0">
              <value>
                <![CDATA[public void tests.WidgetsTests.AutoCompleteSearch(models.ColorSelectionData)]]>
              </value>
            </param>
          </params>
          <reporter-output>
          </reporter-output>
        </test-method> <!-- setup -->
        <test-method signature="AutoCompleteSearch(models.ColorSelectionData)[pri:7, instance:tests.WidgetsTests@4f3bbf68]" started-at="2025-09-12T21:14:40 IST" name="AutoCompleteSearch" data-provider="ColorSelectionData" finished-at="2025-09-12T21:14:46 IST" duration-ms="5467" status="PASS">
          <params>
            <param index="0">
              <value>
                <![CDATA[ColorSelectionData{searchFor='L', expectedColors=[Blue, Yellow, Purple, Black, Voilet]}]]>
              </value>
            </param>
          </params>
          <reporter-output>
          </reporter-output>
        </test-method> <!-- AutoCompleteSearch -->
        <test-method is-config="true" signature="tearDown(org.testng.ITestResult)[pri:0, instance:tests.WidgetsTests@4f3bbf68]" started-at="2025-09-12T21:14:46 IST" name="tearDown" finished-at="2025-09-12T21:14:46 IST" duration-ms="404" status="PASS">
          <params>
            <param index="0">
              <value>
                <![CDATA[[TestResult name=AutoCompleteSearch status=SUCCESS method=WidgetsTests.AutoCompleteSearch(models.ColorSelectionData)[pri:7, instance:tests.WidgetsTests@4f3bbf68] output={null}]]]>
              </value>
            </param>
          </params>
          <reporter-output>
          </reporter-output>
        </test-method> <!-- tearDown -->
        <test-method is-config="true" signature="setup(java.lang.reflect.Method)[pri:0, instance:tests.WidgetsTests@4f3bbf68]" started-at="2025-09-12T21:14:46 IST" name="setup" finished-at="2025-09-12T21:15:51 IST" duration-ms="65073" status="PASS">
          <params>
            <param index="0">
              <value>
                <![CDATA[public void tests.WidgetsTests.AutoCompleteSearch(models.ColorSelectionData)]]>
              </value>
            </param>
          </params>
          <reporter-output>
          </reporter-output>
        </test-method> <!-- setup -->
        <test-method signature="AutoCompleteSearch(models.ColorSelectionData)[pri:7, instance:tests.WidgetsTests@4f3bbf68]" started-at="2025-09-12T21:15:51 IST" name="AutoCompleteSearch" data-provider="ColorSelectionData" finished-at="2025-09-12T21:15:56 IST" duration-ms="4834" status="PASS">
          <params>
            <param index="0">
              <value>
                <![CDATA[ColorSelectionData{searchFor='M', expectedColors=[Magenta]}]]>
              </value>
            </param>
          </params>
          <reporter-output>
          </reporter-output>
        </test-method> <!-- AutoCompleteSearch -->
        <test-method is-config="true" signature="tearDown(org.testng.ITestResult)[pri:0, instance:tests.WidgetsTests@4f3bbf68]" started-at="2025-09-12T21:15:56 IST" name="tearDown" finished-at="2025-09-12T21:15:56 IST" duration-ms="349" status="PASS">
          <params>
            <param index="0">
              <value>
                <![CDATA[[TestResult name=AutoCompleteSearch status=SUCCESS method=WidgetsTests.AutoCompleteSearch(models.ColorSelectionData)[pri:7, instance:tests.WidgetsTests@4f3bbf68] output={null}]]]>
              </value>
            </param>
          </params>
          <reporter-output>
          </reporter-output>
        </test-method> <!-- tearDown -->
        <test-method is-config="true" signature="setup(java.lang.reflect.Method)[pri:0, instance:tests.WidgetsTests@4f3bbf68]" started-at="2025-09-12T21:15:56 IST" name="setup" finished-at="2025-09-12T21:17:01 IST" duration-ms="64993" status="PASS">
          <params>
            <param index="0">
              <value>
                <![CDATA[public void tests.WidgetsTests.AutoCompleteSearch(models.ColorSelectionData)]]>
              </value>
            </param>
          </params>
          <reporter-output>
          </reporter-output>
        </test-method> <!-- setup -->
        <test-method signature="AutoCompleteSearch(models.ColorSelectionData)[pri:7, instance:tests.WidgetsTests@4f3bbf68]" started-at="2025-09-12T21:17:01 IST" name="AutoCompleteSearch" data-provider="ColorSelectionData" finished-at="2025-09-12T21:17:06 IST" duration-ms="4702" status="PASS">
          <params>
            <param index="0">
              <value>
                <![CDATA[ColorSelectionData{searchFor='N', expectedColors=[Green, Indigo, Magenta]}]]>
              </value>
            </param>
          </params>
          <reporter-output>
          </reporter-output>
        </test-method> <!-- AutoCompleteSearch -->
        <test-method is-config="true" signature="tearDown(org.testng.ITestResult)[pri:0, instance:tests.WidgetsTests@4f3bbf68]" started-at="2025-09-12T21:17:06 IST" name="tearDown" finished-at="2025-09-12T21:17:06 IST" duration-ms="396" status="PASS">
          <params>
            <param index="0">
              <value>
                <![CDATA[[TestResult name=AutoCompleteSearch status=SUCCESS method=WidgetsTests.AutoCompleteSearch(models.ColorSelectionData)[pri:7, instance:tests.WidgetsTests@4f3bbf68] output={null}]]]>
              </value>
            </param>
          </params>
          <reporter-output>
          </reporter-output>
        </test-method> <!-- tearDown -->
        <test-method is-config="true" signature="setup(java.lang.reflect.Method)[pri:0, instance:tests.WidgetsTests@4f3bbf68]" started-at="2025-09-12T21:17:06 IST" name="setup" finished-at="2025-09-12T21:18:11 IST" duration-ms="65123" status="PASS">
          <params>
            <param index="0">
              <value>
                <![CDATA[public void tests.WidgetsTests.AutoCompleteSearch(models.ColorSelectionData)]]>
              </value>
            </param>
          </params>
          <reporter-output>
          </reporter-output>
        </test-method> <!-- setup -->
        <test-method signature="AutoCompleteSearch(models.ColorSelectionData)[pri:7, instance:tests.WidgetsTests@4f3bbf68]" started-at="2025-09-12T21:18:11 IST" name="AutoCompleteSearch" data-provider="ColorSelectionData" finished-at="2025-09-12T21:18:16 IST" duration-ms="5002" status="PASS">
          <params>
            <param index="0">
              <value>
                <![CDATA[ColorSelectionData{searchFor='O', expectedColors=[Yellow, Voilet, Indigo]}]]>
              </value>
            </param>
          </params>
          <reporter-output>
          </reporter-output>
        </test-method> <!-- AutoCompleteSearch -->
        <test-method is-config="true" signature="tearDown(org.testng.ITestResult)[pri:0, instance:tests.WidgetsTests@4f3bbf68]" started-at="2025-09-12T21:18:16 IST" name="tearDown" finished-at="2025-09-12T21:18:17 IST" duration-ms="353" status="PASS">
          <params>
            <param index="0">
              <value>
                <![CDATA[[TestResult name=AutoCompleteSearch status=SUCCESS method=WidgetsTests.AutoCompleteSearch(models.ColorSelectionData)[pri:7, instance:tests.WidgetsTests@4f3bbf68] output={null}]]]>
              </value>
            </param>
          </params>
          <reporter-output>
          </reporter-output>
        </test-method> <!-- tearDown -->
        <test-method is-config="true" signature="setup(java.lang.reflect.Method)[pri:0, instance:tests.WidgetsTests@4f3bbf68]" started-at="2025-09-12T21:18:17 IST" name="setup" finished-at="2025-09-12T21:18:47 IST" duration-ms="30657" status="PASS">
          <params>
            <param index="0">
              <value>
                <![CDATA[public void tests.WidgetsTests.AutoCompleteSearch(models.ColorSelectionData)]]>
              </value>
            </param>
          </params>
          <reporter-output>
          </reporter-output>
        </test-method> <!-- setup -->
        <test-method signature="AutoCompleteSearch(models.ColorSelectionData)[pri:7, instance:tests.WidgetsTests@4f3bbf68]" started-at="2025-09-12T21:18:47 IST" name="AutoCompleteSearch" data-provider="ColorSelectionData" finished-at="2025-09-12T21:18:52 IST" duration-ms="4316" status="PASS">
          <params>
            <param index="0">
              <value>
                <![CDATA[ColorSelectionData{searchFor='P', expectedColors=[Purple]}]]>
              </value>
            </param>
          </params>
          <reporter-output>
          </reporter-output>
        </test-method> <!-- AutoCompleteSearch -->
        <test-method is-config="true" signature="tearDown(org.testng.ITestResult)[pri:0, instance:tests.WidgetsTests@4f3bbf68]" started-at="2025-09-12T21:18:52 IST" name="tearDown" finished-at="2025-09-12T21:18:52 IST" duration-ms="328" status="PASS">
          <params>
            <param index="0">
              <value>
                <![CDATA[[TestResult name=AutoCompleteSearch status=SUCCESS method=WidgetsTests.AutoCompleteSearch(models.ColorSelectionData)[pri:7, instance:tests.WidgetsTests@4f3bbf68] output={null}]]]>
              </value>
            </param>
          </params>
          <reporter-output>
          </reporter-output>
        </test-method> <!-- tearDown -->
        <test-method is-config="true" signature="setup(java.lang.reflect.Method)[pri:0, instance:tests.WidgetsTests@4f3bbf68]" started-at="2025-09-12T21:18:52 IST" name="setup" finished-at="2025-09-12T21:19:23 IST" duration-ms="31004" status="PASS">
          <params>
            <param index="0">
              <value>
                <![CDATA[public void tests.WidgetsTests.AutoCompleteSearch(models.ColorSelectionData)]]>
              </value>
            </param>
          </params>
          <reporter-output>
          </reporter-output>
        </test-method> <!-- setup -->
        <test-method signature="AutoCompleteSearch(models.ColorSelectionData)[pri:7, instance:tests.WidgetsTests@4f3bbf68]" started-at="2025-09-12T21:19:23 IST" name="AutoCompleteSearch" data-provider="ColorSelectionData" finished-at="2025-09-12T21:19:28 IST" duration-ms="4480" status="PASS">
          <params>
            <param index="0">
              <value>
                <![CDATA[ColorSelectionData{searchFor='Q', expectedColors=[Aqua]}]]>
              </value>
            </param>
          </params>
          <reporter-output>
          </reporter-output>
        </test-method> <!-- AutoCompleteSearch -->
        <test-method is-config="true" signature="tearDown(org.testng.ITestResult)[pri:0, instance:tests.WidgetsTests@4f3bbf68]" started-at="2025-09-12T21:19:28 IST" name="tearDown" finished-at="2025-09-12T21:19:28 IST" duration-ms="422" status="PASS">
          <params>
            <param index="0">
              <value>
                <![CDATA[[TestResult name=AutoCompleteSearch status=SUCCESS method=WidgetsTests.AutoCompleteSearch(models.ColorSelectionData)[pri:7, instance:tests.WidgetsTests@4f3bbf68] output={null}]]]>
              </value>
            </param>
          </params>
          <reporter-output>
          </reporter-output>
        </test-method> <!-- tearDown -->
        <test-method is-config="true" signature="setup(java.lang.reflect.Method)[pri:0, instance:tests.WidgetsTests@4f3bbf68]" started-at="2025-09-12T21:19:28 IST" name="setup" finished-at="2025-09-12T21:20:26 IST" duration-ms="58383" status="PASS">
          <params>
            <param index="0">
              <value>
                <![CDATA[public void tests.WidgetsTests.AutoCompleteSearch(models.ColorSelectionData)]]>
              </value>
            </param>
          </params>
          <reporter-output>
          </reporter-output>
        </test-method> <!-- setup -->
        <test-method signature="AutoCompleteSearch(models.ColorSelectionData)[pri:7, instance:tests.WidgetsTests@4f3bbf68]" started-at="2025-09-12T21:20:26 IST" name="AutoCompleteSearch" data-provider="ColorSelectionData" finished-at="2025-09-12T21:20:31 IST" duration-ms="4889" status="PASS">
          <params>
            <param index="0">
              <value>
                <![CDATA[ColorSelectionData{searchFor='R', expectedColors=[Red, Green, Purple]}]]>
              </value>
            </param>
          </params>
          <reporter-output>
          </reporter-output>
        </test-method> <!-- AutoCompleteSearch -->
        <test-method is-config="true" signature="tearDown(org.testng.ITestResult)[pri:0, instance:tests.WidgetsTests@4f3bbf68]" started-at="2025-09-12T21:20:31 IST" name="tearDown" finished-at="2025-09-12T21:20:32 IST" duration-ms="316" status="PASS">
          <params>
            <param index="0">
              <value>
                <![CDATA[[TestResult name=AutoCompleteSearch status=SUCCESS method=WidgetsTests.AutoCompleteSearch(models.ColorSelectionData)[pri:7, instance:tests.WidgetsTests@4f3bbf68] output={null}]]]>
              </value>
            </param>
          </params>
          <reporter-output>
          </reporter-output>
        </test-method> <!-- tearDown -->
        <test-method is-config="true" signature="setup(java.lang.reflect.Method)[pri:0, instance:tests.WidgetsTests@4f3bbf68]" started-at="2025-09-12T21:20:32 IST" name="setup" finished-at="2025-09-12T21:21:07 IST" duration-ms="34932" status="PASS">
          <params>
            <param index="0">
              <value>
                <![CDATA[public void tests.WidgetsTests.AutoCompleteSearch(models.ColorSelectionData)]]>
              </value>
            </param>
          </params>
          <reporter-output>
          </reporter-output>
        </test-method> <!-- setup -->
        <test-method signature="AutoCompleteSearch(models.ColorSelectionData)[pri:7, instance:tests.WidgetsTests@4f3bbf68]" started-at="2025-09-12T21:21:07 IST" name="AutoCompleteSearch" data-provider="ColorSelectionData" finished-at="2025-09-12T21:21:11 IST" duration-ms="4639" status="PASS">
          <params>
            <param index="0">
              <value>
                <![CDATA[ColorSelectionData{searchFor='T', expectedColors=[White, Voilet, Magenta]}]]>
              </value>
            </param>
          </params>
          <reporter-output>
          </reporter-output>
        </test-method> <!-- AutoCompleteSearch -->
        <test-method is-config="true" signature="tearDown(org.testng.ITestResult)[pri:0, instance:tests.WidgetsTests@4f3bbf68]" started-at="2025-09-12T21:21:11 IST" name="tearDown" finished-at="2025-09-12T21:21:11 IST" duration-ms="328" status="PASS">
          <params>
            <param index="0">
              <value>
                <![CDATA[[TestResult name=AutoCompleteSearch status=SUCCESS method=WidgetsTests.AutoCompleteSearch(models.ColorSelectionData)[pri:7, instance:tests.WidgetsTests@4f3bbf68] output={null}]]]>
              </value>
            </param>
          </params>
          <reporter-output>
          </reporter-output>
        </test-method> <!-- tearDown -->
        <test-method is-config="true" signature="setup(java.lang.reflect.Method)[pri:0, instance:tests.WidgetsTests@4f3bbf68]" started-at="2025-09-12T21:21:11 IST" name="setup" finished-at="2025-09-12T21:22:03 IST" duration-ms="51418" status="PASS">
          <params>
            <param index="0">
              <value>
                <![CDATA[public void tests.WidgetsTests.AutoCompleteSearch(models.ColorSelectionData)]]>
              </value>
            </param>
          </params>
          <reporter-output>
          </reporter-output>
        </test-method> <!-- setup -->
        <test-method signature="AutoCompleteSearch(models.ColorSelectionData)[pri:7, instance:tests.WidgetsTests@4f3bbf68]" started-at="2025-09-12T21:22:03 IST" name="AutoCompleteSearch" data-provider="ColorSelectionData" finished-at="2025-09-12T21:22:08 IST" duration-ms="5140" status="PASS">
          <params>
            <param index="0">
              <value>
                <![CDATA[ColorSelectionData{searchFor='U', expectedColors=[Blue, Purple, Aqua]}]]>
              </value>
            </param>
          </params>
          <reporter-output>
          </reporter-output>
        </test-method> <!-- AutoCompleteSearch -->
        <test-method is-config="true" signature="tearDown(org.testng.ITestResult)[pri:0, instance:tests.WidgetsTests@4f3bbf68]" started-at="2025-09-12T21:22:08 IST" name="tearDown" finished-at="2025-09-12T21:22:09 IST" duration-ms="452" status="PASS">
          <params>
            <param index="0">
              <value>
                <![CDATA[[TestResult name=AutoCompleteSearch status=SUCCESS method=WidgetsTests.AutoCompleteSearch(models.ColorSelectionData)[pri:7, instance:tests.WidgetsTests@4f3bbf68] output={null}]]]>
              </value>
            </param>
          </params>
          <reporter-output>
          </reporter-output>
        </test-method> <!-- tearDown -->
        <test-method is-config="true" signature="setup(java.lang.reflect.Method)[pri:0, instance:tests.WidgetsTests@4f3bbf68]" started-at="2025-09-12T21:22:09 IST" name="setup" finished-at="2025-09-12T21:23:16 IST" duration-ms="67495" status="PASS">
          <params>
            <param index="0">
              <value>
                <![CDATA[public void tests.WidgetsTests.AutoCompleteSearch(models.ColorSelectionData)]]>
              </value>
            </param>
          </params>
          <reporter-output>
          </reporter-output>
        </test-method> <!-- setup -->
        <test-method signature="AutoCompleteSearch(models.ColorSelectionData)[pri:7, instance:tests.WidgetsTests@4f3bbf68]" started-at="2025-09-12T21:23:16 IST" name="AutoCompleteSearch" data-provider="ColorSelectionData" finished-at="2025-09-12T21:23:20 IST" duration-ms="4442" status="PASS">
          <params>
            <param index="0">
              <value>
                <![CDATA[ColorSelectionData{searchFor='V', expectedColors=[Voilet]}]]>
              </value>
            </param>
          </params>
          <reporter-output>
          </reporter-output>
        </test-method> <!-- AutoCompleteSearch -->
        <test-method is-config="true" signature="tearDown(org.testng.ITestResult)[pri:0, instance:tests.WidgetsTests@4f3bbf68]" started-at="2025-09-12T21:23:20 IST" name="tearDown" finished-at="2025-09-12T21:23:21 IST" duration-ms="380" status="PASS">
          <params>
            <param index="0">
              <value>
                <![CDATA[[TestResult name=AutoCompleteSearch status=SUCCESS method=WidgetsTests.AutoCompleteSearch(models.ColorSelectionData)[pri:7, instance:tests.WidgetsTests@4f3bbf68] output={null}]]]>
              </value>
            </param>
          </params>
          <reporter-output>
          </reporter-output>
        </test-method> <!-- tearDown -->
        <test-method is-config="true" signature="setup(java.lang.reflect.Method)[pri:0, instance:tests.WidgetsTests@4f3bbf68]" started-at="2025-09-12T21:23:21 IST" name="setup" finished-at="2025-09-12T21:24:26 IST" duration-ms="64971" status="PASS">
          <params>
            <param index="0">
              <value>
                <![CDATA[public void tests.WidgetsTests.AutoCompleteSearch(models.ColorSelectionData)]]>
              </value>
            </param>
          </params>
          <reporter-output>
          </reporter-output>
        </test-method> <!-- setup -->
        <test-method signature="AutoCompleteSearch(models.ColorSelectionData)[pri:7, instance:tests.WidgetsTests@4f3bbf68]" started-at="2025-09-12T21:24:26 IST" name="AutoCompleteSearch" data-provider="ColorSelectionData" finished-at="2025-09-12T21:24:30 IST" duration-ms="4495" status="PASS">
          <params>
            <param index="0">
              <value>
                <![CDATA[ColorSelectionData{searchFor='W', expectedColors=[Yellow, White]}]]>
              </value>
            </param>
          </params>
          <reporter-output>
          </reporter-output>
        </test-method> <!-- AutoCompleteSearch -->
        <test-method is-config="true" signature="tearDown(org.testng.ITestResult)[pri:0, instance:tests.WidgetsTests@4f3bbf68]" started-at="2025-09-12T21:24:30 IST" name="tearDown" finished-at="2025-09-12T21:24:31 IST" duration-ms="344" status="PASS">
          <params>
            <param index="0">
              <value>
                <![CDATA[[TestResult name=AutoCompleteSearch status=SUCCESS method=WidgetsTests.AutoCompleteSearch(models.ColorSelectionData)[pri:7, instance:tests.WidgetsTests@4f3bbf68] output={null}]]]>
              </value>
            </param>
          </params>
          <reporter-output>
          </reporter-output>
        </test-method> <!-- tearDown -->
        <test-method is-config="true" signature="setup(java.lang.reflect.Method)[pri:0, instance:tests.WidgetsTests@4f3bbf68]" started-at="2025-09-12T21:24:31 IST" name="setup" finished-at="2025-09-12T21:25:02 IST" duration-ms="31751" status="PASS">
          <params>
            <param index="0">
              <value>
                <![CDATA[public void tests.WidgetsTests.AutoCompleteSearch(models.ColorSelectionData)]]>
              </value>
            </param>
          </params>
          <reporter-output>
          </reporter-output>
        </test-method> <!-- setup -->
        <test-method signature="AutoCompleteSearch(models.ColorSelectionData)[pri:7, instance:tests.WidgetsTests@4f3bbf68]" started-at="2025-09-12T21:25:02 IST" name="AutoCompleteSearch" data-provider="ColorSelectionData" finished-at="2025-09-12T21:25:06 IST" duration-ms="3928" status="PASS">
          <params>
            <param index="0">
              <value>
                <![CDATA[ColorSelectionData{searchFor='Y', expectedColors=[Yellow]}]]>
              </value>
            </param>
          </params>
          <reporter-output>
          </reporter-output>
        </test-method> <!-- AutoCompleteSearch -->
        <test-method is-config="true" signature="tearDown(org.testng.ITestResult)[pri:0, instance:tests.WidgetsTests@4f3bbf68]" started-at="2025-09-12T21:25:06 IST" name="tearDown" finished-at="2025-09-12T21:30:10 IST" duration-ms="303254" status="PASS">
          <params>
            <param index="0">
              <value>
                <![CDATA[[TestResult name=AutoCompleteSearch status=SUCCESS method=WidgetsTests.AutoCompleteSearch(models.ColorSelectionData)[pri:7, instance:tests.WidgetsTests@4f3bbf68] output={null}]]]>
              </value>
            </param>
          </params>
          <reporter-output>
          </reporter-output>
        </test-method> <!-- tearDown -->
        <test-method is-config="true" signature="setup(java.lang.reflect.Method)[pri:0, instance:tests.WidgetsTests@4f3bbf68]" started-at="2025-09-12T21:30:10 IST" name="setup" finished-at="2025-09-12T21:31:15 IST" duration-ms="65211" status="PASS">
          <params>
            <param index="0">
              <value>
                <![CDATA[public void tests.WidgetsTests.AutoCompleteSearchRemove(models.ColorSelectionData) throws java.io.IOException]]>
              </value>
            </param>
          </params>
          <reporter-output>
          </reporter-output>
        </test-method> <!-- setup -->
        <test-method signature="AutoCompleteSearchRemove(models.ColorSelectionData)[pri:8, instance:tests.WidgetsTests@4f3bbf68]" started-at="2025-09-12T21:31:15 IST" name="AutoCompleteSearchRemove" data-provider="ColorSelectionDataRemove" finished-at="2025-09-12T21:31:24 IST" duration-ms="9481" status="PASS">
          <params>
            <param index="0">
              <value>
                <![CDATA[ColorSelectionData{searchFor='E', expectedColors=[Green, Yellow]}]]>
              </value>
            </param>
          </params>
          <reporter-output>
          </reporter-output>
        </test-method> <!-- AutoCompleteSearchRemove -->
        <test-method is-config="true" signature="tearDown(org.testng.ITestResult)[pri:0, instance:tests.WidgetsTests@4f3bbf68]" started-at="2025-09-12T21:31:24 IST" name="tearDown" finished-at="2025-09-12T21:31:25 IST" duration-ms="423" status="PASS">
          <params>
            <param index="0">
              <value>
                <![CDATA[[TestResult name=AutoCompleteSearchRemove status=SUCCESS method=WidgetsTests.AutoCompleteSearchRemove(models.ColorSelectionData)[pri:8, instance:tests.WidgetsTests@4f3bbf68] output={null}]]]>
              </value>
            </param>
          </params>
          <reporter-output>
          </reporter-output>
        </test-method> <!-- tearDown -->
        <test-method is-config="true" signature="setup(java.lang.reflect.Method)[pri:0, instance:tests.WidgetsTests@4f3bbf68]" started-at="2025-09-12T21:31:25 IST" name="setup" finished-at="2025-09-12T21:32:30 IST" duration-ms="64956" status="PASS">
          <params>
            <param index="0">
              <value>
                <![CDATA[public void tests.WidgetsTests.AutoCompleteSingle(java.lang.String,java.lang.String)]]>
              </value>
            </param>
          </params>
          <reporter-output>
          </reporter-output>
        </test-method> <!-- setup -->
        <test-method signature="AutoCompleteSingle(java.lang.String,java.lang.String)[pri:9, instance:tests.WidgetsTests@4f3bbf68]" started-at="2025-09-12T21:32:30 IST" name="AutoCompleteSingle" data-provider="SingleColorData" finished-at="2025-09-12T21:32:35 IST" duration-ms="4889" status="PASS">
          <params>
            <param index="0">
              <value>
                <![CDATA[E]]>
              </value>
            </param>
            <param index="1">
              <value>
                <![CDATA[Green]]>
              </value>
            </param>
          </params>
          <reporter-output>
          </reporter-output>
        </test-method> <!-- AutoCompleteSingle -->
        <test-method is-config="true" signature="tearDown(org.testng.ITestResult)[pri:0, instance:tests.WidgetsTests@4f3bbf68]" started-at="2025-09-12T21:32:35 IST" name="tearDown" finished-at="2025-09-12T21:32:35 IST" duration-ms="373" status="PASS">
          <params>
            <param index="0">
              <value>
                <![CDATA[[TestResult name=AutoCompleteSingle status=SUCCESS method=WidgetsTests.AutoCompleteSingle(java.lang.String,java.lang.String)[pri:9, instance:tests.WidgetsTests@4f3bbf68] output={null}]]]>
              </value>
            </param>
          </params>
          <reporter-output>
          </reporter-output>
        </test-method> <!-- tearDown -->
        <test-method is-config="true" signature="setup(java.lang.reflect.Method)[pri:0, instance:tests.WidgetsTests@4f3bbf68]" started-at="2025-09-12T21:32:35 IST" name="setup" finished-at="2025-09-12T21:33:12 IST" duration-ms="36727" status="PASS">
          <params>
            <param index="0">
              <value>
                <![CDATA[public void tests.WidgetsTests.SingleAddRemove(java.lang.String,java.lang.String)]]>
              </value>
            </param>
          </params>
          <reporter-output>
          </reporter-output>
        </test-method> <!-- setup -->
        <test-method signature="SingleAddRemove(java.lang.String,java.lang.String)[pri:10, instance:tests.WidgetsTests@4f3bbf68]" started-at="2025-09-12T21:33:12 IST" name="SingleAddRemove" data-provider="SingleColorData" finished-at="2025-09-12T21:33:16 IST" duration-ms="4587" status="PASS">
          <params>
            <param index="0">
              <value>
                <![CDATA[E]]>
              </value>
            </param>
            <param index="1">
              <value>
                <![CDATA[Green]]>
              </value>
            </param>
          </params>
          <reporter-output>
          </reporter-output>
        </test-method> <!-- SingleAddRemove -->
        <test-method is-config="true" signature="tearDown(org.testng.ITestResult)[pri:0, instance:tests.WidgetsTests@4f3bbf68]" started-at="2025-09-12T21:33:16 IST" name="tearDown" finished-at="2025-09-12T21:33:17 IST" duration-ms="347" status="PASS">
          <params>
            <param index="0">
              <value>
                <![CDATA[[TestResult name=SingleAddRemove status=SUCCESS method=WidgetsTests.SingleAddRemove(java.lang.String,java.lang.String)[pri:10, instance:tests.WidgetsTests@4f3bbf68] output={null}]]]>
              </value>
            </param>
          </params>
          <reporter-output>
          </reporter-output>
        </test-method> <!-- tearDown -->
      </class> <!-- tests.WidgetsTests -->
      <class name="tests.ElementsTests">
        <test-method is-config="true" signature="setup(java.lang.reflect.Method)[pri:0, instance:tests.ElementsTests@479460a6]" started-at="2025-09-12T19:31:37 IST" name="setup" finished-at="2025-09-12T19:32:42 IST" duration-ms="64690" status="PASS">
          <params>
            <param index="0">
              <value>
                <![CDATA[public void tests.ElementsTests.ElementsCard()]]>
              </value>
            </param>
          </params>
          <reporter-output>
          </reporter-output>
        </test-method> <!-- setup -->
        <test-method signature="ElementsCard()[pri:1, instance:tests.ElementsTests@479460a6]" started-at="2025-09-12T19:32:42 IST" name="ElementsCard" finished-at="2025-09-12T19:32:42 IST" duration-ms="371" status="PASS">
          <reporter-output>
          </reporter-output>
        </test-method> <!-- ElementsCard -->
        <test-method is-config="true" signature="tearDown(org.testng.ITestResult)[pri:0, instance:tests.ElementsTests@479460a6]" started-at="2025-09-12T19:32:42 IST" name="tearDown" finished-at="2025-09-12T19:37:44 IST" duration-ms="301455" status="PASS">
          <params>
            <param index="0">
              <value>
                <![CDATA[[TestResult name=ElementsCard status=SUCCESS method=ElementsTests.ElementsCard()[pri:1, instance:tests.ElementsTests@479460a6] output={null}]]]>
              </value>
            </param>
          </params>
          <reporter-output>
          </reporter-output>
        </test-method> <!-- tearDown -->
        <test-method is-config="true" signature="setup(java.lang.reflect.Method)[pri:0, instance:tests.ElementsTests@479460a6]" started-at="2025-09-12T19:37:44 IST" name="setup" finished-at="2025-09-12T19:38:20 IST" duration-ms="35496" status="PASS">
          <params>
            <param index="0">
              <value>
                <![CDATA[public void tests.ElementsTests.TextBox(models.TextBoxUser)]]>
              </value>
            </param>
          </params>
          <reporter-output>
          </reporter-output>
        </test-method> <!-- setup -->
        <test-method signature="TextBox(models.TextBoxUser)[pri:2, instance:tests.ElementsTests@479460a6]" started-at="2025-09-12T19:38:20 IST" name="TextBox" data-provider="TextBoxUserData" finished-at="2025-09-12T19:38:24 IST" duration-ms="4429" status="PASS">
          <params>
            <param index="0">
              <value>
                <![CDATA[TextBoxUser{firstName='Johny', lastName='Bravo', email='Jbravo@demoqa.com', currentAddress='301 Town 481, Brookville\n kansas 42129\n United States', permanentAddress='511 Grant 481, Prattsville\n Arkansas 72129\n United States'}]]>
              </value>
            </param>
          </params>
          <reporter-output>
          </reporter-output>
        </test-method> <!-- TextBox -->
        <test-method is-config="true" signature="tearDown(org.testng.ITestResult)[pri:0, instance:tests.ElementsTests@479460a6]" started-at="2025-09-12T19:38:24 IST" name="tearDown" finished-at="2025-09-12T19:38:25 IST" duration-ms="522" status="PASS">
          <params>
            <param index="0">
              <value>
                <![CDATA[[TestResult name=TextBox status=SUCCESS method=ElementsTests.TextBox(models.TextBoxUser)[pri:2, instance:tests.ElementsTests@479460a6] output={null}]]]>
              </value>
            </param>
          </params>
          <reporter-output>
          </reporter-output>
        </test-method> <!-- tearDown -->
        <test-method is-config="true" signature="setup(java.lang.reflect.Method)[pri:0, instance:tests.ElementsTests@479460a6]" started-at="2025-09-12T19:38:25 IST" name="setup" finished-at="2025-09-12T19:39:00 IST" duration-ms="34997" status="PASS">
          <params>
            <param index="0">
              <value>
                <![CDATA[public void tests.ElementsTests.TextBox(models.TextBoxUser)]]>
              </value>
            </param>
          </params>
          <reporter-output>
          </reporter-output>
        </test-method> <!-- setup -->
        <test-method signature="TextBox(models.TextBoxUser)[pri:2, instance:tests.ElementsTests@479460a6]" started-at="2025-09-12T19:39:00 IST" name="TextBox" data-provider="TextBoxUserData" finished-at="2025-09-12T19:39:04 IST" duration-ms="4181" status="PASS">
          <params>
            <param index="0">
              <value>
                <![CDATA[TextBoxUser{firstName='Gene', lastName='Femina', email='GFemina@demoqa.com', currentAddress='302 Town 481, Brookville\n kansas 42129\n United States', permanentAddress='512 Grant 481, Prattsville\n Arkansas 72129\n United States'}]]>
              </value>
            </param>
          </params>
          <reporter-output>
          </reporter-output>
        </test-method> <!-- TextBox -->
        <test-method is-config="true" signature="tearDown(org.testng.ITestResult)[pri:0, instance:tests.ElementsTests@479460a6]" started-at="2025-09-12T19:39:04 IST" name="tearDown" finished-at="2025-09-12T19:39:05 IST" duration-ms="498" status="PASS">
          <params>
            <param index="0">
              <value>
                <![CDATA[[TestResult name=TextBox status=SUCCESS method=ElementsTests.TextBox(models.TextBoxUser)[pri:2, instance:tests.ElementsTests@479460a6] output={null}]]]>
              </value>
            </param>
          </params>
          <reporter-output>
          </reporter-output>
        </test-method> <!-- tearDown -->
        <test-method is-config="true" signature="setup(java.lang.reflect.Method)[pri:0, instance:tests.ElementsTests@479460a6]" started-at="2025-09-12T19:39:05 IST" name="setup" finished-at="2025-09-12T19:40:09 IST" duration-ms="64666" status="PASS">
          <params>
            <param index="0">
              <value>
                <![CDATA[public void tests.ElementsTests.TextBox(models.TextBoxUser)]]>
              </value>
            </param>
          </params>
          <reporter-output>
          </reporter-output>
        </test-method> <!-- setup -->
        <test-method signature="TextBox(models.TextBoxUser)[pri:2, instance:tests.ElementsTests@479460a6]" started-at="2025-09-12T19:40:09 IST" name="TextBox" data-provider="TextBoxUserData" finished-at="2025-09-12T19:40:14 IST" duration-ms="4655" status="PASS">
          <params>
            <param index="0">
              <value>
                <![CDATA[TextBoxUser{firstName='Bud', lastName='Wisem', email='BWisem@demoqa.com', currentAddress='303 Town 481, Brookville\n kansas 42129\n United States', permanentAddress='513 Grant 481, Prattsville\n Arkansas 72129\n United States'}]]>
              </value>
            </param>
          </params>
          <reporter-output>
          </reporter-output>
        </test-method> <!-- TextBox -->
        <test-method is-config="true" signature="tearDown(org.testng.ITestResult)[pri:0, instance:tests.ElementsTests@479460a6]" started-at="2025-09-12T19:40:14 IST" name="tearDown" finished-at="2025-09-12T19:40:14 IST" duration-ms="530" status="PASS">
          <params>
            <param index="0">
              <value>
                <![CDATA[[TestResult name=TextBox status=SUCCESS method=ElementsTests.TextBox(models.TextBoxUser)[pri:2, instance:tests.ElementsTests@479460a6] output={null}]]]>
              </value>
            </param>
          </params>
          <reporter-output>
          </reporter-output>
        </test-method> <!-- tearDown -->
        <test-method is-config="true" signature="setup(java.lang.reflect.Method)[pri:0, instance:tests.ElementsTests@479460a6]" started-at="2025-09-12T19:40:14 IST" name="setup" finished-at="2025-09-12T19:40:48 IST" duration-ms="33082" status="PASS">
          <params>
            <param index="0">
              <value>
                <![CDATA[public void tests.ElementsTests.TextBox(models.TextBoxUser)]]>
              </value>
            </param>
          </params>
          <reporter-output>
          </reporter-output>
        </test-method> <!-- setup -->
        <test-method signature="TextBox(models.TextBoxUser)[pri:2, instance:tests.ElementsTests@479460a6]" started-at="2025-09-12T19:40:48 IST" name="TextBox" data-provider="TextBoxUserData" finished-at="2025-09-12T19:40:52 IST" duration-ms="4077" status="PASS">
          <params>
            <param index="0">
              <value>
                <![CDATA[TextBoxUser{firstName='Tom', lastName='Boss', email='TBoss@demoqa.com', currentAddress='304 Town 481, Brookville\n kansas 42129\n United States', permanentAddress='514 Grant 481, Prattsville\n Arkansas 72129\n United States'}]]>
              </value>
            </param>
          </params>
          <reporter-output>
          </reporter-output>
        </test-method> <!-- TextBox -->
        <test-method is-config="true" signature="tearDown(org.testng.ITestResult)[pri:0, instance:tests.ElementsTests@479460a6]" started-at="2025-09-12T19:40:52 IST" name="tearDown" finished-at="2025-09-12T19:40:52 IST" duration-ms="437" status="PASS">
          <params>
            <param index="0">
              <value>
                <![CDATA[[TestResult name=TextBox status=SUCCESS method=ElementsTests.TextBox(models.TextBoxUser)[pri:2, instance:tests.ElementsTests@479460a6] output={null}]]]>
              </value>
            </param>
          </params>
          <reporter-output>
          </reporter-output>
        </test-method> <!-- tearDown -->
        <test-method is-config="true" signature="setup(java.lang.reflect.Method)[pri:0, instance:tests.ElementsTests@479460a6]" started-at="2025-09-12T19:40:52 IST" name="setup" finished-at="2025-09-12T19:41:57 IST" duration-ms="64596" status="PASS">
          <params>
            <param index="0">
              <value>
                <![CDATA[public void tests.ElementsTests.CheckBox()]]>
              </value>
            </param>
          </params>
          <reporter-output>
          </reporter-output>
        </test-method> <!-- setup -->
        <test-method signature="CheckBox()[pri:3, instance:tests.ElementsTests@479460a6]" started-at="2025-09-12T19:41:57 IST" name="CheckBox" finished-at="2025-09-12T19:41:58 IST" duration-ms="883" status="PASS">
          <reporter-output>
          </reporter-output>
        </test-method> <!-- CheckBox -->
        <test-method is-config="true" signature="tearDown(org.testng.ITestResult)[pri:0, instance:tests.ElementsTests@479460a6]" started-at="2025-09-12T19:41:58 IST" name="tearDown" finished-at="2025-09-12T19:41:58 IST" duration-ms="327" status="PASS">
          <params>
            <param index="0">
              <value>
                <![CDATA[[TestResult name=CheckBox status=SUCCESS method=ElementsTests.CheckBox()[pri:3, instance:tests.ElementsTests@479460a6] output={null}]]]>
              </value>
            </param>
          </params>
          <reporter-output>
          </reporter-output>
        </test-method> <!-- tearDown -->
        <test-method is-config="true" signature="setup(java.lang.reflect.Method)[pri:0, instance:tests.ElementsTests@479460a6]" started-at="2025-09-12T19:41:58 IST" name="setup" finished-at="2025-09-12T19:42:44 IST" duration-ms="46030" status="PASS">
          <params>
            <param index="0">
              <value>
                <![CDATA[public void tests.ElementsTests.SelectingHomeCheckBox()]]>
              </value>
            </param>
          </params>
          <reporter-output>
          </reporter-output>
        </test-method> <!-- setup -->
        <test-method signature="SelectingHomeCheckBox()[pri:4, instance:tests.ElementsTests@479460a6]" started-at="2025-09-12T19:42:44 IST" name="SelectingHomeCheckBox" finished-at="2025-09-12T19:42:48 IST" duration-ms="3705" status="PASS">
          <reporter-output>
          </reporter-output>
        </test-method> <!-- SelectingHomeCheckBox -->
        <test-method is-config="true" signature="tearDown(org.testng.ITestResult)[pri:0, instance:tests.ElementsTests@479460a6]" started-at="2025-09-12T19:42:48 IST" name="tearDown" finished-at="2025-09-12T19:42:48 IST" duration-ms="336" status="PASS">
          <params>
            <param index="0">
              <value>
                <![CDATA[[TestResult name=SelectingHomeCheckBox status=SUCCESS method=ElementsTests.SelectingHomeCheckBox()[pri:4, instance:tests.ElementsTests@479460a6] output={null}]]]>
              </value>
            </param>
          </params>
          <reporter-output>
          </reporter-output>
        </test-method> <!-- tearDown -->
        <test-method is-config="true" signature="setup(java.lang.reflect.Method)[pri:0, instance:tests.ElementsTests@479460a6]" started-at="2025-09-12T19:42:48 IST" name="setup" finished-at="2025-09-12T19:43:22 IST" duration-ms="34545" status="PASS">
          <params>
            <param index="0">
[...]
              </value>
            </param>
          </params>
          <reporter-output>
          </reporter-output>
        </test-method> <!-- tearDown -->
        <test-method is-config="true" signature="setup(java.lang.reflect.Method)[pri:0, instance:tests.AlertsFramesWindowsTests@1fb669c3]" started-at="2025-09-12T19:23:38 IST" name="setup" finished-at="2025-09-12T19:24:01 IST" duration-ms="22820" status="PASS">
          <params>
            <param index="0">
              <value>
                <![CDATA[public void tests.AlertsFramesWindowsTests.ClickPromptBoxFill()]]>
              </value>
            </param>
          </params>
          <reporter-output>
          </reporter-output>
        </test-method> <!-- setup -->
        <test-method signature="ClickPromptBoxFill()[pri:9, instance:tests.AlertsFramesWindowsTests@1fb669c3]" started-at="2025-09-12T19:24:01 IST" name="ClickPromptBoxFill" finished-at="2025-09-12T19:24:04 IST" duration-ms="3591" status="PASS">
          <reporter-output>
          </reporter-output>
        </test-method> <!-- ClickPromptBoxFill -->
        <test-method is-config="true" signature="tearDown(org.testng.ITestResult)[pri:0, instance:tests.AlertsFramesWindowsTests@1fb669c3]" started-at="2025-09-12T19:24:04 IST" name="tearDown" finished-at="2025-09-12T19:24:05 IST" duration-ms="332" status="PASS">
          <params>
            <param index="0">
              <value>
                <![CDATA[[TestResult name=ClickPromptBoxFill status=SUCCESS method=AlertsFramesWindowsTests.ClickPromptBoxFill()[pri:9, instance:tests.AlertsFramesWindowsTests@1fb669c3] output={null}]]]>
              </value>
            </param>
          </params>
          <reporter-output>
          </reporter-output>
        </test-method> <!-- tearDown -->
        <test-method is-config="true" signature="setup(java.lang.reflect.Method)[pri:0, instance:tests.AlertsFramesWindowsTests@1fb669c3]" started-at="2025-09-12T19:24:05 IST" name="setup" finished-at="2025-09-12T19:24:39 IST" duration-ms="34854" status="PASS">
          <params>
            <param index="0">
              <value>
                <![CDATA[public void tests.AlertsFramesWindowsTests.ClickFrames()]]>
              </value>
            </param>
          </params>
          <reporter-output>
          </reporter-output>
        </test-method> <!-- setup -->
        <test-method signature="ClickFrames()[pri:10, instance:tests.AlertsFramesWindowsTests@1fb669c3]" started-at="2025-09-12T19:24:39 IST" name="ClickFrames" finished-at="2025-09-12T19:24:40 IST" duration-ms="428" status="PASS">
          <reporter-output>
          </reporter-output>
        </test-method> <!-- ClickFrames -->
        <test-method is-config="true" signature="tearDown(org.testng.ITestResult)[pri:0, instance:tests.AlertsFramesWindowsTests@1fb669c3]" started-at="2025-09-12T19:24:40 IST" name="tearDown" finished-at="2025-09-12T19:24:40 IST" duration-ms="272" status="PASS">
          <params>
            <param index="0">
              <value>
                <![CDATA[[TestResult name=ClickFrames status=SUCCESS method=AlertsFramesWindowsTests.ClickFrames()[pri:10, instance:tests.AlertsFramesWindowsTests@1fb669c3] output={null}]]]>
              </value>
            </param>
          </params>
          <reporter-output>
          </reporter-output>
        </test-method> <!-- tearDown -->
        <test-method is-config="true" signature="setup(java.lang.reflect.Method)[pri:0, instance:tests.AlertsFramesWindowsTests@1fb669c3]" started-at="2025-09-12T19:24:40 IST" name="setup" finished-at="2025-09-12T19:25:22 IST" duration-ms="41567" status="PASS">
          <params>
            <param index="0">
              <value>
                <![CDATA[public void tests.AlertsFramesWindowsTests.GetFrame1()]]>
              </value>
            </param>
          </params>
          <reporter-output>
          </reporter-output>
        </test-method> <!-- setup -->
        <test-method signature="GetFrame1()[pri:11, instance:tests.AlertsFramesWindowsTests@1fb669c3]" started-at="2025-09-12T19:25:22 IST" name="GetFrame1" finished-at="2025-09-12T19:25:25 IST" duration-ms="3548" status="PASS">
          <reporter-output>
          </reporter-output>
        </test-method> <!-- GetFrame1 -->
        <test-method is-config="true" signature="tearDown(org.testng.ITestResult)[pri:0, instance:tests.AlertsFramesWindowsTests@1fb669c3]" started-at="2025-09-12T19:25:25 IST" name="tearDown" finished-at="2025-09-12T19:25:26 IST" duration-ms="325" status="PASS">
          <params>
            <param index="0">
              <value>
                <![CDATA[[TestResult name=GetFrame1 status=SUCCESS method=AlertsFramesWindowsTests.GetFrame1()[pri:11, instance:tests.AlertsFramesWindowsTests@1fb669c3] output={null}]]]>
              </value>
            </param>
          </params>
          <reporter-output>
          </reporter-output>
        </test-method> <!-- tearDown -->
        <test-method is-config="true" signature="setup(java.lang.reflect.Method)[pri:0, instance:tests.AlertsFramesWindowsTests@1fb669c3]" started-at="2025-09-12T19:25:26 IST" name="setup" finished-at="2025-09-12T19:26:31 IST" duration-ms="65138" status="PASS">
          <params>
            <param index="0">
              <value>
                <![CDATA[public void tests.AlertsFramesWindowsTests.GetFrame2()]]>
              </value>
            </param>
          </params>
          <reporter-output>
          </reporter-output>
        </test-method> <!-- setup -->
        <test-method signature="GetFrame2()[pri:12, instance:tests.AlertsFramesWindowsTests@1fb669c3]" started-at="2025-09-12T19:26:31 IST" name="GetFrame2" finished-at="2025-09-12T19:26:35 IST" duration-ms="3798" status="PASS">
          <reporter-output>
          </reporter-output>
        </test-method> <!-- GetFrame2 -->
        <test-method is-config="true" signature="tearDown(org.testng.ITestResult)[pri:0, instance:tests.AlertsFramesWindowsTests@1fb669c3]" started-at="2025-09-12T19:26:35 IST" name="tearDown" finished-at="2025-09-12T19:26:35 IST" duration-ms="383" status="PASS">
          <params>
            <param index="0">
              <value>
                <![CDATA[[TestResult name=GetFrame2 status=SUCCESS method=AlertsFramesWindowsTests.GetFrame2()[pri:12, instance:tests.AlertsFramesWindowsTests@1fb669c3] output={null}]]]>
              </value>
            </param>
          </params>
          <reporter-output>
          </reporter-output>
        </test-method> <!-- tearDown -->
        <test-method is-config="true" signature="setup(java.lang.reflect.Method)[pri:0, instance:tests.AlertsFramesWindowsTests@1fb669c3]" started-at="2025-09-12T19:26:35 IST" name="setup" finished-at="2025-09-12T19:27:40 IST" duration-ms="64682" status="PASS">
          <params>
            <param index="0">
              <value>
                <![CDATA[public void tests.AlertsFramesWindowsTests.ClickModalDialogs()]]>
              </value>
            </param>
          </params>
          <reporter-output>
          </reporter-output>
        </test-method> <!-- setup -->
        <test-method signature="ClickModalDialogs()[pri:13, instance:tests.AlertsFramesWindowsTests@1fb669c3]" started-at="2025-09-12T19:27:40 IST" name="ClickModalDialogs" finished-at="2025-09-12T19:27:41 IST" duration-ms="961" status="PASS">
          <reporter-output>
          </reporter-output>
        </test-method> <!-- ClickModalDialogs -->
        <test-method is-config="true" signature="tearDown(org.testng.ITestResult)[pri:0, instance:tests.AlertsFramesWindowsTests@1fb669c3]" started-at="2025-09-12T19:27:41 IST" name="tearDown" finished-at="2025-09-12T19:27:41 IST" duration-ms="351" status="PASS">
          <params>
            <param index="0">
              <value>
                <![CDATA[[TestResult name=ClickModalDialogs status=SUCCESS method=AlertsFramesWindowsTests.ClickModalDialogs()[pri:13, instance:tests.AlertsFramesWindowsTests@1fb669c3] output={null}]]]>
              </value>
            </param>
          </params>
          <reporter-output>
          </reporter-output>
        </test-method> <!-- tearDown -->
        <test-method is-config="true" signature="setup(java.lang.reflect.Method)[pri:0, instance:tests.AlertsFramesWindowsTests@1fb669c3]" started-at="2025-09-12T19:27:41 IST" name="setup" finished-at="2025-09-12T19:28:16 IST" duration-ms="35021" status="PASS">
          <params>
            <param index="0">
              <value>
                <![CDATA[public void tests.AlertsFramesWindowsTests.ClickNestedFrames()]]>
              </value>
            </param>
          </params>
          <reporter-output>
          </reporter-output>
        </test-method> <!-- setup -->
        <test-method signature="ClickNestedFrames()[pri:13, instance:tests.AlertsFramesWindowsTests@1fb669c3]" started-at="2025-09-12T19:28:16 IST" name="ClickNestedFrames" finished-at="2025-09-12T19:28:19 IST" duration-ms="3391" status="PASS">
          <reporter-output>
          </reporter-output>
        </test-method> <!-- ClickNestedFrames -->
        <test-method is-config="true" signature="tearDown(org.testng.ITestResult)[pri:0, instance:tests.AlertsFramesWindowsTests@1fb669c3]" started-at="2025-09-12T19:28:19 IST" name="tearDown" finished-at="2025-09-12T19:28:20 IST" duration-ms="334" status="PASS">
          <params>
            <param index="0">
              <value>
                <![CDATA[[TestResult name=ClickNestedFrames status=SUCCESS method=AlertsFramesWindowsTests.ClickNestedFrames()[pri:13, instance:tests.AlertsFramesWindowsTests@1fb669c3] output={null}]]]>
              </value>
            </param>
          </params>
          <reporter-output>
          </reporter-output>
        </test-method> <!-- tearDown -->
        <test-method is-config="true" signature="setup(java.lang.reflect.Method)[pri:0, instance:tests.AlertsFramesWindowsTests@1fb669c3]" started-at="2025-09-12T19:28:20 IST" name="setup" finished-at="2025-09-12T19:28:43 IST" duration-ms="23741" status="PASS">
          <params>
            <param index="0">
              <value>
                <![CDATA[public void tests.AlertsFramesWindowsTests.ClickLargeModal()]]>
              </value>
            </param>
          </params>
          <reporter-output>
          </reporter-output>
        </test-method> <!-- setup -->
        <test-method signature="ClickLargeModal()[pri:14, instance:tests.AlertsFramesWindowsTests@1fb669c3]" started-at="2025-09-12T19:28:43 IST" name="ClickLargeModal" finished-at="2025-09-12T19:28:47 IST" duration-ms="3525" status="FAIL">
          <exception class="java.lang.AssertionError">
            <message>
              <![CDATA[expected [] but found [Large Modal]]]>
            </message>
            <full-stacktrace>
              <![CDATA[java.lang.AssertionError: expected [] but found [Large Modal]
at org.testng.Assert.fail(Assert.java:111)
at org.testng.Assert.failNotEquals(Assert.java:1590)
at org.testng.Assert.assertEqualsImpl(Assert.java:150)
at org.testng.Assert.assertEquals(Assert.java:132)
at org.testng.Assert.assertEquals(Assert.java:656)
at org.testng.Assert.assertEquals(Assert.java:666)
at pages.alertsframewindowsPage.clickLargeModal(alertsframewindowsPage.java:462)
at tests.AlertsFramesWindowsTests.ClickLargeModal(AlertsFramesWindowsTests.java:330)
at java.base/jdk.internal.reflect.DirectMethodHandleAccessor.invoke(DirectMethodHandleAccessor.java:103)
at java.base/java.lang.reflect.Method.invoke(Method.java:580)
at org.testng.internal.invokers.MethodInvocationHelper.invokeMethod(MethodInvocationHelper.java:141)
at org.testng.internal.invokers.TestInvoker.invokeMethod(TestInvoker.java:687)
at org.testng.internal.invokers.TestInvoker.invokeTestMethod(TestInvoker.java:230)
at org.testng.internal.invokers.MethodRunner.runInSequence(MethodRunner.java:63)
at org.testng.internal.invokers.TestInvoker$MethodInvocationAgent.invoke(TestInvoker.java:995)
at org.testng.internal.invokers.TestInvoker.invokeTestMethods(TestInvoker.java:203)
at org.testng.internal.invokers.TestMethodWorker.invokeTestMethods(TestMethodWorker.java:154)
at org.testng.internal.invokers.TestMethodWorker.run(TestMethodWorker.java:134)
at java.base/java.util.ArrayList.forEach(ArrayList.java:1596)
at org.testng.TestRunner.privateRun(TestRunner.java:741)
at org.testng.TestRunner.run(TestRunner.java:616)
at org.testng.SuiteRunner.runTest(SuiteRunner.java:421)
at org.testng.SuiteRunner.runSequentially(SuiteRunner.java:413)
at org.testng.SuiteRunner.privateRun(SuiteRunner.java:373)
at org.testng.SuiteRunner.run(SuiteRunner.java:312)
at org.testng.SuiteRunnerWorker.runSuite(SuiteRunnerWorker.java:52)
at org.testng.SuiteRunnerWorker.run(SuiteRunnerWorker.java:95)
at org.testng.TestNG.runSuitesSequentially(TestNG.java:1274)
at org.testng.TestNG.runSuitesLocally(TestNG.java:1208)
at org.testng.TestNG.runSuites(TestNG.java:1112)
at org.testng.TestNG.run(TestNG.java:1079)
at org.apache.maven.surefire.testng.TestNGExecutor.run(TestNGExecutor.java:155)
at org.apache.maven.surefire.testng.TestNGDirectoryTestSuite.executeMulti(TestNGDirectoryTestSuite.java:169)
at org.apache.maven.surefire.testng.TestNGDirectoryTestSuite.execute(TestNGDirectoryTestSuite.java:88)
at org.apache.maven.surefire.testng.TestNGProvider.invoke(TestNGProvider.java:137)
at org.apache.maven.surefire.booter.ForkedBooter.runSuitesInProcess(ForkedBooter.java:385)
at org.apache.maven.surefire.booter.ForkedBooter.execute(ForkedBooter.java:162)
at org.apache.maven.surefire.booter.ForkedBooter.run(ForkedBooter.java:507)
at org.apache.maven.surefire.booter.ForkedBooter.main(ForkedBooter.java:495)
]]>
            </full-stacktrace>
          </exception> <!-- java.lang.AssertionError -->
          <reporter-output>
          </reporter-output>
        </test-method> <!-- ClickLargeModal -->
        <test-method is-config="true" signature="tearDown(org.testng.ITestResult)[pri:0, instance:tests.AlertsFramesWindowsTests@1fb669c3]" started-at="2025-09-12T19:28:47 IST" name="tearDown" finished-at="2025-09-12T19:28:48 IST" duration-ms="594" status="PASS">
          <params>
            <param index="0">
              <value>
                <![CDATA[[TestResult name=ClickLargeModal status=FAILURE method=AlertsFramesWindowsTests.ClickLargeModal()[pri:14, instance:tests.AlertsFramesWindowsTests@1fb669c3] output={null}]]]>
              </value>
            </param>
          </params>
          <reporter-output>
          </reporter-output>
        </test-method> <!-- tearDown -->
        <test-method is-config="true" signature="setup(java.lang.reflect.Method)[pri:0, instance:tests.AlertsFramesWindowsTests@1fb669c3]" started-at="2025-09-12T19:28:48 IST" name="setup" finished-at="2025-09-12T19:29:13 IST" duration-ms="25349" status="PASS">
          <params>
            <param index="0">
              <value>
                <![CDATA[public void tests.AlertsFramesWindowsTests.ClickSmallModal()]]>
              </value>
            </param>
          </params>
          <reporter-output>
          </reporter-output>
        </test-method> <!-- setup -->
        <test-method signature="ClickSmallModal()[pri:14, instance:tests.AlertsFramesWindowsTests@1fb669c3]" started-at="2025-09-12T19:29:13 IST" name="ClickSmallModal" finished-at="2025-09-12T19:29:17 IST" duration-ms="3662" status="PASS">
          <reporter-output>
          </reporter-output>
        </test-method> <!-- ClickSmallModal -->
        <test-method is-config="true" signature="tearDown(org.testng.ITestResult)[pri:0, instance:tests.AlertsFramesWindowsTests@1fb669c3]" started-at="2025-09-12T19:29:17 IST" name="tearDown" finished-at="2025-09-12T19:29:17 IST" duration-ms="326" status="PASS">
          <params>
            <param index="0">
              <value>
                <![CDATA[[TestResult name=ClickSmallModal status=SUCCESS method=AlertsFramesWindowsTests.ClickSmallModal()[pri:14, instance:tests.AlertsFramesWindowsTests@1fb669c3] output={null}]]]>
              </value>
            </param>
          </params>
          <reporter-output>
          </reporter-output>
        </test-method> <!-- tearDown -->
        <test-method is-config="true" signature="setup(java.lang.reflect.Method)[pri:0, instance:tests.AlertsFramesWindowsTests@1fb669c3]" started-at="2025-09-12T19:29:17 IST" name="setup" finished-at="2025-09-12T19:30:21 IST" duration-ms="64632" status="PASS">
          <params>
            <param index="0">
              <value>
                <![CDATA[public void tests.AlertsFramesWindowsTests.GetParentFrame()]]>
              </value>
            </param>
          </params>
          <reporter-output>
          </reporter-output>
        </test-method> <!-- setup -->
        <test-method signature="GetParentFrame()[pri:14, instance:tests.AlertsFramesWindowsTests@1fb669c3]" started-at="2025-09-12T19:30:21 IST" name="GetParentFrame" finished-at="2025-09-12T19:30:28 IST" duration-ms="6782" status="PASS">
          <reporter-output>
          </reporter-output>
        </test-method> <!-- GetParentFrame -->
        <test-method is-config="true" signature="tearDown(org.testng.ITestResult)[pri:0, instance:tests.AlertsFramesWindowsTests@1fb669c3]" started-at="2025-09-12T19:30:28 IST" name="tearDown" finished-at="2025-09-12T19:30:29 IST" duration-ms="359" status="PASS">
          <params>
            <param index="0">
              <value>
                <![CDATA[[TestResult name=GetParentFrame status=SUCCESS method=AlertsFramesWindowsTests.GetParentFrame()[pri:14, instance:tests.AlertsFramesWindowsTests@1fb669c3] output={null}]]]>
              </value>
            </param>
          </params>
          <reporter-output>
          </reporter-output>
        </test-method> <!-- tearDown -->
        <test-method is-config="true" signature="setup(java.lang.reflect.Method)[pri:0, instance:tests.AlertsFramesWindowsTests@1fb669c3]" started-at="2025-09-12T19:30:29 IST" name="setup" finished-at="2025-09-12T19:31:33 IST" duration-ms="64674" status="PASS">
          <params>
            <param index="0">
              <value>
                <![CDATA[public void tests.AlertsFramesWindowsTests.GetChildFrame()]]>
              </value>
            </param>
          </params>
          <reporter-output>
          </reporter-output>
        </test-method> <!-- setup -->
        <test-method signature="GetChildFrame()[pri:15, instance:tests.AlertsFramesWindowsTests@1fb669c3]" started-at="2025-09-12T19:31:33 IST" name="GetChildFrame" finished-at="2025-09-12T19:31:37 IST" duration-ms="3550" status="PASS">
          <reporter-output>
          </reporter-output>
        </test-method> <!-- GetChildFrame -->
        <test-method is-config="true" signature="tearDown(org.testng.ITestResult)[pri:0, instance:tests.AlertsFramesWindowsTests@1fb669c3]" started-at="2025-09-12T19:31:37 IST" name="tearDown" finished-at="2025-09-12T19:31:37 IST" duration-ms="383" status="PASS">
          <params>
            <param index="0">
              <value>
                <![CDATA[[TestResult name=GetChildFrame status=SUCCESS method=AlertsFramesWindowsTests.GetChildFrame()[pri:15, instance:tests.AlertsFramesWindowsTests@1fb669c3] output={null}]]]>
              </value>
            </param>
          </params>
          <reporter-output>
          </reporter-output>
        </test-method> <!-- tearDown -->
        <test-method is-config="true" signature="teardownSuite()[pri:0, instance:tests.AlertsFramesWindowsTests@1fb669c3]" started-at="2025-09-12T21:33:17 IST" name="teardownSuite" finished-at="2025-09-12T21:33:51 IST" duration-ms="34127" status="PASS">
          <reporter-output>
          </reporter-output>
        </test-method> <!-- teardownSuite -->
      </class> <!-- tests.AlertsFramesWindowsTests -->
    </test> <!-- Surefire test -->
  </suite> <!-- Surefire suite -->
</testng-results>
