<?xml version="1.0" encoding="UTF-8"?>
<testng-results ignored="0" total="123" passed="73" failed="3" skipped="47">
  <reporter-output>
  </reporter-output>
  <suite started-at="2025-09-07T14:01:18 IST" name="Surefire suite" finished-at="2025-09-07T14:57:25 IST" duration-ms="3366917">
    <groups>
    </groups>
    <test started-at="2025-09-07T14:01:18 IST" name="Surefire test" finished-at="2025-09-07T14:57:25 IST" duration-ms="3366917">
      <class name="tests.FormTests">
        <test-method is-config="true" signature="setUP()[pri:0, instance:tests.FormTests@7a220c9a]" started-at="2025-09-07T14:31:45 IST" name="setUP" finished-at="2025-09-07T14:32:53 IST" duration-ms="68073" status="PASS">
          <reporter-output>
          </reporter-output>
        </test-method> <!-- setUP -->
        <test-method signature="FormsCard()[pri:1, instance:tests.FormTests@7a220c9a]" started-at="2025-09-07T14:32:53 IST" name="FormsCard" finished-at="2025-09-07T14:32:54 IST" duration-ms="1108" status="PASS">
          <reporter-output>
          </reporter-output>
        </test-method> <!-- FormsCard -->
        <test-method is-config="true" signature="tearDown(org.testng.ITestResult)[pri:0, instance:tests.FormTests@7a220c9a]" started-at="2025-09-07T14:32:54 IST" name="tearDown" finished-at="2025-09-07T14:32:55 IST" duration-ms="399" status="PASS">
          <params>
            <param index="0">
              <value>
                <![CDATA[[TestResult name=FormsCard status=SUCCESS method=FormTests.FormsCard()[pri:1, instance:tests.FormTests@7a220c9a] output={null}]]]>
              </value>
            </param>
          </params>
          <reporter-output>
          </reporter-output>
        </test-method> <!-- tearDown -->
        <test-method is-config="true" signature="setUP()[pri:0, instance:tests.FormTests@7a220c9a]" started-at="2025-09-07T14:32:55 IST" name="setUP" finished-at="2025-09-07T14:33:33 IST" duration-ms="38209" status="PASS">
          <reporter-output>
          </reporter-output>
        </test-method> <!-- setUP -->
        <test-method signature="FormButton()[pri:2, instance:tests.FormTests@7a220c9a]" started-at="2025-09-07T14:33:33 IST" name="FormButton" finished-at="2025-09-07T14:33:33 IST" duration-ms="490" status="PASS">
          <reporter-output>
          </reporter-output>
        </test-method> <!-- FormButton -->
        <test-method is-config="true" signature="tearDown(org.testng.ITestResult)[pri:0, instance:tests.FormTests@7a220c9a]" started-at="2025-09-07T14:33:33 IST" name="tearDown" finished-at="2025-09-07T14:33:34 IST" duration-ms="497" status="PASS">
          <params>
            <param index="0">
              <value>
                <![CDATA[[TestResult name=FormButton status=SUCCESS method=FormTests.FormButton()[pri:2, instance:tests.FormTests@7a220c9a] output={null}]]]>
              </value>
            </param>
          </params>
          <reporter-output>
          </reporter-output>
        </test-method> <!-- tearDown -->
        <test-method is-config="true" signature="setUP()[pri:0, instance:tests.FormTests@7a220c9a]" started-at="2025-09-07T14:33:34 IST" name="setUP" finished-at="2025-09-07T14:34:11 IST" duration-ms="36629" status="PASS">
          <reporter-output>
          </reporter-output>
        </test-method> <!-- setUP -->
        <test-method signature="fillForm(models.UserFormData)[pri:3, instance:tests.FormTests@7a220c9a]" started-at="2025-09-07T14:34:11 IST" name="fillForm" data-provider="UserFormData" finished-at="2025-09-07T14:34:17 IST" duration-ms="6453" status="PASS">
          <params>
            <param index="0">
              <value>
                <![CDATA[UserFormData{firstName='Johny', lastName='Bravo', userMail='Jbravo@demoqa.com', gender='Male', mobile='9.238343488E9', dob='15/08/2000', subject='Computer Science', hobbies='Sports,Music', picturePath='/TestData/Mphoto.jpg', address='511 Grant 481, Prattsville\n Arkansas 72129\n United States', state='NCR', city='Delhi'}]]>
              </value>
            </param>
          </params>
          <reporter-output>
          </reporter-output>
        </test-method> <!-- fillForm -->
        <test-method is-config="true" signature="tearDown(org.testng.ITestResult)[pri:0, instance:tests.FormTests@7a220c9a]" started-at="2025-09-07T14:34:17 IST" name="tearDown" finished-at="2025-09-07T14:34:18 IST" duration-ms="636" status="PASS">
          <params>
            <param index="0">
              <value>
                <![CDATA[[TestResult name=fillForm status=SUCCESS method=FormTests.fillForm(models.UserFormData)[pri:3, instance:tests.FormTests@7a220c9a] output={null}]]]>
              </value>
            </param>
          </params>
          <reporter-output>
          </reporter-output>
        </test-method> <!-- tearDown -->
        <test-method is-config="true" signature="setUP()[pri:0, instance:tests.FormTests@7a220c9a]" started-at="2025-09-07T14:34:18 IST" name="setUP" finished-at="2025-09-07T14:34:53 IST" duration-ms="34995" status="PASS">
          <reporter-output>
          </reporter-output>
        </test-method> <!-- setUP -->
        <test-method signature="fillForm(models.UserFormData)[pri:3, instance:tests.FormTests@7a220c9a]" started-at="2025-09-07T14:34:53 IST" name="fillForm" data-provider="UserFormData" finished-at="2025-09-07T14:34:59 IST" duration-ms="6217" status="PASS">
          <params>
            <param index="0">
              <value>
                <![CDATA[UserFormData{firstName='Gene', lastName='Femina', userMail='GFemina@demoqa.com', gender='Female', mobile='1.888343432E9', dob='22/05/2002', subject='Accounting', hobbies='Music,Reading', picturePath='/TestData/Fphoto.png', address='512 Grant 481, Prattsville\n Arkansas 72129\n United States', state='Uttar Pradesh', city='Merrut'}]]>
              </value>
            </param>
          </params>
          <reporter-output>
          </reporter-output>
        </test-method> <!-- fillForm -->
        <test-method is-config="true" signature="tearDown(org.testng.ITestResult)[pri:0, instance:tests.FormTests@7a220c9a]" started-at="2025-09-07T14:34:59 IST" name="tearDown" finished-at="2025-09-07T14:35:00 IST" duration-ms="582" status="PASS">
          <params>
            <param index="0">
              <value>
                <![CDATA[[TestResult name=fillForm status=SUCCESS method=FormTests.fillForm(models.UserFormData)[pri:3, instance:tests.FormTests@7a220c9a] output={null}]]]>
              </value>
            </param>
          </params>
          <reporter-output>
          </reporter-output>
        </test-method> <!-- tearDown -->
        <test-method is-config="true" signature="setUP()[pri:0, instance:tests.FormTests@7a220c9a]" started-at="2025-09-07T14:35:00 IST" name="setUP" finished-at="2025-09-07T14:35:35 IST" duration-ms="35019" status="PASS">
          <reporter-output>
          </reporter-output>
        </test-method> <!-- setUP -->
        <test-method signature="fillForm(models.UserFormData)[pri:3, instance:tests.FormTests@7a220c9a]" started-at="2025-09-07T14:35:35 IST" name="fillForm" data-provider="UserFormData" finished-at="2025-09-07T14:35:41 IST" duration-ms="6452" status="PASS">
          <params>
            <param index="0">
              <value>
                <![CDATA[UserFormData{firstName='Bud', lastName='Wisem', userMail='BWisem@demoqa.com', gender='Other', mobile='8.932465432E9', dob='31/12/1999', subject='Biology', hobbies='Reading', picturePath='/TestData/Ophoto.jpg', address='513 Grant 481, Prattsville\n Arkansas 72129\n United States', state='Haryana', city='Panipat'}]]>
              </value>
            </param>
          </params>
          <reporter-output>
          </reporter-output>
        </test-method> <!-- fillForm -->
        <test-method is-config="true" signature="tearDown(org.testng.ITestResult)[pri:0, instance:tests.FormTests@7a220c9a]" started-at="2025-09-07T14:35:41 IST" name="tearDown" finished-at="2025-09-07T14:35:42 IST" duration-ms="593" status="PASS">
          <params>
            <param index="0">
              <value>
                <![CDATA[[TestResult name=fillForm status=SUCCESS method=FormTests.fillForm(models.UserFormData)[pri:3, instance:tests.FormTests@7a220c9a] output={null}]]]>
              </value>
            </param>
          </params>
          <reporter-output>
          </reporter-output>
        </test-method> <!-- tearDown -->
        <test-method is-config="true" signature="setUP()[pri:0, instance:tests.FormTests@7a220c9a]" started-at="2025-09-07T14:35:42 IST" name="setUP" finished-at="2025-09-07T14:37:22 IST" duration-ms="100550" status="FAIL">
          <exception class="java.lang.RuntimeException">
            <message>
              <![CDATA[Failed to navigate to https://demoqa.com after 3 attempts]]>
            </message>
            <full-stacktrace>
              <![CDATA[java.lang.RuntimeException: Failed to navigate to https://demoqa.com after 3 attempts
at utils.RetryUrlAccess.navigateWithRetry(RetryUrlAccess.java:32)
at base.demoqaBase.setUP(demoqaBase.java:106)
at java.base/jdk.internal.reflect.DirectMethodHandleAccessor.invoke(DirectMethodHandleAccessor.java:103)
at java.base/java.lang.reflect.Method.invoke(Method.java:580)
at org.testng.internal.invokers.MethodInvocationHelper.invokeMethod(MethodInvocationHelper.java:141)
at org.testng.internal.invokers.MethodInvocationHelper.invokeMethodConsideringTimeout(MethodInvocationHelper.java:71)
at org.testng.internal.invokers.ConfigInvoker.invokeConfigurationMethod(ConfigInvoker.java:400)
at org.testng.internal.invokers.ConfigInvoker.invokeConfigurations(ConfigInvoker.java:333)
at org.testng.internal.invokers.TestInvoker.runConfigMethods(TestInvoker.java:836)
at org.testng.internal.invokers.TestInvoker.invokeMethod(TestInvoker.java:601)
at org.testng.internal.invokers.TestInvoker.invokeTestMethod(TestInvoker.java:230)
at org.testng.internal.invokers.MethodRunner.runInSequence(MethodRunner.java:63)
at org.testng.internal.invokers.TestInvoker$MethodInvocationAgent.invoke(TestInvoker.java:995)
at org.testng.internal.invokers.TestInvoker.invokeTestMethods(TestInvoker.java:203)
at org.testng.internal.invokers.TestMethodWorker.invokeTestMethods(TestMethodWorker.java:154)
at org.testng.internal.invokers.TestMethodWorker.run(TestMethodWorker.java:134)
at java.base/java.util.ArrayList.forEach(ArrayList.java:1596)
at org.testng.TestRunner.privateRun(TestRunner.java:741)
at org.testng.TestRunner.run(TestRunner.java:616)
at org.testng.SuiteRunner.runTest(SuiteRunner.java:421)
at org.testng.SuiteRunner.runSequentially(SuiteRunner.java:413)
at org.testng.SuiteRunner.privateRun(SuiteRunner.java:373)
at org.testng.SuiteRunner.run(SuiteRunner.java:312)
at org.testng.SuiteRunnerWorker.runSuite(SuiteRunnerWorker.java:52)
at org.testng.SuiteRunnerWorker.run(SuiteRunnerWorker.java:95)
at org.testng.TestNG.runSuitesSequentially(TestNG.java:1274)
at org.testng.TestNG.runSuitesLocally(TestNG.java:1208)
at org.testng.TestNG.runSuites(TestNG.java:1112)
at org.testng.TestNG.run(TestNG.java:1079)
at org.apache.maven.surefire.testng.TestNGExecutor.run(TestNGExecutor.java:155)
at org.apache.maven.surefire.testng.TestNGDirectoryTestSuite.executeMulti(TestNGDirectoryTestSuite.java:169)
at org.apache.maven.surefire.testng.TestNGDirectoryTestSuite.execute(TestNGDirectoryTestSuite.java:88)
at org.apache.maven.surefire.testng.TestNGProvider.invoke(TestNGProvider.java:137)
at org.apache.maven.surefire.booter.ForkedBooter.runSuitesInProcess(ForkedBooter.java:385)
at org.apache.maven.surefire.booter.ForkedBooter.execute(ForkedBooter.java:162)
at org.apache.maven.surefire.booter.ForkedBooter.run(ForkedBooter.java:507)
at org.apache.maven.surefire.booter.ForkedBooter.main(ForkedBooter.java:495)
]]>
            </full-stacktrace>
          </exception> <!-- java.lang.RuntimeException -->
          <reporter-output>
          </reporter-output>
        </test-method> <!-- setUP -->
        <test-method signature="fillForm(models.UserFormData)[pri:3, instance:tests.FormTests@7a220c9a]" started-at="2025-09-07T14:37:22 IST" name="fillForm" data-provider="UserFormData" finished-at="2025-09-07T14:37:22 IST" duration-ms="0" status="SKIP">
          <params>
            <param index="0">
              <value>
                <![CDATA[UserFormData{firstName='Tom', lastName='Boss', userMail='TBoss@demoqa.com', gender='Male', mobile='7.839875281E9', dob='1/26/03', subject='Social Studies', hobbies='Sports,Reading', picturePath='/TestData/M2photo.jpg', address='514 Grant 481, Prattsville\n Arkansas 72129\n United States', state='Rajasthan', city='Jaiselmer'}]]>
              </value>
            </param>
          </params>
          <exception class="java.lang.RuntimeException">
            <message>
              <![CDATA[Failed to navigate to https://demoqa.com after 3 attempts]]>
            </message>
            <full-stacktrace>
              <![CDATA[java.lang.RuntimeException: Failed to navigate to https://demoqa.com after 3 attempts
at utils.RetryUrlAccess.navigateWithRetry(RetryUrlAccess.java:32)
at base.demoqaBase.setUP(demoqaBase.java:106)
at java.base/jdk.internal.reflect.DirectMethodHandleAccessor.invoke(DirectMethodHandleAccessor.java:103)
at java.base/java.lang.reflect.Method.invoke(Method.java:580)
at org.testng.internal.invokers.MethodInvocationHelper.invokeMethod(MethodInvocationHelper.java:141)
at org.testng.internal.invokers.MethodInvocationHelper.invokeMethodConsideringTimeout(MethodInvocationHelper.java:71)
at org.testng.internal.invokers.ConfigInvoker.invokeConfigurationMethod(ConfigInvoker.java:400)
at org.testng.internal.invokers.ConfigInvoker.invokeConfigurations(ConfigInvoker.java:333)
at org.testng.internal.invokers.TestInvoker.runConfigMethods(TestInvoker.java:836)
at org.testng.internal.invokers.TestInvoker.invokeMethod(TestInvoker.java:601)
at org.testng.internal.invokers.TestInvoker.invokeTestMethod(TestInvoker.java:230)
at org.testng.internal.invokers.MethodRunner.runInSequence(MethodRunner.java:63)
at org.testng.internal.invokers.TestInvoker$MethodInvocationAgent.invoke(TestInvoker.java:995)
at org.testng.internal.invokers.TestInvoker.invokeTestMethods(TestInvoker.java:203)
at org.testng.internal.invokers.TestMethodWorker.invokeTestMethods(TestMethodWorker.java:154)
at org.testng.internal.invokers.TestMethodWorker.run(TestMethodWorker.java:134)
at java.base/java.util.ArrayList.forEach(ArrayList.java:1596)
at org.testng.TestRunner.privateRun(TestRunner.java:741)
at org.testng.TestRunner.run(TestRunner.java:616)
at org.testng.SuiteRunner.runTest(SuiteRunner.java:421)
at org.testng.SuiteRunner.runSequentially(SuiteRunner.java:413)
at org.testng.SuiteRunner.privateRun(SuiteRunner.java:373)
at org.testng.SuiteRunner.run(SuiteRunner.java:312)
at org.testng.SuiteRunnerWorker.runSuite(SuiteRunnerWorker.java:52)
at org.testng.SuiteRunnerWorker.run(SuiteRunnerWorker.java:95)
at org.testng.TestNG.runSuitesSequentially(TestNG.java:1274)
at org.testng.TestNG.runSuitesLocally(TestNG.java:1208)
at org.testng.TestNG.runSuites(TestNG.java:1112)
at org.testng.TestNG.run(TestNG.java:1079)
at org.apache.maven.surefire.testng.TestNGExecutor.run(TestNGExecutor.java:155)
at org.apache.maven.surefire.testng.TestNGDirectoryTestSuite.executeMulti(TestNGDirectoryTestSuite.java:169)
at org.apache.maven.surefire.testng.TestNGDirectoryTestSuite.execute(TestNGDirectoryTestSuite.java:88)
at org.apache.maven.surefire.testng.TestNGProvider.invoke(TestNGProvider.java:137)
at org.apache.maven.surefire.booter.ForkedBooter.runSuitesInProcess(ForkedBooter.java:385)
at org.apache.maven.surefire.booter.ForkedBooter.execute(ForkedBooter.java:162)
at org.apache.maven.surefire.booter.ForkedBooter.run(ForkedBooter.java:507)
at org.apache.maven.surefire.booter.ForkedBooter.main(ForkedBooter.java:495)
]]>
            </full-stacktrace>
          </exception> <!-- java.lang.RuntimeException -->
          <reporter-output>
          </reporter-output>
        </test-method> <!-- fillForm -->
        <test-method is-config="true" signature="tearDown(org.testng.ITestResult)[pri:0, instance:tests.FormTests@7a220c9a]" started-at="2025-09-07T14:37:22 IST" name="tearDown" finished-at="2025-09-07T14:37:22 IST" duration-ms="0" status="SKIP">
          <reporter-output>
          </reporter-output>
        </test-method> <!-- tearDown -->
      </class> <!-- tests.FormTests -->
      <class name="tests.WidgetsTests">
        <test-method is-config="true" signature="setUP()[pri:0, instance:tests.WidgetsTests@2421cc4]" started-at="2025-09-07T14:37:22 IST" name="setUP" finished-at="2025-09-07T14:38:31 IST" duration-ms="69027" status="PASS">
          <reporter-output>
          </reporter-output>
        </test-method> <!-- setUP -->
        <test-method signature="accessWidgets()[pri:1, instance:tests.WidgetsTests@2421cc4]" started-at="2025-09-07T14:38:31 IST" name="accessWidgets" finished-at="2025-09-07T14:38:32 IST" duration-ms="545" status="PASS">
          <reporter-output>
          </reporter-output>
        </test-method> <!-- accessWidgets -->
        <test-method is-config="true" signature="tearDown(org.testng.ITestResult)[pri:0, instance:tests.WidgetsTests@2421cc4]" started-at="2025-09-07T14:38:32 IST" name="tearDown" finished-at="2025-09-07T14:38:32 IST" duration-ms="379" status="PASS">
          <params>
            <param index="0">
              <value>
                <![CDATA[[TestResult name=accessWidgets status=SUCCESS method=WidgetsTests.accessWidgets()[pri:1, instance:tests.WidgetsTests@2421cc4] output={null}]]]>
              </value>
            </param>
          </params>
          <reporter-output>
          </reporter-output>
        </test-method> <!-- tearDown -->
        <test-method is-config="true" signature="setUP()[pri:0, instance:tests.WidgetsTests@2421cc4]" started-at="2025-09-07T14:38:32 IST" name="setUP" finished-at="2025-09-07T14:39:08 IST" duration-ms="35615" status="PASS">
          <reporter-output>
          </reporter-output>
        </test-method> <!-- setUP -->
        <test-method signature="Accordian()[pri:2, instance:tests.WidgetsTests@2421cc4]" started-at="2025-09-07T14:39:08 IST" name="Accordian" finished-at="2025-09-07T14:39:09 IST" duration-ms="1083" status="PASS">
          <reporter-output>
          </reporter-output>
        </test-method> <!-- Accordian -->
        <test-method is-config="true" signature="tearDown(org.testng.ITestResult)[pri:0, instance:tests.WidgetsTests@2421cc4]" started-at="2025-09-07T14:39:09 IST" name="tearDown" finished-at="2025-09-07T14:39:09 IST" duration-ms="421" status="PASS">
          <params>
            <param index="0">
              <value>
                <![CDATA[[TestResult name=Accordian status=SUCCESS method=WidgetsTests.Accordian()[pri:2, instance:tests.WidgetsTests@2421cc4] output={null}]]]>
              </value>
            </param>
          </params>
          <reporter-output>
          </reporter-output>
        </test-method> <!-- tearDown -->
        <test-method is-config="true" signature="setUP()[pri:0, instance:tests.WidgetsTests@2421cc4]" started-at="2025-09-07T14:39:09 IST" name="setUP" finished-at="2025-09-07T14:39:44 IST" duration-ms="35148" status="PASS">
          <reporter-output>
          </reporter-output>
        </test-method> <!-- setUP -->
        <test-method signature="AccessWhatis()[pri:3, instance:tests.WidgetsTests@2421cc4]" started-at="2025-09-07T14:39:44 IST" name="AccessWhatis" finished-at="2025-09-07T14:39:46 IST" duration-ms="1844" status="PASS">
          <reporter-output>
          </reporter-output>
        </test-method> <!-- AccessWhatis -->
        <test-method is-config="true" signature="tearDown(org.testng.ITestResult)[pri:0, instance:tests.WidgetsTests@2421cc4]" started-at="2025-09-07T14:39:46 IST" name="tearDown" finished-at="2025-09-07T14:39:47 IST" duration-ms="704" status="PASS">
          <params>
            <param index="0">
              <value>
                <![CDATA[[TestResult name=AccessWhatis status=SUCCESS method=WidgetsTests.AccessWhatis()[pri:3, instance:tests.WidgetsTests@2421cc4] output={null}]]]>
              </value>
            </param>
          </params>
          <reporter-output>
          </reporter-output>
        </test-method> <!-- tearDown -->
        <test-method is-config="true" signature="setUP()[pri:0, instance:tests.WidgetsTests@2421cc4]" started-at="2025-09-07T14:39:47 IST" name="setUP" finished-at="2025-09-07T14:40:22 IST" duration-ms="35033" status="PASS">
          <reporter-output>
          </reporter-output>
        </test-method> <!-- setUP -->
        <test-method signature="AccessWhereDoes()[pri:4, instance:tests.WidgetsTests@2421cc4]" started-at="2025-09-07T14:40:22 IST" name="AccessWhereDoes" finished-at="2025-09-07T14:40:24 IST" duration-ms="2356" status="PASS">
          <reporter-output>
          </reporter-output>
        </test-method> <!-- AccessWhereDoes -->
        <test-method is-config="true" signature="tearDown(org.testng.ITestResult)[pri:0, instance:tests.WidgetsTests@2421cc4]" started-at="2025-09-07T14:40:24 IST" name="tearDown" finished-at="2025-09-07T14:40:25 IST" duration-ms="430" status="PASS">
          <params>
            <param index="0">
              <value>
                <![CDATA[[TestResult name=AccessWhereDoes status=SUCCESS method=WidgetsTests.AccessWhereDoes()[pri:4, instance:tests.WidgetsTests@2421cc4] output={null}]]]>
              </value>
            </param>
          </params>
          <reporter-output>
          </reporter-output>
        </test-method> <!-- tearDown -->
        <test-method is-config="true" signature="setUP()[pri:0, instance:tests.WidgetsTests@2421cc4]" started-at="2025-09-07T14:40:25 IST" name="setUP" finished-at="2025-09-07T14:41:00 IST" duration-ms="35043" status="PASS">
          <reporter-output>
          </reporter-output>
        </test-method> <!-- setUP -->
        <test-method signature="AccessWhyDoWe()[pri:5, instance:tests.WidgetsTests@2421cc4]" started-at="2025-09-07T14:41:00 IST" name="AccessWhyDoWe" finished-at="2025-09-07T14:41:01 IST" duration-ms="1316" status="PASS">
          <reporter-output>
          </reporter-output>
        </test-method> <!-- AccessWhyDoWe -->
        <test-method is-config="true" signature="tearDown(org.testng.ITestResult)[pri:0, instance:tests.WidgetsTests@2421cc4]" started-at="2025-09-07T14:41:01 IST" name="tearDown" finished-at="2025-09-07T14:41:02 IST" duration-ms="511" status="PASS">
          <params>
            <param index="0">
              <value>
                <![CDATA[[TestResult name=AccessWhyDoWe status=SUCCESS method=WidgetsTests.AccessWhyDoWe()[pri:5, instance:tests.WidgetsTests@2421cc4] output={null}]]]>
              </value>
            </param>
          </params>
          <reporter-output>
          </reporter-output>
        </test-method> <!-- tearDown -->
        <test-method is-config="true" signature="setUP()[pri:0, instance:tests.WidgetsTests@2421cc4]" started-at="2025-09-07T14:41:02 IST" name="setUP" finished-at="2025-09-07T14:41:37 IST" duration-ms="35483" status="PASS">
          <reporter-output>
          </reporter-output>
        </test-method> <!-- setUP -->
        <test-method signature="AutoComplete()[pri:6, instance:tests.WidgetsTests@2421cc4]" started-at="2025-09-07T14:41:37 IST" name="AutoComplete" finished-at="2025-09-07T14:41:38 IST" duration-ms="811" status="PASS">
          <reporter-output>
          </reporter-output>
        </test-method> <!-- AutoComplete -->
        <test-method is-config="true" signature="tearDown(org.testng.ITestResult)[pri:0, instance:tests.WidgetsTests@2421cc4]" started-at="2025-09-07T14:41:38 IST" name="tearDown" finished-at="2025-09-07T14:41:38 IST" duration-ms="438" status="PASS">
          <params>
            <param index="0">
              <value>
                <![CDATA[[TestResult name=AutoComplete status=SUCCESS method=WidgetsTests.AutoComplete()[pri:6, instance:tests.WidgetsTests@2421cc4] output={null}]]]>
              </value>
            </param>
          </params>
          <reporter-output>
          </reporter-output>
        </test-method> <!-- tearDown -->
        <test-method is-config="true" signature="setUP()[pri:0, instance:tests.WidgetsTests@2421cc4]" started-at="2025-09-07T14:41:38 IST" name="setUP" finished-at="2025-09-07T14:42:13 IST" duration-ms="34914" status="PASS">
          <reporter-output>
          </reporter-output>
        </test-method> <!-- setUP -->
        <test-method signature="AutoCompleteSearch(models.ColorSelectionData)[pri:7, instance:tests.WidgetsTests@2421cc4]" started-at="2025-09-07T14:42:13 IST" name="AutoCompleteSearch" data-provider="ColorSelectionData" finished-at="2025-09-07T14:42:16 IST" duration-ms="2555" status="PASS">
          <params>
            <param index="0">
              <value>
                <![CDATA[ColorSelectionData{searchFor='A', expectedColors=[Black, Magenta, Aqua]}]]>
              </value>
            </param>
          </params>
          <reporter-output>
          </reporter-output>
        </test-method> <!-- AutoCompleteSearch -->
        <test-method is-config="true" signature="tearDown(org.testng.ITestResult)[pri:0, instance:tests.WidgetsTests@2421cc4]" started-at="2025-09-07T14:42:16 IST" name="tearDown" finished-at="2025-09-07T14:42:17 IST" duration-ms="638" status="PASS">
          <params>
            <param index="0">
              <value>
                <![CDATA[[TestResult name=AutoCompleteSearch status=SUCCESS method=WidgetsTests.AutoCompleteSearch(models.ColorSelectionData)[pri:7, instance:tests.WidgetsTests@2421cc4] output={null}]]]>
              </value>
            </param>
          </params>
          <reporter-output>
          </reporter-output>
        </test-method> <!-- tearDown -->
        <test-method is-config="true" signature="setUP()[pri:0, instance:tests.WidgetsTests@2421cc4]" started-at="2025-09-07T14:42:17 IST" name="setUP" finished-at="2025-09-07T14:43:25 IST" duration-ms="68665" status="PASS">
          <reporter-output>
          </reporter-output>
        </test-method> <!-- setUP -->
        <test-method signature="AutoCompleteSearch(models.ColorSelectionData)[pri:7, instance:tests.WidgetsTests@2421cc4]" started-at="2025-09-07T14:43:25 IST" name="AutoCompleteSearch" data-provider="ColorSelectionData" finished-at="2025-09-07T14:43:28 IST" duration-ms="2825" status="PASS">
          <params>
            <param index="0">
              <value>
                <![CDATA[ColorSelectionData{searchFor='B', expectedColors=[Blue, Black]}]]>
              </value>
            </param>
          </params>
          <reporter-output>
          </reporter-output>
        </test-method> <!-- AutoCompleteSearch -->
        <test-method is-config="true" signature="tearDown(org.testng.ITestResult)[pri:0, instance:tests.WidgetsTests@2421cc4]" started-at="2025-09-07T14:43:28 IST" name="tearDown" finished-at="2025-09-07T14:43:29 IST" duration-ms="507" status="PASS">
          <params>
            <param index="0">
              <value>
                <![CDATA[[TestResult name=AutoCompleteSearch status=SUCCESS method=WidgetsTests.AutoCompleteSearch(models.ColorSelectionData)[pri:7, instance:tests.WidgetsTests@2421cc4] output={null}]]]>
              </value>
            </param>
          </params>
          <reporter-output>
          </reporter-output>
        </test-method> <!-- tearDown -->
        <test-method is-config="true" signature="setUP()[pri:0, instance:tests.WidgetsTests@2421cc4]" started-at="2025-09-07T14:43:29 IST" name="setUP" finished-at="2025-09-07T14:44:04 IST" duration-ms="35085" status="PASS">
          <reporter-output>
          </reporter-output>
        </test-method> <!-- setUP -->
        <test-method signature="AutoCompleteSearch(models.ColorSelectionData)[pri:7, instance:tests.WidgetsTests@2421cc4]" started-at="2025-09-07T14:44:04 IST" name="AutoCompleteSearch" data-provider="ColorSelectionData" finished-at="2025-09-07T14:44:06 IST" duration-ms="2594" status="PASS">
          <params>
            <param index="0">
              <value>
                <![CDATA[ColorSelectionData{searchFor='C', expectedColors=[Black]}]]>
              </value>
            </param>
          </params>
          <reporter-output>
          </reporter-output>
        </test-method> <!-- AutoCompleteSearch -->
        <test-method is-config="true" signature="tearDown(org.testng.ITestResult)[pri:0, instance:tests.WidgetsTests@2421cc4]" started-at="2025-09-07T14:44:06 IST" name="tearDown" finished-at="2025-09-07T14:44:07 IST" duration-ms="510" status="PASS">
          <params>
            <param index="0">
              <value>
                <![CDATA[[TestResult name=AutoCompleteSearch status=SUCCESS method=WidgetsTests.AutoCompleteSearch(models.ColorSelectionData)[pri:7, instance:tests.WidgetsTests@2421cc4] output={null}]]]>
              </value>
            </param>
          </params>
          <reporter-output>
          </reporter-output>
        </test-method> <!-- tearDown -->
        <test-method is-config="true" signature="setUP()[pri:0, instance:tests.WidgetsTests@2421cc4]" started-at="2025-09-07T14:44:07 IST" name="setUP" finished-at="2025-09-07T14:44:42 IST" duration-ms="35043" status="PASS">
          <reporter-output>
          </reporter-output>
        </test-method> <!-- setUP -->
        <test-method signature="AutoCompleteSearch(models.ColorSelectionData)[pri:7, instance:tests.WidgetsTests@2421cc4]" started-at="2025-09-07T14:44:42 IST" name="AutoCompleteSearch" data-provider="ColorSelectionData" finished-at="2025-09-07T14:44:45 IST" duration-ms="3503" status="PASS">
          <params>
            <param index="0">
              <value>
                <![CDATA[ColorSelectionData{searchFor='D', expectedColors=[Red, Indigo]}]]>
              </value>
            </param>
          </params>
          <reporter-output>
          </reporter-output>
        </test-method> <!-- AutoCompleteSearch -->
        <test-method is-config="true" signature="tearDown(org.testng.ITestResult)[pri:0, instance:tests.WidgetsTests@2421cc4]" started-at="2025-09-07T14:44:45 IST" name="tearDown" finished-at="2025-09-07T14:44:46 IST" duration-ms="606" status="PASS">
          <params>
            <param index="0">
              <value>
                <![CDATA[[TestResult name=AutoCompleteSearch status=SUCCESS method=WidgetsTests.AutoCompleteSearch(models.ColorSelectionData)[pri:7, instance:tests.WidgetsTests@2421cc4] output={null}]]]>
              </value>
            </param>
          </params>
          <reporter-output>
          </reporter-output>
        </test-method> <!-- tearDown -->
        <test-method is-config="true" signature="setUP()[pri:0, instance:tests.WidgetsTests@2421cc4]" started-at="2025-09-07T14:44:46 IST" name="setUP" finished-at="2025-09-07T14:45:54 IST" duration-ms="68125" status="PASS">
          <reporter-output>
          </reporter-output>
        </test-method> <!-- setUP -->
        <test-method signature="AutoCompleteSearch(models.ColorSelectionData)[pri:7, instance:tests.WidgetsTests@2421cc4]" started-at="2025-09-07T14:45:54 IST" name="AutoCompleteSearch" data-provider="ColorSelectionData" finished-at="2025-09-07T14:45:58 IST" duration-ms="4435" status="PASS">
          <params>
            <param index="0">
              <value>
                <![CDATA[ColorSelectionData{searchFor='E', expectedColors=[Red, Blue, Green, Yellow, Purple, White, Voilet, Magenta]}]]>
              </value>
            </param>
          </params>
          <reporter-output>
          </reporter-output>
        </test-method> <!-- AutoCompleteSearch -->
        <test-method is-config="true" signature="tearDown(org.testng.ITestResult)[pri:0, instance:tests.WidgetsTests@2421cc4]" started-at="2025-09-07T14:45:58 IST" name="tearDown" finished-at="2025-09-07T14:45:59 IST" duration-ms="463" status="PASS">
          <params>
            <param index="0">
              <value>
                <![CDATA[[TestResult name=AutoCompleteSearch status=SUCCESS method=WidgetsTests.AutoCompleteSearch(models.ColorSelectionData)[pri:7, instance:tests.WidgetsTests@2421cc4] output={null}]]]>
              </value>
            </param>
          </params>
          <reporter-output>
          </reporter-output>
        </test-method> <!-- tearDown -->
        <test-method is-config="true" signature="setUP()[pri:0, instance:tests.WidgetsTests@2421cc4]" started-at="2025-09-07T14:45:59 IST" name="setUP" finished-at="2025-09-07T14:46:28 IST" duration-ms="29619" status="PASS">
          <reporter-output>
          </reporter-output>
        </test-method> <!-- setUP -->
        <test-method signature="AutoCompleteSearch(models.ColorSelectionData)[pri:7, instance:tests.WidgetsTests@2421cc4]" started-at="2025-09-07T14:46:28 IST" name="AutoCompleteSearch" data-provider="ColorSelectionData" finished-at="2025-09-07T14:46:31 IST" duration-ms="2082" status="PASS">
          <params>
            <param index="0">
              <value>
                <![CDATA[ColorSelectionData{searchFor='G', expectedColors=[Green, Indigo, Magenta]}]]>
              </value>
            </param>
          </params>
          <reporter-output>
          </reporter-output>
        </test-method> <!-- AutoCompleteSearch -->
        <test-method is-config="true" signature="tearDown(org.testng.ITestResult)[pri:0, instance:tests.WidgetsTests@2421cc4]" started-at="2025-09-07T14:46:31 IST" name="tearDown" finished-at="2025-09-07T14:46:31 IST" duration-ms="434" status="PASS">
          <params>
            <param index="0">
              <value>
                <![CDATA[[TestResult name=AutoCompleteSearch status=SUCCESS method=WidgetsTests.AutoCompleteSearch(models.ColorSelectionData)[pri:7, instance:tests.WidgetsTests@2421cc4] output={null}]]]>
              </value>
            </param>
          </params>
          <reporter-output>
          </reporter-output>
        </test-method> <!-- tearDown -->
        <test-method is-config="true" signature="setUP()[pri:0, instance:tests.WidgetsTests@2421cc4]" started-at="2025-09-07T14:46:31 IST" name="setUP" finished-at="2025-09-07T14:47:06 IST" duration-ms="35033" status="PASS">
          <reporter-output>
          </reporter-output>
        </test-method> <!-- setUP -->
        <test-method signature="AutoCompleteSearch(models.ColorSelectionData)[pri:7, instance:tests.WidgetsTests@2421cc4]" started-at="2025-09-07T14:47:06 IST" name="AutoCompleteSearch" data-provider="ColorSelectionData" finished-at="2025-09-07T14:47:08 IST" duration-ms="2051" status="PASS">
          <params>
            <param index="0">
              <value>
                <![CDATA[ColorSelectionData{searchFor='H', expectedColors=[White]}]]>
              </value>
            </param>
          </params>
          <reporter-output>
          </reporter-output>
        </test-method> <!-- AutoCompleteSearch -->
        <test-method is-config="true" signature="tearDown(org.testng.ITestResult)[pri:0, instance:tests.WidgetsTests@2421cc4]" started-at="2025-09-07T14:47:08 IST" name="tearDown" finished-at="2025-09-07T14:47:09 IST" duration-ms="533" status="PASS">
          <params>
            <param index="0">
              <value>
                <![CDATA[[TestResult name=AutoCompleteSearch status=SUCCESS method=WidgetsTests.AutoCompleteSearch(models.ColorSelectionData)[pri:7, instance:tests.WidgetsTests@2421cc4] output={null}]]]>
              </value>
            </param>
          </params>
          <reporter-output>
          </reporter-output>
        </test-method> <!-- tearDown -->
        <test-method is-config="true" signature="setUP()[pri:0, instance:tests.WidgetsTests@2421cc4]" started-at="2025-09-07T14:47:09 IST" name="setUP" finished-at="2025-09-07T14:47:44 IST" duration-ms="35288" status="PASS">
          <reporter-output>
          </reporter-output>
        </test-method> <!-- setUP -->
        <test-method signature="AutoCompleteSearch(models.ColorSelectionData)[pri:7, instance:tests.WidgetsTests@2421cc4]" started-at="2025-09-07T14:47:44 IST" name="AutoCompleteSearch" data-provider="ColorSelectionData" finished-at="2025-09-07T14:47:48 IST" duration-ms="3732" status="PASS">
          <params>
            <param index="0">
              <value>
                <![CDATA[ColorSelectionData{searchFor='I', expectedColors=[White, Voilet, Indigo]}]]>
              </value>
            </param>
          </params>
          <reporter-output>
          </reporter-output>
        </test-method> <!-- AutoCompleteSearch -->
        <test-method is-config="true" signature="tearDown(org.testng.ITestResult)[pri:0, instance:tests.WidgetsTests@2421cc4]" started-at="2025-09-07T14:47:48 IST" name="tearDown" finished-at="2025-09-07T14:47:48 IST" duration-ms="534" status="PASS">
          <params>
            <param index="0">
              <value>
                <![CDATA[[TestResult name=AutoCompleteSearch status=SUCCESS method=WidgetsTests.AutoCompleteSearch(models.ColorSelectionData)[pri:7, instance:tests.WidgetsTests@2421cc4] output={null}]]]>
              </value>
            </param>
          </params>
          <reporter-output>
          </reporter-output>
        </test-method> <!-- tearDown -->
        <test-method is-config="true" signature="setUP()[pri:0, instance:tests.WidgetsTests@2421cc4]" started-at="2025-09-07T14:47:48 IST" name="setUP" finished-at="2025-09-07T14:48:29 IST" duration-ms="41202" status="PASS">
          <reporter-output>
          </reporter-output>
        </test-method> <!-- setUP -->
        <test-method signature="AutoCompleteSearch(models.ColorSelectionData)[pri:7, instance:tests.WidgetsTests@2421cc4]" started-at="2025-09-07T14:48:29 IST" name="AutoCompleteSearch" data-provider="ColorSelectionData" finished-at="2025-09-07T14:48:31 IST" duration-ms="1592" status="PASS">
          <params>
            <param index="0">
              <value>
                <![CDATA[ColorSelectionData{searchFor='K', expectedColors=[Black]}]]>
              </value>
            </param>
          </params>
          <reporter-output>
          </reporter-output>
        </test-method> <!-- AutoCompleteSearch -->
        <test-method is-config="true" signature="tearDown(org.testng.ITestResult)[pri:0, instance:tests.WidgetsTests@2421cc4]" started-at="2025-09-07T14:48:31 IST" name="tearDown" finished-at="2025-09-07T14:48:32 IST" duration-ms="527" status="PASS">
          <params>
            <param index="0">
              <value>
                <![CDATA[[TestResult name=AutoCompleteSearch status=SUCCESS method=WidgetsTests.AutoCompleteSearch(models.ColorSelectionData)[pri:7, instance:tests.WidgetsTests@2421cc4] output={null}]]]>
              </value>
            </param>
          </params>
          <reporter-output>
          </reporter-output>
        </test-method> <!-- tearDown -->
        <test-method is-config="true" signature="setUP()[pri:0, instance:tests.WidgetsTests@2421cc4]" started-at="2025-09-07T14:48:32 IST" name="setUP" finished-at="2025-09-07T14:49:06 IST" duration-ms="34988" status="PASS">
          <reporter-output>
          </reporter-output>
        </test-method> <!-- setUP -->
        <test-method signature="AutoCompleteSearch(models.ColorSelectionData)[pri:7, instance:tests.WidgetsTests@2421cc4]" started-at="2025-09-07T14:49:06 IST" name="AutoCompleteSearch" data-provider="ColorSelectionData" finished-at="2025-09-07T14:49:10 IST" duration-ms="3979" status="PASS">
          <params>
            <param index="0">
              <value>
                <![CDATA[ColorSelectionData{searchFor='L', expectedColors=[Blue, Yellow, Purple, Black, Voilet]}]]>
              </value>
            </param>
          </params>
          <reporter-output>
          </reporter-output>
        </test-method> <!-- AutoCompleteSearch -->
        <test-method is-config="true" signature="tearDown(org.testng.ITestResult)[pri:0, instance:tests.WidgetsTests@2421cc4]" started-at="2025-09-07T14:49:10 IST" name="tearDown" finished-at="2025-09-07T14:49:11 IST" duration-ms="654" status="PASS">
          <params>
            <param index="0">
              <value>
                <![CDATA[[TestResult name=AutoCompleteSearch status=SUCCESS method=WidgetsTests.AutoCompleteSearch(models.ColorSelectionData)[pri:7, instance:tests.WidgetsTests@2421cc4] output={null}]]]>
              </value>
            </param>
          </params>
          <reporter-output>
          </reporter-output>
        </test-method> <!-- tearDown -->
        <test-method is-config="true" signature="setUP()[pri:0, instance:tests.WidgetsTests@2421cc4]" started-at="2025-09-07T14:49:11 IST" name="setUP" finished-at="2025-09-07T14:49:46 IST" duration-ms="35194" status="PASS">
          <reporter-output>
          </reporter-output>
        </test-method> <!-- setUP -->
        <test-method signature="AutoCompleteSearch(models.ColorSelectionData)[pri:7, instance:tests.WidgetsTests@2421cc4]" started-at="2025-09-07T14:49:46 IST" name="AutoCompleteSearch" data-provider="ColorSelectionData" finished-at="2025-09-07T14:49:48 IST" duration-ms="1676" status="PASS">
          <params>
            <param index="0">
              <value>
                <![CDATA[ColorSelectionData{searchFor='M', expectedColors=[Magenta]}]]>
              </value>
            </param>
          </params>
          <reporter-output>
          </reporter-output>
        </test-method> <!-- AutoCompleteSearch -->
        <test-method is-config="true" signature="tearDown(org.testng.ITestResult)[pri:0, instance:tests.WidgetsTests@2421cc4]" started-at="2025-09-07T14:49:48 IST" name="tearDown" finished-at="2025-09-07T14:49:48 IST" duration-ms="443" status="PASS">
          <params>
            <param index="0">
              <value>
                <![CDATA[[TestResult name=AutoCompleteSearch status=SUCCESS method=WidgetsTests.AutoCompleteSearch(models.ColorSelectionData)[pri:7, instance:tests.WidgetsTests@2421cc4] output={null}]]]>
              </value>
            </param>
          </params>
          <reporter-output>
          </reporter-output>
        </test-method> <!-- tearDown -->
        <test-method is-config="true" signature="setUP()[pri:0, instance:tests.WidgetsTests@2421cc4]" started-at="2025-09-07T14:49:48 IST" name="setUP" finished-at="2025-09-07T14:50:23 IST" duration-ms="35053" status="PASS">
          <reporter-output>
          </reporter-output>
        </test-method> <!-- setUP -->
        <test-method signature="AutoCompleteSearch(models.ColorSelectionData)[pri:7, instance:tests.WidgetsTests@2421cc4]" started-at="2025-09-07T14:50:23 IST" name="AutoCompleteSearch" data-provider="ColorSelectionData" finished-at="2025-09-07T14:50:27 IST" duration-ms="3664" status="PASS">
          <params>
            <param index="0">
              <value>
                <![CDATA[ColorSelectionData{searchFor='N', expectedColors=[Green, Indigo, Magenta]}]]>
              </value>
            </param>
          </params>
          <reporter-output>
          </reporter-output>
        </test-method> <!-- AutoCompleteSearch -->
        <test-method is-config="true" signature="tearDown(org.testng.ITestResult)[pri:0, instance:tests.WidgetsTests@2421cc4]" started-at="2025-09-07T14:50:27 IST" name="tearDown" finished-at="2025-09-07T14:50:28 IST" duration-ms="555" status="PASS">
          <params>
            <param index="0">
              <value>
                <![CDATA[[TestResult name=AutoCompleteSearch status=SUCCESS method=WidgetsTests.AutoCompleteSearch(models.ColorSelectionData)[pri:7, instance:tests.WidgetsTests@2421cc4] output={null}]]]>
              </value>
            </param>
          </params>
          <reporter-output>
          </reporter-output>
        </test-method> <!-- tearDown -->
        <test-method is-config="true" signature="setUP()[pri:0, instance:tests.WidgetsTests@2421cc4]" started-at="2025-09-07T14:50:28 IST" name="setUP" finished-at="2025-09-07T14:50:57 IST" duration-ms="28891" status="PASS">
          <reporter-output>
          </reporter-output>
        </test-method> <!-- setUP -->
        <test-method signature="AutoCompleteSearch(models.ColorSelectionData)[pri:7, instance:tests.WidgetsTests@2421cc4]" started-at="2025-09-07T14:50:57 IST" name="AutoCompleteSearch" data-provider="ColorSelectionData" finished-at="2025-09-07T14:50:59 IST" duration-ms="1961" status="PASS">
          <params>
            <param index="0">
              <value>
                <![CDATA[ColorSelectionData{searchFor='O', expectedColors=[Yellow, Voilet, Indigo]}]]>
              </value>
            </param>
          </params>
          <reporter-output>
          </reporter-output>
        </test-method> <!-- AutoCompleteSearch -->
        <test-method is-config="true" signature="tearDown(org.testng.ITestResult)[pri:0, instance:tests.WidgetsTests@2421cc4]" started-at="2025-09-07T14:50:59 IST" name="tearDown" finished-at="2025-09-07T14:50:59 IST" duration-ms="446" status="PASS">
          <params>
            <param index="0">
              <value>
                <![CDATA[[TestResult name=AutoCompleteSearch status=SUCCESS method=WidgetsTests.AutoCompleteSearch(models.ColorSelectionData)[pri:7, instance:tests.WidgetsTests@2421cc4] output={null}]]]>
              </value>
            </param>
          </params>
          <reporter-output>
          </reporter-output>
        </test-method> <!-- tearDown -->
        <test-method is-config="true" signature="setUP()[pri:0, instance:tests.WidgetsTests@2421cc4]" started-at="2025-09-07T14:50:59 IST" name="setUP" finished-at="2025-09-07T14:52:07 IST" duration-ms="68041" status="PASS">
          <reporter-output>
          </reporter-output>
        </test-method> <!-- setUP -->
        <test-method signature="AutoCompleteSearch(models.ColorSelectionData)[pri:7, instance:tests.WidgetsTests@2421cc4]" started-at="2025-09-07T14:52:07 IST" name="AutoCompleteSearch" data-provider="ColorSelectionData" finished-at="2025-09-07T14:52:09 IST" duration-ms="1559" status="PASS">
          <params>
            <param index="0">
              <value>
                <![CDATA[ColorSelectionData{searchFor='P', expectedColors=[Purple]}]]>
              </value>
            </param>
          </params>
          <reporter-output>
          </reporter-output>
        </test-method> <!-- AutoCompleteSearch -->
        <test-method is-config="true" signature="tearDown(org.testng.ITestResult)[pri:0, instance:tests.WidgetsTests@2421cc4]" started-at="2025-09-07T14:52:09 IST" name="tearDown" finished-at="2025-09-07T14:52:09 IST" duration-ms="533" status="PASS">
          <params>
            <param index="0">
              <value>
                <![CDATA[[TestResult name=AutoCompleteSearch status=SUCCESS method=WidgetsTests.AutoCompleteSearch(models.ColorSelectionData)[pri:7, instance:tests.WidgetsTests@2421cc4] output={null}]]]>
              </value>
            </param>
          </params>
          <reporter-output>
          </reporter-output>
        </test-method> <!-- tearDown -->
        <test-method is-config="true" signature="setUP()[pri:0, instance:tests.WidgetsTests@2421cc4]" started-at="2025-09-07T14:52:09 IST" name="setUP" finished-at="2025-09-07T14:52:35 IST" duration-ms="25490" status="PASS">
          <reporter-output>
          </reporter-output>
        </test-method> <!-- setUP -->
        <test-method signature="AutoCompleteSearch(models.ColorSelectionData)[pri:7, instance:tests.WidgetsTests@2421cc4]" started-at="2025-09-07T14:52:35 IST" name="AutoCompleteSearch" data-provider="ColorSelectionData" finished-at="2025-09-07T14:52:36 IST" duration-ms="1213" status="PASS">
          <params>
            <param index="0">
              <value>
                <![CDATA[ColorSelectionData{searchFor='Q', expectedColors=[Aqua]}]]>
              </value>
            </param>
          </params>
          <reporter-output>
          </reporter-output>
        </test-method> <!-- AutoCompleteSearch -->
        <test-method is-config="true" signature="tearDown(org.testng.ITestResult)[pri:0, instance:tests.WidgetsTests@2421cc4]" started-at="2025-09-07T14:52:36 IST" name="tearDown" finished-at="2025-09-07T14:52:36 IST" duration-ms="403" status="PASS">
          <params>
            <param index="0">
              <value>
                <![CDATA[[TestResult name=AutoCompleteSearch status=SUCCESS method=WidgetsTests.AutoCompleteSearch(models.ColorSelectionData)[pri:7, instance:tests.WidgetsTests@2421cc4] output={null}]]]>
              </value>
            </param>
          </params>
          <reporter-output>
          </reporter-output>
        </test-method> <!-- tearDown -->
        <test-method is-config="true" signature="setUP()[pri:0, instance:tests.WidgetsTests@2421cc4]" started-at="2025-09-07T14:52:36 IST" name="setUP" finished-at="2025-09-07T14:53:11 IST" duration-ms="34961" status="PASS">
          <reporter-output>
          </reporter-output>
        </test-method> <!-- setUP -->
        <test-method signature="AutoCompleteSearch(models.ColorSelectionData)[pri:7, instance:tests.WidgetsTests@2421cc4]" started-at="2025-09-07T14:53:11 IST" name="AutoCompleteSearch" data-provider="ColorSelectionData" finished-at="2025-09-07T14:53:15 IST" duration-ms="3926" status="PASS">
          <params>
            <param index="0">
              <value>
                <![CDATA[ColorSelectionData{searchFor='R', expectedColors=[Red, Green, Purple]}]]>
              </value>
            </param>
          </params>
          <reporter-output>
          </reporter-output>
        </test-method> <!-- AutoCompleteSearch -->
        <test-method is-config="true" signature="tearDown(org.testng.ITestResult)[pri:0, instance:tests.WidgetsTests@2421cc4]" started-at="2025-09-07T14:53:15 IST" name="tearDown" finished-at="2025-09-07T14:53:16 IST" duration-ms="570" status="PASS">
          <params>
            <param index="0">
              <value>
                <![CDATA[[TestResult name=AutoCompleteSearch status=SUCCESS method=WidgetsTests.AutoCompleteSearch(models.ColorSelectionData)[pri:7, instance:tests.WidgetsTests@2421cc4] output={null}]]]>
              </value>
            </param>
          </params>
          <reporter-output>
          </reporter-output>
        </test-method> <!-- tearDown -->
        <test-method is-config="true" signature="setUP()[pri:0, instance:tests.WidgetsTests@2421cc4]" started-at="2025-09-07T14:53:16 IST" name="setUP" finished-at="2025-09-07T14:53:42 IST" duration-ms="26354" status="PASS">
          <reporter-output>
          </reporter-output>
        </test-method> <!-- setUP -->
        <test-method signature="AutoCompleteSearch(models.ColorSelectionData)[pri:7, instance:tests.WidgetsTests@2421cc4]" started-at="2025-09-07T14:53:42 IST" name="AutoCompleteSearch" data-provider="ColorSelectionData" finished-at="2025-09-07T14:53:45 IST" duration-ms="2563" status="PASS">
          <params>
            <param index="0">
              <value>
                <![CDATA[ColorSelectionData{searchFor='T', expectedColors=[White, Voilet, Magenta]}]]>
              </value>
            </param>
          </params>
          <reporter-output>
          </reporter-output>
        </test-method> <!-- AutoCompleteSearch -->
        <test-method is-config="true" signature="tearDown(org.testng.ITestResult)[pri:0, instance:tests.WidgetsTests@2421cc4]" started-at="2025-09-07T14:53:45 IST" name="tearDown" finished-at="2025-09-07T14:53:45 IST" duration-ms="503" status="PASS">
          <params>
            <param index="0">
              <value>
                <![CDATA[[TestResult name=AutoCompleteSearch status=SUCCESS method=WidgetsTests.AutoCompleteSearch(models.ColorSelectionData)[pri:7, instance:tests.WidgetsTests@2421cc4] output={null}]]]>
              </value>
            </param>
          </params>
          <reporter-output>
          </reporter-output>
        </test-method> <!-- tearDown -->
        <test-method is-config="true" signature="setUP()[pri:0, instance:tests.WidgetsTests@2421cc4]" started-at="2025-09-07T14:53:45 IST" name="setUP" finished-at="2025-09-07T14:54:13 IST" duration-ms="27889" status="PASS">
          <reporter-output>
          </reporter-output>
        </test-method> <!-- setUP -->
        <test-method signature="AutoCompleteSearch(models.ColorSelectionData)[pri:7, instance:tests.WidgetsTests@2421cc4]" started-at="2025-09-07T14:54:13 IST" name="AutoCompleteSearch" data-provider="ColorSelectionData" finished-at="2025-09-07T14:54:15 IST" duration-ms="1996" status="PASS">
          <params>
            <param index="0">
              <value>
                <![CDATA[ColorSelectionData{searchFor='U', expectedColors=[Blue, Purple, Aqua]}]]>
              </value>
            </param>
          </params>
          <reporter-output>
          </reporter-output>
        </test-method> <!-- AutoCompleteSearch -->
        <test-method is-config="true" signature="tearDown(org.testng.ITestResult)[pri:0, instance:tests.WidgetsTests@2421cc4]" started-at="2025-09-07T14:54:15 IST" name="tearDown" finished-at="2025-09-07T14:54:15 IST" duration-ms="453" status="PASS">
          <params>
            <param index="0">
              <value>
                <![CDATA[[TestResult name=AutoCompleteSearch status=SUCCESS method=WidgetsTests.AutoCompleteSearch(models.ColorSelectionData)[pri:7, instance:tests.WidgetsTests@2421cc4] output={null}]]]>
              </value>
            </param>
          </params>
          <reporter-output>
          </reporter-output>
        </test-method> <!-- tearDown -->
        <test-method is-config="true" signature="setUP()[pri:0, instance:tests.WidgetsTests@2421cc4]" started-at="2025-09-07T14:54:15 IST" name="setUP" finished-at="2025-09-07T14:54:32 IST" duration-ms="16425" status="PASS">
          <reporter-output>
          </reporter-output>
        </test-method> <!-- setUP -->
        <test-method signature="AutoCompleteSearch(models.ColorSelectionData)[pri:7, instance:tests.WidgetsTests@2421cc4]" started-at="2025-09-07T14:54:32 IST" name="AutoCompleteSearch" data-provider="ColorSelectionData" finished-at="2025-09-07T14:54:33 IST" duration-ms="1430" status="PASS">
          <params>
            <param index="0">
              <value>
                <![CDATA[ColorSelectionData{searchFor='V', expectedColors=[Voilet]}]]>
              </value>
            </param>
          </params>
          <reporter-output>
          </reporter-output>
        </test-method> <!-- AutoCompleteSearch -->
        <test-method is-config="true" signature="tearDown(org.testng.ITestResult)[pri:0, instance:tests.WidgetsTests@2421cc4]" started-at="2025-09-07T14:54:33 IST" name="tearDown" finished-at="2025-09-07T14:54:34 IST" duration-ms="550" status="PASS">
          <params>
            <param index="0">
              <value>
                <![CDATA[[TestResult name=AutoCompleteSearch status=SUCCESS method=WidgetsTests.AutoCompleteSearch(models.ColorSelectionData)[pri:7, instance:tests.WidgetsTests@2421cc4] output={null}]]]>
              </value>
            </param>
          </params>
          <reporter-output>
          </reporter-output>
        </test-method> <!-- tearDown -->
        <test-method is-config="true" signature="setUP()[pri:0, instance:tests.WidgetsTests@2421cc4]" started-at="2025-09-07T14:54:34 IST" name="setUP" finished-at="2025-09-07T14:55:09 IST" duration-ms="35059" status="PASS">
          <reporter-output>
          </reporter-output>
        </test-method> <!-- setUP -->
        <test-method signature="AutoCompleteSearch(models.ColorSelectionData)[pri:7, instance:tests.WidgetsTests@2421cc4]" started-at="2025-09-07T14:55:09 IST" name="AutoCompleteSearch" data-provider="ColorSelectionData" finished-at="2025-09-07T14:55:12 IST" duration-ms="2676" status="PASS">
          <params>
            <param index="0">
              <value>
                <![CDATA[ColorSelectionData{searchFor='W', expectedColors=[Yellow, White]}]]>
              </value>
            </param>
          </params>
          <reporter-output>
          </reporter-output>
        </test-method> <!-- AutoCompleteSearch -->
        <test-method is-config="true" signature="tearDown(org.testng.ITestResult)[pri:0, instance:tests.WidgetsTests@2421cc4]" started-at="2025-09-07T14:55:12 IST" name="tearDown" finished-at="2025-09-07T14:55:12 IST" duration-ms="545" status="PASS">
          <params>
            <param index="0">
              <value>
                <![CDATA[[TestResult name=AutoCompleteSearch status=SUCCESS method=WidgetsTests.AutoCompleteSearch(models.ColorSelectionData)[pri:7, instance:tests.WidgetsTests@2421cc4] output={null}]]]>
              </value>
            </param>
          </params>
          <reporter-output>
          </reporter-output>
        </test-method> <!-- tearDown -->
        <test-method is-config="true" signature="setUP()[pri:0, instance:tests.WidgetsTests@2421cc4]" started-at="2025-09-07T14:55:12 IST" name="setUP" finished-at="2025-09-07T14:55:47 IST" duration-ms="35146" status="PASS">
          <reporter-output>
          </reporter-output>
        </test-method> <!-- setUP -->
        <test-method signature="AutoCompleteSearch(models.ColorSelectionData)[pri:7, instance:tests.WidgetsTests@2421cc4]" started-at="2025-09-07T14:55:47 IST" name="AutoCompleteSearch" data-provider="ColorSelectionData" finished-at="2025-09-07T14:55:50 IST" duration-ms="2564" status="PASS">
          <params>
            <param index="0">
              <value>
                <![CDATA[ColorSelectionData{searchFor='Y', expectedColors=[Yellow]}]]>
              </value>
            </param>
          </params>
          <reporter-output>
          </reporter-output>
        </test-method> <!-- AutoCompleteSearch -->
        <test-method is-config="true" signature="tearDown(org.testng.ITestResult)[pri:0, instance:tests.WidgetsTests@2421cc4]" started-at="2025-09-07T14:55:50 IST" name="tearDown" finished-at="2025-09-07T14:55:50 IST" duration-ms="561" status="PASS">
          <params>
            <param index="0">
              <value>
                <![CDATA[[TestResult name=AutoCompleteSearch status=SUCCESS method=WidgetsTests.AutoCompleteSearch(models.ColorSelectionData)[pri:7, instance:tests.WidgetsTests@2421cc4] output={null}]]]>
              </value>
            </param>
          </params>
          <reporter-output>
          </reporter-output>
        </test-method> <!-- tearDown -->
        <test-method is-config="true" signature="setUP()[pri:0, instance:tests.WidgetsTests@2421cc4]" started-at="2025-09-07T14:55:50 IST" name="setUP" finished-at="2025-09-07T14:56:25 IST" duration-ms="34981" status="PASS">
          <reporter-output>
          </reporter-output>
        </test-method> <!-- setUP -->
        <test-method signature="AutoCompleteSearchRemove(models.ColorSelectionData)[pri:8, instance:tests.WidgetsTests@2421cc4]" started-at="2025-09-07T14:56:25 IST" name="AutoCompleteSearchRemove" data-provider="ColorSelectionDataRemove" finished-at="2025-09-07T14:56:32 IST" duration-ms="6580" status="PASS">
          <params>
            <param index="0">
              <value>
                <![CDATA[ColorSelectionData{searchFor='E', expectedColors=[Green, Yellow]}]]>
              </value>
            </param>
          </params>
          <reporter-output>
          </reporter-output>
        </test-method> <!-- AutoCompleteSearchRemove -->
        <test-method is-config="true" signature="tearDown(org.testng.ITestResult)[pri:0, instance:tests.WidgetsTests@2421cc4]" started-at="2025-09-07T14:56:32 IST" name="tearDown" finished-at="2025-09-07T14:56:32 IST" duration-ms="454" status="PASS">
          <params>
            <param index="0">
              <value>
                <![CDATA[[TestResult name=AutoCompleteSearchRemove status=SUCCESS method=WidgetsTests.AutoCompleteSearchRemove(models.ColorSelectionData)[pri:8, instance:tests.WidgetsTests@2421cc4] output={null}]]]>
              </value>
            </param>
          </params>
          <reporter-output>
          </reporter-output>
        </test-method> <!-- tearDown -->
        <test-method is-config="true" signature="setUP()[pri:0, instance:tests.WidgetsTests@2421cc4]" started-at="2025-09-07T14:56:32 IST" name="setUP" finished-at="2025-09-07T14:56:57 IST" duration-ms="24817" status="PASS">
          <reporter-output>
          </reporter-output>
        </test-method> <!-- setUP -->
        <test-method signature="AutoCompleteSingle(java.lang.String,java.lang.String)[pri:9, instance:tests.WidgetsTests@2421cc4]" started-at="2025-09-07T14:56:57 IST" name="AutoCompleteSingle" data-provider="SingleColorData" finished-at="2025-09-07T14:56:59 IST" duration-ms="1807" status="PASS">
          <params>
            <param index="0">
              <value>
                <![CDATA[E]]>
              </value>
            </param>
            <param index="1">
              <value>
                <![CDATA[Green]]>
              </value>
            </param>
          </params>
          <reporter-output>
          </reporter-output>
        </test-method> <!-- AutoCompleteSingle -->
        <test-method is-config="true" signature="tearDown(org.testng.ITestResult)[pri:0, instance:tests.WidgetsTests@2421cc4]" started-at="2025-09-07T14:56:59 IST" name="tearDown" finished-at="2025-09-07T14:57:00 IST" duration-ms="451" status="PASS">
          <params>
            <param index="0">
              <value>
                <![CDATA[[TestResult name=AutoCompleteSingle status=SUCCESS method=WidgetsTests.AutoCompleteSingle(java.lang.String,java.lang.String)[pri:9, instance:tests.WidgetsTests@2421cc4] output={null}]]]>
              </value>
            </param>
          </params>
          <reporter-output>
          </reporter-output>
        </test-method> <!-- tearDown -->
        <test-method is-config="true" signature="setUP()[pri:0, instance:tests.WidgetsTests@2421cc4]" started-at="2025-09-07T14:57:00 IST" name="setUP" finished-at="2025-09-07T14:57:22 IST" duration-ms="22575" status="PASS">
          <reporter-output>
          </reporter-output>
        </test-method> <!-- setUP -->
        <test-method signature="SingleAddRemove(java.lang.String,java.lang.String)[pri:10, instance:tests.WidgetsTests@2421cc4]" started-at="2025-09-07T14:57:22 IST" name="SingleAddRemove" data-provider="SingleColorData" finished-at="2025-09-07T14:57:24 IST" duration-ms="2197" status="PASS">
          <params>
            <param index="0">
              <value>
                <![CDATA[E]]>
              </value>
            </param>
            <param index="1">
              <value>
                <![CDATA[Green]]>
              </value>
            </param>
          </params>
          <reporter-output>
          </reporter-output>
        </test-method> <!-- SingleAddRemove -->
        <test-method is-config="true" signature="tearDown(org.testng.ITestResult)[pri:0, instance:tests.WidgetsTests@2421cc4]" started-at="2025-09-07T14:57:24 IST" name="tearDown" finished-at="2025-09-07T14:57:25 IST" duration-ms="445" status="PASS">
          <params>
            <param index="0">
              <value>
                <![CDATA[[TestResult name=SingleAddRemove status=SUCCESS method=WidgetsTests.SingleAddRemove(java.lang.String,java.lang.String)[pri:10, instance:tests.WidgetsTests@2421cc4] output={null}]]]>
              </value>
            </param>
          </params>
          <reporter-output>
          </reporter-output>
        </test-method> <!-- tearDown -->
      </class> <!-- tests.WidgetsTests -->
      <class name="tests.ElementsTests">
        <test-method is-config="true" signature="setUP()[pri:0, instance:tests.ElementsTests@68702e03]" started-at="2025-09-07T14:14:39 IST" name="setUP" finished-at="2025-09-07T14:15:16 IST" duration-ms="36873" status="PASS">
          <reporter-output>
          </reporter-output>
        </test-method> <!-- setUP -->
        <test-method signature="ElementsCard()[pri:1, instance:tests.ElementsTests@68702e03]" started-at="2025-09-07T14:15:16 IST" name="ElementsCard" finished-at="2025-09-07T14:15:17 IST" duration-ms="945" status="PASS">
          <reporter-output>
          </reporter-output>
        </test-method> <!-- ElementsCard -->
        <test-method is-config="true" signature="tearDown(org.testng.ITestResult)[pri:0, instance:tests.ElementsTests@68702e03]" started-at="2025-09-07T14:15:17 IST" name="tearDown" finished-at="2025-09-07T14:15:18 IST" duration-ms="814" status="PASS">
          <params>
            <param index="0">
              <value>
                <![CDATA[[TestResult name=ElementsCard status=SUCCESS method=ElementsTests.ElementsCard()[pri:1, instance:tests.ElementsTests@68702e03] output={null}]]]>
              </value>
            </param>
          </params>
          <reporter-output>
          </reporter-output>
        </test-method> <!-- tearDown -->
        <test-method is-config="true" signature="setUP()[pri:0, instance:tests.ElementsTests@68702e03]" started-at="2025-09-07T14:15:19 IST" name="setUP" finished-at="2025-09-07T14:15:56 IST" duration-ms="36406" status="PASS">
          <reporter-output>
          </reporter-output>
        </test-method> <!-- setUP -->
        <test-method signature="TextBox(models.TextBoxUser)[pri:2, instance:tests.ElementsTests@68702e03]" started-at="2025-09-07T14:15:56 IST" name="TextBox" data-provider="TextBoxUserData" finished-at="2025-09-07T14:16:00 IST" duration-ms="4629" status="PASS">
          <params>
            <param index="0">
              <value>
                <![CDATA[TextBoxUser{firstName='Johny', lastName='Bravo', email='Jbravo@demoqa.com', currentAddress='301 Town 481, Brookville\n kansas 42129\n United States', permanentAddress='511 Grant 481, Prattsville\n Arkansas 72129\n United States'}]]>
              </value>
            </param>
          </params>
          <reporter-output>
          </reporter-output>
        </test-method> <!-- TextBox -->
        <test-method is-config="true" signature="tearDown(org.testng.ITestResult)[pri:0, instance:tests.ElementsTests@68702e03]" started-at="2025-09-07T14:16:00 IST" name="tearDown" finished-at="2025-09-07T14:16:01 IST" duration-ms="1093" status="PASS">
          <params>
            <param index="0">
              <value>
                <![CDATA[[TestResult name=TextBox status=SUCCESS method=ElementsTests.TextBox(models.TextBoxUser)[pri:2, instance:tests.ElementsTests@68702e03] output={null}]]]>
              </value>
            </param>
          </params>
          <reporter-output>
          </reporter-output>
        </test-method> <!-- tearDown -->
        <test-method is-config="true" signature="setUP()[pri:0, instance:tests.ElementsTests@68702e03]" started-at="2025-09-07T14:16:01 IST" name="setUP" finished-at="2025-09-07T14:16:38 IST" duration-ms="36081" status="PASS">
          <reporter-output>
          </reporter-output>
        </test-method> <!-- setUP -->
        <test-method signature="TextBox(models.TextBoxUser)[pri:2, instance:tests.ElementsTests@68702e03]" started-at="2025-09-07T14:16:38 IST" name="TextBox" data-provider="TextBoxUserData" finished-at="2025-09-07T14:16:40 IST" duration-ms="2537" status="PASS">
          <params>
            <param index="0">
              <value>
                <![CDATA[TextBoxUser{firstName='Gene', lastName='Femina', email='GFemina@demoqa.com', currentAddress='302 Town 481, Brookville\n kansas 42129\n United States', permanentAddress='512 Grant 481, Prattsville\n Arkansas 72129\n United States'}]]>
              </value>
            </param>
          </params>
          <reporter-output>
          </reporter-output>
        </test-method> <!-- TextBox -->
        <test-method is-config="true" signature="tearDown(org.testng.ITestResult)[pri:0, instance:tests.ElementsTests@68702e03]" started-at="2025-09-07T14:16:40 IST" name="tearDown" finished-at="2025-09-07T14:16:41 IST" duration-ms="674" status="PASS">
          <params>
            <param index="0">
              <value>
                <![CDATA[[TestResult name=TextBox status=SUCCESS method=ElementsTests.TextBox(models.TextBoxUser)[pri:2, instance:tests.ElementsTests@68702e03] output={null}]]]>
              </value>
            </param>
          </params>
          <reporter-output>
          </reporter-output>
        </test-method> <!-- tearDown -->
        <test-method is-config="true" signature="setUP()[pri:0, instance:tests.ElementsTests@68702e03]" started-at="2025-09-07T14:16:41 IST" name="setUP" finished-at="2025-09-07T14:17:49 IST" duration-ms="68135" status="PASS">
          <reporter-output>
          </reporter-output>
        </test-method> <!-- setUP -->
        <test-method signature="TextBox(models.TextBoxUser)[pri:2, instance:tests.ElementsTests@68702e03]" started-at="2025-09-07T14:17:49 IST" name="TextBox" data-provider="TextBoxUserData" finished-at="2025-09-07T14:17:51 IST" duration-ms="1964" status="PASS">
          <params>
            <param index="0">
              <value>
                <![CDATA[TextBoxUser{firstName='Bud', lastName='Wisem', email='BWisem@demoqa.com', currentAddress='303 Town 481, Brookville\n kansas 42129\n United States', permanentAddress='513 Grant 481, Prattsville\n Arkansas 72129\n United States'}]]>
              </value>
            </param>
          </params>
          <reporter-output>
          </reporter-output>
        </test-method> <!-- TextBox -->
        <test-method is-config="true" signature="tearDown(org.testng.ITestResult)[pri:0, instance:tests.ElementsTests@68702e03]" started-at="2025-09-07T14:17:51 IST" name="tearDown" finished-at="2025-09-07T14:17:52 IST" duration-ms="742" status="PASS">
          <params>
            <param index="0">
              <value>
                <![CDATA[[TestResult name=TextBox status=SUCCESS method=ElementsTests.TextBox(models.TextBoxUser)[pri:2, instance:tests.ElementsTests@68702e03] output={null}]]]>
              </value>
            </param>
          </params>
          <reporter-output>
          </reporter-output>
        </test-method> <!-- tearDown -->
        <test-method is-config="true" signature="setUP()[pri:0, instance:tests.ElementsTests@68702e03]" started-at="2025-09-07T14:17:52 IST" name="setUP" finished-at="2025-09-07T14:18:27 IST" duration-ms="34883" status="PASS">
          <reporter-output>
          </reporter-output>
        </test-method> <!-- setUP -->
        <test-method signature="TextBox(models.TextBoxUser)[pri:2, instance:tests.ElementsTests@68702e03]" started-at="2025-09-07T14:18:27 IST" name="TextBox" data-provider="TextBoxUserData" finished-at="2025-09-07T14:18:28 IST" duration-ms="1815" status="PASS">
          <params>
            <param index="0">
              <value>
                <![CDATA[TextBoxUser{firstName='Tom', lastName='Boss', email='TBoss@demoqa.com', currentAddress='304 Town 481, Brookville\n kansas 42129\n United States', permanentAddress='514 Grant 481, Prattsville\n Arkansas 72129\n United States'}]]>
              </value>
            </param>
          </params>
          <reporter-output>
          </reporter-output>
        </test-method> <!-- TextBox -->
        <test-method is-config="true" signature="tearDown(org.testng.ITestResult)[pri:0, instance:tests.ElementsTests@68702e03]" started-at="2025-09-07T14:18:28 IST" name="tearDown" finished-at="2025-09-07T14:18:29 IST" duration-ms="661" status="PASS">
          <params>
            <param index="0">
              <value>
                <![CDATA[[TestResult name=TextBox status=SUCCESS method=ElementsTests.TextBox(models.TextBoxUser)[pri:2, instance:tests.ElementsTests@68702e03] output={null}]]]>
              </value>
            </param>
          </params>
          <reporter-output>
          </reporter-output>
        </test-method> <!-- tearDown -->
        <test-method is-config="true" signature="setUP()[pri:0, instance:tests.ElementsTests@68702e03]" started-at="2025-09-07T14:18:29 IST" name="setUP" finished-at="2025-09-07T14:18:56 IST" duration-ms="26754" status="PASS">
          <reporter-output>
          </reporter-output>
        </test-method> <!-- setUP -->
        <test-method signature="CheckBox()[pri:3, instance:tests.ElementsTests@68702e03]" started-at="2025-09-07T14:18:56 IST" name="CheckBox" finished-at="2025-09-07T14:18:56 IST" duration-ms="550" status="PASS">
          <reporter-output>
          </reporter-output>
        </test-method> <!-- CheckBox -->
        <test-method is-config="true" signature="tearDown(org.testng.ITestResult)[pri:0, instance:tests.ElementsTests@68702e03]" started-at="2025-09-07T14:18:56 IST" name="tearDown" finished-at="2025-09-07T14:18:57 IST" duration-ms="352" status="PASS">
          <params>
            <param index="0">
              <value>
                <![CDATA[[TestResult name=CheckBox status=SUCCESS method=ElementsTests.CheckBox()[pri:3, instance:tests.ElementsTests@68702e03] output={null}]]]>
              </value>
            </param>
          </params>
          <reporter-output>
          </reporter-output>
        </test-method> <!-- tearDown -->
        <test-method is-config="true" signature="setUP()[pri:0, instance:tests.ElementsTests@68702e03]" started-at="2025-09-07T14:18:57 IST" name="setUP" finished-at="2025-09-07T14:20:04 IST" duration-ms="67789" status="PASS">
          <reporter-output>
          </reporter-output>
        </test-method> <!-- setUP -->
        <test-method signature="SelectingHomeCheckBox()[pri:4, instance:tests.ElementsTests@68702e03]" started-at="2025-09-07T14:20:04 IST" name="SelectingHomeCheckBox" finished-at="2025-09-07T14:20:06 IST" duration-ms="1123" status="PASS">
          <reporter-output>
          </reporter-output>
        </test-method> <!-- SelectingHomeCheckBox -->
        <test-method is-config="true" signature="tearDown(org.testng.ITestResult)[pri:0, instance:tests.ElementsTests@68702e03]" started-at="2025-09-07T14:20:06 IST" name="tearDown" finished-at="2025-09-07T14:20:06 IST" duration-ms="398" status="PASS">
          <params>
            <param index="0">
              <value>
                <![CDATA[[TestResult name=SelectingHomeCheckBox status=SUCCESS method=ElementsTests.SelectingHomeCheckBox()[pri:4, instance:tests.ElementsTests@68702e03] output={null}]]]>
              </value>
            </param>
          </params>
          <reporter-output>
          </reporter-output>
        </test-method> <!-- tearDown -->
        <test-method is-config="true" signature="setUP()[pri:0, instance:tests.ElementsTests@68702e03]" started-at="2025-09-07T14:20:06 IST" name="setUP" finished-at="2025-09-07T14:20:53 IST" duration-ms="47515" status="PASS">
          <reporter-output>
          </reporter-output>
        </test-method> <!-- setUP -->
        <test-method signature="SelectingDesktopCheckBox()[pri:5, instance:tests.ElementsTests@68702e03]" started-at="2025-09-07T14:20:53 IST" name="SelectingDesktopCheckBox" finished-at="2025-09-07T14:20:54 IST" duration-ms="742" status="PASS">
          <reporter-output>
          </reporter-output>
        </test-method> <!-- SelectingDesktopCheckBox -->
        <test-method is-config="true" signature="tearDown(org.testng.ITestResult)[pri:0, instance:tests.ElementsTests@68702e03]" started-at="2025-09-07T14:20:54 IST" name="tearDown" finished-at="2025-09-07T14:20:55 IST" duration-ms="387" status="PASS">
          <params>
            <param index="0">
              <value>
                <![CDATA[[TestResult name=SelectingDesktopCheckBox status=SUCCESS method=ElementsTests.SelectingDesktopCheckBox()[pri:5, instance:tests.ElementsTests@68702e03] output={null}]]]>
              </value>
            </param>
          </params>
          <reporter-output>
          </reporter-output>
        </test-method> <!-- tearDown -->
        <test-method is-config="true" signature="setUP()[pri:0, instance:tests.ElementsTests@68702e03]" started-at="2025-09-07T14:20:55 IST" name="setUP" finished-at="2025-09-07T14:21:25 IST" duration-ms="30371" status="PASS">
          <reporter-output>
          </reporter-output>
        </test-method> <!-- setUP -->
        <test-method signature="SelectingNotesCommandsClick()[pri:6, instance:tests.ElementsTests@68702e03]" started-at="2025-09-07T14:21:25 IST" name="SelectingNotesCommandsClick" finished-at="2025-09-07T14:21:26 IST" duration-ms="1242" status="PASS">
          <reporter-output>
          </reporter-output>
        </test-method> <!-- SelectingNotesCommandsClick -->
        <test-method is-config="true" signature="tearDown(org.testng.ITestResult)[pri:0, instance:tests.ElementsTests@68702e03]" started-at="2025-09-07T14:21:26 IST" name="tearDown" finished-at="2025-09-07T14:21:27 IST" duration-ms="397" status="PASS">
          <params>
            <param index="0">
              <value>
                <![CDATA[[TestResult name=SelectingNotesCommandsClick status=SUCCESS method=ElementsTests.SelectingNotesCommandsClick()[pri:6, instance:tests.ElementsTests@68702e03] output={null}]]]>
              </value>
            </param>
          </params>
          <reporter-output>
          </reporter-output>
        </test-method> <!-- tearDown -->
        <test-method is-config="true" signature="setUP()[pri:0, instance:tests.ElementsTests@68702e03]" started-at="2025-09-07T14:21:27 IST" name="setUP" finished-at="2025-09-07T14:22:02 IST" duration-ms="35030" status="PASS">
          <reporter-output>
          </reporter-output>
        </test-method> <!-- setUP -->
        <test-method signature="SelectingDocumentsCheckBox()[pri:7, instance:tests.ElementsTests@68702e03]" started-at="2025-09-07T14:22:02 IST" name="SelectingDocumentsCheckBox" finished-at="2025-09-07T14:22:03 IST" duration-ms="1297" status="PASS">
          <reporter-output>
          </reporter-output>
        </test-method> <!-- SelectingDocumentsCheckBox -->
        <test-method is-config="true" signature="tearDown(org.testng.ITestResult)[pri:0, instance:tests.ElementsTests@68702e03]" started-at="2025-09-07T14:22:03 IST" name="tearDown" finished-at="2025-09-07T14:22:05 IST" duration-ms="1972" status="PASS">
          <params>
            <param index="0">
              <value>
                <![CDATA[[TestResult name=SelectingDocumentsCheckBox status=SUCCESS method=ElementsTests.SelectingDocumentsCheckBox()[pri:7, instance:tests.ElementsTests@68702e03] output={null}]]]>
              </value>
            </param>
          </params>
          <reporter-output>
          </reporter-output>
        </test-method> <!-- tearDown -->
        <test-method is-config="true" signature="setUP()[pri:0, instance:tests.ElementsTests@68702e03]" started-at="2025-09-07T14:22:05 IST" name="setUP" finished-at="2025-09-07T14:23:13 IST" duration-ms="68057" status="PASS">
          <reporter-output>
          </reporter-output>
        </test-method> <!-- setUP -->
        <test-method signature="SelectingWorkSpace()[pri:8, instance:tests.ElementsTests@68702e03]" started-at="2025-09-07T14:23:13 IST" name="SelectingWorkSpace" finished-at="2025-09-07T14:23:15 IST" duration-ms="1669" status="FAIL">
          <exception class="org.openqa.selenium.ElementClickInterceptedException">
            <message>
[...]
          <reporter-output>
          </reporter-output>
        </test-method> <!-- setUP -->
        <test-method signature="ClickAcceptConfirmationBox()[pri:8, instance:tests.AlertsFramesWindowsTests@68df9280]" started-at="2025-09-07T14:06:39 IST" name="ClickAcceptConfirmationBox" finished-at="2025-09-07T14:06:40 IST" duration-ms="1107" status="PASS">
          <reporter-output>
          </reporter-output>
        </test-method> <!-- ClickAcceptConfirmationBox -->
        <test-method is-config="true" signature="tearDown(org.testng.ITestResult)[pri:0, instance:tests.AlertsFramesWindowsTests@68df9280]" started-at="2025-09-07T14:06:40 IST" name="tearDown" finished-at="2025-09-07T14:06:41 IST" duration-ms="476" status="PASS">
          <params>
            <param index="0">
              <value>
                <![CDATA[[TestResult name=ClickAcceptConfirmationBox status=SUCCESS method=AlertsFramesWindowsTests.ClickAcceptConfirmationBox()[pri:8, instance:tests.AlertsFramesWindowsTests@68df9280] output={null}]]]>
              </value>
            </param>
          </params>
          <reporter-output>
          </reporter-output>
        </test-method> <!-- tearDown -->
        <test-method is-config="true" signature="setUP()[pri:0, instance:tests.AlertsFramesWindowsTests@68df9280]" started-at="2025-09-07T14:06:41 IST" name="setUP" finished-at="2025-09-07T14:07:16 IST" duration-ms="35475" status="PASS">
          <reporter-output>
          </reporter-output>
        </test-method> <!-- setUP -->
        <test-method signature="ClickDenyConfirmationBox()[pri:8, instance:tests.AlertsFramesWindowsTests@68df9280]" started-at="2025-09-07T14:07:16 IST" name="ClickDenyConfirmationBox" finished-at="2025-09-07T14:07:17 IST" duration-ms="1288" status="PASS">
          <reporter-output>
          </reporter-output>
        </test-method> <!-- ClickDenyConfirmationBox -->
        <test-method is-config="true" signature="tearDown(org.testng.ITestResult)[pri:0, instance:tests.AlertsFramesWindowsTests@68df9280]" started-at="2025-09-07T14:07:17 IST" name="tearDown" finished-at="2025-09-07T14:07:18 IST" duration-ms="565" status="PASS">
          <params>
            <param index="0">
              <value>
                <![CDATA[[TestResult name=ClickDenyConfirmationBox status=SUCCESS method=AlertsFramesWindowsTests.ClickDenyConfirmationBox()[pri:8, instance:tests.AlertsFramesWindowsTests@68df9280] output={null}]]]>
              </value>
            </param>
          </params>
          <reporter-output>
          </reporter-output>
        </test-method> <!-- tearDown -->
        <test-method is-config="true" signature="setUP()[pri:0, instance:tests.AlertsFramesWindowsTests@68df9280]" started-at="2025-09-07T14:07:18 IST" name="setUP" finished-at="2025-09-07T14:08:49 IST" duration-ms="90645" status="PASS">
          <reporter-output>
          </reporter-output>
        </test-method> <!-- setUP -->
        <test-method signature="ClickPromptBoxFill()[pri:9, instance:tests.AlertsFramesWindowsTests@68df9280]" started-at="2025-09-07T14:08:49 IST" name="ClickPromptBoxFill" finished-at="2025-09-07T14:08:50 IST" duration-ms="1577" status="PASS">
          <reporter-output>
          </reporter-output>
        </test-method> <!-- ClickPromptBoxFill -->
        <test-method is-config="true" signature="tearDown(org.testng.ITestResult)[pri:0, instance:tests.AlertsFramesWindowsTests@68df9280]" started-at="2025-09-07T14:08:50 IST" name="tearDown" finished-at="2025-09-07T14:08:51 IST" duration-ms="649" status="PASS">
          <params>
            <param index="0">
              <value>
                <![CDATA[[TestResult name=ClickPromptBoxFill status=SUCCESS method=AlertsFramesWindowsTests.ClickPromptBoxFill()[pri:9, instance:tests.AlertsFramesWindowsTests@68df9280] output={null}]]]>
              </value>
            </param>
          </params>
          <reporter-output>
          </reporter-output>
        </test-method> <!-- tearDown -->
        <test-method is-config="true" signature="setUP()[pri:0, instance:tests.AlertsFramesWindowsTests@68df9280]" started-at="2025-09-07T14:08:51 IST" name="setUP" finished-at="2025-09-07T14:09:28 IST" duration-ms="37451" status="PASS">
          <reporter-output>
          </reporter-output>
        </test-method> <!-- setUP -->
        <test-method signature="ClickFrames()[pri:10, instance:tests.AlertsFramesWindowsTests@68df9280]" started-at="2025-09-07T14:09:28 IST" name="ClickFrames" finished-at="2025-09-07T14:09:29 IST" duration-ms="1057" status="PASS">
          <reporter-output>
          </reporter-output>
        </test-method> <!-- ClickFrames -->
        <test-method is-config="true" signature="tearDown(org.testng.ITestResult)[pri:0, instance:tests.AlertsFramesWindowsTests@68df9280]" started-at="2025-09-07T14:09:29 IST" name="tearDown" finished-at="2025-09-07T14:09:30 IST" duration-ms="612" status="PASS">
          <params>
            <param index="0">
              <value>
                <![CDATA[[TestResult name=ClickFrames status=SUCCESS method=AlertsFramesWindowsTests.ClickFrames()[pri:10, instance:tests.AlertsFramesWindowsTests@68df9280] output={null}]]]>
              </value>
            </param>
          </params>
          <reporter-output>
          </reporter-output>
        </test-method> <!-- tearDown -->
        <test-method is-config="true" signature="setUP()[pri:0, instance:tests.AlertsFramesWindowsTests@68df9280]" started-at="2025-09-07T14:09:30 IST" name="setUP" finished-at="2025-09-07T14:10:10 IST" duration-ms="39828" status="PASS">
          <reporter-output>
          </reporter-output>
        </test-method> <!-- setUP -->
        <test-method signature="GetFrame1()[pri:11, instance:tests.AlertsFramesWindowsTests@68df9280]" started-at="2025-09-07T14:10:10 IST" name="GetFrame1" finished-at="2025-09-07T14:10:11 IST" duration-ms="1659" status="PASS">
          <reporter-output>
          </reporter-output>
        </test-method> <!-- GetFrame1 -->
        <test-method is-config="true" signature="tearDown(org.testng.ITestResult)[pri:0, instance:tests.AlertsFramesWindowsTests@68df9280]" started-at="2025-09-07T14:10:11 IST" name="tearDown" finished-at="2025-09-07T14:10:12 IST" duration-ms="639" status="PASS">
          <params>
            <param index="0">
              <value>
                <![CDATA[[TestResult name=GetFrame1 status=SUCCESS method=AlertsFramesWindowsTests.GetFrame1()[pri:11, instance:tests.AlertsFramesWindowsTests@68df9280] output={null}]]]>
              </value>
            </param>
          </params>
          <reporter-output>
          </reporter-output>
        </test-method> <!-- tearDown -->
        <test-method is-config="true" signature="setUP()[pri:0, instance:tests.AlertsFramesWindowsTests@68df9280]" started-at="2025-09-07T14:10:12 IST" name="setUP" finished-at="2025-09-07T14:10:48 IST" duration-ms="36278" status="PASS">
          <reporter-output>
          </reporter-output>
        </test-method> <!-- setUP -->
        <test-method signature="GetFrame2()[pri:12, instance:tests.AlertsFramesWindowsTests@68df9280]" started-at="2025-09-07T14:10:48 IST" name="GetFrame2" finished-at="2025-09-07T14:10:50 IST" duration-ms="1864" status="PASS">
          <reporter-output>
          </reporter-output>
        </test-method> <!-- GetFrame2 -->
        <test-method is-config="true" signature="tearDown(org.testng.ITestResult)[pri:0, instance:tests.AlertsFramesWindowsTests@68df9280]" started-at="2025-09-07T14:10:50 IST" name="tearDown" finished-at="2025-09-07T14:10:51 IST" duration-ms="675" status="PASS">
          <params>
            <param index="0">
              <value>
                <![CDATA[[TestResult name=GetFrame2 status=SUCCESS method=AlertsFramesWindowsTests.GetFrame2()[pri:12, instance:tests.AlertsFramesWindowsTests@68df9280] output={null}]]]>
              </value>
            </param>
          </params>
          <reporter-output>
          </reporter-output>
        </test-method> <!-- tearDown -->
        <test-method is-config="true" signature="setUP()[pri:0, instance:tests.AlertsFramesWindowsTests@68df9280]" started-at="2025-09-07T14:10:51 IST" name="setUP" finished-at="2025-09-07T14:11:27 IST" duration-ms="36591" status="PASS">
          <reporter-output>
          </reporter-output>
        </test-method> <!-- setUP -->
        <test-method signature="ClickModalDialogs()[pri:13, instance:tests.AlertsFramesWindowsTests@68df9280]" started-at="2025-09-07T14:11:27 IST" name="ClickModalDialogs" finished-at="2025-09-07T14:11:29 IST" duration-ms="1434" status="PASS">
          <reporter-output>
          </reporter-output>
        </test-method> <!-- ClickModalDialogs -->
        <test-method is-config="true" signature="tearDown(org.testng.ITestResult)[pri:0, instance:tests.AlertsFramesWindowsTests@68df9280]" started-at="2025-09-07T14:11:29 IST" name="tearDown" finished-at="2025-09-07T14:11:30 IST" duration-ms="726" status="PASS">
          <params>
            <param index="0">
              <value>
                <![CDATA[[TestResult name=ClickModalDialogs status=SUCCESS method=AlertsFramesWindowsTests.ClickModalDialogs()[pri:13, instance:tests.AlertsFramesWindowsTests@68df9280] output={null}]]]>
              </value>
            </param>
          </params>
          <reporter-output>
          </reporter-output>
        </test-method> <!-- tearDown -->
        <test-method is-config="true" signature="setUP()[pri:0, instance:tests.AlertsFramesWindowsTests@68df9280]" started-at="2025-09-07T14:11:30 IST" name="setUP" finished-at="2025-09-07T14:12:09 IST" duration-ms="39203" status="PASS">
          <reporter-output>
          </reporter-output>
        </test-method> <!-- setUP -->
        <test-method signature="ClickNestedFrames()[pri:13, instance:tests.AlertsFramesWindowsTests@68df9280]" started-at="2025-09-07T14:12:09 IST" name="ClickNestedFrames" finished-at="2025-09-07T14:12:10 IST" duration-ms="1418" status="PASS">
          <reporter-output>
          </reporter-output>
        </test-method> <!-- ClickNestedFrames -->
        <test-method is-config="true" signature="tearDown(org.testng.ITestResult)[pri:0, instance:tests.AlertsFramesWindowsTests@68df9280]" started-at="2025-09-07T14:12:10 IST" name="tearDown" finished-at="2025-09-07T14:12:11 IST" duration-ms="697" status="PASS">
          <params>
            <param index="0">
              <value>
                <![CDATA[[TestResult name=ClickNestedFrames status=SUCCESS method=AlertsFramesWindowsTests.ClickNestedFrames()[pri:13, instance:tests.AlertsFramesWindowsTests@68df9280] output={null}]]]>
              </value>
            </param>
          </params>
          <reporter-output>
          </reporter-output>
        </test-method> <!-- tearDown -->
        <test-method is-config="true" signature="setUP()[pri:0, instance:tests.AlertsFramesWindowsTests@68df9280]" started-at="2025-09-07T14:12:11 IST" name="setUP" finished-at="2025-09-07T14:12:48 IST" duration-ms="36890" status="PASS">
          <reporter-output>
          </reporter-output>
        </test-method> <!-- setUP -->
        <test-method signature="ClickLargeModal()[pri:14, instance:tests.AlertsFramesWindowsTests@68df9280]" started-at="2025-09-07T14:12:48 IST" name="ClickLargeModal" finished-at="2025-09-07T14:12:50 IST" duration-ms="2041" status="FAIL">
          <exception class="java.lang.AssertionError">
            <message>
              <![CDATA[expected [] but found [Large Modal]]]>
            </message>
            <full-stacktrace>
              <![CDATA[java.lang.AssertionError: expected [] but found [Large Modal]
at org.testng.Assert.fail(Assert.java:111)
at org.testng.Assert.failNotEquals(Assert.java:1590)
at org.testng.Assert.assertEqualsImpl(Assert.java:150)
at org.testng.Assert.assertEquals(Assert.java:132)
at org.testng.Assert.assertEquals(Assert.java:656)
at org.testng.Assert.assertEquals(Assert.java:666)
at pages.alertsframewindowsPage.clickLargeModal(alertsframewindowsPage.java:462)
at tests.AlertsFramesWindowsTests.ClickLargeModal(AlertsFramesWindowsTests.java:264)
at java.base/jdk.internal.reflect.DirectMethodHandleAccessor.invoke(DirectMethodHandleAccessor.java:103)
at java.base/java.lang.reflect.Method.invoke(Method.java:580)
at org.testng.internal.invokers.MethodInvocationHelper.invokeMethod(MethodInvocationHelper.java:141)
at org.testng.internal.invokers.TestInvoker.invokeMethod(TestInvoker.java:687)
at org.testng.internal.invokers.TestInvoker.invokeTestMethod(TestInvoker.java:230)
at org.testng.internal.invokers.MethodRunner.runInSequence(MethodRunner.java:63)
at org.testng.internal.invokers.TestInvoker$MethodInvocationAgent.invoke(TestInvoker.java:995)
at org.testng.internal.invokers.TestInvoker.invokeTestMethods(TestInvoker.java:203)
at org.testng.internal.invokers.TestMethodWorker.invokeTestMethods(TestMethodWorker.java:154)
at org.testng.internal.invokers.TestMethodWorker.run(TestMethodWorker.java:134)
at java.base/java.util.ArrayList.forEach(ArrayList.java:1596)
at org.testng.TestRunner.privateRun(TestRunner.java:741)
at org.testng.TestRunner.run(TestRunner.java:616)
at org.testng.SuiteRunner.runTest(SuiteRunner.java:421)
at org.testng.SuiteRunner.runSequentially(SuiteRunner.java:413)
at org.testng.SuiteRunner.privateRun(SuiteRunner.java:373)
at org.testng.SuiteRunner.run(SuiteRunner.java:312)
at org.testng.SuiteRunnerWorker.runSuite(SuiteRunnerWorker.java:52)
at org.testng.SuiteRunnerWorker.run(SuiteRunnerWorker.java:95)
at org.testng.TestNG.runSuitesSequentially(TestNG.java:1274)
at org.testng.TestNG.runSuitesLocally(TestNG.java:1208)
at org.testng.TestNG.runSuites(TestNG.java:1112)
at org.testng.TestNG.run(TestNG.java:1079)
at org.apache.maven.surefire.testng.TestNGExecutor.run(TestNGExecutor.java:155)
at org.apache.maven.surefire.testng.TestNGDirectoryTestSuite.executeMulti(TestNGDirectoryTestSuite.java:169)
at org.apache.maven.surefire.testng.TestNGDirectoryTestSuite.execute(TestNGDirectoryTestSuite.java:88)
at org.apache.maven.surefire.testng.TestNGProvider.invoke(TestNGProvider.java:137)
at org.apache.maven.surefire.booter.ForkedBooter.runSuitesInProcess(ForkedBooter.java:385)
at org.apache.maven.surefire.booter.ForkedBooter.execute(ForkedBooter.java:162)
at org.apache.maven.surefire.booter.ForkedBooter.run(ForkedBooter.java:507)
at org.apache.maven.surefire.booter.ForkedBooter.main(ForkedBooter.java:495)
]]>
            </full-stacktrace>
          </exception> <!-- java.lang.AssertionError -->
          <reporter-output>
          </reporter-output>
        </test-method> <!-- ClickLargeModal -->
        <test-method is-config="true" signature="tearDown(org.testng.ITestResult)[pri:0, instance:tests.AlertsFramesWindowsTests@68df9280]" started-at="2025-09-07T14:12:50 IST" name="tearDown" finished-at="2025-09-07T14:12:52 IST" duration-ms="1788" status="PASS">
          <params>
            <param index="0">
              <value>
                <![CDATA[[TestResult name=ClickLargeModal status=FAILURE method=AlertsFramesWindowsTests.ClickLargeModal()[pri:14, instance:tests.AlertsFramesWindowsTests@68df9280] output={null}]]]>
              </value>
            </param>
          </params>
          <reporter-output>
          </reporter-output>
        </test-method> <!-- tearDown -->
        <test-method is-config="true" signature="setUP()[pri:0, instance:tests.AlertsFramesWindowsTests@68df9280]" started-at="2025-09-07T14:12:52 IST" name="setUP" finished-at="2025-09-07T14:13:15 IST" duration-ms="23320" status="PASS">
          <reporter-output>
          </reporter-output>
        </test-method> <!-- setUP -->
        <test-method signature="ClickSmallModal()[pri:14, instance:tests.AlertsFramesWindowsTests@68df9280]" started-at="2025-09-07T14:13:15 IST" name="ClickSmallModal" finished-at="2025-09-07T14:13:18 IST" duration-ms="2697" status="PASS">
          <reporter-output>
          </reporter-output>
        </test-method> <!-- ClickSmallModal -->
        <test-method is-config="true" signature="tearDown(org.testng.ITestResult)[pri:0, instance:tests.AlertsFramesWindowsTests@68df9280]" started-at="2025-09-07T14:13:18 IST" name="tearDown" finished-at="2025-09-07T14:13:18 IST" duration-ms="770" status="PASS">
          <params>
            <param index="0">
              <value>
                <![CDATA[[TestResult name=ClickSmallModal status=SUCCESS method=AlertsFramesWindowsTests.ClickSmallModal()[pri:14, instance:tests.AlertsFramesWindowsTests@68df9280] output={null}]]]>
              </value>
            </param>
          </params>
          <reporter-output>
          </reporter-output>
        </test-method> <!-- tearDown -->
        <test-method is-config="true" signature="setUP()[pri:0, instance:tests.AlertsFramesWindowsTests@68df9280]" started-at="2025-09-07T14:13:18 IST" name="setUP" finished-at="2025-09-07T14:13:55 IST" duration-ms="36399" status="PASS">
          <reporter-output>
          </reporter-output>
        </test-method> <!-- setUP -->
        <test-method signature="GetParentFrame()[pri:14, instance:tests.AlertsFramesWindowsTests@68df9280]" started-at="2025-09-07T14:13:55 IST" name="GetParentFrame" finished-at="2025-09-07T14:13:59 IST" duration-ms="4546" status="PASS">
          <reporter-output>
          </reporter-output>
        </test-method> <!-- GetParentFrame -->
        <test-method is-config="true" signature="tearDown(org.testng.ITestResult)[pri:0, instance:tests.AlertsFramesWindowsTests@68df9280]" started-at="2025-09-07T14:13:59 IST" name="tearDown" finished-at="2025-09-07T14:14:00 IST" duration-ms="723" status="PASS">
          <params>
            <param index="0">
              <value>
                <![CDATA[[TestResult name=GetParentFrame status=SUCCESS method=AlertsFramesWindowsTests.GetParentFrame()[pri:14, instance:tests.AlertsFramesWindowsTests@68df9280] output={null}]]]>
              </value>
            </param>
          </params>
          <reporter-output>
          </reporter-output>
        </test-method> <!-- tearDown -->
        <test-method is-config="true" signature="setUP()[pri:0, instance:tests.AlertsFramesWindowsTests@68df9280]" started-at="2025-09-07T14:14:00 IST" name="setUP" finished-at="2025-09-07T14:14:37 IST" duration-ms="36677" status="PASS">
          <reporter-output>
          </reporter-output>
        </test-method> <!-- setUP -->
        <test-method signature="GetChildFrame()[pri:15, instance:tests.AlertsFramesWindowsTests@68df9280]" started-at="2025-09-07T14:14:37 IST" name="GetChildFrame" finished-at="2025-09-07T14:14:38 IST" duration-ms="1538" status="PASS">
          <reporter-output>
          </reporter-output>
        </test-method> <!-- GetChildFrame -->
        <test-method is-config="true" signature="tearDown(org.testng.ITestResult)[pri:0, instance:tests.AlertsFramesWindowsTests@68df9280]" started-at="2025-09-07T14:14:38 IST" name="tearDown" finished-at="2025-09-07T14:14:39 IST" duration-ms="620" status="PASS">
          <params>
            <param index="0">
              <value>
                <![CDATA[[TestResult name=GetChildFrame status=SUCCESS method=AlertsFramesWindowsTests.GetChildFrame()[pri:15, instance:tests.AlertsFramesWindowsTests@68df9280] output={null}]]]>
              </value>
            </param>
          </params>
          <reporter-output>
          </reporter-output>
        </test-method> <!-- tearDown -->
        <test-method is-config="true" signature="teardownReport()[pri:0, instance:tests.AlertsFramesWindowsTests@68df9280]" started-at="2025-09-07T14:57:25 IST" name="teardownReport" finished-at="2025-09-07T14:57:26 IST" duration-ms="649" status="PASS">
          <reporter-output>
          </reporter-output>
        </test-method> <!-- teardownReport -->
      </class> <!-- tests.AlertsFramesWindowsTests -->
    </test> <!-- Surefire test -->
  </suite> <!-- Surefire suite -->
</testng-results>
