<?xml version="1.0" encoding="UTF-8"?>
<testng-results ignored="0" total="2" passed="2" failed="0" skipped="0">
  <reporter-output>
  </reporter-output>
  <suite started-at="2025-07-16T10:40:14 IST" name="Surefire suite" finished-at="2025-07-16T10:40:30 IST" duration-ms="16381">
    <groups>
    </groups>
    <test started-at="2025-07-16T10:40:14 IST" name="Surefire test" finished-at="2025-07-16T10:40:30 IST" duration-ms="16381">
      <class name="tests.FormTests">
        <test-method is-config="true" signature="setupReport()[pri:0, instance:tests.FormTests@19bb07ed]" started-at="2025-07-16T10:40:14 IST" name="setupReport" finished-at="2025-07-16T10:40:14 IST" duration-ms="250" status="PASS">
          <reporter-output>
          </reporter-output>
        </test-method> <!-- setupReport -->
        <test-method is-config="true" signature="setUP()[pri:0, instance:tests.FormTests@19bb07ed]" started-at="2025-07-16T10:40:14 IST" name="setUP" finished-at="2025-07-16T10:40:21 IST" duration-ms="7319" status="PASS">
          <reporter-output>
          </reporter-output>
        </test-method> <!-- setUP -->
        <test-method signature="FormCard()[pri:1, instance:tests.FormTests@19bb07ed]" started-at="2025-07-16T10:40:21 IST" name="FormCard" finished-at="2025-07-16T10:40:22 IST" duration-ms="304" status="PASS">
          <reporter-output>
          </reporter-output>
        </test-method> <!-- FormCard -->
        <test-method is-config="true" signature="TearDown()[pri:0, instance:tests.FormTests@19bb07ed]" started-at="2025-07-16T10:40:22 IST" name="TearDown" finished-at="2025-07-16T10:40:22 IST" duration-ms="159" status="PASS">
          <reporter-output>
          </reporter-output>
        </test-method> <!-- TearDown -->
        <test-method is-config="true" signature="setUP()[pri:0, instance:tests.FormTests@19bb07ed]" started-at="2025-07-16T10:40:22 IST" name="setUP" finished-at="2025-07-16T10:40:27 IST" duration-ms="4829" status="PASS">
          <reporter-output>
          </reporter-output>
        </test-method> <!-- setUP -->
        <test-method signature="fillForm()[pri:2, instance:tests.FormTests@19bb07ed]" started-at="2025-07-16T10:40:27 IST" name="fillForm" finished-at="2025-07-16T10:40:30 IST" duration-ms="3528" status="PASS">
          <reporter-output>
          </reporter-output>
        </test-method> <!-- fillForm -->
        <test-method is-config="true" signature="TearDown()[pri:0, instance:tests.FormTests@19bb07ed]" started-at="2025-07-16T10:40:30 IST" name="TearDown" finished-at="2025-07-16T10:40:30 IST" duration-ms="202" status="PASS">
          <reporter-output>
          </reporter-output>
        </test-method> <!-- TearDown -->
        <test-method is-config="true" signature="teardownReport()[pri:0, instance:tests.FormTests@19bb07ed]" started-at="2025-07-16T10:40:30 IST" name="teardownReport" finished-at="2025-07-16T10:40:31 IST" duration-ms="459" status="PASS">
          <reporter-output>
          </reporter-output>
        </test-method> <!-- teardownReport -->
      </class> <!-- tests.FormTests -->
    </test> <!-- Surefire test -->
  </suite> <!-- Surefire suite -->
</testng-results>
