<?xml version="1.0" encoding="UTF-8"?>
<testsuite xmlns:xsi="http://www.w3.org/2001/XMLSchema-instance" xsi:noNamespaceSchemaLocation="https://maven.apache.org/surefire/maven-surefire-plugin/xsd/surefire-test-report-3.0.xsd" version="3.0" name="TestSuite" time="1794.606" tests="133" errors="0" skipped="16" failures="5">
  <properties>
[...]
</properties>
  <testcase name="accessAlertsFrameWindows" classname="tests.AlertsFramesWindowsTests" time="0.461">
    <system-out><![CDATA[2025-09-03T07:03:35.253549200Z main INFO Starting configuration XmlConfiguration[location=C:\ASN\eclipse_workspace\demoqa-automation\target\classes\log4j2.xml, lastModified=2025-08-05T03:16:47.250Z]...
2025-09-03T07:03:35.259915Z main INFO Start watching for changes to C:\ASN\eclipse_workspace\demoqa-automation\target\classes\log4j2.xml every 0 seconds
2025-09-03T07:03:35.259915Z main INFO Configuration XmlConfiguration[location=C:\ASN\eclipse_workspace\demoqa-automation\target\classes\log4j2.xml, lastModified=2025-08-05T03:16:47.250Z] started.
2025-09-03T07:03:35.261091700Z main INFO Stopping configuration org.apache.logging.log4j.core.config.DefaultConfiguration@26d9b808...
2025-09-03T07:03:35.261091700Z main INFO Configuration org.apache.logging.log4j.core.config.DefaultConfiguration@26d9b808 stopped.
2025-09-03 12:33:36 [main] INFO  demoqaBase - Starting Web Browser...
2025-09-03 12:33:38 [main] INFO  demoqaBase - Navigating to demoqa.com Website
2025-09-03 12:33:38 [main] INFO  RetryUrlAccess - 🌐 Attempt 1: Navigating to https://demoqa.com
2025-09-03 12:33:44 [main] INFO  RetryUrlAccess - ✅ Successfully navigated to: https://demoqa.com
2025-09-03 12:33:44 [main] INFO  demoqaBase - Starting Test Alerts, Frames & Windows...
2025-09-03 12:33:44 [main] INFO  demoqaBase - Accessing Alerts, Frame & Windows Card...
Declared Instance WebDriverWait: org.openqa.selenium.support.ui.WebDriverWait@723ed581
2025-09-03 12:33:44 [main] INFO  demoqaLog - Clicking on Alert Frame & Windows Card...
2025-09-03 12:33:44 [main] INFO  demoqaLog - ✅ JS click executed on element: {}
2025-09-03 12:33:44 [main] INFO  demoqaLog - Clicked on on Alert Frame & Windows Card...
Title of this Page is: DEMOQA
You are Accessing: Alerts, Frame & Windows
2025-09-03 12:33:44 [main] INFO  demoqaBase - Alerts, Frame & Windows Card: Please select an item from left to start practice.
2025-09-03 12:33:44 [main] INFO  demoqaBase - Alerts, Frames & Windows Test Completed...
]]></system-out>
    <system-err><![CDATA[SLF4J(W): No SLF4J providers were found.
SLF4J(W): Defaulting to no-operation (NOP) logger implementation
SLF4J(W): See https://www.slf4j.org/codes.html#noProviders for further details.
]]></system-err>
  </testcase>
  <testcase name="browserWindows" classname="tests.AlertsFramesWindowsTests" time="0.547">
    <system-out><![CDATA[2025-09-03 12:33:44 [main] INFO  demoqaBase - Closing the Browser...
2025-09-03 12:33:45 [main] INFO  demoqaBase - Starting Web Browser...
2025-09-03 12:33:46 [main] INFO  demoqaBase - Navigating to demoqa.com Website
2025-09-03 12:33:46 [main] INFO  RetryUrlAccess - 🌐 Attempt 1: Navigating to https://demoqa.com
2025-09-03 12:33:51 [main] INFO  RetryUrlAccess - ✅ Successfully navigated to: https://demoqa.com
2025-09-03 12:33:51 [main] INFO  demoqaBase - Starting Test Alerts, Frames & Windows...
2025-09-03 12:33:51 [main] INFO  demoqaBase - Accessing Alerts, Frame & Windows Card...
Declared Instance WebDriverWait: org.openqa.selenium.support.ui.WebDriverWait@376e7531
2025-09-03 12:33:51 [main] INFO  demoqaLog - Clicking on Alert Frame & Windows Card...
2025-09-03 12:33:51 [main] INFO  demoqaLog - ✅ JS click executed on element: {}
2025-09-03 12:33:51 [main] INFO  demoqaLog - Clicked on on Alert Frame & Windows Card...
Title of this Page is: DEMOQA
You are Accessing: Alerts, Frame & Windows
2025-09-03 12:33:52 [main] INFO  demoqaBase - Alerts, Frame & Windows Card: Please select an item from left to start practice.
2025-09-03 12:33:52 [main] INFO  demoqaBase - Clicking on Alerts, Frame & Windows Card|Browser Windows...
You are now Accessing: Browser Windows
2025-09-03 12:33:52 [main] INFO  demoqaBase - You are now Accessing: Browser Windows
2025-09-03 12:33:52 [main] INFO  demoqaBase - Alerts, Frames & Windows|Browser Windows Test Completed...
]]></system-out>
  </testcase>
  <testcase name="browserWindowsNewTab" classname="tests.AlertsFramesWindowsTests" time="1.058">
    <system-out><![CDATA[2025-09-03 12:33:52 [main] INFO  demoqaBase - Closing the Browser...
2025-09-03 12:33:52 [main] INFO  demoqaBase - Starting Web Browser...
2025-09-03 12:33:54 [main] INFO  demoqaBase - Navigating to demoqa.com Website
2025-09-03 12:33:54 [main] INFO  RetryUrlAccess - 🌐 Attempt 1: Navigating to https://demoqa.com
2025-09-03 12:33:58 [main] WARN  RetryUrlAccess - 🔁 Attempt 1 failed due to retryable error: detected error page after navigation
build info: version: '4.35.0', revision: '1c58e5028b'
system info: os.name: 'windows 11', os.arch: 'amd64', os.version: '10.0', java.version: '21.0.7'
driver info: driver.version: unknown. Retrying after 3000ms...
2025-09-03 12:34:01 [main] INFO  RetryUrlAccess - 🌐 Attempt 2: Navigating to https://demoqa.com
2025-09-03 12:34:02 [main] INFO  RetryUrlAccess - ✅ Successfully navigated to: https://demoqa.com
2025-09-03 12:34:02 [main] INFO  demoqaBase - Starting Test Alerts, Frames & Windows|New Tab...
2025-09-03 12:34:02 [main] INFO  demoqaBase - Accessing Alerts, Frame & Windows Card...
Declared Instance WebDriverWait: org.openqa.selenium.support.ui.WebDriverWait@25e49cb2
2025-09-03 12:34:02 [main] INFO  demoqaLog - Clicking on Alert Frame & Windows Card...
2025-09-03 12:34:02 [main] INFO  demoqaLog - ✅ JS click executed on element: {}
2025-09-03 12:34:02 [main] INFO  demoqaLog - Clicked on on Alert Frame & Windows Card...
Title of this Page is: DEMOQA
You are Accessing: Alerts, Frame & Windows
2025-09-03 12:34:02 [main] INFO  demoqaBase - Alerts, Frame & Windows Card: Please select an item from left to start practice.
2025-09-03 12:34:02 [main] INFO  demoqaBase - Clicking on Alerts, Frame & Windows Card|Browser Windows...
You are now Accessing: Browser Windows
2025-09-03 12:34:03 [main] INFO  demoqaBase - You are now Accessing: Browser Windows
2025-09-03 12:34:03 [main] INFO  demoqaBase - Initiating New Tab click sequence...
2025-09-03 12:34:03 [main] INFO  demoqaBase - Clicked New Tab button
2025-09-03 12:34:03 [main] INFO  demoqaBase - Switched to new tab: 892728CF8D6511F4C7B95558EE3EB452
2025-09-03 12:34:03 [main] INFO  demoqaBase - New tab content: 'This is a sample page'
You are now accessing: This is a sample page
2025-09-03 12:34:03 [main] INFO  demoqaBase -  Alerts, Frames & Windows|Browser Windows|New Tab Test Completed...
]]></system-out>
  </testcase>
  <testcase name="browserWindowsNewWindow" classname="tests.AlertsFramesWindowsTests" time="1.615">
    <system-out><![CDATA[2025-09-03 12:34:03 [main] INFO  demoqaBase - Closing the Browser...
2025-09-03 12:34:04 [main] INFO  demoqaBase - Starting Web Browser...
2025-09-03 12:34:05 [main] INFO  demoqaBase - Navigating to demoqa.com Website
2025-09-03 12:34:05 [main] INFO  RetryUrlAccess - 🌐 Attempt 1: Navigating to https://demoqa.com
2025-09-03 12:34:16 [main] INFO  RetryUrlAccess - ✅ Successfully navigated to: https://demoqa.com
2025-09-03 12:34:16 [main] INFO  demoqaBase - Starting Test Alerts, Frames & Windows|New Window...
2025-09-03 12:34:16 [main] INFO  demoqaBase - Accessing Alerts, Frame & Windows Card...
Declared Instance WebDriverWait: org.openqa.selenium.support.ui.WebDriverWait@aa4d8cc
2025-09-03 12:34:16 [main] INFO  demoqaLog - Clicking on Alert Frame & Windows Card...
2025-09-03 12:34:16 [main] INFO  demoqaLog - ✅ JS click executed on element: {}
2025-09-03 12:34:16 [main] INFO  demoqaLog - Clicked on on Alert Frame & Windows Card...
Title of this Page is: DEMOQA
You are Accessing: Alerts, Frame & Windows
2025-09-03 12:34:16 [main] INFO  demoqaBase - Alerts, Frame & Windows Card: Please select an item from left to start practice.
2025-09-03 12:34:16 [main] INFO  demoqaBase - Clicking on Alerts, Frame & Windows Card|Browser Windows...
You are now Accessing: Browser Windows
2025-09-03 12:34:17 [main] INFO  demoqaBase - You are now Accessing: Browser Windows
2025-09-03 12:34:17 [main] INFO  demoqaBase - Initiating New Window click sequence...
2025-09-03 12:34:17 [main] INFO  demoqaBase - Clicked New Window button
2025-09-03 12:34:17 [main] INFO  demoqaBase - Switched to new tab: CE7928D47149E9CFE8F7C3512E1965B5
2025-09-03 12:34:17 [main] INFO  demoqaBase - New tab content: 'This is a sample page'
You are now accessing: This is a sample page
2025-09-03 12:34:17 [main] INFO  demoqaBase -  Alerts, Frames & Windows|Browser Windows|New Window Test Completed...
]]></system-out>
  </testcase>
  <testcase name="browserWindowsNewWindowMsg" classname="tests.AlertsFramesWindowsTests" time="1.651">
    <system-out><![CDATA[2025-09-03 12:34:17 [main] INFO  demoqaBase - Closing the Browser...
2025-09-03 12:34:18 [main] INFO  demoqaBase - Starting Web Browser...
2025-09-03 12:34:19 [main] INFO  demoqaBase - Navigating to demoqa.com Website
2025-09-03 12:34:19 [main] INFO  RetryUrlAccess - 🌐 Attempt 1: Navigating to https://demoqa.com
2025-09-03 12:34:49 [main] WARN  RetryUrlAccess - 🔁 Attempt 1 failed due to retryable error: timeout: timed out receiving message from renderer: 29.046
  (session info: chrome=137.0.7151.120)
build info: version: '4.35.0', revision: '1c58e5028b'
system info: os.name: 'windows 11', os.arch: 'amd64', os.version: '10.0', java.version: '21.0.7'
driver info: org.openqa.selenium.chrome.chromedriver
command: [d09aaee49c6285f8f463cc4a18b15548, get {url=https://demoqa.com}]
capabilities {acceptinsecurecerts: false, browsername: chrome, browserversion: 137.0.7151.120, chrome: {chromedriverversion: 137.0.7151.119 (e0ac9d12dff..., userdatadir: c:\users\dell\appdata\local...}, fedcm:accounts: true, goog:chromeoptions: {debuggeraddress: localhost:60664}, networkconnectionenabled: false, pageloadstrategy: normal, platformname: windows, proxy: proxy(), se:cdp: ws://localhost:60664/devtoo..., se:cdpversion: 137.0.7151.120, setwindowrect: true, strictfileinteractability: false, timeouts: {implicit: 0, pageload: 300000, script: 30000}, unhandledpromptbehavior: dismiss and notify, webauthn:extension:credblob: true, webauthn:extension:largeblob: true, webauthn:extension:minpinlength: true, webauthn:extension:prf: true, webauthn:virtualauthenticators: true}
session id: d09aaee49c6285f8f463cc4a18b15548. Retrying after 3000ms...
2025-09-03 12:34:52 [main] INFO  RetryUrlAccess - 🌐 Attempt 2: Navigating to https://demoqa.com
2025-09-03 12:35:02 [main] INFO  RetryUrlAccess - ✅ Successfully navigated to: https://demoqa.com
2025-09-03 12:35:02 [main] INFO  demoqaBase - Starting Test Alerts, Frames & Windows|New Window Message...
2025-09-03 12:35:02 [main] INFO  demoqaBase - Accessing Alerts, Frame & Windows Card...
Declared Instance WebDriverWait: org.openqa.selenium.support.ui.WebDriverWait@79b84841
2025-09-03 12:35:02 [main] INFO  demoqaLog - Clicking on Alert Frame & Windows Card...
2025-09-03 12:35:02 [main] INFO  demoqaLog - ✅ JS click executed on element: {}
2025-09-03 12:35:02 [main] INFO  demoqaLog - Clicked on on Alert Frame & Windows Card...
Title of this Page is: DEMOQA
You are Accessing: Alerts, Frame & Windows
2025-09-03 12:35:02 [main] INFO  demoqaBase - Alerts, Frame & Windows Card: Please select an item from left to start practice.
2025-09-03 12:35:02 [main] INFO  demoqaBase - Clicking on Alerts, Frame & Windows Card|Browser Windows...
You are now Accessing: Browser Windows
2025-09-03 12:35:03 [main] INFO  demoqaBase - You are now Accessing: Browser Windows
2025-09-03 12:35:03 [main] INFO  demoqaBase - 🔍 Starting 'New Window Message' click sequence...
2025-09-03 12:35:03 [main] INFO  demoqaLog - ✅ JS click executed on element: {}
2025-09-03 12:35:03 [main] INFO  demoqaBase - 🔀 Switched to new window: C7D584232BC581A9177EC5DB0C7AD86E
2025-09-03 12:35:03 [main] INFO  demoqaBase - ✅ Verified new popup window opened successfully.
2025-09-03 12:35:03 [main] INFO  demoqaBase - ↩️ Switched back to original window: 6D4F5205972B9452B4B240ADD513C131
2025-09-03 12:35:03 [main] INFO  demoqaBase - ✅ 'New Window Message' flow completed successfully.
2025-09-03 12:35:03 [main] INFO  demoqaBase -  Alerts, Frames & Windows|Browser Windows|New Window Message Test Completed...
]]></system-out>
  </testcase>
  <testcase name="ClickAlerts" classname="tests.AlertsFramesWindowsTests" time="0.917">
    <system-out><![CDATA[2025-09-03 12:35:03 [main] INFO  demoqaBase - Closing the Browser...
2025-09-03 12:35:04 [main] INFO  demoqaBase - Starting Web Browser...
2025-09-03 12:35:05 [main] INFO  demoqaBase - Navigating to demoqa.com Website
2025-09-03 12:35:05 [main] INFO  RetryUrlAccess - 🌐 Attempt 1: Navigating to https://demoqa.com
2025-09-03 12:35:16 [main] INFO  RetryUrlAccess - ✅ Successfully navigated to: https://demoqa.com
2025-09-03 12:35:16 [main] INFO  demoqaBase - Starting Test Alerts, Frames & Windows|New Window Message...
2025-09-03 12:35:16 [main] INFO  demoqaBase - Accessing Alerts, Frame & Windows Card...
Declared Instance WebDriverWait: org.openqa.selenium.support.ui.WebDriverWait@75120e58
2025-09-03 12:35:16 [main] INFO  demoqaLog - Clicking on Alert Frame & Windows Card...
2025-09-03 12:35:17 [main] INFO  demoqaLog - ✅ JS click executed on element: {}
2025-09-03 12:35:17 [main] INFO  demoqaLog - Clicked on on Alert Frame & Windows Card...
Title of this Page is: DEMOQA
You are Accessing: Alerts, Frame & Windows
2025-09-03 12:35:17 [main] INFO  demoqaBase - Alerts, Frame & Windows Card: Please select an item from left to start practice.
2025-09-03 12:35:17 [main] INFO  demoqaBase - 🔍 Starting test for Alerts click ..
2025-09-03 12:35:17 [main] INFO  demoqaLog - ✅ JS click executed on element: {}
2025-09-03 12:35:17 [main] INFO  demoqaBase - ✅ Clicked on Alerts...
2025-09-03 12:35:17 [main] INFO  demoqaBase - Page Title is: Alerts
2025-09-03 12:35:17 [main] INFO  demoqaBase -  Alerts, Frames & Windows|Alerts Test Completed...
]]></system-out>
  </testcase>
  <testcase name="ClickToSeeAlerts" classname="tests.AlertsFramesWindowsTests" time="6.103">
    <system-out><![CDATA[2025-09-03 12:35:17 [main] INFO  demoqaBase - Closing the Browser...
2025-09-03 12:35:18 [main] INFO  demoqaBase - Starting Web Browser...
2025-09-03 12:35:19 [main] INFO  demoqaBase - Navigating to demoqa.com Website
2025-09-03 12:35:19 [main] INFO  RetryUrlAccess - 🌐 Attempt 1: Navigating to https://demoqa.com
2025-09-03 12:35:30 [main] INFO  RetryUrlAccess - ✅ Successfully navigated to: https://demoqa.com
2025-09-03 12:35:30 [main] INFO  demoqaBase - Starting Test Alerts, Frames & Windows|Alerts|Click button to see Alert...
2025-09-03 12:35:30 [main] INFO  demoqaBase - Accessing Alerts, Frame & Windows Card...
Declared Instance WebDriverWait: org.openqa.selenium.support.ui.WebDriverWait@1115433e
2025-09-03 12:35:30 [main] INFO  demoqaLog - Clicking on Alert Frame & Windows Card...
2025-09-03 12:35:31 [main] INFO  demoqaLog - ✅ JS click executed on element: {}
2025-09-03 12:35:31 [main] INFO  demoqaLog - Clicked on on Alert Frame & Windows Card...
Title of this Page is: DEMOQA
You are Accessing: Alerts, Frame & Windows
2025-09-03 12:35:31 [main] INFO  demoqaBase - Alerts, Frame & Windows Card: Please select an item from left to start practice.
2025-09-03 12:35:31 [main] INFO  demoqaBase - 🔍 Starting test for Alerts click ..
2025-09-03 12:35:31 [main] INFO  demoqaLog - ✅ JS click executed on element: {}
2025-09-03 12:35:31 [main] INFO  demoqaBase - ✅ Clicked on Alerts...
2025-09-03 12:35:31 [main] INFO  demoqaBase - Page Title is: Alerts
2025-09-03 12:35:31 [main] INFO  demoqaBase - 🔍 Starting test for On button click, alert will appear after 5 seconds...
2025-09-03 12:35:31 [main] INFO  demoqaLog - ✅ JS click executed on element: {}
2025-09-03 12:35:31 [main] INFO  demoqaBase - ✅ Clicked on Click Button to see Alert after 5 seconds...
2025-09-03 12:35:37 [main] INFO  demoqaBase - ✅ On button click, alert will appear after 5 seconds, message is: This alert appeared after 5 seconds
2025-09-03 12:35:37 [main] INFO  demoqaBase -  Alerts, Frames & Windows|Alerts|Click button to see Alert Test Completed...
]]></system-out>
  </testcase>
  <testcase name="ClickAcceptConfirmationBox" classname="tests.AlertsFramesWindowsTests" time="0.872">
    <system-out><![CDATA[2025-09-03 12:35:37 [main] INFO  demoqaBase - Closing the Browser...
2025-09-03 12:35:37 [main] INFO  demoqaBase - Starting Web Browser...
2025-09-03 12:35:38 [main] INFO  demoqaBase - Navigating to demoqa.com Website
2025-09-03 12:35:38 [main] INFO  RetryUrlAccess - 🌐 Attempt 1: Navigating to https://demoqa.com
2025-09-03 12:35:50 [main] INFO  RetryUrlAccess - ✅ Successfully navigated to: https://demoqa.com
2025-09-03 12:35:50 [main] INFO  demoqaBase - Starting Test Alerts, Frames & Windows|AlertsOn button click, confirm box will appear, Accept...
2025-09-03 12:35:50 [main] INFO  demoqaBase - Accessing Alerts, Frame & Windows Card...
Declared Instance WebDriverWait: org.openqa.selenium.support.ui.WebDriverWait@4bdf
2025-09-03 12:35:50 [main] INFO  demoqaLog - Clicking on Alert Frame & Windows Card...
2025-09-03 12:35:50 [main] INFO  demoqaLog - ✅ JS click executed on element: {}
2025-09-03 12:35:50 [main] INFO  demoqaLog - Clicked on on Alert Frame & Windows Card...
Title of this Page is: DEMOQA
You are Accessing: Alerts, Frame & Windows
2025-09-03 12:35:50 [main] INFO  demoqaBase - Alerts, Frame & Windows Card: Please select an item from left to start practice.
2025-09-03 12:35:50 [main] INFO  demoqaBase - 🔍 Starting test for Alerts click ..
2025-09-03 12:35:50 [main] INFO  demoqaLog - ✅ JS click executed on element: {}
2025-09-03 12:35:50 [main] INFO  demoqaBase - ✅ Clicked on Alerts...
2025-09-03 12:35:50 [main] INFO  demoqaBase - Page Title is: Alerts
2025-09-03 12:35:50 [main] INFO  demoqaBase - 🔍 Starting test for On button click, confirm box will appear, Accept...
2025-09-03 12:35:51 [main] INFO  demoqaLog - ✅ JS click executed on element: {}
2025-09-03 12:35:51 [main] INFO  demoqaBase - ✅ Clicked On button click, confirm box will appear, Accept...
2025-09-03 12:35:51 [main] INFO  demoqaBase - ✅ On button click, confirm box will appear, message is: Do you confirm action?
2025-09-03 12:35:51 [main] INFO  demoqaBase - ✅ Your Selection was: You selected Ok
2025-09-03 12:35:51 [main] INFO  demoqaBase -  Alerts, Frames & Windows|Alerts|On button click, confirm box will appear, Accept Test Completed...
]]></system-out>
  </testcase>
  <testcase name="ClickDenyConfirmationBox" classname="tests.AlertsFramesWindowsTests" time="0.974">
    <system-out><![CDATA[2025-09-03 12:35:51 [main] INFO  demoqaBase - Closing the Browser...
2025-09-03 12:35:51 [main] INFO  demoqaBase - Starting Web Browser...
2025-09-03 12:35:52 [main] INFO  demoqaBase - Navigating to demoqa.com Website
2025-09-03 12:35:52 [main] INFO  RetryUrlAccess - 🌐 Attempt 1: Navigating to https://demoqa.com
2025-09-03 12:36:05 [main] INFO  RetryUrlAccess - ✅ Successfully navigated to: https://demoqa.com
2025-09-03 12:36:05 [main] INFO  demoqaBase - Starting Test Alerts, Frames & Windows|Alerts|On button click, confirm box will appear, Deny...
2025-09-03 12:36:05 [main] INFO  demoqaBase - Accessing Alerts, Frame & Windows Card...
Declared Instance WebDriverWait: org.openqa.selenium.support.ui.WebDriverWait@51efb731
2025-09-03 12:36:05 [main] INFO  demoqaLog - Clicking on Alert Frame & Windows Card...
2025-09-03 12:36:05 [main] INFO  demoqaLog - ✅ JS click executed on element: {}
2025-09-03 12:36:05 [main] INFO  demoqaLog - Clicked on on Alert Frame & Windows Card...
Title of this Page is: DEMOQA
You are Accessing: Alerts, Frame & Windows
2025-09-03 12:36:05 [main] INFO  demoqaBase - Alerts, Frame & Windows Card: Please select an item from left to start practice.
2025-09-03 12:36:05 [main] INFO  demoqaBase - 🔍 Starting test for Alerts click ..
2025-09-03 12:36:06 [main] INFO  demoqaLog - ✅ JS click executed on element: {}
2025-09-03 12:36:06 [main] INFO  demoqaBase - ✅ Clicked on Alerts...
2025-09-03 12:36:06 [main] INFO  demoqaBase - Page Title is: Alerts
2025-09-03 12:36:06 [main] INFO  demoqaBase - 🔍 Starting test for On button click, confirm box will appear, Deny...
2025-09-03 12:36:06 [main] INFO  demoqaLog - ✅ JS click executed on element: {}
2025-09-03 12:36:06 [main] INFO  demoqaBase - ✅ Clicked On button click, confirm box will appear, Deny...
2025-09-03 12:36:06 [main] INFO  demoqaBase - ✅ On button click, confirm box will appear, message is: Do you confirm action?
2025-09-03 12:36:06 [main] INFO  demoqaBase - ✅ Your Selection was: You selected Cancel
2025-09-03 12:36:06 [main] INFO  demoqaBase -  Alerts, Frames & Windows|Alerts|On button click, confirm box will appear, Deny Test Completed...
]]></system-out>
  </testcase>
  <testcase name="ClickPromptBoxFill" classname="tests.AlertsFramesWindowsTests" time="1.485">
    <system-out><![CDATA[2025-09-03 12:36:06 [main] INFO  demoqaBase - Closing the Browser...
2025-09-03 12:36:06 [main] INFO  demoqaBase - Starting Web Browser...
2025-09-03 12:36:08 [main] INFO  demoqaBase - Navigating to demoqa.com Website
2025-09-03 12:36:08 [main] INFO  RetryUrlAccess - 🌐 Attempt 1: Navigating to https://demoqa.com
2025-09-03 12:36:19 [main] INFO  RetryUrlAccess - ✅ Successfully navigated to: https://demoqa.com
2025-09-03 12:36:19 [main] INFO  demoqaBase - Starting Test Alerts, Frames & Windows|Alerts|On button click, prompt box will appear, Fill data...
2025-09-03 12:36:19 [main] INFO  demoqaBase - Accessing Alerts, Frame & Windows Card...
Declared Instance WebDriverWait: org.openqa.selenium.support.ui.WebDriverWait@1e12a5a6
2025-09-03 12:36:19 [main] INFO  demoqaLog - Clicking on Alert Frame & Windows Card...
2025-09-03 12:36:19 [main] INFO  demoqaLog - ✅ JS click executed on element: {}
2025-09-03 12:36:19 [main] INFO  demoqaLog - Clicked on on Alert Frame & Windows Card...
Title of this Page is: DEMOQA
You are Accessing: Alerts, Frame & Windows
2025-09-03 12:36:19 [main] INFO  demoqaBase - Alerts, Frame & Windows Card: Please select an item from left to start practice.
2025-09-03 12:36:19 [main] INFO  demoqaBase - 🔍 Starting test for Alerts click ..
2025-09-03 12:36:20 [main] INFO  demoqaLog - ✅ JS click executed on element: {}
2025-09-03 12:36:20 [main] INFO  demoqaBase - ✅ Clicked on Alerts...
2025-09-03 12:36:20 [main] INFO  demoqaBase - Page Title is: Alerts
2025-09-03 12:36:20 [main] INFO  demoqaBase - 🔍 Starting test for On button click, prompt box will appear, Fill data...
2025-09-03 12:36:20 [main] INFO  demoqaLog - ✅ JS click executed on element: {}
2025-09-03 12:36:20 [main] INFO  demoqaBase - ✅ Clicked On button click, prompt box will appear, Fill data...
2025-09-03 12:36:20 [main] INFO  demoqaBase - ✅ On button click, prompt box will appear, message is: Please enter your name
2025-09-03 12:36:20 [main] INFO  demoqaBase - ✅ Your Selection was: You entered Java Selenium
2025-09-03 12:36:20 [main] INFO  demoqaBase -  Alerts, Frames & Windows|Alerts|On button click, prompt box will appear, Fill data Test Completed...
]]></system-out>
  </testcase>
  <testcase name="ClickFrames" classname="tests.AlertsFramesWindowsTests" time="0.929">
    <system-out><![CDATA[2025-09-03 12:36:20 [main] INFO  demoqaBase - Closing the Browser...
2025-09-03 12:36:21 [main] INFO  demoqaBase - Starting Web Browser...
2025-09-03 12:36:22 [main] INFO  demoqaBase - Navigating to demoqa.com Website
2025-09-03 12:36:22 [main] INFO  RetryUrlAccess - 🌐 Attempt 1: Navigating to https://demoqa.com
2025-09-03 12:36:32 [main] INFO  RetryUrlAccess - ✅ Successfully navigated to: https://demoqa.com
2025-09-03 12:36:32 [main] INFO  demoqaBase - Starting Test Alerts, Frames & Windows|Frames...
2025-09-03 12:36:32 [main] INFO  demoqaBase - Accessing Alerts, Frame & Windows Card...
Declared Instance WebDriverWait: org.openqa.selenium.support.ui.WebDriverWait@4ae2e781
2025-09-03 12:36:32 [main] INFO  demoqaLog - Clicking on Alert Frame & Windows Card...
2025-09-03 12:36:32 [main] INFO  demoqaLog - ✅ JS click executed on element: {}
2025-09-03 12:36:32 [main] INFO  demoqaLog - Clicked on on Alert Frame & Windows Card...
Title of this Page is: DEMOQA
You are Accessing: Alerts, Frame & Windows
2025-09-03 12:36:33 [main] INFO  demoqaBase - Alerts, Frame & Windows Card: Please select an item from left to start practice.
2025-09-03 12:36:33 [main] INFO  demoqaBase - 🔍 Starting test for Frames click ..
2025-09-03 12:36:33 [main] INFO  demoqaLog - ✅ JS click executed on element: {}
2025-09-03 12:36:33 [main] INFO  demoqaBase - ✅ Clicked on Frames...
2025-09-03 12:36:33 [main] INFO  demoqaBase - Page Title is: Frames
2025-09-03 12:36:33 [main] INFO  demoqaBase -  Alerts, Frames & Windows|Frames Test Completed...
]]></system-out>
  </testcase>
  <testcase name="GetFrame1" classname="tests.AlertsFramesWindowsTests" time="1.129">
    <system-out><![CDATA[2025-09-03 12:36:33 [main] INFO  demoqaBase - Closing the Browser...
2025-09-03 12:36:33 [main] INFO  demoqaBase - Starting Web Browser...
2025-09-03 12:36:35 [main] INFO  demoqaBase - Navigating to demoqa.com Website
2025-09-03 12:36:35 [main] INFO  RetryUrlAccess - 🌐 Attempt 1: Navigating to https://demoqa.com
2025-09-03 12:37:02 [main] INFO  RetryUrlAccess - ✅ Successfully navigated to: https://demoqa.com
2025-09-03 12:37:02 [main] INFO  demoqaBase - Starting Test Alerts, Frames & Windows|Frames|Frame1 message...
2025-09-03 12:37:02 [main] INFO  demoqaBase - Accessing Alerts, Frame & Windows Card...
Declared Instance WebDriverWait: org.openqa.selenium.support.ui.WebDriverWait@23bd0c81
2025-09-03 12:37:02 [main] INFO  demoqaLog - Clicking on Alert Frame & Windows Card...
2025-09-03 12:37:02 [main] INFO  demoqaLog - ✅ JS click executed on element: {}
2025-09-03 12:37:02 [main] INFO  demoqaLog - Clicked on on Alert Frame & Windows Card...
Title of this Page is: DEMOQA
You are Accessing: Alerts, Frame & Windows
2025-09-03 12:37:02 [main] INFO  demoqaBase - Alerts, Frame & Windows Card: Please select an item from left to start practice.
2025-09-03 12:37:02 [main] INFO  demoqaBase - 🔍 Starting test for Frames click ..
2025-09-03 12:37:03 [main] INFO  demoqaLog - ✅ JS click executed on element: {}
2025-09-03 12:37:03 [main] INFO  demoqaBase - ✅ Clicked on Frames...
2025-09-03 12:37:03 [main] INFO  demoqaBase - Page Title is: Frames
2025-09-03 12:37:03 [main] INFO  demoqaBase - 🔍 Starting test for Frames|Frame1 Message...
2025-09-03 12:37:03 [main] INFO  demoqaBase - ✅ Switched to Frame1...
2025-09-03 12:37:03 [main] INFO  demoqaBase - Frame1 contains: This is a sample page
2025-09-03 12:37:03 [main] INFO  demoqaBase -  Alerts, Frames & Windows|Frames|Frame1 message Test Completed...
]]></system-out>
  </testcase>
  <testcase name="GetFrame2" classname="tests.AlertsFramesWindowsTests" time="1.033">
    <failure message="expected [false] but found [true]" type="java.lang.AssertionError"><![CDATA[java.lang.AssertionError: expected [false] but found [true]
	at org.testng.Assert.fail(Assert.java:111)
	at org.testng.Assert.failNotEquals(Assert.java:1590)
	at org.testng.Assert.assertEqualsImpl(Assert.java:150)
	at org.testng.Assert.assertEquals(Assert.java:132)
	at org.testng.Assert.assertEquals(Assert.java:1079)
	at org.testng.Assert.assertEquals(Assert.java:1043)
	at org.testng.Assert.assertEquals(Assert.java:1089)
	at pages.alertsframewindowsPage.GetFrame2msg(alertsframewindowsPage.java:332)
	at tests.AlertsFramesWindowsTests.GetFrame2(AlertsFramesWindowsTests.java:171)
	at java.base/jdk.internal.reflect.DirectMethodHandleAccessor.invoke(DirectMethodHandleAccessor.java:103)
	at java.base/java.lang.reflect.Method.invoke(Method.java:580)
	at org.testng.internal.invokers.MethodInvocationHelper.invokeMethod(MethodInvocationHelper.java:141)
	at org.testng.internal.invokers.TestInvoker.invokeMethod(TestInvoker.java:687)
	at org.testng.internal.invokers.TestInvoker.invokeTestMethod(TestInvoker.java:230)
	at org.testng.internal.invokers.MethodRunner.runInSequence(MethodRunner.java:63)
	at org.testng.internal.invokers.TestInvoker$MethodInvocationAgent.invoke(TestInvoker.java:995)
	at org.testng.internal.invokers.TestInvoker.invokeTestMethods(TestInvoker.java:203)
	at org.testng.internal.invokers.TestMethodWorker.invokeTestMethods(TestMethodWorker.java:154)
	at org.testng.internal.invokers.TestMethodWorker.run(TestMethodWorker.java:134)
	at java.base/java.util.ArrayList.forEach(ArrayList.java:1596)
	at org.testng.TestRunner.privateRun(TestRunner.java:741)
	at org.testng.TestRunner.run(TestRunner.java:616)
	at org.testng.SuiteRunner.runTest(SuiteRunner.java:421)
	at org.testng.SuiteRunner.runSequentially(SuiteRunner.java:413)
	at org.testng.SuiteRunner.privateRun(SuiteRunner.java:373)
	at org.testng.SuiteRunner.run(SuiteRunner.java:312)
	at org.testng.SuiteRunnerWorker.runSuite(SuiteRunnerWorker.java:52)
	at org.testng.SuiteRunnerWorker.run(SuiteRunnerWorker.java:95)
	at org.testng.TestNG.runSuitesSequentially(TestNG.java:1274)
	at org.testng.TestNG.runSuitesLocally(TestNG.java:1208)
	at org.testng.TestNG.runSuites(TestNG.java:1112)
	at org.testng.TestNG.run(TestNG.java:1079)
	at org.apache.maven.surefire.testng.TestNGExecutor.run(TestNGExecutor.java:155)
	at org.apache.maven.surefire.testng.TestNGDirectoryTestSuite.executeMulti(TestNGDirectoryTestSuite.java:169)
	at org.apache.maven.surefire.testng.TestNGDirectoryTestSuite.execute(TestNGDirectoryTestSuite.java:88)
	at org.apache.maven.surefire.testng.TestNGProvider.invoke(TestNGProvider.java:137)
	at org.apache.maven.surefire.booter.ForkedBooter.runSuitesInProcess(ForkedBooter.java:385)
	at org.apache.maven.surefire.booter.ForkedBooter.execute(ForkedBooter.java:162)
	at org.apache.maven.surefire.booter.ForkedBooter.run(ForkedBooter.java:507)
	at org.apache.maven.surefire.booter.ForkedBooter.main(ForkedBooter.java:495)
]]></failure>
    <system-out><![CDATA[2025-09-03 12:37:03 [main] INFO  demoqaBase - Closing the Browser...
2025-09-03 12:37:03 [main] INFO  demoqaBase - Starting Web Browser...
2025-09-03 12:37:05 [main] INFO  demoqaBase - Navigating to demoqa.com Website
2025-09-03 12:37:05 [main] INFO  RetryUrlAccess - 🌐 Attempt 1: Navigating to https://demoqa.com
2025-09-03 12:37:35 [main] WARN  RetryUrlAccess - 🔁 Attempt 1 failed due to retryable error: timeout: timed out receiving message from renderer: 29.117
  (session info: chrome=137.0.7151.120)
build info: version: '4.35.0', revision: '1c58e5028b'
system info: os.name: 'windows 11', os.arch: 'amd64', os.version: '10.0', java.version: '21.0.7'
driver info: org.openqa.selenium.chrome.chromedriver
command: [820a05359576279192fc051355302505, get {url=https://demoqa.com}]
capabilities {acceptinsecurecerts: false, browsername: chrome, browserversion: 137.0.7151.120, chrome: {chromedriverversion: 137.0.7151.119 (e0ac9d12dff..., userdatadir: c:\users\dell\appdata\local...}, fedcm:accounts: true, goog:chromeoptions: {debuggeraddress: localhost:62021}, networkconnectionenabled: false, pageloadstrategy: normal, platformname: windows, proxy: proxy(), se:cdp: ws://localhost:62021/devtoo..., se:cdpversion: 137.0.7151.120, setwindowrect: true, strictfileinteractability: false, timeouts: {implicit: 0, pageload: 300000, script: 30000}, unhandledpromptbehavior: dismiss and notify, webauthn:extension:credblob: true, webauthn:extension:largeblob: true, webauthn:extension:minpinlength: true, webauthn:extension:prf: true, webauthn:virtualauthenticators: true}
session id: 820a05359576279192fc051355302505. Retrying after 3000ms...
2025-09-03 12:37:38 [main] INFO  RetryUrlAccess - 🌐 Attempt 2: Navigating to https://demoqa.com
2025-09-03 12:37:39 [main] INFO  RetryUrlAccess - ✅ Successfully navigated to: https://demoqa.com
2025-09-03 12:37:39 [main] INFO  demoqaBase - Starting Test Alerts, Frames & Windows|Frames|Frame2 message...
2025-09-03 12:37:39 [main] INFO  demoqaBase - Accessing Alerts, Frame & Windows Card...
Declared Instance WebDriverWait: org.openqa.selenium.support.ui.WebDriverWait@6af78a48
2025-09-03 12:37:39 [main] INFO  demoqaLog - Clicking on Alert Frame & Windows Card...
2025-09-03 12:37:39 [main] INFO  demoqaLog - ✅ JS click executed on element: {}
2025-09-03 12:37:39 [main] INFO  demoqaLog - Clicked on on Alert Frame & Windows Card...
Title of this Page is: DEMOQA
You are Accessing: Alerts, Frame & Windows
2025-09-03 12:37:39 [main] INFO  demoqaBase - Alerts, Frame & Windows Card: Please select an item from left to start practice.
2025-09-03 12:37:39 [main] INFO  demoqaBase - 🔍 Starting test for Frames click ..
2025-09-03 12:37:39 [main] INFO  demoqaLog - ✅ JS click executed on element: {}
2025-09-03 12:37:39 [main] INFO  demoqaBase - ✅ Clicked on Frames...
2025-09-03 12:37:39 [main] INFO  demoqaBase - Page Title is: Frames
2025-09-03 12:37:39 [main] INFO  demoqaBase - 🔍 Starting test for Frames|Frame2 Message...
]]></system-out>
  </testcase>
  <testcase name="ClickModalDialogs" classname="tests.AlertsFramesWindowsTests" time="0.814">
    <system-out><![CDATA[Path for Screenshot is: C:\ASN\eclipse_workspace\demoqa-automation/screenshots/com.aventstack.extentreports.ExtentTest@36551e97Test Failed+2025-09-03_12-37-40.png
2025-09-03 12:37:40 [main] INFO  demoqaBase - Closing the Browser...
2025-09-03 12:37:41 [main] INFO  demoqaBase - Starting Web Browser...
2025-09-03 12:37:42 [main] INFO  demoqaBase - Navigating to demoqa.com Website
2025-09-03 12:37:42 [main] INFO  RetryUrlAccess - 🌐 Attempt 1: Navigating to https://demoqa.com
2025-09-03 12:37:47 [main] INFO  RetryUrlAccess - ✅ Successfully navigated to: https://demoqa.com
2025-09-03 12:37:47 [main] INFO  demoqaBase - Starting Test Alerts, Frames & Windows|Modal Dialogs...
2025-09-03 12:37:47 [main] INFO  demoqaBase - Accessing Alerts, Frame & Windows Card...
Declared Instance WebDriverWait: org.openqa.selenium.support.ui.WebDriverWait@1c6e3ff9
2025-09-03 12:37:47 [main] INFO  demoqaLog - Clicking on Alert Frame & Windows Card...
2025-09-03 12:37:48 [main] INFO  demoqaLog - ✅ JS click executed on element: {}
2025-09-03 12:37:48 [main] INFO  demoqaLog - Clicked on on Alert Frame & Windows Card...
Title of this Page is: DEMOQA
You are Accessing: Alerts, Frame & Windows
2025-09-03 12:37:48 [main] INFO  demoqaBase - Alerts, Frame & Windows Card: Please select an item from left to start practice.
2025-09-03 12:37:48 [main] INFO  demoqaBase - 🔍 Starting test for Frames|Modal Dialogs click ..
2025-09-03 12:37:48 [main] INFO  demoqaLog - ✅ JS click executed on element: {}
2025-09-03 12:37:48 [main] INFO  demoqaBase - ✅ Clicked on Modal Dialogs...
2025-09-03 12:37:48 [main] INFO  demoqaBase - Page Title is: Modal Dialogs
2025-09-03 12:37:48 [main] INFO  demoqaBase -  Alerts, Frames & Windows|Modal Dialogs Test Completed...
]]></system-out>
  </testcase>
  <testcase name="ClickNestedFrames" classname="tests.AlertsFramesWindowsTests" time="0.767">
    <system-out><![CDATA[2025-09-03 12:37:48 [main] INFO  demoqaBase - Closing the Browser...
2025-09-03 12:37:48 [main] INFO  demoqaBase - Starting Web Browser...
2025-09-03 12:37:50 [main] INFO  demoqaBase - Navigating to demoqa.com Website
2025-09-03 12:37:50 [main] INFO  RetryUrlAccess - 🌐 Attempt 1: Navigating to https://demoqa.com
2025-09-03 12:37:55 [main] INFO  RetryUrlAccess - ✅ Successfully navigated to: https://demoqa.com
2025-09-03 12:37:55 [main] INFO  demoqaBase - Starting Test Alerts, Frames & Windows|Nested Frames...
2025-09-03 12:37:55 [main] INFO  demoqaBase - Accessing Alerts, Frame & Windows Card...
Declared Instance WebDriverWait: org.openqa.selenium.support.ui.WebDriverWait@65e4cb84
2025-09-03 12:37:55 [main] INFO  demoqaLog - Clicking on Alert Frame & Windows Card...
2025-09-03 12:37:55 [main] INFO  demoqaLog - ✅ JS click executed on element: {}
2025-09-03 12:37:55 [main] INFO  demoqaLog - Clicked on on Alert Frame & Windows Card...
Title of this Page is: DEMOQA
You are Accessing: Alerts, Frame & Windows
2025-09-03 12:37:55 [main] INFO  demoqaBase - Alerts, Frame & Windows Card: Please select an item from left to start practice.
2025-09-03 12:37:55 [main] INFO  demoqaBase - 🔍 Starting test for Frames|Nested Frames click ..
2025-09-03 12:37:55 [main] INFO  demoqaLog - ✅ JS click executed on element: {}
2025-09-03 12:37:55 [main] INFO  demoqaBase - ✅ Clicked on Nested Frames...
2025-09-03 12:37:55 [main] INFO  demoqaBase - Page Title is: Nested Frames
2025-09-03 12:37:55 [main] INFO  demoqaBase -  Alerts, Frames & Windows|Nested Frames Test Completed...
]]></system-out>
  </testcase>
  <testcase name="ClickLargeModal" classname="tests.AlertsFramesWindowsTests" time="1.614">
    <system-out><![CDATA[2025-09-03 12:37:55 [main] INFO  demoqaBase - Closing the Browser...
2025-09-03 12:37:56 [main] INFO  demoqaBase - Starting Web Browser...
2025-09-03 12:37:57 [main] INFO  demoqaBase - Navigating to demoqa.com Website
2025-09-03 12:37:57 [main] INFO  RetryUrlAccess - 🌐 Attempt 1: Navigating to https://demoqa.com
2025-09-03 12:38:08 [main] INFO  RetryUrlAccess - ✅ Successfully navigated to: https://demoqa.com
2025-09-03 12:38:08 [main] INFO  demoqaBase - Starting Test Alerts, Frames & Windows|Modal Dialogs|Large Modal...
2025-09-03 12:38:08 [main] INFO  demoqaBase - Accessing Alerts, Frame & Windows Card...
Declared Instance WebDriverWait: org.openqa.selenium.support.ui.WebDriverWait@e3ed455
2025-09-03 12:38:08 [main] INFO  demoqaLog - Clicking on Alert Frame & Windows Card...
2025-09-03 12:38:09 [main] INFO  demoqaLog - ✅ JS click executed on element: {}
2025-09-03 12:38:09 [main] INFO  demoqaLog - Clicked on on Alert Frame & Windows Card...
Title of this Page is: DEMOQA
You are Accessing: Alerts, Frame & Windows
2025-09-03 12:38:09 [main] INFO  demoqaBase - Alerts, Frame & Windows Card: Please select an item from left to start practice.
2025-09-03 12:38:09 [main] INFO  demoqaBase - 🔍 Starting test for Frames|Modal Dialogs click ..
2025-09-03 12:38:09 [main] INFO  demoqaLog - ✅ JS click executed on element: {}
2025-09-03 12:38:09 [main] INFO  demoqaBase - ✅ Clicked on Modal Dialogs...
2025-09-03 12:38:09 [main] INFO  demoqaBase - Page Title is: Modal Dialogs
2025-09-03 12:38:09 [main] INFO  demoqaBase - 🔍 Starting test for Frames|Modal Dialogs|Large Modal click...
2025-09-03 12:38:10 [main] INFO  demoqaLog - ✅ JS click executed on element: {}
2025-09-03 12:38:10 [main] INFO  demoqaBase - ✅ Clicked on Modal Dialogs|Large Modal...
2025-09-03 12:38:10 [main] INFO  demoqaBase - Page Title is: Large Modal
2025-09-03 12:38:10 [main] INFO  demoqaBase - Large Modal Body Contains: Lorem Ipsum is simply dummy text of the printing and typesetting industry. Lorem Ipsum has been the industry's standard dummy text ever since the 1500s, when an unknown printer took a galley of type and scrambled it to make a type specimen book. It has survived not only five centuries, but also the leap into electronic typesetting, remaining essentially unchanged. It was popularised in the 1960s with the release of Letraset sheets containing Lorem Ipsum passages, and more recently with desktop publishing software like Aldus PageMaker including versions of Lorem Ipsum.
2025-09-03 12:38:10 [main] INFO  demoqaLog - ✅ JS click executed on element: {}
2025-09-03 12:38:10 [main] INFO  demoqaBase -  Alerts, Frames & Windows|Modal Dialogs|Large Modal click Test Completed...
]]></system-out>
  </testcase>
  <testcase name="ClickSmallModal" classname="tests.AlertsFramesWindowsTests" time="1.332">
    <system-out><![CDATA[2025-09-03 12:38:10 [main] INFO  demoqaBase - Closing the Browser...
2025-09-03 12:38:11 [main] INFO  demoqaBase - Starting Web Browser...
2025-09-03 12:38:12 [main] INFO  demoqaBase - Navigating to demoqa.com Website
2025-09-03 12:38:12 [main] INFO  RetryUrlAccess - 🌐 Attempt 1: Navigating to https://demoqa.com
2025-09-03 12:38:23 [main] INFO  RetryUrlAccess - ✅ Successfully navigated to: https://demoqa.com
2025-09-03 12:38:23 [main] INFO  demoqaBase - Starting Test Alerts, Frames & Windows|Modal Dialogs|Small Modal...
2025-09-03 12:38:23 [main] INFO  demoqaBase - Accessing Alerts, Frame & Windows Card...
Declared Instance WebDriverWait: org.openqa.selenium.support.ui.WebDriverWait@36cfe107
2025-09-03 12:38:23 [main] INFO  demoqaLog - Clicking on Alert Frame & Windows Card...
2025-09-03 12:38:24 [main] INFO  demoqaLog - ✅ JS click executed on element: {}
2025-09-03 12:38:24 [main] INFO  demoqaLog - Clicked on on Alert Frame & Windows Card...
Title of this Page is: DEMOQA
You are Accessing: Alerts, Frame & Windows
2025-09-03 12:38:24 [main] INFO  demoqaBase - Alerts, Frame & Windows Card: Please select an item from left to start practice.
2025-09-03 12:38:24 [main] INFO  demoqaBase - 🔍 Starting test for Frames|Modal Dialogs click ..
2025-09-03 12:38:24 [main] INFO  demoqaLog - ✅ JS click executed on element: {}
2025-09-03 12:38:24 [main] INFO  demoqaBase - ✅ Clicked on Modal Dialogs...
2025-09-03 12:38:24 [main] INFO  demoqaBase - Page Title is: Modal Dialogs
2025-09-03 12:38:24 [main] INFO  demoqaBase - 🔍 Starting test for Frames|Modal Dialogs|Small Modal click...
2025-09-03 12:38:24 [main] INFO  demoqaLog - ✅ JS click executed on element: {}
2025-09-03 12:38:24 [main] INFO  demoqaBase - ✅ Clicked on Modal Dialogs|Small Modal...
2025-09-03 12:38:24 [main] INFO  demoqaBase - Page Title is: Small Modal
2025-09-03 12:38:24 [main] INFO  demoqaBase - Small Modal Body Contains: This is a small modal. It has very less content
2025-09-03 12:38:25 [main] INFO  demoqaLog - ✅ JS click executed on element: {}
2025-09-03 12:38:25 [main] INFO  demoqaBase -  Alerts, Frames & Windows|Modal Dialogs|Small Modal click Test Completed...
]]></system-out>
  </testcase>
  <testcase name="GetParentFrame" classname="tests.AlertsFramesWindowsTests" time="4.045">
    <system-out><![CDATA[2025-09-03 12:38:25 [main] INFO  demoqaBase - Closing the Browser...
2025-09-03 12:38:25 [main] INFO  demoqaBase - Starting Web Browser...
2025-09-03 12:38:27 [main] INFO  demoqaBase - Navigating to demoqa.com Website
2025-09-03 12:38:27 [main] INFO  RetryUrlAccess - 🌐 Attempt 1: Navigating to https://demoqa.com
2025-09-03 12:38:32 [main] INFO  RetryUrlAccess - ✅ Successfully navigated to: https://demoqa.com
2025-09-03 12:38:32 [main] INFO  demoqaBase - Starting Test Alerts, Frames & Windows|Frames|Parent Frame message...
2025-09-03 12:38:32 [main] INFO  demoqaBase - Accessing Alerts, Frame & Windows Card...
Declared Instance WebDriverWait: org.openqa.selenium.support.ui.WebDriverWait@25421809
2025-09-03 12:38:32 [main] INFO  demoqaLog - Clicking on Alert Frame & Windows Card...
2025-09-03 12:38:32 [main] INFO  demoqaLog - ✅ JS click executed on element: {}
2025-09-03 12:38:32 [main] INFO  demoqaLog - Clicked on on Alert Frame & Windows Card...
Title of this Page is: DEMOQA
You are Accessing: Alerts, Frame & Windows
2025-09-03 12:38:32 [main] INFO  demoqaBase - Alerts, Frame & Windows Card: Please select an item from left to start practice.
2025-09-03 12:38:32 [main] INFO  demoqaBase - 🔍 Starting test for Frames|Nested Frames click ..
2025-09-03 12:38:32 [main] INFO  demoqaLog - ✅ JS click executed on element: {}
2025-09-03 12:38:32 [main] INFO  demoqaBase - ✅ Clicked on Nested Frames...
2025-09-03 12:38:32 [main] INFO  demoqaBase - Page Title is: Nested Frames
2025-09-03 12:38:32 [main] INFO  demoqaBase - 🔍 Starting test for Frames|Parent Frame Message...
2025-09-03 12:38:36 [main] INFO  demoqaBase - After switching, frame body contains: [Parent frame]
2025-09-03 12:38:36 [main] INFO  demoqaBase -  Alerts, Frames & Windows|Frames|Parent Frame message Test Completed...
]]></system-out>
  </testcase>
  <testcase name="GetChildFrame" classname="tests.AlertsFramesWindowsTests" time="1.122">
    <system-out><![CDATA[2025-09-03 12:38:36 [main] INFO  demoqaBase - Closing the Browser...
2025-09-03 12:38:36 [main] INFO  demoqaBase - Starting Web Browser...
2025-09-03 12:38:38 [main] INFO  demoqaBase - Navigating to demoqa.com Website
2025-09-03 12:38:38 [main] INFO  RetryUrlAccess - 🌐 Attempt 1: Navigating to https://demoqa.com
2025-09-03 12:38:48 [main] INFO  RetryUrlAccess - ✅ Successfully navigated to: https://demoqa.com
2025-09-03 12:38:48 [main] INFO  demoqaBase - Starting Test Alerts, Frames & Windows|Frames|Child Frame message...
2025-09-03 12:38:48 [main] INFO  demoqaBase - Accessing Alerts, Frame & Windows Card...
Declared Instance WebDriverWait: org.openqa.selenium.support.ui.WebDriverWait@f44d033
2025-09-03 12:38:48 [main] INFO  demoqaLog - Clicking on Alert Frame & Windows Card...
2025-09-03 12:38:49 [main] INFO  demoqaLog - ✅ JS click executed on element: {}
2025-09-03 12:38:49 [main] INFO  demoqaLog - Clicked on on Alert Frame & Windows Card...
Title of this Page is: DEMOQA
You are Accessing: Alerts, Frame & Windows
2025-09-03 12:38:49 [main] INFO  demoqaBase - Alerts, Frame & Windows Card: Please select an item from left to start practice.
2025-09-03 12:38:49 [main] INFO  demoqaBase - 🔍 Starting test for Frames|Nested Frames click ..
2025-09-03 12:38:49 [main] INFO  demoqaLog - ✅ JS click executed on element: {}
2025-09-03 12:38:49 [main] INFO  demoqaBase - ✅ Clicked on Nested Frames...
2025-09-03 12:38:49 [main] INFO  demoqaBase - Page Title is: Nested Frames
2025-09-03 12:38:49 [main] INFO  demoqaBase - 🔍 Starting test for Frames|Child Frame Message...
2025-09-03 12:38:49 [main] INFO  demoqaBase - After switching, frame body contains: [Child Iframe]
2025-09-03 12:38:49 [main] INFO  demoqaBase -  Alerts, Frames & Windows|Frames|Child Frame message Test Completed...
]]></system-out>
  </testcase>
  <testcase name="ElementsCard" classname="tests.ElementsTests" time="0.857">
    <system-out><![CDATA[2025-09-03 12:38:49 [main] INFO  demoqaBase - Closing the Browser...
2025-09-03 12:38:50 [main] INFO  demoqaBase - Starting Web Browser...
2025-09-03 12:38:51 [main] INFO  demoqaBase - Navigating to demoqa.com Website
2025-09-03 12:38:51 [main] INFO  RetryUrlAccess - 🌐 Attempt 1: Navigating to https://demoqa.com
2025-09-03 12:39:18 [main] INFO  RetryUrlAccess - ✅ Successfully navigated to: https://demoqa.com
2025-09-03 12:39:18 [main] INFO  demoqaBase - Starting Test Elements | Text Box Test...
Instance Variables Declared are: nullnull
2025-09-03 12:39:18 [main] INFO  demoqaBase - Accessing Elements Card...
2025-09-03 12:39:18 [main] INFO  demoqaLog - Clicking on Elements Card...
2025-09-03 12:39:18 [main] WARN  demoqaLog - ⚠️ JS click failed, falling back to native click. Reason: {}
2025-09-03 12:39:19 [main] INFO  demoqaLog - ✅ Native click succeeded on element: {}
2025-09-03 12:39:19 [main] INFO  demoqaLog - Clicked on Elements Card...
Title of this Page is: DEMOQA
You are Accessing: Elements
 
Elements: Please select an item from left to start practice.
2025-09-03 12:39:19 [main] INFO  demoqaBase - Elements: Please select an item from left to start practice.
Title of this Page is: DEMOQA
2025-09-03 12:39:19 [main] INFO  demoqaBase - Element Card Test Completed...
]]></system-out>
  </testcase>
  <testcase name="TextBox[TextBoxUser{firstName=&apos;Johny&apos;, lastName=&apos;Bravo&apos;, email=&apos;Jbravo@demoqa.com&apos;, currentAddress=&apos;301 Town 481, Brookville\n kansas 42129\n United States&apos;, permanentAddress=&apos;511 Grant 481, Prattsville\n Arkansas 72129\n United States&apos;}](1)" classname="tests.ElementsTests" time="2.631">
    <system-out><![CDATA[2025-09-03 12:39:19 [main] INFO  demoqaBase - Closing the Browser...
🧾 Row 1: {Salary=28000.0, Email=Jbravo@demoqa.com, Address=511 Grant 481, Prattsville\n Arkansas 72129\n United States, First Name=Johny, Gender=Male, City=Delhi, Mobile=9.238343488E9, Hobbies=Sports,Music, Subject=Computer Science, Current Address=301 Town 481, Brookville\n kansas 42129\n United States, Department=Information Technology, DOB=15/08/2000, Picture=/TestData/Mphoto.jpg, State=NCR, Last Name=Bravo, Age=34.0}
🔍 Mapping field: firstName | Excel Column: First Name | Value: Johny
🔍 Mapping field: lastName | Excel Column: Last Name | Value: Bravo
🔍 Mapping field: email | Excel Column: Email | Value: Jbravo@demoqa.com
🔍 Mapping field: currentAddress | Excel Column: Current Address | Value: 301 Town 481, Brookville\n kansas 42129\n United States
🔍 Mapping field: permanentAddress | Excel Column: Address | Value: 511 Grant 481, Prattsville\n Arkansas 72129\n United States
🧾 Row 2: {Salary=18000.0, Email=GFemina@demoqa.com, Address=512 Grant 481, Prattsville\n Arkansas 72129\n United States, First Name=Gene, Gender=Female, City=Merrut, Mobile=1.888343432E9, Hobbies=Music,Reading, Subject=Accounting, Current Address=302 Town 481, Brookville\n kansas 42129\n United States, Department=Finance, DOB=22/05/2002, Picture=/TestData/Fphoto.png, State=Uttar Pradesh, Last Name=Femina, Age=30.0}
🔍 Mapping field: firstName | Excel Column: First Name | Value: Gene
🔍 Mapping field: lastName | Excel Column: Last Name | Value: Femina
🔍 Mapping field: email | Excel Column: Email | Value: GFemina@demoqa.com
🔍 Mapping field: currentAddress | Excel Column: Current Address | Value: 302 Town 481, Brookville\n kansas 42129\n United States
🔍 Mapping field: permanentAddress | Excel Column: Address | Value: 512 Grant 481, Prattsville\n Arkansas 72129\n United States
🧾 Row 3: {Salary=15000.0, Email=BWisem@demoqa.com, Address=513 Grant 481, Prattsville\n Arkansas 72129\n United States, First Name=Bud, Gender=Other, City=Panipat, Mobile=8.932465432E9, Hobbies=Reading, Subject=Biology, Current Address=303 Town 481, Brookville\n kansas 42129\n United States, Department=Medicine, DOB=31/12/1999, Picture=/TestData/Ophoto.jpg, State=Haryana, Last Name=Wisem, Age=40.0}
🔍 Mapping field: firstName | Excel Column: First Name | Value: Bud
🔍 Mapping field: lastName | Excel Column: Last Name | Value: Wisem
🔍 Mapping field: email | Excel Column: Email | Value: BWisem@demoqa.com
🔍 Mapping field: currentAddress | Excel Column: Current Address | Value: 303 Town 481, Brookville\n kansas 42129\n United States
🔍 Mapping field: permanentAddress | Excel Column: Address | Value: 513 Grant 481, Prattsville\n Arkansas 72129\n United States
🧾 Row 4: {Salary=19000.0, Email=TBoss@demoqa.com, Address=514 Grant 481, Prattsville\n Arkansas 72129\n United States, First Name=Tom, Gender=Male, City=Jaiselmer, Mobile=7.839875281E9, Hobbies=Sports,Reading, Subject=Social Studies, Current Address=304 Town 481, Brookville\n kansas 42129\n United States, Department=Recreation, DOB=1/26/03, Picture=/TestData/M2photo.jpg, State=Rajasthan, Last Name=Boss, Age=42.0}
🔍 Mapping field: firstName | Excel Column: First Name | Value: Tom
🔍 Mapping field: lastName | Excel Column: Last Name | Value: Boss
🔍 Mapping field: email | Excel Column: Email | Value: TBoss@demoqa.com
🔍 Mapping field: currentAddress | Excel Column: Current Address | Value: 304 Town 481, Brookville\n kansas 42129\n United States
🔍 Mapping field: permanentAddress | Excel Column: Address | Value: 514 Grant 481, Prattsville\n Arkansas 72129\n United States
2025-09-03 12:39:20 [main] INFO  demoqaBase - Starting Web Browser...
2025-09-03 12:39:22 [main] INFO  demoqaBase - Navigating to demoqa.com Website
2025-09-03 12:39:22 [main] INFO  RetryUrlAccess - 🌐 Attempt 1: Navigating to https://demoqa.com
2025-09-03 12:39:32 [main] INFO  RetryUrlAccess - ✅ Successfully navigated to: https://demoqa.com
2025-09-03 12:39:32 [main] INFO  demoqaBase - Starting Test Elements | Text Box Test...
Instance Variables Declared are: nullnull
2025-09-03 12:39:32 [main] INFO  demoqaBase - Accessing Elements Card...
2025-09-03 12:39:32 [main] INFO  demoqaLog - Clicking on Elements Card...
2025-09-03 12:39:33 [main] WARN  demoqaLog - ⚠️ JS click failed, falling back to native click. Reason: {}
2025-09-03 12:39:33 [main] INFO  demoqaLog - ✅ Native click succeeded on element: {}
2025-09-03 12:39:33 [main] INFO  demoqaLog - Clicked on Elements Card...
Title of this Page is: DEMOQA
You are Accessing: Elements
 
Elements: Please select an item from left to start practice.
2025-09-03 12:39:33 [main] INFO  demoqaBase - Elements: Please select an item from left to start practice.
2025-09-03 12:39:33 [main] INFO  demoqaBase - Accessing Text Box...
Text Box
2025-09-03 12:39:34 [main] INFO  demoqaBase - You are accessing: Text Box
2025-09-03 12:39:34 [main] INFO  demoqaBase - 📝 Filling TextBox form for user: Johny Bravo
2025-09-03 12:39:35 [main] INFO  demoqaBase - ✅ Form filled successfully for: Johny Bravo
2025-09-03 12:39:35 [main] INFO  demoqaLog - ✅ JS click executed on element: {}
2025-09-03 12:39:35 [main] INFO  demoqaBase - 🔍 Validating submitted form for: Johny Bravo
2025-09-03 12:39:35 [main] INFO  demoqaBase - ✅ Validation passed for user: Johny Bravo
2025-09-03 12:39:35 [main] INFO  demoqaBase - Text Box Element Test Completed...
]]></system-out>
  </testcase>
  <testcase name="TextBox[TextBoxUser{firstName=&apos;Gene&apos;, lastName=&apos;Femina&apos;, email=&apos;GFemina@demoqa.com&apos;, currentAddress=&apos;302 Town 481, Brookville\n kansas 42129\n United States&apos;, permanentAddress=&apos;512 Grant 481, Prattsville\n Arkansas 72129\n United States&apos;}](2)" classname="tests.ElementsTests" time="2.424">
    <system-out><![CDATA[Path for Screenshot is: C:\ASN\eclipse_workspace\demoqa-automation/screenshots/TextBox Passed+2025-09-03_12-39-35.png
2025-09-03 12:39:35 [main] INFO  demoqaBase - Closing the Browser...
2025-09-03 12:39:36 [main] INFO  demoqaBase - Starting Web Browser...
2025-09-03 12:39:37 [main] INFO  demoqaBase - Navigating to demoqa.com Website
2025-09-03 12:39:37 [main] INFO  RetryUrlAccess - 🌐 Attempt 1: Navigating to https://demoqa.com
2025-09-03 12:39:48 [main] INFO  RetryUrlAccess - ✅ Successfully navigated to: https://demoqa.com
2025-09-03 12:39:48 [main] INFO  demoqaBase - Starting Test Elements | Text Box Test...
Instance Variables Declared are: nullnull
2025-09-03 12:39:48 [main] INFO  demoqaBase - Accessing Elements Card...
2025-09-03 12:39:48 [main] INFO  demoqaLog - Clicking on Elements Card...
2025-09-03 12:39:49 [main] WARN  demoqaLog - ⚠️ JS click failed, falling back to native click. Reason: {}
2025-09-03 12:39:49 [main] INFO  demoqaLog - ✅ Native click succeeded on element: {}
2025-09-03 12:39:49 [main] INFO  demoqaLog - Clicked on Elements Card...
Title of this Page is: DEMOQA
You are Accessing: Elements
 
Elements: Please select an item from left to start practice.
2025-09-03 12:39:49 [main] INFO  demoqaBase - Elements: Please select an item from left to start practice.
2025-09-03 12:39:49 [main] INFO  demoqaBase - Accessing Text Box...
Text Box
2025-09-03 12:39:49 [main] INFO  demoqaBase - You are accessing: Text Box
2025-09-03 12:39:49 [main] INFO  demoqaBase - 📝 Filling TextBox form for user: Gene Femina
2025-09-03 12:39:51 [main] INFO  demoqaBase - ✅ Form filled successfully for: Gene Femina
2025-09-03 12:39:51 [main] INFO  demoqaLog - ✅ JS click executed on element: {}
2025-09-03 12:39:51 [main] INFO  demoqaBase - 🔍 Validating submitted form for: Gene Femina
2025-09-03 12:39:51 [main] INFO  demoqaBase - ✅ Validation passed for user: Gene Femina
2025-09-03 12:39:51 [main] INFO  demoqaBase - Text Box Element Test Completed...
]]></system-out>
  </testcase>
  <testcase name="TextBox[TextBoxUser{firstName=&apos;Bud&apos;, lastName=&apos;Wisem&apos;, email=&apos;BWisem@demoqa.com&apos;, currentAddress=&apos;303 Town 481, Brookville\n kansas 42129\n United States&apos;, permanentAddress=&apos;513 Grant 481, Prattsville\n Arkansas 72129\n United States&apos;}](3)" classname="tests.ElementsTests" time="2.891">
    <system-out><![CDATA[Path for Screenshot is: C:\ASN\eclipse_workspace\demoqa-automation/screenshots/TextBox Passed+2025-09-03_12-39-51.png
2025-09-03 12:39:51 [main] INFO  demoqaBase - Closing the Browser...
2025-09-03 12:39:52 [main] INFO  demoqaBase - Starting Web Browser...
2025-09-03 12:39:53 [main] INFO  demoqaBase - Navigating to demoqa.com Website
2025-09-03 12:39:53 [main] INFO  RetryUrlAccess - 🌐 Attempt 1: Navigating to https://demoqa.com
2025-09-03 12:40:22 [main] INFO  RetryUrlAccess - ✅ Successfully navigated to: https://demoqa.com
2025-09-03 12:40:22 [main] INFO  demoqaBase - Starting Test Elements | Text Box Test...
Instance Variables Declared are: nullnull
2025-09-03 12:40:22 [main] INFO  demoqaBase - Accessing Elements Card...
2025-09-03 12:40:22 [main] INFO  demoqaLog - Clicking on Elements Card...
2025-09-03 12:40:22 [main] WARN  demoqaLog - ⚠️ JS click failed, falling back to native click. Reason: {}
2025-09-03 12:40:22 [main] INFO  demoqaLog - ✅ Native click succeeded on element: {}
2025-09-03 12:40:22 [main] INFO  demoqaLog - Clicked on Elements Card...
Title of this Page is: DEMOQA
You are Accessing: Elements
 
Elements: Please select an item from left to start practice.
2025-09-03 12:40:22 [main] INFO  demoqaBase - Elements: Please select an item from left to start practice.
2025-09-03 12:40:22 [main] INFO  demoqaBase - Accessing Text Box...
Text Box
2025-09-03 12:40:23 [main] INFO  demoqaBase - You are accessing: Text Box
2025-09-03 12:40:23 [main] INFO  demoqaBase - 📝 Filling TextBox form for user: Bud Wisem
2025-09-03 12:40:24 [main] INFO  demoqaBase - ✅ Form filled successfully for: Bud Wisem
2025-09-03 12:40:25 [main] INFO  demoqaLog - ✅ JS click executed on element: {}
2025-09-03 12:40:25 [main] INFO  demoqaBase - 🔍 Validating submitted form for: Bud Wisem
2025-09-03 12:40:25 [main] INFO  demoqaBase - ✅ Validation passed for user: Bud Wisem
2025-09-03 12:40:25 [main] INFO  demoqaBase - Text Box Element Test Completed...
]]></system-out>
  </testcase>
  <testcase name="TextBox[TextBoxUser{firstName=&apos;Tom&apos;, lastName=&apos;Boss&apos;, email=&apos;TBoss@demoqa.com&apos;, currentAddress=&apos;304 Town 481, Brookville\n kansas 42129\n United States&apos;, permanentAddress=&apos;514 Grant 481, Prattsville\n Arkansas 72129\n United States&apos;}](4)" classname="tests.ElementsTests" time="2.157">
    <system-out><![CDATA[Path for Screenshot is: C:\ASN\eclipse_workspace\demoqa-automation/screenshots/TextBox Passed+2025-09-03_12-40-25.png
2025-09-03 12:40:25 [main] INFO  demoqaBase - Closing the Browser...
2025-09-03 12:40:26 [main] INFO  demoqaBase - Starting Web Browser...
2025-09-03 12:40:27 [main] INFO  demoqaBase - Navigating to demoqa.com Website
2025-09-03 12:40:27 [main] INFO  RetryUrlAccess - 🌐 Attempt 1: Navigating to https://demoqa.com
2025-09-03 12:40:44 [main] INFO  RetryUrlAccess - ✅ Successfully navigated to: https://demoqa.com
2025-09-03 12:40:44 [main] INFO  demoqaBase - Starting Test Elements | Text Box Test...
Instance Variables Declared are: nullnull
2025-09-03 12:40:44 [main] INFO  demoqaBase - Accessing Elements Card...
2025-09-03 12:40:44 [main] INFO  demoqaLog - Clicking on Elements Card...
2025-09-03 12:40:45 [main] WARN  demoqaLog - ⚠️ JS click failed, falling back to native click. Reason: {}
2025-09-03 12:40:45 [main] INFO  demoqaLog - ✅ Native click succeeded on element: {}
2025-09-03 12:40:45 [main] INFO  demoqaLog - Clicked on Elements Card...
Title of this Page is: DEMOQA
You are Accessing: Elements
 
Elements: Please select an item from left to start practice.
2025-09-03 12:40:45 [main] INFO  demoqaBase - Elements: Please select an item from left to start practice.
2025-09-03 12:40:45 [main] INFO  demoqaBase - Accessing Text Box...
Text Box
2025-09-03 12:40:45 [main] INFO  demoqaBase - You are accessing: Text Box
2025-09-03 12:40:45 [main] INFO  demoqaBase - 📝 Filling TextBox form for user: Tom Boss
2025-09-03 12:40:46 [main] INFO  demoqaBase - ✅ Form filled successfully for: Tom Boss
2025-09-03 12:40:46 [main] INFO  demoqaLog - ✅ JS click executed on element: {}
2025-09-03 12:40:46 [main] INFO  demoqaBase - 🔍 Validating submitted form for: Tom Boss
2025-09-03 12:40:47 [main] INFO  demoqaBase - ✅ Validation passed for user: Tom Boss
2025-09-03 12:40:47 [main] INFO  demoqaBase - Text Box Element Test Completed...
]]></system-out>
  </testcase>
  <testcase name="CheckBox" classname="tests.ElementsTests" time="0.951">
    <system-out><![CDATA[Path for Screenshot is: C:\ASN\eclipse_workspace\demoqa-automation/screenshots/TextBox Passed+2025-09-03_12-40-47.png
2025-09-03 12:40:47 [main] INFO  demoqaBase - Closing the Browser...
2025-09-03 12:40:48 [main] INFO  demoqaBase - Starting Web Browser...
2025-09-03 12:40:49 [main] INFO  demoqaBase - Navigating to demoqa.com Website
2025-09-03 12:40:49 [main] INFO  RetryUrlAccess - 🌐 Attempt 1: Navigating to https://demoqa.com
2025-09-03 12:40:53 [main] INFO  RetryUrlAccess - ✅ Successfully navigated to: https://demoqa.com
2025-09-03 12:40:53 [main] INFO  demoqaBase - Starting Test Elements | Check Box Test...
Instance Variables Declared are: nullnull
2025-09-03 12:40:53 [main] INFO  demoqaBase - Accessing Elements Card...
2025-09-03 12:40:53 [main] INFO  demoqaLog - Clicking on Elements Card...
2025-09-03 12:40:53 [main] WARN  demoqaLog - ⚠️ JS click failed, falling back to native click. Reason: {}
2025-09-03 12:40:54 [main] INFO  demoqaLog - ✅ Native click succeeded on element: {}
2025-09-03 12:40:54 [main] INFO  demoqaLog - Clicked on Elements Card...
Title of this Page is: DEMOQA
You are Accessing: Elements
 
Elements: Please select an item from left to start practice.
2025-09-03 12:40:54 [main] INFO  demoqaBase - Elements: Please select an item from left to start practice.
2025-09-03 12:40:54 [main] INFO  demoqaBase - Accessing Check Box...
Check Box
2025-09-03 12:40:54 [main] INFO  demoqaBase - You are accessing: Check Box
2025-09-03 12:40:54 [main] INFO  demoqaBase - Test Elements | Check Box Test Test Completed...
]]></system-out>
  </testcase>
  <testcase name="SelectingHomeCheckBox" classname="tests.ElementsTests" time="1.386">
    <system-out><![CDATA[2025-09-03 12:40:54 [main] INFO  demoqaBase - Closing the Browser...
2025-09-03 12:40:55 [main] INFO  demoqaBase - Starting Web Browser...
2025-09-03 12:40:56 [main] INFO  demoqaBase - Navigating to demoqa.com Website
2025-09-03 12:40:56 [main] INFO  RetryUrlAccess - 🌐 Attempt 1: Navigating to https://demoqa.com
2025-09-03 12:41:07 [main] INFO  RetryUrlAccess - ✅ Successfully navigated to: https://demoqa.com
2025-09-03 12:41:07 [main] INFO  demoqaBase - Starting Test Elements | Selecting Home Check Box Test...
Instance Variables Declared are: nullnull
2025-09-03 12:41:07 [main] INFO  demoqaBase - Accessing Elements Card...
2025-09-03 12:41:07 [main] INFO  demoqaLog - Clicking on Elements Card...
2025-09-03 12:41:07 [main] WARN  demoqaLog - ⚠️ JS click failed, falling back to native click. Reason: {}
2025-09-03 12:41:07 [main] INFO  demoqaLog - ✅ Native click succeeded on element: {}
2025-09-03 12:41:07 [main] INFO  demoqaLog - Clicked on Elements Card...
Title of this Page is: DEMOQA
You are Accessing: Elements
 
Elements: Please select an item from left to start practice.
2025-09-03 12:41:07 [main] INFO  demoqaBase - Elements: Please select an item from left to start practice.
2025-09-03 12:41:07 [main] INFO  demoqaBase - Accessing Check Box...
Check Box
2025-09-03 12:41:08 [main] INFO  demoqaBase - You are accessing: Check Box
2025-09-03 12:41:08 [main] INFO  demoqaBase - Selecting Home Check Box...
Information Submitted is: You have selected :
home
desktop
notes
commands
documents
workspace
react
angular
veu
office
public
private
classified
general
downloads
wordFile
excelFile
2025-09-03 12:41:08 [main] INFO  demoqaBase - You have Selected: You have selected :
home
desktop
notes
commands
documents
workspace
react
angular
veu
office
public
private
classified
general
downloads
wordFile
excelFile
2025-09-03 12:41:08 [main] INFO  demoqaBase - Elements | Selecting Home Test Completed...
]]></system-out>
  </testcase>
  <testcase name="SelectingDesktopCheckBox" classname="tests.ElementsTests" time="1.209">
    <system-out><![CDATA[2025-09-03 12:41:08 [main] INFO  demoqaBase - Closing the Browser...
2025-09-03 12:41:09 [main] INFO  demoqaBase - Starting Web Browser...
2025-09-03 12:41:10 [main] INFO  demoqaBase - Navigating to demoqa.com Website
2025-09-03 12:41:10 [main] INFO  RetryUrlAccess - 🌐 Attempt 1: Navigating to https://demoqa.com
2025-09-03 12:41:16 [main] INFO  RetryUrlAccess - ✅ Successfully navigated to: https://demoqa.com
2025-09-03 12:41:16 [main] INFO  demoqaBase - Starting Test Elements | Selecting Desktop Check Box Test...
Instance Variables Declared are: nullnull
2025-09-03 12:41:16 [main] INFO  demoqaBase - Accessing Elements Card...
2025-09-03 12:41:16 [main] INFO  demoqaLog - Clicking on Elements Card...
2025-09-03 12:41:16 [main] WARN  demoqaLog - ⚠️ JS click failed, falling back to native click. Reason: {}
2025-09-03 12:41:16 [main] INFO  demoqaLog - ✅ Native click succeeded on element: {}
2025-09-03 12:41:16 [main] INFO  demoqaLog - Clicked on Elements Card...
Title of this Page is: DEMOQA
You are Accessing: Elements
 
Elements: Please select an item from left to start practice.
2025-09-03 12:41:16 [main] INFO  demoqaBase - Elements: Please select an item from left to start practice.
2025-09-03 12:41:16 [main] INFO  demoqaBase - Accessing Check Box...
Check Box
2025-09-03 12:41:16 [main] INFO  demoqaBase - You are accessing: Check Box
2025-09-03 12:41:16 [main] INFO  demoqaBase - Clicking on Home Toggle Button...
2025-09-03 12:41:17 [main] INFO  demoqaBase - Selecting Deskstop Check Box...
Information Submitted is: You have selected :
desktop
notes
commands
2025-09-03 12:41:17 [main] INFO  demoqaBase - You have Selected: You have selected :
desktop
notes
commands
2025-09-03 12:41:17 [main] INFO  demoqaBase - Elements | Home | Desktop Test Completed...
]]></system-out>
  </testcase>
  <testcase name="SelectingNotesCommandsClick" classname="tests.ElementsTests" time="1.49">
    <system-out><![CDATA[2025-09-03 12:41:17 [main] INFO  demoqaBase - Closing the Browser...
2025-09-03 12:41:17 [main] INFO  demoqaBase - Starting Web Browser...
2025-09-03 12:41:19 [main] INFO  demoqaBase - Navigating to demoqa.com Website
2025-09-03 12:41:19 [main] INFO  RetryUrlAccess - 🌐 Attempt 1: Navigating to https://demoqa.com
2025-09-03 12:41:24 [main] WARN  RetryUrlAccess - 🔁 Attempt 1 failed due to retryable error: detected error page after navigation
build info: version: '4.35.0', revision: '1c58e5028b'
system info: os.name: 'windows 11', os.arch: 'amd64', os.version: '10.0', java.version: '21.0.7'
driver info: driver.version: unknown. Retrying after 3000ms...
2025-09-03 12:41:27 [main] INFO  RetryUrlAccess - 🌐 Attempt 2: Navigating to https://demoqa.com
2025-09-03 12:41:28 [main] INFO  RetryUrlAccess - ✅ Successfully navigated to: https://demoqa.com
2025-09-03 12:41:28 [main] INFO  demoqaBase - Starting Test Elements | Selecting Desktop| Notes & Commands Check Box Test...
Instance Variables Declared are: nullnull
2025-09-03 12:41:28 [main] INFO  demoqaBase - Accessing Elements Card...
2025-09-03 12:41:28 [main] INFO  demoqaLog - Clicking on Elements Card...
2025-09-03 12:41:28 [main] WARN  demoqaLog - ⚠️ JS click failed, falling back to native click. Reason: {}
2025-09-03 12:41:28 [main] INFO  demoqaLog - ✅ Native click succeeded on element: {}
2025-09-03 12:41:28 [main] INFO  demoqaLog - Clicked on Elements Card...
Title of this Page is: DEMOQA
You are Accessing: Elements
 
Elements: Please select an item from left to start practice.
2025-09-03 12:41:28 [main] INFO  demoqaBase - Elements: Please select an item from left to start practice.
2025-09-03 12:41:28 [main] INFO  demoqaBase - Accessing Check Box...
Check Box
2025-09-03 12:41:29 [main] INFO  demoqaBase - You are accessing: Check Box
2025-09-03 12:41:29 [main] INFO  demoqaBase - Clicking on Home Toggle Button...
2025-09-03 12:41:29 [main] INFO  demoqaLog - ✅ JS click executed on element: {}
2025-09-03 12:41:29 [main] INFO  demoqaBase - Clicking on Desktop Toggle Button...
2025-09-03 12:41:29 [main] INFO  demoqaBase - Clicking on Notes Button...
2025-09-03 12:41:29 [main] INFO  demoqaBase - Clicking on Commands Button...
2025-09-03 12:41:29 [main] INFO  demoqaBase - Selected Notes & Commands...
Information Submitted is: You have selected :
desktop
notes
commands
2025-09-03 12:41:29 [main] INFO  demoqaBase - You have Selected: You have selected :
desktop
notes
commands
2025-09-03 12:41:29 [main] INFO  demoqaBase - Elements | Home | Desktop | Notes & Commands Completed...
]]></system-out>
  </testcase>
  <testcase name="SelectingDocumentsCheckBox" classname="tests.ElementsTests" time="1.256">
    <system-out><![CDATA[2025-09-03 12:41:29 [main] INFO  demoqaBase - Closing the Browser...
2025-09-03 12:41:30 [main] INFO  demoqaBase - Starting Web Browser...
2025-09-03 12:41:31 [main] INFO  demoqaBase - Navigating to demoqa.com Website
2025-09-03 12:41:31 [main] INFO  RetryUrlAccess - 🌐 Attempt 1: Navigating to https://demoqa.com
2025-09-03 12:42:01 [main] WARN  RetryUrlAccess - 🔁 Attempt 1 failed due to retryable error: timeout: timed out receiving message from renderer: 29.046
  (session info: chrome=137.0.7151.120)
build info: version: '4.35.0', revision: '1c58e5028b'
system info: os.name: 'windows 11', os.arch: 'amd64', os.version: '10.0', java.version: '21.0.7'
driver info: org.openqa.selenium.chrome.chromedriver
command: [b58ebf72f60d59e9dace46ed7968805b, get {url=https://demoqa.com}]
capabilities {acceptinsecurecerts: false, browsername: chrome, browserversion: 137.0.7151.120, chrome: {chromedriverversion: 137.0.7151.119 (e0ac9d12dff..., userdatadir: c:\users\dell\appdata\local...}, fedcm:accounts: true, goog:chromeoptions: {debuggeraddress: localhost:64753}, networkconnectionenabled: false, pageloadstrategy: normal, platformname: windows, proxy: proxy(), se:cdp: ws://localhost:64753/devtoo..., se:cdpversion: 137.0.7151.120, setwindowrect: true, strictfileinteractability: false, timeouts: {implicit: 0, pageload: 300000, script: 30000}, unhandledpromptbehavior: dismiss and notify, webauthn:extension:credblob: true, webauthn:extension:largeblob: true, webauthn:extension:minpinlength: true, webauthn:extension:prf: true, webauthn:virtualauthenticators: true}
session id: b58ebf72f60d59e9dace46ed7968805b. Retrying after 3000ms...
2025-09-03 12:42:04 [main] INFO  RetryUrlAccess - 🌐 Attempt 2: Navigating to https://demoqa.com
2025-09-03 12:42:05 [main] INFO  RetryUrlAccess - ✅ Successfully navigated to: https://demoqa.com
2025-09-03 12:42:05 [main] INFO  demoqaBase - Starting Test Elements | Selecting Documents Check Box Test...
Instance Variables Declared are: nullnull
2025-09-03 12:42:05 [main] INFO  demoqaBase - Accessing Elements Card...
2025-09-03 12:42:05 [main] INFO  demoqaLog - Clicking on Elements Card...
2025-09-03 12:42:05 [main] WARN  demoqaLog - ⚠️ JS click failed, falling back to native click. Reason: {}
2025-09-03 12:42:05 [main] INFO  demoqaLog - ✅ Native click succeeded on element: {}
2025-09-03 12:42:05 [main] INFO  demoqaLog - Clicked on Elements Card...
Title of this Page is: DEMOQA
You are Accessing: Elements
 
Elements: Please select an item from left to start practice.
2025-09-03 12:42:05 [main] INFO  demoqaBase - Elements: Please select an item from left to start practice.
2025-09-03 12:42:05 [main] INFO  demoqaBase - Accessing Check Box...
Check Box
2025-09-03 12:42:06 [main] INFO  demoqaBase - You are accessing: Check Box
2025-09-03 12:42:06 [main] INFO  demoqaBase - Clicking on Home Toggle Button...
2025-09-03 12:42:06 [main] INFO  demoqaBase - Selecting Documents Check Box...
2025-09-03 12:42:06 [main] INFO  demoqaBase - Selected Documents Check Box...
Information Submitted is: You have selected :
documents
workspace
react
angular
veu
office
public
private
classified
general
2025-09-03 12:42:06 [main] INFO  demoqaBase - You have Selected: You have selected :
documents
workspace
react
angular
veu
office
public
private
classified
general
2025-09-03 12:42:06 [main] INFO  demoqaBase - Test Elements | Selecting Documents Check Box Test Completed...
]]></system-out>
  </testcase>
  <testcase name="SelectingWorkSpace" classname="tests.ElementsTests" time="1.466">
    <system-out><![CDATA[2025-09-03 12:42:06 [main] INFO  demoqaBase - Closing the Browser...
2025-09-03 12:42:06 [main] INFO  demoqaBase - Starting Web Browser...
2025-09-03 12:42:08 [main] INFO  demoqaBase - Navigating to demoqa.com Website
2025-09-03 12:42:08 [main] INFO  RetryUrlAccess - 🌐 Attempt 1: Navigating to https://demoqa.com
2025-09-03 12:42:28 [main] INFO  RetryUrlAccess - ✅ Successfully navigated to: https://demoqa.com
2025-09-03 12:42:28 [main] INFO  demoqaBase - Starting Test Elements | Home | Selecting Documents | WorkSpace Check Box Test...
Instance Variables Declared are: nullnull
2025-09-03 12:42:28 [main] INFO  demoqaBase - Accessing Elements Card...
2025-09-03 12:42:28 [main] INFO  demoqaLog - Clicking on Elements Card...
2025-09-03 12:42:28 [main] WARN  demoqaLog - ⚠️ JS click failed, falling back to native click. Reason: {}
2025-09-03 12:42:28 [main] INFO  demoqaLog - ✅ Native click succeeded on element: {}
2025-09-03 12:42:28 [main] INFO  demoqaLog - Clicked on Elements Card...
Title of this Page is: DEMOQA
You are Accessing: Elements
 
Elements: Please select an item from left to start practice.
2025-09-03 12:42:28 [main] INFO  demoqaBase - Elements: Please select an item from left to start practice.
2025-09-03 12:42:28 [main] INFO  demoqaBase - Accessing Check Box...
Check Box
2025-09-03 12:42:29 [main] INFO  demoqaBase - You are accessing: Check Box
2025-09-03 12:42:29 [main] INFO  demoqaBase - Clicking on Home Toggle Button...
2025-09-03 12:42:29 [main] INFO  demoqaBase - Clicking on Documents Toggle Button...
2025-09-03 12:42:29 [main] INFO  demoqaBase - Selecting WorkSpace Check Box...
2025-09-03 12:42:29 [main] INFO  demoqaLog - ✅ JS click executed on element: {}
2025-09-03 12:42:29 [main] INFO  demoqaBase - Selected WorkSpace Check Box...
Information Submitted is: You have selected :
workspace
react
angular
veu
2025-09-03 12:42:29 [main] INFO  demoqaBase - You have Selected: You have selected :
workspace
react
angular
veu
2025-09-03 12:42:29 [main] INFO  demoqaBase - Test Elements | Home | Selecting Documents | WorkSpace Check Box Completed...
]]></system-out>
  </testcase>
  <testcase name="SelectReact" classname="tests.ElementsTests" time="1.459">
    <system-out><![CDATA[2025-09-03 12:42:29 [main] INFO  demoqaBase - Closing the Browser...
2025-09-03 12:42:30 [main] INFO  demoqaBase - Starting Web Browser...
2025-09-03 12:42:31 [main] INFO  demoqaBase - Navigating to demoqa.com Website
2025-09-03 12:42:31 [main] INFO  RetryUrlAccess - 🌐 Attempt 1: Navigating to https://demoqa.com
2025-09-03 12:42:36 [main] INFO  RetryUrlAccess - ✅ Successfully navigated to: https://demoqa.com
2025-09-03 12:42:36 [main] INFO  demoqaBase - Starting Test Elements|Home|Selecting Documents|WorkSpace|React Check Box Test...
Instance Variables Declared are: nullnull
2025-09-03 12:42:36 [main] INFO  demoqaBase - Accessing Elements Card...
2025-09-03 12:42:36 [main] INFO  demoqaLog - Clicking on Elements Card...
2025-09-03 12:42:36 [main] WARN  demoqaLog - ⚠️ JS click failed, falling back to native click. Reason: {}
2025-09-03 12:42:36 [main] INFO  demoqaLog - ✅ Native click succeeded on element: {}
2025-09-03 12:42:36 [main] INFO  demoqaLog - Clicked on Elements Card...
Title of this Page is: DEMOQA
You are Accessing: Elements
 
Elements: Please select an item from left to start practice.
2025-09-03 12:42:36 [main] INFO  demoqaBase - Elements: Please select an item from left to start practice.
2025-09-03 12:42:36 [main] INFO  demoqaBase - Accessing Check Box...
Check Box
2025-09-03 12:42:36 [main] INFO  demoqaBase - You are accessing: Check Box
2025-09-03 12:42:36 [main] INFO  demoqaBase - Clicking on Home Toggle Button...
2025-09-03 12:42:37 [main] INFO  demoqaBase - Clicking on Documents Toggle Button...
2025-09-03 12:42:37 [main] INFO  demoqaBase - Clicking WorkSpace Toggle Button...
2025-09-03 12:42:37 [main] INFO  demoqaLog - ✅ JS click executed on element: {}
2025-09-03 12:42:37 [main] INFO  demoqaBase - Clicked WorkSpace Toggle Button...
2025-09-03 12:42:37 [main] INFO  demoqaBase - Selecting WorkSpace | React Check Box...
2025-09-03 12:42:37 [main] INFO  demoqaBase - Selected WorkSpace | React Check Box...
Information Submitted is: You have selected :
react
2025-09-03 12:42:37 [main] INFO  demoqaBase - You have Selected: You have selected :
react
2025-09-03 12:42:37 [main] INFO  demoqaBase - Test Elements|Home|Documents| Selecting WorkSpace|React Check Box Completed...
]]></system-out>
  </testcase>
  <testcase name="SelectAngular" classname="tests.ElementsTests" time="2.062">
    <system-out><![CDATA[2025-09-03 12:42:37 [main] INFO  demoqaBase - Closing the Browser...
2025-09-03 12:42:38 [main] INFO  demoqaBase - Starting Web Browser...
2025-09-03 12:42:39 [main] INFO  demoqaBase - Navigating to demoqa.com Website
2025-09-03 12:42:39 [main] INFO  RetryUrlAccess - 🌐 Attempt 1: Navigating to https://demoqa.com
2025-09-03 12:42:44 [main] INFO  RetryUrlAccess - ✅ Successfully navigated to: https://demoqa.com
2025-09-03 12:42:44 [main] INFO  demoqaBase - Starting Test Elements|Home|Selecting Documents|WorkSpace|Angular Check Box Test...
Instance Variables Declared are: nullnull
2025-09-03 12:42:44 [main] INFO  demoqaBase - Accessing Elements Card...
2025-09-03 12:42:44 [main] INFO  demoqaLog - Clicking on Elements Card...
2025-09-03 12:42:44 [main] WARN  demoqaLog - ⚠️ JS click failed, falling back to native click. Reason: {}
2025-09-03 12:42:44 [main] INFO  demoqaLog - ✅ Native click succeeded on element: {}
2025-09-03 12:42:44 [main] INFO  demoqaLog - Clicked on Elements Card...
Title of this Page is: DEMOQA
You are Accessing: Elements
 
Elements: Please select an item from left to start practice.
2025-09-03 12:42:44 [main] INFO  demoqaBase - Elements: Please select an item from left to start practice.
2025-09-03 12:42:44 [main] INFO  demoqaBase - Accessing Check Box...
Check Box
2025-09-03 12:42:45 [main] INFO  demoqaBase - You are accessing: Check Box
2025-09-03 12:42:45 [main] INFO  demoqaBase - Clicking on Home Toggle Button...
2025-09-03 12:42:45 [main] INFO  demoqaBase - Clicking on Documents Toggle Button...
2025-09-03 12:42:45 [main] INFO  demoqaBase - Clicking WorkSpace Toggle Button...
2025-09-03 12:42:46 [main] INFO  demoqaLog - ✅ JS click executed on element: {}
2025-09-03 12:42:46 [main] INFO  demoqaBase - Clicked WorkSpace Toggle Button...
2025-09-03 12:42:46 [main] INFO  demoqaBase - Selecting WorkSpace | Angular Check Box...
2025-09-03 12:42:46 [main] INFO  demoqaBase - Selected WorkSpace | Angular Check Box...
Information Submitted is: You have selected :
angular
2025-09-03 12:42:46 [main] INFO  demoqaBase - You have Selected: You have selected :
angular
2025-09-03 12:42:46 [main] INFO  demoqaBase - Test Elements|Home|Documents| Selecting WorkSpace|Angular Check Box Completed...
]]></system-out>
  </testcase>
  <testcase name="SelectVeu" classname="tests.ElementsTests" time="1.995">
    <system-out><![CDATA[2025-09-03 12:42:46 [main] INFO  demoqaBase - Closing the Browser...
2025-09-03 12:42:46 [main] INFO  demoqaBase - Starting Web Browser...
2025-09-03 12:42:48 [main] INFO  demoqaBase - Navigating to demoqa.com Website
2025-09-03 12:42:48 [main] INFO  RetryUrlAccess - 🌐 Attempt 1: Navigating to https://demoqa.com
2025-09-03 12:43:06 [main] INFO  RetryUrlAccess - ✅ Successfully navigated to: https://demoqa.com
2025-09-03 12:43:06 [main] INFO  demoqaBase - Starting Test Elements|Home|Selecting Documents|WorkSpace|Veu Check Box Test...
Instance Variables Declared are: nullnull
2025-09-03 12:43:06 [main] INFO  demoqaBase - Accessing Elements Card...
2025-09-03 12:43:06 [main] INFO  demoqaLog - Clicking on Elements Card...
2025-09-03 12:43:06 [main] WARN  demoqaLog - ⚠️ JS click failed, falling back to native click. Reason: {}
2025-09-03 12:43:07 [main] INFO  demoqaLog - ✅ Native click succeeded on element: {}
[...]
2025-09-03 13:02:17 [main] INFO  demoqaLog - ✅ JS click executed on element: {}
2025-09-03 13:02:17 [main] INFO  demoqaLog - Clicked on on Widgets Card...
Title of this Page is: DEMOQA
You are Accessing: Widgets
 
2025-09-03 13:02:18 [main] INFO  demoqaBase - Widgets: Please select an item from left to start practice.
2025-09-03 13:02:18 [main] INFO  demoqaBase - Clicking on Widgets|AutoComplete...
You are now Accessing: Auto Complete
2025-09-03 13:02:18 [main] INFO  demoqaBase - You are now Accessing: Auto Complete
Searching Colors using: T
Expected Color to be selected is/are: [White, Voilet, Magenta]
2025-09-03 13:02:18 [main] INFO  demoqaBase - 🔍 Running test for search character: T
2025-09-03 13:02:18 [main] INFO  demoqaBase - Clicking on Widgets | Auto Complete | Type multiple color names...
Searching Colors using: T
Expected Color to be selected is/are: [White, Voilet, Magenta]
2025-09-03 13:02:18 [main] INFO  demoqaBase - You are now Accessing: Auto Complete
2025-09-03 13:02:18 [main] INFO  demoqaBase - Available Color: White
2025-09-03 13:02:18 [main] INFO  demoqaLog - ✅ JS click executed on element: {}
2025-09-03 13:02:18 [main] INFO  demoqaBase - ✅ Selected Color: White
2025-09-03 13:02:19 [main] INFO  demoqaBase - Available Color: Voilet
2025-09-03 13:02:19 [main] INFO  demoqaLog - ✅ JS click executed on element: {}
2025-09-03 13:02:19 [main] INFO  demoqaBase - ✅ Selected Color: Voilet
2025-09-03 13:02:20 [main] INFO  demoqaBase - Available Color: Magenta
2025-09-03 13:02:20 [main] INFO  demoqaLog - ✅ JS click executed on element: {}
2025-09-03 13:02:20 [main] INFO  demoqaBase - ✅ Selected Color: Magenta
2025-09-03 13:02:20 [main] INFO  demoqaBase - 🎯 Final selected colors: [White, Voilet, Magenta]
2025-09-03 13:02:20 [main] INFO  demoqaBase - Widgets | Auto Complete Test Completed...
]]></system-out>
  </testcase>
  <testcase name="AutoCompleteSearch[ColorSelectionData{searchFor=&apos;U&apos;, expectedColors=[Blue, Purple, Aqua]}](18)" classname="tests.WidgetsTests" time="2.21">
    <system-out><![CDATA[2025-09-03 13:02:20 [main] INFO  demoqaBase - Closing the Browser...
2025-09-03 13:02:20 [main] INFO  demoqaBase - Starting Web Browser...
2025-09-03 13:02:22 [main] INFO  demoqaBase - Navigating to demoqa.com Website
2025-09-03 13:02:22 [main] INFO  RetryUrlAccess - 🌐 Attempt 1: Navigating to https://demoqa.com
2025-09-03 13:02:26 [main] INFO  RetryUrlAccess - ✅ Successfully navigated to: https://demoqa.com
2025-09-03 13:02:26 [main] INFO  demoqaBase - Starting Test Widgets | Auto Complete...
2025-09-03 13:02:26 [main] INFO  demoqaBase - Accessing Widgets Card...
Declared Instance WebDriverWait: org.openqa.selenium.support.ui.WebDriverWait@1509d911
2025-09-03 13:02:26 [main] INFO  demoqaLog - Clicking on Widgets Card...
2025-09-03 13:02:26 [main] INFO  demoqaLog - ✅ JS click executed on element: {}
2025-09-03 13:02:26 [main] INFO  demoqaLog - Clicked on on Widgets Card...
Title of this Page is: DEMOQA
You are Accessing: Widgets
 
2025-09-03 13:02:27 [main] INFO  demoqaBase - Widgets: Please select an item from left to start practice.
2025-09-03 13:02:27 [main] INFO  demoqaBase - Clicking on Widgets|AutoComplete...
You are now Accessing: Auto Complete
2025-09-03 13:02:27 [main] INFO  demoqaBase - You are now Accessing: Auto Complete
Searching Colors using: U
Expected Color to be selected is/are: [Blue, Purple, Aqua]
2025-09-03 13:02:27 [main] INFO  demoqaBase - 🔍 Running test for search character: U
2025-09-03 13:02:27 [main] INFO  demoqaBase - Clicking on Widgets | Auto Complete | Type multiple color names...
Searching Colors using: U
Expected Color to be selected is/are: [Blue, Purple, Aqua]
2025-09-03 13:02:27 [main] INFO  demoqaBase - You are now Accessing: Auto Complete
2025-09-03 13:02:27 [main] INFO  demoqaBase - Available Color: Blue
2025-09-03 13:02:27 [main] INFO  demoqaLog - ✅ JS click executed on element: {}
2025-09-03 13:02:27 [main] INFO  demoqaBase - ✅ Selected Color: Blue
2025-09-03 13:02:28 [main] INFO  demoqaBase - Available Color: Purple
2025-09-03 13:02:28 [main] INFO  demoqaLog - ✅ JS click executed on element: {}
2025-09-03 13:02:28 [main] INFO  demoqaBase - ✅ Selected Color: Purple
2025-09-03 13:02:28 [main] INFO  demoqaBase - Available Color: Aqua
2025-09-03 13:02:28 [main] INFO  demoqaLog - ✅ JS click executed on element: {}
2025-09-03 13:02:28 [main] INFO  demoqaBase - ✅ Selected Color: Aqua
2025-09-03 13:02:28 [main] INFO  demoqaBase - 🎯 Final selected colors: [Blue, Purple, Aqua]
2025-09-03 13:02:28 [main] INFO  demoqaBase - Widgets | Auto Complete Test Completed...
]]></system-out>
  </testcase>
  <testcase name="AutoCompleteSearch[ColorSelectionData{searchFor=&apos;V&apos;, expectedColors=[Voilet]}](19)" classname="tests.WidgetsTests" time="1.732">
    <system-out><![CDATA[2025-09-03 13:02:28 [main] INFO  demoqaBase - Closing the Browser...
2025-09-03 13:02:29 [main] INFO  demoqaBase - Starting Web Browser...
2025-09-03 13:02:30 [main] INFO  demoqaBase - Navigating to demoqa.com Website
2025-09-03 13:02:30 [main] INFO  RetryUrlAccess - 🌐 Attempt 1: Navigating to https://demoqa.com
2025-09-03 13:02:41 [main] INFO  RetryUrlAccess - ✅ Successfully navigated to: https://demoqa.com
2025-09-03 13:02:41 [main] INFO  demoqaBase - Starting Test Widgets | Auto Complete...
2025-09-03 13:02:41 [main] INFO  demoqaBase - Accessing Widgets Card...
Declared Instance WebDriverWait: org.openqa.selenium.support.ui.WebDriverWait@4f4a05d7
2025-09-03 13:02:41 [main] INFO  demoqaLog - Clicking on Widgets Card...
2025-09-03 13:02:41 [main] INFO  demoqaLog - ✅ JS click executed on element: {}
2025-09-03 13:02:41 [main] INFO  demoqaLog - Clicked on on Widgets Card...
Title of this Page is: DEMOQA
You are Accessing: Widgets
 
2025-09-03 13:02:41 [main] INFO  demoqaBase - Widgets: Please select an item from left to start practice.
2025-09-03 13:02:41 [main] INFO  demoqaBase - Clicking on Widgets|AutoComplete...
You are now Accessing: Auto Complete
2025-09-03 13:02:41 [main] INFO  demoqaBase - You are now Accessing: Auto Complete
Searching Colors using: V
Expected Color to be selected is/are: [Voilet]
2025-09-03 13:02:41 [main] INFO  demoqaBase - 🔍 Running test for search character: V
2025-09-03 13:02:41 [main] INFO  demoqaBase - Clicking on Widgets | Auto Complete | Type multiple color names...
Searching Colors using: V
Expected Color to be selected is/are: [Voilet]
2025-09-03 13:02:41 [main] INFO  demoqaBase - You are now Accessing: Auto Complete
2025-09-03 13:02:42 [main] INFO  demoqaBase - Available Color: Voilet
2025-09-03 13:02:42 [main] INFO  demoqaLog - ✅ JS click executed on element: {}
2025-09-03 13:02:42 [main] INFO  demoqaBase - ✅ Selected Color: Voilet
2025-09-03 13:02:42 [main] INFO  demoqaBase - 🎯 Final selected colors: [Voilet]
2025-09-03 13:02:42 [main] INFO  demoqaBase - Widgets | Auto Complete Test Completed...
]]></system-out>
  </testcase>
  <testcase name="AutoCompleteSearch[ColorSelectionData{searchFor=&apos;W&apos;, expectedColors=[Yellow, White]}](20)" classname="tests.WidgetsTests" time="2.116">
    <system-out><![CDATA[2025-09-03 13:02:42 [main] INFO  demoqaBase - Closing the Browser...
2025-09-03 13:02:43 [main] INFO  demoqaBase - Starting Web Browser...
2025-09-03 13:02:44 [main] INFO  demoqaBase - Navigating to demoqa.com Website
2025-09-03 13:02:44 [main] INFO  RetryUrlAccess - 🌐 Attempt 1: Navigating to https://demoqa.com
2025-09-03 13:02:55 [main] INFO  RetryUrlAccess - ✅ Successfully navigated to: https://demoqa.com
2025-09-03 13:02:55 [main] INFO  demoqaBase - Starting Test Widgets | Auto Complete...
2025-09-03 13:02:55 [main] INFO  demoqaBase - Accessing Widgets Card...
Declared Instance WebDriverWait: org.openqa.selenium.support.ui.WebDriverWait@46746fc4
2025-09-03 13:02:55 [main] INFO  demoqaLog - Clicking on Widgets Card...
2025-09-03 13:02:55 [main] INFO  demoqaLog - ✅ JS click executed on element: {}
2025-09-03 13:02:55 [main] INFO  demoqaLog - Clicked on on Widgets Card...
Title of this Page is: DEMOQA
You are Accessing: Widgets
 
2025-09-03 13:02:55 [main] INFO  demoqaBase - Widgets: Please select an item from left to start practice.
2025-09-03 13:02:55 [main] INFO  demoqaBase - Clicking on Widgets|AutoComplete...
You are now Accessing: Auto Complete
2025-09-03 13:02:55 [main] INFO  demoqaBase - You are now Accessing: Auto Complete
Searching Colors using: W
Expected Color to be selected is/are: [Yellow, White]
2025-09-03 13:02:55 [main] INFO  demoqaBase - 🔍 Running test for search character: W
2025-09-03 13:02:55 [main] INFO  demoqaBase - Clicking on Widgets | Auto Complete | Type multiple color names...
Searching Colors using: W
Expected Color to be selected is/are: [Yellow, White]
2025-09-03 13:02:55 [main] INFO  demoqaBase - You are now Accessing: Auto Complete
2025-09-03 13:02:56 [main] INFO  demoqaBase - Available Color: Yellow
2025-09-03 13:02:56 [main] INFO  demoqaLog - ✅ JS click executed on element: {}
2025-09-03 13:02:56 [main] INFO  demoqaBase - ✅ Selected Color: Yellow
2025-09-03 13:02:57 [main] INFO  demoqaBase - Available Color: White
2025-09-03 13:02:57 [main] INFO  demoqaLog - ✅ JS click executed on element: {}
2025-09-03 13:02:57 [main] INFO  demoqaBase - ✅ Selected Color: White
2025-09-03 13:02:57 [main] INFO  demoqaBase - 🎯 Final selected colors: [Yellow, White]
2025-09-03 13:02:57 [main] INFO  demoqaBase - Widgets | Auto Complete Test Completed...
]]></system-out>
  </testcase>
  <testcase name="AutoCompleteSearch[ColorSelectionData{searchFor=&apos;Y&apos;, expectedColors=[Yellow]}](21)" classname="tests.WidgetsTests" time="1.335">
    <system-out><![CDATA[2025-09-03 13:02:57 [main] INFO  demoqaBase - Closing the Browser...
2025-09-03 13:02:57 [main] INFO  demoqaBase - Starting Web Browser...
2025-09-03 13:02:59 [main] INFO  demoqaBase - Navigating to demoqa.com Website
2025-09-03 13:02:59 [main] INFO  RetryUrlAccess - 🌐 Attempt 1: Navigating to https://demoqa.com
2025-09-03 13:03:03 [main] INFO  RetryUrlAccess - ✅ Successfully navigated to: https://demoqa.com
2025-09-03 13:03:03 [main] INFO  demoqaBase - Starting Test Widgets | Auto Complete...
2025-09-03 13:03:03 [main] INFO  demoqaBase - Accessing Widgets Card...
Declared Instance WebDriverWait: org.openqa.selenium.support.ui.WebDriverWait@3610e227
2025-09-03 13:03:03 [main] INFO  demoqaLog - Clicking on Widgets Card...
2025-09-03 13:03:03 [main] INFO  demoqaLog - ✅ JS click executed on element: {}
2025-09-03 13:03:03 [main] INFO  demoqaLog - Clicked on on Widgets Card...
Title of this Page is: DEMOQA
You are Accessing: Widgets
 
2025-09-03 13:03:03 [main] INFO  demoqaBase - Widgets: Please select an item from left to start practice.
2025-09-03 13:03:03 [main] INFO  demoqaBase - Clicking on Widgets|AutoComplete...
You are now Accessing: Auto Complete
2025-09-03 13:03:04 [main] INFO  demoqaBase - You are now Accessing: Auto Complete
Searching Colors using: Y
Expected Color to be selected is/are: [Yellow]
2025-09-03 13:03:04 [main] INFO  demoqaBase - 🔍 Running test for search character: Y
2025-09-03 13:03:04 [main] INFO  demoqaBase - Clicking on Widgets | Auto Complete | Type multiple color names...
Searching Colors using: Y
Expected Color to be selected is/are: [Yellow]
2025-09-03 13:03:04 [main] INFO  demoqaBase - You are now Accessing: Auto Complete
2025-09-03 13:03:04 [main] INFO  demoqaBase - Available Color: Yellow
2025-09-03 13:03:04 [main] INFO  demoqaLog - ✅ JS click executed on element: {}
2025-09-03 13:03:04 [main] INFO  demoqaBase - ✅ Selected Color: Yellow
2025-09-03 13:03:05 [main] INFO  demoqaBase - 🎯 Final selected colors: [Yellow]
2025-09-03 13:03:05 [main] INFO  demoqaBase - Widgets | Auto Complete Test Completed...
]]></system-out>
  </testcase>
  <testcase name="AutoCompleteSearchRemove[ColorSelectionData{searchFor=&apos;E&apos;, expectedColors=[Green, Yellow]}](1)" classname="tests.WidgetsTests" time="6.695">
    <system-out><![CDATA[2025-09-03 13:03:05 [main] INFO  demoqaBase - Closing the Browser...
🧾 Row 1: {SearchFor=E, ExpectedColors=Green,Yellow}
🔍 Mapping field: searchFor | Excel Column: SearchFor | Value: E
🔍 Mapping field: expectedColorsRaw | Excel Column: ExpectedColors | Value: Green,Yellow
2025-09-03 13:03:05 [main] INFO  demoqaBase - Starting Web Browser...
2025-09-03 13:03:06 [main] INFO  demoqaBase - Navigating to demoqa.com Website
2025-09-03 13:03:06 [main] INFO  RetryUrlAccess - 🌐 Attempt 1: Navigating to https://demoqa.com
2025-09-03 13:03:13 [main] INFO  RetryUrlAccess - ✅ Successfully navigated to: https://demoqa.com
2025-09-03 13:03:13 [main] INFO  demoqaBase - 🧪 Starting Test Widgets | Auto Complete - Select & Remove Flow
2025-09-03 13:03:13 [main] INFO  demoqaBase - Accessing Widgets Card...
Declared Instance WebDriverWait: org.openqa.selenium.support.ui.WebDriverWait@4eeb2c6
2025-09-03 13:03:13 [main] INFO  demoqaLog - Clicking on Widgets Card...
2025-09-03 13:03:13 [main] INFO  demoqaLog - ✅ JS click executed on element: {}
2025-09-03 13:03:13 [main] INFO  demoqaLog - Clicked on on Widgets Card...
Title of this Page is: DEMOQA
You are Accessing: Widgets
 
2025-09-03 13:03:13 [main] INFO  demoqaBase - Widgets: Please select an item from left to start practice.
2025-09-03 13:03:13 [main] INFO  demoqaBase - Clicking on Widgets|AutoComplete...
You are now Accessing: Auto Complete
2025-09-03 13:03:13 [main] INFO  demoqaBase - You are now Accessing: Auto Complete
🧾 Row 1: {SearchFor=A, ExpectedColors=Black,Magenta,Aqua}
🔍 Mapping field: searchFor | Excel Column: SearchFor | Value: A
🔍 Mapping field: expectedColorsRaw | Excel Column: ExpectedColors | Value: Black,Magenta,Aqua
🧾 Row 2: {SearchFor=B, ExpectedColors=Blue,Black}
🔍 Mapping field: searchFor | Excel Column: SearchFor | Value: B
🔍 Mapping field: expectedColorsRaw | Excel Column: ExpectedColors | Value: Blue,Black
🧾 Row 3: {SearchFor=C, ExpectedColors=Black}
🔍 Mapping field: searchFor | Excel Column: SearchFor | Value: C
🔍 Mapping field: expectedColorsRaw | Excel Column: ExpectedColors | Value: Black
🧾 Row 4: {SearchFor=D, ExpectedColors=Red,Indigo}
🔍 Mapping field: searchFor | Excel Column: SearchFor | Value: D
🔍 Mapping field: expectedColorsRaw | Excel Column: ExpectedColors | Value: Red,Indigo
🧾 Row 5: {SearchFor=E, ExpectedColors=Red,Blue,Green,Yellow,Purple,White,Voilet,Magenta}
🔍 Mapping field: searchFor | Excel Column: SearchFor | Value: E
🔍 Mapping field: expectedColorsRaw | Excel Column: ExpectedColors | Value: Red,Blue,Green,Yellow,Purple,White,Voilet,Magenta
🧾 Row 6: {SearchFor=G, ExpectedColors=Green,Indigo,Magenta}
🔍 Mapping field: searchFor | Excel Column: SearchFor | Value: G
🔍 Mapping field: expectedColorsRaw | Excel Column: ExpectedColors | Value: Green,Indigo,Magenta
🧾 Row 7: {SearchFor=H, ExpectedColors=White}
🔍 Mapping field: searchFor | Excel Column: SearchFor | Value: H
🔍 Mapping field: expectedColorsRaw | Excel Column: ExpectedColors | Value: White
🧾 Row 8: {SearchFor=I, ExpectedColors=White,Voilet,Indigo}
🔍 Mapping field: searchFor | Excel Column: SearchFor | Value: I
🔍 Mapping field: expectedColorsRaw | Excel Column: ExpectedColors | Value: White,Voilet,Indigo
🧾 Row 9: {SearchFor=K, ExpectedColors=Black}
🔍 Mapping field: searchFor | Excel Column: SearchFor | Value: K
🔍 Mapping field: expectedColorsRaw | Excel Column: ExpectedColors | Value: Black
🧾 Row 10: {SearchFor=L, ExpectedColors=Blue,Yellow,Purple,Black,Voilet}
🔍 Mapping field: searchFor | Excel Column: SearchFor | Value: L
🔍 Mapping field: expectedColorsRaw | Excel Column: ExpectedColors | Value: Blue,Yellow,Purple,Black,Voilet
🧾 Row 11: {SearchFor=M, ExpectedColors=Magenta}
🔍 Mapping field: searchFor | Excel Column: SearchFor | Value: M
🔍 Mapping field: expectedColorsRaw | Excel Column: ExpectedColors | Value: Magenta
🧾 Row 12: {SearchFor=N, ExpectedColors=Green,Indigo,Magenta}
🔍 Mapping field: searchFor | Excel Column: SearchFor | Value: N
🔍 Mapping field: expectedColorsRaw | Excel Column: ExpectedColors | Value: Green,Indigo,Magenta
🧾 Row 13: {SearchFor=O, ExpectedColors=Yellow,Voilet,Indigo}
🔍 Mapping field: searchFor | Excel Column: SearchFor | Value: O
🔍 Mapping field: expectedColorsRaw | Excel Column: ExpectedColors | Value: Yellow,Voilet,Indigo
🧾 Row 14: {SearchFor=P, ExpectedColors=Purple}
🔍 Mapping field: searchFor | Excel Column: SearchFor | Value: P
🔍 Mapping field: expectedColorsRaw | Excel Column: ExpectedColors | Value: Purple
🧾 Row 15: {SearchFor=Q, ExpectedColors=Aqua}
🔍 Mapping field: searchFor | Excel Column: SearchFor | Value: Q
🔍 Mapping field: expectedColorsRaw | Excel Column: ExpectedColors | Value: Aqua
🧾 Row 16: {SearchFor=R, ExpectedColors=Red,Green,Purple}
🔍 Mapping field: searchFor | Excel Column: SearchFor | Value: R
🔍 Mapping field: expectedColorsRaw | Excel Column: ExpectedColors | Value: Red,Green,Purple
🧾 Row 17: {SearchFor=T, ExpectedColors=White,Voilet,Magenta}
🔍 Mapping field: searchFor | Excel Column: SearchFor | Value: T
🔍 Mapping field: expectedColorsRaw | Excel Column: ExpectedColors | Value: White,Voilet,Magenta
🧾 Row 18: {SearchFor=U, ExpectedColors=Blue,Purple,Aqua}
🔍 Mapping field: searchFor | Excel Column: SearchFor | Value: U
🔍 Mapping field: expectedColorsRaw | Excel Column: ExpectedColors | Value: Blue,Purple,Aqua
🧾 Row 19: {SearchFor=V, ExpectedColors=Voilet}
🔍 Mapping field: searchFor | Excel Column: SearchFor | Value: V
🔍 Mapping field: expectedColorsRaw | Excel Column: ExpectedColors | Value: Voilet
🧾 Row 20: {SearchFor=W, ExpectedColors=Yellow,White}
🔍 Mapping field: searchFor | Excel Column: SearchFor | Value: W
🔍 Mapping field: expectedColorsRaw | Excel Column: ExpectedColors | Value: Yellow,White
🧾 Row 21: {SearchFor=Y, ExpectedColors=Yellow}
🔍 Mapping field: searchFor | Excel Column: SearchFor | Value: Y
🔍 Mapping field: expectedColorsRaw | Excel Column: ExpectedColors | Value: Yellow
2025-09-03 13:03:13 [main] INFO  demoqaBase - 🎨 Selecting colors for 'E': [Red, Blue, Green, Yellow, Purple, White, Voilet, Magenta]
2025-09-03 13:03:14 [main] INFO  demoqaLog - ✅ JS click executed on element: {}
2025-09-03 13:03:14 [main] INFO  demoqaBase - ✅ Selected color 'Red' for 'E'
2025-09-03 13:03:15 [main] INFO  demoqaLog - ✅ JS click executed on element: {}
2025-09-03 13:03:15 [main] INFO  demoqaBase - ✅ Selected color 'Blue' for 'E'
2025-09-03 13:03:16 [main] INFO  demoqaLog - ✅ JS click executed on element: {}
2025-09-03 13:03:16 [main] INFO  demoqaBase - ✅ Selected color 'Green' for 'E'
2025-09-03 13:03:16 [main] INFO  demoqaLog - ✅ JS click executed on element: {}
2025-09-03 13:03:16 [main] INFO  demoqaBase - ✅ Selected color 'Yellow' for 'E'
2025-09-03 13:03:17 [main] INFO  demoqaLog - ✅ JS click executed on element: {}
2025-09-03 13:03:17 [main] INFO  demoqaBase - ✅ Selected color 'Purple' for 'E'
2025-09-03 13:03:18 [main] INFO  demoqaLog - ✅ JS click executed on element: {}
2025-09-03 13:03:18 [main] INFO  demoqaBase - ✅ Selected color 'White' for 'E'
2025-09-03 13:03:18 [main] INFO  demoqaLog - ✅ JS click executed on element: {}
2025-09-03 13:03:18 [main] INFO  demoqaBase - ✅ Selected color 'Voilet' for 'E'
2025-09-03 13:03:19 [main] INFO  demoqaLog - ✅ JS click executed on element: {}
2025-09-03 13:03:19 [main] INFO  demoqaBase - ✅ Selected color 'Magenta' for 'E'
🧾 Row 1: {SearchFor=E, ExpectedColors=Green,Yellow}
🔍 Mapping field: searchFor | Excel Column: SearchFor | Value: E
🔍 Mapping field: expectedColorsRaw | Excel Column: ExpectedColors | Value: Green,Yellow
2025-09-03 13:03:19 [main] INFO  demoqaBase - 🗑️ Attempting to remove colors for 'E': [Green, Yellow]
2025-09-03 13:03:19 [main] INFO  demoqaBase - 🗑️ Removed color: Green
2025-09-03 13:03:19 [main] INFO  demoqaBase - 🗑️ Removed color: Yellow
2025-09-03 13:03:19 [main] INFO  demoqaBase - ✅ Assertion passed: Color 'Green' successfully removed.
2025-09-03 13:03:19 [main] INFO  demoqaBase - ✅ Assertion passed: Color 'Yellow' successfully removed.
2025-09-03 13:03:19 [main] INFO  demoqaBase - ✅ Auto Complete Select & Remove Flow completed for 'E'
]]></system-out>
  </testcase>
</testsuite>