<?xml version="1.0" encoding="UTF-8"?>
<testsuite xmlns:xsi="http://www.w3.org/2001/XMLSchema-instance" xsi:noNamespaceSchemaLocation="https://maven.apache.org/surefire/maven-surefire-plugin/xsd/surefire-test-report-3.0.xsd" version="3.0" name="TestSuite" time="121.436" tests="12" errors="0" skipped="0" failures="0">
  <properties>
[...]
</properties>
  <testcase name="accessAlertsFrameWindows" classname="tests.AlertsFramesWindowsTests" time="0.24">
    <system-out><![CDATA[2025-07-28T07:11:57.339528300Z main INFO Starting configuration XmlConfiguration[location=C:\ASN\eclipse_workspace\demoqa-automation\target\classes\log4j2.xml, lastModified=2025-07-15T10:06:09.722Z]...
2025-07-28T07:11:57.342138400Z main INFO Start watching for changes to C:\ASN\eclipse_workspace\demoqa-automation\target\classes\log4j2.xml every 0 seconds
2025-07-28T07:11:57.342138400Z main INFO Configuration XmlConfiguration[location=C:\ASN\eclipse_workspace\demoqa-automation\target\classes\log4j2.xml, lastModified=2025-07-15T10:06:09.722Z] started.
2025-07-28T07:11:57.345393Z main INFO Stopping configuration org.apache.logging.log4j.core.config.DefaultConfiguration@6179e425...
2025-07-28T07:11:57.345393Z main INFO Configuration org.apache.logging.log4j.core.config.DefaultConfiguration@6179e425 stopped.
2025-07-28 12:41:57 [main] INFO  demoqaLog - Starting Web Browser...
2025-07-28 12:41:58 [main] INFO  demoqaLog - Navigating to demoqa.com Website
2025-07-28 12:42:03 [main] INFO  demoqaLog - Starting Test Alerts, Frames & Windows...
2025-07-28 12:42:03 [main] INFO  demoqaLog - Accessing Alerts, Frame & Windows Card...
2025-07-28 12:42:03 [main] INFO  demoqaLog - Clicking on Alert Frame & Windows Card...
2025-07-28 12:42:03 [main] INFO  demoqaLog - Clicked on on Alert Frame & Windows Card...
Title of this Page is: DEMOQA
You can now access: Alerts, Frame & Windows
2025-07-28 12:42:03 [main] INFO  demoqaLog - Page: Alerts, Frame & Windows Card...
2025-07-28 12:42:03 [main] INFO  demoqaLog -  Alerts, Frames & Windows Test Completed...
]]></system-out>
    <system-err><![CDATA[SLF4J(W): No SLF4J providers were found.
SLF4J(W): Defaulting to no-operation (NOP) logger implementation
SLF4J(W): See https://www.slf4j.org/codes.html#noProviders for further details.
]]></system-err>
  </testcase>
  <testcase name="ElementsCard" classname="tests.ElementsTests" time="0.221">
    <system-out><![CDATA[2025-07-28 12:42:03 [main] INFO  demoqaLog - Closing the Browser...
2025-07-28 12:42:03 [main] INFO  demoqaLog - Starting Web Browser...
2025-07-28 12:42:04 [main] INFO  demoqaLog - Navigating to demoqa.com Website
2025-07-28 12:42:09 [main] INFO  demoqaLog - Starting Test Elements | Text Box Test...
2025-07-28 12:42:09 [main] INFO  demoqaLog - Accessing Elements Card...
2025-07-28 12:42:09 [main] INFO  demoqaLog - Clicking on Elements Card...
Title of this Page is: DEMOQA
You can now Access: Elements
 
Title of this Page is: DEMOQA
2025-07-28 12:42:09 [main] INFO  demoqaLog - Element Card Test Completed...
]]></system-out>
  </testcase>
  <testcase name="TextBox" classname="tests.ElementsTests" time="1.916">
    <system-out><![CDATA[2025-07-28 12:42:09 [main] INFO  demoqaLog - Closing the Browser...
2025-07-28 12:42:09 [main] INFO  demoqaLog - Starting Web Browser...
2025-07-28 12:42:10 [main] INFO  demoqaLog - Navigating to demoqa.com Website
2025-07-28 12:42:14 [main] INFO  demoqaLog - Starting Test Elements | Text Box Test...
2025-07-28 12:42:14 [main] INFO  demoqaLog - Accessing Elements Card...
2025-07-28 12:42:14 [main] INFO  demoqaLog - Clicking on Elements Card...
Title of this Page is: DEMOQA
You can now Access: Elements
 
2025-07-28 12:42:14 [main] INFO  demoqaLog - Accessing Text Box...
Text Box
2025-07-28 12:42:15 [main] INFO  demoqaLog - You are accessing: Text Box
2025-07-28 12:42:15 [main] INFO  demoqaLog - Title of this Page is: DEMOQA
2025-07-28 12:42:15 [main] INFO  demoqaLog - Entering Full Name...
2025-07-28 12:42:15 [main] INFO  demoqaLog - Full Name is: John Rambo
2025-07-28 12:42:15 [main] INFO  demoqaLog - Entering Email Address...
2025-07-28 12:42:15 [main] INFO  demoqaLog - Email Address is: JRambo@demoqa.com
2025-07-28 12:42:15 [main] INFO  demoqaLog - Entering Current Address...
2025-07-28 12:42:16 [main] INFO  demoqaLog - Current Address is: 511 Grant 481, Prattsville
 Arkansas 72129
 United States
2025-07-28 12:42:16 [main] INFO  demoqaLog - Entering Permanent Address...
2025-07-28 12:42:16 [main] INFO  demoqaLog - Parmenant Address is: 579 Grant 3381, Prattsville
 Arkansas 72100
 United States
2025-07-28 12:42:16 [main] INFO  demoqaLog - Clicking on Submit Button...
2025-07-28 12:42:16 [main] INFO  demoqaLog - Clicked Submit Button...
Information Submitted is: Name:John Rambo
Email:JRambo@demoqa.com
Current Address :511 Grant 481, Prattsville Arkansas 72129 United States
Permananet Address :579 Grant 3381, Prattsville Arkansas 72100 United States
2025-07-28 12:42:16 [main] INFO  demoqaLog - Text Box Element Test Completed...
]]></system-out>
  </testcase>
  <testcase name="CheckBox" classname="tests.ElementsTests" time="0.351">
    <system-out><![CDATA[Path for Screenshot is: C:\ASN\eclipse_workspace\demoqa-automation/screenshots/TextBox Passed+2025-07-28_12-42-16.png
2025-07-28 12:42:16 [main] INFO  demoqaLog - Closing the Browser...
2025-07-28 12:42:17 [main] INFO  demoqaLog - Starting Web Browser...
2025-07-28 12:42:18 [main] INFO  demoqaLog - Navigating to demoqa.com Website
2025-07-28 12:42:22 [main] INFO  demoqaLog - Starting Test Elements | Check Box Test...
2025-07-28 12:42:22 [main] INFO  demoqaLog - Accessing Elements Card...
2025-07-28 12:42:22 [main] INFO  demoqaLog - Clicking on Elements Card...
Title of this Page is: DEMOQA
You can now Access: Elements
 
2025-07-28 12:42:22 [main] INFO  demoqaLog - Accessing Check Box...
Check Box
2025-07-28 12:42:22 [main] INFO  demoqaLog - You are accessing: Check Box
2025-07-28 12:42:22 [main] INFO  demoqaLog - Test Elements | Check Box Test Test Completed...
]]></system-out>
  </testcase>
  <testcase name="SelectingHomeCheckBox" classname="tests.ElementsTests" time="0.449">
    <system-out><![CDATA[2025-07-28 12:42:22 [main] INFO  demoqaLog - Closing the Browser...
2025-07-28 12:42:22 [main] INFO  demoqaLog - Starting Web Browser...
2025-07-28 12:42:23 [main] INFO  demoqaLog - Navigating to demoqa.com Website
2025-07-28 12:42:35 [main] INFO  demoqaLog - Starting Test Elements | Selecting Home Check Box Test...
2025-07-28 12:42:35 [main] INFO  demoqaLog - Accessing Elements Card...
2025-07-28 12:42:35 [main] INFO  demoqaLog - Clicking on Elements Card...
Title of this Page is: DEMOQA
You can now Access: Elements
 
2025-07-28 12:42:35 [main] INFO  demoqaLog - Accessing Check Box...
Check Box
2025-07-28 12:42:35 [main] INFO  demoqaLog - You are accessing: Check Box
2025-07-28 12:42:35 [main] INFO  demoqaLog - Selecting Home Check Box...
Information Submitted is: You have selected :
home
desktop
notes
commands
documents
workspace
react
angular
veu
office
public
private
classified
general
downloads
wordFile
excelFile
2025-07-28 12:42:35 [main] INFO  demoqaLog - Elements | Selecting Home Test Completed...
]]></system-out>
  </testcase>
  <testcase name="SelectingDesktopCheckBox" classname="tests.ElementsTests" time="0.591">
    <system-out><![CDATA[2025-07-28 12:42:35 [main] INFO  demoqaLog - Closing the Browser...
2025-07-28 12:42:36 [main] INFO  demoqaLog - Starting Web Browser...
2025-07-28 12:42:36 [main] INFO  demoqaLog - Navigating to demoqa.com Website
2025-07-28 12:42:49 [main] INFO  demoqaLog - Starting Test Elements | Selecting Desktop Check Box Test...
2025-07-28 12:42:49 [main] INFO  demoqaLog - Accessing Elements Card...
2025-07-28 12:42:49 [main] INFO  demoqaLog - Clicking on Elements Card...
Title of this Page is: DEMOQA
You can now Access: Elements
 
2025-07-28 12:42:49 [main] INFO  demoqaLog - Accessing Check Box...
Check Box
2025-07-28 12:42:49 [main] INFO  demoqaLog - You are accessing: Check Box
2025-07-28 12:42:49 [main] INFO  demoqaLog - Clicking on Home Toggle Button...
2025-07-28 12:42:49 [main] INFO  demoqaLog - Selecting Deskstop Check Box...
2025-07-28 12:42:49 [main] INFO  demoqaLog - Validating on Desktop Check Box Resutls...
Information Submitted is: You have selected :
desktop
notes
commands
2025-07-28 12:42:49 [main] INFO  demoqaLog - Elements | Home | Desktop Test Completed...
]]></system-out>
  </testcase>
  <testcase name="SelectingNotesCommandsClick" classname="tests.ElementsTests" time="0.672">
    <system-out><![CDATA[2025-07-28 12:42:49 [main] INFO  demoqaLog - Closing the Browser...
2025-07-28 12:42:50 [main] INFO  demoqaLog - Starting Web Browser...
2025-07-28 12:42:50 [main] INFO  demoqaLog - Navigating to demoqa.com Website
2025-07-28 12:42:55 [main] INFO  demoqaLog - Starting Test Elements | Selecting Desktop| Notes & Commands Check Box Test...
2025-07-28 12:42:55 [main] INFO  demoqaLog - Accessing Elements Card...
2025-07-28 12:42:55 [main] INFO  demoqaLog - Clicking on Elements Card...
Title of this Page is: DEMOQA
You can now Access: Elements
 
2025-07-28 12:42:55 [main] INFO  demoqaLog - Accessing Check Box...
Check Box
2025-07-28 12:42:55 [main] INFO  demoqaLog - You are accessing: Check Box
2025-07-28 12:42:55 [main] INFO  demoqaLog - Clicking on Home Toggle Button...
2025-07-28 12:42:55 [main] INFO  demoqaLog - Clicking on Desktop Toggle Button...
2025-07-28 12:42:55 [main] INFO  demoqaLog - Clicking on Notes Button...
2025-07-28 12:42:55 [main] INFO  demoqaLog - Clicking on Commands Button...
2025-07-28 12:42:55 [main] INFO  demoqaLog - Selected Notes & Commands...
2025-07-28 12:42:55 [main] INFO  demoqaLog - Validating on Desktop Check Box Resutls...
Information Submitted is: You have selected :
desktop
notes
commands
2025-07-28 12:42:55 [main] INFO  demoqaLog - Elements | Home | Desktop | Notes & Commands Completed...
]]></system-out>
  </testcase>
  <testcase name="FormCard" classname="tests.FormTests" time="0.35">
    <system-out><![CDATA[2025-07-28 12:42:55 [main] INFO  demoqaLog - Closing the Browser...
2025-07-28 12:42:56 [main] INFO  demoqaLog - Starting Web Browser...
2025-07-28 12:42:56 [main] INFO  demoqaLog - Navigating to demoqa.com Website
2025-07-28 12:43:00 [main] INFO  demoqaLog - Starting Form Card Test...
2025-07-28 12:43:00 [main] INFO  demoqaLog - Clicking on Form Card...
2025-07-28 12:43:01 [main] INFO  demoqaLog - Clicked on Form Card...
2025-07-28 12:43:01 [main] INFO  demoqaLog - Clicking on Practice Form...
2025-07-28 12:43:01 [main] INFO  demoqaLog - Clicked on Practice Form...
Title of this Page is: DEMOQA
2025-07-28 12:43:01 [main] INFO  demoqaLog - Form Card Test Completed...
]]></system-out>
  </testcase>
  <testcase name="fillForm[models.UserFormData@1b4872bc](1)" classname="tests.FormTests" time="3.9">
    <system-out><![CDATA[2025-07-28 12:43:01 [main] INFO  demoqaLog - Closing the Browser...
2025-07-28 12:43:02 [main] INFO  demoqaLog - Starting Web Browser...
2025-07-28 12:43:03 [main] INFO  demoqaLog - Navigating to demoqa.com Website
2025-07-28 12:43:09 [main] INFO  demoqaLog - Starting Form Filling Test...
2025-07-28 12:43:09 [main] INFO  demoqaLog - Accessing Form Card...
2025-07-28 12:43:09 [main] INFO  demoqaLog - Clicking on Form Card...
2025-07-28 12:43:10 [main] INFO  demoqaLog - Clicked on Form Card...
2025-07-28 12:43:10 [main] INFO  demoqaLog - Clicking on Practice Form...
2025-07-28 12:43:10 [main] INFO  demoqaLog - Clicked on Practice Form...
2025-07-28 12:43:10 [main] INFO  demoqaLog - Filling form for: Johny Bravo
2025-07-28 12:43:10 [main] INFO  demoqaLog - Entering First Name...
2025-07-28 12:43:10 [main] INFO  demoqaLog - Entered First Name: Johny
Selected gender: Male
2025-07-28 12:43:10 [main] INFO  demoqaLog - Entering Date of Birth: 15-08-2000
Parsed DOB from Excel: 15-08-2000
2025-07-28 12:43:11 [main] INFO  demoqaLog - Typed full subject: Computer Science
Typing subject: Computer Science
Dropdown Option: Computer Science
Selected: Computer Science
Selected hobby: sports
Selected hobby: music
Uploaded photo: C:\ASN\eclipse_workspace\demoqa-automation//TestData/Mphoto.jpg
511 Grant 481, Prattsville
 Arkansas 72129
 United States
2025-07-28 12:43:12 [main] INFO  demoqaLog - Entering Address...
2025-07-28 12:43:12 [main] INFO  demoqaLog - Entered Address...
2025-07-28 12:43:12 [main] INFO  demoqaLog - Selecting State: NCR
Available state option: NCR
2025-07-28 12:43:12 [main] INFO  demoqaLog - Selected State: NCR
2025-07-28 12:43:12 [main] INFO  demoqaLog - Selecting City: Delhi
Available city: Delhi
2025-07-28 12:43:13 [main] INFO  demoqaLog - Selected City: Delhi
2025-07-28 12:43:13 [main] INFO  demoqaLog - Submitting Form...
2025-07-28 12:43:13 [main] INFO  demoqaLog - Form Submitted via normal click...
2025-07-28 12:43:13 [main] INFO  demoqaLog - Test Form Filling Completed...
]]></system-out>
  </testcase>
  <testcase name="fillForm[models.UserFormData@61da0413](2)" classname="tests.FormTests" time="5.028">
    <system-out><![CDATA[Path for Screenshot is: C:\ASN\eclipse_workspace\demoqa-automation/screenshots/fillForm Passed+2025-07-28_12-43-13.png
2025-07-28 12:43:14 [main] INFO  demoqaLog - Closing the Browser...
2025-07-28 12:43:15 [main] INFO  demoqaLog - Starting Web Browser...
2025-07-28 12:43:16 [main] INFO  demoqaLog - Navigating to demoqa.com Website
2025-07-28 12:43:21 [main] INFO  demoqaLog - Starting Form Filling Test...
2025-07-28 12:43:21 [main] INFO  demoqaLog - Accessing Form Card...
2025-07-28 12:43:21 [main] INFO  demoqaLog - Clicking on Form Card...
2025-07-28 12:43:21 [main] INFO  demoqaLog - Clicked on Form Card...
2025-07-28 12:43:21 [main] INFO  demoqaLog - Clicking on Practice Form...
2025-07-28 12:43:21 [main] INFO  demoqaLog - Clicked on Practice Form...
2025-07-28 12:43:21 [main] INFO  demoqaLog - Filling form for: Gene Femina
2025-07-28 12:43:21 [main] INFO  demoqaLog - Entering First Name...
2025-07-28 12:43:21 [main] INFO  demoqaLog - Entered First Name: Gene
Selected gender: Female
2025-07-28 12:43:22 [main] INFO  demoqaLog - Entering Date of Birth: 22-05-2002
Parsed DOB from Excel: 22-05-2002
2025-07-28 12:43:23 [main] INFO  demoqaLog - Typed full subject: Accounting
Typing subject: Accounting
Dropdown Option: Accounting
Selected: Accounting
Selected hobby: music
Selected hobby: reading
Uploaded photo: C:\ASN\eclipse_workspace\demoqa-automation//TestData/Fphoto.png
512 Grant 481, Prattsville
 Arkansas 72129
 United States
2025-07-28 12:43:24 [main] INFO  demoqaLog - Entering Address...
2025-07-28 12:43:24 [main] INFO  demoqaLog - Entered Address...
2025-07-28 12:43:24 [main] INFO  demoqaLog - Selecting State: Uttar Pradesh
Available state option: NCR
Available state option: Uttar Pradesh
2025-07-28 12:43:25 [main] INFO  demoqaLog - Selected State: Uttar Pradesh
2025-07-28 12:43:25 [main] INFO  demoqaLog - Selecting City: Merrut
Available city: Agra
Available city: Lucknow
Available city: Merrut
2025-07-28 12:43:25 [main] INFO  demoqaLog - Selected City: Merrut
2025-07-28 12:43:25 [main] INFO  demoqaLog - Submitting Form...
2025-07-28 12:43:26 [main] INFO  demoqaLog - Form Submitted via normal click...
2025-07-28 12:43:26 [main] INFO  demoqaLog - Test Form Filling Completed...
]]></system-out>
  </testcase>
  <testcase name="fillForm[models.UserFormData@505d2bac](3)" classname="tests.FormTests" time="4.162">
    <system-out><![CDATA[Path for Screenshot is: C:\ASN\eclipse_workspace\demoqa-automation/screenshots/fillForm Passed+2025-07-28_12-43-26.png
2025-07-28 12:43:26 [main] INFO  demoqaLog - Closing the Browser...
2025-07-28 12:43:26 [main] INFO  demoqaLog - Starting Web Browser...
2025-07-28 12:43:27 [main] INFO  demoqaLog - Navigating to demoqa.com Website
2025-07-28 12:43:31 [main] INFO  demoqaLog - Starting Form Filling Test...
2025-07-28 12:43:31 [main] INFO  demoqaLog - Accessing Form Card...
2025-07-28 12:43:31 [main] INFO  demoqaLog - Clicking on Form Card...
2025-07-28 12:43:31 [main] INFO  demoqaLog - Clicked on Form Card...
2025-07-28 12:43:31 [main] INFO  demoqaLog - Clicking on Practice Form...
2025-07-28 12:43:31 [main] INFO  demoqaLog - Clicked on Practice Form...
2025-07-28 12:43:31 [main] INFO  demoqaLog - Filling form for: Bud Wisem
2025-07-28 12:43:31 [main] INFO  demoqaLog - Entering First Name...
2025-07-28 12:43:32 [main] INFO  demoqaLog - Entered First Name: Bud
Selected gender: Other
2025-07-28 12:43:32 [main] INFO  demoqaLog - Entering Date of Birth: 31-12-1999
Parsed DOB from Excel: 31-12-1999
2025-07-28 12:43:33 [main] INFO  demoqaLog - Typed full subject: Biology
Typing subject: Biology
Dropdown Option: Biology
Selected: Biology
Selected hobby: reading
Uploaded photo: C:\ASN\eclipse_workspace\demoqa-automation//TestData/Ophoto.jpg
513 Grant 481, Prattsville
 Arkansas 72129
 United States
2025-07-28 12:43:34 [main] INFO  demoqaLog - Entering Address...
2025-07-28 12:43:34 [main] INFO  demoqaLog - Entered Address...
2025-07-28 12:43:34 [main] INFO  demoqaLog - Selecting State: Haryana
Available state option: NCR
Available state option: Uttar Pradesh
Available state option: Haryana
2025-07-28 12:43:34 [main] INFO  demoqaLog - Selected State: Haryana
2025-07-28 12:43:34 [main] INFO  demoqaLog - Selecting City: Panipat
Available city: Karnal
Available city: Panipat
2025-07-28 12:43:35 [main] INFO  demoqaLog - Selected City: Panipat
2025-07-28 12:43:35 [main] INFO  demoqaLog - Submitting Form...
2025-07-28 12:43:35 [main] INFO  demoqaLog - Form Submitted via normal click...
2025-07-28 12:43:35 [main] INFO  demoqaLog - Test Form Filling Completed...
]]></system-out>
  </testcase>
  <testcase name="fillForm[models.UserFormData@16cf7fd0](4)" classname="tests.FormTests" time="4.194">
    <system-out><![CDATA[Path for Screenshot is: C:\ASN\eclipse_workspace\demoqa-automation/screenshots/fillForm Passed+2025-07-28_12-43-35.png
2025-07-28 12:43:36 [main] INFO  demoqaLog - Closing the Browser...
2025-07-28 12:43:36 [main] INFO  demoqaLog - Starting Web Browser...
2025-07-28 12:43:37 [main] INFO  demoqaLog - Navigating to demoqa.com Website
2025-07-28 12:43:47 [main] INFO  demoqaLog - Starting Form Filling Test...
2025-07-28 12:43:47 [main] INFO  demoqaLog - Accessing Form Card...
2025-07-28 12:43:47 [main] INFO  demoqaLog - Clicking on Form Card...
2025-07-28 12:43:47 [main] INFO  demoqaLog - Clicked on Form Card...
2025-07-28 12:43:47 [main] INFO  demoqaLog - Clicking on Practice Form...
2025-07-28 12:43:47 [main] INFO  demoqaLog - Clicked on Practice Form...
2025-07-28 12:43:47 [main] INFO  demoqaLog - Filling form for: Tom Boss
2025-07-28 12:43:47 [main] INFO  demoqaLog - Entering First Name...
2025-07-28 12:43:47 [main] INFO  demoqaLog - Entered First Name: Tom
Selected gender: Male
2025-07-28 12:43:48 [main] INFO  demoqaLog - Entering Date of Birth: 26-01-2003
Parsed DOB from Excel: 26-01-2003
2025-07-28 12:43:49 [main] INFO  demoqaLog - Typed full subject: Social Studies
Typing subject: Social Studies
Dropdown Option: Social Studies
Selected: Social Studies
Selected hobby: sports
Selected hobby: reading
Uploaded photo: C:\ASN\eclipse_workspace\demoqa-automation//TestData/M2photo.jpg
514 Grant 481, Prattsville
 Arkansas 72129
 United States
2025-07-28 12:43:50 [main] INFO  demoqaLog - Entering Address...
2025-07-28 12:43:50 [main] INFO  demoqaLog - Entered Address...
2025-07-28 12:43:50 [main] INFO  demoqaLog - Selecting State: Rajasthan
Available state option: NCR
Available state option: Uttar Pradesh
Available state option: Haryana
Available state option: Rajasthan
2025-07-28 12:43:50 [main] INFO  demoqaLog - Selected State: Rajasthan
2025-07-28 12:43:50 [main] INFO  demoqaLog - Selecting City: Jaiselmer
Available city: Jaipur
Available city: Jaiselmer
2025-07-28 12:43:50 [main] INFO  demoqaLog - Selected City: Jaiselmer
2025-07-28 12:43:50 [main] INFO  demoqaLog - Submitting Form...
2025-07-28 12:43:51 [main] INFO  demoqaLog - Form Submitted via normal click...
2025-07-28 12:43:51 [main] INFO  demoqaLog - Test Form Filling Completed...
]]></system-out>
  </testcase>
</testsuite>