<?xml version="1.0" encoding="UTF-8"?>
<testsuite xmlns:xsi="http://www.w3.org/2001/XMLSchema-instance" xsi:noNamespaceSchemaLocation="https://maven.apache.org/surefire/maven-surefire-plugin/xsd/surefire-test-report-3.0.xsd" version="3.0" name="TestSuite" time="3837.791" tests="123" errors="0" skipped="0" failures="1">
  <properties>
[...]
</properties>
  <testcase name="accessAlertsFrameWindows" classname="tests.AlertsFramesWindowsTests" time="0.295">
    <system-out><![CDATA[2025-09-11T05:23:54.335219100Z main INFO Starting configuration XmlConfiguration[location=C:\ASN\eclipse_workspace\demoqa-automation\target\classes\log4j2.xml, lastModified=2025-09-11T04:15:37.379Z]...
2025-09-11T05:23:54.337228900Z main INFO Start watching for changes to C:\ASN\eclipse_workspace\demoqa-automation\target\classes\log4j2.xml every 0 seconds
2025-09-11T05:23:54.337228900Z main INFO Configuration XmlConfiguration[location=C:\ASN\eclipse_workspace\demoqa-automation\target\classes\log4j2.xml, lastModified=2025-09-11T04:15:37.379Z] started.
2025-09-11T05:23:54.342717100Z main INFO Stopping configuration org.apache.logging.log4j.core.config.DefaultConfiguration@46cdf8bd...
2025-09-11T05:23:54.343718400Z main INFO Configuration org.apache.logging.log4j.core.config.DefaultConfiguration@46cdf8bd stopped.
2025-09-11 10:53:54 [main] INFO  DriverFactory - 🌐 Starting Chrome Web Browser...
2025-09-11 10:53:54 [main] INFO  DriverFactory - ✅ Created temporary Chrome profile at C:\Users\dell\AppData\Local\Temp\chrome-profile-2631430891394440598
2025-09-11 10:53:58 [main] INFO  DriverFactory - 🚀 WebDriver started successfully
2025-09-11 10:53:58 [main] INFO  RetryUrlAccess - Navigating to URL (attempt 1): https://demoqa.com
2025-09-11 10:54:07 [main] INFO  demoqaBase - 🧪 Starting Test Alerts, Frames & Windows...
2025-09-11 10:54:07 [main] INFO  demoqaBase - Accessing Alerts, Frame & Windows Card...
Declared Instance WebDriverWait: org.openqa.selenium.support.ui.WebDriverWait@39109136
2025-09-11 10:54:07 [main] INFO  demoqaLog - Clicking on Alert Frame & Windows Card...
2025-09-11 10:54:07 [main] INFO  demoqaLog - ✅ JS click executed on element: {}
2025-09-11 10:54:07 [main] INFO  demoqaLog - Clicked on on Alert Frame & Windows Card...
Title of this Page is: DEMOQA
You are Accessing: Alerts, Frame & Windows
2025-09-11 10:54:07 [main] INFO  demoqaBase - Alerts, Frame & Windows Card: Please select an item from left to start practice.
2025-09-11 10:54:07 [main] INFO  demoqaBase - ✅ Alerts, Frames & Windows Test Completed...
]]></system-out>
    <system-err><![CDATA[SLF4J(W): No SLF4J providers were found.
SLF4J(W): Defaulting to no-operation (NOP) logger implementation
SLF4J(W): See https://www.slf4j.org/codes.html#noProviders for further details.
]]></system-err>
  </testcase>
  <testcase name="browserWindows" classname="tests.AlertsFramesWindowsTests" time="0.376">
    <system-out><![CDATA[2025-09-11 10:54:07 [main] INFO  demoqaBase - Closing browser for test: accessAlertsFrameWindows
2025-09-11 10:54:07 [main] INFO  DriverFactory - 🌐 Starting Chrome Web Browser...
2025-09-11 10:54:07 [main] INFO  DriverFactory - ✅ Created temporary Chrome profile at C:\Users\dell\AppData\Local\Temp\chrome-profile-17980169666463915584
2025-09-11 10:54:08 [main] INFO  DriverFactory - 🚀 WebDriver started successfully
2025-09-11 10:54:08 [main] INFO  RetryUrlAccess - Navigating to URL (attempt 1): https://demoqa.com
2025-09-11 10:54:22 [main] INFO  demoqaBase - 🧪 Starting Test Alerts, Frames & Windows...
2025-09-11 10:54:22 [main] INFO  demoqaBase - Accessing Alerts, Frame & Windows Card...
Declared Instance WebDriverWait: org.openqa.selenium.support.ui.WebDriverWait@7a5b769b
2025-09-11 10:54:22 [main] INFO  demoqaLog - Clicking on Alert Frame & Windows Card...
2025-09-11 10:54:22 [main] INFO  demoqaLog - ✅ JS click executed on element: {}
2025-09-11 10:54:22 [main] INFO  demoqaLog - Clicked on on Alert Frame & Windows Card...
Title of this Page is: DEMOQA
You are Accessing: Alerts, Frame & Windows
2025-09-11 10:54:22 [main] INFO  demoqaBase - Alerts, Frame & Windows Card: Please select an item from left to start practice.
2025-09-11 10:54:22 [main] INFO  demoqaBase - Clicking on Alerts, Frame & Windows Card|Browser Windows...
You are now Accessing: Browser Windows
2025-09-11 10:54:22 [main] INFO  demoqaBase - You are now Accessing: Browser Windows
2025-09-11 10:54:22 [main] INFO  demoqaBase - ✅ Alerts, Frames & Windows|Browser Windows Test Completed...
]]></system-out>
  </testcase>
  <testcase name="browserWindowsNewTab" classname="tests.AlertsFramesWindowsTests" time="0.812">
    <system-out><![CDATA[2025-09-11 10:54:22 [main] INFO  demoqaBase - Closing browser for test: browserWindows
2025-09-11 10:54:22 [main] INFO  DriverFactory - 🌐 Starting Chrome Web Browser...
2025-09-11 10:54:22 [main] INFO  DriverFactory - ✅ Created temporary Chrome profile at C:\Users\dell\AppData\Local\Temp\chrome-profile-3322646372339989689
2025-09-11 10:54:23 [main] INFO  DriverFactory - 🚀 WebDriver started successfully
2025-09-11 10:54:23 [main] INFO  RetryUrlAccess - Navigating to URL (attempt 1): https://demoqa.com
2025-09-11 10:54:39 [main] INFO  demoqaBase - 🧪 Starting Test Alerts, Frames & Windows|New Tab...
2025-09-11 10:54:39 [main] INFO  demoqaBase - Accessing Alerts, Frame & Windows Card...
Declared Instance WebDriverWait: org.openqa.selenium.support.ui.WebDriverWait@1640c151
2025-09-11 10:54:39 [main] INFO  demoqaLog - Clicking on Alert Frame & Windows Card...
2025-09-11 10:54:39 [main] INFO  demoqaLog - ✅ JS click executed on element: {}
2025-09-11 10:54:39 [main] INFO  demoqaLog - Clicked on on Alert Frame & Windows Card...
Title of this Page is: DEMOQA
You are Accessing: Alerts, Frame & Windows
2025-09-11 10:54:39 [main] INFO  demoqaBase - Alerts, Frame & Windows Card: Please select an item from left to start practice.
2025-09-11 10:54:39 [main] INFO  demoqaBase - Clicking on Alerts, Frame & Windows Card|Browser Windows...
You are now Accessing: Browser Windows
2025-09-11 10:54:40 [main] INFO  demoqaBase - You are now Accessing: Browser Windows
2025-09-11 10:54:40 [main] INFO  demoqaBase - Initiating New Tab click sequence...
2025-09-11 10:54:40 [main] INFO  demoqaBase - Clicked New Tab button
2025-09-11 10:54:40 [main] INFO  demoqaBase - Switched to new tab: AFA58B8994DB835DB8BD8C7B006424D0
2025-09-11 10:54:40 [main] INFO  demoqaBase - New tab content: 'This is a sample page'
You are now accessing: This is a sample page
2025-09-11 10:54:40 [main] INFO  demoqaBase - ✅ Alerts, Frames & Windows|Browser Windows|New Tab Test Completed...
]]></system-out>
  </testcase>
  <testcase name="browserWindowsNewWindow" classname="tests.AlertsFramesWindowsTests" time="0.832">
    <system-out><![CDATA[2025-09-11 10:54:40 [main] INFO  demoqaBase - Closing browser for test: browserWindowsNewTab
2025-09-11 10:54:40 [main] INFO  DriverFactory - 🌐 Starting Chrome Web Browser...
2025-09-11 10:54:40 [main] INFO  DriverFactory - ✅ Created temporary Chrome profile at C:\Users\dell\AppData\Local\Temp\chrome-profile-1909337307592822583
2025-09-11 10:54:41 [main] INFO  DriverFactory - 🚀 WebDriver started successfully
2025-09-11 10:54:41 [main] INFO  RetryUrlAccess - Navigating to URL (attempt 1): https://demoqa.com
2025-09-11 10:54:57 [main] INFO  demoqaBase - 🧪 Starting Test Alerts, Frames & Windows|New Window...
2025-09-11 10:54:57 [main] INFO  demoqaBase - Accessing Alerts, Frame & Windows Card...
Declared Instance WebDriverWait: org.openqa.selenium.support.ui.WebDriverWait@23eff5d1
2025-09-11 10:54:57 [main] INFO  demoqaLog - Clicking on Alert Frame & Windows Card...
2025-09-11 10:54:57 [main] INFO  demoqaLog - ✅ JS click executed on element: {}
2025-09-11 10:54:57 [main] INFO  demoqaLog - Clicked on on Alert Frame & Windows Card...
Title of this Page is: DEMOQA
You are Accessing: Alerts, Frame & Windows
2025-09-11 10:54:57 [main] INFO  demoqaBase - Alerts, Frame & Windows Card: Please select an item from left to start practice.
2025-09-11 10:54:57 [main] INFO  demoqaBase - Clicking on Alerts, Frame & Windows Card|Browser Windows...
You are now Accessing: Browser Windows
2025-09-11 10:54:57 [main] INFO  demoqaBase - You are now Accessing: Browser Windows
2025-09-11 10:54:57 [main] INFO  demoqaBase - Initiating New Window click sequence...
2025-09-11 10:54:57 [main] INFO  demoqaBase - Clicked New Window button
2025-09-11 10:54:57 [main] INFO  demoqaBase - Switched to new tab: 3C0031601B5193758B02176ACABB0FB8
2025-09-11 10:54:57 [main] INFO  demoqaBase - New tab content: 'This is a sample page'
You are now accessing: This is a sample page
2025-09-11 10:54:57 [main] INFO  demoqaBase - ✅ Alerts, Frames & Windows|Browser Windows|New Window Test Completed...
]]></system-out>
  </testcase>
  <testcase name="browserWindowsNewWindowMsg" classname="tests.AlertsFramesWindowsTests" time="0.796">
    <system-out><![CDATA[2025-09-11 10:54:57 [main] INFO  demoqaBase - Closing browser for test: browserWindowsNewWindow
2025-09-11 10:54:58 [main] INFO  DriverFactory - 🌐 Starting Chrome Web Browser...
2025-09-11 10:54:58 [main] INFO  DriverFactory - ✅ Created temporary Chrome profile at C:\Users\dell\AppData\Local\Temp\chrome-profile-10170443571891155924
2025-09-11 10:55:00 [main] INFO  DriverFactory - 🚀 WebDriver started successfully
2025-09-11 10:55:00 [main] INFO  RetryUrlAccess - Navigating to URL (attempt 1): https://demoqa.com
2025-09-11 10:55:11 [main] INFO  demoqaBase - 🧪 Starting Test Alerts, Frames & Windows|New Window Message...
2025-09-11 10:55:11 [main] INFO  demoqaBase - Accessing Alerts, Frame & Windows Card...
Declared Instance WebDriverWait: org.openqa.selenium.support.ui.WebDriverWait@14ef2482
2025-09-11 10:55:11 [main] INFO  demoqaLog - Clicking on Alert Frame & Windows Card...
2025-09-11 10:55:11 [main] INFO  demoqaLog - ✅ JS click executed on element: {}
2025-09-11 10:55:11 [main] INFO  demoqaLog - Clicked on on Alert Frame & Windows Card...
Title of this Page is: DEMOQA
You are Accessing: Alerts, Frame & Windows
2025-09-11 10:55:11 [main] INFO  demoqaBase - Alerts, Frame & Windows Card: Please select an item from left to start practice.
2025-09-11 10:55:11 [main] INFO  demoqaBase - Clicking on Alerts, Frame & Windows Card|Browser Windows...
You are now Accessing: Browser Windows
2025-09-11 10:55:11 [main] INFO  demoqaBase - You are now Accessing: Browser Windows
2025-09-11 10:55:11 [main] INFO  demoqaBase - 🔍 Starting 'New Window Message' click sequence...
2025-09-11 10:55:11 [main] INFO  demoqaLog - ✅ JS click executed on element: {}
2025-09-11 10:55:11 [main] INFO  demoqaBase - 🔀 Switched to new window: 38E33FBFBF59BD2F75B033DD6224FA66
2025-09-11 10:55:11 [main] INFO  demoqaBase - ✅ Verified new popup window opened successfully.
2025-09-11 10:55:11 [main] INFO  demoqaBase - ↩️ Switched back to original window: B5107C7098F98BF4436CAD8F964ABB2D
2025-09-11 10:55:11 [main] INFO  demoqaBase - ✅ 'New Window Message' flow completed successfully.
2025-09-11 10:55:11 [main] INFO  demoqaBase - ✅ Alerts, Frames & Windows|Browser Windows|New Window Message Test Completed...
]]></system-out>
  </testcase>
  <testcase name="ClickAlerts" classname="tests.AlertsFramesWindowsTests" time="0.393">
    <system-out><![CDATA[2025-09-11 10:55:11 [main] INFO  demoqaBase - Closing browser for test: browserWindowsNewWindowMsg
2025-09-11 10:55:12 [main] INFO  DriverFactory - 🌐 Starting Chrome Web Browser...
2025-09-11 10:55:12 [main] INFO  DriverFactory - ✅ Created temporary Chrome profile at C:\Users\dell\AppData\Local\Temp\chrome-profile-16277904033263801611
2025-09-11 10:55:13 [main] INFO  DriverFactory - 🚀 WebDriver started successfully
2025-09-11 10:55:13 [main] INFO  RetryUrlAccess - Navigating to URL (attempt 1): https://demoqa.com
2025-09-11 10:55:44 [main] INFO  demoqaBase - 🧪 Starting Test Alerts, Frames & Windows|New Window Message...
2025-09-11 10:55:44 [main] INFO  demoqaBase - Accessing Alerts, Frame & Windows Card...
Declared Instance WebDriverWait: org.openqa.selenium.support.ui.WebDriverWait@6c841199
2025-09-11 10:55:44 [main] INFO  demoqaLog - Clicking on Alert Frame & Windows Card...
2025-09-11 10:55:44 [main] INFO  demoqaLog - ✅ JS click executed on element: {}
2025-09-11 10:55:44 [main] INFO  demoqaLog - Clicked on on Alert Frame & Windows Card...
Title of this Page is: DEMOQA
You are Accessing: Alerts, Frame & Windows
2025-09-11 10:55:44 [main] INFO  demoqaBase - Alerts, Frame & Windows Card: Please select an item from left to start practice.
2025-09-11 10:55:44 [main] INFO  demoqaBase - 🔍 Starting test for Alerts click ..
2025-09-11 10:55:45 [main] INFO  demoqaLog - ✅ JS click executed on element: {}
2025-09-11 10:55:45 [main] INFO  demoqaBase - ✅ Clicked on Alerts...
2025-09-11 10:55:45 [main] INFO  demoqaBase - Page Title is: Alerts
2025-09-11 10:55:45 [main] INFO  demoqaBase - ✅ Alerts, Frames & Windows|Alerts Test Completed...
]]></system-out>
  </testcase>
  <testcase name="ClickToSeeAlerts" classname="tests.AlertsFramesWindowsTests" time="5.792">
    <system-out><![CDATA[2025-09-11 10:55:45 [main] INFO  demoqaBase - Closing browser for test: ClickAlerts
2025-09-11 10:55:45 [main] INFO  DriverFactory - 🌐 Starting Chrome Web Browser...
2025-09-11 10:55:45 [main] INFO  DriverFactory - ✅ Created temporary Chrome profile at C:\Users\dell\AppData\Local\Temp\chrome-profile-9246232422845323528
2025-09-11 10:55:46 [main] INFO  DriverFactory - 🚀 WebDriver started successfully
2025-09-11 10:55:46 [main] INFO  RetryUrlAccess - Navigating to URL (attempt 1): https://demoqa.com
2025-09-11 10:55:58 [main] INFO  demoqaBase - 🧪 Starting Test Alerts, Frames & Windows|Alerts|Click button to see Alert...
2025-09-11 10:55:58 [main] INFO  demoqaBase - Accessing Alerts, Frame & Windows Card...
Declared Instance WebDriverWait: org.openqa.selenium.support.ui.WebDriverWait@532e27ab
2025-09-11 10:55:58 [main] INFO  demoqaLog - Clicking on Alert Frame & Windows Card...
2025-09-11 10:55:59 [main] INFO  demoqaLog - ✅ JS click executed on element: {}
2025-09-11 10:55:59 [main] INFO  demoqaLog - Clicked on on Alert Frame & Windows Card...
Title of this Page is: DEMOQA
You are Accessing: Alerts, Frame & Windows
2025-09-11 10:55:59 [main] INFO  demoqaBase - Alerts, Frame & Windows Card: Please select an item from left to start practice.
2025-09-11 10:55:59 [main] INFO  demoqaBase - 🔍 Starting test for Alerts click ..
2025-09-11 10:55:59 [main] INFO  demoqaLog - ✅ JS click executed on element: {}
2025-09-11 10:55:59 [main] INFO  demoqaBase - ✅ Clicked on Alerts...
2025-09-11 10:55:59 [main] INFO  demoqaBase - Page Title is: Alerts
2025-09-11 10:55:59 [main] INFO  demoqaBase - 🔍 Starting test for On button click, alert will appear after 5 seconds...
2025-09-11 10:55:59 [main] INFO  demoqaLog - ✅ JS click executed on element: {}
2025-09-11 10:55:59 [main] INFO  demoqaBase - ✅ Clicked on Click Button to see Alert after 5 seconds...
2025-09-11 10:56:04 [main] INFO  demoqaBase - ✅ On button click, alert will appear after 5 seconds, message is: This alert appeared after 5 seconds
2025-09-11 10:56:04 [main] INFO  demoqaBase - ✅ Alerts, Frames & Windows|Alerts|Click button to see Alert Test Completed...
]]></system-out>
  </testcase>
  <testcase name="ClickAcceptConfirmationBox" classname="tests.AlertsFramesWindowsTests" time="0.754">
    <system-out><![CDATA[2025-09-11 10:56:04 [main] INFO  demoqaBase - Closing browser for test: ClickToSeeAlerts
2025-09-11 10:56:05 [main] INFO  DriverFactory - 🌐 Starting Chrome Web Browser...
2025-09-11 10:56:05 [main] INFO  DriverFactory - ✅ Created temporary Chrome profile at C:\Users\dell\AppData\Local\Temp\chrome-profile-3800513529214721590
2025-09-11 10:56:06 [main] INFO  DriverFactory - 🚀 WebDriver started successfully
2025-09-11 10:56:06 [main] INFO  RetryUrlAccess - Navigating to URL (attempt 1): https://demoqa.com
2025-09-11 10:56:20 [main] INFO  demoqaBase - 🧪 Starting Test Alerts, Frames & Windows|AlertsOn button click, confirm box will appear, Accept...
2025-09-11 10:56:20 [main] INFO  demoqaBase - Accessing Alerts, Frame & Windows Card...
Declared Instance WebDriverWait: org.openqa.selenium.support.ui.WebDriverWait@4a2e7bcb
2025-09-11 10:56:20 [main] INFO  demoqaLog - Clicking on Alert Frame & Windows Card...
2025-09-11 10:56:20 [main] INFO  demoqaLog - ✅ JS click executed on element: {}
2025-09-11 10:56:20 [main] INFO  demoqaLog - Clicked on on Alert Frame & Windows Card...
Title of this Page is: DEMOQA
You are Accessing: Alerts, Frame & Windows
2025-09-11 10:56:21 [main] INFO  demoqaBase - Alerts, Frame & Windows Card: Please select an item from left to start practice.
2025-09-11 10:56:21 [main] INFO  demoqaBase - 🔍 Starting test for Alerts click ..
2025-09-11 10:56:21 [main] INFO  demoqaLog - ✅ JS click executed on element: {}
2025-09-11 10:56:21 [main] INFO  demoqaBase - ✅ Clicked on Alerts...
2025-09-11 10:56:21 [main] INFO  demoqaBase - Page Title is: Alerts
2025-09-11 10:56:21 [main] INFO  demoqaBase - 🔍 Starting test for On button click, confirm box will appear, Accept...
2025-09-11 10:56:21 [main] INFO  demoqaLog - ✅ JS click executed on element: {}
2025-09-11 10:56:21 [main] INFO  demoqaBase - ✅ Clicked On button click, confirm box will appear, Accept...
2025-09-11 10:56:21 [main] INFO  demoqaBase - ✅ On button click, confirm box will appear, message is: Do you confirm action?
2025-09-11 10:56:21 [main] INFO  demoqaBase - ✅ Your Selection was: You selected Ok
2025-09-11 10:56:21 [main] INFO  demoqaBase - ✅ Alerts, Frames & Windows|Alerts|On button click, confirm box will appear, Accept Test Completed...
]]></system-out>
  </testcase>
  <testcase name="ClickDenyConfirmationBox" classname="tests.AlertsFramesWindowsTests" time="0.708">
    <system-out><![CDATA[2025-09-11 10:56:21 [main] INFO  demoqaBase - Closing browser for test: ClickAcceptConfirmationBox
2025-09-11 10:56:21 [main] INFO  DriverFactory - 🌐 Starting Chrome Web Browser...
2025-09-11 10:56:21 [main] INFO  DriverFactory - ✅ Created temporary Chrome profile at C:\Users\dell\AppData\Local\Temp\chrome-profile-17919789737242151914
2025-09-11 10:56:22 [main] INFO  DriverFactory - 🚀 WebDriver started successfully
2025-09-11 10:56:22 [main] INFO  RetryUrlAccess - Navigating to URL (attempt 1): https://demoqa.com
2025-09-11 10:56:58 [main] INFO  demoqaBase - 🧪 Starting Test Alerts, Frames & Windows|Alerts|On button click, confirm box will appear, Deny...
2025-09-11 10:56:58 [main] INFO  demoqaBase - Accessing Alerts, Frame & Windows Card...
Declared Instance WebDriverWait: org.openqa.selenium.support.ui.WebDriverWait@62cba181
2025-09-11 10:56:58 [main] INFO  demoqaLog - Clicking on Alert Frame & Windows Card...
2025-09-11 10:56:58 [main] INFO  demoqaLog - ✅ JS click executed on element: {}
2025-09-11 10:56:58 [main] INFO  demoqaLog - Clicked on on Alert Frame & Windows Card...
Title of this Page is: DEMOQA
You are Accessing: Alerts, Frame & Windows
2025-09-11 10:56:58 [main] INFO  demoqaBase - Alerts, Frame & Windows Card: Please select an item from left to start practice.
2025-09-11 10:56:58 [main] INFO  demoqaBase - 🔍 Starting test for Alerts click ..
2025-09-11 10:56:58 [main] INFO  demoqaLog - ✅ JS click executed on element: {}
2025-09-11 10:56:58 [main] INFO  demoqaBase - ✅ Clicked on Alerts...
2025-09-11 10:56:58 [main] INFO  demoqaBase - Page Title is: Alerts
2025-09-11 10:56:58 [main] INFO  demoqaBase - 🔍 Starting test for On button click, confirm box will appear, Deny...
2025-09-11 10:56:58 [main] INFO  demoqaLog - ✅ JS click executed on element: {}
2025-09-11 10:56:58 [main] INFO  demoqaBase - ✅ Clicked On button click, confirm box will appear, Deny...
2025-09-11 10:56:58 [main] INFO  demoqaBase - ✅ On button click, confirm box will appear, message is: Do you confirm action?
2025-09-11 10:56:58 [main] INFO  demoqaBase - ✅ Your Selection was: You selected Cancel
2025-09-11 10:56:58 [main] INFO  demoqaBase - ✅ Alerts, Frames & Windows|Alerts|On button click, confirm box will appear, Deny Test Completed...
]]></system-out>
  </testcase>
  <testcase name="ClickPromptBoxFill" classname="tests.AlertsFramesWindowsTests" time="0.616">
    <system-out><![CDATA[2025-09-11 10:56:58 [main] INFO  demoqaBase - Closing browser for test: ClickDenyConfirmationBox
2025-09-11 10:56:59 [main] INFO  DriverFactory - 🌐 Starting Chrome Web Browser...
2025-09-11 10:56:59 [main] INFO  DriverFactory - ✅ Created temporary Chrome profile at C:\Users\dell\AppData\Local\Temp\chrome-profile-2638953184590028471
2025-09-11 10:56:59 [main] INFO  DriverFactory - 🚀 WebDriver started successfully
2025-09-11 10:56:59 [main] INFO  RetryUrlAccess - Navigating to URL (attempt 1): https://demoqa.com
2025-09-11 10:57:16 [main] INFO  demoqaBase - 🧪 Starting Test Alerts, Frames & Windows|Alerts|On button click, prompt box will appear, Fill data...
2025-09-11 10:57:16 [main] INFO  demoqaBase - Accessing Alerts, Frame & Windows Card...
Declared Instance WebDriverWait: org.openqa.selenium.support.ui.WebDriverWait@2b73bd6b
2025-09-11 10:57:16 [main] INFO  demoqaLog - Clicking on Alert Frame & Windows Card...
2025-09-11 10:57:16 [main] INFO  demoqaLog - ✅ JS click executed on element: {}
2025-09-11 10:57:16 [main] INFO  demoqaLog - Clicked on on Alert Frame & Windows Card...
Title of this Page is: DEMOQA
You are Accessing: Alerts, Frame & Windows
2025-09-11 10:57:16 [main] INFO  demoqaBase - Alerts, Frame & Windows Card: Please select an item from left to start practice.
2025-09-11 10:57:16 [main] INFO  demoqaBase - 🔍 Starting test for Alerts click ..
2025-09-11 10:57:16 [main] INFO  demoqaLog - ✅ JS click executed on element: {}
2025-09-11 10:57:16 [main] INFO  demoqaBase - ✅ Clicked on Alerts...
2025-09-11 10:57:16 [main] INFO  demoqaBase - Page Title is: Alerts
2025-09-11 10:57:16 [main] INFO  demoqaBase - 🔍 Starting test for On button click, prompt box will appear, Fill data...
2025-09-11 10:57:16 [main] INFO  demoqaLog - ✅ JS click executed on element: {}
2025-09-11 10:57:16 [main] INFO  demoqaBase - ✅ Clicked On button click, prompt box will appear, Fill data...
2025-09-11 10:57:16 [main] INFO  demoqaBase - ✅ On button click, prompt box will appear, message is: Please enter your name
2025-09-11 10:57:17 [main] INFO  demoqaBase - ✅ Your Selection was: You entered Java Selenium
2025-09-11 10:57:17 [main] INFO  demoqaBase - ✅ Alerts, Frames & Windows|Alerts|On button click, prompt box will appear, Fill data Test Completed...
]]></system-out>
  </testcase>
  <testcase name="ClickFrames" classname="tests.AlertsFramesWindowsTests" time="0.446">
    <system-out><![CDATA[2025-09-11 10:57:17 [main] INFO  demoqaBase - Closing browser for test: ClickPromptBoxFill
2025-09-11 10:57:17 [main] INFO  DriverFactory - 🌐 Starting Chrome Web Browser...
2025-09-11 10:57:17 [main] INFO  DriverFactory - ✅ Created temporary Chrome profile at C:\Users\dell\AppData\Local\Temp\chrome-profile-5237763396822464139
2025-09-11 10:57:18 [main] INFO  DriverFactory - 🚀 WebDriver started successfully
2025-09-11 10:57:18 [main] INFO  RetryUrlAccess - Navigating to URL (attempt 1): https://demoqa.com
2025-09-11 10:57:37 [main] INFO  demoqaBase - 🧪 Starting Test Alerts, Frames & Windows|Frames...
2025-09-11 10:57:37 [main] INFO  demoqaBase - Accessing Alerts, Frame & Windows Card...
Declared Instance WebDriverWait: org.openqa.selenium.support.ui.WebDriverWait@59096b66
2025-09-11 10:57:37 [main] INFO  demoqaLog - Clicking on Alert Frame & Windows Card...
2025-09-11 10:57:37 [main] INFO  demoqaLog - ✅ JS click executed on element: {}
2025-09-11 10:57:37 [main] INFO  demoqaLog - Clicked on on Alert Frame & Windows Card...
Title of this Page is: DEMOQA
You are Accessing: Alerts, Frame & Windows
2025-09-11 10:57:37 [main] INFO  demoqaBase - Alerts, Frame & Windows Card: Please select an item from left to start practice.
2025-09-11 10:57:37 [main] INFO  demoqaBase - 🔍 Starting test for Frames click ..
2025-09-11 10:57:38 [main] INFO  demoqaLog - ✅ JS click executed on element: {}
2025-09-11 10:57:38 [main] INFO  demoqaBase - ✅ Clicked on Frames...
2025-09-11 10:57:38 [main] INFO  demoqaBase - Page Title is: Frames
2025-09-11 10:57:38 [main] INFO  demoqaBase - ✅ Alerts, Frames & Windows|Frames Test Completed...
]]></system-out>
  </testcase>
  <testcase name="GetFrame1" classname="tests.AlertsFramesWindowsTests" time="0.612">
    <system-out><![CDATA[2025-09-11 10:57:38 [main] INFO  demoqaBase - Closing browser for test: ClickFrames
2025-09-11 10:57:38 [main] INFO  DriverFactory - 🌐 Starting Chrome Web Browser...
2025-09-11 10:57:38 [main] INFO  DriverFactory - ✅ Created temporary Chrome profile at C:\Users\dell\AppData\Local\Temp\chrome-profile-17853320312858561223
2025-09-11 10:57:39 [main] INFO  DriverFactory - 🚀 WebDriver started successfully
2025-09-11 10:57:39 [main] INFO  RetryUrlAccess - Navigating to URL (attempt 1): https://demoqa.com
2025-09-11 10:57:54 [main] INFO  demoqaBase - 🧪 Starting Test Alerts, Frames & Windows|Frames|Frame1 message...
2025-09-11 10:57:54 [main] INFO  demoqaBase - Accessing Alerts, Frame & Windows Card...
Declared Instance WebDriverWait: org.openqa.selenium.support.ui.WebDriverWait@2fd1ad8a
2025-09-11 10:57:54 [main] INFO  demoqaLog - Clicking on Alert Frame & Windows Card...
2025-09-11 10:57:54 [main] INFO  demoqaLog - ✅ JS click executed on element: {}
2025-09-11 10:57:54 [main] INFO  demoqaLog - Clicked on on Alert Frame & Windows Card...
Title of this Page is: DEMOQA
You are Accessing: Alerts, Frame & Windows
2025-09-11 10:57:54 [main] INFO  demoqaBase - Alerts, Frame & Windows Card: Please select an item from left to start practice.
2025-09-11 10:57:54 [main] INFO  demoqaBase - 🔍 Starting test for Frames click ..
2025-09-11 10:57:54 [main] INFO  demoqaLog - ✅ JS click executed on element: {}
2025-09-11 10:57:54 [main] INFO  demoqaBase - ✅ Clicked on Frames...
2025-09-11 10:57:54 [main] INFO  demoqaBase - Page Title is: Frames
2025-09-11 10:57:54 [main] INFO  demoqaBase - 🔍 Starting test for Frames|Frame1 Message...
2025-09-11 10:57:54 [main] INFO  demoqaBase - ✅ Switched to Frame1...
2025-09-11 10:57:54 [main] INFO  demoqaBase - Frame1 contains: This is a sample page
2025-09-11 10:57:54 [main] INFO  demoqaBase - ✅ Alerts, Frames & Windows|Frames|Frame1 message Test Completed...
]]></system-out>
  </testcase>
  <testcase name="GetFrame2" classname="tests.AlertsFramesWindowsTests" time="1.239">
    <system-out><![CDATA[2025-09-11 10:57:54 [main] INFO  demoqaBase - Closing browser for test: GetFrame1
2025-09-11 10:57:54 [main] INFO  DriverFactory - 🌐 Starting Chrome Web Browser...
2025-09-11 10:57:54 [main] INFO  DriverFactory - ✅ Created temporary Chrome profile at C:\Users\dell\AppData\Local\Temp\chrome-profile-16266981543627628854
2025-09-11 10:57:55 [main] INFO  DriverFactory - 🚀 WebDriver started successfully
2025-09-11 10:57:55 [main] INFO  RetryUrlAccess - Navigating to URL (attempt 1): https://demoqa.com
2025-09-11 10:58:10 [main] INFO  demoqaBase - 🧪 Starting Test Alerts, Frames & Windows|Frames|Frame2 message...
2025-09-11 10:58:10 [main] INFO  demoqaBase - Accessing Alerts, Frame & Windows Card...
Declared Instance WebDriverWait: org.openqa.selenium.support.ui.WebDriverWait@454bcbbf
2025-09-11 10:58:10 [main] INFO  demoqaLog - Clicking on Alert Frame & Windows Card...
2025-09-11 10:58:10 [main] INFO  demoqaLog - ✅ JS click executed on element: {}
2025-09-11 10:58:10 [main] INFO  demoqaLog - Clicked on on Alert Frame & Windows Card...
Title of this Page is: DEMOQA
You are Accessing: Alerts, Frame & Windows
2025-09-11 10:58:10 [main] INFO  demoqaBase - Alerts, Frame & Windows Card: Please select an item from left to start practice.
2025-09-11 10:58:10 [main] INFO  demoqaBase - 🔍 Starting test for Frames click ..
2025-09-11 10:58:10 [main] INFO  demoqaLog - ✅ JS click executed on element: {}
2025-09-11 10:58:10 [main] INFO  demoqaBase - ✅ Clicked on Frames...
2025-09-11 10:58:10 [main] INFO  demoqaBase - Page Title is: Frames
2025-09-11 10:58:10 [main] INFO  demoqaBase - 🔍 Starting test for Frames|Frame2 Message...
2025-09-11 10:58:10 [main] INFO  demoqaBase - ✅ Switched to Frame2...
2025-09-11 10:58:11 [main] INFO  demoqaBase - Frame2 contains: This is a sample page
2025-09-11 10:58:11 [main] INFO  demoqaBase - ✅ Alerts, Frames & Windows|Frames|Frame2 message Test Completed...
]]></system-out>
  </testcase>
  <testcase name="ClickModalDialogs" classname="tests.AlertsFramesWindowsTests" time="0.416">
    <system-out><![CDATA[2025-09-11 10:58:11 [main] INFO  demoqaBase - Closing browser for test: GetFrame2
2025-09-11 10:58:11 [main] INFO  DriverFactory - 🌐 Starting Chrome Web Browser...
2025-09-11 10:58:11 [main] INFO  DriverFactory - ✅ Created temporary Chrome profile at C:\Users\dell\AppData\Local\Temp\chrome-profile-17369474388577856144
2025-09-11 10:58:12 [main] INFO  DriverFactory - 🚀 WebDriver started successfully
2025-09-11 10:58:12 [main] INFO  RetryUrlAccess - Navigating to URL (attempt 1): https://demoqa.com
2025-09-11 10:58:17 [main] INFO  demoqaBase - 🧪 Starting Test Alerts, Frames & Windows|Modal Dialogs...
2025-09-11 10:58:17 [main] INFO  demoqaBase - Accessing Alerts, Frame & Windows Card...
Declared Instance WebDriverWait: org.openqa.selenium.support.ui.WebDriverWait@b5d9f1e
2025-09-11 10:58:17 [main] INFO  demoqaLog - Clicking on Alert Frame & Windows Card...
2025-09-11 10:58:17 [main] INFO  demoqaLog - ✅ JS click executed on element: {}
2025-09-11 10:58:17 [main] INFO  demoqaLog - Clicked on on Alert Frame & Windows Card...
Title of this Page is: DEMOQA
You are Accessing: Alerts, Frame & Windows
2025-09-11 10:58:17 [main] INFO  demoqaBase - Alerts, Frame & Windows Card: Please select an item from left to start practice.
2025-09-11 10:58:17 [main] INFO  demoqaBase - 🔍 Starting test for Frames|Modal Dialogs click ..
2025-09-11 10:58:17 [main] INFO  demoqaLog - ✅ JS click executed on element: {}
2025-09-11 10:58:17 [main] INFO  demoqaBase - ✅ Clicked on Modal Dialogs...
2025-09-11 10:58:17 [main] INFO  demoqaBase - Page Title is: Modal Dialogs
2025-09-11 10:58:17 [main] INFO  demoqaBase - ✅ Alerts, Frames & Windows|Modal Dialogs Test Completed...
]]></system-out>
  </testcase>
  <testcase name="ClickNestedFrames" classname="tests.AlertsFramesWindowsTests" time="0.369">
    <system-out><![CDATA[2025-09-11 10:58:17 [main] INFO  demoqaBase - Closing browser for test: ClickModalDialogs
2025-09-11 10:58:17 [main] INFO  DriverFactory - 🌐 Starting Chrome Web Browser...
2025-09-11 10:58:17 [main] INFO  DriverFactory - ✅ Created temporary Chrome profile at C:\Users\dell\AppData\Local\Temp\chrome-profile-15348633574003943322
2025-09-11 10:58:18 [main] INFO  DriverFactory - 🚀 WebDriver started successfully
2025-09-11 10:58:18 [main] INFO  RetryUrlAccess - Navigating to URL (attempt 1): https://demoqa.com
2025-09-11 10:58:35 [main] INFO  demoqaBase - 🧪 Starting Test Alerts, Frames & Windows|Nested Frames...
2025-09-11 10:58:35 [main] INFO  demoqaBase - Accessing Alerts, Frame & Windows Card...
Declared Instance WebDriverWait: org.openqa.selenium.support.ui.WebDriverWait@7a1371
2025-09-11 10:58:35 [main] INFO  demoqaLog - Clicking on Alert Frame & Windows Card...
2025-09-11 10:58:35 [main] INFO  demoqaLog - ✅ JS click executed on element: {}
2025-09-11 10:58:35 [main] INFO  demoqaLog - Clicked on on Alert Frame & Windows Card...
Title of this Page is: DEMOQA
You are Accessing: Alerts, Frame & Windows
2025-09-11 10:58:35 [main] INFO  demoqaBase - Alerts, Frame & Windows Card: Please select an item from left to start practice.
2025-09-11 10:58:35 [main] INFO  demoqaBase - 🔍 Starting test for Frames|Nested Frames click ..
2025-09-11 10:58:35 [main] INFO  demoqaLog - ✅ JS click executed on element: {}
2025-09-11 10:58:35 [main] INFO  demoqaBase - ✅ Clicked on Nested Frames...
2025-09-11 10:58:35 [main] INFO  demoqaBase - Page Title is: Nested Frames
2025-09-11 10:58:35 [main] INFO  demoqaBase - ✅ Alerts, Frames & Windows|Nested Frames Test Completed...
]]></system-out>
  </testcase>
  <testcase name="ClickLargeModal" classname="tests.AlertsFramesWindowsTests" time="0.899">
    <system-out><![CDATA[2025-09-11 10:58:35 [main] INFO  demoqaBase - Closing browser for test: ClickNestedFrames
2025-09-11 10:58:35 [main] INFO  DriverFactory - 🌐 Starting Chrome Web Browser...
2025-09-11 10:58:35 [main] INFO  DriverFactory - ✅ Created temporary Chrome profile at C:\Users\dell\AppData\Local\Temp\chrome-profile-10989762840322692527
2025-09-11 10:58:36 [main] INFO  DriverFactory - 🚀 WebDriver started successfully
2025-09-11 10:58:36 [main] INFO  RetryUrlAccess - Navigating to URL (attempt 1): https://demoqa.com
2025-09-11 10:58:45 [main] INFO  demoqaBase - 🧪 Starting Test Alerts, Frames & Windows|Modal Dialogs|Large Modal...
2025-09-11 10:58:45 [main] INFO  demoqaBase - Accessing Alerts, Frame & Windows Card...
Declared Instance WebDriverWait: org.openqa.selenium.support.ui.WebDriverWait@6e5f5478
2025-09-11 10:58:45 [main] INFO  demoqaLog - Clicking on Alert Frame & Windows Card...
2025-09-11 10:58:45 [main] INFO  demoqaLog - ✅ JS click executed on element: {}
2025-09-11 10:58:45 [main] INFO  demoqaLog - Clicked on on Alert Frame & Windows Card...
Title of this Page is: DEMOQA
You are Accessing: Alerts, Frame & Windows
2025-09-11 10:58:45 [main] INFO  demoqaBase - Alerts, Frame & Windows Card: Please select an item from left to start practice.
2025-09-11 10:58:45 [main] INFO  demoqaBase - 🔍 Starting test for Frames|Modal Dialogs click ..
2025-09-11 10:58:45 [main] INFO  demoqaLog - ✅ JS click executed on element: {}
2025-09-11 10:58:45 [main] INFO  demoqaBase - ✅ Clicked on Modal Dialogs...
2025-09-11 10:58:45 [main] INFO  demoqaBase - Page Title is: Modal Dialogs
2025-09-11 10:58:45 [main] INFO  demoqaBase - 🔍 Starting test for Frames|Modal Dialogs|Large Modal click...
2025-09-11 10:58:45 [main] INFO  demoqaLog - ✅ JS click executed on element: {}
2025-09-11 10:58:45 [main] INFO  demoqaBase - ✅ Clicked on Modal Dialogs|Large Modal...
2025-09-11 10:58:45 [main] INFO  demoqaBase - Page Title is: Large Modal
2025-09-11 10:58:45 [main] INFO  demoqaBase - Large Modal Body Contains: Lorem Ipsum is simply dummy text of the printing and typesetting industry. Lorem Ipsum has been the industry's standard dummy text ever since the 1500s, when an unknown printer took a galley of type and scrambled it to make a type specimen book. It has survived not only five centuries, but also the leap into electronic typesetting, remaining essentially unchanged. It was popularised in the 1960s with the release of Letraset sheets containing Lorem Ipsum passages, and more recently with desktop publishing software like Aldus PageMaker including versions of Lorem Ipsum.
2025-09-11 10:58:46 [main] INFO  demoqaLog - ✅ JS click executed on element: {}
2025-09-11 10:58:46 [main] INFO  demoqaBase - ✅ Alerts, Frames & Windows|Modal Dialogs|Large Modal click Test Completed...
]]></system-out>
  </testcase>
  <testcase name="ClickSmallModal" classname="tests.AlertsFramesWindowsTests" time="0.84">
    <system-out><![CDATA[2025-09-11 10:58:46 [main] INFO  demoqaBase - Closing browser for test: ClickLargeModal
2025-09-11 10:58:46 [main] INFO  DriverFactory - 🌐 Starting Chrome Web Browser...
2025-09-11 10:58:46 [main] INFO  DriverFactory - ✅ Created temporary Chrome profile at C:\Users\dell\AppData\Local\Temp\chrome-profile-3195478923838379465
2025-09-11 10:58:47 [main] INFO  DriverFactory - 🚀 WebDriver started successfully
2025-09-11 10:58:47 [main] INFO  RetryUrlAccess - Navigating to URL (attempt 1): https://demoqa.com
2025-09-11 10:59:03 [main] INFO  demoqaBase - 🧪 Starting Test Alerts, Frames & Windows|Modal Dialogs|Small Modal...
2025-09-11 10:59:03 [main] INFO  demoqaBase - Accessing Alerts, Frame & Windows Card...
Declared Instance WebDriverWait: org.openqa.selenium.support.ui.WebDriverWait@36238b12
2025-09-11 10:59:03 [main] INFO  demoqaLog - Clicking on Alert Frame & Windows Card...
2025-09-11 10:59:03 [main] INFO  demoqaLog - ✅ JS click executed on element: {}
2025-09-11 10:59:03 [main] INFO  demoqaLog - Clicked on on Alert Frame & Windows Card...
Title of this Page is: DEMOQA
You are Accessing: Alerts, Frame & Windows
2025-09-11 10:59:03 [main] INFO  demoqaBase - Alerts, Frame & Windows Card: Please select an item from left to start practice.
2025-09-11 10:59:03 [main] INFO  demoqaBase - 🔍 Starting test for Frames|Modal Dialogs click ..
2025-09-11 10:59:03 [main] INFO  demoqaLog - ✅ JS click executed on element: {}
2025-09-11 10:59:03 [main] INFO  demoqaBase - ✅ Clicked on Modal Dialogs...
2025-09-11 10:59:03 [main] INFO  demoqaBase - Page Title is: Modal Dialogs
2025-09-11 10:59:03 [main] INFO  demoqaBase - 🔍 Starting test for Frames|Modal Dialogs|Small Modal click...
2025-09-11 10:59:03 [main] INFO  demoqaLog - ✅ JS click executed on element: {}
2025-09-11 10:59:03 [main] INFO  demoqaBase - ✅ Clicked on Modal Dialogs|Small Modal...
2025-09-11 10:59:03 [main] INFO  demoqaBase - Page Title is: Small Modal
2025-09-11 10:59:03 [main] INFO  demoqaBase - Small Modal Body Contains: This is a small modal. It has very less content
2025-09-11 10:59:04 [main] INFO  demoqaLog - ✅ JS click executed on element: {}
2025-09-11 10:59:04 [main] INFO  demoqaBase - ✅ Alerts, Frames & Windows|Modal Dialogs|Small Modal click Test Completed...
]]></system-out>
  </testcase>
  <testcase name="GetParentFrame" classname="tests.AlertsFramesWindowsTests" time="3.508">
    <system-out><![CDATA[2025-09-11 10:59:04 [main] INFO  demoqaBase - Closing browser for test: ClickSmallModal
2025-09-11 10:59:04 [main] INFO  DriverFactory - 🌐 Starting Chrome Web Browser...
2025-09-11 10:59:04 [main] INFO  DriverFactory - ✅ Created temporary Chrome profile at C:\Users\dell\AppData\Local\Temp\chrome-profile-1879525980836737566
2025-09-11 10:59:05 [main] INFO  DriverFactory - 🚀 WebDriver started successfully
2025-09-11 10:59:05 [main] INFO  RetryUrlAccess - Navigating to URL (attempt 1): https://demoqa.com
2025-09-11 10:59:18 [main] INFO  demoqaBase - 🧪 Starting Test Alerts, Frames & Windows|Frames|Parent Frame message...
2025-09-11 10:59:18 [main] INFO  demoqaBase - Accessing Alerts, Frame & Windows Card...
Declared Instance WebDriverWait: org.openqa.selenium.support.ui.WebDriverWait@fd87c22
2025-09-11 10:59:18 [main] INFO  demoqaLog - Clicking on Alert Frame & Windows Card...
2025-09-11 10:59:18 [main] INFO  demoqaLog - ✅ JS click executed on element: {}
2025-09-11 10:59:18 [main] INFO  demoqaLog - Clicked on on Alert Frame & Windows Card...
Title of this Page is: DEMOQA
You are Accessing: Alerts, Frame & Windows
2025-09-11 10:59:18 [main] INFO  demoqaBase - Alerts, Frame & Windows Card: Please select an item from left to start practice.
2025-09-11 10:59:18 [main] INFO  demoqaBase - 🔍 Starting test for Frames|Nested Frames click ..
2025-09-11 10:59:18 [main] INFO  demoqaLog - ✅ JS click executed on element: {}
2025-09-11 10:59:18 [main] INFO  demoqaBase - ✅ Clicked on Nested Frames...
2025-09-11 10:59:18 [main] INFO  demoqaBase - Page Title is: Nested Frames
2025-09-11 10:59:18 [main] INFO  demoqaBase - 🔍 Starting test for Frames|Parent Frame Message...
2025-09-11 10:59:21 [main] INFO  demoqaBase - After switching, frame body contains: [Parent frame]
2025-09-11 10:59:21 [main] INFO  demoqaBase - ✅ Alerts, Frames & Windows|Frames|Parent Frame message Test Completed...
]]></system-out>
  </testcase>
  <testcase name="GetChildFrame" classname="tests.AlertsFramesWindowsTests" time="0.699">
    <system-out><![CDATA[2025-09-11 10:59:21 [main] INFO  demoqaBase - Closing browser for test: GetParentFrame
2025-09-11 10:59:22 [main] INFO  DriverFactory - 🌐 Starting Chrome Web Browser...
2025-09-11 10:59:22 [main] INFO  DriverFactory - ✅ Created temporary Chrome profile at C:\Users\dell\AppData\Local\Temp\chrome-profile-15473604490646118258
2025-09-11 10:59:23 [main] INFO  DriverFactory - 🚀 WebDriver started successfully
2025-09-11 10:59:23 [main] INFO  RetryUrlAccess - Navigating to URL (attempt 1): https://demoqa.com
2025-09-11 10:59:35 [main] INFO  demoqaBase - 🧪 Starting Test Alerts, Frames & Windows|Frames|Child Frame message...
2025-09-11 10:59:35 [main] INFO  demoqaBase - Accessing Alerts, Frame & Windows Card...
Declared Instance WebDriverWait: org.openqa.selenium.support.ui.WebDriverWait@3cad24ae
2025-09-11 10:59:35 [main] INFO  demoqaLog - Clicking on Alert Frame & Windows Card...
2025-09-11 10:59:35 [main] INFO  demoqaLog - ✅ JS click executed on element: {}
2025-09-11 10:59:35 [main] INFO  demoqaLog - Clicked on on Alert Frame & Windows Card...
Title of this Page is: DEMOQA
You are Accessing: Alerts, Frame & Windows
2025-09-11 10:59:35 [main] INFO  demoqaBase - Alerts, Frame & Windows Card: Please select an item from left to start practice.
2025-09-11 10:59:35 [main] INFO  demoqaBase - 🔍 Starting test for Frames|Nested Frames click ..
2025-09-11 10:59:35 [main] INFO  demoqaLog - ✅ JS click executed on element: {}
2025-09-11 10:59:35 [main] INFO  demoqaBase - ✅ Clicked on Nested Frames...
2025-09-11 10:59:35 [main] INFO  demoqaBase - Page Title is: Nested Frames
2025-09-11 10:59:35 [main] INFO  demoqaBase - 🔍 Starting test for Frames|Child Frame Message...
2025-09-11 10:59:35 [main] INFO  demoqaBase - After switching, frame body contains: [Child Iframe]
2025-09-11 10:59:35 [main] INFO  demoqaBase - ✅ Alerts, Frames & Windows|Frames|Child Frame message Test Completed...
]]></system-out>
  </testcase>
  <testcase name="ElementsCard" classname="tests.ElementsTests" time="0.36">
    <system-out><![CDATA[2025-09-11 10:59:35 [main] INFO  demoqaBase - Closing browser for test: GetChildFrame
2025-09-11 10:59:36 [main] INFO  DriverFactory - 🌐 Starting Chrome Web Browser...
2025-09-11 10:59:36 [main] INFO  DriverFactory - ✅ Created temporary Chrome profile at C:\Users\dell\AppData\Local\Temp\chrome-profile-12197142085921159439
2025-09-11 10:59:37 [main] INFO  DriverFactory - 🚀 WebDriver started successfully
2025-09-11 10:59:37 [main] INFO  RetryUrlAccess - Navigating to URL (attempt 1): https://demoqa.com
2025-09-11 10:59:44 [main] INFO  demoqaBase - 🧪 Starting Test Elements | Text Box Test...
Instance Variables Declared are: nullnull
2025-09-11 10:59:44 [main] INFO  demoqaBase - Accessing Elements Card...
2025-09-11 10:59:44 [main] INFO  demoqaLog - Clicking on Elements Card...
2025-09-11 10:59:44 [main] WARN  demoqaLog - ⚠️ JS click failed, falling back to native click. Reason: {}
2025-09-11 10:59:44 [main] INFO  demoqaLog - ✅ Native click succeeded on element: {}
2025-09-11 10:59:44 [main] INFO  demoqaLog - Clicked on Elements Card...
Title of this Page is: DEMOQA
You are Accessing: Elements
 
Elements: Please select an item from left to start practice.
2025-09-11 10:59:44 [main] INFO  demoqaBase - Elements: Please select an item from left to start practice.
Title of this Page is: DEMOQA
2025-09-11 10:59:44 [main] INFO  demoqaBase - ✅ Element Card Test Completed...
]]></system-out>
  </testcase>
  <testcase name="TextBox[TextBoxUser{firstName=&apos;Johny&apos;, lastName=&apos;Bravo&apos;, email=&apos;Jbravo@demoqa.com&apos;, currentAddress=&apos;301 Town 481, Brookville\n kansas 42129\n United States&apos;, permanentAddress=&apos;511 Grant 481, Prattsville\n Arkansas 72129\n United States&apos;}](1)" classname="tests.ElementsTests" time="2.544">
    <system-out><![CDATA[2025-09-11 10:59:44 [main] INFO  demoqaBase - Closing browser for test: ElementsCard
2025-09-11 10:59:44 [main] WARN  PauseManager - ⏸ Pausing for 5 minutes after 20 tests...
2025-09-11 10:59:44 [main] INFO  PauseManager - ▶ Resuming in 5 minutes...
2025-09-11 11:00:45 [main] INFO  PauseManager - ▶ Resuming in 4 minutes...
2025-09-11 11:01:45 [main] INFO  PauseManager - ▶ Resuming in 3 minutes...
2025-09-11 11:02:46 [main] INFO  PauseManager - ▶ Resuming in 2 minutes...
2025-09-11 11:03:46 [main] INFO  PauseManager - ▶ Resuming in 1 minutes...
2025-09-11 11:04:37 [main] INFO  PauseManager - ▶ Resuming in 10 seconds...
2025-09-11 11:04:38 [main] INFO  PauseManager - ▶ Resuming in 9 seconds...
2025-09-11 11:04:39 [main] INFO  PauseManager - ▶ Resuming in 8 seconds...
2025-09-11 11:04:40 [main] INFO  PauseManager - ▶ Resuming in 7 seconds...
2025-09-11 11:04:41 [main] INFO  PauseManager - ▶ Resuming in 6 seconds...
2025-09-11 11:04:42 [main] INFO  PauseManager - ▶ Resuming in 5 seconds...
2025-09-11 11:04:43 [main] INFO  PauseManager - ▶ Resuming in 4 seconds...
2025-09-11 11:04:44 [main] INFO  PauseManager - ▶ Resuming in 3 seconds...
2025-09-11 11:04:45 [main] INFO  PauseManager - ▶ Resuming in 2 seconds...
2025-09-11 11:04:46 [main] INFO  PauseManager - ▶ Resuming in 1 seconds...
2025-09-11 11:04:47 [main] INFO  PauseManager - ✅ Pause complete. Resuming tests...
🧾 Row 1: {Salary=28000.0, Email=Jbravo@demoqa.com, Address=511 Grant 481, Prattsville\n Arkansas 72129\n United States, First Name=Johny, Gender=Male, City=Delhi, Mobile=9.238343488E9, Hobbies=Sports,Music, Subject=Computer Science, Current Address=301 Town 481, Brookville\n kansas 42129\n United States, Department=Information Technology, DOB=15/08/2000, Picture=/TestData/Mphoto.jpg, State=NCR, Last Name=Bravo, Age=34.0}
🔍 Mapping field: firstName | Excel Column: First Name | Value: Johny
🔍 Mapping field: lastName | Excel Column: Last Name | Value: Bravo
🔍 Mapping field: email | Excel Column: Email | Value: Jbravo@demoqa.com
🔍 Mapping field: currentAddress | Excel Column: Current Address | Value: 301 Town 481, Brookville\n kansas 42129\n United States
🔍 Mapping field: permanentAddress | Excel Column: Address | Value: 511 Grant 481, Prattsville\n Arkansas 72129\n United States
🧾 Row 2: {Salary=18000.0, Email=GFemina@demoqa.com, Address=512 Grant 481, Prattsville\n Arkansas 72129\n United States, First Name=Gene, Gender=Female, City=Merrut, Mobile=1.888343432E9, Hobbies=Music,Reading, Subject=Accounting, Current Address=302 Town 481, Brookville\n kansas 42129\n United States, Department=Finance, DOB=22/05/2002, Picture=/TestData/Fphoto.png, State=Uttar Pradesh, Last Name=Femina, Age=30.0}
🔍 Mapping field: firstName | Excel Column: First Name | Value: Gene
🔍 Mapping field: lastName | Excel Column: Last Name | Value: Femina
🔍 Mapping field: email | Excel Column: Email | Value: GFemina@demoqa.com
🔍 Mapping field: currentAddress | Excel Column: Current Address | Value: 302 Town 481, Brookville\n kansas 42129\n United States
🔍 Mapping field: permanentAddress | Excel Column: Address | Value: 512 Grant 481, Prattsville\n Arkansas 72129\n United States
🧾 Row 3: {Salary=15000.0, Email=BWisem@demoqa.com, Address=513 Grant 481, Prattsville\n Arkansas 72129\n United States, First Name=Bud, Gender=Other, City=Panipat, Mobile=8.932465432E9, Hobbies=Reading, Subject=Biology, Current Address=303 Town 481, Brookville\n kansas 42129\n United States, Department=Medicine, DOB=31/12/1999, Picture=/TestData/Ophoto.jpg, State=Haryana, Last Name=Wisem, Age=40.0}
🔍 Mapping field: firstName | Excel Column: First Name | Value: Bud
🔍 Mapping field: lastName | Excel Column: Last Name | Value: Wisem
🔍 Mapping field: email | Excel Column: Email | Value: BWisem@demoqa.com
🔍 Mapping field: currentAddress | Excel Column: Current Address | Value: 303 Town 481, Brookville\n kansas 42129\n United States
🔍 Mapping field: permanentAddress | Excel Column: Address | Value: 513 Grant 481, Prattsville\n Arkansas 72129\n United States
🧾 Row 4: {Salary=19000.0, Email=TBoss@demoqa.com, Address=514 Grant 481, Prattsville\n Arkansas 72129\n United States, First Name=Tom, Gender=Male, City=Jaiselmer, Mobile=7.839875281E9, Hobbies=Sports,Reading, Subject=Social Studies, Current Address=304 Town 481, Brookville\n kansas 42129\n United States, Department=Recreation, DOB=1/26/03, Picture=/TestData/M2photo.jpg, State=Rajasthan, Last Name=Boss, Age=42.0}
🔍 Mapping field: firstName | Excel Column: First Name | Value: Tom
🔍 Mapping field: lastName | Excel Column: Last Name | Value: Boss
🔍 Mapping field: email | Excel Column: Email | Value: TBoss@demoqa.com
🔍 Mapping field: currentAddress | Excel Column: Current Address | Value: 304 Town 481, Brookville\n kansas 42129\n United States
🔍 Mapping field: permanentAddress | Excel Column: Address | Value: 514 Grant 481, Prattsville\n Arkansas 72129\n United States
2025-09-11 11:04:48 [main] INFO  DriverFactory - 🌐 Starting Chrome Web Browser...
2025-09-11 11:04:48 [main] INFO  DriverFactory - ✅ Created temporary Chrome profile at C:\Users\dell\AppData\Local\Temp\chrome-profile-2811982012169944947
2025-09-11 11:04:49 [main] INFO  DriverFactory - 🚀 WebDriver started successfully
2025-09-11 11:04:49 [main] INFO  RetryUrlAccess - Navigating to URL (attempt 1): https://demoqa.com
2025-09-11 11:05:01 [main] INFO  demoqaBase - 🧪 Starting Test Elements | Text Box Test...
Instance Variables Declared are: nullnull
2025-09-11 11:05:01 [main] INFO  demoqaBase - Accessing Elements Card...
2025-09-11 11:05:01 [main] INFO  demoqaLog - Clicking on Elements Card...
2025-09-11 11:05:01 [main] WARN  demoqaLog - ⚠️ JS click failed, falling back to native click. Reason: {}
2025-09-11 11:05:02 [main] INFO  demoqaLog - ✅ Native click succeeded on element: {}
2025-09-11 11:05:02 [main] INFO  demoqaLog - Clicked on Elements Card...
Title of this Page is: DEMOQA
You are Accessing: Elements
 
Elements: Please select an item from left to start practice.
2025-09-11 11:05:02 [main] INFO  demoqaBase - Elements: Please select an item from left to start practice.
2025-09-11 11:05:02 [main] INFO  demoqaBase - Accessing Text Box...
Text Box
2025-09-11 11:05:02 [main] INFO  demoqaBase - You are accessing: Text Box
2025-09-11 11:05:02 [main] INFO  demoqaBase - 📝 Filling TextBox form for user: Johny Bravo
2025-09-11 11:05:04 [main] INFO  demoqaBase - ✅ Form filled successfully for: Johny Bravo
2025-09-11 11:05:04 [main] INFO  demoqaLog - ✅ JS click executed on element: {}
2025-09-11 11:05:04 [main] INFO  demoqaBase - 🔍 Validating submitted form for: Johny Bravo
2025-09-11 11:05:04 [main] INFO  demoqaBase - ✅ Validation passed for user: Johny Bravo
2025-09-11 11:05:04 [main] INFO  demoqaBase - ✅ Text Box Element Test Completed...
]]></system-out>
  </testcase>
  <testcase name="TextBox[TextBoxUser{firstName=&apos;Gene&apos;, lastName=&apos;Femina&apos;, email=&apos;GFemina@demoqa.com&apos;, currentAddress=&apos;302 Town 481, Brookville\n kansas 42129\n United States&apos;, permanentAddress=&apos;512 Grant 481, Prattsville\n Arkansas 72129\n United States&apos;}](2)" classname="tests.ElementsTests" time="2.514">
    <system-out><![CDATA[Path for Screenshot is: C:\ASN\eclipse_workspace\demoqa-automation/screenshots/TextBox_Passed_20250911_110504+2025-09-11_11-05-04.png
2025-09-11 11:05:04 [main] INFO  demoqaBase - ✅ Test TextBox passed. Screenshot captured.
2025-09-11 11:05:04 [main] INFO  demoqaBase - Closing browser for test: TextBox
2025-09-11 11:05:05 [main] INFO  DriverFactory - 🌐 Starting Chrome Web Browser...
2025-09-11 11:05:05 [main] INFO  DriverFactory - ✅ Created temporary Chrome profile at C:\Users\dell\AppData\Local\Temp\chrome-profile-7732990790358517807
2025-09-11 11:05:09 [main] INFO  DriverFactory - 🚀 WebDriver started successfully
2025-09-11 11:05:09 [main] INFO  RetryUrlAccess - Navigating to URL (attempt 1): https://demoqa.com
2025-09-11 11:05:13 [main] INFO  demoqaBase - 🧪 Starting Test Elements | Text Box Test...
Instance Variables Declared are: nullnull
2025-09-11 11:05:13 [main] INFO  demoqaBase - Accessing Elements Card...
2025-09-11 11:05:13 [main] INFO  demoqaLog - Clicking on Elements Card...
2025-09-11 11:05:13 [main] WARN  demoqaLog - ⚠️ JS click failed, falling back to native click. Reason: {}
2025-09-11 11:05:14 [main] INFO  demoqaLog - ✅ Native click succeeded on element: {}
2025-09-11 11:05:14 [main] INFO  demoqaLog - Clicked on Elements Card...
Title of this Page is: DEMOQA
You are Accessing: Elements
 
Elements: Please select an item from left to start practice.
2025-09-11 11:05:14 [main] INFO  demoqaBase - Elements: Please select an item from left to start practice.
2025-09-11 11:05:14 [main] INFO  demoqaBase - Accessing Text Box...
Text Box
2025-09-11 11:05:14 [main] INFO  demoqaBase - You are accessing: Text Box
2025-09-11 11:05:14 [main] INFO  demoqaBase - 📝 Filling TextBox form for user: Gene Femina
2025-09-11 11:05:16 [main] INFO  demoqaBase - ✅ Form filled successfully for: Gene Femina
2025-09-11 11:05:16 [main] INFO  demoqaLog - ✅ JS click executed on element: {}
2025-09-11 11:05:16 [main] INFO  demoqaBase - 🔍 Validating submitted form for: Gene Femina
2025-09-11 11:05:16 [main] INFO  demoqaBase - ✅ Validation passed for user: Gene Femina
2025-09-11 11:05:16 [main] INFO  demoqaBase - ✅ Text Box Element Test Completed...
]]></system-out>
  </testcase>
  <testcase name="TextBox[TextBoxUser{firstName=&apos;Bud&apos;, lastName=&apos;Wisem&apos;, email=&apos;BWisem@demoqa.com&apos;, currentAddress=&apos;303 Town 481, Brookville\n kansas 42129\n United States&apos;, permanentAddress=&apos;513 Grant 481, Prattsville\n Arkansas 72129\n United States&apos;}](3)" classname="tests.ElementsTests" time="1.733">
    <system-out><![CDATA[Path for Screenshot is: C:\ASN\eclipse_workspace\demoqa-automation/screenshots/TextBox_Passed_20250911_110516+2025-09-11_11-05-16.png
2025-09-11 11:05:16 [main] INFO  demoqaBase - ✅ Test TextBox passed. Screenshot captured.
2025-09-11 11:05:16 [main] INFO  demoqaBase - Closing browser for test: TextBox
2025-09-11 11:05:17 [main] INFO  DriverFactory - 🌐 Starting Chrome Web Browser...
2025-09-11 11:05:17 [main] INFO  DriverFactory - ✅ Created temporary Chrome profile at C:\Users\dell\AppData\Local\Temp\chrome-profile-3132865180833982338
2025-09-11 11:05:18 [main] INFO  DriverFactory - 🚀 WebDriver started successfully
2025-09-11 11:05:18 [main] INFO  RetryUrlAccess - Navigating to URL (attempt 1): https://demoqa.com
2025-09-11 11:05:28 [main] INFO  demoqaBase - 🧪 Starting Test Elements | Text Box Test...
Instance Variables Declared are: nullnull
2025-09-11 11:05:28 [main] INFO  demoqaBase - Accessing Elements Card...
2025-09-11 11:05:28 [main] INFO  demoqaLog - Clicking on Elements Card...
2025-09-11 11:05:28 [main] WARN  demoqaLog - ⚠️ JS click failed, falling back to native click. Reason: {}
2025-09-11 11:05:28 [main] INFO  demoqaLog - ✅ Native click succeeded on element: {}
2025-09-11 11:05:28 [main] INFO  demoqaLog - Clicked on Elements Card...
Title of this Page is: DEMOQA
You are Accessing: Elements
 
Elements: Please select an item from left to start practice.
2025-09-11 11:05:28 [main] INFO  demoqaBase - Elements: Please select an item from left to start practice.
2025-09-11 11:05:28 [main] INFO  demoqaBase - Accessing Text Box...
Text Box
2025-09-11 11:05:28 [main] INFO  demoqaBase - You are accessing: Text Box
2025-09-11 11:05:28 [main] INFO  demoqaBase - 📝 Filling TextBox form for user: Bud Wisem
2025-09-11 11:05:29 [main] INFO  demoqaBase - ✅ Form filled successfully for: Bud Wisem
2025-09-11 11:05:29 [main] INFO  demoqaLog - ✅ JS click executed on element: {}
2025-09-11 11:05:29 [main] INFO  demoqaBase - 🔍 Validating submitted form for: Bud Wisem
2025-09-11 11:05:29 [main] INFO  demoqaBase - ✅ Validation passed for user: Bud Wisem
2025-09-11 11:05:29 [main] INFO  demoqaBase - ✅ Text Box Element Test Completed...
]]></system-out>
  </testcase>
  <testcase name="TextBox[TextBoxUser{firstName=&apos;Tom&apos;, lastName=&apos;Boss&apos;, email=&apos;TBoss@demoqa.com&apos;, currentAddress=&apos;304 Town 481, Brookville\n kansas 42129\n United States&apos;, permanentAddress=&apos;514 Grant 481, Prattsville\n Arkansas 72129\n United States&apos;}](4)" classname="tests.ElementsTests" time="2.229">
    <system-out><![CDATA[Path for Screenshot is: C:\ASN\eclipse_workspace\demoqa-automation/screenshots/TextBox_Passed_20250911_110529+2025-09-11_11-05-29.png
2025-09-11 11:05:30 [main] INFO  demoqaBase - ✅ Test TextBox passed. Screenshot captured.
2025-09-11 11:05:30 [main] INFO  demoqaBase - Closing browser for test: TextBox
2025-09-11 11:05:30 [main] INFO  DriverFactory - 🌐 Starting Chrome Web Browser...
2025-09-11 11:05:30 [main] INFO  DriverFactory - ✅ Created temporary Chrome profile at C:\Users\dell\AppData\Local\Temp\chrome-profile-4327989597174816346
2025-09-11 11:05:31 [main] INFO  DriverFactory - 🚀 WebDriver started successfully
2025-09-11 11:05:31 [main] INFO  RetryUrlAccess - Navigating to URL (attempt 1): https://demoqa.com
2025-09-11 11:05:44 [main] INFO  demoqaBase - 🧪 Starting Test Elements | Text Box Test...
Instance Variables Declared are: nullnull
2025-09-11 11:05:44 [main] INFO  demoqaBase - Accessing Elements Card...
2025-09-11 11:05:44 [main] INFO  demoqaLog - Clicking on Elements Card...
2025-09-11 11:05:44 [main] WARN  demoqaLog - ⚠️ JS click failed, falling back to native click. Reason: {}
2025-09-11 11:05:44 [main] INFO  demoqaLog - ✅ Native click succeeded on element: {}
2025-09-11 11:05:44 [main] INFO  demoqaLog - Clicked on Elements Card...
Title of this Page is: DEMOQA
You are Accessing: Elements
 
Elements: Please select an item from left to start practice.
2025-09-11 11:05:44 [main] INFO  demoqaBase - Elements: Please select an item from left to start practice.
2025-09-11 11:05:44 [main] INFO  demoqaBase - Accessing Text Box...
Text Box
2025-09-11 11:05:45 [main] INFO  demoqaBase - You are accessing: Text Box
2025-09-11 11:05:45 [main] INFO  demoqaBase - 📝 Filling TextBox form for user: Tom Boss
2025-09-11 11:05:46 [main] INFO  demoqaBase - ✅ Form filled successfully for: Tom Boss
2025-09-11 11:05:46 [main] INFO  demoqaLog - ✅ JS click executed on element: {}
2025-09-11 11:05:46 [main] INFO  demoqaBase - 🔍 Validating submitted form for: Tom Boss
2025-09-11 11:05:46 [main] INFO  demoqaBase - ✅ Validation passed for user: Tom Boss
2025-09-11 11:05:46 [main] INFO  demoqaBase - ✅ Text Box Element Test Completed...
]]></system-out>
  </testcase>
  <testcase name="CheckBox" classname="tests.ElementsTests" time="0.804">
    <system-out><![CDATA[Path for Screenshot is: C:\ASN\eclipse_workspace\demoqa-automation/screenshots/TextBox_Passed_20250911_110546+2025-09-11_11-05-46.png
2025-09-11 11:05:46 [main] INFO  demoqaBase - ✅ Test TextBox passed. Screenshot captured.
2025-09-11 11:05:46 [main] INFO  demoqaBase - Closing browser for test: TextBox
2025-09-11 11:05:47 [main] INFO  DriverFactory - 🌐 Starting Chrome Web Browser...
2025-09-11 11:05:47 [main] INFO  DriverFactory - ✅ Created temporary Chrome profile at C:\Users\dell\AppData\Local\Temp\chrome-profile-5007449365517455296
2025-09-11 11:05:48 [main] INFO  DriverFactory - 🚀 WebDriver started successfully
2025-09-11 11:05:48 [main] INFO  RetryUrlAccess - Navigating to URL (attempt 1): https://demoqa.com
2025-09-11 11:06:03 [main] INFO  demoqaBase - 🧪 Starting Test Elements | Check Box Test...
Instance Variables Declared are: nullnull
2025-09-11 11:06:03 [main] INFO  demoqaBase - Accessing Elements Card...
2025-09-11 11:06:03 [main] INFO  demoqaLog - Clicking on Elements Card...
2025-09-11 11:06:04 [main] WARN  demoqaLog - ⚠️ JS click failed, falling back to native click. Reason: {}
2025-09-11 11:06:04 [main] INFO  demoqaLog - ✅ Native click succeeded on element: {}
2025-09-11 11:06:04 [main] INFO  demoqaLog - Clicked on Elements Card...
Title of this Page is: DEMOQA
You are Accessing: Elements
 
Elements: Please select an item from left to start practice.
2025-09-11 11:06:04 [main] INFO  demoqaBase - Elements: Please select an item from left to start practice.
2025-09-11 11:06:04 [main] INFO  demoqaBase - Accessing Check Box...
Check Box
2025-09-11 11:06:04 [main] INFO  demoqaBase - You are accessing: Check Box
2025-09-11 11:06:04 [main] INFO  demoqaBase - ✅ Test Elements | Check Box Test Test Completed...
]]></system-out>
  </testcase>
  <testcase name="SelectingHomeCheckBox" classname="tests.ElementsTests" time="0.91">
    <system-out><![CDATA[2025-09-11 11:06:04 [main] INFO  demoqaBase - Closing browser for test: CheckBox
2025-09-11 11:06:05 [main] INFO  DriverFactory - 🌐 Starting Chrome Web Browser...
2025-09-11 11:06:05 [main] INFO  DriverFactory - ✅ Created temporary Chrome profile at C:\Users\dell\AppData\Local\Temp\chrome-profile-1065910323373242105
2025-09-11 11:06:06 [main] INFO  DriverFactory - 🚀 WebDriver started successfully
2025-09-11 11:06:06 [main] INFO  RetryUrlAccess - Navigating to URL (attempt 1): https://demoqa.com
2025-09-11 11:06:21 [main] INFO  demoqaBase - 🧪 Starting Test Elements | Selecting Home Check Box Test...
Instance Variables Declared are: nullnull
2025-09-11 11:06:21 [main] INFO  demoqaBase - Accessing Elements Card...
2025-09-11 11:06:21 [main] INFO  demoqaLog - Clicking on Elements Card...
2025-09-11 11:06:21 [main] WARN  demoqaLog - ⚠️ JS click failed, falling back to native click. Reason: {}
2025-09-11 11:06:21 [main] INFO  demoqaLog - ✅ Native click succeeded on element: {}
2025-09-11 11:06:21 [main] INFO  demoqaLog - Clicked on Elements Card...
Title of this Page is: DEMOQA
You are Accessing: Elements
 
Elements: Please select an item from left to start practice.
2025-09-11 11:06:22 [main] INFO  demoqaBase - Elements: Please select an item from left to start practice.
2025-09-11 11:06:22 [main] INFO  demoqaBase - Accessing Check Box...
Check Box
2025-09-11 11:06:22 [main] INFO  demoqaBase - You are accessing: Check Box
2025-09-11 11:06:22 [main] INFO  demoqaBase - Selecting Home Check Box...
Information Submitted is: You have selected :
home
desktop
notes
commands
documents
workspace
react
angular
veu
office
public
private
classified
general
downloads
wordFile
excelFile
2025-09-11 11:06:22 [main] INFO  demoqaBase - You have Selected: You have selected :
home
desktop
notes
commands
documents
workspace
react
angular
veu
office
public
private
classified
general
downloads
wordFile
excelFile
2025-09-11 11:06:22 [main] INFO  demoqaBase - ✅ Elements | Selecting Home Test Completed...
]]></system-out>
  </testcase>
  <testcase name="SelectingDesktopCheckBox" classname="tests.ElementsTests" time="1.43">
    <system-out><![CDATA[2025-09-11 11:06:22 [main] INFO  demoqaBase - Closing browser for test: SelectingHomeCheckBox
2025-09-11 11:06:22 [main] INFO  DriverFactory - 🌐 Starting Chrome Web Browser...
2025-09-11 11:06:22 [main] INFO  DriverFactory - ✅ Created temporary Chrome profile at C:\Users\dell\AppData\Local\Temp\chrome-profile-10860888486707592323
2025-09-11 11:06:24 [main] INFO  DriverFactory - 🚀 WebDriver started successfully
2025-09-11 11:06:24 [main] INFO  RetryUrlAccess - Navigating to URL (attempt 1): https://demoqa.com
2025-09-11 11:06:37 [main] INFO  demoqaBase - 🧪 Starting Test Elements | Selecting Desktop Check Box Test...
Instance Variables Declared are: nullnull
2025-09-11 11:06:37 [main] INFO  demoqaBase - Accessing Elements Card...
2025-09-11 11:06:37 [main] INFO  demoqaLog - Clicking on Elements Card...
2025-09-11 11:06:37 [main] WARN  demoqaLog - ⚠️ JS click failed, falling back to native click. Reason: {}
2025-09-11 11:06:37 [main] INFO  demoqaLog - ✅ Native click succeeded on element: {}
2025-09-11 11:06:37 [main] INFO  demoqaLog - Clicked on Elements Card...
Title of this Page is: DEMOQA
You are Accessing: Elements
 
Elements: Please select an item from left to start practice.
2025-09-11 11:06:38 [main] INFO  demoqaBase - Elements: Please select an item from left to start practice.
2025-09-11 11:06:38 [main] INFO  demoqaBase - Accessing Check Box...
Check Box
2025-09-11 11:06:38 [main] INFO  demoqaBase - You are accessing: Check Box
2025-09-11 11:06:38 [main] INFO  demoqaBase - Clicking on Home Toggle Button...
2025-09-11 11:06:38 [main] INFO  demoqaBase - Selecting Deskstop Check Box...
Information Submitted is: You have selected :
desktop
notes
commands
2025-09-11 11:06:38 [main] INFO  demoqaBase - You have Selected: You have selected :
desktop
notes
commands
2025-09-11 11:06:38 [main] INFO  demoqaBase - ✅ Elements | Home | Desktop Test Completed...
]]></system-out>
  </testcase>
  <testcase name="SelectingNotesCommandsClick" classname="tests.ElementsTests" time="1.685">
    <system-out><![CDATA[2025-09-11 11:06:38 [main] INFO  demoqaBase - Closing browser for test: SelectingDesktopCheckBox
2025-09-11 11:06:39 [main] INFO  DriverFactory - 🌐 Starting Chrome Web Browser...
2025-09-11 11:06:39 [main] INFO  DriverFactory - ✅ Created temporary Chrome profile at C:\Users\dell\AppData\Local\Temp\chrome-profile-6941195679468744798
2025-09-11 11:06:40 [main] INFO  DriverFactory - 🚀 WebDriver started successfully
2025-09-11 11:06:40 [main] INFO  RetryUrlAccess - Navigating to URL (attempt 1): https://demoqa.com
2025-09-11 11:06:45 [main] INFO  demoqaBase - 🧪 Starting Test Elements | Selecting Desktop| Notes & Commands Check Box Test...
Instance Variables Declared are: nullnull
2025-09-11 11:06:45 [main] INFO  demoqaBase - Accessing Elements Card...
2025-09-11 11:06:45 [main] INFO  demoqaLog - Clicking on Elements Card...
2025-09-11 11:06:45 [main] WARN  demoqaLog - ⚠️ JS click failed, falling back to native click. Reason: {}
2025-09-11 11:06:45 [main] INFO  demoqaLog - ✅ Native click succeeded on element: {}
2025-09-11 11:06:45 [main] INFO  demoqaLog - Clicked on Elements Card...
Title of this Page is: DEMOQA
You are Accessing: Elements
 
Elements: Please select an item from left to start practice.
2025-09-11 11:06:45 [main] INFO  demoqaBase - Elements: Please select an item from left to start practice.
2025-09-11 11:06:45 [main] INFO  demoqaBase - Accessing Check Box...
Check Box
2025-09-11 11:06:46 [main] INFO  demoqaBase - You are accessing: Check Box
2025-09-11 11:06:46 [main] INFO  demoqaBase - Clicking on Home Toggle Button...
2025-09-11 11:06:46 [main] INFO  demoqaLog - ✅ JS click executed on element: {}
2025-09-11 11:06:46 [main] INFO  demoqaBase - Clicking on Desktop Toggle Button...
2025-09-11 11:06:46 [main] INFO  demoqaBase - Clicking on Notes Button...
2025-09-11 11:06:46 [main] INFO  demoqaBase - Clicking on Commands Button...
2025-09-11 11:06:46 [main] INFO  demoqaBase - Selected Notes & Commands...
Information Submitted is: You have selected :
desktop
notes
commands
2025-09-11 11:06:46 [main] INFO  demoqaBase - You have Selected: You have selected :
desktop
notes
commands
2025-09-11 11:06:46 [main] INFO  demoqaBase - ✅ Elements | Home | Desktop | Notes & Commands Completed...
]]></system-out>
  </testcase>
  <testcase name="SelectingDocumentsCheckBox" classname="tests.ElementsTests" time="1.194">
    <system-out><![CDATA[2025-09-11 11:06:46 [main] INFO  demoqaBase - Closing browser for test: SelectingNotesCommandsClick
2025-09-11 11:06:47 [main] INFO  DriverFactory - 🌐 Starting Chrome Web Browser...
2025-09-11 11:06:47 [main] INFO  DriverFactory - ✅ Created temporary Chrome profile at C:\Users\dell\AppData\Local\Temp\chrome-profile-8208178297821625223
2025-09-11 11:06:48 [main] INFO  DriverFactory - 🚀 WebDriver started successfully
2025-09-11 11:06:48 [main] INFO  RetryUrlAccess - Navigating to URL (attempt 1): https://demoqa.com
2025-09-11 11:07:22 [main] INFO  demoqaBase - 🧪 Starting Test Elements | Selecting Documents Check Box Test...
Instance Variables Declared are: nullnull
2025-09-11 11:07:22 [main] INFO  demoqaBase - Accessing Elements Card...
2025-09-11 11:07:22 [main] INFO  demoqaLog - Clicking on Elements Card...
2025-09-11 11:07:22 [main] WARN  demoqaLog - ⚠️ JS click failed, falling back to native click. Reason: {}
2025-09-11 11:07:22 [main] INFO  demoqaLog - ✅ Native click succeeded on element: {}
2025-09-11 11:07:22 [main] INFO  demoqaLog - Clicked on Elements Card...
Title of this Page is: DEMOQA
You are Accessing: Elements
 
Elements: Please select an item from left to start practice.
2025-09-11 11:07:22 [main] INFO  demoqaBase - Elements: Please select an item from left to start practice.
2025-09-11 11:07:22 [main] INFO  demoqaBase - Accessing Check Box...
Check Box
2025-09-11 11:07:23 [main] INFO  demoqaBase - You are accessing: Check Box
2025-09-11 11:07:23 [main] INFO  demoqaBase - Clicking on Home Toggle Button...
2025-09-11 11:07:23 [main] INFO  demoqaBase - Selecting Documents Check Box...
2025-09-11 11:07:23 [main] INFO  demoqaBase - Selected Documents Check Box...
Information Submitted is: You have selected :
documents
workspace
react
angular
veu
office
public
private
classified
general
2025-09-11 11:07:23 [main] INFO  demoqaBase - You have Selected: You have selected :
documents
workspace
react
angular
veu
office
public
private
classified
general
2025-09-11 11:07:23 [main] INFO  demoqaBase - ✅ Test Elements | Selecting Documents Check Box Test Completed...
]]></system-out>
  </testcase>
  <testcase name="SelectingWorkSpace" classname="tests.ElementsTests" time="1.271">
    <system-out><![CDATA[2025-09-11 11:07:23 [main] INFO  demoqaBase - Closing browser for test: SelectingDocumentsCheckBox
2025-09-11 11:07:24 [main] INFO  DriverFactory - 🌐 Starting Chrome Web Browser...
2025-09-11 11:07:24 [main] INFO  DriverFactory - ✅ Created temporary Chrome profile at C:\Users\dell\AppData\Local\Temp\chrome-profile-6845870150023506663
2025-09-11 11:07:25 [main] INFO  DriverFactory - 🚀 WebDriver started successfully
2025-09-11 11:07:25 [main] INFO  RetryUrlAccess - Navigating to URL (attempt 1): https://demoqa.com
2025-09-11 11:07:57 [main] INFO  demoqaBase - 🧪 Starting Test Elements | Home | Selecting Documents | WorkSpace Check Box Test...
Instance Variables Declared are: nullnull
2025-09-11 11:07:57 [main] INFO  demoqaBase - Accessing Elements Card...
2025-09-11 11:07:57 [main] INFO  demoqaLog - Clicking on Elements Card...
2025-09-11 11:07:57 [main] WARN  demoqaLog - ⚠️ JS click failed, falling back to native click. Reason: {}
2025-09-11 11:07:57 [main] INFO  demoqaLog - ✅ Native click succeeded on element: {}
2025-09-11 11:07:57 [main] INFO  demoqaLog - Clicked on Elements Card...
Title of this Page is: DEMOQA
You are Accessing: Elements
 
Elements: Please select an item from left to start practice.
2025-09-11 11:07:57 [main] INFO  demoqaBase - Elements: Please select an item from left to start practice.
2025-09-11 11:07:57 [main] INFO  demoqaBase - Accessing Check Box...
Check Box
2025-09-11 11:07:58 [main] INFO  demoqaBase - You are accessing: Check Box
2025-09-11 11:07:58 [main] INFO  demoqaBase - Clicking on Home Toggle Button...
2025-09-11 11:07:58 [main] INFO  demoqaBase - Clicking on Documents Toggle Button...
2025-09-11 11:07:58 [main] INFO  demoqaBase - Selecting WorkSpace Check Box...
2025-09-11 11:07:58 [main] INFO  demoqaLog - ✅ JS click executed on element: {}
2025-09-11 11:07:58 [main] INFO  demoqaBase - Selected WorkSpace Check Box...
Information Submitted is: You have selected :
workspace
react
angular
veu
2025-09-11 11:07:58 [main] INFO  demoqaBase - You have Selected: You have selected :
workspace
react
angular
veu
2025-09-11 11:07:58 [main] INFO  demoqaBase - ✅ Test Elements | Home | Selecting Documents | WorkSpace Check Box Completed...
]]></system-out>
  </testcase>
  <testcase name="SelectReact" classname="tests.ElementsTests" time="1.64">
    <system-out><![CDATA[2025-09-11 11:07:58 [main] INFO  demoqaBase - Closing browser for test: SelectingWorkSpace
2025-09-11 11:07:59 [main] INFO  DriverFactory - 🌐 Starting Chrome Web Browser...
2025-09-11 11:07:59 [main] INFO  DriverFactory - ✅ Created temporary Chrome profile at C:\Users\dell\AppData\Local\Temp\chrome-profile-10438594624512183653
2025-09-11 11:08:00 [main] INFO  DriverFactory - 🚀 WebDriver started successfully
2025-09-11 11:08:00 [main] INFO  RetryUrlAccess - Navigating to URL (attempt 1): https://demoqa.com
2025-09-11 11:08:04 [main] INFO  demoqaBase - 🧪 Starting Test Elements|Home|Selecting Documents|WorkSpace|React Check Box Test...
Instance Variables Declared are: nullnull
2025-09-11 11:08:04 [main] INFO  demoqaBase - Accessing Elements Card...
2025-09-11 11:08:04 [main] INFO  demoqaLog - Clicking on Elements Card...
2025-09-11 11:08:04 [main] WARN  demoqaLog - ⚠️ JS click failed, falling back to native click. Reason: {}
2025-09-11 11:08:04 [main] INFO  demoqaLog - ✅ Native click succeeded on element: {}
2025-09-11 11:08:04 [main] INFO  demoqaLog - Clicked on Elements Card...
Title of this Page is: DEMOQA
You are Accessing: Elements
 
Elements: Please select an item from left to start practice.
2025-09-11 11:08:04 [main] INFO  demoqaBase - Elements: Please select an item from left to start practice.
2025-09-11 11:08:04 [main] INFO  demoqaBase - Accessing Check Box...
Check Box
2025-09-11 11:08:05 [main] INFO  demoqaBase - You are accessing: Check Box
2025-09-11 11:08:05 [main] INFO  demoqaBase - Clicking on Home Toggle Button...
2025-09-11 11:08:05 [main] INFO  demoqaBase - Clicking on Documents Toggle Button...
2025-09-11 11:08:05 [main] INFO  demoqaBase - Clicking WorkSpace Toggle Button...
2025-09-11 11:08:05 [main] INFO  demoqaLog - ✅ JS click executed on element: {}
2025-09-11 11:08:05 [main] INFO  demoqaBase - Clicked WorkSpace Toggle Button...
2025-09-11 11:08:05 [main] INFO  demoqaBase - Selecting WorkSpace | React Check Box...
2025-09-11 11:08:05 [main] INFO  demoqaLog - ✅ JS click executed on element: {}
2025-09-11 11:08:05 [main] INFO  demoqaBase - Selected WorkSpace | React Check Box...
Information Submitted is: You have selected :
react
2025-09-11 11:08:06 [main] INFO  demoqaBase - You have Selected: You have selected :
react
2025-09-11 11:08:06 [main] INFO  demoqaBase - ✅ Test Elements|Home|Documents| Selecting WorkSpace|React Check Box Completed...
]]></system-out>
  </testcase>
  <testcase name="SelectAngular" classname="tests.ElementsTests" time="1.606">
    <system-out><![CDATA[2025-09-11 11:08:06 [main] INFO  demoqaBase - Closing browser for test: SelectReact
2025-09-11 11:08:06 [main] INFO  DriverFactory - 🌐 Starting Chrome Web Browser...
2025-09-11 11:08:06 [main] INFO  DriverFactory - ✅ Created temporary Chrome profile at C:\Users\dell\AppData\Local\Temp\chrome-profile-5925879320398367270
2025-09-11 11:08:07 [main] INFO  DriverFactory - 🚀 WebDriver started successfully
2025-09-11 11:08:07 [main] INFO  RetryUrlAccess - Navigating to URL (attempt 1): https://demoqa.com
2025-09-11 11:08:20 [main] INFO  demoqaBase - 🧪 Starting Test Elements|Home|Selecting Documents|WorkSpace|Angular Check Box Test...
Instance Variables Declared are: nullnull
2025-09-11 11:08:20 [main] INFO  demoqaBase - Accessing Elements Card...
2025-09-11 11:08:20 [main] INFO  demoqaLog - Clicking on Elements Card...
2025-09-11 11:08:20 [main] WARN  demoqaLog - ⚠️ JS click failed, falling back to native click. Reason: {}
2025-09-11 11:08:20 [main] INFO  demoqaLog - ✅ Native click succeeded on element: {}
2025-09-11 11:08:20 [main] INFO  demoqaLog - Clicked on Elements Card...
Title of this Page is: DEMOQA
You are Accessing: Elements
 
Elements: Please select an item from left to start practice.
2025-09-11 11:08:20 [main] INFO  demoqaBase - Elements: Please select an item from left to start practice.
2025-09-11 11:08:20 [main] INFO  demoqaBase - Accessing Check Box...
Check Box
2025-09-11 11:08:20 [main] INFO  demoqaBase - You are accessing: Check Box
2025-09-11 11:08:20 [main] INFO  demoqaBase - Clicking on Home Toggle Button...
2025-09-11 11:08:20 [main] INFO  demoqaBase - Clicking on Documents Toggle Button...
2025-09-11 11:08:21 [main] INFO  demoqaBase - Clicking WorkSpace Toggle Button...
2025-09-11 11:08:21 [main] INFO  demoqaLog - ✅ JS click executed on element: {}
2025-09-11 11:08:21 [main] INFO  demoqaBase - Clicked WorkSpace Toggle Button...
2025-09-11 11:08:21 [main] INFO  demoqaBase - Selecting WorkSpace | Angular Check Box...
2025-09-11 11:08:21 [main] INFO  demoqaLog - ✅ JS click executed on element: {}
2025-09-11 11:08:21 [main] INFO  demoqaBase - Selected WorkSpace | Angular Check Box...
Information Submitted is: You have selected :
angular
2025-09-11 11:08:21 [main] INFO  demoqaBase - You have Selected: You have selected :
angular
2025-09-11 11:08:21 [main] INFO  demoqaBase - ✅ Test Elements|Home|Documents| Selecting WorkSpace|Angular Check Box Completed...
]]></system-out>
  </testcase>
  <testcase name="SelectVeu" classname="tests.ElementsTests" time="1.175">
    <system-out><![CDATA[2025-09-11 11:08:21 [main] INFO  demoqaBase - Closing browser for test: SelectAngular
2025-09-11 11:08:21 [main] INFO  DriverFactory - 🌐 Starting Chrome Web Browser...
2025-09-11 11:08:21 [main] INFO  DriverFactory - ✅ Created temporary Chrome profile at C:\Users\dell\AppData\Local\Temp\chrome-profile-15076817144421837839
2025-09-11 11:08:23 [main] INFO  DriverFactory - 🚀 WebDriver started successfully
2025-09-11 11:08:23 [main] INFO  RetryUrlAccess - Navigating to URL (attempt 1): https://demoqa.com
2025-09-11 11:08:27 [main] INFO  demoqaBase - 🧪 Starting Test Elements|Home|Selecting Documents|WorkSpace|Veu Check Box Test...
Instance Variables Declared are: nullnull
2025-09-11 11:08:27 [main] INFO  demoqaBase - Accessing Elements Card...
2025-09-11 11:08:27 [main] INFO  demoqaLog - Clicking on Elements Card...
2025-09-11 11:08:28 [main] WARN  demoqaLog - ⚠️ JS click failed, falling back to native click. Reason: {}
2025-09-11 11:08:28 [main] INFO  demoqaLog - ✅ Native click succeeded on element: {}
2025-09-11 11:08:28 [main] INFO  demoqaLog - Clicked on Elements Card...
Title of this Page is: DEMOQA
You are Accessing: Elements
 
Elements: Please select an item from left to start practice.
2025-09-11 11:08:28 [main] INFO  demoqaBase - Elements: Please select an item from left to start practice.
2025-09-11 11:08:28 [main] INFO  demoqaBase - Accessing Check Box...
Check Box
2025-09-11 11:08:28 [main] INFO  demoqaBase - You are accessing: Check Box
2025-09-11 11:08:28 [main] INFO  demoqaBase - Clicking on Home Toggle Button...
2025-09-11 11:08:28 [main] INFO  demoqaBase - Clicking on Documents Toggle Button...
2025-09-11 11:08:28 [main] INFO  demoqaBase - Clicking WorkSpace Toggle Button...
2025-09-11 11:08:29 [main] INFO  demoqaLog - ✅ JS click executed on element: {}
2025-09-11 11:08:29 [main] INFO  demoqaBase - Clicked WorkSpace Toggle Button...
2025-09-11 11:08:29 [main] INFO  demoqaBase - Selecting WorkSpace | Veu Check Box...
2025-09-11 11:08:29 [main] INFO  demoqaLog - ✅ JS click executed on element: {}
2025-09-11 11:08:29 [main] INFO  demoqaBase - Selected WorkSpace | Veu Check Box...
Information Submitted is: You have selected :
veu
2025-09-11 11:08:29 [main] INFO  demoqaBase - You have Selected: You have selected :
veu
2025-09-11 11:08:29 [main] INFO  demoqaBase - ✅ Test Elements|Home|Documents| Selecting WorkSpace|Veu Check Box Completed...
]]></system-out>
  </testcase>
  <testcase name="SelectReactAnuglarVeu" classname="tests.ElementsTests" time="1.337">
    <system-out><![CDATA[2025-09-11 11:08:29 [main] INFO  demoqaBase - Closing browser for test: SelectVeu
2025-09-11 11:08:30 [main] INFO  DriverFactory - 🌐 Starting Chrome Web Browser...
2025-09-11 11:08:30 [main] INFO  DriverFactory - ✅ Created temporary Chrome profile at C:\Users\dell\AppData\Local\Temp\chrome-profile-2804362548854951624
2025-09-11 11:08:31 [main] INFO  DriverFactory - 🚀 WebDriver started successfully
2025-09-11 11:08:31 [main] INFO  RetryUrlAccess - Navigating to URL (attempt 1): https://demoqa.com
2025-09-11 11:08:36 [main] INFO  demoqaBase - 🧪 Starting Test Elements|Home|Selecting Documents|WorkSpace|React-Anuglar-Veu Check Box Test...
Instance Variables Declared are: nullnull
2025-09-11 11:08:36 [main] INFO  demoqaBase - Accessing Elements Card...
2025-09-11 11:08:36 [main] INFO  demoqaLog - Clicking on Elements Card...
2025-09-11 11:08:36 [main] WARN  demoqaLog - ⚠️ JS click failed, falling back to native click. Reason: {}
2025-09-11 11:08:36 [main] INFO  demoqaLog - ✅ Native click succeeded on element: {}
2025-09-11 11:08:36 [main] INFO  demoqaLog - Clicked on Elements Card...
Title of this Page is: DEMOQA
You are Accessing: Elements
 
Elements: Please select an item from left to start practice.
2025-09-11 11:08:36 [main] INFO  demoqaBase - Elements: Please select an item from left to start practice.
2025-09-11 11:08:36 [main] INFO  demoqaBase - Accessing Check Box...
Check Box
[...]
2025-09-11 11:50:52 [main] INFO  demoqaBase - Available Color: Voilet
2025-09-11 11:50:52 [main] INFO  demoqaLog - ✅ JS click executed on element: {}
2025-09-11 11:50:52 [main] INFO  demoqaBase - ✅ Selected Color: Voilet
2025-09-11 11:50:52 [main] INFO  demoqaBase - 🎯 Final selected colors: [Voilet]
2025-09-11 11:50:52 [main] INFO  demoqaBase - ✅ Widgets|Auto Complete Test Completed...
]]></system-out>
  </testcase>
  <testcase name="AutoCompleteSearch[ColorSelectionData{searchFor=&apos;W&apos;, expectedColors=[Yellow, White]}](20)" classname="tests.WidgetsTests" time="1.152">
    <system-out><![CDATA[2025-09-11 11:50:52 [main] INFO  demoqaBase - Closing browser for test: AutoCompleteSearch
2025-09-11 11:50:52 [main] INFO  DriverFactory - 🌐 Starting Chrome Web Browser...
2025-09-11 11:50:52 [main] INFO  DriverFactory - ✅ Created temporary Chrome profile at C:\Users\dell\AppData\Local\Temp\chrome-profile-6787069801446261021
2025-09-11 11:50:53 [main] INFO  DriverFactory - 🚀 WebDriver started successfully
2025-09-11 11:50:53 [main] INFO  RetryUrlAccess - Navigating to URL (attempt 1): https://demoqa.com
2025-09-11 11:51:05 [main] INFO  demoqaBase - 🧪 Starting Test Widgets|Auto Complete...
2025-09-11 11:51:05 [main] INFO  demoqaBase - Accessing Widgets Card...
Declared Instance WebDriverWait: org.openqa.selenium.support.ui.WebDriverWait@378cfb25
2025-09-11 11:51:05 [main] INFO  demoqaLog - Clicking on Widgets Card...
2025-09-11 11:51:05 [main] INFO  demoqaLog - ✅ JS click executed on element: {}
2025-09-11 11:51:05 [main] INFO  demoqaLog - Clicked on on Widgets Card...
Title of this Page is: DEMOQA
You are Accessing: Widgets
 
2025-09-11 11:51:05 [main] INFO  demoqaBase - Widgets: Please select an item from left to start practice.
2025-09-11 11:51:05 [main] INFO  demoqaBase - Clicking on Widgets|AutoComplete...
You are now Accessing: Auto Complete
2025-09-11 11:51:06 [main] INFO  demoqaBase - You are now Accessing: Auto Complete
Searching Colors using: W
Expected Color to be selected is/are: [Yellow, White]
2025-09-11 11:51:06 [main] INFO  demoqaBase - 🔍 Running test for search character: W
2025-09-11 11:51:06 [main] INFO  demoqaBase - Clicking on Widgets | Auto Complete | Type multiple color names...
Searching Colors using: W
Expected Color to be selected is/are: [Yellow, White]
2025-09-11 11:51:06 [main] INFO  demoqaBase - You are now Accessing: Auto Complete
2025-09-11 11:51:06 [main] INFO  demoqaBase - Available Color: Yellow
2025-09-11 11:51:06 [main] INFO  demoqaLog - ✅ JS click executed on element: {}
2025-09-11 11:51:06 [main] INFO  demoqaBase - ✅ Selected Color: Yellow
2025-09-11 11:51:06 [main] INFO  demoqaBase - Available Color: White
2025-09-11 11:51:06 [main] INFO  demoqaLog - ✅ JS click executed on element: {}
2025-09-11 11:51:06 [main] INFO  demoqaBase - ✅ Selected Color: White
2025-09-11 11:51:06 [main] INFO  demoqaBase - 🎯 Final selected colors: [Yellow, White]
2025-09-11 11:51:06 [main] INFO  demoqaBase - ✅ Widgets|Auto Complete Test Completed...
]]></system-out>
  </testcase>
  <testcase name="AutoCompleteSearch[ColorSelectionData{searchFor=&apos;Y&apos;, expectedColors=[Yellow]}](21)" classname="tests.WidgetsTests" time="0.934">
    <system-out><![CDATA[2025-09-11 11:51:06 [main] INFO  demoqaBase - Closing browser for test: AutoCompleteSearch
2025-09-11 11:51:07 [main] INFO  DriverFactory - 🌐 Starting Chrome Web Browser...
2025-09-11 11:51:07 [main] INFO  DriverFactory - ✅ Created temporary Chrome profile at C:\Users\dell\AppData\Local\Temp\chrome-profile-4563454194817366330
2025-09-11 11:51:08 [main] INFO  DriverFactory - 🚀 WebDriver started successfully
2025-09-11 11:51:08 [main] INFO  RetryUrlAccess - Navigating to URL (attempt 1): https://demoqa.com
2025-09-11 11:51:23 [main] INFO  demoqaBase - 🧪 Starting Test Widgets|Auto Complete...
2025-09-11 11:51:23 [main] INFO  demoqaBase - Accessing Widgets Card...
Declared Instance WebDriverWait: org.openqa.selenium.support.ui.WebDriverWait@117fa73e
2025-09-11 11:51:23 [main] INFO  demoqaLog - Clicking on Widgets Card...
2025-09-11 11:51:24 [main] INFO  demoqaLog - ✅ JS click executed on element: {}
2025-09-11 11:51:24 [main] INFO  demoqaLog - Clicked on on Widgets Card...
Title of this Page is: DEMOQA
You are Accessing: Widgets
 
2025-09-11 11:51:24 [main] INFO  demoqaBase - Widgets: Please select an item from left to start practice.
2025-09-11 11:51:24 [main] INFO  demoqaBase - Clicking on Widgets|AutoComplete...
You are now Accessing: Auto Complete
2025-09-11 11:51:24 [main] INFO  demoqaBase - You are now Accessing: Auto Complete
Searching Colors using: Y
Expected Color to be selected is/are: [Yellow]
2025-09-11 11:51:24 [main] INFO  demoqaBase - 🔍 Running test for search character: Y
2025-09-11 11:51:24 [main] INFO  demoqaBase - Clicking on Widgets | Auto Complete | Type multiple color names...
Searching Colors using: Y
Expected Color to be selected is/are: [Yellow]
2025-09-11 11:51:24 [main] INFO  demoqaBase - You are now Accessing: Auto Complete
2025-09-11 11:51:24 [main] INFO  demoqaBase - Available Color: Yellow
2025-09-11 11:51:24 [main] INFO  demoqaLog - ✅ JS click executed on element: {}
2025-09-11 11:51:24 [main] INFO  demoqaBase - ✅ Selected Color: Yellow
2025-09-11 11:51:24 [main] INFO  demoqaBase - 🎯 Final selected colors: [Yellow]
2025-09-11 11:51:24 [main] INFO  demoqaBase - ✅ Widgets|Auto Complete Test Completed...
]]></system-out>
  </testcase>
  <testcase name="AutoCompleteSearchRemove[ColorSelectionData{searchFor=&apos;E&apos;, expectedColors=[Green, Yellow]}](1)" classname="tests.WidgetsTests" time="5.705">
    <system-out><![CDATA[2025-09-11 11:51:24 [main] INFO  demoqaBase - Closing browser for test: AutoCompleteSearch
2025-09-11 11:51:25 [main] WARN  PauseManager - ⏸ Pausing for 5 minutes after 120 tests...
2025-09-11 11:51:25 [main] INFO  PauseManager - ▶ Resuming in 5 minutes...
2025-09-11 11:52:25 [main] INFO  PauseManager - ▶ Resuming in 4 minutes...
2025-09-11 11:53:26 [main] INFO  PauseManager - ▶ Resuming in 3 minutes...
2025-09-11 11:54:26 [main] INFO  PauseManager - ▶ Resuming in 2 minutes...
2025-09-11 11:55:26 [main] INFO  PauseManager - ▶ Resuming in 1 minutes...
2025-09-11 11:56:17 [main] INFO  PauseManager - ▶ Resuming in 10 seconds...
2025-09-11 11:56:18 [main] INFO  PauseManager - ▶ Resuming in 9 seconds...
2025-09-11 11:56:19 [main] INFO  PauseManager - ▶ Resuming in 8 seconds...
2025-09-11 11:56:20 [main] INFO  PauseManager - ▶ Resuming in 7 seconds...
2025-09-11 11:56:21 [main] INFO  PauseManager - ▶ Resuming in 6 seconds...
2025-09-11 11:56:22 [main] INFO  PauseManager - ▶ Resuming in 5 seconds...
2025-09-11 11:56:23 [main] INFO  PauseManager - ▶ Resuming in 4 seconds...
2025-09-11 11:56:24 [main] INFO  PauseManager - ▶ Resuming in 3 seconds...
2025-09-11 11:56:25 [main] INFO  PauseManager - ▶ Resuming in 2 seconds...
2025-09-11 11:56:26 [main] INFO  PauseManager - ▶ Resuming in 1 seconds...
2025-09-11 11:56:27 [main] INFO  PauseManager - ✅ Pause complete. Resuming tests...
🧾 Row 1: {SearchFor=E, ExpectedColors=Green,Yellow}
🔍 Mapping field: searchFor | Excel Column: SearchFor | Value: E
🔍 Mapping field: expectedColorsRaw | Excel Column: ExpectedColors | Value: Green,Yellow
2025-09-11 11:56:27 [main] INFO  DriverFactory - 🌐 Starting Chrome Web Browser...
2025-09-11 11:56:27 [main] INFO  DriverFactory - ✅ Created temporary Chrome profile at C:\Users\dell\AppData\Local\Temp\chrome-profile-310701599167241251
2025-09-11 11:56:29 [main] INFO  DriverFactory - 🚀 WebDriver started successfully
2025-09-11 11:56:29 [main] INFO  RetryUrlAccess - Navigating to URL (attempt 1): https://demoqa.com
2025-09-11 11:56:43 [main] INFO  demoqaBase - 🧪 Starting Test Widgets|Auto Complete - Select & Remove Flow
2025-09-11 11:56:43 [main] INFO  demoqaBase - Accessing Widgets Card...
Declared Instance WebDriverWait: org.openqa.selenium.support.ui.WebDriverWait@13d84b91
2025-09-11 11:56:43 [main] INFO  demoqaLog - Clicking on Widgets Card...
2025-09-11 11:56:44 [main] INFO  demoqaLog - ✅ JS click executed on element: {}
2025-09-11 11:56:44 [main] INFO  demoqaLog - Clicked on on Widgets Card...
Title of this Page is: DEMOQA
You are Accessing: Widgets
 
2025-09-11 11:56:44 [main] INFO  demoqaBase - Widgets: Please select an item from left to start practice.
2025-09-11 11:56:44 [main] INFO  demoqaBase - Clicking on Widgets|AutoComplete...
You are now Accessing: Auto Complete
2025-09-11 11:56:44 [main] INFO  demoqaBase - You are now Accessing: Auto Complete
🧾 Row 1: {SearchFor=A, ExpectedColors=Black,Magenta,Aqua}
🔍 Mapping field: searchFor | Excel Column: SearchFor | Value: A
🔍 Mapping field: expectedColorsRaw | Excel Column: ExpectedColors | Value: Black,Magenta,Aqua
🧾 Row 2: {SearchFor=B, ExpectedColors=Blue,Black}
🔍 Mapping field: searchFor | Excel Column: SearchFor | Value: B
🔍 Mapping field: expectedColorsRaw | Excel Column: ExpectedColors | Value: Blue,Black
🧾 Row 3: {SearchFor=C, ExpectedColors=Black}
🔍 Mapping field: searchFor | Excel Column: SearchFor | Value: C
🔍 Mapping field: expectedColorsRaw | Excel Column: ExpectedColors | Value: Black
🧾 Row 4: {SearchFor=D, ExpectedColors=Red,Indigo}
🔍 Mapping field: searchFor | Excel Column: SearchFor | Value: D
🔍 Mapping field: expectedColorsRaw | Excel Column: ExpectedColors | Value: Red,Indigo
🧾 Row 5: {SearchFor=E, ExpectedColors=Red,Blue,Green,Yellow,Purple,White,Voilet,Magenta}
🔍 Mapping field: searchFor | Excel Column: SearchFor | Value: E
🔍 Mapping field: expectedColorsRaw | Excel Column: ExpectedColors | Value: Red,Blue,Green,Yellow,Purple,White,Voilet,Magenta
🧾 Row 6: {SearchFor=G, ExpectedColors=Green,Indigo,Magenta}
🔍 Mapping field: searchFor | Excel Column: SearchFor | Value: G
🔍 Mapping field: expectedColorsRaw | Excel Column: ExpectedColors | Value: Green,Indigo,Magenta
🧾 Row 7: {SearchFor=H, ExpectedColors=White}
🔍 Mapping field: searchFor | Excel Column: SearchFor | Value: H
🔍 Mapping field: expectedColorsRaw | Excel Column: ExpectedColors | Value: White
🧾 Row 8: {SearchFor=I, ExpectedColors=White,Voilet,Indigo}
🔍 Mapping field: searchFor | Excel Column: SearchFor | Value: I
🔍 Mapping field: expectedColorsRaw | Excel Column: ExpectedColors | Value: White,Voilet,Indigo
🧾 Row 9: {SearchFor=K, ExpectedColors=Black}
🔍 Mapping field: searchFor | Excel Column: SearchFor | Value: K
🔍 Mapping field: expectedColorsRaw | Excel Column: ExpectedColors | Value: Black
🧾 Row 10: {SearchFor=L, ExpectedColors=Blue,Yellow,Purple,Black,Voilet}
🔍 Mapping field: searchFor | Excel Column: SearchFor | Value: L
🔍 Mapping field: expectedColorsRaw | Excel Column: ExpectedColors | Value: Blue,Yellow,Purple,Black,Voilet
🧾 Row 11: {SearchFor=M, ExpectedColors=Magenta}
🔍 Mapping field: searchFor | Excel Column: SearchFor | Value: M
🔍 Mapping field: expectedColorsRaw | Excel Column: ExpectedColors | Value: Magenta
🧾 Row 12: {SearchFor=N, ExpectedColors=Green,Indigo,Magenta}
🔍 Mapping field: searchFor | Excel Column: SearchFor | Value: N
🔍 Mapping field: expectedColorsRaw | Excel Column: ExpectedColors | Value: Green,Indigo,Magenta
🧾 Row 13: {SearchFor=O, ExpectedColors=Yellow,Voilet,Indigo}
🔍 Mapping field: searchFor | Excel Column: SearchFor | Value: O
🔍 Mapping field: expectedColorsRaw | Excel Column: ExpectedColors | Value: Yellow,Voilet,Indigo
🧾 Row 14: {SearchFor=P, ExpectedColors=Purple}
🔍 Mapping field: searchFor | Excel Column: SearchFor | Value: P
🔍 Mapping field: expectedColorsRaw | Excel Column: ExpectedColors | Value: Purple
🧾 Row 15: {SearchFor=Q, ExpectedColors=Aqua}
🔍 Mapping field: searchFor | Excel Column: SearchFor | Value: Q
🔍 Mapping field: expectedColorsRaw | Excel Column: ExpectedColors | Value: Aqua
🧾 Row 16: {SearchFor=R, ExpectedColors=Red,Green,Purple}
🔍 Mapping field: searchFor | Excel Column: SearchFor | Value: R
🔍 Mapping field: expectedColorsRaw | Excel Column: ExpectedColors | Value: Red,Green,Purple
🧾 Row 17: {SearchFor=T, ExpectedColors=White,Voilet,Magenta}
🔍 Mapping field: searchFor | Excel Column: SearchFor | Value: T
🔍 Mapping field: expectedColorsRaw | Excel Column: ExpectedColors | Value: White,Voilet,Magenta
🧾 Row 18: {SearchFor=U, ExpectedColors=Blue,Purple,Aqua}
🔍 Mapping field: searchFor | Excel Column: SearchFor | Value: U
🔍 Mapping field: expectedColorsRaw | Excel Column: ExpectedColors | Value: Blue,Purple,Aqua
🧾 Row 19: {SearchFor=V, ExpectedColors=Voilet}
🔍 Mapping field: searchFor | Excel Column: SearchFor | Value: V
🔍 Mapping field: expectedColorsRaw | Excel Column: ExpectedColors | Value: Voilet
🧾 Row 20: {SearchFor=W, ExpectedColors=Yellow,White}
🔍 Mapping field: searchFor | Excel Column: SearchFor | Value: W
🔍 Mapping field: expectedColorsRaw | Excel Column: ExpectedColors | Value: Yellow,White
🧾 Row 21: {SearchFor=Y, ExpectedColors=Yellow}
🔍 Mapping field: searchFor | Excel Column: SearchFor | Value: Y
🔍 Mapping field: expectedColorsRaw | Excel Column: ExpectedColors | Value: Yellow
2025-09-11 11:56:44 [main] INFO  demoqaBase - 🎨 Selecting colors for 'E': [Red, Blue, Green, Yellow, Purple, White, Voilet, Magenta]
2025-09-11 11:56:44 [main] INFO  demoqaLog - ✅ JS click executed on element: {}
2025-09-11 11:56:44 [main] INFO  demoqaBase - ✅ Selected color 'Red' for 'E'
2025-09-11 11:56:45 [main] INFO  demoqaLog - ✅ JS click executed on element: {}
2025-09-11 11:56:45 [main] INFO  demoqaBase - ✅ Selected color 'Blue' for 'E'
2025-09-11 11:56:46 [main] INFO  demoqaLog - ✅ JS click executed on element: {}
2025-09-11 11:56:46 [main] INFO  demoqaBase - ✅ Selected color 'Green' for 'E'
2025-09-11 11:56:46 [main] INFO  demoqaLog - ✅ JS click executed on element: {}
2025-09-11 11:56:46 [main] INFO  demoqaBase - ✅ Selected color 'Yellow' for 'E'
2025-09-11 11:56:47 [main] INFO  demoqaLog - ✅ JS click executed on element: {}
2025-09-11 11:56:47 [main] INFO  demoqaBase - ✅ Selected color 'Purple' for 'E'
2025-09-11 11:56:48 [main] INFO  demoqaLog - ✅ JS click executed on element: {}
2025-09-11 11:56:48 [main] INFO  demoqaBase - ✅ Selected color 'White' for 'E'
2025-09-11 11:56:48 [main] INFO  demoqaLog - ✅ JS click executed on element: {}
2025-09-11 11:56:48 [main] INFO  demoqaBase - ✅ Selected color 'Voilet' for 'E'
2025-09-11 11:56:49 [main] INFO  demoqaLog - ✅ JS click executed on element: {}
2025-09-11 11:56:49 [main] INFO  demoqaBase - ✅ Selected color 'Magenta' for 'E'
🧾 Row 1: {SearchFor=E, ExpectedColors=Green,Yellow}
🔍 Mapping field: searchFor | Excel Column: SearchFor | Value: E
🔍 Mapping field: expectedColorsRaw | Excel Column: ExpectedColors | Value: Green,Yellow
2025-09-11 11:56:49 [main] INFO  demoqaBase - 🗑️ Attempting to remove colors for 'E': [Green, Yellow]
2025-09-11 11:56:49 [main] INFO  demoqaBase - 🗑️ Removed color: Green
2025-09-11 11:56:49 [main] INFO  demoqaBase - 🗑️ Removed color: Yellow
2025-09-11 11:56:49 [main] INFO  demoqaBase - ✅ Assertion passed: Color 'Green' successfully removed.
2025-09-11 11:56:49 [main] INFO  demoqaBase - ✅ Assertion passed: Color 'Yellow' successfully removed.
2025-09-11 11:56:49 [main] INFO  demoqaBase - ✅ Auto Complete Select & Remove Flow completed for 'E'
]]></system-out>
  </testcase>
  <testcase name="AutoCompleteSingle[E, Green](1)" classname="tests.WidgetsTests" time="1.459">
    <system-out><![CDATA[2025-09-11 11:56:49 [main] INFO  demoqaBase - Closing browser for test: AutoCompleteSearchRemove
2025-09-11 11:56:49 [main] INFO  DriverFactory - 🌐 Starting Chrome Web Browser...
2025-09-11 11:56:49 [main] INFO  DriverFactory - ✅ Created temporary Chrome profile at C:\Users\dell\AppData\Local\Temp\chrome-profile-4468925935532101174
2025-09-11 11:56:51 [main] INFO  DriverFactory - 🚀 WebDriver started successfully
2025-09-11 11:56:51 [main] INFO  RetryUrlAccess - Navigating to URL (attempt 1): https://demoqa.com
2025-09-11 11:57:05 [main] INFO  demoqaBase - 🧪 Starting Test Widgets|Auto Complete - Select & Remove Flow|Type single color name - Search & Select
2025-09-11 11:57:05 [main] INFO  demoqaBase - Accessing Widgets Card...
Declared Instance WebDriverWait: org.openqa.selenium.support.ui.WebDriverWait@2a514a2b
2025-09-11 11:57:05 [main] INFO  demoqaLog - Clicking on Widgets Card...
2025-09-11 11:57:05 [main] INFO  demoqaLog - ✅ JS click executed on element: {}
2025-09-11 11:57:05 [main] INFO  demoqaLog - Clicked on on Widgets Card...
Title of this Page is: DEMOQA
You are Accessing: Widgets
 
2025-09-11 11:57:05 [main] INFO  demoqaBase - Widgets: Please select an item from left to start practice.
2025-09-11 11:57:05 [main] INFO  demoqaBase - Clicking on Widgets|AutoComplete...
You are now Accessing: Auto Complete
2025-09-11 11:57:05 [main] INFO  demoqaBase - You are now Accessing: Auto Complete
2025-09-11 11:57:05 [main] INFO  demoqaBase - Clicking on Widgets | Auto Complete | Type single color name...
Searching Colors using: E
Expected Color to be selected is/are: Green
2025-09-11 11:57:05 [main] INFO  demoqaBase - You are now Accessing: Auto Complete
2025-09-11 11:57:05 [main] INFO  demoqaLog - ✅ JS click executed on element: {}
2025-09-11 11:57:05 [main] INFO  demoqaBase - Clicked on Search Box with Title: Type single color name
2025-09-11 11:57:06 [main] INFO  demoqaBase - ✅ Selected color 'Green'
2025-09-11 11:57:06 [main] INFO  demoqaBase - Asserted Selected Color is: Green
2025-09-11 11:57:06 [main] INFO  demoqaBase - ✅ Test Widgets|Auto Complete - Select & Remove Flow|Type single color name - Search & Select Completed
]]></system-out>
  </testcase>
  <testcase name="SingleAddRemove[E, Green](1)" classname="tests.WidgetsTests" time="1.643">
    <system-out><![CDATA[2025-09-11 11:57:06 [main] INFO  demoqaBase - Closing browser for test: AutoCompleteSingle
2025-09-11 11:57:07 [main] INFO  DriverFactory - 🌐 Starting Chrome Web Browser...
2025-09-11 11:57:07 [main] INFO  DriverFactory - ✅ Created temporary Chrome profile at C:\Users\dell\AppData\Local\Temp\chrome-profile-1698526152798293473
2025-09-11 11:57:08 [main] INFO  DriverFactory - 🚀 WebDriver started successfully
2025-09-11 11:57:08 [main] INFO  RetryUrlAccess - Navigating to URL (attempt 1): https://demoqa.com
2025-09-11 11:57:23 [main] INFO  demoqaBase - 🧪 Test Widgets|Auto Complete - Select & Remove Flow|Type single color name - Remove Selection
2025-09-11 11:57:23 [main] INFO  demoqaBase - Accessing Widgets Card...
Declared Instance WebDriverWait: org.openqa.selenium.support.ui.WebDriverWait@22a38e68
2025-09-11 11:57:23 [main] INFO  demoqaLog - Clicking on Widgets Card...
2025-09-11 11:57:24 [main] INFO  demoqaLog - ✅ JS click executed on element: {}
2025-09-11 11:57:24 [main] INFO  demoqaLog - Clicked on on Widgets Card...
Title of this Page is: DEMOQA
You are Accessing: Widgets
 
2025-09-11 11:57:24 [main] INFO  demoqaBase - Widgets: Please select an item from left to start practice.
2025-09-11 11:57:24 [main] INFO  demoqaBase - Clicking on Widgets|AutoComplete...
You are now Accessing: Auto Complete
2025-09-11 11:57:24 [main] INFO  demoqaBase - You are now Accessing: Auto Complete
2025-09-11 11:57:24 [main] INFO  demoqaBase - Clicking on Widgets | Auto Complete | Type single color name...
Searching Colors using: E
Expected Color to be selected is/are: Green
2025-09-11 11:57:24 [main] INFO  demoqaBase - You are now Accessing: Auto Complete
2025-09-11 11:57:24 [main] INFO  demoqaLog - ✅ JS click executed on element: {}
2025-09-11 11:57:24 [main] INFO  demoqaBase - Clicked on Search Box with Title: Type single color name
2025-09-11 11:57:25 [main] INFO  demoqaBase - ✅ Selected color 'Green'
2025-09-11 11:57:25 [main] INFO  demoqaBase - Asserted Selected Color is: Green
2025-09-11 11:57:25 [main] INFO  demoqaBase - 🔍 Checking selected color. Current value: 'Green'
2025-09-11 11:57:25 [main] INFO  demoqaBase - ✅ Native click succeeded on 'AutoCompleteSingle'
2025-09-11 11:57:25 [main] INFO  demoqaBase - ✅ Cleared color input for 'Green'
2025-09-11 11:57:25 [main] INFO  demoqaBase - ✅ Test Widgets|Auto Complete - Select & Remove Flow|Type single color name - Remove Selection Completed
]]></system-out>
  </testcase>
</testsuite>