<?xml version="1.0" encoding="UTF-8"?>
<testsuite xmlns:xsi="http://www.w3.org/2001/XMLSchema-instance" xsi:noNamespaceSchemaLocation="https://maven.apache.org/surefire/maven-surefire-plugin/xsd/surefire-test-report-3.0.xsd" version="3.0" name="TestSuite" time="1355.826" tests="41" errors="0" skipped="0" failures="6">
  <properties>
    <property name="java.specification.version" value="21"/>
    <property name="sun.cpu.isalist" value="amd64"/>
    <property name="sun.jnu.encoding" value="Cp1252"/>
    <property name="java.class.path" value="C:\ASN\eclipse_workspace\demoqa-automation\target\test-classes;C:\ASN\eclipse_workspace\demoqa-automation\target\classes;C:\Users\dell\.m2\repository\org\seleniumhq\selenium\selenium-java\4.34.0\selenium-java-4.34.0.jar;C:\Users\dell\.m2\repository\org\seleniumhq\selenium\selenium-api\4.34.0\selenium-api-4.34.0.jar;C:\Users\dell\.m2\repository\org\jspecify\jspecify\1.0.0\jspecify-1.0.0.jar;C:\Users\dell\.m2\repository\org\seleniumhq\selenium\selenium-chrome-driver\4.34.0\selenium-chrome-driver-4.34.0.jar;C:\Users\dell\.m2\repository\com\google\auto\service\auto-service-annotations\1.1.1\auto-service-annotations-1.1.1.jar;C:\Users\dell\.m2\repository\org\seleniumhq\selenium\selenium-chromium-driver\4.34.0\selenium-chromium-driver-4.34.0.jar;C:\Users\dell\.m2\repository\org\seleniumhq\selenium\selenium-devtools-v136\4.34.0\selenium-devtools-v136-4.34.0.jar;C:\Users\dell\.m2\repository\org\seleniumhq\selenium\selenium-devtools-v137\4.34.0\selenium-devtools-v137-4.34.0.jar;C:\Users\dell\.m2\repository\org\seleniumhq\selenium\selenium-devtools-v138\4.34.0\selenium-devtools-v138-4.34.0.jar;C:\Users\dell\.m2\repository\org\seleniumhq\selenium\selenium-edge-driver\4.34.0\selenium-edge-driver-4.34.0.jar;C:\Users\dell\.m2\repository\org\seleniumhq\selenium\selenium-firefox-driver\4.34.0\selenium-firefox-driver-4.34.0.jar;C:\Users\dell\.m2\repository\org\seleniumhq\selenium\selenium-http\4.34.0\selenium-http-4.34.0.jar;C:\Users\dell\.m2\repository\org\seleniumhq\selenium\selenium-ie-driver\4.34.0\selenium-ie-driver-4.34.0.jar;C:\Users\dell\.m2\repository\org\seleniumhq\selenium\selenium-remote-driver\4.34.0\selenium-remote-driver-4.34.0.jar;C:\Users\dell\.m2\repository\com\google\guava\guava\33.4.8-jre\guava-33.4.8-jre.jar;C:\Users\dell\.m2\repository\com\google\guava\failureaccess\1.0.3\failureaccess-1.0.3.jar;C:\Users\dell\.m2\repository\com\google\guava\listenablefuture\9999.0-empty-to-avoid-conflict-with-guava\listenablefuture-9999.0-empty-to-avoid-conflict-with-guava.jar;C:\Users\dell\.m2\repository\com\google\errorprone\error_prone_annotations\2.36.0\error_prone_annotations-2.36.0.jar;C:\Users\dell\.m2\repository\com\google\j2objc\j2objc-annotations\3.0.0\j2objc-annotations-3.0.0.jar;C:\Users\dell\.m2\repository\io\opentelemetry\opentelemetry-api\1.51.0\opentelemetry-api-1.51.0.jar;C:\Users\dell\.m2\repository\io\opentelemetry\opentelemetry-context\1.51.0\opentelemetry-context-1.51.0.jar;C:\Users\dell\.m2\repository\io\opentelemetry\opentelemetry-exporter-logging\1.51.0\opentelemetry-exporter-logging-1.51.0.jar;C:\Users\dell\.m2\repository\io\opentelemetry\opentelemetry-sdk-common\1.51.0\opentelemetry-sdk-common-1.51.0.jar;C:\Users\dell\.m2\repository\io\opentelemetry\opentelemetry-sdk-extension-autoconfigure-spi\1.51.0\opentelemetry-sdk-extension-autoconfigure-spi-1.51.0.jar;C:\Users\dell\.m2\repository\io\opentelemetry\opentelemetry-sdk-extension-autoconfigure\1.51.0\opentelemetry-sdk-extension-autoconfigure-1.51.0.jar;C:\Users\dell\.m2\repository\io\opentelemetry\opentelemetry-sdk-trace\1.51.0\opentelemetry-sdk-trace-1.51.0.jar;C:\Users\dell\.m2\repository\io\opentelemetry\opentelemetry-sdk\1.51.0\opentelemetry-sdk-1.51.0.jar;C:\Users\dell\.m2\repository\io\opentelemetry\opentelemetry-sdk-metrics\1.51.0\opentelemetry-sdk-metrics-1.51.0.jar;C:\Users\dell\.m2\repository\io\opentelemetry\opentelemetry-sdk-logs\1.51.0\opentelemetry-sdk-logs-1.51.0.jar;C:\Users\dell\.m2\repository\net\bytebuddy\byte-buddy\1.17.6\byte-buddy-1.17.6.jar;C:\Users\dell\.m2\repository\org\seleniumhq\selenium\selenium-safari-driver\4.34.0\selenium-safari-driver-4.34.0.jar;C:\Users\dell\.m2\repository\org\seleniumhq\selenium\selenium-support\4.34.0\selenium-support-4.34.0.jar;C:\Users\dell\.m2\repository\org\seleniumhq\selenium\selenium-manager\4.34.0\selenium-manager-4.34.0.jar;C:\Users\dell\.m2\repository\org\seleniumhq\selenium\selenium-json\4.34.0\selenium-json-4.34.0.jar;C:\Users\dell\.m2\repository\org\seleniumhq\selenium\selenium-os\4.34.0\selenium-os-4.34.0.jar;C:\Users\dell\.m2\repository\org\apache\commons\commons-exec\1.5.0\commons-exec-1.5.0.jar;C:\Users\dell\.m2\repository\org\testng\testng\7.11.0\testng-7.11.0.jar;C:\Users\dell\.m2\repository\org\slf4j\slf4j-api\2.0.16\slf4j-api-2.0.16.jar;C:\Users\dell\.m2\repository\org\jcommander\jcommander\1.83\jcommander-1.83.jar;C:\Users\dell\.m2\repository\org\webjars\jquery\3.7.1\jquery-3.7.1.jar;C:\Users\dell\.m2\repository\org\apache\logging\log4j\log4j-core\2.24.3\log4j-core-2.24.3.jar;C:\Users\dell\.m2\repository\org\apache\logging\log4j\log4j-api\2.24.3\log4j-api-2.24.3.jar;C:\Users\dell\.m2\repository\com\aventstack\extentreports\5.0.9\extentreports-5.0.9.jar;C:\Users\dell\.m2\repository\io\reactivex\rxjava3\rxjava\3.0.4\rxjava-3.0.4.jar;C:\Users\dell\.m2\repository\org\reactivestreams\reactive-streams\1.0.3\reactive-streams-1.0.3.jar;C:\Users\dell\.m2\repository\org\freemarker\freemarker\2.3.30\freemarker-2.3.30.jar;C:\Users\dell\.m2\repository\com\google\code\gson\gson\2.8.6\gson-2.8.6.jar;C:\Users\dell\.m2\repository\commons-io\commons-io\2.19.0\commons-io-2.19.0.jar;C:\Users\dell\.m2\repository\org\apache\poi\poi-ooxml\5.4.1\poi-ooxml-5.4.1.jar;C:\Users\dell\.m2\repository\org\apache\poi\poi\5.4.1\poi-5.4.1.jar;C:\Users\dell\.m2\repository\commons-codec\commons-codec\1.18.0\commons-codec-1.18.0.jar;C:\Users\dell\.m2\repository\org\apache\commons\commons-math3\3.6.1\commons-math3-3.6.1.jar;C:\Users\dell\.m2\repository\com\zaxxer\SparseBitSet\1.3\SparseBitSet-1.3.jar;C:\Users\dell\.m2\repository\org\apache\poi\poi-ooxml-lite\5.4.1\poi-ooxml-lite-5.4.1.jar;C:\Users\dell\.m2\repository\org\apache\xmlbeans\xmlbeans\5.3.0\xmlbeans-5.3.0.jar;C:\Users\dell\.m2\repository\org\apache\commons\commons-compress\1.27.1\commons-compress-1.27.1.jar;C:\Users\dell\.m2\repository\org\apache\commons\commons-lang3\3.16.0\commons-lang3-3.16.0.jar;C:\Users\dell\.m2\repository\com\github\virtuald\curvesapi\1.08\curvesapi-1.08.jar;C:\Users\dell\.m2\repository\org\apache\commons\commons-collections4\4.4\commons-collections4-4.4.jar;C:\Users\dell\.m2\repository\com\sun\mail\jakarta.mail\2.0.1\jakarta.mail-2.0.1.jar;C:\Users\dell\.m2\repository\com\sun\activation\jakarta.activation\2.0.1\jakarta.activation-2.0.1.jar;C:\Users\dell\.m2\repository\org\projectlombok\lombok\1.18.30\lombok-1.18.30.jar;"/>
    <property name="java.vm.vendor" value="Oracle Corporation"/>
    <property name="sun.arch.data.model" value="64"/>
    <property name="user.variant" value=""/>
    <property name="java.vendor.url" value="https://java.oracle.com/"/>
    <property name="user.timezone" value="Asia/Calcutta"/>
    <property name="os.name" value="Windows 11"/>
    <property name="java.vm.specification.version" value="21"/>
    <property name="sun.java.launcher" value="SUN_STANDARD"/>
    <property name="user.country" value="IN"/>
    <property name="sun.boot.library.path" value="C:\Program Files\Java\jdk-21\bin"/>
    <property name="sun.java.command" value="C:\Users\dell\AppData\Local\Temp\surefire4599686675494507405\surefirebooter-20250811141228201_3.jar C:\Users\dell\AppData\Local\Temp\surefire4599686675494507405 2025-08-11T14-12-27_977-jvmRun1 surefire-20250811141228201_1tmp surefire_0-20250811141228201_2tmp"/>
    <property name="jdk.debug" value="release"/>
    <property name="surefire.test.class.path" value="C:\ASN\eclipse_workspace\demoqa-automation\target\test-classes;C:\ASN\eclipse_workspace\demoqa-automation\target\classes;C:\Users\dell\.m2\repository\org\seleniumhq\selenium\selenium-java\4.34.0\selenium-java-4.34.0.jar;C:\Users\dell\.m2\repository\org\seleniumhq\selenium\selenium-api\4.34.0\selenium-api-4.34.0.jar;C:\Users\dell\.m2\repository\org\jspecify\jspecify\1.0.0\jspecify-1.0.0.jar;C:\Users\dell\.m2\repository\org\seleniumhq\selenium\selenium-chrome-driver\4.34.0\selenium-chrome-driver-4.34.0.jar;C:\Users\dell\.m2\repository\com\google\auto\service\auto-service-annotations\1.1.1\auto-service-annotations-1.1.1.jar;C:\Users\dell\.m2\repository\org\seleniumhq\selenium\selenium-chromium-driver\4.34.0\selenium-chromium-driver-4.34.0.jar;C:\Users\dell\.m2\repository\org\seleniumhq\selenium\selenium-devtools-v136\4.34.0\selenium-devtools-v136-4.34.0.jar;C:\Users\dell\.m2\repository\org\seleniumhq\selenium\selenium-devtools-v137\4.34.0\selenium-devtools-v137-4.34.0.jar;C:\Users\dell\.m2\repository\org\seleniumhq\selenium\selenium-devtools-v138\4.34.0\selenium-devtools-v138-4.34.0.jar;C:\Users\dell\.m2\repository\org\seleniumhq\selenium\selenium-edge-driver\4.34.0\selenium-edge-driver-4.34.0.jar;C:\Users\dell\.m2\repository\org\seleniumhq\selenium\selenium-firefox-driver\4.34.0\selenium-firefox-driver-4.34.0.jar;C:\Users\dell\.m2\repository\org\seleniumhq\selenium\selenium-http\4.34.0\selenium-http-4.34.0.jar;C:\Users\dell\.m2\repository\org\seleniumhq\selenium\selenium-ie-driver\4.34.0\selenium-ie-driver-4.34.0.jar;C:\Users\dell\.m2\repository\org\seleniumhq\selenium\selenium-remote-driver\4.34.0\selenium-remote-driver-4.34.0.jar;C:\Users\dell\.m2\repository\com\google\guava\guava\33.4.8-jre\guava-33.4.8-jre.jar;C:\Users\dell\.m2\repository\com\google\guava\failureaccess\1.0.3\failureaccess-1.0.3.jar;C:\Users\dell\.m2\repository\com\google\guava\listenablefuture\9999.0-empty-to-avoid-conflict-with-guava\listenablefuture-9999.0-empty-to-avoid-conflict-with-guava.jar;C:\Users\dell\.m2\repository\com\google\errorprone\error_prone_annotations\2.36.0\error_prone_annotations-2.36.0.jar;C:\Users\dell\.m2\repository\com\google\j2objc\j2objc-annotations\3.0.0\j2objc-annotations-3.0.0.jar;C:\Users\dell\.m2\repository\io\opentelemetry\opentelemetry-api\1.51.0\opentelemetry-api-1.51.0.jar;C:\Users\dell\.m2\repository\io\opentelemetry\opentelemetry-context\1.51.0\opentelemetry-context-1.51.0.jar;C:\Users\dell\.m2\repository\io\opentelemetry\opentelemetry-exporter-logging\1.51.0\opentelemetry-exporter-logging-1.51.0.jar;C:\Users\dell\.m2\repository\io\opentelemetry\opentelemetry-sdk-common\1.51.0\opentelemetry-sdk-common-1.51.0.jar;C:\Users\dell\.m2\repository\io\opentelemetry\opentelemetry-sdk-extension-autoconfigure-spi\1.51.0\opentelemetry-sdk-extension-autoconfigure-spi-1.51.0.jar;C:\Users\dell\.m2\repository\io\opentelemetry\opentelemetry-sdk-extension-autoconfigure\1.51.0\opentelemetry-sdk-extension-autoconfigure-1.51.0.jar;C:\Users\dell\.m2\repository\io\opentelemetry\opentelemetry-sdk-trace\1.51.0\opentelemetry-sdk-trace-1.51.0.jar;C:\Users\dell\.m2\repository\io\opentelemetry\opentelemetry-sdk\1.51.0\opentelemetry-sdk-1.51.0.jar;C:\Users\dell\.m2\repository\io\opentelemetry\opentelemetry-sdk-metrics\1.51.0\opentelemetry-sdk-metrics-1.51.0.jar;C:\Users\dell\.m2\repository\io\opentelemetry\opentelemetry-sdk-logs\1.51.0\opentelemetry-sdk-logs-1.51.0.jar;C:\Users\dell\.m2\repository\net\bytebuddy\byte-buddy\1.17.6\byte-buddy-1.17.6.jar;C:\Users\dell\.m2\repository\org\seleniumhq\selenium\selenium-safari-driver\4.34.0\selenium-safari-driver-4.34.0.jar;C:\Users\dell\.m2\repository\org\seleniumhq\selenium\selenium-support\4.34.0\selenium-support-4.34.0.jar;C:\Users\dell\.m2\repository\org\seleniumhq\selenium\selenium-manager\4.34.0\selenium-manager-4.34.0.jar;C:\Users\dell\.m2\repository\org\seleniumhq\selenium\selenium-json\4.34.0\selenium-json-4.34.0.jar;C:\Users\dell\.m2\repository\org\seleniumhq\selenium\selenium-os\4.34.0\selenium-os-4.34.0.jar;C:\Users\dell\.m2\repository\org\apache\commons\commons-exec\1.5.0\commons-exec-1.5.0.jar;C:\Users\dell\.m2\repository\org\testng\testng\7.11.0\testng-7.11.0.jar;C:\Users\dell\.m2\repository\org\slf4j\slf4j-api\2.0.16\slf4j-api-2.0.16.jar;C:\Users\dell\.m2\repository\org\jcommander\jcommander\1.83\jcommander-1.83.jar;C:\Users\dell\.m2\repository\org\webjars\jquery\3.7.1\jquery-3.7.1.jar;C:\Users\dell\.m2\repository\org\apache\logging\log4j\log4j-core\2.24.3\log4j-core-2.24.3.jar;C:\Users\dell\.m2\repository\org\apache\logging\log4j\log4j-api\2.24.3\log4j-api-2.24.3.jar;C:\Users\dell\.m2\repository\com\aventstack\extentreports\5.0.9\extentreports-5.0.9.jar;C:\Users\dell\.m2\repository\io\reactivex\rxjava3\rxjava\3.0.4\rxjava-3.0.4.jar;C:\Users\dell\.m2\repository\org\reactivestreams\reactive-streams\1.0.3\reactive-streams-1.0.3.jar;C:\Users\dell\.m2\repository\org\freemarker\freemarker\2.3.30\freemarker-2.3.30.jar;C:\Users\dell\.m2\repository\com\google\code\gson\gson\2.8.6\gson-2.8.6.jar;C:\Users\dell\.m2\repository\commons-io\commons-io\2.19.0\commons-io-2.19.0.jar;C:\Users\dell\.m2\repository\org\apache\poi\poi-ooxml\5.4.1\poi-ooxml-5.4.1.jar;C:\Users\dell\.m2\repository\org\apache\poi\poi\5.4.1\poi-5.4.1.jar;C:\Users\dell\.m2\repository\commons-codec\commons-codec\1.18.0\commons-codec-1.18.0.jar;C:\Users\dell\.m2\repository\org\apache\commons\commons-math3\3.6.1\commons-math3-3.6.1.jar;C:\Users\dell\.m2\repository\com\zaxxer\SparseBitSet\1.3\SparseBitSet-1.3.jar;C:\Users\dell\.m2\repository\org\apache\poi\poi-ooxml-lite\5.4.1\poi-ooxml-lite-5.4.1.jar;C:\Users\dell\.m2\repository\org\apache\xmlbeans\xmlbeans\5.3.0\xmlbeans-5.3.0.jar;C:\Users\dell\.m2\repository\org\apache\commons\commons-compress\1.27.1\commons-compress-1.27.1.jar;C:\Users\dell\.m2\repository\org\apache\commons\commons-lang3\3.16.0\commons-lang3-3.16.0.jar;C:\Users\dell\.m2\repository\com\github\virtuald\curvesapi\1.08\curvesapi-1.08.jar;C:\Users\dell\.m2\repository\org\apache\commons\commons-collections4\4.4\commons-collections4-4.4.jar;C:\Users\dell\.m2\repository\com\sun\mail\jakarta.mail\2.0.1\jakarta.mail-2.0.1.jar;C:\Users\dell\.m2\repository\com\sun\activation\jakarta.activation\2.0.1\jakarta.activation-2.0.1.jar;C:\Users\dell\.m2\repository\org\projectlombok\lombok\1.18.30\lombok-1.18.30.jar;"/>
    <property name="sun.cpu.endian" value="little"/>
    <property name="user.home" value="C:\Users\dell"/>
    <property name="user.language" value="en"/>
    <property name="java.specification.vendor" value="Oracle Corporation"/>
    <property name="java.version.date" value="2025-04-15"/>
    <property name="java.home" value="C:\Program Files\Java\jdk-21"/>
    <property name="file.separator" value="\"/>
    <property name="basedir" value="C:\ASN\eclipse_workspace\demoqa-automation"/>
    <property name="java.vm.compressedOopsMode" value="32-bit"/>
    <property name="line.separator" value="&#10;"/>
    <property name="java.vm.specification.vendor" value="Oracle Corporation"/>
    <property name="java.specification.name" value="Java Platform API Specification"/>
    <property name="surefire.real.class.path" value="C:\Users\dell\AppData\Local\Temp\surefire4599686675494507405\surefirebooter-20250811141228201_3.jar"/>
    <property name="user.script" value=""/>
    <property name="sun.management.compiler" value="HotSpot 64-Bit Tiered Compilers"/>
    <property name="java.runtime.version" value="21.0.7+8-LTS-245"/>
    <property name="user.name" value="dell"/>
    <property name="stdout.encoding" value="Cp1252"/>
    <property name="path.separator" value=";"/>
    <property name="os.version" value="10.0"/>
    <property name="java.runtime.name" value="Java(TM) SE Runtime Environment"/>
    <property name="file.encoding" value="UTF-8"/>
    <property name="java.vm.name" value="Java HotSpot(TM) 64-Bit Server VM"/>
    <property name="localRepository" value="C:\Users\dell\.m2\repository"/>
    <property name="java.vendor.url.bug" value="https://bugreport.java.com/bugreport/"/>
    <property name="java.io.tmpdir" value="C:\Users\dell\AppData\Local\Temp\"/>
    <property name="java.version" value="21.0.7"/>
    <property name="user.dir" value="C:\ASN\eclipse_workspace\demoqa-automation"/>
    <property name="os.arch" value="amd64"/>
    <property name="java.vm.specification.name" value="Java Virtual Machine Specification"/>
    <property name="sun.os.patch.level" value=""/>
    <property name="native.encoding" value="Cp1252"/>
    <property name="java.library.path" value="C:\Program Files\Java\jdk-21\bin;C:\WINDOWS\Sun\Java\bin;C:\WINDOWS\system32;C:\WINDOWS;C:\Program Files\Python313\Scripts\;C:\Program Files\Python313\;C:\Program Files\Common Files\Oracle\Java\javapath;C:\WINDOWS\system32;C:\WINDOWS;C:\WINDOWS\System32\Wbem;C:\WINDOWS\System32\WindowsPowerShell\v1.0\;C:\WINDOWS\System32\OpenSSH\;C:\Program Files\dotnet\;C:\Program Files\Java\jdk-17\bin;C:\ProgramData\Oracle\Java\javapath;C:\Program Files\PowerShell\7\;C:\Program Files\Java\jdk-21\bin;C:\ASN\apache-maven-3.9.9\bin;C:\Program Files\Git\cmd;C:\Users\dell\AppData\Local\Programs\Python\Python313\Scripts\;C:\Users\dell\AppData\Local\Programs\Python\Python313\;C:\Users\dell\AppData\Local\Programs\Python\Python310\Scripts\;C:\Users\dell\AppData\Local\Programs\Python\Python310\;C:\Users\dell\AppData\Local\Microsoft\WindowsApps;C:\Program Files\JetBrains\PyCharm Community Edition 2022.1.1\bin;;C:\Users\dell\AppData\Local\GitHubDesktop\bin;C:\Users\dell\AppData\Local\Programs\Microsoft VS Code\bin;C:\Users\dell\.dotnet\tools;."/>
    <property name="java.vm.info" value="mixed mode, sharing"/>
    <property name="stderr.encoding" value="Cp1252"/>
    <property name="java.vendor" value="Oracle Corporation"/>
    <property name="java.vm.version" value="21.0.7+8-LTS-245"/>
    <property name="sun.io.unicode.encoding" value="UnicodeLittle"/>
    <property name="java.class.version" value="65.0"/>
  </properties>
  <testcase name="accessAlertsFrameWindows" classname="tests.AlertsFramesWindowsTests" time="0.349">
    <system-out><![CDATA[2025-08-11T08:42:29.318723300Z main INFO Starting configuration XmlConfiguration[location=C:\ASN\eclipse_workspace\demoqa-automation\target\classes\log4j2.xml, lastModified=2025-08-05T03:16:47.250Z]...
2025-08-11T08:42:29.324417600Z main INFO Start watching for changes to C:\ASN\eclipse_workspace\demoqa-automation\target\classes\log4j2.xml every 0 seconds
2025-08-11T08:42:29.324417600Z main INFO Configuration XmlConfiguration[location=C:\ASN\eclipse_workspace\demoqa-automation\target\classes\log4j2.xml, lastModified=2025-08-05T03:16:47.250Z] started.
2025-08-11T08:42:29.329539200Z main INFO Stopping configuration org.apache.logging.log4j.core.config.DefaultConfiguration@60bd273d...
2025-08-11T08:42:29.329539200Z main INFO Configuration org.apache.logging.log4j.core.config.DefaultConfiguration@60bd273d stopped.
2025-08-11 14:12:29 [main] INFO  demoqaBase - Starting Web Browser...
2025-08-11 14:12:31 [main] INFO  demoqaBase - Navigating to demoqa.com Website
2025-08-11 14:13:01 [main] WARN  demoqaLog - Navigation failed due to 502 or timeout. Retrying... Attempt 1
2025-08-11 14:13:04 [main] INFO  demoqaLog - Successfully navigated to: https://demoqa.com
2025-08-11 14:13:04 [main] INFO  demoqaLog - Starting Test Alerts, Frames & Windows...
2025-08-11 14:13:04 [main] INFO  demoqaLog - Accessing Alerts, Frame & Windows Card...
2025-08-11 14:13:04 [main] INFO  demoqaLog - Clicking on Alert Frame & Windows Card...
2025-08-11 14:13:05 [main] INFO  demoqaLog - Clicked on on Alert Frame & Windows Card...
Title of this Page is: DEMOQA
You can now access: Alerts, Frame & Windows
2025-08-11 14:13:05 [main] INFO  demoqaLog - Page: Alerts, Frame & Windows Card...
2025-08-11 14:13:05 [main] INFO  demoqaLog -  Alerts, Frames & Windows Test Completed...
]]></system-out>
    <system-err><![CDATA[SLF4J(W): No SLF4J providers were found.
SLF4J(W): Defaulting to no-operation (NOP) logger implementation
SLF4J(W): See https://www.slf4j.org/codes.html#noProviders for further details.
]]></system-err>
  </testcase>
  <testcase name="ElementsCard" classname="tests.ElementsTests" time="0.865">
    <system-out><![CDATA[2025-08-11 14:13:05 [main] INFO  demoqaBase - Closing the Browser...
2025-08-11 14:13:05 [main] INFO  demoqaBase - Starting Web Browser...
2025-08-11 14:13:06 [main] INFO  demoqaBase - Navigating to demoqa.com Website
2025-08-11 14:13:36 [main] WARN  demoqaLog - Navigation failed due to 502 or timeout. Retrying... Attempt 1
2025-08-11 14:13:40 [main] INFO  demoqaLog - Successfully navigated to: https://demoqa.com
2025-08-11 14:13:40 [main] INFO  demoqaLog - Starting Test Elements | Text Box Test...
2025-08-11 14:13:40 [main] INFO  demoqaLog - Accessing Elements Card...
2025-08-11 14:13:40 [main] INFO  demoqaLog - Successfully navigated to: https://demoqa.com
2025-08-11 14:13:40 [main] INFO  demoqaLog - Clicking on Elements Card...
Title of this Page is: DEMOQA
You can now Access: Elements
 
Title of this Page is: DEMOQA
2025-08-11 14:13:41 [main] INFO  demoqaLog - Element Card Test Completed...
]]></system-out>
  </testcase>
  <testcase name="TextBox" classname="tests.ElementsTests" time="2.929">
    <system-out><![CDATA[2025-08-11 14:13:41 [main] INFO  demoqaBase - Closing the Browser...
2025-08-11 14:13:41 [main] INFO  demoqaBase - Starting Web Browser...
2025-08-11 14:13:42 [main] INFO  demoqaBase - Navigating to demoqa.com Website
2025-08-11 14:14:12 [main] WARN  demoqaLog - Navigation failed due to 502 or timeout. Retrying... Attempt 1
2025-08-11 14:14:15 [main] INFO  demoqaLog - Successfully navigated to: https://demoqa.com
2025-08-11 14:14:15 [main] INFO  demoqaLog - Starting Test Elements | Text Box Test...
2025-08-11 14:14:15 [main] INFO  demoqaLog - Accessing Elements Card...
2025-08-11 14:14:16 [main] INFO  demoqaLog - Successfully navigated to: https://demoqa.com
2025-08-11 14:14:16 [main] INFO  demoqaLog - Clicking on Elements Card...
Title of this Page is: DEMOQA
You can now Access: Elements
 
2025-08-11 14:14:16 [main] INFO  demoqaLog - Accessing Text Box...
Text Box
2025-08-11 14:14:17 [main] INFO  demoqaLog - You are accessing: Text Box
2025-08-11 14:14:17 [main] INFO  demoqaLog - Title of this Page is: DEMOQA
2025-08-11 14:14:17 [main] INFO  demoqaLog - Entering Full Name...
2025-08-11 14:14:17 [main] INFO  demoqaLog - Full Name is: John Rambo
2025-08-11 14:14:17 [main] INFO  demoqaLog - Entering Email Address...
2025-08-11 14:14:17 [main] INFO  demoqaLog - Email Address is: JRambo@demoqa.com
2025-08-11 14:14:17 [main] INFO  demoqaLog - Entering Current Address...
2025-08-11 14:14:18 [main] INFO  demoqaLog - Current Address is: 511 Grant 481, Prattsville
 Arkansas 72129
 United States
2025-08-11 14:14:18 [main] INFO  demoqaLog - Entering Permanent Address...
2025-08-11 14:14:18 [main] INFO  demoqaLog - Parmenant Address is: 579 Grant 3381, Prattsville
 Arkansas 72100
 United States
2025-08-11 14:14:18 [main] INFO  demoqaLog - Clicking on Submit Button...
2025-08-11 14:14:18 [main] INFO  demoqaLog - Clicked Submit Button...
Information Submitted is: Name:John Rambo
Email:JRambo@demoqa.com
Current Address :511 Grant 481, Prattsville Arkansas 72129 United States
Permananet Address :579 Grant 3381, Prattsville Arkansas 72100 United States
2025-08-11 14:14:18 [main] INFO  demoqaLog - Text Box Element Test Completed...
]]></system-out>
  </testcase>
  <testcase name="CheckBox" classname="tests.ElementsTests" time="1.384">
    <system-out><![CDATA[Path for Screenshot is: C:\ASN\eclipse_workspace\demoqa-automation/screenshots/TextBox Passed+2025-08-11_14-14-18.png
2025-08-11 14:14:19 [main] INFO  demoqaBase - Closing the Browser...
2025-08-11 14:14:19 [main] INFO  demoqaBase - Starting Web Browser...
2025-08-11 14:14:20 [main] INFO  demoqaBase - Navigating to demoqa.com Website
2025-08-11 14:14:47 [main] INFO  demoqaLog - Successfully navigated to: https://demoqa.com
2025-08-11 14:14:47 [main] INFO  demoqaLog - Starting Test Elements | Check Box Test...
2025-08-11 14:14:47 [main] INFO  demoqaLog - Accessing Elements Card...
2025-08-11 14:14:48 [main] INFO  demoqaLog - Successfully navigated to: https://demoqa.com
2025-08-11 14:14:48 [main] INFO  demoqaLog - Clicking on Elements Card...
Title of this Page is: DEMOQA
You can now Access: Elements
 
2025-08-11 14:14:48 [main] INFO  demoqaLog - Accessing Check Box...
Check Box
2025-08-11 14:14:49 [main] INFO  demoqaLog - You are accessing: Check Box
2025-08-11 14:14:49 [main] INFO  demoqaLog - Test Elements | Check Box Test Test Completed...
]]></system-out>
  </testcase>
  <testcase name="SelectingHomeCheckBox" classname="tests.ElementsTests" time="1.447">
    <system-out><![CDATA[2025-08-11 14:14:49 [main] INFO  demoqaBase - Closing the Browser...
2025-08-11 14:14:49 [main] INFO  demoqaBase - Starting Web Browser...
2025-08-11 14:14:50 [main] INFO  demoqaBase - Navigating to demoqa.com Website
2025-08-11 14:15:20 [main] WARN  demoqaLog - Navigation failed due to 502 or timeout. Retrying... Attempt 1
2025-08-11 14:15:24 [main] INFO  demoqaLog - Successfully navigated to: https://demoqa.com
2025-08-11 14:15:24 [main] INFO  demoqaLog - Starting Test Elements | Selecting Home Check Box Test...
2025-08-11 14:15:24 [main] INFO  demoqaLog - Accessing Elements Card...
2025-08-11 14:15:24 [main] INFO  demoqaLog - Successfully navigated to: https://demoqa.com
2025-08-11 14:15:24 [main] INFO  demoqaLog - Clicking on Elements Card...
Title of this Page is: DEMOQA
You can now Access: Elements
 
2025-08-11 14:15:24 [main] INFO  demoqaLog - Accessing Check Box...
Check Box
2025-08-11 14:15:25 [main] INFO  demoqaLog - You are accessing: Check Box
2025-08-11 14:15:25 [main] INFO  demoqaLog - Selecting Home Check Box...
Information Submitted is: You have selected :
home
desktop
notes
commands
documents
workspace
react
angular
veu
office
public
private
classified
general
downloads
wordFile
excelFile
2025-08-11 14:15:25 [main] INFO  demoqaLog - You have Selected: You have selected :
home
desktop
notes
commands
documents
workspace
react
angular
veu
office
public
private
classified
general
downloads
wordFile
excelFile
2025-08-11 14:15:25 [main] INFO  demoqaLog - Elements | Selecting Home Test Completed...
]]></system-out>
  </testcase>
  <testcase name="SelectingDesktopCheckBox" classname="tests.ElementsTests" time="1.388">
    <system-out><![CDATA[2025-08-11 14:15:25 [main] INFO  demoqaBase - Closing the Browser...
2025-08-11 14:15:25 [main] INFO  demoqaBase - Starting Web Browser...
2025-08-11 14:15:26 [main] INFO  demoqaBase - Navigating to demoqa.com Website
2025-08-11 14:15:56 [main] WARN  demoqaLog - Navigation failed due to 502 or timeout. Retrying... Attempt 1
2025-08-11 14:16:00 [main] INFO  demoqaLog - Successfully navigated to: https://demoqa.com
2025-08-11 14:16:00 [main] INFO  demoqaLog - Starting Test Elements | Selecting Desktop Check Box Test...
2025-08-11 14:16:00 [main] INFO  demoqaLog - Accessing Elements Card...
2025-08-11 14:16:01 [main] INFO  demoqaLog - Successfully navigated to: https://demoqa.com
2025-08-11 14:16:01 [main] INFO  demoqaLog - Clicking on Elements Card...
Title of this Page is: DEMOQA
You can now Access: Elements
 
2025-08-11 14:16:01 [main] INFO  demoqaLog - Accessing Check Box...
Check Box
2025-08-11 14:16:01 [main] INFO  demoqaLog - You are accessing: Check Box
2025-08-11 14:16:01 [main] INFO  demoqaLog - Clicking on Home Toggle Button...
2025-08-11 14:16:01 [main] INFO  demoqaLog - Selecting Deskstop Check Box...
Information Submitted is: You have selected :
desktop
notes
commands
2025-08-11 14:16:01 [main] INFO  demoqaLog - You have Selected: You have selected :
desktop
notes
commands
2025-08-11 14:16:01 [main] INFO  demoqaLog - Elements | Home | Desktop Test Completed...
]]></system-out>
  </testcase>
  <testcase name="SelectingNotesCommandsClick" classname="tests.ElementsTests" time="1.466">
    <system-out><![CDATA[2025-08-11 14:16:01 [main] INFO  demoqaBase - Closing the Browser...
2025-08-11 14:16:02 [main] INFO  demoqaBase - Starting Web Browser...
2025-08-11 14:16:03 [main] INFO  demoqaBase - Navigating to demoqa.com Website
2025-08-11 14:16:26 [main] INFO  demoqaLog - Successfully navigated to: https://demoqa.com
2025-08-11 14:16:26 [main] INFO  demoqaLog - Starting Test Elements | Selecting Desktop| Notes & Commands Check Box Test...
2025-08-11 14:16:26 [main] INFO  demoqaLog - Accessing Elements Card...
2025-08-11 14:16:27 [main] INFO  demoqaLog - Successfully navigated to: https://demoqa.com
2025-08-11 14:16:27 [main] INFO  demoqaLog - Clicking on Elements Card...
Title of this Page is: DEMOQA
You can now Access: Elements
 
2025-08-11 14:16:27 [main] INFO  demoqaLog - Accessing Check Box...
Check Box
2025-08-11 14:16:27 [main] INFO  demoqaLog - You are accessing: Check Box
2025-08-11 14:16:27 [main] INFO  demoqaLog - Clicking on Home Toggle Button...
2025-08-11 14:16:27 [main] INFO  demoqaLog - Clicking on Desktop Toggle Button...
2025-08-11 14:16:27 [main] INFO  demoqaLog - Clicking on Notes Button...
2025-08-11 14:16:28 [main] INFO  demoqaLog - Clicking on Commands Button...
2025-08-11 14:16:28 [main] INFO  demoqaLog - Selected Notes & Commands...
Information Submitted is: You have selected :
desktop
notes
commands
2025-08-11 14:16:28 [main] INFO  demoqaLog - You have Selected: You have selected :
desktop
notes
commands
2025-08-11 14:16:28 [main] INFO  demoqaLog - Elements | Home | Desktop | Notes & Commands Completed...
]]></system-out>
  </testcase>
  <testcase name="SelectingDocumentsCheckBox" classname="tests.ElementsTests" time="1.383">
    <system-out><![CDATA[2025-08-11 14:16:28 [main] INFO  demoqaBase - Closing the Browser...
2025-08-11 14:16:28 [main] INFO  demoqaBase - Starting Web Browser...
2025-08-11 14:16:29 [main] INFO  demoqaBase - Navigating to demoqa.com Website
2025-08-11 14:16:59 [main] WARN  demoqaLog - Navigation failed due to 502 or timeout. Retrying... Attempt 1
2025-08-11 14:17:03 [main] INFO  demoqaLog - Successfully navigated to: https://demoqa.com
2025-08-11 14:17:03 [main] INFO  demoqaLog - Starting Test Elements | Selecting Documents Check Box Test...
2025-08-11 14:17:03 [main] INFO  demoqaLog - Accessing Elements Card...
2025-08-11 14:17:03 [main] INFO  demoqaLog - Successfully navigated to: https://demoqa.com
2025-08-11 14:17:03 [main] INFO  demoqaLog - Clicking on Elements Card...
Title of this Page is: DEMOQA
You can now Access: Elements
 
2025-08-11 14:17:04 [main] INFO  demoqaLog - Accessing Check Box...
Check Box
2025-08-11 14:17:04 [main] INFO  demoqaLog - You are accessing: Check Box
2025-08-11 14:17:04 [main] INFO  demoqaLog - Clicking on Home Toggle Button...
2025-08-11 14:17:04 [main] INFO  demoqaLog - Selecting Documents Check Box...
2025-08-11 14:17:04 [main] INFO  demoqaLog - Selected Documents Check Box...
Information Submitted is: You have selected :
documents
workspace
react
angular
veu
office
public
private
classified
general
2025-08-11 14:17:04 [main] INFO  demoqaLog - You have Selected: You have selected :
documents
workspace
react
angular
veu
office
public
private
classified
general
2025-08-11 14:17:04 [main] INFO  demoqaLog - Test Elements | Selecting Documents Check Box Test Completed...
]]></system-out>
  </testcase>
  <testcase name="SelectingWorkSpace" classname="tests.ElementsTests" time="1.492">
    <system-out><![CDATA[2025-08-11 14:17:04 [main] INFO  demoqaBase - Closing the Browser...
2025-08-11 14:17:04 [main] INFO  demoqaBase - Starting Web Browser...
2025-08-11 14:17:05 [main] INFO  demoqaBase - Navigating to demoqa.com Website
2025-08-11 14:17:35 [main] WARN  demoqaLog - Navigation failed due to 502 or timeout. Retrying... Attempt 1
2025-08-11 14:17:39 [main] INFO  demoqaLog - Successfully navigated to: https://demoqa.com
2025-08-11 14:17:39 [main] INFO  demoqaLog - Starting Test Elements | Home | Selecting Documents | WorkSpace Check Box Test...
2025-08-11 14:17:39 [main] INFO  demoqaLog - Accessing Elements Card...
2025-08-11 14:17:40 [main] INFO  demoqaLog - Successfully navigated to: https://demoqa.com
2025-08-11 14:17:40 [main] INFO  demoqaLog - Clicking on Elements Card...
Title of this Page is: DEMOQA
You can now Access: Elements
 
2025-08-11 14:17:40 [main] INFO  demoqaLog - Accessing Check Box...
Check Box
2025-08-11 14:17:40 [main] INFO  demoqaLog - You are accessing: Check Box
2025-08-11 14:17:40 [main] INFO  demoqaLog - Clicking on Home Toggle Button...
2025-08-11 14:17:40 [main] INFO  demoqaLog - Clicking on Documents Toggle Button...
2025-08-11 14:17:40 [main] INFO  demoqaLog - Selecting WorkSpace Check Box...
2025-08-11 14:17:40 [main] INFO  demoqaLog - Selected WorkSpace Check Box...
Information Submitted is: You have selected :
workspace
react
angular
veu
2025-08-11 14:17:41 [main] INFO  demoqaLog - You have Selected: You have selected :
workspace
react
angular
veu
2025-08-11 14:17:41 [main] INFO  demoqaLog - Test Elements | Home | Selecting Documents | WorkSpace Check Box Completed...
]]></system-out>
  </testcase>
  <testcase name="SelectReact" classname="tests.ElementsTests" time="1.652">
    <system-out><![CDATA[2025-08-11 14:17:41 [main] INFO  demoqaBase - Closing the Browser...
2025-08-11 14:17:41 [main] INFO  demoqaBase - Starting Web Browser...
2025-08-11 14:17:42 [main] INFO  demoqaBase - Navigating to demoqa.com Website
2025-08-11 14:17:58 [main] INFO  demoqaLog - Successfully navigated to: https://demoqa.com
2025-08-11 14:17:58 [main] INFO  demoqaLog - Starting Test Elements|Home|Selecting Documents|WorkSpace|React Check Box Test...
2025-08-11 14:17:58 [main] INFO  demoqaLog - Accessing Elements Card...
2025-08-11 14:17:58 [main] INFO  demoqaLog - Successfully navigated to: https://demoqa.com
2025-08-11 14:17:58 [main] INFO  demoqaLog - Clicking on Elements Card...
Title of this Page is: DEMOQA
You can now Access: Elements
 
2025-08-11 14:17:59 [main] INFO  demoqaLog - Accessing Check Box...
Check Box
2025-08-11 14:17:59 [main] INFO  demoqaLog - You are accessing: Check Box
2025-08-11 14:17:59 [main] INFO  demoqaLog - Clicking on Home Toggle Button...
2025-08-11 14:17:59 [main] INFO  demoqaLog - Clicking on Documents Toggle Button...
2025-08-11 14:17:59 [main] INFO  demoqaLog - Clicking WorkSpace Toggle Button...
2025-08-11 14:17:59 [main] INFO  demoqaLog - Clicked WorkSpace Toggle Button...
2025-08-11 14:17:59 [main] INFO  demoqaLog - Selecting WorkSpace | React Check Box...
2025-08-11 14:17:59 [main] INFO  demoqaLog - Selected WorkSpace | React Check Box...
Information Submitted is: You have selected :
react
2025-08-11 14:17:59 [main] INFO  demoqaLog - You have Selected: You have selected :
react
2025-08-11 14:17:59 [main] INFO  demoqaLog - Test Elements|Home|Documents| Selecting WorkSpace|React Check Box Completed...
]]></system-out>
  </testcase>
  <testcase name="SelectAngular" classname="tests.ElementsTests" time="1.737">
    <system-out><![CDATA[2025-08-11 14:17:59 [main] INFO  demoqaBase - Closing the Browser...
2025-08-11 14:18:00 [main] INFO  demoqaBase - Starting Web Browser...
2025-08-11 14:18:01 [main] INFO  demoqaBase - Navigating to demoqa.com Website
2025-08-11 14:18:31 [main] WARN  demoqaLog - Navigation failed due to 502 or timeout. Retrying... Attempt 1
2025-08-11 14:18:35 [main] INFO  demoqaLog - Successfully navigated to: https://demoqa.com
2025-08-11 14:18:35 [main] INFO  demoqaLog - Starting Test Elements|Home|Selecting Documents|WorkSpace|Angular Check Box Test...
2025-08-11 14:18:35 [main] INFO  demoqaLog - Accessing Elements Card...
2025-08-11 14:18:35 [main] INFO  demoqaLog - Successfully navigated to: https://demoqa.com
2025-08-11 14:18:35 [main] INFO  demoqaLog - Clicking on Elements Card...
Title of this Page is: DEMOQA
You can now Access: Elements
 
2025-08-11 14:18:35 [main] INFO  demoqaLog - Accessing Check Box...
Check Box
2025-08-11 14:18:36 [main] INFO  demoqaLog - You are accessing: Check Box
2025-08-11 14:18:36 [main] INFO  demoqaLog - Clicking on Home Toggle Button...
2025-08-11 14:18:36 [main] INFO  demoqaLog - Clicking on Documents Toggle Button...
2025-08-11 14:18:36 [main] INFO  demoqaLog - Clicking WorkSpace Toggle Button...
2025-08-11 14:18:36 [main] INFO  demoqaLog - Clicked WorkSpace Toggle Button...
2025-08-11 14:18:36 [main] INFO  demoqaLog - Selecting WorkSpace | Angular Check Box...
2025-08-11 14:18:36 [main] INFO  demoqaLog - Selected WorkSpace | Angular Check Box...
Information Submitted is: You have selected :
angular
2025-08-11 14:18:36 [main] INFO  demoqaLog - You have Selected: You have selected :
angular
2025-08-11 14:18:36 [main] INFO  demoqaLog - Test Elements|Home|Documents| Selecting WorkSpace|Angular Check Box Completed...
]]></system-out>
  </testcase>
  <testcase name="SelectVeu" classname="tests.ElementsTests" time="1.62">
    <system-out><![CDATA[2025-08-11 14:18:36 [main] INFO  demoqaBase - Closing the Browser...
2025-08-11 14:18:37 [main] INFO  demoqaBase - Starting Web Browser...
2025-08-11 14:18:38 [main] INFO  demoqaBase - Navigating to demoqa.com Website
2025-08-11 14:19:08 [main] WARN  demoqaLog - Navigation failed due to 502 or timeout. Retrying... Attempt 1
2025-08-11 14:19:11 [main] INFO  demoqaLog - Successfully navigated to: https://demoqa.com
2025-08-11 14:19:11 [main] INFO  demoqaLog - Starting Test Elements|Home|Selecting Documents|WorkSpace|Veu Check Box Test...
2025-08-11 14:19:11 [main] INFO  demoqaLog - Accessing Elements Card...
2025-08-11 14:19:12 [main] INFO  demoqaLog - Successfully navigated to: https://demoqa.com
2025-08-11 14:19:12 [main] INFO  demoqaLog - Clicking on Elements Card...
Title of this Page is: DEMOQA
You can now Access: Elements
 
2025-08-11 14:19:12 [main] INFO  demoqaLog - Accessing Check Box...
Check Box
2025-08-11 14:19:12 [main] INFO  demoqaLog - You are accessing: Check Box
2025-08-11 14:19:12 [main] INFO  demoqaLog - Clicking on Home Toggle Button...
2025-08-11 14:19:12 [main] INFO  demoqaLog - Clicking on Documents Toggle Button...
2025-08-11 14:19:12 [main] INFO  demoqaLog - Clicking WorkSpace Toggle Button...
2025-08-11 14:19:13 [main] INFO  demoqaLog - Clicked WorkSpace Toggle Button...
2025-08-11 14:19:13 [main] INFO  demoqaLog - Selecting WorkSpace | Veu Check Box...
2025-08-11 14:19:13 [main] INFO  demoqaLog - Selected WorkSpace | Veu Check Box...
Information Submitted is: You have selected :
veu
2025-08-11 14:19:13 [main] INFO  demoqaLog - You have Selected: You have selected :
veu
2025-08-11 14:19:13 [main] INFO  demoqaLog - Test Elements|Home|Documents| Selecting WorkSpace|Veu Check Box Completed...
]]></system-out>
  </testcase>
  <testcase name="SelectReactAnuglarVeu" classname="tests.ElementsTests" time="1.767">
    <system-out><![CDATA[2025-08-11 14:19:13 [main] INFO  demoqaBase - Closing the Browser...
2025-08-11 14:19:13 [main] INFO  demoqaBase - Starting Web Browser...
2025-08-11 14:19:14 [main] INFO  demoqaBase - Navigating to demoqa.com Website
2025-08-11 14:19:44 [main] WARN  demoqaLog - Navigation failed due to 502 or timeout. Retrying... Attempt 1
2025-08-11 14:19:49 [main] INFO  demoqaLog - Successfully navigated to: https://demoqa.com
2025-08-11 14:19:49 [main] INFO  demoqaLog - Starting Test Elements|Home|Selecting Documents|WorkSpace|React-Anuglar-Veu Check Box Test...
2025-08-11 14:19:49 [main] INFO  demoqaLog - Accessing Elements Card...
2025-08-11 14:19:49 [main] INFO  demoqaLog - Successfully navigated to: https://demoqa.com
2025-08-11 14:19:49 [main] INFO  demoqaLog - Clicking on Elements Card...
Title of this Page is: DEMOQA
You can now Access: Elements
 
2025-08-11 14:19:50 [main] INFO  demoqaLog - Accessing Check Box...
Check Box
2025-08-11 14:19:50 [main] INFO  demoqaLog - You are accessing: Check Box
2025-08-11 14:19:50 [main] INFO  demoqaLog - Clicking on Home Toggle Button...
2025-08-11 14:19:50 [main] INFO  demoqaLog - Clicking on Documents Toggle Button...
2025-08-11 14:19:50 [main] INFO  demoqaLog - Clicking WorkSpace Toggle Button...
2025-08-11 14:19:50 [main] INFO  demoqaLog - Clicked WorkSpace Toggle Button...
2025-08-11 14:19:50 [main] INFO  demoqaLog - Selecting WorkSpace | React Check Box...
2025-08-11 14:19:50 [main] INFO  demoqaLog - Selected WorkSpace | React Check Box...
2025-08-11 14:19:50 [main] INFO  demoqaLog - Selecting WorkSpace | Angular Check Box...
2025-08-11 14:19:50 [main] INFO  demoqaLog - Selected WorkSpace | Angular Check Box...
2025-08-11 14:19:50 [main] INFO  demoqaLog - Selecting WorkSpace | Veu Check Box...
2025-08-11 14:19:51 [main] INFO  demoqaLog - Selected WorkSpace | Veu Check Box...
Information Submitted is: You have selected :
workspace
react
angular
veu
2025-08-11 14:19:51 [main] INFO  demoqaLog - You have Selected: You have selected :
workspace
react
angular
veu
2025-08-11 14:19:51 [main] INFO  demoqaLog - Test Elements|Home|Documents| Selecting WorkSpace|React-Anuglar-Veu Check Box Completed...
]]></system-out>
  </testcase>
  <testcase name="SelectingOffice" classname="tests.ElementsTests" time="2.134">
    <system-out><![CDATA[2025-08-11 14:19:51 [main] INFO  demoqaBase - Closing the Browser...
2025-08-11 14:19:51 [main] INFO  demoqaBase - Starting Web Browser...
2025-08-11 14:19:52 [main] INFO  demoqaBase - Navigating to demoqa.com Website
2025-08-11 14:20:22 [main] WARN  demoqaLog - Navigation failed due to 502 or timeout. Retrying... Attempt 1
2025-08-11 14:20:26 [main] INFO  demoqaLog - Successfully navigated to: https://demoqa.com
2025-08-11 14:20:26 [main] INFO  demoqaLog - Starting Test Elements|Home|Selecting Documents|Office Check Box Test...
2025-08-11 14:20:26 [main] INFO  demoqaLog - Accessing Elements Card...
2025-08-11 14:20:27 [main] INFO  demoqaLog - Successfully navigated to: https://demoqa.com
2025-08-11 14:20:27 [main] INFO  demoqaLog - Clicking on Elements Card...
Title of this Page is: DEMOQA
You can now Access: Elements
 
2025-08-11 14:20:27 [main] INFO  demoqaLog - Accessing Check Box...
Check Box
2025-08-11 14:20:27 [main] INFO  demoqaLog - You are accessing: Check Box
2025-08-11 14:20:27 [main] INFO  demoqaLog - Clicking on Home Toggle Button...
2025-08-11 14:20:27 [main] INFO  demoqaLog - Clicking on Documents Toggle Button...
2025-08-11 14:20:28 [main] INFO  demoqaLog - Selecting WorkSpace Check Box...
2025-08-11 14:20:28 [main] INFO  demoqaLog - Selected WorkSpace Check Box...
Information Submitted is: You have selected :
office
public
private
classified
general
2025-08-11 14:20:28 [main] INFO  demoqaLog - You have Selected: You have selected :
office
public
private
classified
general
2025-08-11 14:20:28 [main] INFO  demoqaLog - Test Elements|Home|Selecting Documents|Office Check Box Completed...
]]></system-out>
  </testcase>
  <testcase name="SelectPublic" classname="tests.ElementsTests" time="2.402">
    <system-out><![CDATA[2025-08-11 14:20:28 [main] INFO  demoqaBase - Closing the Browser...
2025-08-11 14:20:28 [main] INFO  demoqaBase - Starting Web Browser...
2025-08-11 14:20:29 [main] INFO  demoqaBase - Navigating to demoqa.com Website
2025-08-11 14:20:54 [main] INFO  demoqaLog - Successfully navigated to: https://demoqa.com
2025-08-11 14:20:54 [main] INFO  demoqaLog - Starting Test Elements|Home|Selecting Documents|Office|Public Check Box Test...
2025-08-11 14:20:54 [main] INFO  demoqaLog - Accessing Elements Card...
2025-08-11 14:20:55 [main] INFO  demoqaLog - Successfully navigated to: https://demoqa.com
2025-08-11 14:20:55 [main] INFO  demoqaLog - Clicking on Elements Card...
Title of this Page is: DEMOQA
You can now Access: Elements
 
2025-08-11 14:20:55 [main] INFO  demoqaLog - Accessing Check Box...
Check Box
2025-08-11 14:20:56 [main] INFO  demoqaLog - You are accessing: Check Box
2025-08-11 14:20:56 [main] INFO  demoqaLog - Clicking on Home Toggle Button...
2025-08-11 14:20:56 [main] INFO  demoqaLog - Clicking on Documents Toggle Button...
2025-08-11 14:20:56 [main] INFO  demoqaLog - Clicking Office Toggle Button...
2025-08-11 14:20:56 [main] INFO  demoqaLog - Clicked Office Toggle Button...
2025-08-11 14:20:56 [main] INFO  demoqaLog - Selecting Office | Public Check Box...
2025-08-11 14:20:57 [main] INFO  demoqaLog - Selected Office | Public Check Box...
Information Submitted is: You have selected :
public
2025-08-11 14:20:57 [main] INFO  demoqaLog - You have Selected: You have selected :
public
2025-08-11 14:20:57 [main] INFO  demoqaLog - Test Elements|Home|Documents|Office|Selecting Public Check Box Completed...
]]></system-out>
  </testcase>
  <testcase name="SelectPrivate" classname="tests.ElementsTests" time="2.02">
    <system-out><![CDATA[2025-08-11 14:20:57 [main] INFO  demoqaBase - Closing the Browser...
2025-08-11 14:20:57 [main] INFO  demoqaBase - Starting Web Browser...
2025-08-11 14:20:58 [main] INFO  demoqaBase - Navigating to demoqa.com Website
2025-08-11 14:21:28 [main] WARN  demoqaLog - Navigation failed due to 502 or timeout. Retrying... Attempt 1
2025-08-11 14:21:32 [main] INFO  demoqaLog - Successfully navigated to: https://demoqa.com
2025-08-11 14:21:32 [main] INFO  demoqaLog - Starting Test Elements|Home|Selecting Documents|Office|Private Check Box Test...
2025-08-11 14:21:32 [main] INFO  demoqaLog - Accessing Elements Card...
2025-08-11 14:21:33 [main] INFO  demoqaLog - Successfully navigated to: https://demoqa.com
2025-08-11 14:21:33 [main] INFO  demoqaLog - Clicking on Elements Card...
Title of this Page is: DEMOQA
You can now Access: Elements
 
2025-08-11 14:21:33 [main] INFO  demoqaLog - Accessing Check Box...
Check Box
2025-08-11 14:21:34 [main] INFO  demoqaLog - You are accessing: Check Box
2025-08-11 14:21:34 [main] INFO  demoqaLog - Clicking on Home Toggle Button...
2025-08-11 14:21:34 [main] INFO  demoqaLog - Clicking on Documents Toggle Button...
2025-08-11 14:21:34 [main] INFO  demoqaLog - Clicking Office Toggle Button...
2025-08-11 14:21:34 [main] INFO  demoqaLog - Clicked Office Toggle Button...
2025-08-11 14:21:34 [main] INFO  demoqaLog - Selecting Office | Private Check Box...
2025-08-11 14:21:34 [main] INFO  demoqaLog - Selected Office | Private Check Box...
Information Submitted is: You have selected :
private
2025-08-11 14:21:34 [main] INFO  demoqaLog - You have Selected: You have selected :
private
2025-08-11 14:21:34 [main] INFO  demoqaLog - Test Elements|Home|Documents|Office|Selecting Private Check Box Completed...
]]></system-out>
  </testcase>
  <testcase name="SelectClassified" classname="tests.ElementsTests" time="0.237">
    <failure message="no such element: Unable to locate element: {&quot;method&quot;:&quot;xpath&quot;,&quot;selector&quot;:&quot;//div[@class=&apos;category-cards&apos;]//div[1]//div[1]//div[2]//*[name()=&apos;svg&apos;]&quot;}&#10;  (Session info: chrome=137.0.7151.120)&#10;For documentation on this error, please visit: https://www.selenium.dev/documentation/webdriver/troubleshooting/errors#no-such-element-exception&#10;Build info: version: &apos;4.34.0&apos;, revision: &apos;707dcb4246*&apos;&#10;System info: os.name: &apos;Windows 11&apos;, os.arch: &apos;amd64&apos;, os.version: &apos;10.0&apos;, java.version: &apos;21.0.7&apos;&#10;Driver info: org.openqa.selenium.chrome.ChromeDriver&#10;Command: [1c655d31476cc2636b653e43bd4d4463, findElement {value=//div[@class=&apos;category-cards&apos;]//div[1]//div[1]//div[2]//*[name()=&apos;svg&apos;], using=xpath}]&#10;Capabilities {acceptInsecureCerts: false, browserName: chrome, browserVersion: 137.0.7151.120, chrome: {chromedriverVersion: 137.0.7151.119 (e0ac9d12dff..., userDataDir: /tmp/chrome-profile-be64ddf...}, fedcm:accounts: true, goog:chromeOptions: {debuggerAddress: localhost:55830}, networkConnectionEnabled: false, pageLoadStrategy: normal, platformName: windows, proxy: Proxy(), se:cdp: ws://localhost:55830/devtoo..., se:cdpVersion: 137.0.7151.120, setWindowRect: true, strictFileInteractability: false, timeouts: {implicit: 0, pageLoad: 300000, script: 30000}, unhandledPromptBehavior: dismiss and notify, webauthn:extension:credBlob: true, webauthn:extension:largeBlob: true, webauthn:extension:minPinLength: true, webauthn:extension:prf: true, webauthn:virtualAuthenticators: true}&#10;Session ID: 1c655d31476cc2636b653e43bd4d4463" type="org.openqa.selenium.NoSuchElementException"><![CDATA[org.openqa.selenium.NoSuchElementException: 
no such element: Unable to locate element: {"method":"xpath","selector":"//div[@class='category-cards']//div[1]//div[1]//div[2]//*[name()='svg']"}
  (Session info: chrome=137.0.7151.120)
For documentation on this error, please visit: https://www.selenium.dev/documentation/webdriver/troubleshooting/errors#no-such-element-exception
Build info: version: '4.34.0', revision: '707dcb4246*'
System info: os.name: 'Windows 11', os.arch: 'amd64', os.version: '10.0', java.version: '21.0.7'
Driver info: org.openqa.selenium.chrome.ChromeDriver
Command: [1c655d31476cc2636b653e43bd4d4463, findElement {value=//div[@class='category-cards']//div[1]//div[1]//div[2]//*[name()='svg'], using=xpath}]
Capabilities {acceptInsecureCerts: false, browserName: chrome, browserVersion: 137.0.7151.120, chrome: {chromedriverVersion: 137.0.7151.119 (e0ac9d12dff..., userDataDir: /tmp/chrome-profile-be64ddf...}, fedcm:accounts: true, goog:chromeOptions: {debuggerAddress: localhost:55830}, networkConnectionEnabled: false, pageLoadStrategy: normal, platformName: windows, proxy: Proxy(), se:cdp: ws://localhost:55830/devtoo..., se:cdpVersion: 137.0.7151.120, setWindowRect: true, strictFileInteractability: false, timeouts: {implicit: 0, pageLoad: 300000, script: 30000}, unhandledPromptBehavior: dismiss and notify, webauthn:extension:credBlob: true, webauthn:extension:largeBlob: true, webauthn:extension:minPinLength: true, webauthn:extension:prf: true, webauthn:virtualAuthenticators: true}
Session ID: 1c655d31476cc2636b653e43bd4d4463
	at java.base/jdk.internal.reflect.DirectConstructorHandleAccessor.newInstance(DirectConstructorHandleAccessor.java:62)
	at java.base/java.lang.reflect.Constructor.newInstanceWithCaller(Constructor.java:502)
	at java.base/java.lang.reflect.Constructor.newInstance(Constructor.java:486)
	at org.openqa.selenium.remote.ErrorCodec.decode(ErrorCodec.java:167)
	at org.openqa.selenium.remote.codec.w3c.W3CHttpResponseCodec.decode(W3CHttpResponseCodec.java:138)
	at org.openqa.selenium.remote.codec.w3c.W3CHttpResponseCodec.decode(W3CHttpResponseCodec.java:50)
	at org.openqa.selenium.remote.HttpCommandExecutor.execute(HttpCommandExecutor.java:215)
	at org.openqa.selenium.remote.service.DriverCommandExecutor.invokeExecute(DriverCommandExecutor.java:216)
	at org.openqa.selenium.remote.service.DriverCommandExecutor.execute(DriverCommandExecutor.java:174)
	at org.openqa.selenium.remote.RemoteWebDriver.execute(RemoteWebDriver.java:544)
	at org.openqa.selenium.remote.ElementLocation$ElementFinder$2.findElement(ElementLocation.java:165)
	at org.openqa.selenium.remote.ElementLocation.findElement(ElementLocation.java:59)
	at org.openqa.selenium.remote.RemoteWebDriver.findElement(RemoteWebDriver.java:367)
	at org.openqa.selenium.remote.RemoteWebDriver.findElement(RemoteWebDriver.java:361)
	at pages.homePage.clickElementCard(homePage.java:21)
	at pages.elementsPage.accessElements(elementsPage.java:190)
	at tests.ElementsTests.SelectClassified(ElementsTests.java:292)
	at java.base/jdk.internal.reflect.DirectMethodHandleAccessor.invoke(DirectMethodHandleAccessor.java:103)
	at java.base/java.lang.reflect.Method.invoke(Method.java:580)
	at org.testng.internal.invokers.MethodInvocationHelper.invokeMethod(MethodInvocationHelper.java:141)
	at org.testng.internal.invokers.TestInvoker.invokeMethod(TestInvoker.java:687)
	at org.testng.internal.invokers.TestInvoker.invokeTestMethod(TestInvoker.java:230)
	at org.testng.internal.invokers.MethodRunner.runInSequence(MethodRunner.java:63)
	at org.testng.internal.invokers.TestInvoker$MethodInvocationAgent.invoke(TestInvoker.java:995)
	at org.testng.internal.invokers.TestInvoker.invokeTestMethods(TestInvoker.java:203)
	at org.testng.internal.invokers.TestMethodWorker.invokeTestMethods(TestMethodWorker.java:154)
	at org.testng.internal.invokers.TestMethodWorker.run(TestMethodWorker.java:134)
	at java.base/java.util.ArrayList.forEach(ArrayList.java:1596)
	at org.testng.TestRunner.privateRun(TestRunner.java:741)
	at org.testng.TestRunner.run(TestRunner.java:616)
	at org.testng.SuiteRunner.runTest(SuiteRunner.java:421)
	at org.testng.SuiteRunner.runSequentially(SuiteRunner.java:413)
	at org.testng.SuiteRunner.privateRun(SuiteRunner.java:373)
	at org.testng.SuiteRunner.run(SuiteRunner.java:312)
	at org.testng.SuiteRunnerWorker.runSuite(SuiteRunnerWorker.java:52)
	at org.testng.SuiteRunnerWorker.run(SuiteRunnerWorker.java:95)
	at org.testng.TestNG.runSuitesSequentially(TestNG.java:1274)
	at org.testng.TestNG.runSuitesLocally(TestNG.java:1208)
	at org.testng.TestNG.runSuites(TestNG.java:1112)
	at org.testng.TestNG.run(TestNG.java:1079)
	at org.apache.maven.surefire.testng.TestNGExecutor.run(TestNGExecutor.java:155)
	at org.apache.maven.surefire.testng.TestNGDirectoryTestSuite.executeMulti(TestNGDirectoryTestSuite.java:169)
	at org.apache.maven.surefire.testng.TestNGDirectoryTestSuite.execute(TestNGDirectoryTestSuite.java:88)
	at org.apache.maven.surefire.testng.TestNGProvider.invoke(TestNGProvider.java:137)
	at org.apache.maven.surefire.booter.ForkedBooter.runSuitesInProcess(ForkedBooter.java:385)
	at org.apache.maven.surefire.booter.ForkedBooter.execute(ForkedBooter.java:162)
	at org.apache.maven.surefire.booter.ForkedBooter.run(ForkedBooter.java:507)
	at org.apache.maven.surefire.booter.ForkedBooter.main(ForkedBooter.java:495)
]]></failure>
    <system-out><![CDATA[2025-08-11 14:21:34 [main] INFO  demoqaBase - Closing the Browser...
2025-08-11 14:21:35 [main] INFO  demoqaBase - Starting Web Browser...
2025-08-11 14:21:36 [main] INFO  demoqaBase - Navigating to demoqa.com Website
2025-08-11 14:21:37 [main] INFO  demoqaLog - Successfully navigated to: https://demoqa.com
2025-08-11 14:21:37 [main] INFO  demoqaLog - Starting Test Elements|Home|Selecting Documents|Office|Classified Check Box Test...
2025-08-11 14:21:37 [main] INFO  demoqaLog - Accessing Elements Card...
2025-08-11 14:21:37 [main] INFO  demoqaLog - Successfully navigated to: https://demoqa.com
2025-08-11 14:21:37 [main] INFO  demoqaLog - Clicking on Elements Card...
]]></system-out>
  </testcase>
  <testcase name="SelectGeneral" classname="tests.ElementsTests" time="0.303">
    <failure message="no such element: Unable to locate element: {&quot;method&quot;:&quot;xpath&quot;,&quot;selector&quot;:&quot;//div[@class=&apos;category-cards&apos;]//div[1]//div[1]//div[2]//*[name()=&apos;svg&apos;]&quot;}&#10;  (Session info: chrome=137.0.7151.120)&#10;For documentation on this error, please visit: https://www.selenium.dev/documentation/webdriver/troubleshooting/errors#no-such-element-exception&#10;Build info: version: &apos;4.34.0&apos;, revision: &apos;707dcb4246*&apos;&#10;System info: os.name: &apos;Windows 11&apos;, os.arch: &apos;amd64&apos;, os.version: &apos;10.0&apos;, java.version: &apos;21.0.7&apos;&#10;Driver info: org.openqa.selenium.chrome.ChromeDriver&#10;Command: [95de273f771a6073e51c5ac13db98353, findElement {value=//div[@class=&apos;category-cards&apos;]//div[1]//div[1]//div[2]//*[name()=&apos;svg&apos;], using=xpath}]&#10;Capabilities {acceptInsecureCerts: false, browserName: chrome, browserVersion: 137.0.7151.120, chrome: {chromedriverVersion: 137.0.7151.119 (e0ac9d12dff..., userDataDir: /tmp/chrome-profile-b77dcfd...}, fedcm:accounts: true, goog:chromeOptions: {debuggerAddress: localhost:55849}, networkConnectionEnabled: false, pageLoadStrategy: normal, platformName: windows, proxy: Proxy(), se:cdp: ws://localhost:55849/devtoo..., se:cdpVersion: 137.0.7151.120, setWindowRect: true, strictFileInteractability: false, timeouts: {implicit: 0, pageLoad: 300000, script: 30000}, unhandledPromptBehavior: dismiss and notify, webauthn:extension:credBlob: true, webauthn:extension:largeBlob: true, webauthn:extension:minPinLength: true, webauthn:extension:prf: true, webauthn:virtualAuthenticators: true}&#10;Session ID: 95de273f771a6073e51c5ac13db98353" type="org.openqa.selenium.NoSuchElementException"><![CDATA[org.openqa.selenium.NoSuchElementException: 
no such element: Unable to locate element: {"method":"xpath","selector":"//div[@class='category-cards']//div[1]//div[1]//div[2]//*[name()='svg']"}
  (Session info: chrome=137.0.7151.120)
For documentation on this error, please visit: https://www.selenium.dev/documentation/webdriver/troubleshooting/errors#no-such-element-exception
Build info: version: '4.34.0', revision: '707dcb4246*'
System info: os.name: 'Windows 11', os.arch: 'amd64', os.version: '10.0', java.version: '21.0.7'
Driver info: org.openqa.selenium.chrome.ChromeDriver
Command: [95de273f771a6073e51c5ac13db98353, findElement {value=//div[@class='category-cards']//div[1]//div[1]//div[2]//*[name()='svg'], using=xpath}]
Capabilities {acceptInsecureCerts: false, browserName: chrome, browserVersion: 137.0.7151.120, chrome: {chromedriverVersion: 137.0.7151.119 (e0ac9d12dff..., userDataDir: /tmp/chrome-profile-b77dcfd...}, fedcm:accounts: true, goog:chromeOptions: {debuggerAddress: localhost:55849}, networkConnectionEnabled: false, pageLoadStrategy: normal, platformName: windows, proxy: Proxy(), se:cdp: ws://localhost:55849/devtoo..., se:cdpVersion: 137.0.7151.120, setWindowRect: true, strictFileInteractability: false, timeouts: {implicit: 0, pageLoad: 300000, script: 30000}, unhandledPromptBehavior: dismiss and notify, webauthn:extension:credBlob: true, webauthn:extension:largeBlob: true, webauthn:extension:minPinLength: true, webauthn:extension:prf: true, webauthn:virtualAuthenticators: true}
Session ID: 95de273f771a6073e51c5ac13db98353
	at java.base/jdk.internal.reflect.DirectConstructorHandleAccessor.newInstance(DirectConstructorHandleAccessor.java:62)
	at java.base/java.lang.reflect.Constructor.newInstanceWithCaller(Constructor.java:502)
	at java.base/java.lang.reflect.Constructor.newInstance(Constructor.java:486)
	at org.openqa.selenium.remote.ErrorCodec.decode(ErrorCodec.java:167)
	at org.openqa.selenium.remote.codec.w3c.W3CHttpResponseCodec.decode(W3CHttpResponseCodec.java:138)
	at org.openqa.selenium.remote.codec.w3c.W3CHttpResponseCodec.decode(W3CHttpResponseCodec.java:50)
	at org.openqa.selenium.remote.HttpCommandExecutor.execute(HttpCommandExecutor.java:215)
	at org.openqa.selenium.remote.service.DriverCommandExecutor.invokeExecute(DriverCommandExecutor.java:216)
	at org.openqa.selenium.remote.service.DriverCommandExecutor.execute(DriverCommandExecutor.java:174)
	at org.openqa.selenium.remote.RemoteWebDriver.execute(RemoteWebDriver.java:544)
	at org.openqa.selenium.remote.ElementLocation$ElementFinder$2.findElement(ElementLocation.java:165)
	at org.openqa.selenium.remote.ElementLocation.findElement(ElementLocation.java:59)
	at org.openqa.selenium.remote.RemoteWebDriver.findElement(RemoteWebDriver.java:367)
	at org.openqa.selenium.remote.RemoteWebDriver.findElement(RemoteWebDriver.java:361)
	at pages.homePage.clickElementCard(homePage.java:21)
	at pages.elementsPage.accessElements(elementsPage.java:190)
	at tests.ElementsTests.SelectGeneral(ElementsTests.java:309)
	at java.base/jdk.internal.reflect.DirectMethodHandleAccessor.invoke(DirectMethodHandleAccessor.java:103)
	at java.base/java.lang.reflect.Method.invoke(Method.java:580)
	at org.testng.internal.invokers.MethodInvocationHelper.invokeMethod(MethodInvocationHelper.java:141)
	at org.testng.internal.invokers.TestInvoker.invokeMethod(TestInvoker.java:687)
	at org.testng.internal.invokers.TestInvoker.invokeTestMethod(TestInvoker.java:230)
	at org.testng.internal.invokers.MethodRunner.runInSequence(MethodRunner.java:63)
	at org.testng.internal.invokers.TestInvoker$MethodInvocationAgent.invoke(TestInvoker.java:995)
	at org.testng.internal.invokers.TestInvoker.invokeTestMethods(TestInvoker.java:203)
	at org.testng.internal.invokers.TestMethodWorker.invokeTestMethods(TestMethodWorker.java:154)
	at org.testng.internal.invokers.TestMethodWorker.run(TestMethodWorker.java:134)
	at java.base/java.util.ArrayList.forEach(ArrayList.java:1596)
	at org.testng.TestRunner.privateRun(TestRunner.java:741)
	at org.testng.TestRunner.run(TestRunner.java:616)
	at org.testng.SuiteRunner.runTest(SuiteRunner.java:421)
	at org.testng.SuiteRunner.runSequentially(SuiteRunner.java:413)
	at org.testng.SuiteRunner.privateRun(SuiteRunner.java:373)
	at org.testng.SuiteRunner.run(SuiteRunner.java:312)
	at org.testng.SuiteRunnerWorker.runSuite(SuiteRunnerWorker.java:52)
	at org.testng.SuiteRunnerWorker.run(SuiteRunnerWorker.java:95)
	at org.testng.TestNG.runSuitesSequentially(TestNG.java:1274)
	at org.testng.TestNG.runSuitesLocally(TestNG.java:1208)
	at org.testng.TestNG.runSuites(TestNG.java:1112)
	at org.testng.TestNG.run(TestNG.java:1079)
	at org.apache.maven.surefire.testng.TestNGExecutor.run(TestNGExecutor.java:155)
	at org.apache.maven.surefire.testng.TestNGDirectoryTestSuite.executeMulti(TestNGDirectoryTestSuite.java:169)
	at org.apache.maven.surefire.testng.TestNGDirectoryTestSuite.execute(TestNGDirectoryTestSuite.java:88)
	at org.apache.maven.surefire.testng.TestNGProvider.invoke(TestNGProvider.java:137)
	at org.apache.maven.surefire.booter.ForkedBooter.runSuitesInProcess(ForkedBooter.java:385)
	at org.apache.maven.surefire.booter.ForkedBooter.execute(ForkedBooter.java:162)
	at org.apache.maven.surefire.booter.ForkedBooter.run(ForkedBooter.java:507)
	at org.apache.maven.surefire.booter.ForkedBooter.main(ForkedBooter.java:495)
]]></failure>
    <system-out><![CDATA[Path for Screenshot is: C:\ASN\eclipse_workspace\demoqa-automation/screenshots/com.aventstack.extentreports.ExtentTest@12365bd8Test Failed+2025-08-11_14-21-37.png
2025-08-11 14:21:37 [main] INFO  demoqaBase - Closing the Browser...
2025-08-11 14:21:38 [main] INFO  demoqaBase - Starting Web Browser...
2025-08-11 14:21:39 [main] INFO  demoqaBase - Navigating to demoqa.com Website
2025-08-11 14:21:40 [main] INFO  demoqaLog - Successfully navigated to: https://demoqa.com
2025-08-11 14:21:40 [main] INFO  demoqaLog - Starting Test Elements|Home|Selecting Documents|Office|General Check Box Test...
2025-08-11 14:21:40 [main] INFO  demoqaLog - Accessing Elements Card...
2025-08-11 14:21:40 [main] INFO  demoqaLog - Successfully navigated to: https://demoqa.com
2025-08-11 14:21:40 [main] INFO  demoqaLog - Clicking on Elements Card...
]]></system-out>
  </testcase>
  <testcase name="SelectOfficeAll" classname="tests.ElementsTests" time="0.33">
    <failure message="no such element: Unable to locate element: {&quot;method&quot;:&quot;xpath&quot;,&quot;selector&quot;:&quot;//div[@class=&apos;category-cards&apos;]//div[1]//div[1]//div[2]//*[name()=&apos;svg&apos;]&quot;}&#10;  (Session info: chrome=137.0.7151.120)&#10;For documentation on this error, please visit: https://www.selenium.dev/documentation/webdriver/troubleshooting/errors#no-such-element-exception&#10;Build info: version: &apos;4.34.0&apos;, revision: &apos;707dcb4246*&apos;&#10;System info: os.name: &apos;Windows 11&apos;, os.arch: &apos;amd64&apos;, os.version: &apos;10.0&apos;, java.version: &apos;21.0.7&apos;&#10;Driver info: org.openqa.selenium.chrome.ChromeDriver&#10;Command: [d28087911fc35ffe9bbf8fd1cdc23d45, findElement {value=//div[@class=&apos;category-cards&apos;]//div[1]//div[1]//div[2]//*[name()=&apos;svg&apos;], using=xpath}]&#10;Capabilities {acceptInsecureCerts: false, browserName: chrome, browserVersion: 137.0.7151.120, chrome: {chromedriverVersion: 137.0.7151.119 (e0ac9d12dff..., userDataDir: /tmp/chrome-profile-c0610e8...}, fedcm:accounts: true, goog:chromeOptions: {debuggerAddress: localhost:55868}, networkConnectionEnabled: false, pageLoadStrategy: normal, platformName: windows, proxy: Proxy(), se:cdp: ws://localhost:55868/devtoo..., se:cdpVersion: 137.0.7151.120, setWindowRect: true, strictFileInteractability: false, timeouts: {implicit: 0, pageLoad: 300000, script: 30000}, unhandledPromptBehavior: dismiss and notify, webauthn:extension:credBlob: true, webauthn:extension:largeBlob: true, webauthn:extension:minPinLength: true, webauthn:extension:prf: true, webauthn:virtualAuthenticators: true}&#10;Session ID: d28087911fc35ffe9bbf8fd1cdc23d45" type="org.openqa.selenium.NoSuchElementException"><![CDATA[org.openqa.selenium.NoSuchElementException: 
no such element: Unable to locate element: {"method":"xpath","selector":"//div[@class='category-cards']//div[1]//div[1]//div[2]//*[name()='svg']"}
  (Session info: chrome=137.0.7151.120)
For documentation on this error, please visit: https://www.selenium.dev/documentation/webdriver/troubleshooting/errors#no-such-element-exception
Build info: version: '4.34.0', revision: '707dcb4246*'
System info: os.name: 'Windows 11', os.arch: 'amd64', os.version: '10.0', java.version: '21.0.7'
Driver info: org.openqa.selenium.chrome.ChromeDriver
Command: [d28087911fc35ffe9bbf8fd1cdc23d45, findElement {value=//div[@class='category-cards']//div[1]//div[1]//div[2]//*[name()='svg'], using=xpath}]
Capabilities {acceptInsecureCerts: false, browserName: chrome, browserVersion: 137.0.7151.120, chrome: {chromedriverVersion: 137.0.7151.119 (e0ac9d12dff..., userDataDir: /tmp/chrome-profile-c0610e8...}, fedcm:accounts: true, goog:chromeOptions: {debuggerAddress: localhost:55868}, networkConnectionEnabled: false, pageLoadStrategy: normal, platformName: windows, proxy: Proxy(), se:cdp: ws://localhost:55868/devtoo..., se:cdpVersion: 137.0.7151.120, setWindowRect: true, strictFileInteractability: false, timeouts: {implicit: 0, pageLoad: 300000, script: 30000}, unhandledPromptBehavior: dismiss and notify, webauthn:extension:credBlob: true, webauthn:extension:largeBlob: true, webauthn:extension:minPinLength: true, webauthn:extension:prf: true, webauthn:virtualAuthenticators: true}
Session ID: d28087911fc35ffe9bbf8fd1cdc23d45
	at java.base/jdk.internal.reflect.DirectConstructorHandleAccessor.newInstance(DirectConstructorHandleAccessor.java:62)
	at java.base/java.lang.reflect.Constructor.newInstanceWithCaller(Constructor.java:502)
	at java.base/java.lang.reflect.Constructor.newInstance(Constructor.java:486)
	at org.openqa.selenium.remote.ErrorCodec.decode(ErrorCodec.java:167)
	at org.openqa.selenium.remote.codec.w3c.W3CHttpResponseCodec.decode(W3CHttpResponseCodec.java:138)
	at org.openqa.selenium.remote.codec.w3c.W3CHttpResponseCodec.decode(W3CHttpResponseCodec.java:50)
	at org.openqa.selenium.remote.HttpCommandExecutor.execute(HttpCommandExecutor.java:215)
	at org.openqa.selenium.remote.service.DriverCommandExecutor.invokeExecute(DriverCommandExecutor.java:216)
	at org.openqa.selenium.remote.service.DriverCommandExecutor.execute(DriverCommandExecutor.java:174)
	at org.openqa.selenium.remote.RemoteWebDriver.execute(RemoteWebDriver.java:544)
	at org.openqa.selenium.remote.ElementLocation$ElementFinder$2.findElement(ElementLocation.java:165)
	at org.openqa.selenium.remote.ElementLocation.findElement(ElementLocation.java:59)
	at org.openqa.selenium.remote.RemoteWebDriver.findElement(RemoteWebDriver.java:367)
	at org.openqa.selenium.remote.RemoteWebDriver.findElement(RemoteWebDriver.java:361)
	at pages.homePage.clickElementCard(homePage.java:21)
	at pages.elementsPage.accessElements(elementsPage.java:190)
	at tests.ElementsTests.SelectOfficeAll(ElementsTests.java:326)
	at java.base/jdk.internal.reflect.DirectMethodHandleAccessor.invoke(DirectMethodHandleAccessor.java:103)
	at java.base/java.lang.reflect.Method.invoke(Method.java:580)
	at org.testng.internal.invokers.MethodInvocationHelper.invokeMethod(MethodInvocationHelper.java:141)
	at org.testng.internal.invokers.TestInvoker.invokeMethod(TestInvoker.java:687)
	at org.testng.internal.invokers.TestInvoker.invokeTestMethod(TestInvoker.java:230)
	at org.testng.internal.invokers.MethodRunner.runInSequence(MethodRunner.java:63)
	at org.testng.internal.invokers.TestInvoker$MethodInvocationAgent.invoke(TestInvoker.java:995)
	at org.testng.internal.invokers.TestInvoker.invokeTestMethods(TestInvoker.java:203)
	at org.testng.internal.invokers.TestMethodWorker.invokeTestMethods(TestMethodWorker.java:154)
	at org.testng.internal.invokers.TestMethodWorker.run(TestMethodWorker.java:134)
	at java.base/java.util.ArrayList.forEach(ArrayList.java:1596)
	at org.testng.TestRunner.privateRun(TestRunner.java:741)
	at org.testng.TestRunner.run(TestRunner.java:616)
	at org.testng.SuiteRunner.runTest(SuiteRunner.java:421)
	at org.testng.SuiteRunner.runSequentially(SuiteRunner.java:413)
	at org.testng.SuiteRunner.privateRun(SuiteRunner.java:373)
	at org.testng.SuiteRunner.run(SuiteRunner.java:312)
	at org.testng.SuiteRunnerWorker.runSuite(SuiteRunnerWorker.java:52)
	at org.testng.SuiteRunnerWorker.run(SuiteRunnerWorker.java:95)
	at org.testng.TestNG.runSuitesSequentially(TestNG.java:1274)
	at org.testng.TestNG.runSuitesLocally(TestNG.java:1208)
	at org.testng.TestNG.runSuites(TestNG.java:1112)
	at org.testng.TestNG.run(TestNG.java:1079)
	at org.apache.maven.surefire.testng.TestNGExecutor.run(TestNGExecutor.java:155)
	at org.apache.maven.surefire.testng.TestNGDirectoryTestSuite.executeMulti(TestNGDirectoryTestSuite.java:169)
	at org.apache.maven.surefire.testng.TestNGDirectoryTestSuite.execute(TestNGDirectoryTestSuite.java:88)
	at org.apache.maven.surefire.testng.TestNGProvider.invoke(TestNGProvider.java:137)
	at org.apache.maven.surefire.booter.ForkedBooter.runSuitesInProcess(ForkedBooter.java:385)
	at org.apache.maven.surefire.booter.ForkedBooter.execute(ForkedBooter.java:162)
	at org.apache.maven.surefire.booter.ForkedBooter.run(ForkedBooter.java:507)
	at org.apache.maven.surefire.booter.ForkedBooter.main(ForkedBooter.java:495)
]]></failure>
    <system-out><![CDATA[Path for Screenshot is: C:\ASN\eclipse_workspace\demoqa-automation/screenshots/com.aventstack.extentreports.ExtentTest@4fad51a3Test Failed+2025-08-11_14-21-40.png
2025-08-11 14:21:41 [main] INFO  demoqaBase - Closing the Browser...
2025-08-11 14:21:41 [main] INFO  demoqaBase - Starting Web Browser...
2025-08-11 14:21:42 [main] INFO  demoqaBase - Navigating to demoqa.com Website
2025-08-11 14:21:43 [main] INFO  demoqaLog - Successfully navigated to: https://demoqa.com
2025-08-11 14:21:43 [main] INFO  demoqaLog - Starting Test Elements|Home|Selecting Documents|Office|All Check Boxes Test...
2025-08-11 14:21:43 [main] INFO  demoqaLog - Accessing Elements Card...
2025-08-11 14:21:43 [main] INFO  demoqaLog - Successfully navigated to: https://demoqa.com
2025-08-11 14:21:43 [main] INFO  demoqaLog - Clicking on Elements Card...
]]></system-out>
  </testcase>
  <testcase name="SelectingDownloads" classname="tests.ElementsTests" time="2.302">
    <system-out><![CDATA[Path for Screenshot is: C:\ASN\eclipse_workspace\demoqa-automation/screenshots/com.aventstack.extentreports.ExtentTest@5c9a4f3bTest Failed+2025-08-11_14-21-43.png
2025-08-11 14:21:44 [main] INFO  demoqaBase - Closing the Browser...
2025-08-11 14:21:44 [main] INFO  demoqaBase - Starting Web Browser...
2025-08-11 14:21:45 [main] INFO  demoqaBase - Navigating to demoqa.com Website
2025-08-11 14:22:15 [main] WARN  demoqaLog - Navigation failed due to 502 or timeout. Retrying... Attempt 1
2025-08-11 14:22:19 [main] INFO  demoqaLog - Successfully navigated to: https://demoqa.com
2025-08-11 14:22:19 [main] INFO  demoqaLog - Starting Test Elements|Home|Selecting Downloads Check Box Test...
2025-08-11 14:22:19 [main] INFO  demoqaLog - Accessing Elements Card...
2025-08-11 14:22:20 [main] INFO  demoqaLog - Successfully navigated to: https://demoqa.com
2025-08-11 14:22:20 [main] INFO  demoqaLog - Clicking on Elements Card...
Title of this Page is: DEMOQA
You can now Access: Elements
 
2025-08-11 14:22:21 [main] INFO  demoqaLog - Accessing Check Box...
Check Box
2025-08-11 14:22:21 [main] INFO  demoqaLog - You are accessing: Check Box
2025-08-11 14:22:21 [main] INFO  demoqaLog - Clicking on Home Toggle Button...
2025-08-11 14:22:21 [main] INFO  demoqaLog - Selecting Downloads Check Box...
2025-08-11 14:22:21 [main] INFO  demoqaLog - Selected Downloads Check Box...
Information Submitted is: You have selected :
downloads
wordFile
excelFile
2025-08-11 14:22:21 [main] INFO  demoqaLog - You have Selected: You have selected :
downloads
wordFile
excelFile
2025-08-11 14:22:21 [main] INFO  demoqaLog - Test Elements|Home|Selecting Downloads Check Box Completed...
]]></system-out>
  </testcase>
  <testcase name="SelectingWordFile" classname="tests.ElementsTests" time="1.6">
    <system-out><![CDATA[2025-08-11 14:22:21 [main] INFO  demoqaBase - Closing the Browser...
2025-08-11 14:22:22 [main] INFO  demoqaBase - Starting Web Browser...
2025-08-11 14:22:23 [main] INFO  demoqaBase - Navigating to demoqa.com Website
2025-08-11 14:22:53 [main] WARN  demoqaLog - Navigation failed due to 502 or timeout. Retrying... Attempt 1
2025-08-11 14:22:56 [main] INFO  demoqaLog - Successfully navigated to: https://demoqa.com
2025-08-11 14:22:56 [main] INFO  demoqaLog - Starting Test Elements|Home|Selecting Downloads|Word File Check Box Test...
2025-08-11 14:22:56 [main] INFO  demoqaLog - Accessing Elements Card...
2025-08-11 14:22:57 [main] INFO  demoqaLog - Successfully navigated to: https://demoqa.com
2025-08-11 14:22:57 [main] INFO  demoqaLog - Clicking on Elements Card...
Title of this Page is: DEMOQA
You can now Access: Elements
 
2025-08-11 14:22:57 [main] INFO  demoqaLog - Accessing Check Box...
Check Box
2025-08-11 14:22:58 [main] INFO  demoqaLog - You are accessing: Check Box
2025-08-11 14:22:58 [main] INFO  demoqaLog - Clicking on Home Toggle Button...
2025-08-11 14:22:58 [main] INFO  demoqaLog - Clicking Downloads Toggle Button...
2025-08-11 14:22:58 [main] INFO  demoqaLog - Clicked Downloads Toggle Button...
2025-08-11 14:22:58 [main] INFO  demoqaLog - Selecting Downloads | Word File Check Box...
2025-08-11 14:22:58 [main] INFO  demoqaLog - Selected Downloads | Word File Check Box...
Information Submitted is: You have selected :
wordFile
2025-08-11 14:22:58 [main] INFO  demoqaLog - You have Selected: You have selected :
wordFile
2025-08-11 14:22:58 [main] INFO  demoqaLog - Test Elements|Home|Selecting Downloads|Word File Check Box Completed...
]]></system-out>
  </testcase>
  <testcase name="SelectingExcelFile" classname="tests.ElementsTests" time="1.497">
    <system-out><![CDATA[2025-08-11 14:22:58 [main] INFO  demoqaBase - Closing the Browser...
2025-08-11 14:22:59 [main] INFO  demoqaBase - Starting Web Browser...
2025-08-11 14:23:00 [main] INFO  demoqaBase - Navigating to demoqa.com Website
2025-08-11 14:23:30 [main] WARN  demoqaLog - Navigation failed due to 502 or timeout. Retrying... Attempt 1
2025-08-11 14:23:33 [main] INFO  demoqaLog - Successfully navigated to: https://demoqa.com
2025-08-11 14:23:33 [main] INFO  demoqaLog - Starting Test Elements|Home|Selecting Downloads|Excel File Check Box Test...
2025-08-11 14:23:33 [main] INFO  demoqaLog - Accessing Elements Card...
2025-08-11 14:23:34 [main] INFO  demoqaLog - Successfully navigated to: https://demoqa.com
2025-08-11 14:23:34 [main] INFO  demoqaLog - Clicking on Elements Card...
Title of this Page is: DEMOQA
You can now Access: Elements
 
2025-08-11 14:23:34 [main] INFO  demoqaLog - Accessing Check Box...
Check Box
2025-08-11 14:23:35 [main] INFO  demoqaLog - You are accessing: Check Box
2025-08-11 14:23:35 [main] INFO  demoqaLog - Clicking on Home Toggle Button...
2025-08-11 14:23:35 [main] INFO  demoqaLog - Clicking Downloads Toggle Button...
2025-08-11 14:23:35 [main] INFO  demoqaLog - Clicked Downloads Toggle Button...
2025-08-11 14:23:35 [main] INFO  demoqaLog - Selecting Downloads | Excel File Check Box...
2025-08-11 14:23:35 [main] INFO  demoqaLog - Selected Downloads | Excel File Check Box...
Information Submitted is: You have selected :
excelFile
2025-08-11 14:23:35 [main] INFO  demoqaLog - You have Selected: You have selected :
excelFile
2025-08-11 14:23:35 [main] INFO  demoqaLog - Test Elements|Home|Selecting Downloads|Excel File Check Box Completed...
]]></system-out>
  </testcase>
  <testcase name="SelectingAllFiles" classname="tests.ElementsTests" time="1.827">
    <system-out><![CDATA[2025-08-11 14:23:35 [main] INFO  demoqaBase - Closing the Browser...
2025-08-11 14:23:35 [main] INFO  demoqaBase - Starting Web Browser...
2025-08-11 14:23:36 [main] INFO  demoqaBase - Navigating to demoqa.com Website
2025-08-11 14:24:06 [main] WARN  demoqaLog - Navigation failed due to 502 or timeout. Retrying... Attempt 1
2025-08-11 14:24:10 [main] INFO  demoqaLog - Successfully navigated to: https://demoqa.com
2025-08-11 14:24:10 [main] INFO  demoqaLog - Starting Test Elements|Home|Selecting Downloads|Word & Excel File Check Boxes Test...
2025-08-11 14:24:10 [main] INFO  demoqaLog - Accessing Elements Card...
2025-08-11 14:24:11 [main] INFO  demoqaLog - Successfully navigated to: https://demoqa.com
2025-08-11 14:24:11 [main] INFO  demoqaLog - Clicking on Elements Card...
Title of this Page is: DEMOQA
You can now Access: Elements
 
2025-08-11 14:24:11 [main] INFO  demoqaLog - Accessing Check Box...
Check Box
2025-08-11 14:24:11 [main] INFO  demoqaLog - You are accessing: Check Box
2025-08-11 14:24:11 [main] INFO  demoqaLog - Clicking on Home Toggle Button...
2025-08-11 14:24:12 [main] INFO  demoqaLog - Clicking Downloads Toggle Button...
2025-08-11 14:24:12 [main] INFO  demoqaLog - Clicked Downloads Toggle Button...
2025-08-11 14:24:12 [main] INFO  demoqaLog - Selecting Downloads | Word File Check Box...
2025-08-11 14:24:12 [main] INFO  demoqaLog - Selected Downloads | Word File Check Box...
2025-08-11 14:24:12 [main] INFO  demoqaLog - Selecting Downloads | Excel File Check Box...
2025-08-11 14:24:12 [main] INFO  demoqaLog - Selected Downloads | Excel File Check Box...
Information Submitted is: You have selected :
downloads
wordFile
excelFile
2025-08-11 14:24:12 [main] INFO  demoqaLog - You have Selected: You have selected :
downloads
wordFile
excelFile
2025-08-11 14:24:12 [main] INFO  demoqaLog - Test Elements|Home|Selecting Downloads|Word & Excel File Check Boxes Completed...
]]></system-out>
  </testcase>
  <testcase name="clickRadioButton" classname="tests.ElementsTests" time="1.084">
    <system-out><![CDATA[2025-08-11 14:24:12 [main] INFO  demoqaBase - Closing the Browser...
2025-08-11 14:24:12 [main] INFO  demoqaBase - Starting Web Browser...
2025-08-11 14:24:14 [main] INFO  demoqaBase - Navigating to demoqa.com Website
2025-08-11 14:24:44 [main] WARN  demoqaLog - Navigation failed due to 502 or timeout. Retrying... Attempt 1
2025-08-11 14:24:48 [main] INFO  demoqaLog - Successfully navigated to: https://demoqa.com
2025-08-11 14:24:48 [main] INFO  demoqaLog - Starting Test Elements|Radio Button Test...
2025-08-11 14:24:48 [main] INFO  demoqaLog - Accessing Elements Card...
2025-08-11 14:24:48 [main] INFO  demoqaLog - Successfully navigated to: https://demoqa.com
2025-08-11 14:24:48 [main] INFO  demoqaLog - Clicking on Elements Card...
Title of this Page is: DEMOQA
You can now Access: Elements
 
2025-08-11 14:24:48 [main] INFO  demoqaLog - Clicking on Radio Button...
2025-08-11 14:24:49 [main] INFO  demoqaLog - Validating Radio Button Click...
Page Title is: Radio Button
2025-08-11 14:24:49 [main] INFO  demoqaLog - Test Elements|Radio Button Completed...
]]></system-out>
  </testcase>
  <testcase name="SelectYesRadioButton" classname="tests.ElementsTests" time="1.324">
    <system-out><![CDATA[2025-08-11 14:24:49 [main] INFO  demoqaBase - Closing the Browser...
2025-08-11 14:24:49 [main] INFO  demoqaBase - Starting Web Browser...
2025-08-11 14:24:50 [main] INFO  demoqaBase - Navigating to demoqa.com Website
2025-08-11 14:25:20 [main] WARN  demoqaLog - Navigation failed due to 502 or timeout. Retrying... Attempt 1
2025-08-11 14:25:26 [main] INFO  demoqaLog - Successfully navigated to: https://demoqa.com
2025-08-11 14:25:26 [main] INFO  demoqaLog - Starting Test Elements|Yes Radio Button Test...
2025-08-11 14:25:26 [main] INFO  demoqaLog - Accessing Elements Card...
2025-08-11 14:25:26 [main] INFO  demoqaLog - Successfully navigated to: https://demoqa.com
2025-08-11 14:25:26 [main] INFO  demoqaLog - Clicking on Elements Card...
Title of this Page is: DEMOQA
You can now Access: Elements
 
2025-08-11 14:25:27 [main] INFO  demoqaLog - Clicking on Radio Button...
2025-08-11 14:25:27 [main] INFO  demoqaLog - Selecting on Yes Radio Button...
2025-08-11 14:25:27 [main] INFO  demoqaLog - Validating Radio Selection Test Result...
2025-08-11 14:25:27 [main] INFO  demoqaLog - You have selected: Yes
2025-08-11 14:25:27 [main] INFO  demoqaLog - Test Case of Radio Button Selection PASSED...
2025-08-11 14:25:27 [main] INFO  demoqaLog - Test Elements|Yes Radio Button Completed...
]]></system-out>
  </testcase>
  <testcase name="SelectImpressiveRadioButton" classname="tests.ElementsTests" time="1.221">
    <system-out><![CDATA[2025-08-11 14:25:27 [main] INFO  demoqaBase - Closing the Browser...
2025-08-11 14:25:27 [main] INFO  demoqaBase - Starting Web Browser...
2025-08-11 14:25:29 [main] INFO  demoqaBase - Navigating to demoqa.com Website
2025-08-11 14:25:59 [main] WARN  demoqaLog - Navigation failed due to 502 or timeout. Retrying... Attempt 1
2025-08-11 14:26:02 [main] INFO  demoqaLog - Successfully navigated to: https://demoqa.com
2025-08-11 14:26:02 [main] INFO  demoqaLog - Starting Test Elements|Yes Radio Button Test...
2025-08-11 14:26:02 [main] INFO  demoqaLog - Accessing Elements Card...
2025-08-11 14:26:03 [main] INFO  demoqaLog - Successfully navigated to: https://demoqa.com
2025-08-11 14:26:03 [main] INFO  demoqaLog - Clicking on Elements Card...
Title of this Page is: DEMOQA
You can now Access: Elements
 
2025-08-11 14:26:03 [main] INFO  demoqaLog - Clicking on Radio Button...
2025-08-11 14:26:03 [main] INFO  demoqaLog - Selecting on Impressive Radio Button...
2025-08-11 14:26:04 [main] INFO  demoqaLog - Validating Radio Selection Test Result...
2025-08-11 14:26:04 [main] INFO  demoqaLog - You have selected: Impressive
2025-08-11 14:26:04 [main] INFO  demoqaLog - Test Case of Radio Button Selection PASSED...
2025-08-11 14:26:04 [main] INFO  demoqaLog - Test Elements|Radio Button|Impressive Completed...
]]></system-out>
  </testcase>
  <testcase name="WebTablesClick" classname="tests.ElementsTests" time="1.052">
    <system-out><![CDATA[2025-08-11 14:26:04 [main] INFO  demoqaBase - Closing the Browser...
2025-08-11 14:26:04 [main] INFO  demoqaBase - Starting Web Browser...
2025-08-11 14:26:05 [main] INFO  demoqaBase - Navigating to demoqa.com Website
2025-08-11 14:26:35 [main] WARN  demoqaLog - Navigation failed due to 502 or timeout. Retrying... Attempt 1
2025-08-11 14:26:39 [main] INFO  demoqaLog - Successfully navigated to: https://demoqa.com
2025-08-11 14:26:39 [main] INFO  demoqaLog - Starting Test Elements|Web Tables Test...
2025-08-11 14:26:39 [main] INFO  demoqaLog - Accessing Elements Card...
2025-08-11 14:26:40 [main] INFO  demoqaLog - Successfully navigated to: https://demoqa.com
2025-08-11 14:26:40 [main] INFO  demoqaLog - Clicking on Elements Card...
Title of this Page is: DEMOQA
You can now Access: Elements
 
2025-08-11 14:26:40 [main] INFO  demoqaLog - Click on Elements|Web Tables...
2025-08-11 14:26:40 [main] INFO  demoqaLog - Test Elements|Web Tables Completed...
]]></system-out>
  </testcase>
  <testcase name="webTableNewRegistration[WebTableUser{firstName=&apos;Johny&apos;, lastName=&apos;Bravo&apos;, email=&apos;Jbravo@demoqa.com&apos;, salary=280000, age=340, department=&apos;Information Technology&apos;}](1)" classname="tests.ElementsTests" time="4.09">
    <system-out><![CDATA[2025-08-11 14:26:40 [main] INFO  demoqaBase - Closing the Browser...
2025-08-11 14:26:41 [main] INFO  demoqaBase - Starting Web Browser...
2025-08-11 14:26:43 [main] INFO  demoqaBase - Navigating to demoqa.com Website
2025-08-11 14:27:13 [main] WARN  demoqaLog - Navigation failed due to 502 or timeout. Retrying... Attempt 1
2025-08-11 14:27:16 [main] INFO  demoqaLog - Successfully navigated to: https://demoqa.com
2025-08-11 14:27:16 [main] INFO  demoqaLog - Starting Test Elements|Web Tables|Registration Form Create User...
2025-08-11 14:27:16 [main] INFO  demoqaLog - Accessing Elements Card...
2025-08-11 14:27:17 [main] INFO  demoqaLog - Successfully navigated to: https://demoqa.com
2025-08-11 14:27:17 [main] INFO  demoqaLog - Clicking on Elements Card...
Title of this Page is: DEMOQA
You can now Access: Elements
 
2025-08-11 14:27:17 [main] INFO  demoqaLog - Click on Elements|Web Tables...
2025-08-11 14:27:18 [main] INFO  demoqaLog - Click on Elements|Web Tables|Registration Form...
2025-08-11 14:27:18 [main] ERROR demoqaLog - Registering User: Johny
2025-08-11 14:27:18 [main] INFO  demoqaLog - Click on Elements|Web Tables|Registration Form|FirstName...
2025-08-11 14:27:18 [main] INFO  demoqaLog - First Name entered is: Johny
2025-08-11 14:27:18 [main] INFO  demoqaLog - Click on Elements|Web Tables|Registration Form|LastName...
Last Name is: Bravo
2025-08-11 14:27:19 [main] INFO  demoqaLog - Last Name entered is: Bravo
2025-08-11 14:27:19 [main] INFO  demoqaLog - Click on Elements|Web Tables|Registration Form|Email...
Email ID is: Jbravo@demoqa.com
2025-08-11 14:27:19 [main] INFO  demoqaLog - Email entered is: Jbravo@demoqa.com
2025-08-11 14:27:19 [main] INFO  demoqaLog - Click on Elements|Web Tables|Registration Form|Age...
2025-08-11 14:27:20 [main] INFO  demoqaLog - Age entered is: 34
2025-08-11 14:27:20 [main] INFO  demoqaLog - Click on Elements|Web Tables|Registration Form|Salary...
2025-08-11 14:27:20 [main] INFO  demoqaLog - Salary entered is: 280000
2025-08-11 14:27:20 [main] INFO  demoqaLog - Click on Elements|Web Tables|Registration Form|Department...
2025-08-11 14:27:20 [main] INFO  demoqaLog - Department entered is: Information Technology
2025-08-11 14:27:20 [main] INFO  demoqaLog - Submitting Registration Form...
2025-08-11 14:27:20 [main] INFO  demoqaLog - Registration Form Submitted...
2025-08-11 14:27:20 [main] ERROR demoqaLog - Submitted to register user: Johny
2025-08-11 14:27:21 [main] INFO  demoqaLog - Test Elements|Web Tables|Registration Form Create User Completed...
]]></system-out>
  </testcase>
  <testcase name="webTableNewRegistration[WebTableUser{firstName=&apos;Gene&apos;, lastName=&apos;Femina&apos;, email=&apos;GFemina@demoqa.com&apos;, salary=180000, age=300, department=&apos;Finance&apos;}](2)" classname="tests.ElementsTests" time="4.077">
    <system-out><![CDATA[2025-08-11 14:27:21 [main] INFO  demoqaBase - Closing the Browser...
2025-08-11 14:27:21 [main] INFO  demoqaBase - Starting Web Browser...
2025-08-11 14:27:22 [main] INFO  demoqaBase - Navigating to demoqa.com Website
2025-08-11 14:27:52 [main] WARN  demoqaLog - Navigation failed due to 502 or timeout. Retrying... Attempt 1
2025-08-11 14:27:56 [main] INFO  demoqaLog - Successfully navigated to: https://demoqa.com
2025-08-11 14:27:56 [main] INFO  demoqaLog - Starting Test Elements|Web Tables|Registration Form Create User...
2025-08-11 14:27:56 [main] INFO  demoqaLog - Accessing Elements Card...
2025-08-11 14:27:57 [main] INFO  demoqaLog - Successfully navigated to: https://demoqa.com
2025-08-11 14:27:57 [main] INFO  demoqaLog - Clicking on Elements Card...
Title of this Page is: DEMOQA
You can now Access: Elements
 
2025-08-11 14:27:57 [main] INFO  demoqaLog - Click on Elements|Web Tables...
2025-08-11 14:27:57 [main] INFO  demoqaLog - Click on Elements|Web Tables|Registration Form...
2025-08-11 14:27:57 [main] ERROR demoqaLog - Registering User: Gene
2025-08-11 14:27:57 [main] INFO  demoqaLog - Click on Elements|Web Tables|Registration Form|FirstName...
2025-08-11 14:27:58 [main] INFO  demoqaLog - First Name entered is: Gene
2025-08-11 14:27:58 [main] INFO  demoqaLog - Click on Elements|Web Tables|Registration Form|LastName...
Last Name is: Femina
2025-08-11 14:27:58 [main] INFO  demoqaLog - Last Name entered is: Femina
2025-08-11 14:27:58 [main] INFO  demoqaLog - Click on Elements|Web Tables|Registration Form|Email...
Email ID is: GFemina@demoqa.com
2025-08-11 14:27:59 [main] INFO  demoqaLog - Email entered is: GFemina@demoqa.com
2025-08-11 14:27:59 [main] INFO  demoqaLog - Click on Elements|Web Tables|Registration Form|Age...
2025-08-11 14:27:59 [main] INFO  demoqaLog - Age entered is: 30
2025-08-11 14:27:59 [main] INFO  demoqaLog - Click on Elements|Web Tables|Registration Form|Salary...
2025-08-11 14:27:59 [main] INFO  demoqaLog - Salary entered is: 180000
2025-08-11 14:27:59 [main] INFO  demoqaLog - Click on Elements|Web Tables|Registration Form|Department...
2025-08-11 14:28:00 [main] INFO  demoqaLog - Department entered is: Finance
2025-08-11 14:28:00 [main] INFO  demoqaLog - Submitting Registration Form...
2025-08-11 14:28:00 [main] INFO  demoqaLog - Registration Form Submitted...
2025-08-11 14:28:00 [main] ERROR demoqaLog - Submitted to register user: Gene
2025-08-11 14:28:00 [main] INFO  demoqaLog - Test Elements|Web Tables|Registration Form Create User Completed...
]]></system-out>
  </testcase>
  <testcase name="webTableNewRegistration[WebTableUser{firstName=&apos;Bud&apos;, lastName=&apos;Wisem&apos;, email=&apos;BWisem@demoqa.com&apos;, salary=150000, age=400, department=&apos;Medicine&apos;}](3)" classname="tests.ElementsTests" time="4.446">
    <system-out><![CDATA[2025-08-11 14:28:00 [main] INFO  demoqaBase - Closing the Browser...
2025-08-11 14:28:00 [main] INFO  demoqaBase - Starting Web Browser...
2025-08-11 14:28:02 [main] INFO  demoqaBase - Navigating to demoqa.com Website
2025-08-11 14:28:32 [main] WARN  demoqaLog - Navigation failed due to 502 or timeout. Retrying... Attempt 1
2025-08-11 14:28:36 [main] INFO  demoqaLog - Successfully navigated to: https://demoqa.com
2025-08-11 14:28:36 [main] INFO  demoqaLog - Starting Test Elements|Web Tables|Registration Form Create User...
2025-08-11 14:28:36 [main] INFO  demoqaLog - Accessing Elements Card...
2025-08-11 14:28:36 [main] INFO  demoqaLog - Successfully navigated to: https://demoqa.com
2025-08-11 14:28:36 [main] INFO  demoqaLog - Clicking on Elements Card...
Title of this Page is: DEMOQA
You can now Access: Elements
 
2025-08-11 14:28:36 [main] INFO  demoqaLog - Click on Elements|Web Tables...
2025-08-11 14:28:37 [main] INFO  demoqaLog - Click on Elements|Web Tables|Registration Form...
2025-08-11 14:28:37 [main] ERROR demoqaLog - Registering User: Bud
2025-08-11 14:28:37 [main] INFO  demoqaLog - Click on Elements|Web Tables|Registration Form|FirstName...
2025-08-11 14:28:38 [main] INFO  demoqaLog - First Name entered is: Bud
2025-08-11 14:28:38 [main] INFO  demoqaLog - Click on Elements|Web Tables|Registration Form|LastName...
Last Name is: Wisem
2025-08-11 14:28:38 [main] INFO  demoqaLog - Last Name entered is: Wisem
2025-08-11 14:28:38 [main] INFO  demoqaLog - Click on Elements|Web Tables|Registration Form|Email...
Email ID is: BWisem@demoqa.com
2025-08-11 14:28:39 [main] INFO  demoqaLog - Email entered is: BWisem@demoqa.com
2025-08-11 14:28:39 [main] INFO  demoqaLog - Click on Elements|Web Tables|Registration Form|Age...
2025-08-11 14:28:39 [main] INFO  demoqaLog - Age entered is: 40
2025-08-11 14:28:39 [main] INFO  demoqaLog - Click on Elements|Web Tables|Registration Form|Salary...
2025-08-11 14:28:39 [main] INFO  demoqaLog - Salary entered is: 150000
2025-08-11 14:28:39 [main] INFO  demoqaLog - Click on Elements|Web Tables|Registration Form|Department...
2025-08-11 14:28:40 [main] INFO  demoqaLog - Department entered is: Medicine
2025-08-11 14:28:40 [main] INFO  demoqaLog - Submitting Registration Form...
2025-08-11 14:28:40 [main] INFO  demoqaLog - Registration Form Submitted...
2025-08-11 14:28:40 [main] ERROR demoqaLog - Submitted to register user: Bud
2025-08-11 14:28:40 [main] INFO  demoqaLog - Test Elements|Web Tables|Registration Form Create User Completed...
]]></system-out>
  </testcase>
  <testcase name="webTableNewRegistration[WebTableUser{firstName=&apos;Tom&apos;, lastName=&apos;Boss&apos;, email=&apos;TBoss@demoqa.com&apos;, salary=190000, age=420, department=&apos;Recreation&apos;}](4)" classname="tests.ElementsTests" time="3.445">
    <system-out><![CDATA[2025-08-11 14:28:40 [main] INFO  demoqaBase - Closing the Browser...
2025-08-11 14:28:41 [main] INFO  demoqaBase - Starting Web Browser...
2025-08-11 14:28:42 [main] INFO  demoqaBase - Navigating to demoqa.com Website
2025-08-11 14:29:12 [main] WARN  demoqaLog - Navigation failed due to 502 or timeout. Retrying... Attempt 1
2025-08-11 14:29:16 [main] INFO  demoqaLog - Successfully navigated to: https://demoqa.com
2025-08-11 14:29:16 [main] INFO  demoqaLog - Starting Test Elements|Web Tables|Registration Form Create User...
2025-08-11 14:29:16 [main] INFO  demoqaLog - Accessing Elements Card...
2025-08-11 14:29:16 [main] INFO  demoqaLog - Successfully navigated to: https://demoqa.com
2025-08-11 14:29:16 [main] INFO  demoqaLog - Clicking on Elements Card...
Title of this Page is: DEMOQA
You can now Access: Elements
 
2025-08-11 14:29:16 [main] INFO  demoqaLog - Click on Elements|Web Tables...
2025-08-11 14:29:17 [main] INFO  demoqaLog - Click on Elements|Web Tables|Registration Form...
2025-08-11 14:29:17 [main] ERROR demoqaLog - Registering User: Tom
2025-08-11 14:29:17 [main] INFO  demoqaLog - Click on Elements|Web Tables|Registration Form|FirstName...
2025-08-11 14:29:17 [main] INFO  demoqaLog - First Name entered is: Tom
2025-08-11 14:29:17 [main] INFO  demoqaLog - Click on Elements|Web Tables|Registration Form|LastName...
Last Name is: Boss
2025-08-11 14:29:17 [main] INFO  demoqaLog - Last Name entered is: Boss
2025-08-11 14:29:17 [main] INFO  demoqaLog - Click on Elements|Web Tables|Registration Form|Email...
Email ID is: TBoss@demoqa.com
2025-08-11 14:29:18 [main] INFO  demoqaLog - Email entered is: TBoss@demoqa.com
2025-08-11 14:29:18 [main] INFO  demoqaLog - Click on Elements|Web Tables|Registration Form|Age...
2025-08-11 14:29:18 [main] INFO  demoqaLog - Age entered is: 42
2025-08-11 14:29:18 [main] INFO  demoqaLog - Click on Elements|Web Tables|Registration Form|Salary...
2025-08-11 14:29:18 [main] INFO  demoqaLog - Salary entered is: 190000
2025-08-11 14:29:18 [main] INFO  demoqaLog - Click on Elements|Web Tables|Registration Form|Department...
2025-08-11 14:29:19 [main] INFO  demoqaLog - Department entered is: Recreation
2025-08-11 14:29:19 [main] INFO  demoqaLog - Submitting Registration Form...
2025-08-11 14:29:19 [main] INFO  demoqaLog - Registration Form Submitted...
2025-08-11 14:29:19 [main] ERROR demoqaLog - Submitted to register user: Tom
2025-08-11 14:29:19 [main] INFO  demoqaLog - Test Elements|Web Tables|Registration Form Create User Completed...
]]></system-out>
  </testcase>
  <testcase name="webTableAddSearch[WebTableUser{firstName=&apos;Johny&apos;, lastName=&apos;Bravo&apos;, email=&apos;Jbravo@demoqa.com&apos;, salary=280000, age=340, department=&apos;Information Technology&apos;}](1)" classname="tests.ElementsTests" time="4.663">
    <system-out><![CDATA[2025-08-11 14:29:19 [main] INFO  demoqaBase - Closing the Browser...
2025-08-11 14:29:20 [main] INFO  demoqaBase - Starting Web Browser...
2025-08-11 14:29:21 [main] INFO  demoqaBase - Navigating to demoqa.com Website
2025-08-11 14:29:51 [main] WARN  demoqaLog - Navigation failed due to 502 or timeout. Retrying... Attempt 1
2025-08-11 14:29:54 [main] INFO  demoqaLog - Successfully navigated to: https://demoqa.com
2025-08-11 14:29:54 [main] INFO  demoqaLog - Starting Test Registration Form Add & Search...
2025-08-11 14:29:54 [main] INFO  demoqaLog - Accessing Elements Card...
2025-08-11 14:29:55 [main] INFO  demoqaLog - Successfully navigated to: https://demoqa.com
2025-08-11 14:29:55 [main] INFO  demoqaLog - Clicking on Elements Card...
Title of this Page is: DEMOQA
You can now Access: Elements
 
2025-08-11 14:29:56 [main] INFO  demoqaLog - Click on Elements|Web Tables...
2025-08-11 14:29:56 [main] INFO  demoqaLog - Click on Elements|Web Tables|Registration Form...
2025-08-11 14:29:56 [main] ERROR demoqaLog - Registering User: Johny
2025-08-11 14:29:56 [main] INFO  demoqaLog - Click on Elements|Web Tables|Registration Form|FirstName...
2025-08-11 14:29:57 [main] INFO  demoqaLog - First Name entered is: Johny
2025-08-11 14:29:57 [main] INFO  demoqaLog - Click on Elements|Web Tables|Registration Form|LastName...
Last Name is: Bravo
2025-08-11 14:29:57 [main] INFO  demoqaLog - Last Name entered is: Bravo
2025-08-11 14:29:57 [main] INFO  demoqaLog - Click on Elements|Web Tables|Registration Form|Email...
Email ID is: Jbravo@demoqa.com
2025-08-11 14:29:57 [main] INFO  demoqaLog - Email entered is: Jbravo@demoqa.com
2025-08-11 14:29:57 [main] INFO  demoqaLog - Click on Elements|Web Tables|Registration Form|Age...
2025-08-11 14:29:58 [main] INFO  demoqaLog - Age entered is: 34
2025-08-11 14:29:58 [main] INFO  demoqaLog - Click on Elements|Web Tables|Registration Form|Salary...
2025-08-11 14:29:58 [main] INFO  demoqaLog - Salary entered is: 280000
2025-08-11 14:29:58 [main] INFO  demoqaLog - Click on Elements|Web Tables|Registration Form|Department...
2025-08-11 14:29:58 [main] INFO  demoqaLog - Department entered is: Information Technology
2025-08-11 14:29:59 [main] INFO  demoqaLog - Submitting Registration Form...
2025-08-11 14:29:59 [main] INFO  demoqaLog - Registration Form Submitted...
2025-08-11 14:29:59 [main] ERROR demoqaLog - Submitted to register user: Johny
2025-08-11 14:29:59 [main] INFO  demoqaLog - Searching by First Name...
2025-08-11 14:29:59 [main] INFO  demoqaLog - Test for Registration Form Add & Search Completed...
]]></system-out>
  </testcase>
  <testcase name="webTableAddEditFirstName[WebTableUser{firstName=&apos;Tonny&apos;, lastName=&apos;Bravo&apos;, email=&apos;Jbravo@demoqa.com&apos;, salary=280000, age=340, department=&apos;Information Technology&apos;}](1)" classname="tests.ElementsTests" time="6.972">
    <system-out><![CDATA[2025-08-11 14:29:59 [main] INFO  demoqaBase - Closing the Browser...
2025-08-11 14:30:00 [main] INFO  demoqaBase - Starting Web Browser...
2025-08-11 14:30:01 [main] INFO  demoqaBase - Navigating to demoqa.com Website
2025-08-11 14:30:31 [main] WARN  demoqaLog - Navigation failed due to 502 or timeout. Retrying... Attempt 1
2025-08-11 14:30:34 [main] INFO  demoqaLog - Successfully navigated to: https://demoqa.com
2025-08-11 14:30:34 [main] INFO  demoqaLog - Starting Test Registration Form Modify First Name...
2025-08-11 14:30:34 [main] INFO  demoqaLog - Accessing Elements Card...
2025-08-11 14:30:35 [main] INFO  demoqaLog - Successfully navigated to: https://demoqa.com
2025-08-11 14:30:35 [main] INFO  demoqaLog - Clicking on Elements Card...
Title of this Page is: DEMOQA
You can now Access: Elements
 
2025-08-11 14:30:35 [main] INFO  demoqaLog - Click on Elements|Web Tables...
2025-08-11 14:30:36 [main] INFO  demoqaLog - Click on Elements|Web Tables|Registration Form...
2025-08-11 14:30:36 [main] ERROR demoqaLog - Registering User: Johny
2025-08-11 14:30:36 [main] INFO  demoqaLog - Click on Elements|Web Tables|Registration Form|FirstName...
2025-08-11 14:30:37 [main] INFO  demoqaLog - First Name entered is: Johny
2025-08-11 14:30:37 [main] INFO  demoqaLog - Click on Elements|Web Tables|Registration Form|LastName...
Last Name is: Bravo
2025-08-11 14:30:37 [main] INFO  demoqaLog - Last Name entered is: Bravo
2025-08-11 14:30:37 [main] INFO  demoqaLog - Click on Elements|Web Tables|Registration Form|Email...
Email ID is: Jbravo@demoqa.com
2025-08-11 14:30:38 [main] INFO  demoqaLog - Email entered is: Jbravo@demoqa.com
2025-08-11 14:30:38 [main] INFO  demoqaLog - Click on Elements|Web Tables|Registration Form|Age...
2025-08-11 14:30:38 [main] INFO  demoqaLog - Age entered is: 34
2025-08-11 14:30:38 [main] INFO  demoqaLog - Click on Elements|Web Tables|Registration Form|Salary...
2025-08-11 14:30:39 [main] INFO  demoqaLog - Salary entered is: 280000
2025-08-11 14:30:39 [main] INFO  demoqaLog - Click on Elements|Web Tables|Registration Form|Department...
2025-08-11 14:30:39 [main] INFO  demoqaLog - Department entered is: Information Technology
2025-08-11 14:30:39 [main] INFO  demoqaLog - Submitting Registration Form...
2025-08-11 14:30:39 [main] INFO  demoqaLog - Registration Form Submitted...
2025-08-11 14:30:39 [main] ERROR demoqaLog - Submitted to register user: Johny
2025-08-11 14:30:40 [main] INFO  demoqaLog - Modifying First Name of the user...
2025-08-11 14:30:41 [main] INFO  demoqaLog - Updated First Name is: Tonny
2025-08-11 14:30:41 [main] INFO  demoqaLog - Test Registration Form Modify First Name Completed Successfully...
]]></system-out>
  </testcase>
  <testcase name="webTableAddSearchEdit[WebTableUser{firstName=&apos;Johny&apos;, lastName=&apos;Bravo&apos;, email=&apos;Jbravo@demoqa.com&apos;, salary=280000, age=340, department=&apos;Information Technology&apos;}](1)" classname="tests.ElementsTests" time="0.292">
    <failure message="no such element: Unable to locate element: {&quot;method&quot;:&quot;xpath&quot;,&quot;selector&quot;:&quot;//div[@class=&apos;category-cards&apos;]//div[1]//div[1]//div[2]//*[name()=&apos;svg&apos;]&quot;}&#10;  (Session info: chrome=137.0.7151.120)&#10;For documentation on this error, please visit: https://www.selenium.dev/documentation/webdriver/troubleshooting/errors#no-such-element-exception&#10;Build info: version: &apos;4.34.0&apos;, revision: &apos;707dcb4246*&apos;&#10;System info: os.name: &apos;Windows 11&apos;, os.arch: &apos;amd64&apos;, os.version: &apos;10.0&apos;, java.version: &apos;21.0.7&apos;&#10;Driver info: org.openqa.selenium.chrome.ChromeDriver&#10;Command: [c142f519bc3b3f555ef615dbe246aefb, findElement {value=//div[@class=&apos;category-cards&apos;]//div[1]//div[1]//div[2]//*[name()=&apos;svg&apos;], using=xpath}]&#10;Capabilities {acceptInsecureCerts: false, browserName: chrome, browserVersion: 137.0.7151.120, chrome: {chromedriverVersion: 137.0.7151.119 (e0ac9d12dff..., userDataDir: /tmp/chrome-profile-8590fa0...}, fedcm:accounts: true, goog:chromeOptions: {debuggerAddress: localhost:57278}, networkConnectionEnabled: false, pageLoadStrategy: normal, platformName: windows, proxy: Proxy(), se:cdp: ws://localhost:57278/devtoo..., se:cdpVersion: 137.0.7151.120, setWindowRect: true, strictFileInteractability: false, timeouts: {implicit: 0, pageLoad: 300000, script: 30000}, unhandledPromptBehavior: dismiss and notify, webauthn:extension:credBlob: true, webauthn:extension:largeBlob: true, webauthn:extension:minPinLength: true, webauthn:extension:prf: true, webauthn:virtualAuthenticators: true}&#10;Session ID: c142f519bc3b3f555ef615dbe246aefb" type="org.openqa.selenium.NoSuchElementException"><![CDATA[org.openqa.selenium.NoSuchElementException: 
no such element: Unable to locate element: {"method":"xpath","selector":"//div[@class='category-cards']//div[1]//div[1]//div[2]//*[name()='svg']"}
  (Session info: chrome=137.0.7151.120)
For documentation on this error, please visit: https://www.selenium.dev/documentation/webdriver/troubleshooting/errors#no-such-element-exception
Build info: version: '4.34.0', revision: '707dcb4246*'
System info: os.name: 'Windows 11', os.arch: 'amd64', os.version: '10.0', java.version: '21.0.7'
Driver info: org.openqa.selenium.chrome.ChromeDriver
Command: [c142f519bc3b3f555ef615dbe246aefb, findElement {value=//div[@class='category-cards']//div[1]//div[1]//div[2]//*[name()='svg'], using=xpath}]
Capabilities {acceptInsecureCerts: false, browserName: chrome, browserVersion: 137.0.7151.120, chrome: {chromedriverVersion: 137.0.7151.119 (e0ac9d12dff..., userDataDir: /tmp/chrome-profile-8590fa0...}, fedcm:accounts: true, goog:chromeOptions: {debuggerAddress: localhost:57278}, networkConnectionEnabled: false, pageLoadStrategy: normal, platformName: windows, proxy: Proxy(), se:cdp: ws://localhost:57278/devtoo..., se:cdpVersion: 137.0.7151.120, setWindowRect: true, strictFileInteractability: false, timeouts: {implicit: 0, pageLoad: 300000, script: 30000}, unhandledPromptBehavior: dismiss and notify, webauthn:extension:credBlob: true, webauthn:extension:largeBlob: true, webauthn:extension:minPinLength: true, webauthn:extension:prf: true, webauthn:virtualAuthenticators: true}
Session ID: c142f519bc3b3f555ef615dbe246aefb
	at java.base/jdk.internal.reflect.DirectConstructorHandleAccessor.newInstance(DirectConstructorHandleAccessor.java:62)
	at java.base/java.lang.reflect.Constructor.newInstanceWithCaller(Constructor.java:502)
	at java.base/java.lang.reflect.Constructor.newInstance(Constructor.java:486)
	at org.openqa.selenium.remote.ErrorCodec.decode(ErrorCodec.java:167)
	at org.openqa.selenium.remote.codec.w3c.W3CHttpResponseCodec.decode(W3CHttpResponseCodec.java:138)
	at org.openqa.selenium.remote.codec.w3c.W3CHttpResponseCodec.decode(W3CHttpResponseCodec.java:50)
	at org.openqa.selenium.remote.HttpCommandExecutor.execute(HttpCommandExecutor.java:215)
	at org.openqa.selenium.remote.service.DriverCommandExecutor.invokeExecute(DriverCommandExecutor.java:216)
	at org.openqa.selenium.remote.service.DriverCommandExecutor.execute(DriverCommandExecutor.java:174)
	at org.openqa.selenium.remote.RemoteWebDriver.execute(RemoteWebDriver.java:544)
	at org.openqa.selenium.remote.ElementLocation$ElementFinder$2.findElement(ElementLocation.java:165)
	at org.openqa.selenium.remote.ElementLocation.findElement(ElementLocation.java:59)
	at org.openqa.selenium.remote.RemoteWebDriver.findElement(RemoteWebDriver.java:367)
	at org.openqa.selenium.remote.RemoteWebDriver.findElement(RemoteWebDriver.java:361)
	at pages.homePage.clickElementCard(homePage.java:21)
	at pages.elementsPage.accessElements(elementsPage.java:190)
	at tests.ElementsTests.webTableAddSearchEdit(ElementsTests.java:530)
	at java.base/jdk.internal.reflect.DirectMethodHandleAccessor.invoke(DirectMethodHandleAccessor.java:103)
	at java.base/java.lang.reflect.Method.invoke(Method.java:580)
	at org.testng.internal.invokers.MethodInvocationHelper.invokeMethod(MethodInvocationHelper.java:141)
	at org.testng.internal.invokers.TestInvoker.invokeMethod(TestInvoker.java:687)
	at org.testng.internal.invokers.TestInvoker.invokeTestMethod(TestInvoker.java:230)
	at org.testng.internal.invokers.MethodRunner.runInSequence(MethodRunner.java:63)
	at org.testng.internal.invokers.TestInvoker$MethodInvocationAgent.invoke(TestInvoker.java:995)
	at org.testng.internal.invokers.TestInvoker.invokeTestMethods(TestInvoker.java:203)
	at org.testng.internal.invokers.TestMethodWorker.invokeTestMethods(TestMethodWorker.java:154)
	at org.testng.internal.invokers.TestMethodWorker.run(TestMethodWorker.java:134)
	at java.base/java.util.ArrayList.forEach(ArrayList.java:1596)
	at org.testng.TestRunner.privateRun(TestRunner.java:741)
	at org.testng.TestRunner.run(TestRunner.java:616)
	at org.testng.SuiteRunner.runTest(SuiteRunner.java:421)
	at org.testng.SuiteRunner.runSequentially(SuiteRunner.java:413)
	at org.testng.SuiteRunner.privateRun(SuiteRunner.java:373)
	at org.testng.SuiteRunner.run(SuiteRunner.java:312)
	at org.testng.SuiteRunnerWorker.runSuite(SuiteRunnerWorker.java:52)
	at org.testng.SuiteRunnerWorker.run(SuiteRunnerWorker.java:95)
	at org.testng.TestNG.runSuitesSequentially(TestNG.java:1274)
	at org.testng.TestNG.runSuitesLocally(TestNG.java:1208)
	at org.testng.TestNG.runSuites(TestNG.java:1112)
	at org.testng.TestNG.run(TestNG.java:1079)
	at org.apache.maven.surefire.testng.TestNGExecutor.run(TestNGExecutor.java:155)
	at org.apache.maven.surefire.testng.TestNGDirectoryTestSuite.executeMulti(TestNGDirectoryTestSuite.java:169)
	at org.apache.maven.surefire.testng.TestNGDirectoryTestSuite.execute(TestNGDirectoryTestSuite.java:88)
	at org.apache.maven.surefire.testng.TestNGProvider.invoke(TestNGProvider.java:137)
	at org.apache.maven.surefire.booter.ForkedBooter.runSuitesInProcess(ForkedBooter.java:385)
	at org.apache.maven.surefire.booter.ForkedBooter.execute(ForkedBooter.java:162)
	at org.apache.maven.surefire.booter.ForkedBooter.run(ForkedBooter.java:507)
	at org.apache.maven.surefire.booter.ForkedBooter.main(ForkedBooter.java:495)
]]></failure>
    <system-out><![CDATA[2025-08-11 14:30:41 [main] INFO  demoqaBase - Closing the Browser...
2025-08-11 14:30:42 [main] INFO  demoqaBase - Starting Web Browser...
2025-08-11 14:30:43 [main] INFO  demoqaBase - Navigating to demoqa.com Website
2025-08-11 14:30:44 [main] INFO  demoqaLog - Successfully navigated to: https://demoqa.com
2025-08-11 14:30:44 [main] INFO  demoqaLog - Starting Test Registration Form Search & Modify First Name...
2025-08-11 14:30:44 [main] INFO  demoqaLog - Accessing Elements Card...
2025-08-11 14:30:45 [main] INFO  demoqaLog - Successfully navigated to: https://demoqa.com
2025-08-11 14:30:45 [main] INFO  demoqaLog - Clicking on Elements Card...
]]></system-out>
  </testcase>
  <testcase name="webTableDeleteUser[WebTableUser{firstName=&apos;Johny&apos;, lastName=&apos;Bravo&apos;, email=&apos;Jbravo@demoqa.com&apos;, salary=280000, age=340, department=&apos;Information Technology&apos;}](1)" classname="tests.ElementsTests" time="4.549">
    <system-out><![CDATA[Path for Screenshot is: C:\ASN\eclipse_workspace\demoqa-automation/screenshots/com.aventstack.extentreports.ExtentTest@77c41838Test Failed+2025-08-11_14-30-45.png
2025-08-11 14:30:45 [main] INFO  demoqaBase - Closing the Browser...
2025-08-11 14:30:45 [main] INFO  demoqaBase - Starting Web Browser...
2025-08-11 14:30:46 [main] INFO  demoqaBase - Navigating to demoqa.com Website
2025-08-11 14:31:16 [main] WARN  demoqaLog - Navigation failed due to 502 or timeout. Retrying... Attempt 1
2025-08-11 14:31:20 [main] INFO  demoqaLog - Successfully navigated to: https://demoqa.com
2025-08-11 14:31:20 [main] INFO  demoqaLog - Starting Test for Deleting User from Web Table...
2025-08-11 14:31:20 [main] INFO  demoqaLog - Accessing Elements Card...
2025-08-11 14:31:21 [main] INFO  demoqaLog - Successfully navigated to: https://demoqa.com
2025-08-11 14:31:21 [main] INFO  demoqaLog - Clicking on Elements Card...
Title of this Page is: DEMOQA
You can now Access: Elements
 
2025-08-11 14:31:21 [main] INFO  demoqaLog - Click on Elements|Web Tables...
2025-08-11 14:31:21 [main] INFO  demoqaLog - Click on Elements|Web Tables|Registration Form...
2025-08-11 14:31:21 [main] ERROR demoqaLog - Registering User: Johny
2025-08-11 14:31:21 [main] INFO  demoqaLog - Click on Elements|Web Tables|Registration Form|FirstName...
2025-08-11 14:31:22 [main] INFO  demoqaLog - First Name entered is: Johny
2025-08-11 14:31:22 [main] INFO  demoqaLog - Click on Elements|Web Tables|Registration Form|LastName...
Last Name is: Bravo
2025-08-11 14:31:23 [main] INFO  demoqaLog - Last Name entered is: Bravo
2025-08-11 14:31:23 [main] INFO  demoqaLog - Click on Elements|Web Tables|Registration Form|Email...
Email ID is: Jbravo@demoqa.com
2025-08-11 14:31:23 [main] INFO  demoqaLog - Email entered is: Jbravo@demoqa.com
2025-08-11 14:31:23 [main] INFO  demoqaLog - Click on Elements|Web Tables|Registration Form|Age...
2025-08-11 14:31:23 [main] INFO  demoqaLog - Age entered is: 34
2025-08-11 14:31:23 [main] INFO  demoqaLog - Click on Elements|Web Tables|Registration Form|Salary...
2025-08-11 14:31:24 [main] INFO  demoqaLog - Salary entered is: 280000
2025-08-11 14:31:24 [main] INFO  demoqaLog - Click on Elements|Web Tables|Registration Form|Department...
2025-08-11 14:31:24 [main] INFO  demoqaLog - Department entered is: Information Technology
2025-08-11 14:31:24 [main] INFO  demoqaLog - Submitting Registration Form...
2025-08-11 14:31:24 [main] INFO  demoqaLog - Registration Form Submitted...
2025-08-11 14:31:24 [main] ERROR demoqaLog - Submitted to register user: Johny
2025-08-11 14:31:24 [main] INFO  demoqaLog - Deleting User from Webtable: Johny
2025-08-11 14:31:25 [main] INFO  demoqaLog - Test for Deleting User from Web Table Completed Successfully...
]]></system-out>
  </testcase>
  <testcase name="testAddAllUsersFromExcel" classname="tests.ElementsTests" time="12.35">
    <system-out><![CDATA[2025-08-11 14:31:25 [main] INFO  demoqaBase - Closing the Browser...
2025-08-11 14:31:25 [main] INFO  demoqaBase - Starting Web Browser...
2025-08-11 14:31:26 [main] INFO  demoqaBase - Navigating to demoqa.com Website
2025-08-11 14:31:56 [main] WARN  demoqaLog - Navigation failed due to 502 or timeout. Retrying... Attempt 1
2025-08-11 14:32:00 [main] INFO  demoqaLog - Successfully navigated to: https://demoqa.com
2025-08-11 14:32:00 [main] INFO  demoqaLog - Accessing Elements Card...
2025-08-11 14:32:00 [main] INFO  demoqaLog - Successfully navigated to: https://demoqa.com
2025-08-11 14:32:00 [main] INFO  demoqaLog - Clicking on Elements Card...
Title of this Page is: DEMOQA
You can now Access: Elements
 
2025-08-11 14:32:01 [main] INFO  demoqaLog - Click on Elements|Web Tables...
2025-08-11 14:32:01 [main] INFO  demoqaLog - Click on Elements|Web Tables|Registration Form...
2025-08-11 14:32:01 [main] ERROR demoqaLog - Registering User: Johny
2025-08-11 14:32:01 [main] INFO  demoqaLog - Click on Elements|Web Tables|Registration Form|FirstName...
2025-08-11 14:32:02 [main] INFO  demoqaLog - First Name entered is: Johny
2025-08-11 14:32:02 [main] INFO  demoqaLog - Click on Elements|Web Tables|Registration Form|LastName...
Last Name is: Bravo
2025-08-11 14:32:02 [main] INFO  demoqaLog - Last Name entered is: Bravo
2025-08-11 14:32:02 [main] INFO  demoqaLog - Click on Elements|Web Tables|Registration Form|Email...
Email ID is: Jbravo@demoqa.com
2025-08-11 14:32:03 [main] INFO  demoqaLog - Email entered is: Jbravo@demoqa.com
2025-08-11 14:32:03 [main] INFO  demoqaLog - Click on Elements|Web Tables|Registration Form|Age...
2025-08-11 14:32:03 [main] INFO  demoqaLog - Age entered is: 34
2025-08-11 14:32:03 [main] INFO  demoqaLog - Click on Elements|Web Tables|Registration Form|Salary...
2025-08-11 14:32:04 [main] INFO  demoqaLog - Salary entered is: 280000
2025-08-11 14:32:04 [main] INFO  demoqaLog - Click on Elements|Web Tables|Registration Form|Department...
2025-08-11 14:32:04 [main] INFO  demoqaLog - Department entered is: Information Technology
2025-08-11 14:32:04 [main] INFO  demoqaLog - Submitting Registration Form...
2025-08-11 14:32:05 [main] INFO  demoqaLog - Registration Form Submitted...
2025-08-11 14:32:05 [main] ERROR demoqaLog - Submitted to register user: Johny
2025-08-11 14:32:05 [main] INFO  demoqaLog - Click on Elements|Web Tables|Registration Form...
2025-08-11 14:32:05 [main] ERROR demoqaLog - Registering User: Gene
2025-08-11 14:32:05 [main] INFO  demoqaLog - Click on Elements|Web Tables|Registration Form|FirstName...
2025-08-11 14:32:05 [main] INFO  demoqaLog - First Name entered is: Gene
2025-08-11 14:32:05 [main] INFO  demoqaLog - Click on Elements|Web Tables|Registration Form|LastName...
Last Name is: Femina
2025-08-11 14:32:05 [main] INFO  demoqaLog - Last Name entered is: Femina
2025-08-11 14:32:05 [main] INFO  demoqaLog - Click on Elements|Web Tables|Registration Form|Email...
Email ID is: GFemina@demoqa.com
2025-08-11 14:32:06 [main] INFO  demoqaLog - Email entered is: GFemina@demoqa.com
2025-08-11 14:32:06 [main] INFO  demoqaLog - Click on Elements|Web Tables|Registration Form|Age...
2025-08-11 14:32:07 [main] INFO  demoqaLog - Age entered is: 30
2025-08-11 14:32:07 [main] INFO  demoqaLog - Click on Elements|Web Tables|Registration Form|Salary...
2025-08-11 14:32:07 [main] INFO  demoqaLog - Salary entered is: 180000
2025-08-11 14:32:07 [main] INFO  demoqaLog - Click on Elements|Web Tables|Registration Form|Department...
2025-08-11 14:32:07 [main] INFO  demoqaLog - Department entered is: Finance
2025-08-11 14:32:08 [main] INFO  demoqaLog - Submitting Registration Form...
2025-08-11 14:32:08 [main] INFO  demoqaLog - Registration Form Submitted...
2025-08-11 14:32:08 [main] ERROR demoqaLog - Submitted to register user: Gene
2025-08-11 14:32:08 [main] INFO  demoqaLog - Click on Elements|Web Tables|Registration Form...
2025-08-11 14:32:08 [main] ERROR demoqaLog - Registering User: Bud
2025-08-11 14:32:08 [main] INFO  demoqaLog - Click on Elements|Web Tables|Registration Form|FirstName...
2025-08-11 14:32:08 [main] INFO  demoqaLog - First Name entered is: Bud
2025-08-11 14:32:08 [main] INFO  demoqaLog - Click on Elements|Web Tables|Registration Form|LastName...
Last Name is: Wisem
2025-08-11 14:32:09 [main] INFO  demoqaLog - Last Name entered is: Wisem
2025-08-11 14:32:09 [main] INFO  demoqaLog - Click on Elements|Web Tables|Registration Form|Email...
Email ID is: BWisem@demoqa.com
2025-08-11 14:32:09 [main] INFO  demoqaLog - Email entered is: BWisem@demoqa.com
2025-08-11 14:32:09 [main] INFO  demoqaLog - Click on Elements|Web Tables|Registration Form|Age...
2025-08-11 14:32:09 [main] INFO  demoqaLog - Age entered is: 40
2025-08-11 14:32:09 [main] INFO  demoqaLog - Click on Elements|Web Tables|Registration Form|Salary...
2025-08-11 14:32:10 [main] INFO  demoqaLog - Salary entered is: 150000
2025-08-11 14:32:10 [main] INFO  demoqaLog - Click on Elements|Web Tables|Registration Form|Department...
2025-08-11 14:32:10 [main] INFO  demoqaLog - Department entered is: Medicine
2025-08-11 14:32:10 [main] INFO  demoqaLog - Submitting Registration Form...
2025-08-11 14:32:10 [main] INFO  demoqaLog - Registration Form Submitted...
2025-08-11 14:32:10 [main] ERROR demoqaLog - Submitted to register user: Bud
2025-08-11 14:32:10 [main] INFO  demoqaLog - Click on Elements|Web Tables|Registration Form...
2025-08-11 14:32:10 [main] ERROR demoqaLog - Registering User: Tom
2025-08-11 14:32:10 [main] INFO  demoqaLog - Click on Elements|Web Tables|Registration Form|FirstName...
2025-08-11 14:32:11 [main] INFO  demoqaLog - First Name entered is: Tom
2025-08-11 14:32:11 [main] INFO  demoqaLog - Click on Elements|Web Tables|Registration Form|LastName...
Last Name is: Boss
2025-08-11 14:32:11 [main] INFO  demoqaLog - Last Name entered is: Boss
2025-08-11 14:32:11 [main] INFO  demoqaLog - Click on Elements|Web Tables|Registration Form|Email...
Email ID is: TBoss@demoqa.com
2025-08-11 14:32:11 [main] INFO  demoqaLog - Email entered is: TBoss@demoqa.com
2025-08-11 14:32:11 [main] INFO  demoqaLog - Click on Elements|Web Tables|Registration Form|Age...
2025-08-11 14:32:11 [main] INFO  demoqaLog - Age entered is: 42
2025-08-11 14:32:11 [main] INFO  demoqaLog - Click on Elements|Web Tables|Registration Form|Salary...
2025-08-11 14:32:11 [main] INFO  demoqaLog - Salary entered is: 190000
2025-08-11 14:32:11 [main] INFO  demoqaLog - Click on Elements|Web Tables|Registration Form|Department...
2025-08-11 14:32:12 [main] INFO  demoqaLog - Department entered is: Recreation
2025-08-11 14:32:12 [main] INFO  demoqaLog - Submitting Registration Form...
2025-08-11 14:32:12 [main] INFO  demoqaLog - Registration Form Submitted...
2025-08-11 14:32:12 [main] ERROR demoqaLog - Submitted to register user: Tom
2025-08-11 14:32:12 [main] INFO  demoqaLog - Click on Elements|Web Tables|Registration Form...
Initial user count: 10
Final user count: 10
2025-08-11 14:32:12 [main] INFO  demoqaLog - Test for Bulk User Creation in Web Table Completed Successfully...
]]></system-out>
  </testcase>
  <testcase name="FormCard" classname="tests.FormTests" time="0.042">
    <failure message="no such element: Unable to locate element: {&quot;method&quot;:&quot;xpath&quot;,&quot;selector&quot;:&quot;//*[@id=&quot;app&quot;]/div/div/div[2]/div/div[2]&quot;}&#10;  (Session info: chrome=137.0.7151.120)&#10;For documentation on this error, please visit: https://www.selenium.dev/documentation/webdriver/troubleshooting/errors#no-such-element-exception&#10;Build info: version: &apos;4.34.0&apos;, revision: &apos;707dcb4246*&apos;&#10;System info: os.name: &apos;Windows 11&apos;, os.arch: &apos;amd64&apos;, os.version: &apos;10.0&apos;, java.version: &apos;21.0.7&apos;&#10;Driver info: org.openqa.selenium.chrome.ChromeDriver&#10;Command: [147821835689c2501f3530296a25dcf6, findElement {value=//*[@id=&quot;app&quot;]/div/div/div[2]/div/div[2], using=xpath}]&#10;Capabilities {acceptInsecureCerts: false, browserName: chrome, browserVersion: 137.0.7151.120, chrome: {chromedriverVersion: 137.0.7151.119 (e0ac9d12dff..., userDataDir: /tmp/chrome-profile-897b775...}, fedcm:accounts: true, goog:chromeOptions: {debuggerAddress: localhost:57592}, networkConnectionEnabled: false, pageLoadStrategy: normal, platformName: windows, proxy: Proxy(), se:cdp: ws://localhost:57592/devtoo..., se:cdpVersion: 137.0.7151.120, setWindowRect: true, strictFileInteractability: false, timeouts: {implicit: 0, pageLoad: 300000, script: 30000}, unhandledPromptBehavior: dismiss and notify, webauthn:extension:credBlob: true, webauthn:extension:largeBlob: true, webauthn:extension:minPinLength: true, webauthn:extension:prf: true, webauthn:virtualAuthenticators: true}&#10;Session ID: 147821835689c2501f3530296a25dcf6" type="org.openqa.selenium.NoSuchElementException"><![CDATA[org.openqa.selenium.NoSuchElementException: 
no such element: Unable to locate element: {"method":"xpath","selector":"//*[@id="app"]/div/div/div[2]/div/div[2]"}
  (Session info: chrome=137.0.7151.120)
For documentation on this error, please visit: https://www.selenium.dev/documentation/webdriver/troubleshooting/errors#no-such-element-exception
Build info: version: '4.34.0', revision: '707dcb4246*'
System info: os.name: 'Windows 11', os.arch: 'amd64', os.version: '10.0', java.version: '21.0.7'
Driver info: org.openqa.selenium.chrome.ChromeDriver
Command: [147821835689c2501f3530296a25dcf6, findElement {value=//*[@id="app"]/div/div/div[2]/div/div[2], using=xpath}]
Capabilities {acceptInsecureCerts: false, browserName: chrome, browserVersion: 137.0.7151.120, chrome: {chromedriverVersion: 137.0.7151.119 (e0ac9d12dff..., userDataDir: /tmp/chrome-profile-897b775...}, fedcm:accounts: true, goog:chromeOptions: {debuggerAddress: localhost:57592}, networkConnectionEnabled: false, pageLoadStrategy: normal, platformName: windows, proxy: Proxy(), se:cdp: ws://localhost:57592/devtoo..., se:cdpVersion: 137.0.7151.120, setWindowRect: true, strictFileInteractability: false, timeouts: {implicit: 0, pageLoad: 300000, script: 30000}, unhandledPromptBehavior: dismiss and notify, webauthn:extension:credBlob: true, webauthn:extension:largeBlob: true, webauthn:extension:minPinLength: true, webauthn:extension:prf: true, webauthn:virtualAuthenticators: true}
Session ID: 147821835689c2501f3530296a25dcf6
	at java.base/jdk.internal.reflect.DirectConstructorHandleAccessor.newInstance(DirectConstructorHandleAccessor.java:62)
	at java.base/java.lang.reflect.Constructor.newInstanceWithCaller(Constructor.java:502)
	at java.base/java.lang.reflect.Constructor.newInstance(Constructor.java:486)
	at org.openqa.selenium.remote.ErrorCodec.decode(ErrorCodec.java:167)
	at org.openqa.selenium.remote.codec.w3c.W3CHttpResponseCodec.decode(W3CHttpResponseCodec.java:138)
	at org.openqa.selenium.remote.codec.w3c.W3CHttpResponseCodec.decode(W3CHttpResponseCodec.java:50)
	at org.openqa.selenium.remote.HttpCommandExecutor.execute(HttpCommandExecutor.java:215)
	at org.openqa.selenium.remote.service.DriverCommandExecutor.invokeExecute(DriverCommandExecutor.java:216)
	at org.openqa.selenium.remote.service.DriverCommandExecutor.execute(DriverCommandExecutor.java:174)
	at org.openqa.selenium.remote.RemoteWebDriver.execute(RemoteWebDriver.java:544)
	at org.openqa.selenium.remote.ElementLocation$ElementFinder$2.findElement(ElementLocation.java:165)
	at org.openqa.selenium.remote.ElementLocation.findElement(ElementLocation.java:59)
	at org.openqa.selenium.remote.RemoteWebDriver.findElement(RemoteWebDriver.java:367)
	at org.openqa.selenium.remote.RemoteWebDriver.findElement(RemoteWebDriver.java:361)
	at pages.homePage.clickFormCard(homePage.java:28)
	at tests.FormTests.FormCard(FormTests.java:43)
	at java.base/jdk.internal.reflect.DirectMethodHandleAccessor.invoke(DirectMethodHandleAccessor.java:103)
	at java.base/java.lang.reflect.Method.invoke(Method.java:580)
	at org.testng.internal.invokers.MethodInvocationHelper.invokeMethod(MethodInvocationHelper.java:141)
	at org.testng.internal.invokers.TestInvoker.invokeMethod(TestInvoker.java:687)
	at org.testng.internal.invokers.TestInvoker.invokeTestMethod(TestInvoker.java:230)
	at org.testng.internal.invokers.MethodRunner.runInSequence(MethodRunner.java:63)
	at org.testng.internal.invokers.TestInvoker$MethodInvocationAgent.invoke(TestInvoker.java:995)
	at org.testng.internal.invokers.TestInvoker.invokeTestMethods(TestInvoker.java:203)
	at org.testng.internal.invokers.TestMethodWorker.invokeTestMethods(TestMethodWorker.java:154)
	at org.testng.internal.invokers.TestMethodWorker.run(TestMethodWorker.java:134)
	at java.base/java.util.ArrayList.forEach(ArrayList.java:1596)
	at org.testng.TestRunner.privateRun(TestRunner.java:741)
	at org.testng.TestRunner.run(TestRunner.java:616)
	at org.testng.SuiteRunner.runTest(SuiteRunner.java:421)
	at org.testng.SuiteRunner.runSequentially(SuiteRunner.java:413)
	at org.testng.SuiteRunner.privateRun(SuiteRunner.java:373)
	at org.testng.SuiteRunner.run(SuiteRunner.java:312)
	at org.testng.SuiteRunnerWorker.runSuite(SuiteRunnerWorker.java:52)
	at org.testng.SuiteRunnerWorker.run(SuiteRunnerWorker.java:95)
	at org.testng.TestNG.runSuitesSequentially(TestNG.java:1274)
	at org.testng.TestNG.runSuitesLocally(TestNG.java:1208)
	at org.testng.TestNG.runSuites(TestNG.java:1112)
	at org.testng.TestNG.run(TestNG.java:1079)
	at org.apache.maven.surefire.testng.TestNGExecutor.run(TestNGExecutor.java:155)
	at org.apache.maven.surefire.testng.TestNGDirectoryTestSuite.executeMulti(TestNGDirectoryTestSuite.java:169)
	at org.apache.maven.surefire.testng.TestNGDirectoryTestSuite.execute(TestNGDirectoryTestSuite.java:88)
	at org.apache.maven.surefire.testng.TestNGProvider.invoke(TestNGProvider.java:137)
	at org.apache.maven.surefire.booter.ForkedBooter.runSuitesInProcess(ForkedBooter.java:385)
	at org.apache.maven.surefire.booter.ForkedBooter.execute(ForkedBooter.java:162)
	at org.apache.maven.surefire.booter.ForkedBooter.run(ForkedBooter.java:507)
	at org.apache.maven.surefire.booter.ForkedBooter.main(ForkedBooter.java:495)
]]></failure>
    <system-out><![CDATA[Path for Screenshot is: C:\ASN\eclipse_workspace\demoqa-automation/screenshots/testAddAllUsersFromExcel Passed+2025-08-11_14-32-12.png
2025-08-11 14:32:12 [main] INFO  demoqaBase - Closing the Browser...
2025-08-11 14:32:13 [main] INFO  demoqaBase - Starting Web Browser...
2025-08-11 14:32:14 [main] INFO  demoqaBase - Navigating to demoqa.com Website
2025-08-11 14:32:44 [main] WARN  demoqaLog - Navigation failed due to 502 or timeout. Retrying... Attempt 1
2025-08-11 14:32:47 [main] INFO  demoqaLog - Successfully navigated to: https://demoqa.com
2025-08-11 14:32:47 [main] INFO  demoqaLog - Starting Form Card Test...
2025-08-11 14:32:47 [main] INFO  demoqaLog - Clicking on Form Card...
]]></system-out>
  </testcase>
  <testcase name="fillForm[UserFormData{firstName=&apos;Johny&apos;, lastName=&apos;Bravo&apos;, userMail=&apos;Jbravo@demoqa.com&apos;, gender=&apos;Male&apos;, mobile=&apos;9.238343488E9&apos;, dob=&apos;15-08-2000&apos;, subject=&apos;Computer Science&apos;, hobbies=&apos;Sports,Music&apos;, picturePath=&apos;/TestData/Mphoto.jpg&apos;, address=&apos;511 Grant 481, Prattsville\n Arkansas 72129\n United States&apos;, state=&apos;NCR&apos;, city=&apos;Delhi&apos;}](1)" classname="tests.FormTests" time="0.594">
    <failure message="no such element: Unable to locate element: {&quot;method&quot;:&quot;xpath&quot;,&quot;selector&quot;:&quot;//*[@id=&quot;app&quot;]/div/div/div[2]/div/div[2]&quot;}&#10;  (Session info: chrome=137.0.7151.120)&#10;For documentation on this error, please visit: https://www.selenium.dev/documentation/webdriver/troubleshooting/errors#no-such-element-exception&#10;Build info: version: &apos;4.34.0&apos;, revision: &apos;707dcb4246*&apos;&#10;System info: os.name: &apos;Windows 11&apos;, os.arch: &apos;amd64&apos;, os.version: &apos;10.0&apos;, java.version: &apos;21.0.7&apos;&#10;Driver info: org.openqa.selenium.chrome.ChromeDriver&#10;Command: [f82d2dda128dab0a781dec24b55a0eaa, findElement {value=//*[@id=&quot;app&quot;]/div/div/div[2]/div/div[2], using=xpath}]&#10;Capabilities {acceptInsecureCerts: false, browserName: chrome, browserVersion: 137.0.7151.120, chrome: {chromedriverVersion: 137.0.7151.119 (e0ac9d12dff..., userDataDir: /tmp/chrome-profile-27d1abb...}, fedcm:accounts: true, goog:chromeOptions: {debuggerAddress: localhost:57659}, networkConnectionEnabled: false, pageLoadStrategy: normal, platformName: windows, proxy: Proxy(), se:cdp: ws://localhost:57659/devtoo..., se:cdpVersion: 137.0.7151.120, setWindowRect: true, strictFileInteractability: false, timeouts: {implicit: 0, pageLoad: 300000, script: 30000}, unhandledPromptBehavior: dismiss and notify, webauthn:extension:credBlob: true, webauthn:extension:largeBlob: true, webauthn:extension:minPinLength: true, webauthn:extension:prf: true, webauthn:virtualAuthenticators: true}&#10;Session ID: f82d2dda128dab0a781dec24b55a0eaa" type="org.openqa.selenium.NoSuchElementException"><![CDATA[org.openqa.selenium.NoSuchElementException: 
no such element: Unable to locate element: {"method":"xpath","selector":"//*[@id="app"]/div/div/div[2]/div/div[2]"}
  (Session info: chrome=137.0.7151.120)
For documentation on this error, please visit: https://www.selenium.dev/documentation/webdriver/troubleshooting/errors#no-such-element-exception
Build info: version: '4.34.0', revision: '707dcb4246*'
System info: os.name: 'Windows 11', os.arch: 'amd64', os.version: '10.0', java.version: '21.0.7'
Driver info: org.openqa.selenium.chrome.ChromeDriver
Command: [f82d2dda128dab0a781dec24b55a0eaa, findElement {value=//*[@id="app"]/div/div/div[2]/div/div[2], using=xpath}]
Capabilities {acceptInsecureCerts: false, browserName: chrome, browserVersion: 137.0.7151.120, chrome: {chromedriverVersion: 137.0.7151.119 (e0ac9d12dff..., userDataDir: /tmp/chrome-profile-27d1abb...}, fedcm:accounts: true, goog:chromeOptions: {debuggerAddress: localhost:57659}, networkConnectionEnabled: false, pageLoadStrategy: normal, platformName: windows, proxy: Proxy(), se:cdp: ws://localhost:57659/devtoo..., se:cdpVersion: 137.0.7151.120, setWindowRect: true, strictFileInteractability: false, timeouts: {implicit: 0, pageLoad: 300000, script: 30000}, unhandledPromptBehavior: dismiss and notify, webauthn:extension:credBlob: true, webauthn:extension:largeBlob: true, webauthn:extension:minPinLength: true, webauthn:extension:prf: true, webauthn:virtualAuthenticators: true}
Session ID: f82d2dda128dab0a781dec24b55a0eaa
	at java.base/jdk.internal.reflect.DirectConstructorHandleAccessor.newInstance(DirectConstructorHandleAccessor.java:62)
	at java.base/java.lang.reflect.Constructor.newInstanceWithCaller(Constructor.java:502)
	at java.base/java.lang.reflect.Constructor.newInstance(Constructor.java:486)
	at org.openqa.selenium.remote.ErrorCodec.decode(ErrorCodec.java:167)
	at org.openqa.selenium.remote.codec.w3c.W3CHttpResponseCodec.decode(W3CHttpResponseCodec.java:138)
	at org.openqa.selenium.remote.codec.w3c.W3CHttpResponseCodec.decode(W3CHttpResponseCodec.java:50)
	at org.openqa.selenium.remote.HttpCommandExecutor.execute(HttpCommandExecutor.java:215)
	at org.openqa.selenium.remote.service.DriverCommandExecutor.invokeExecute(DriverCommandExecutor.java:216)
	at org.openqa.selenium.remote.service.DriverCommandExecutor.execute(DriverCommandExecutor.java:174)
	at org.openqa.selenium.remote.RemoteWebDriver.execute(RemoteWebDriver.java:544)
	at org.openqa.selenium.remote.ElementLocation$ElementFinder$2.findElement(ElementLocation.java:165)
	at org.openqa.selenium.remote.ElementLocation.findElement(ElementLocation.java:59)
	at org.openqa.selenium.remote.RemoteWebDriver.findElement(RemoteWebDriver.java:367)
	at org.openqa.selenium.remote.RemoteWebDriver.findElement(RemoteWebDriver.java:361)
	at pages.homePage.clickFormCard(homePage.java:28)
	at pages.formsPage.accessForms(formsPage.java:79)
	at tests.FormTests.fillForm(FormTests.java:65)
	at java.base/jdk.internal.reflect.DirectMethodHandleAccessor.invoke(DirectMethodHandleAccessor.java:103)
	at java.base/java.lang.reflect.Method.invoke(Method.java:580)
	at org.testng.internal.invokers.MethodInvocationHelper.invokeMethod(MethodInvocationHelper.java:141)
	at org.testng.internal.invokers.TestInvoker.invokeMethod(TestInvoker.java:687)
	at org.testng.internal.invokers.TestInvoker.invokeTestMethod(TestInvoker.java:230)
	at org.testng.internal.invokers.MethodRunner.runInSequence(MethodRunner.java:63)
	at org.testng.internal.invokers.TestInvoker$MethodInvocationAgent.invoke(TestInvoker.java:995)
	at org.testng.internal.invokers.TestInvoker.invokeTestMethods(TestInvoker.java:203)
	at org.testng.internal.invokers.TestMethodWorker.invokeTestMethods(TestMethodWorker.java:154)
	at org.testng.internal.invokers.TestMethodWorker.run(TestMethodWorker.java:134)
	at java.base/java.util.ArrayList.forEach(ArrayList.java:1596)
	at org.testng.TestRunner.privateRun(TestRunner.java:741)
	at org.testng.TestRunner.run(TestRunner.java:616)
	at org.testng.SuiteRunner.runTest(SuiteRunner.java:421)
	at org.testng.SuiteRunner.runSequentially(SuiteRunner.java:413)
	at org.testng.SuiteRunner.privateRun(SuiteRunner.java:373)
	at org.testng.SuiteRunner.run(SuiteRunner.java:312)
	at org.testng.SuiteRunnerWorker.runSuite(SuiteRunnerWorker.java:52)
	at org.testng.SuiteRunnerWorker.run(SuiteRunnerWorker.java:95)
	at org.testng.TestNG.runSuitesSequentially(TestNG.java:1274)
	at org.testng.TestNG.runSuitesLocally(TestNG.java:1208)
	at org.testng.TestNG.runSuites(TestNG.java:1112)
	at org.testng.TestNG.run(TestNG.java:1079)
	at org.apache.maven.surefire.testng.TestNGExecutor.run(TestNGExecutor.java:155)
	at org.apache.maven.surefire.testng.TestNGDirectoryTestSuite.executeMulti(TestNGDirectoryTestSuite.java:169)
	at org.apache.maven.surefire.testng.TestNGDirectoryTestSuite.execute(TestNGDirectoryTestSuite.java:88)
	at org.apache.maven.surefire.testng.TestNGProvider.invoke(TestNGProvider.java:137)
	at org.apache.maven.surefire.booter.ForkedBooter.runSuitesInProcess(ForkedBooter.java:385)
	at org.apache.maven.surefire.booter.ForkedBooter.execute(ForkedBooter.java:162)
	at org.apache.maven.surefire.booter.ForkedBooter.run(ForkedBooter.java:507)
	at org.apache.maven.surefire.booter.ForkedBooter.main(ForkedBooter.java:495)
]]></failure>
    <system-out><![CDATA[Path for Screenshot is: C:\ASN\eclipse_workspace\demoqa-automation/screenshots/com.aventstack.extentreports.ExtentTest@5d12fa92Test Failed+2025-08-11_14-32-48.png
2025-08-11 14:32:48 [main] INFO  demoqaBase - Closing the Browser...
2025-08-11 14:32:48 [main] INFO  demoqaBase - Starting Web Browser...
2025-08-11 14:32:49 [main] INFO  demoqaBase - Navigating to demoqa.com Website
2025-08-11 14:32:50 [main] INFO  demoqaLog - Successfully navigated to: https://demoqa.com
2025-08-11 14:32:50 [main] INFO  demoqaLog - Starting Form Filling Test...
2025-08-11 14:32:51 [main] INFO  demoqaLog - Successfully navigated to: https://demoqa.com
2025-08-11 14:32:51 [main] INFO  demoqaLog - Accessing Form Card...
2025-08-11 14:32:51 [main] INFO  demoqaLog - Successfully navigated to: https://demoqa.com
2025-08-11 14:32:51 [main] INFO  demoqaLog - Clicking on Form Card...
]]></system-out>
  </testcase>
  <testcase name="fillForm[UserFormData{firstName=&apos;Gene&apos;, lastName=&apos;Femina&apos;, userMail=&apos;GFemina@demoqa.com&apos;, gender=&apos;Female&apos;, mobile=&apos;1.888343432E9&apos;, dob=&apos;22-05-2002&apos;, subject=&apos;Accounting&apos;, hobbies=&apos;Music,Reading&apos;, picturePath=&apos;/TestData/Fphoto.png&apos;, address=&apos;512 Grant 481, Prattsville\n Arkansas 72129\n United States&apos;, state=&apos;Uttar Pradesh&apos;, city=&apos;Merrut&apos;}](2)" classname="tests.FormTests" time="7.922">
    <system-out><![CDATA[Path for Screenshot is: C:\ASN\eclipse_workspace\demoqa-automation/screenshots/com.aventstack.extentreports.ExtentTest@2fef413cTest Failed+2025-08-11_14-32-51.png
Path for Screenshot is: C:\ASN\eclipse_workspace\demoqa-automation/screenshots/fillForm Passed+2025-08-11_14-32-51.png
2025-08-11 14:32:51 [main] INFO  demoqaBase - Closing the Browser...
2025-08-11 14:32:52 [main] INFO  demoqaBase - Starting Web Browser...
2025-08-11 14:32:53 [main] INFO  demoqaBase - Navigating to demoqa.com Website
2025-08-11 14:33:23 [main] WARN  demoqaLog - Navigation failed due to 502 or timeout. Retrying... Attempt 1
2025-08-11 14:33:29 [main] INFO  demoqaLog - Successfully navigated to: https://demoqa.com
2025-08-11 14:33:29 [main] INFO  demoqaLog - Starting Form Filling Test...
2025-08-11 14:33:30 [main] INFO  demoqaLog - Successfully navigated to: https://demoqa.com
2025-08-11 14:33:30 [main] INFO  demoqaLog - Accessing Form Card...
2025-08-11 14:33:31 [main] INFO  demoqaLog - Successfully navigated to: https://demoqa.com
2025-08-11 14:33:31 [main] INFO  demoqaLog - Clicking on Form Card...
2025-08-11 14:33:31 [main] INFO  demoqaLog - Clicked on Form Card...
2025-08-11 14:33:31 [main] INFO  demoqaLog - Clicking on Practice Form...
2025-08-11 14:33:31 [main] INFO  demoqaLog - Clicked on Practice Form...
2025-08-11 14:33:31 [main] INFO  demoqaLog - Filling form for: Gene Femina
2025-08-11 14:33:31 [main] INFO  demoqaLog - Entering First Name...
2025-08-11 14:33:32 [main] INFO  demoqaLog - Entered First Name: Gene
Selected gender: Female
 Parsed DOB: 2002-05-22
 Parsed DOB: 2002-05-22
 Received DOB: 22-05-2002
 Normalized DOB: 22-05-2002
 Date selected: 22-05-2002
2025-08-11 14:33:34 [main] INFO  demoqaLog - Typed full subject: Accounting
Typing subject: Accounting
Dropdown Option: Accounting
Selected: Accounting
Selected hobby: music
Selected hobby: reading
Uploaded photo: C:\ASN\eclipse_workspace\demoqa-automation//TestData/Fphoto.png
512 Grant 481, Prattsville
 Arkansas 72129
 United States
2025-08-11 14:33:35 [main] INFO  demoqaLog - Entering Address...
2025-08-11 14:33:36 [main] INFO  demoqaLog - Entered Address...
2025-08-11 14:33:36 [main] INFO  demoqaLog - Selecting State: Uttar Pradesh
Available state option: NCR
Available state option: Uttar Pradesh
2025-08-11 14:33:36 [main] INFO  demoqaLog - Selected State: Uttar Pradesh
2025-08-11 14:33:36 [main] INFO  demoqaLog - Selecting City: Merrut
Available city: Agra
Available city: Lucknow
Available city: Merrut
2025-08-11 14:33:37 [main] INFO  demoqaLog - Selected City: Merrut
2025-08-11 14:33:37 [main] INFO  demoqaLog - Submitting Form...
2025-08-11 14:33:37 [main] INFO  demoqaLog - Form Submitted via normal click...
2025-08-11 14:33:37 [main] INFO  demoqaLog - Test Form Filling Completed for: Gene Femina
]]></system-out>
  </testcase>
  <testcase name="fillForm[UserFormData{firstName=&apos;Bud&apos;, lastName=&apos;Wisem&apos;, userMail=&apos;BWisem@demoqa.com&apos;, gender=&apos;Other&apos;, mobile=&apos;8.932465432E9&apos;, dob=&apos;31-12-1999&apos;, subject=&apos;Biology&apos;, hobbies=&apos;Reading&apos;, picturePath=&apos;/TestData/Ophoto.jpg&apos;, address=&apos;513 Grant 481, Prattsville\n Arkansas 72129\n United States&apos;, state=&apos;Haryana&apos;, city=&apos;Panipat&apos;}](3)" classname="tests.FormTests" time="6.162">
    <system-out><![CDATA[Path for Screenshot is: C:\ASN\eclipse_workspace\demoqa-automation/screenshots/fillForm Passed+2025-08-11_14-33-37.png
2025-08-11 14:33:38 [main] INFO  demoqaBase - Closing the Browser...
2025-08-11 14:33:38 [main] INFO  demoqaBase - Starting Web Browser...
2025-08-11 14:33:39 [main] INFO  demoqaBase - Navigating to demoqa.com Website
2025-08-11 14:34:09 [main] WARN  demoqaLog - Navigation failed due to 502 or timeout. Retrying... Attempt 1
2025-08-11 14:34:14 [main] INFO  demoqaLog - Successfully navigated to: https://demoqa.com
2025-08-11 14:34:14 [main] INFO  demoqaLog - Starting Form Filling Test...
2025-08-11 14:34:14 [main] INFO  demoqaLog - Successfully navigated to: https://demoqa.com
2025-08-11 14:34:14 [main] INFO  demoqaLog - Accessing Form Card...
2025-08-11 14:34:15 [main] INFO  demoqaLog - Successfully navigated to: https://demoqa.com
2025-08-11 14:34:15 [main] INFO  demoqaLog - Clicking on Form Card...
2025-08-11 14:34:15 [main] INFO  demoqaLog - Clicked on Form Card...
2025-08-11 14:34:15 [main] INFO  demoqaLog - Clicking on Practice Form...
2025-08-11 14:34:15 [main] INFO  demoqaLog - Clicked on Practice Form...
2025-08-11 14:34:15 [main] INFO  demoqaLog - Filling form for: Bud Wisem
2025-08-11 14:34:15 [main] INFO  demoqaLog - Entering First Name...
2025-08-11 14:34:16 [main] INFO  demoqaLog - Entered First Name: Bud
Selected gender: Other
 Parsed DOB: 1999-12-31
 Parsed DOB: 1999-12-31
 Received DOB: 31-12-1999
 Normalized DOB: 31-12-1999
 Date selected: 31-12-1999
2025-08-11 14:34:18 [main] INFO  demoqaLog - Typed full subject: Biology
Typing subject: Biology
Dropdown Option: Biology
Selected: Biology
Selected hobby: reading
Uploaded photo: C:\ASN\eclipse_workspace\demoqa-automation//TestData/Ophoto.jpg
513 Grant 481, Prattsville
 Arkansas 72129
 United States
2025-08-11 14:34:18 [main] INFO  demoqaLog - Entering Address...
2025-08-11 14:34:19 [main] INFO  demoqaLog - Entered Address...
2025-08-11 14:34:19 [main] INFO  demoqaLog - Selecting State: Haryana
Available state option: NCR
Available state option: Uttar Pradesh
Available state option: Haryana
2025-08-11 14:34:19 [main] INFO  demoqaLog - Selected State: Haryana
2025-08-11 14:34:19 [main] INFO  demoqaLog - Selecting City: Panipat
Available city: Karnal
Available city: Panipat
2025-08-11 14:34:19 [main] INFO  demoqaLog - Selected City: Panipat
2025-08-11 14:34:19 [main] INFO  demoqaLog - Submitting Form...
2025-08-11 14:34:20 [main] INFO  demoqaLog - Form Submitted via normal click...
2025-08-11 14:34:20 [main] INFO  demoqaLog - Test Form Filling Completed for: Bud Wisem
]]></system-out>
  </testcase>
  <testcase name="fillForm[UserFormData{firstName=&apos;Tom&apos;, lastName=&apos;Boss&apos;, userMail=&apos;TBoss@demoqa.com&apos;, gender=&apos;Male&apos;, mobile=&apos;7.839875281E9&apos;, dob=&apos;26-01-2003&apos;, subject=&apos;Social Studies&apos;, hobbies=&apos;Sports,Reading&apos;, picturePath=&apos;/TestData/M2photo.jpg&apos;, address=&apos;514 Grant 481, Prattsville\n Arkansas 72129\n United States&apos;, state=&apos;Rajasthan&apos;, city=&apos;Jaiselmer&apos;}](4)" classname="tests.FormTests" time="6.574">
    <system-out><![CDATA[Path for Screenshot is: C:\ASN\eclipse_workspace\demoqa-automation/screenshots/fillForm Passed+2025-08-11_14-34-20.png
2025-08-11 14:34:20 [main] INFO  demoqaBase - Closing the Browser...
2025-08-11 14:34:21 [main] INFO  demoqaBase - Starting Web Browser...
2025-08-11 14:34:22 [main] INFO  demoqaBase - Navigating to demoqa.com Website
2025-08-11 14:34:52 [main] WARN  demoqaLog - Navigation failed due to 502 or timeout. Retrying... Attempt 1
2025-08-11 14:34:55 [main] INFO  demoqaLog - Successfully navigated to: https://demoqa.com
2025-08-11 14:34:55 [main] INFO  demoqaLog - Starting Form Filling Test...
2025-08-11 14:34:56 [main] INFO  demoqaLog - Successfully navigated to: https://demoqa.com
2025-08-11 14:34:56 [main] INFO  demoqaLog - Accessing Form Card...
2025-08-11 14:34:57 [main] INFO  demoqaLog - Successfully navigated to: https://demoqa.com
2025-08-11 14:34:57 [main] INFO  demoqaLog - Clicking on Form Card...
2025-08-11 14:34:57 [main] INFO  demoqaLog - Clicked on Form Card...
2025-08-11 14:34:57 [main] INFO  demoqaLog - Clicking on Practice Form...
2025-08-11 14:34:57 [main] INFO  demoqaLog - Clicked on Practice Form...
2025-08-11 14:34:57 [main] INFO  demoqaLog - Filling form for: Tom Boss
2025-08-11 14:34:57 [main] INFO  demoqaLog - Entering First Name...
2025-08-11 14:34:57 [main] INFO  demoqaLog - Entered First Name: Tom
Selected gender: Male
 Parsed DOB: 2003-01-26
 Parsed DOB: 2003-01-26
 Received DOB: 26-01-2003
 Normalized DOB: 26-01-2003
 Date selected: 26-01-2003
2025-08-11 14:34:59 [main] INFO  demoqaLog - Typed full subject: Social Studies
Typing subject: Social Studies
Dropdown Option: Social Studies
Selected: Social Studies
Selected hobby: sports
Selected hobby: reading
Uploaded photo: C:\ASN\eclipse_workspace\demoqa-automation//TestData/M2photo.jpg
514 Grant 481, Prattsville
 Arkansas 72129
 United States
2025-08-11 14:35:00 [main] INFO  demoqaLog - Entering Address...
2025-08-11 14:35:01 [main] INFO  demoqaLog - Entered Address...
2025-08-11 14:35:01 [main] INFO  demoqaLog - Selecting State: Rajasthan
Available state option: NCR
Available state option: Uttar Pradesh
Available state option: Haryana
Available state option: Rajasthan
2025-08-11 14:35:01 [main] INFO  demoqaLog - Selected State: Rajasthan
2025-08-11 14:35:01 [main] INFO  demoqaLog - Selecting City: Jaiselmer
Available city: Jaipur
Available city: Jaiselmer
2025-08-11 14:35:01 [main] INFO  demoqaLog - Selected City: Jaiselmer
2025-08-11 14:35:01 [main] INFO  demoqaLog - Submitting Form...
2025-08-11 14:35:02 [main] INFO  demoqaLog - Form Submitted via normal click...
2025-08-11 14:35:02 [main] INFO  demoqaLog - Test Form Filling Completed for: Tom Boss
]]></system-out>
  </testcase>
</testsuite>