<?xml version="1.0" encoding="UTF-8"?>
<testng-results ignored="0" total="40" passed="40" failed="0" skipped="0">
  <reporter-output>
  </reporter-output>
  <suite started-at="2025-08-07T20:00:49 IST" name="Surefire suite" finished-at="2025-08-07T20:06:56 IST" duration-ms="366794">
    <groups>
    </groups>
    <test started-at="2025-08-07T20:00:49 IST" name="Surefire test" finished-at="2025-08-07T20:06:56 IST" duration-ms="366794">
      <class name="tests.FormTests">
        <test-method is-config="true" signature="setUP()[pri:0, instance:tests.FormTests@1ea9f6af]" started-at="2025-08-07T20:05:59 IST" name="setUP" finished-at="2025-08-07T20:06:05 IST" duration-ms="5550" status="PASS">
          <reporter-output>
          </reporter-output>
        </test-method> <!-- setUP -->
        <test-method signature="FormCard()[pri:1, instance:tests.FormTests@1ea9f6af]" started-at="2025-08-07T20:06:05 IST" name="FormCard" finished-at="2025-08-07T20:06:05 IST" duration-ms="399" status="PASS">
          <reporter-output>
          </reporter-output>
        </test-method> <!-- FormCard -->
        <test-method is-config="true" signature="TearDown(org.testng.ITestResult)[pri:0, instance:tests.FormTests@1ea9f6af]" started-at="2025-08-07T20:06:05 IST" name="TearDown" finished-at="2025-08-07T20:06:05 IST" duration-ms="174" status="PASS">
          <params>
            <param index="0">
              <value>
                <![CDATA[[TestResult name=FormCard status=SUCCESS method=FormTests.FormCard()[pri:1, instance:tests.FormTests@1ea9f6af] output={null}]]]>
              </value>
            </param>
          </params>
          <reporter-output>
          </reporter-output>
        </test-method> <!-- TearDown -->
        <test-method is-config="true" signature="setUP()[pri:0, instance:tests.FormTests@1ea9f6af]" started-at="2025-08-07T20:06:05 IST" name="setUP" finished-at="2025-08-07T20:06:10 IST" duration-ms="5072" status="PASS">
          <reporter-output>
          </reporter-output>
        </test-method> <!-- setUP -->
        <test-method signature="fillForm(models.UserFormData)[pri:2, instance:tests.FormTests@1ea9f6af]" started-at="2025-08-07T20:06:10 IST" name="fillForm" data-provider="UserFormData1" finished-at="2025-08-07T20:06:16 IST" duration-ms="5587" status="PASS">
          <params>
            <param index="0">
              <value>
                <![CDATA[models.UserFormData@40ff56f7]]>
              </value>
            </param>
          </params>
          <reporter-output>
          </reporter-output>
        </test-method> <!-- fillForm -->
        <test-method is-config="true" signature="TearDown(org.testng.ITestResult)[pri:0, instance:tests.FormTests@1ea9f6af]" started-at="2025-08-07T20:06:16 IST" name="TearDown" finished-at="2025-08-07T20:06:17 IST" duration-ms="618" status="PASS">
          <params>
            <param index="0">
              <value>
                <![CDATA[[TestResult name=fillForm status=SUCCESS method=FormTests.fillForm(models.UserFormData)[pri:2, instance:tests.FormTests@1ea9f6af] output={null}]]]>
              </value>
            </param>
          </params>
          <reporter-output>
          </reporter-output>
        </test-method> <!-- TearDown -->
        <test-method is-config="true" signature="setUP()[pri:0, instance:tests.FormTests@1ea9f6af]" started-at="2025-08-07T20:06:17 IST" name="setUP" finished-at="2025-08-07T20:06:22 IST" duration-ms="5329" status="PASS">
          <reporter-output>
          </reporter-output>
        </test-method> <!-- setUP -->
        <test-method signature="fillForm(models.UserFormData)[pri:2, instance:tests.FormTests@1ea9f6af]" started-at="2025-08-07T20:06:22 IST" name="fillForm" data-provider="UserFormData1" finished-at="2025-08-07T20:06:27 IST" duration-ms="5381" status="PASS">
          <params>
            <param index="0">
              <value>
                <![CDATA[models.UserFormData@1b9785aa]]>
              </value>
            </param>
          </params>
          <reporter-output>
          </reporter-output>
        </test-method> <!-- fillForm -->
        <test-method is-config="true" signature="TearDown(org.testng.ITestResult)[pri:0, instance:tests.FormTests@1ea9f6af]" started-at="2025-08-07T20:06:27 IST" name="TearDown" finished-at="2025-08-07T20:06:28 IST" duration-ms="480" status="PASS">
          <params>
            <param index="0">
              <value>
                <![CDATA[[TestResult name=fillForm status=SUCCESS method=FormTests.fillForm(models.UserFormData)[pri:2, instance:tests.FormTests@1ea9f6af] output={null}]]]>
              </value>
            </param>
          </params>
          <reporter-output>
          </reporter-output>
        </test-method> <!-- TearDown -->
        <test-method is-config="true" signature="setUP()[pri:0, instance:tests.FormTests@1ea9f6af]" started-at="2025-08-07T20:06:28 IST" name="setUP" finished-at="2025-08-07T20:06:33 IST" duration-ms="5342" status="PASS">
          <reporter-output>
          </reporter-output>
        </test-method> <!-- setUP -->
        <test-method signature="fillForm(models.UserFormData)[pri:2, instance:tests.FormTests@1ea9f6af]" started-at="2025-08-07T20:06:33 IST" name="fillForm" data-provider="UserFormData1" finished-at="2025-08-07T20:06:38 IST" duration-ms="5445" status="PASS">
          <params>
            <param index="0">
              <value>
                <![CDATA[models.UserFormData@78b3f926]]>
              </value>
            </param>
          </params>
          <reporter-output>
          </reporter-output>
        </test-method> <!-- fillForm -->
        <test-method is-config="true" signature="TearDown(org.testng.ITestResult)[pri:0, instance:tests.FormTests@1ea9f6af]" started-at="2025-08-07T20:06:38 IST" name="TearDown" finished-at="2025-08-07T20:06:39 IST" duration-ms="589" status="PASS">
          <params>
            <param index="0">
              <value>
                <![CDATA[[TestResult name=fillForm status=SUCCESS method=FormTests.fillForm(models.UserFormData)[pri:2, instance:tests.FormTests@1ea9f6af] output={null}]]]>
              </value>
            </param>
          </params>
          <reporter-output>
          </reporter-output>
        </test-method> <!-- TearDown -->
        <test-method is-config="true" signature="setUP()[pri:0, instance:tests.FormTests@1ea9f6af]" started-at="2025-08-07T20:06:39 IST" name="setUP" finished-at="2025-08-07T20:06:50 IST" duration-ms="10713" status="PASS">
          <reporter-output>
          </reporter-output>
        </test-method> <!-- setUP -->
        <test-method signature="fillForm(models.UserFormData)[pri:2, instance:tests.FormTests@1ea9f6af]" started-at="2025-08-07T20:06:50 IST" name="fillForm" data-provider="UserFormData1" finished-at="2025-08-07T20:06:56 IST" duration-ms="5761" status="PASS">
          <params>
            <param index="0">
              <value>
                <![CDATA[models.UserFormData@770635f8]]>
              </value>
            </param>
          </params>
          <reporter-output>
          </reporter-output>
        </test-method> <!-- fillForm -->
        <test-method is-config="true" signature="TearDown(org.testng.ITestResult)[pri:0, instance:tests.FormTests@1ea9f6af]" started-at="2025-08-07T20:06:56 IST" name="TearDown" finished-at="2025-08-07T20:06:56 IST" duration-ms="627" status="PASS">
          <params>
            <param index="0">
              <value>
                <![CDATA[[TestResult name=fillForm status=SUCCESS method=FormTests.fillForm(models.UserFormData)[pri:2, instance:tests.FormTests@1ea9f6af] output={null}]]]>
              </value>
            </param>
          </params>
          <reporter-output>
          </reporter-output>
        </test-method> <!-- TearDown -->
      </class> <!-- tests.FormTests -->
      <class name="tests.ElementsTests">
        <test-method is-config="true" signature="setUP()[pri:0, instance:tests.ElementsTests@188715b5]" started-at="2025-08-07T20:00:59 IST" name="setUP" finished-at="2025-08-07T20:01:04 IST" duration-ms="5164" status="PASS">
          <reporter-output>
          </reporter-output>
        </test-method> <!-- setUP -->
        <test-method signature="ElementsCard()[pri:1, instance:tests.ElementsTests@188715b5]" started-at="2025-08-07T20:01:04 IST" name="ElementsCard" finished-at="2025-08-07T20:01:04 IST" duration-ms="300" status="PASS">
          <reporter-output>
          </reporter-output>
        </test-method> <!-- ElementsCard -->
        <test-method is-config="true" signature="TearDown(org.testng.ITestResult)[pri:0, instance:tests.ElementsTests@188715b5]" started-at="2025-08-07T20:01:04 IST" name="TearDown" finished-at="2025-08-07T20:01:04 IST" duration-ms="195" status="PASS">
          <params>
            <param index="0">
              <value>
                <![CDATA[[TestResult name=ElementsCard status=SUCCESS method=ElementsTests.ElementsCard()[pri:1, instance:tests.ElementsTests@188715b5] output={null}]]]>
              </value>
            </param>
          </params>
          <reporter-output>
          </reporter-output>
        </test-method> <!-- TearDown -->
        <test-method is-config="true" signature="setUP()[pri:0, instance:tests.ElementsTests@188715b5]" started-at="2025-08-07T20:01:04 IST" name="setUP" finished-at="2025-08-07T20:01:10 IST" duration-ms="5664" status="PASS">
          <reporter-output>
          </reporter-output>
        </test-method> <!-- setUP -->
        <test-method signature="TextBox()[pri:2, instance:tests.ElementsTests@188715b5]" started-at="2025-08-07T20:01:10 IST" name="TextBox" finished-at="2025-08-07T20:01:12 IST" duration-ms="2193" status="PASS">
          <reporter-output>
          </reporter-output>
        </test-method> <!-- TextBox -->
        <test-method is-config="true" signature="TearDown(org.testng.ITestResult)[pri:0, instance:tests.ElementsTests@188715b5]" started-at="2025-08-07T20:01:12 IST" name="TearDown" finished-at="2025-08-07T20:01:13 IST" duration-ms="517" status="PASS">
          <params>
            <param index="0">
              <value>
                <![CDATA[[TestResult name=TextBox status=SUCCESS method=ElementsTests.TextBox()[pri:2, instance:tests.ElementsTests@188715b5] output={null}]]]>
              </value>
            </param>
          </params>
          <reporter-output>
          </reporter-output>
        </test-method> <!-- TearDown -->
        <test-method is-config="true" signature="setUP()[pri:0, instance:tests.ElementsTests@188715b5]" started-at="2025-08-07T20:01:13 IST" name="setUP" finished-at="2025-08-07T20:01:18 IST" duration-ms="5295" status="PASS">
          <reporter-output>
          </reporter-output>
        </test-method> <!-- setUP -->
        <test-method signature="CheckBox()[pri:3, instance:tests.ElementsTests@188715b5]" started-at="2025-08-07T20:01:18 IST" name="CheckBox" finished-at="2025-08-07T20:01:19 IST" duration-ms="538" status="PASS">
          <reporter-output>
          </reporter-output>
        </test-method> <!-- CheckBox -->
        <test-method is-config="true" signature="TearDown(org.testng.ITestResult)[pri:0, instance:tests.ElementsTests@188715b5]" started-at="2025-08-07T20:01:19 IST" name="TearDown" finished-at="2025-08-07T20:01:19 IST" duration-ms="225" status="PASS">
          <params>
            <param index="0">
              <value>
                <![CDATA[[TestResult name=CheckBox status=SUCCESS method=ElementsTests.CheckBox()[pri:3, instance:tests.ElementsTests@188715b5] output={null}]]]>
              </value>
            </param>
          </params>
          <reporter-output>
          </reporter-output>
        </test-method> <!-- TearDown -->
        <test-method is-config="true" signature="setUP()[pri:0, instance:tests.ElementsTests@188715b5]" started-at="2025-08-07T20:01:19 IST" name="setUP" finished-at="2025-08-07T20:01:27 IST" duration-ms="7742" status="PASS">
          <reporter-output>
          </reporter-output>
        </test-method> <!-- setUP -->
        <test-method signature="SelectingHomeCheckBox()[pri:4, instance:tests.ElementsTests@188715b5]" started-at="2025-08-07T20:01:27 IST" name="SelectingHomeCheckBox" finished-at="2025-08-07T20:01:27 IST" duration-ms="685" status="PASS">
          <reporter-output>
          </reporter-output>
        </test-method> <!-- SelectingHomeCheckBox -->
        <test-method is-config="true" signature="TearDown(org.testng.ITestResult)[pri:0, instance:tests.ElementsTests@188715b5]" started-at="2025-08-07T20:01:27 IST" name="TearDown" finished-at="2025-08-07T20:01:27 IST" duration-ms="177" status="PASS">
          <params>
            <param index="0">
              <value>
                <![CDATA[[TestResult name=SelectingHomeCheckBox status=SUCCESS method=ElementsTests.SelectingHomeCheckBox()[pri:4, instance:tests.ElementsTests@188715b5] output={null}]]]>
              </value>
            </param>
          </params>
          <reporter-output>
          </reporter-output>
        </test-method> <!-- TearDown -->
        <test-method is-config="true" signature="setUP()[pri:0, instance:tests.ElementsTests@188715b5]" started-at="2025-08-07T20:01:27 IST" name="setUP" finished-at="2025-08-07T20:01:33 IST" duration-ms="5918" status="PASS">
          <reporter-output>
          </reporter-output>
        </test-method> <!-- setUP -->
        <test-method signature="SelectingDesktopCheckBox()[pri:5, instance:tests.ElementsTests@188715b5]" started-at="2025-08-07T20:01:33 IST" name="SelectingDesktopCheckBox" finished-at="2025-08-07T20:01:34 IST" duration-ms="792" status="PASS">
          <reporter-output>
          </reporter-output>
        </test-method> <!-- SelectingDesktopCheckBox -->
        <test-method is-config="true" signature="TearDown(org.testng.ITestResult)[pri:0, instance:tests.ElementsTests@188715b5]" started-at="2025-08-07T20:01:34 IST" name="TearDown" finished-at="2025-08-07T20:01:34 IST" duration-ms="206" status="PASS">
          <params>
            <param index="0">
              <value>
                <![CDATA[[TestResult name=SelectingDesktopCheckBox status=SUCCESS method=ElementsTests.SelectingDesktopCheckBox()[pri:5, instance:tests.ElementsTests@188715b5] output={null}]]]>
              </value>
            </param>
          </params>
          <reporter-output>
          </reporter-output>
        </test-method> <!-- TearDown -->
        <test-method is-config="true" signature="setUP()[pri:0, instance:tests.ElementsTests@188715b5]" started-at="2025-08-07T20:01:34 IST" name="setUP" finished-at="2025-08-07T20:01:44 IST" duration-ms="10138" status="PASS">
          <reporter-output>
          </reporter-output>
        </test-method> <!-- setUP -->
        <test-method signature="SelectingNotesCommandsClick()[pri:6, instance:tests.ElementsTests@188715b5]" started-at="2025-08-07T20:01:44 IST" name="SelectingNotesCommandsClick" finished-at="2025-08-07T20:01:46 IST" duration-ms="1384" status="PASS">
          <reporter-output>
          </reporter-output>
        </test-method> <!-- SelectingNotesCommandsClick -->
        <test-method is-config="true" signature="TearDown(org.testng.ITestResult)[pri:0, instance:tests.ElementsTests@188715b5]" started-at="2025-08-07T20:01:46 IST" name="TearDown" finished-at="2025-08-07T20:01:46 IST" duration-ms="204" status="PASS">
          <params>
            <param index="0">
              <value>
                <![CDATA[[TestResult name=SelectingNotesCommandsClick status=SUCCESS method=ElementsTests.SelectingNotesCommandsClick()[pri:6, instance:tests.ElementsTests@188715b5] output={null}]]]>
              </value>
            </param>
          </params>
          <reporter-output>
          </reporter-output>
        </test-method> <!-- TearDown -->
        <test-method is-config="true" signature="setUP()[pri:0, instance:tests.ElementsTests@188715b5]" started-at="2025-08-07T20:01:46 IST" name="setUP" finished-at="2025-08-07T20:01:59 IST" duration-ms="12752" status="PASS">
          <reporter-output>
          </reporter-output>
        </test-method> <!-- setUP -->
        <test-method signature="SelectingDocumentsCheckBox()[pri:7, instance:tests.ElementsTests@188715b5]" started-at="2025-08-07T20:01:59 IST" name="SelectingDocumentsCheckBox" finished-at="2025-08-07T20:02:00 IST" duration-ms="1255" status="PASS">
          <reporter-output>
          </reporter-output>
        </test-method> <!-- SelectingDocumentsCheckBox -->
        <test-method is-config="true" signature="TearDown(org.testng.ITestResult)[pri:0, instance:tests.ElementsTests@188715b5]" started-at="2025-08-07T20:02:00 IST" name="TearDown" finished-at="2025-08-07T20:02:00 IST" duration-ms="208" status="PASS">
          <params>
            <param index="0">
              <value>
                <![CDATA[[TestResult name=SelectingDocumentsCheckBox status=SUCCESS method=ElementsTests.SelectingDocumentsCheckBox()[pri:7, instance:tests.ElementsTests@188715b5] output={null}]]]>
              </value>
            </param>
          </params>
          <reporter-output>
          </reporter-output>
        </test-method> <!-- TearDown -->
        <test-method is-config="true" signature="setUP()[pri:0, instance:tests.ElementsTests@188715b5]" started-at="2025-08-07T20:02:00 IST" name="setUP" finished-at="2025-08-07T20:02:06 IST" duration-ms="5778" status="PASS">
          <reporter-output>
          </reporter-output>
        </test-method> <!-- setUP -->
        <test-method signature="SelectingWorkSpace()[pri:8, instance:tests.ElementsTests@188715b5]" started-at="2025-08-07T20:02:06 IST" name="SelectingWorkSpace" finished-at="2025-08-07T20:02:07 IST" duration-ms="900" status="PASS">
          <reporter-output>
          </reporter-output>
        </test-method> <!-- SelectingWorkSpace -->
        <test-method is-config="true" signature="TearDown(org.testng.ITestResult)[pri:0, instance:tests.ElementsTests@188715b5]" started-at="2025-08-07T20:02:07 IST" name="TearDown" finished-at="2025-08-07T20:02:07 IST" duration-ms="202" status="PASS">
          <params>
            <param index="0">
              <value>
                <![CDATA[[TestResult name=SelectingWorkSpace status=SUCCESS method=ElementsTests.SelectingWorkSpace()[pri:8, instance:tests.ElementsTests@188715b5] output={null}]]]>
              </value>
            </param>
          </params>
          <reporter-output>
          </reporter-output>
        </test-method> <!-- TearDown -->
        <test-method is-config="true" signature="setUP()[pri:0, instance:tests.ElementsTests@188715b5]" started-at="2025-08-07T20:02:07 IST" name="setUP" finished-at="2025-08-07T20:02:14 IST" duration-ms="6586" status="PASS">
          <reporter-output>
          </reporter-output>
        </test-method> <!-- setUP -->
        <test-method signature="SelectReact()[pri:9, instance:tests.ElementsTests@188715b5]" started-at="2025-08-07T20:02:14 IST" name="SelectReact" finished-at="2025-08-07T20:02:15 IST" duration-ms="999" status="PASS">
          <reporter-output>
          </reporter-output>
        </test-method> <!-- SelectReact -->
        <test-method is-config="true" signature="TearDown(org.testng.ITestResult)[pri:0, instance:tests.ElementsTests@188715b5]" started-at="2025-08-07T20:02:15 IST" name="TearDown" finished-at="2025-08-07T20:02:15 IST" duration-ms="206" status="PASS">
          <params>
            <param index="0">
              <value>
                <![CDATA[[TestResult name=SelectReact status=SUCCESS method=ElementsTests.SelectReact()[pri:9, instance:tests.ElementsTests@188715b5] output={null}]]]>
              </value>
            </param>
          </params>
          <reporter-output>
          </reporter-output>
        </test-method> <!-- TearDown -->
        <test-method is-config="true" signature="setUP()[pri:0, instance:tests.ElementsTests@188715b5]" started-at="2025-08-07T20:02:15 IST" name="setUP" finished-at="2025-08-07T20:02:22 IST" duration-ms="7080" status="PASS">
          <reporter-output>
          </reporter-output>
        </test-method> <!-- setUP -->
        <test-method signature="SelectAngular()[pri:10, instance:tests.ElementsTests@188715b5]" started-at="2025-08-07T20:02:22 IST" name="SelectAngular" finished-at="2025-08-07T20:02:23 IST" duration-ms="1299" status="PASS">
          <reporter-output>
          </reporter-output>
        </test-method> <!-- SelectAngular -->
        <test-method is-config="true" signature="TearDown(org.testng.ITestResult)[pri:0, instance:tests.ElementsTests@188715b5]" started-at="2025-08-07T20:02:23 IST" name="TearDown" finished-at="2025-08-07T20:02:23 IST" duration-ms="176" status="PASS">
          <params>
            <param index="0">
              <value>
                <![CDATA[[TestResult name=SelectAngular status=SUCCESS method=ElementsTests.SelectAngular()[pri:10, instance:tests.ElementsTests@188715b5] output={null}]]]>
              </value>
            </param>
          </params>
          <reporter-output>
          </reporter-output>
        </test-method> <!-- TearDown -->
        <test-method is-config="true" signature="setUP()[pri:0, instance:tests.ElementsTests@188715b5]" started-at="2025-08-07T20:02:23 IST" name="setUP" finished-at="2025-08-07T20:02:29 IST" duration-ms="5426" status="PASS">
          <reporter-output>
          </reporter-output>
        </test-method> <!-- setUP -->
        <test-method signature="SelectVeu()[pri:11, instance:tests.ElementsTests@188715b5]" started-at="2025-08-07T20:02:29 IST" name="SelectVeu" finished-at="2025-08-07T20:02:30 IST" duration-ms="1034" status="PASS">
          <reporter-output>
          </reporter-output>
        </test-method> <!-- SelectVeu -->
        <test-method is-config="true" signature="TearDown(org.testng.ITestResult)[pri:0, instance:tests.ElementsTests@188715b5]" started-at="2025-08-07T20:02:30 IST" name="TearDown" finished-at="2025-08-07T20:02:30 IST" duration-ms="203" status="PASS">
          <params>
            <param index="0">
              <value>
                <![CDATA[[TestResult name=SelectVeu status=SUCCESS method=ElementsTests.SelectVeu()[pri:11, instance:tests.ElementsTests@188715b5] output={null}]]]>
              </value>
            </param>
          </params>
          <reporter-output>
          </reporter-output>
        </test-method> <!-- TearDown -->
        <test-method is-config="true" signature="setUP()[pri:0, instance:tests.ElementsTests@188715b5]" started-at="2025-08-07T20:02:30 IST" name="setUP" finished-at="2025-08-07T20:02:36 IST" duration-ms="6329" status="PASS">
          <reporter-output>
          </reporter-output>
        </test-method> <!-- setUP -->
        <test-method signature="SelectReactAnuglarVeu()[pri:12, instance:tests.ElementsTests@188715b5]" started-at="2025-08-07T20:02:36 IST" name="SelectReactAnuglarVeu" finished-at="2025-08-07T20:02:38 IST" duration-ms="1246" status="PASS">
          <reporter-output>
          </reporter-output>
        </test-method> <!-- SelectReactAnuglarVeu -->
        <test-method is-config="true" signature="TearDown(org.testng.ITestResult)[pri:0, instance:tests.ElementsTests@188715b5]" started-at="2025-08-07T20:02:38 IST" name="TearDown" finished-at="2025-08-07T20:02:38 IST" duration-ms="273" status="PASS">
          <params>
            <param index="0">
              <value>
                <![CDATA[[TestResult name=SelectReactAnuglarVeu status=SUCCESS method=ElementsTests.SelectReactAnuglarVeu()[pri:12, instance:tests.ElementsTests@188715b5] output={null}]]]>
              </value>
            </param>
          </params>
          <reporter-output>
          </reporter-output>
        </test-method> <!-- TearDown -->
        <test-method is-config="true" signature="setUP()[pri:0, instance:tests.ElementsTests@188715b5]" started-at="2025-08-07T20:02:38 IST" name="setUP" finished-at="2025-08-07T20:02:44 IST" duration-ms="5731" status="PASS">
          <reporter-output>
          </reporter-output>
        </test-method> <!-- setUP -->
        <test-method signature="SelectingOffice()[pri:13, instance:tests.ElementsTests@188715b5]" started-at="2025-08-07T20:02:44 IST" name="SelectingOffice" finished-at="2025-08-07T20:02:45 IST" duration-ms="1237" status="PASS">
          <reporter-output>
          </reporter-output>
        </test-method> <!-- SelectingOffice -->
        <test-method is-config="true" signature="TearDown(org.testng.ITestResult)[pri:0, instance:tests.ElementsTests@188715b5]" started-at="2025-08-07T20:02:45 IST" name="TearDown" finished-at="2025-08-07T20:02:45 IST" duration-ms="214" status="PASS">
          <params>
            <param index="0">
              <value>
                <![CDATA[[TestResult name=SelectingOffice status=SUCCESS method=ElementsTests.SelectingOffice()[pri:13, instance:tests.ElementsTests@188715b5] output={null}]]]>
              </value>
            </param>
          </params>
          <reporter-output>
          </reporter-output>
        </test-method> <!-- TearDown -->
        <test-method is-config="true" signature="setUP()[pri:0, instance:tests.ElementsTests@188715b5]" started-at="2025-08-07T20:02:45 IST" name="setUP" finished-at="2025-08-07T20:02:51 IST" duration-ms="6020" status="PASS">
          <reporter-output>
          </reporter-output>
        </test-method> <!-- setUP -->
        <test-method signature="SelectPublic()[pri:14, instance:tests.ElementsTests@188715b5]" started-at="2025-08-07T20:02:51 IST" name="SelectPublic" finished-at="2025-08-07T20:02:53 IST" duration-ms="1641" status="PASS">
          <reporter-output>
          </reporter-output>
        </test-method> <!-- SelectPublic -->
        <test-method is-config="true" signature="TearDown(org.testng.ITestResult)[pri:0, instance:tests.ElementsTests@188715b5]" started-at="2025-08-07T20:02:53 IST" name="TearDown" finished-at="2025-08-07T20:02:53 IST" duration-ms="177" status="PASS">
          <params>
            <param index="0">
              <value>
                <![CDATA[[TestResult name=SelectPublic status=SUCCESS method=ElementsTests.SelectPublic()[pri:14, instance:tests.ElementsTests@188715b5] output={null}]]]>
              </value>
            </param>
          </params>
          <reporter-output>
          </reporter-output>
        </test-method> <!-- TearDown -->
        <test-method is-config="true" signature="setUP()[pri:0, instance:tests.ElementsTests@188715b5]" started-at="2025-08-07T20:02:53 IST" name="setUP" finished-at="2025-08-07T20:02:59 IST" duration-ms="5719" status="PASS">
          <reporter-output>
          </reporter-output>
        </test-method> <!-- setUP -->
        <test-method signature="SelectPrivate()[pri:15, instance:tests.ElementsTests@188715b5]" started-at="2025-08-07T20:02:59 IST" name="SelectPrivate" finished-at="2025-08-07T20:03:00 IST" duration-ms="1013" status="PASS">
          <reporter-output>
          </reporter-output>
        </test-method> <!-- SelectPrivate -->
        <test-method is-config="true" signature="TearDown(org.testng.ITestResult)[pri:0, instance:tests.ElementsTests@188715b5]" started-at="2025-08-07T20:03:00 IST" name="TearDown" finished-at="2025-08-07T20:03:00 IST" duration-ms="261" status="PASS">
          <params>
            <param index="0">
              <value>
                <![CDATA[[TestResult name=SelectPrivate status=SUCCESS method=ElementsTests.SelectPrivate()[pri:15, instance:tests.ElementsTests@188715b5] output={null}]]]>
              </value>
            </param>
          </params>
          <reporter-output>
          </reporter-output>
        </test-method> <!-- TearDown -->
        <test-method is-config="true" signature="setUP()[pri:0, instance:tests.ElementsTests@188715b5]" started-at="2025-08-07T20:03:00 IST" name="setUP" finished-at="2025-08-07T20:03:06 IST" duration-ms="5751" status="PASS">
          <reporter-output>
          </reporter-output>
        </test-method> <!-- setUP -->
        <test-method signature="SelectClassified()[pri:16, instance:tests.ElementsTests@188715b5]" started-at="2025-08-07T20:03:06 IST" name="SelectClassified" finished-at="2025-08-07T20:03:07 IST" duration-ms="1734" status="PASS">
          <reporter-output>
          </reporter-output>
        </test-method> <!-- SelectClassified -->
        <test-method is-config="true" signature="TearDown(org.testng.ITestResult)[pri:0, instance:tests.ElementsTests@188715b5]" started-at="2025-08-07T20:03:07 IST" name="TearDown" finished-at="2025-08-07T20:03:08 IST" duration-ms="193" status="PASS">
          <params>
            <param index="0">
              <value>
                <![CDATA[[TestResult name=SelectClassified status=SUCCESS method=ElementsTests.SelectClassified()[pri:16, instance:tests.ElementsTests@188715b5] output={null}]]]>
              </value>
            </param>
          </params>
          <reporter-output>
          </reporter-output>
        </test-method> <!-- TearDown -->
        <test-method is-config="true" signature="setUP()[pri:0, instance:tests.ElementsTests@188715b5]" started-at="2025-08-07T20:03:08 IST" name="setUP" finished-at="2025-08-07T20:03:13 IST" duration-ms="5095" status="PASS">
          <reporter-output>
          </reporter-output>
        </test-method> <!-- setUP -->
        <test-method signature="SelectGeneral()[pri:17, instance:tests.ElementsTests@188715b5]" started-at="2025-08-07T20:03:13 IST" name="SelectGeneral" finished-at="2025-08-07T20:03:14 IST" duration-ms="1203" status="PASS">
          <reporter-output>
          </reporter-output>
        </test-method> <!-- SelectGeneral -->
        <test-method is-config="true" signature="TearDown(org.testng.ITestResult)[pri:0, instance:tests.ElementsTests@188715b5]" started-at="2025-08-07T20:03:14 IST" name="TearDown" finished-at="2025-08-07T20:03:14 IST" duration-ms="189" status="PASS">
          <params>
            <param index="0">
              <value>
                <![CDATA[[TestResult name=SelectGeneral status=SUCCESS method=ElementsTests.SelectGeneral()[pri:17, instance:tests.ElementsTests@188715b5] output={null}]]]>
              </value>
            </param>
          </params>
          <reporter-output>
          </reporter-output>
        </test-method> <!-- TearDown -->
        <test-method is-config="true" signature="setUP()[pri:0, instance:tests.ElementsTests@188715b5]" started-at="2025-08-07T20:03:14 IST" name="setUP" finished-at="2025-08-07T20:03:20 IST" duration-ms="6190" status="PASS">
          <reporter-output>
          </reporter-output>
        </test-method> <!-- setUP -->
        <test-method signature="SelectOfficeAll()[pri:18, instance:tests.ElementsTests@188715b5]" started-at="2025-08-07T20:03:20 IST" name="SelectOfficeAll" finished-at="2025-08-07T20:03:22 IST" duration-ms="1411" status="PASS">
          <reporter-output>
          </reporter-output>
        </test-method> <!-- SelectOfficeAll -->
        <test-method is-config="true" signature="TearDown(org.testng.ITestResult)[pri:0, instance:tests.ElementsTests@188715b5]" started-at="2025-08-07T20:03:22 IST" name="TearDown" finished-at="2025-08-07T20:03:22 IST" duration-ms="222" status="PASS">
          <params>
            <param index="0">
              <value>
                <![CDATA[[TestResult name=SelectOfficeAll status=SUCCESS method=ElementsTests.SelectOfficeAll()[pri:18, instance:tests.ElementsTests@188715b5] output={null}]]]>
              </value>
            </param>
          </params>
          <reporter-output>
          </reporter-output>
        </test-method> <!-- TearDown -->
        <test-method is-config="true" signature="setUP()[pri:0, instance:tests.ElementsTests@188715b5]" started-at="2025-08-07T20:03:22 IST" name="setUP" finished-at="2025-08-07T20:03:42 IST" duration-ms="19705" status="PASS">
          <reporter-output>
          </reporter-output>
        </test-method> <!-- setUP -->
        <test-method signature="SelectingDownloads()[pri:19, instance:tests.ElementsTests@188715b5]" started-at="2025-08-07T20:03:42 IST" name="SelectingDownloads" finished-at="2025-08-07T20:03:43 IST" duration-ms="890" status="PASS">
          <reporter-output>
          </reporter-output>
        </test-method> <!-- SelectingDownloads -->
        <test-method is-config="true" signature="TearDown(org.testng.ITestResult)[pri:0, instance:tests.ElementsTests@188715b5]" started-at="2025-08-07T20:03:43 IST" name="TearDown" finished-at="2025-08-07T20:03:43 IST" duration-ms="196" status="PASS">
          <params>
            <param index="0">
              <value>
                <![CDATA[[TestResult name=SelectingDownloads status=SUCCESS method=ElementsTests.SelectingDownloads()[pri:19, instance:tests.ElementsTests@188715b5] output={null}]]]>
              </value>
            </param>
          </params>
          <reporter-output>
          </reporter-output>
        </test-method> <!-- TearDown -->
        <test-method is-config="true" signature="setUP()[pri:0, instance:tests.ElementsTests@188715b5]" started-at="2025-08-07T20:03:43 IST" name="setUP" finished-at="2025-08-07T20:03:49 IST" duration-ms="5843" status="PASS">
          <reporter-output>
          </reporter-output>
        </test-method> <!-- setUP -->
        <test-method signature="SelectingWordFile()[pri:20, instance:tests.ElementsTests@188715b5]" started-at="2025-08-07T20:03:49 IST" name="SelectingWordFile" finished-at="2025-08-07T20:03:50 IST" duration-ms="1100" status="PASS">
          <reporter-output>
          </reporter-output>
        </test-method> <!-- SelectingWordFile -->
        <test-method is-config="true" signature="TearDown(org.testng.ITestResult)[pri:0, instance:tests.ElementsTests@188715b5]" started-at="2025-08-07T20:03:50 IST" name="TearDown" finished-at="2025-08-07T20:03:50 IST" duration-ms="245" status="PASS">
          <params>
            <param index="0">
              <value>
                <![CDATA[[TestResult name=SelectingWordFile status=SUCCESS method=ElementsTests.SelectingWordFile()[pri:20, instance:tests.ElementsTests@188715b5] output={null}]]]>
              </value>
            </param>
          </params>
          <reporter-output>
          </reporter-output>
        </test-method> <!-- TearDown -->
        <test-method is-config="true" signature="setUP()[pri:0, instance:tests.ElementsTests@188715b5]" started-at="2025-08-07T20:03:50 IST" name="setUP" finished-at="2025-08-07T20:03:56 IST" duration-ms="5799" status="PASS">
          <reporter-output>
          </reporter-output>
        </test-method> <!-- setUP -->
        <test-method signature="SelectingExcelFile()[pri:21, instance:tests.ElementsTests@188715b5]" started-at="2025-08-07T20:03:56 IST" name="SelectingExcelFile" finished-at="2025-08-07T20:03:57 IST" duration-ms="1241" status="PASS">
          <reporter-output>
          </reporter-output>
        </test-method> <!-- SelectingExcelFile -->
        <test-method is-config="true" signature="TearDown(org.testng.ITestResult)[pri:0, instance:tests.ElementsTests@188715b5]" started-at="2025-08-07T20:03:57 IST" name="TearDown" finished-at="2025-08-07T20:03:57 IST" duration-ms="187" status="PASS">
          <params>
            <param index="0">
              <value>
                <![CDATA[[TestResult name=SelectingExcelFile status=SUCCESS method=ElementsTests.SelectingExcelFile()[pri:21, instance:tests.ElementsTests@188715b5] output={null}]]]>
              </value>
            </param>
          </params>
          <reporter-output>
          </reporter-output>
        </test-method> <!-- TearDown -->
        <test-method is-config="true" signature="setUP()[pri:0, instance:tests.ElementsTests@188715b5]" started-at="2025-08-07T20:03:57 IST" name="setUP" finished-at="2025-08-07T20:04:03 IST" duration-ms="5659" status="PASS">
          <reporter-output>
          </reporter-output>
        </test-method> <!-- setUP -->
        <test-method signature="SelectingAllFiles()[pri:22, instance:tests.ElementsTests@188715b5]" started-at="2025-08-07T20:04:03 IST" name="SelectingAllFiles" finished-at="2025-08-07T20:04:04 IST" duration-ms="1167" status="PASS">
          <reporter-output>
          </reporter-output>
        </test-method> <!-- SelectingAllFiles -->
        <test-method is-config="true" signature="TearDown(org.testng.ITestResult)[pri:0, instance:tests.ElementsTests@188715b5]" started-at="2025-08-07T20:04:04 IST" name="TearDown" finished-at="2025-08-07T20:04:06 IST" duration-ms="1776" status="PASS">
          <params>
            <param index="0">
              <value>
                <![CDATA[[TestResult name=SelectingAllFiles status=SUCCESS method=ElementsTests.SelectingAllFiles()[pri:22, instance:tests.ElementsTests@188715b5] output={null}]]]>
              </value>
            </param>
          </params>
          <reporter-output>
          </reporter-output>
        </test-method> <!-- TearDown -->
        <test-method is-config="true" signature="setUP()[pri:0, instance:tests.ElementsTests@188715b5]" started-at="2025-08-07T20:04:06 IST" name="setUP" finished-at="2025-08-07T20:04:12 IST" duration-ms="5719" status="PASS">
          <reporter-output>
          </reporter-output>
        </test-method> <!-- setUP -->
        <test-method signature="clickRadioButton()[pri:23, instance:tests.ElementsTests@188715b5]" started-at="2025-08-07T20:04:12 IST" name="clickRadioButton" finished-at="2025-08-07T20:04:12 IST" duration-ms="578" status="PASS">
          <reporter-output>
          </reporter-output>
        </test-method> <!-- clickRadioButton -->
        <test-method is-config="true" signature="TearDown(org.testng.ITestResult)[pri:0, instance:tests.ElementsTests@188715b5]" started-at="2025-08-07T20:04:12 IST" name="TearDown" finished-at="2025-08-07T20:04:12 IST" duration-ms="198" status="PASS">
          <params>
            <param index="0">
              <value>
                <![CDATA[[TestResult name=clickRadioButton status=SUCCESS method=ElementsTests.clickRadioButton()[pri:23, instance:tests.ElementsTests@188715b5] output={null}]]]>
              </value>
            </param>
          </params>
          <reporter-output>
          </reporter-output>
        </test-method> <!-- TearDown -->
        <test-method is-config="true" signature="setUP()[pri:0, instance:tests.ElementsTests@188715b5]" started-at="2025-08-07T20:04:12 IST" name="setUP" finished-at="2025-08-07T20:04:19 IST" duration-ms="6247" status="PASS">
          <reporter-output>
          </reporter-output>
        </test-method> <!-- setUP -->
        <test-method signature="SelectYesRadioButton()[pri:24, instance:tests.ElementsTests@188715b5]" started-at="2025-08-07T20:04:19 IST" name="SelectYesRadioButton" finished-at="2025-08-07T20:04:19 IST" duration-ms="489" status="PASS">
          <reporter-output>
          </reporter-output>
        </test-method> <!-- SelectYesRadioButton -->
        <test-method is-config="true" signature="TearDown(org.testng.ITestResult)[pri:0, instance:tests.ElementsTests@188715b5]" started-at="2025-08-07T20:04:19 IST" name="TearDown" finished-at="2025-08-07T20:04:19 IST" duration-ms="204" status="PASS">
          <params>
            <param index="0">
              <value>
                <![CDATA[[TestResult name=SelectYesRadioButton status=SUCCESS method=ElementsTests.SelectYesRadioButton()[pri:24, instance:tests.ElementsTests@188715b5] output={null}]]]>
              </value>
            </param>
          </params>
          <reporter-output>
          </reporter-output>
        </test-method> <!-- TearDown -->
        <test-method is-config="true" signature="setUP()[pri:0, instance:tests.ElementsTests@188715b5]" started-at="2025-08-07T20:04:19 IST" name="setUP" finished-at="2025-08-07T20:04:25 IST" duration-ms="5369" status="PASS">
          <reporter-output>
          </reporter-output>
        </test-method> <!-- setUP -->
        <test-method signature="SelectImpressiveRadioButton()[pri:25, instance:tests.ElementsTests@188715b5]" started-at="2025-08-07T20:04:25 IST" name="SelectImpressiveRadioButton" finished-at="2025-08-07T20:04:25 IST" depends-on-methods="tests.ElementsTests.clickRadioButton" duration-ms="659" status="PASS">
          <reporter-output>
          </reporter-output>
        </test-method> <!-- SelectImpressiveRadioButton -->
        <test-method is-config="true" signature="TearDown(org.testng.ITestResult)[pri:0, instance:tests.ElementsTests@188715b5]" started-at="2025-08-07T20:04:25 IST" name="TearDown" finished-at="2025-08-07T20:04:26 IST" duration-ms="209" status="PASS">
          <params>
            <param index="0">
              <value>
                <![CDATA[[TestResult name=SelectImpressiveRadioButton status=SUCCESS method=ElementsTests.SelectImpressiveRadioButton()[pri:25, instance:tests.ElementsTests@188715b5] output={null}]]]>
              </value>
            </param>
          </params>
          <reporter-output>
          </reporter-output>
        </test-method> <!-- TearDown -->
        <test-method is-config="true" signature="setUP()[pri:0, instance:tests.ElementsTests@188715b5]" started-at="2025-08-07T20:04:26 IST" name="setUP" finished-at="2025-08-07T20:04:31 IST" duration-ms="5322" status="PASS">
          <reporter-output>
          </reporter-output>
        </test-method> <!-- setUP -->
        <test-method signature="WebTablesClick()[pri:26, instance:tests.ElementsTests@188715b5]" started-at="2025-08-07T20:04:31 IST" name="WebTablesClick" finished-at="2025-08-07T20:04:31 IST" duration-ms="488" status="PASS">
          <reporter-output>
          </reporter-output>
        </test-method> <!-- WebTablesClick -->
        <test-method is-config="true" signature="TearDown(org.testng.ITestResult)[pri:0, instance:tests.ElementsTests@188715b5]" started-at="2025-08-07T20:04:31 IST" name="TearDown" finished-at="2025-08-07T20:04:32 IST" duration-ms="177" status="PASS">
          <params>
            <param index="0">
              <value>
                <![CDATA[[TestResult name=WebTablesClick status=SUCCESS method=ElementsTests.WebTablesClick()[pri:26, instance:tests.ElementsTests@188715b5] output={null}]]]>
              </value>
            </param>
          </params>
          <reporter-output>
          </reporter-output>
        </test-method> <!-- TearDown -->
        <test-method is-config="true" signature="setUP()[pri:0, instance:tests.ElementsTests@188715b5]" started-at="2025-08-07T20:04:33 IST" name="setUP" finished-at="2025-08-07T20:04:38 IST" duration-ms="5497" status="PASS">
          <reporter-output>
          </reporter-output>
        </test-method> <!-- setUP -->
        <test-method signature="webTableNewRegistration(models.WebTableUser)[pri:27, instance:tests.ElementsTests@188715b5]" started-at="2025-08-07T20:04:38 IST" name="webTableNewRegistration" data-provider="WTFormBData" finished-at="2025-08-07T20:04:41 IST" depends-on-methods="tests.ElementsTests.WebTablesClick" duration-ms="3436" status="PASS">
          <params>
            <param index="0">
              <value>
                <![CDATA[models.WebTableUser@3ad558bf]]>
              </value>
            </param>
          </params>
          <reporter-output>
          </reporter-output>
        </test-method> <!-- webTableNewRegistration -->
        <test-method is-config="true" signature="TearDown(org.testng.ITestResult)[pri:0, instance:tests.ElementsTests@188715b5]" started-at="2025-08-07T20:04:41 IST" name="TearDown" finished-at="2025-08-07T20:04:42 IST" duration-ms="190" status="PASS">
          <params>
            <param index="0">
              <value>
                <![CDATA[[TestResult name=webTableNewRegistration status=SUCCESS method=ElementsTests.webTableNewRegistration(models.WebTableUser)[pri:27, instance:tests.ElementsTests@188715b5] output={null}]]]>
              </value>
            </param>
          </params>
          <reporter-output>
          </reporter-output>
        </test-method> <!-- TearDown -->
        <test-method is-config="true" signature="setUP()[pri:0, instance:tests.ElementsTests@188715b5]" started-at="2025-08-07T20:04:42 IST" name="setUP" finished-at="2025-08-07T20:04:49 IST" duration-ms="6887" status="PASS">
          <reporter-output>
          </reporter-output>
        </test-method> <!-- setUP -->
        <test-method signature="webTableNewRegistration(models.WebTableUser)[pri:27, instance:tests.ElementsTests@188715b5]" started-at="2025-08-07T20:04:49 IST" name="webTableNewRegistration" data-provider="WTFormBData" finished-at="2025-08-07T20:04:53 IST" depends-on-methods="tests.ElementsTests.WebTablesClick" duration-ms="4551" status="PASS">
          <params>
            <param index="0">
              <value>
                <![CDATA[models.WebTableUser@50f13494]]>
              </value>
            </param>
          </params>
          <reporter-output>
          </reporter-output>
        </test-method> <!-- webTableNewRegistration -->
        <test-method is-config="true" signature="TearDown(org.testng.ITestResult)[pri:0, instance:tests.ElementsTests@188715b5]" started-at="2025-08-07T20:04:53 IST" name="TearDown" finished-at="2025-08-07T20:04:53 IST" duration-ms="299" status="PASS">
          <params>
            <param index="0">
              <value>
                <![CDATA[[TestResult name=webTableNewRegistration status=SUCCESS method=ElementsTests.webTableNewRegistration(models.WebTableUser)[pri:27, instance:tests.ElementsTests@188715b5] output={null}]]]>
              </value>
            </param>
          </params>
          <reporter-output>
          </reporter-output>
        </test-method> <!-- TearDown -->
        <test-method is-config="true" signature="setUP()[pri:0, instance:tests.ElementsTests@188715b5]" started-at="2025-08-07T20:04:53 IST" name="setUP" finished-at="2025-08-07T20:05:04 IST" duration-ms="10922" status="PASS">
          <reporter-output>
          </reporter-output>
        </test-method> <!-- setUP -->
        <test-method signature="webTableNewRegistration(models.WebTableUser)[pri:27, instance:tests.ElementsTests@188715b5]" started-at="2025-08-07T20:05:04 IST" name="webTableNewRegistration" data-provider="WTFormBData" finished-at="2025-08-07T20:05:07 IST" depends-on-methods="tests.ElementsTests.WebTablesClick" duration-ms="2327" status="PASS">
          <params>
            <param index="0">
              <value>
                <![CDATA[models.WebTableUser@2d114d27]]>
              </value>
            </param>
          </params>
          <reporter-output>
          </reporter-output>
        </test-method> <!-- webTableNewRegistration -->
        <test-method is-config="true" signature="TearDown(org.testng.ITestResult)[pri:0, instance:tests.ElementsTests@188715b5]" started-at="2025-08-07T20:05:07 IST" name="TearDown" finished-at="2025-08-07T20:05:07 IST" duration-ms="204" status="PASS">
          <params>
            <param index="0">
              <value>
                <![CDATA[[TestResult name=webTableNewRegistration status=SUCCESS method=ElementsTests.webTableNewRegistration(models.WebTableUser)[pri:27, instance:tests.ElementsTests@188715b5] output={null}]]]>
              </value>
            </param>
          </params>
          <reporter-output>
          </reporter-output>
        </test-method> <!-- TearDown -->
        <test-method is-config="true" signature="setUP()[pri:0, instance:tests.ElementsTests@188715b5]" started-at="2025-08-07T20:05:07 IST" name="setUP" finished-at="2025-08-07T20:05:12 IST" duration-ms="5330" status="PASS">
          <reporter-output>
          </reporter-output>
        </test-method> <!-- setUP -->
        <test-method signature="webTableNewRegistration(models.WebTableUser)[pri:27, instance:tests.ElementsTests@188715b5]" started-at="2025-08-07T20:05:12 IST" name="webTableNewRegistration" data-provider="WTFormBData" finished-at="2025-08-07T20:05:16 IST" depends-on-methods="tests.ElementsTests.WebTablesClick" duration-ms="4283" status="PASS">
          <params>
            <param index="0">
              <value>
                <![CDATA[models.WebTableUser@4a490518]]>
              </value>
            </param>
          </params>
          <reporter-output>
          </reporter-output>
        </test-method> <!-- webTableNewRegistration -->
        <test-method is-config="true" signature="TearDown(org.testng.ITestResult)[pri:0, instance:tests.ElementsTests@188715b5]" started-at="2025-08-07T20:05:16 IST" name="TearDown" finished-at="2025-08-07T20:05:17 IST" duration-ms="288" status="PASS">
          <params>
            <param index="0">
              <value>
                <![CDATA[[TestResult name=webTableNewRegistration status=SUCCESS method=ElementsTests.webTableNewRegistration(models.WebTableUser)[pri:27, instance:tests.ElementsTests@188715b5] output={null}]]]>
              </value>
            </param>
          </params>
          <reporter-output>
          </reporter-output>
        </test-method> <!-- TearDown -->
        <test-method is-config="true" signature="setUP()[pri:0, instance:tests.ElementsTests@188715b5]" started-at="2025-08-07T20:05:17 IST" name="setUP" finished-at="2025-08-07T20:05:22 IST" duration-ms="5446" status="PASS">
          <reporter-output>
          </reporter-output>
        </test-method> <!-- setUP -->
        <test-method signature="webTableAddSearch(models.WebTableUser)[pri:28, instance:tests.ElementsTests@188715b5]" started-at="2025-08-07T20:05:22 IST" name="webTableAddSearch" data-provider="WTFormDataEdit" finished-at="2025-08-07T20:05:26 IST" depends-on-methods="tests.ElementsTests.WebTablesClick" duration-ms="3291" status="PASS">
          <params>
            <param index="0">
              <value>
                <![CDATA[models.WebTableUser@64e247e]]>
              </value>
            </param>
          </params>
          <reporter-output>
          </reporter-output>
        </test-method> <!-- webTableAddSearch -->
        <test-method is-config="true" signature="TearDown(org.testng.ITestResult)[pri:0, instance:tests.ElementsTests@188715b5]" started-at="2025-08-07T20:05:26 IST" name="TearDown" finished-at="2025-08-07T20:05:26 IST" duration-ms="230" status="PASS">
          <params>
            <param index="0">
              <value>
                <![CDATA[[TestResult name=webTableAddSearch status=SUCCESS method=ElementsTests.webTableAddSearch(models.WebTableUser)[pri:28, instance:tests.ElementsTests@188715b5] output={null}]]]>
              </value>
            </param>
          </params>
          <reporter-output>
          </reporter-output>
        </test-method> <!-- TearDown -->
        <test-method is-config="true" signature="setUP()[pri:0, instance:tests.ElementsTests@188715b5]" started-at="2025-08-07T20:05:26 IST" name="setUP" finished-at="2025-08-07T20:05:31 IST" duration-ms="5608" status="PASS">
          <reporter-output>
          </reporter-output>
        </test-method> <!-- setUP -->
        <test-method signature="webTableAddEditFirstName(models.WebTableUser)[pri:29, instance:tests.ElementsTests@188715b5]" started-at="2025-08-07T20:05:31 IST" name="webTableAddEditFirstName" data-provider="WTFormDataEdit" finished-at="2025-08-07T20:05:37 IST" depends-on-methods="tests.ElementsTests.WebTablesClick" duration-ms="5128" status="PASS">
          <params>
            <param index="0">
              <value>
                <![CDATA[models.WebTableUser@1b84d03d]]>
              </value>
            </param>
          </params>
          <reporter-output>
          </reporter-output>
        </test-method> <!-- webTableAddEditFirstName -->
        <test-method is-config="true" signature="TearDown(org.testng.ITestResult)[pri:0, instance:tests.ElementsTests@188715b5]" started-at="2025-08-07T20:05:37 IST" name="TearDown" finished-at="2025-08-07T20:05:37 IST" duration-ms="246" status="PASS">
          <params>
            <param index="0">
              <value>
                <![CDATA[[TestResult name=webTableAddEditFirstName status=SUCCESS method=ElementsTests.webTableAddEditFirstName(models.WebTableUser)[pri:29, instance:tests.ElementsTests@188715b5] output={null}]]]>
              </value>
            </param>
          </params>
          <reporter-output>
          </reporter-output>
        </test-method> <!-- TearDown -->
        <test-method is-config="true" signature="setUP()[pri:0, instance:tests.ElementsTests@188715b5]" started-at="2025-08-07T20:05:37 IST" name="setUP" finished-at="2025-08-07T20:05:43 IST" duration-ms="5988" status="PASS">
          <reporter-output>
          </reporter-output>
        </test-method> <!-- setUP -->
        <test-method signature="webTableAddSearchEdit(models.WebTableUser)[pri:30, instance:tests.ElementsTests@188715b5]" started-at="2025-08-07T20:05:43 IST" name="webTableAddSearchEdit" data-provider="WTFormDataEdit" finished-at="2025-08-07T20:05:49 IST" depends-on-methods="tests.ElementsTests.WebTablesClick" duration-ms="5976" status="PASS">
          <params>
            <param index="0">
              <value>
                <![CDATA[models.WebTableUser@f4b2d13]]>
              </value>
            </param>
          </params>
          <reporter-output>
          </reporter-output>
        </test-method> <!-- webTableAddSearchEdit -->
        <test-method is-config="true" signature="TearDown(org.testng.ITestResult)[pri:0, instance:tests.ElementsTests@188715b5]" started-at="2025-08-07T20:05:49 IST" name="TearDown" finished-at="2025-08-07T20:05:49 IST" duration-ms="285" status="PASS">
          <params>
            <param index="0">
              <value>
                <![CDATA[[TestResult name=webTableAddSearchEdit status=SUCCESS method=ElementsTests.webTableAddSearchEdit(models.WebTableUser)[pri:30, instance:tests.ElementsTests@188715b5] output={null}]]]>
              </value>
            </param>
          </params>
          <reporter-output>
          </reporter-output>
        </test-method> <!-- TearDown -->
        <test-method is-config="true" signature="setUP()[pri:0, instance:tests.ElementsTests@188715b5]" started-at="2025-08-07T20:05:49 IST" name="setUP" finished-at="2025-08-07T20:05:55 IST" duration-ms="5860" status="PASS">
          <reporter-output>
          </reporter-output>
        </test-method> <!-- setUP -->
        <test-method signature="webTableDeleteUser(models.WebTableUser)[pri:31, instance:tests.ElementsTests@188715b5]" started-at="2025-08-07T20:05:55 IST" name="webTableDeleteUser" data-provider="WTFormDataEdit" finished-at="2025-08-07T20:05:59 IST" depends-on-methods="tests.ElementsTests.WebTablesClick" duration-ms="3877" status="PASS">
          <params>
            <param index="0">
              <value>
                <![CDATA[models.WebTableUser@3423f353]]>
              </value>
            </param>
          </params>
          <reporter-output>
          </reporter-output>
        </test-method> <!-- webTableDeleteUser -->
        <test-method is-config="true" signature="TearDown(org.testng.ITestResult)[pri:0, instance:tests.ElementsTests@188715b5]" started-at="2025-08-07T20:05:59 IST" name="TearDown" finished-at="2025-08-07T20:05:59 IST" duration-ms="196" status="PASS">
          <params>
            <param index="0">
              <value>
                <![CDATA[[TestResult name=webTableDeleteUser status=SUCCESS method=ElementsTests.webTableDeleteUser(models.WebTableUser)[pri:31, instance:tests.ElementsTests@188715b5] output={null}]]]>
              </value>
            </param>
          </params>
          <reporter-output>
          </reporter-output>
        </test-method> <!-- TearDown -->
      </class> <!-- tests.ElementsTests -->
      <class name="tests.AlertsFramesWindowsTests">
        <test-method is-config="true" signature="setupReport()[pri:0, instance:tests.AlertsFramesWindowsTests@7722c3c3]" started-at="2025-08-07T20:00:49 IST" name="setupReport" finished-at="2025-08-07T20:00:49 IST" duration-ms="245" status="PASS">
          <reporter-output>
          </reporter-output>
        </test-method> <!-- setupReport -->
        <test-method is-config="true" signature="setUP()[pri:0, instance:tests.AlertsFramesWindowsTests@7722c3c3]" started-at="2025-08-07T20:00:49 IST" name="setUP" finished-at="2025-08-07T20:00:58 IST" duration-ms="8662" status="PASS">
          <reporter-output>
          </reporter-output>
        </test-method> <!-- setUP -->
        <test-method signature="accessAlertsFrameWindows()[pri:1, instance:tests.AlertsFramesWindowsTests@7722c3c3]" started-at="2025-08-07T20:00:58 IST" name="accessAlertsFrameWindows" finished-at="2025-08-07T20:00:58 IST" duration-ms="303" status="PASS">
          <reporter-output>
          </reporter-output>
        </test-method> <!-- accessAlertsFrameWindows -->
        <test-method is-config="true" signature="TearDown(org.testng.ITestResult)[pri:0, instance:tests.AlertsFramesWindowsTests@7722c3c3]" started-at="2025-08-07T20:00:58 IST" name="TearDown" finished-at="2025-08-07T20:00:59 IST" duration-ms="256" status="PASS">
          <params>
            <param index="0">
              <value>
                <![CDATA[[TestResult name=accessAlertsFrameWindows status=SUCCESS method=AlertsFramesWindowsTests.accessAlertsFrameWindows()[pri:1, instance:tests.AlertsFramesWindowsTests@7722c3c3] output={null}]]]>
              </value>
            </param>
          </params>
          <reporter-output>
          </reporter-output>
        </test-method> <!-- TearDown -->
        <test-method is-config="true" signature="teardownReport()[pri:0, instance:tests.AlertsFramesWindowsTests@7722c3c3]" started-at="2025-08-07T20:06:56 IST" name="teardownReport" finished-at="2025-08-07T20:07:03 IST" duration-ms="6275" status="PASS">
          <reporter-output>
          </reporter-output>
        </test-method> <!-- teardownReport -->
      </class> <!-- tests.AlertsFramesWindowsTests -->
    </test> <!-- Surefire test -->
  </suite> <!-- Surefire suite -->
</testng-results>
