<?xml version="1.0" encoding="UTF-8"?>
<testsuite xmlns:xsi="http://www.w3.org/2001/XMLSchema-instance" xsi:noNamespaceSchemaLocation="https://maven.apache.org/surefire/maven-surefire-plugin/xsd/surefire-test-report-3.0.xsd" version="3.0" name="TestSuite" time="999.198" tests="77" errors="0" skipped="0" failures="8">
  <properties>
[...]
</properties>
  <testcase name="accessAlertsFrameWindows" classname="tests.AlertsFramesWindowsTests" time="0.393">
    <system-out><![CDATA[2025-08-23T06:19:52.962826400Z main INFO Starting configuration XmlConfiguration[location=C:\ASN\eclipse_workspace\demoqa-automation\target\classes\log4j2.xml, lastModified=2025-08-05T03:16:47.250Z]...
2025-08-23T06:19:52.965347100Z main INFO Start watching for changes to C:\ASN\eclipse_workspace\demoqa-automation\target\classes\log4j2.xml every 0 seconds
2025-08-23T06:19:52.965347100Z main INFO Configuration XmlConfiguration[location=C:\ASN\eclipse_workspace\demoqa-automation\target\classes\log4j2.xml, lastModified=2025-08-05T03:16:47.250Z] started.
2025-08-23T06:19:52.970835200Z main INFO Stopping configuration org.apache.logging.log4j.core.config.DefaultConfiguration@13e344d...
2025-08-23T06:19:52.970835200Z main INFO Configuration org.apache.logging.log4j.core.config.DefaultConfiguration@13e344d stopped.
2025-08-23 11:49:53 [main] INFO  demoqaBase - Starting Web Browser...
2025-08-23 11:49:55 [main] INFO  demoqaBase - Navigating to demoqa.com Website
2025-08-23 11:50:01 [main] INFO  RetryUrlAccess - Successfully navigated to: https://demoqa.com
2025-08-23 11:50:01 [main] INFO  demoqaBase - Starting Test Alerts, Frames & Windows...
2025-08-23 11:50:01 [main] INFO  demoqaBase - Accessing Alerts, Frame & Windows Card...
Declared Instance WebDriverWait: org.openqa.selenium.support.ui.WebDriverWait@61c76850
2025-08-23 11:50:01 [main] INFO  demoqaLog - Clicking on Alert Frame & Windows Card...
2025-08-23 11:50:01 [main] INFO  demoqaLog - Clicked on on Alert Frame & Windows Card...
Title of this Page is: DEMOQA
You can now access: Alerts, Frame & Windows
2025-08-23 11:50:01 [main] INFO  demoqaBase - Page: Alerts, Frame & Windows Card...
2025-08-23 11:50:01 [main] INFO  demoqaBase -  Alerts, Frames & Windows Test Completed...
]]></system-out>
    <system-err><![CDATA[SLF4J(W): No SLF4J providers were found.
SLF4J(W): Defaulting to no-operation (NOP) logger implementation
SLF4J(W): See https://www.slf4j.org/codes.html#noProviders for further details.
]]></system-err>
  </testcase>
  <testcase name="browserWindows" classname="tests.AlertsFramesWindowsTests" time="0.731">
    <system-out><![CDATA[2025-08-23 11:50:01 [main] INFO  demoqaBase - Closing the Browser...
2025-08-23 11:50:02 [main] INFO  demoqaBase - Starting Web Browser...
2025-08-23 11:50:03 [main] INFO  demoqaBase - Navigating to demoqa.com Website
2025-08-23 11:50:08 [main] INFO  RetryUrlAccess - Successfully navigated to: https://demoqa.com
2025-08-23 11:50:08 [main] INFO  demoqaBase - Starting Test Alerts, Frames & Windows...
2025-08-23 11:50:08 [main] INFO  demoqaBase - Accessing Alerts, Frame & Windows Card...
Declared Instance WebDriverWait: org.openqa.selenium.support.ui.WebDriverWait@45d6ef73
2025-08-23 11:50:08 [main] INFO  demoqaLog - Clicking on Alert Frame & Windows Card...
2025-08-23 11:50:08 [main] INFO  demoqaLog - Clicked on on Alert Frame & Windows Card...
Title of this Page is: DEMOQA
You can now access: Alerts, Frame & Windows
2025-08-23 11:50:08 [main] INFO  demoqaBase - Page: Alerts, Frame & Windows Card...
2025-08-23 11:50:09 [main] INFO  demoqaBase - Clicking on Alerts, Frame & Windows Card|Browser Windows...
You are now Accessing: Browser Windows
2025-08-23 11:50:09 [main] INFO  demoqaBase - You are now Accessing: Browser Windows
2025-08-23 11:50:09 [main] INFO  demoqaBase -  Alerts, Frames & Windows|Browser Windows Test Completed...
]]></system-out>
  </testcase>
  <testcase name="browserWindowsNewTab" classname="tests.AlertsFramesWindowsTests" time="0.917">
    <system-out><![CDATA[2025-08-23 11:50:09 [main] INFO  demoqaBase - Closing the Browser...
2025-08-23 11:50:09 [main] INFO  demoqaBase - Starting Web Browser...
2025-08-23 11:50:11 [main] INFO  demoqaBase - Navigating to demoqa.com Website
2025-08-23 11:50:17 [main] INFO  RetryUrlAccess - Successfully navigated to: https://demoqa.com
2025-08-23 11:50:17 [main] INFO  demoqaBase - Starting Test Alerts, Frames & Windows|New Tab...
2025-08-23 11:50:17 [main] INFO  demoqaBase - Accessing Alerts, Frame & Windows Card...
Declared Instance WebDriverWait: org.openqa.selenium.support.ui.WebDriverWait@69e05f61
2025-08-23 11:50:17 [main] INFO  demoqaLog - Clicking on Alert Frame & Windows Card...
2025-08-23 11:50:17 [main] INFO  demoqaLog - Clicked on on Alert Frame & Windows Card...
Title of this Page is: DEMOQA
You can now access: Alerts, Frame & Windows
2025-08-23 11:50:17 [main] INFO  demoqaBase - Page: Alerts, Frame & Windows Card...
2025-08-23 11:50:17 [main] INFO  demoqaBase - Clicking on Alerts, Frame & Windows Card|Browser Windows...
You are now Accessing: Browser Windows
2025-08-23 11:50:17 [main] INFO  demoqaBase - You are now Accessing: Browser Windows
2025-08-23 11:50:17 [main] INFO  demoqaBase - Initiating New Tab click sequence...
2025-08-23 11:50:18 [main] INFO  demoqaBase - Clicked New Tab button
2025-08-23 11:50:18 [main] INFO  demoqaBase - Switched to new tab: F0B5D319E2F675156E03AE6D67E19DD5
2025-08-23 11:50:18 [main] INFO  demoqaBase - New tab content: 'This is a sample page'
You are now accessing: This is a sample page
2025-08-23 11:50:18 [main] INFO  demoqaBase -  Alerts, Frames & Windows|Browser Windows|New Tab Test Completed...
]]></system-out>
  </testcase>
  <testcase name="browserWindowsNewWindow" classname="tests.AlertsFramesWindowsTests" time="1.068">
    <system-out><![CDATA[2025-08-23 11:50:18 [main] INFO  demoqaBase - Closing the Browser...
2025-08-23 11:50:18 [main] INFO  demoqaBase - Starting Web Browser...
2025-08-23 11:50:20 [main] INFO  demoqaBase - Navigating to demoqa.com Website
2025-08-23 11:50:26 [main] INFO  RetryUrlAccess - Successfully navigated to: https://demoqa.com
2025-08-23 11:50:26 [main] INFO  demoqaBase - Starting Test Alerts, Frames & Windows|New Window...
2025-08-23 11:50:26 [main] INFO  demoqaBase - Accessing Alerts, Frame & Windows Card...
Declared Instance WebDriverWait: org.openqa.selenium.support.ui.WebDriverWait@107f4980
2025-08-23 11:50:26 [main] INFO  demoqaLog - Clicking on Alert Frame & Windows Card...
2025-08-23 11:50:26 [main] INFO  demoqaLog - Clicked on on Alert Frame & Windows Card...
Title of this Page is: DEMOQA
You can now access: Alerts, Frame & Windows
2025-08-23 11:50:26 [main] INFO  demoqaBase - Page: Alerts, Frame & Windows Card...
2025-08-23 11:50:26 [main] INFO  demoqaBase - Clicking on Alerts, Frame & Windows Card|Browser Windows...
You are now Accessing: Browser Windows
2025-08-23 11:50:27 [main] INFO  demoqaBase - You are now Accessing: Browser Windows
2025-08-23 11:50:27 [main] INFO  demoqaBase - Initiating New Window click sequence...
2025-08-23 11:50:27 [main] INFO  demoqaBase - Clicked New Window button
2025-08-23 11:50:27 [main] INFO  demoqaBase - Switched to new tab: EAB65F76F5E50D39C9BC951AA311B227
2025-08-23 11:50:27 [main] INFO  demoqaBase - New tab content: 'This is a sample page'
You are now accessing: This is a sample page
2025-08-23 11:50:27 [main] INFO  demoqaBase -  Alerts, Frames & Windows|Browser Windows|New Window Test Completed...
]]></system-out>
  </testcase>
  <testcase name="browserWindowsNewWindowMsg" classname="tests.AlertsFramesWindowsTests" time="30.97">
    <failure message="timeout: Timed out receiving message from renderer: 30.000&#10;  (Session info: chrome=137.0.7151.120)&#10;Build info: version: &apos;4.34.0&apos;, revision: &apos;707dcb4246*&apos;&#10;System info: os.name: &apos;Windows 11&apos;, os.arch: &apos;amd64&apos;, os.version: &apos;10.0&apos;, java.version: &apos;21.0.7&apos;&#10;Driver info: org.openqa.selenium.chrome.ChromeDriver&#10;Command: [646a901105d3a4d9f379c1e65712427e, screenshot {}]&#10;Capabilities {acceptInsecureCerts: false, browserName: chrome, browserVersion: 137.0.7151.120, chrome: {chromedriverVersion: 137.0.7151.119 (e0ac9d12dff..., userDataDir: /tmp/chrome-profile-8420c91...}, fedcm:accounts: true, goog:chromeOptions: {debuggerAddress: localhost:53626}, networkConnectionEnabled: false, pageLoadStrategy: normal, platformName: windows, proxy: Proxy(), se:cdp: ws://localhost:53626/devtoo..., se:cdpVersion: 137.0.7151.120, setWindowRect: true, strictFileInteractability: false, timeouts: {implicit: 0, pageLoad: 300000, script: 30000}, unhandledPromptBehavior: dismiss and notify, webauthn:extension:credBlob: true, webauthn:extension:largeBlob: true, webauthn:extension:minPinLength: true, webauthn:extension:prf: true, webauthn:virtualAuthenticators: true}&#10;Session ID: 646a901105d3a4d9f379c1e65712427e" type="org.openqa.selenium.TimeoutException"><![CDATA[org.openqa.selenium.TimeoutException: 
timeout: Timed out receiving message from renderer: 30.000
  (Session info: chrome=137.0.7151.120)
Build info: version: '4.34.0', revision: '707dcb4246*'
System info: os.name: 'Windows 11', os.arch: 'amd64', os.version: '10.0', java.version: '21.0.7'
Driver info: org.openqa.selenium.chrome.ChromeDriver
Command: [646a901105d3a4d9f379c1e65712427e, screenshot {}]
Capabilities {acceptInsecureCerts: false, browserName: chrome, browserVersion: 137.0.7151.120, chrome: {chromedriverVersion: 137.0.7151.119 (e0ac9d12dff..., userDataDir: /tmp/chrome-profile-8420c91...}, fedcm:accounts: true, goog:chromeOptions: {debuggerAddress: localhost:53626}, networkConnectionEnabled: false, pageLoadStrategy: normal, platformName: windows, proxy: Proxy(), se:cdp: ws://localhost:53626/devtoo..., se:cdpVersion: 137.0.7151.120, setWindowRect: true, strictFileInteractability: false, timeouts: {implicit: 0, pageLoad: 300000, script: 30000}, unhandledPromptBehavior: dismiss and notify, webauthn:extension:credBlob: true, webauthn:extension:largeBlob: true, webauthn:extension:minPinLength: true, webauthn:extension:prf: true, webauthn:virtualAuthenticators: true}
Session ID: 646a901105d3a4d9f379c1e65712427e
	at java.base/jdk.internal.reflect.DirectConstructorHandleAccessor.newInstance(DirectConstructorHandleAccessor.java:62)
	at java.base/java.lang.reflect.Constructor.newInstanceWithCaller(Constructor.java:502)
	at java.base/java.lang.reflect.Constructor.newInstance(Constructor.java:486)
	at org.openqa.selenium.remote.ErrorCodec.decode(ErrorCodec.java:167)
	at org.openqa.selenium.remote.codec.w3c.W3CHttpResponseCodec.decode(W3CHttpResponseCodec.java:138)
	at org.openqa.selenium.remote.codec.w3c.W3CHttpResponseCodec.decode(W3CHttpResponseCodec.java:50)
	at org.openqa.selenium.remote.HttpCommandExecutor.execute(HttpCommandExecutor.java:215)
	at org.openqa.selenium.remote.service.DriverCommandExecutor.invokeExecute(DriverCommandExecutor.java:216)
	at org.openqa.selenium.remote.service.DriverCommandExecutor.execute(DriverCommandExecutor.java:174)
	at org.openqa.selenium.remote.RemoteWebDriver.execute(RemoteWebDriver.java:544)
	at org.openqa.selenium.remote.RemoteWebDriver.execute(RemoteWebDriver.java:617)
	at org.openqa.selenium.remote.RemoteWebDriver.execute(RemoteWebDriver.java:621)
	at org.openqa.selenium.remote.RemoteWebDriver.getScreenshotAs(RemoteWebDriver.java:333)
	at utils.WindowValidationUtils.switchToNewWindowAndValidateText(WindowValidationUtils.java:71)
	at pages.alertsframewindowsPage.clickNewWindowMessage(alertsframewindowsPage.java:122)
	at tests.AlertsFramesWindowsTests.browserWindowsNewWindowMsg(AlertsFramesWindowsTests.java:69)
	at java.base/jdk.internal.reflect.DirectMethodHandleAccessor.invoke(DirectMethodHandleAccessor.java:103)
	at java.base/java.lang.reflect.Method.invoke(Method.java:580)
	at org.testng.internal.invokers.MethodInvocationHelper.invokeMethod(MethodInvocationHelper.java:141)
	at org.testng.internal.invokers.TestInvoker.invokeMethod(TestInvoker.java:687)
	at org.testng.internal.invokers.TestInvoker.invokeTestMethod(TestInvoker.java:230)
	at org.testng.internal.invokers.MethodRunner.runInSequence(MethodRunner.java:63)
	at org.testng.internal.invokers.TestInvoker$MethodInvocationAgent.invoke(TestInvoker.java:995)
	at org.testng.internal.invokers.TestInvoker.invokeTestMethods(TestInvoker.java:203)
	at org.testng.internal.invokers.TestMethodWorker.invokeTestMethods(TestMethodWorker.java:154)
	at org.testng.internal.invokers.TestMethodWorker.run(TestMethodWorker.java:134)
	at java.base/java.util.ArrayList.forEach(ArrayList.java:1596)
	at org.testng.TestRunner.privateRun(TestRunner.java:741)
	at org.testng.TestRunner.run(TestRunner.java:616)
	at org.testng.SuiteRunner.runTest(SuiteRunner.java:421)
	at org.testng.SuiteRunner.runSequentially(SuiteRunner.java:413)
	at org.testng.SuiteRunner.privateRun(SuiteRunner.java:373)
	at org.testng.SuiteRunner.run(SuiteRunner.java:312)
	at org.testng.SuiteRunnerWorker.runSuite(SuiteRunnerWorker.java:52)
	at org.testng.SuiteRunnerWorker.run(SuiteRunnerWorker.java:95)
	at org.testng.TestNG.runSuitesSequentially(TestNG.java:1274)
	at org.testng.TestNG.runSuitesLocally(TestNG.java:1208)
	at org.testng.TestNG.runSuites(TestNG.java:1112)
	at org.testng.TestNG.run(TestNG.java:1079)
	at org.apache.maven.surefire.testng.TestNGExecutor.run(TestNGExecutor.java:155)
	at org.apache.maven.surefire.testng.TestNGDirectoryTestSuite.executeMulti(TestNGDirectoryTestSuite.java:169)
	at org.apache.maven.surefire.testng.TestNGDirectoryTestSuite.execute(TestNGDirectoryTestSuite.java:88)
	at org.apache.maven.surefire.testng.TestNGProvider.invoke(TestNGProvider.java:137)
	at org.apache.maven.surefire.booter.ForkedBooter.runSuitesInProcess(ForkedBooter.java:385)
	at org.apache.maven.surefire.booter.ForkedBooter.execute(ForkedBooter.java:162)
	at org.apache.maven.surefire.booter.ForkedBooter.run(ForkedBooter.java:507)
	at org.apache.maven.surefire.booter.ForkedBooter.main(ForkedBooter.java:495)
]]></failure>
    <system-out><![CDATA[2025-08-23 11:50:27 [main] INFO  demoqaBase - Closing the Browser...
2025-08-23 11:50:28 [main] INFO  demoqaBase - Starting Web Browser...
2025-08-23 11:50:29 [main] INFO  demoqaBase - Navigating to demoqa.com Website
2025-08-23 11:50:34 [main] INFO  RetryUrlAccess - Successfully navigated to: https://demoqa.com
2025-08-23 11:50:34 [main] INFO  demoqaBase - Starting Test Alerts, Frames & Windows|New Window Message...
2025-08-23 11:50:34 [main] INFO  demoqaBase - Accessing Alerts, Frame & Windows Card...
Declared Instance WebDriverWait: org.openqa.selenium.support.ui.WebDriverWait@6a0094c9
2025-08-23 11:50:34 [main] INFO  demoqaLog - Clicking on Alert Frame & Windows Card...
2025-08-23 11:50:34 [main] INFO  demoqaLog - Clicked on on Alert Frame & Windows Card...
Title of this Page is: DEMOQA
You can now access: Alerts, Frame & Windows
2025-08-23 11:50:34 [main] INFO  demoqaBase - Page: Alerts, Frame & Windows Card...
2025-08-23 11:50:34 [main] INFO  demoqaBase - Clicking on Alerts, Frame & Windows Card|Browser Windows...
You are now Accessing: Browser Windows
2025-08-23 11:50:34 [main] INFO  demoqaBase - You are now Accessing: Browser Windows
2025-08-23 11:50:34 [main] INFO  demoqaBase - 🔍 Starting 'New Window Message' click sequence...
2025-08-23 11:50:35 [main] INFO  demoqaBase - 🔀 Switched to new window: FFCF65031BEA344368FF2351A47FA7C7
]]></system-out>
  </testcase>
  <testcase name="TearDown[[TestResult name=browserWindowsNewWindowMsg status=FAILURE method=AlertsFramesWindowsTests.browserWindowsNewWindowMsg()[pri:5, instance:tests.AlertsFramesWindowsTests@36060e] output={null}]](0)" classname="tests.AlertsFramesWindowsTests" time="61.04">
    <failure message="ScreenCapture path must not be null or empty" type="java.lang.IllegalArgumentException"><![CDATA[java.lang.IllegalArgumentException: ScreenCapture path must not be null or empty
	at com.aventstack.extentreports.util.Assert.notEmpty(Assert.java:12)
	at com.aventstack.extentreports.MediaEntityBuilder.createScreenCaptureFromPath(MediaEntityBuilder.java:34)
	at com.aventstack.extentreports.MediaEntityBuilder.createScreenCaptureFromPath(MediaEntityBuilder.java:40)
	at base.demoqaBase.TearDown(demoqaBase.java:123)
	at java.base/jdk.internal.reflect.DirectMethodHandleAccessor.invoke(DirectMethodHandleAccessor.java:103)
	at java.base/java.lang.reflect.Method.invoke(Method.java:580)
	at org.testng.internal.invokers.MethodInvocationHelper.invokeMethod(MethodInvocationHelper.java:141)
	at org.testng.internal.invokers.MethodInvocationHelper.invokeMethodConsideringTimeout(MethodInvocationHelper.java:71)
	at org.testng.internal.invokers.ConfigInvoker.invokeConfigurationMethod(ConfigInvoker.java:400)
	at org.testng.internal.invokers.ConfigInvoker.invokeConfigurations(ConfigInvoker.java:333)
	at org.testng.internal.invokers.TestInvoker.runConfigMethods(TestInvoker.java:836)
	at org.testng.internal.invokers.TestInvoker.runAfterConfigurations(TestInvoker.java:805)
	at org.testng.internal.invokers.TestInvoker.invokeMethod(TestInvoker.java:781)
	at org.testng.internal.invokers.TestInvoker.invokeTestMethod(TestInvoker.java:230)
	at org.testng.internal.invokers.MethodRunner.runInSequence(MethodRunner.java:63)
	at org.testng.internal.invokers.TestInvoker$MethodInvocationAgent.invoke(TestInvoker.java:995)
	at org.testng.internal.invokers.TestInvoker.invokeTestMethods(TestInvoker.java:203)
	at org.testng.internal.invokers.TestMethodWorker.invokeTestMethods(TestMethodWorker.java:154)
	at org.testng.internal.invokers.TestMethodWorker.run(TestMethodWorker.java:134)
	at java.base/java.util.ArrayList.forEach(ArrayList.java:1596)
	at org.testng.TestRunner.privateRun(TestRunner.java:741)
	at org.testng.TestRunner.run(TestRunner.java:616)
	at org.testng.SuiteRunner.runTest(SuiteRunner.java:421)
	at org.testng.SuiteRunner.runSequentially(SuiteRunner.java:413)
	at org.testng.SuiteRunner.privateRun(SuiteRunner.java:373)
	at org.testng.SuiteRunner.run(SuiteRunner.java:312)
	at org.testng.SuiteRunnerWorker.runSuite(SuiteRunnerWorker.java:52)
	at org.testng.SuiteRunnerWorker.run(SuiteRunnerWorker.java:95)
	at org.testng.TestNG.runSuitesSequentially(TestNG.java:1274)
	at org.testng.TestNG.runSuitesLocally(TestNG.java:1208)
	at org.testng.TestNG.runSuites(TestNG.java:1112)
	at org.testng.TestNG.run(TestNG.java:1079)
	at org.apache.maven.surefire.testng.TestNGExecutor.run(TestNGExecutor.java:155)
	at org.apache.maven.surefire.testng.TestNGDirectoryTestSuite.executeMulti(TestNGDirectoryTestSuite.java:169)
	at org.apache.maven.surefire.testng.TestNGDirectoryTestSuite.execute(TestNGDirectoryTestSuite.java:88)
	at org.apache.maven.surefire.testng.TestNGProvider.invoke(TestNGProvider.java:137)
	at org.apache.maven.surefire.booter.ForkedBooter.runSuitesInProcess(ForkedBooter.java:385)
	at org.apache.maven.surefire.booter.ForkedBooter.execute(ForkedBooter.java:162)
	at org.apache.maven.surefire.booter.ForkedBooter.run(ForkedBooter.java:507)
	at org.apache.maven.surefire.booter.ForkedBooter.main(ForkedBooter.java:495)
]]></failure>
    <system-err><![CDATA[org.openqa.selenium.TimeoutException: timeout: Timed out receiving message from renderer: 30.000
  (Session info: chrome=137.0.7151.120)
Build info: version: '4.34.0', revision: '707dcb4246*'
System info: os.name: 'Windows 11', os.arch: 'amd64', os.version: '10.0', java.version: '21.0.7'
Driver info: org.openqa.selenium.chrome.ChromeDriver
Command: [646a901105d3a4d9f379c1e65712427e, screenshot {}]
Capabilities {acceptInsecureCerts: false, browserName: chrome, browserVersion: 137.0.7151.120, chrome: {chromedriverVersion: 137.0.7151.119 (e0ac9d12dff..., userDataDir: /tmp/chrome-profile-8420c91...}, fedcm:accounts: true, goog:chromeOptions: {debuggerAddress: localhost:53626}, networkConnectionEnabled: false, pageLoadStrategy: normal, platformName: windows, proxy: Proxy(), se:cdp: ws://localhost:53626/devtoo..., se:cdpVersion: 137.0.7151.120, setWindowRect: true, strictFileInteractability: false, timeouts: {implicit: 0, pageLoad: 300000, script: 30000}, unhandledPromptBehavior: dismiss and notify, webauthn:extension:credBlob: true, webauthn:extension:largeBlob: true, webauthn:extension:minPinLength: true, webauthn:extension:prf: true, webauthn:virtualAuthenticators: true}
Session ID: 646a901105d3a4d9f379c1e65712427e
	at java.base/jdk.internal.reflect.DirectConstructorHandleAccessor.newInstance(DirectConstructorHandleAccessor.java:62)
	at java.base/java.lang.reflect.Constructor.newInstanceWithCaller(Constructor.java:502)
	at java.base/java.lang.reflect.Constructor.newInstance(Constructor.java:486)
	at org.openqa.selenium.remote.ErrorCodec.decode(ErrorCodec.java:167)
	at org.openqa.selenium.remote.codec.w3c.W3CHttpResponseCodec.decode(W3CHttpResponseCodec.java:138)
	at org.openqa.selenium.remote.codec.w3c.W3CHttpResponseCodec.decode(W3CHttpResponseCodec.java:50)
	at org.openqa.selenium.remote.HttpCommandExecutor.execute(HttpCommandExecutor.java:215)
	at org.openqa.selenium.remote.service.DriverCommandExecutor.invokeExecute(DriverCommandExecutor.java:216)
	at org.openqa.selenium.remote.service.DriverCommandExecutor.execute(DriverCommandExecutor.java:174)
	at org.openqa.selenium.remote.RemoteWebDriver.execute(RemoteWebDriver.java:544)
	at org.openqa.selenium.remote.RemoteWebDriver.execute(RemoteWebDriver.java:617)
	at org.openqa.selenium.remote.RemoteWebDriver.execute(RemoteWebDriver.java:621)
	at org.openqa.selenium.remote.RemoteWebDriver.getScreenshotAs(RemoteWebDriver.java:333)
	at utils.extentReportManager.captureScreenShot(extentReportManager.java:53)
	at base.demoqaBase.TearDown(demoqaBase.java:121)
	at java.base/jdk.internal.reflect.DirectMethodHandleAccessor.invoke(DirectMethodHandleAccessor.java:103)
	at java.base/java.lang.reflect.Method.invoke(Method.java:580)
	at org.testng.internal.invokers.MethodInvocationHelper.invokeMethod(MethodInvocationHelper.java:141)
	at org.testng.internal.invokers.MethodInvocationHelper.invokeMethodConsideringTimeout(MethodInvocationHelper.java:71)
	at org.testng.internal.invokers.ConfigInvoker.invokeConfigurationMethod(ConfigInvoker.java:400)
	at org.testng.internal.invokers.ConfigInvoker.invokeConfigurations(ConfigInvoker.java:333)
	at org.testng.internal.invokers.TestInvoker.runConfigMethods(TestInvoker.java:836)
	at org.testng.internal.invokers.TestInvoker.runAfterConfigurations(TestInvoker.java:805)
	at org.testng.internal.invokers.TestInvoker.invokeMethod(TestInvoker.java:781)
	at org.testng.internal.invokers.TestInvoker.invokeTestMethod(TestInvoker.java:230)
	at org.testng.internal.invokers.MethodRunner.runInSequence(MethodRunner.java:63)
	at org.testng.internal.invokers.TestInvoker$MethodInvocationAgent.invoke(TestInvoker.java:995)
	at org.testng.internal.invokers.TestInvoker.invokeTestMethods(TestInvoker.java:203)
	at org.testng.internal.invokers.TestMethodWorker.invokeTestMethods(TestMethodWorker.java:154)
	at org.testng.internal.invokers.TestMethodWorker.run(TestMethodWorker.java:134)
	at java.base/java.util.ArrayList.forEach(ArrayList.java:1596)
	at org.testng.TestRunner.privateRun(TestRunner.java:741)
	at org.testng.TestRunner.run(TestRunner.java:616)
	at org.testng.SuiteRunner.runTest(SuiteRunner.java:421)
	at org.testng.SuiteRunner.runSequentially(SuiteRunner.java:413)
	at org.testng.SuiteRunner.privateRun(SuiteRunner.java:373)
	at org.testng.SuiteRunner.run(SuiteRunner.java:312)
	at org.testng.SuiteRunnerWorker.runSuite(SuiteRunnerWorker.java:52)
	at org.testng.SuiteRunnerWorker.run(SuiteRunnerWorker.java:95)
	at org.testng.TestNG.runSuitesSequentially(TestNG.java:1274)
	at org.testng.TestNG.runSuitesLocally(TestNG.java:1208)
	at org.testng.TestNG.runSuites(TestNG.java:1112)
	at org.testng.TestNG.run(TestNG.java:1079)
	at org.apache.maven.surefire.testng.TestNGExecutor.run(TestNGExecutor.java:155)
	at org.apache.maven.surefire.testng.TestNGDirectoryTestSuite.executeMulti(TestNGDirectoryTestSuite.java:169)
	at org.apache.maven.surefire.testng.TestNGDirectoryTestSuite.execute(TestNGDirectoryTestSuite.java:88)
	at org.apache.maven.surefire.testng.TestNGProvider.invoke(TestNGProvider.java:137)
	at org.apache.maven.surefire.booter.ForkedBooter.runSuitesInProcess(ForkedBooter.java:385)
	at org.apache.maven.surefire.booter.ForkedBooter.execute(ForkedBooter.java:162)
	at org.apache.maven.surefire.booter.ForkedBooter.run(ForkedBooter.java:507)
	at org.apache.maven.surefire.booter.ForkedBooter.main(ForkedBooter.java:495)
]]></system-err>
  </testcase>
  <testcase name="ElementsCard" classname="tests.ElementsTests" time="1.084">
    <system-out><![CDATA[2025-08-23 11:51:35 [main] INFO  demoqaBase - Starting Web Browser...
2025-08-23 11:51:36 [main] INFO  demoqaBase - Navigating to demoqa.com Website
2025-08-23 11:51:41 [main] INFO  RetryUrlAccess - Successfully navigated to: https://demoqa.com
2025-08-23 11:51:41 [main] INFO  demoqaBase - Starting Test Elements | Text Box Test...
Instance Variables Declared are: nullnull
2025-08-23 11:51:41 [main] INFO  demoqaBase - Accessing Elements Card...
2025-08-23 11:51:42 [main] INFO  RetryUrlAccess - Successfully navigated to: https://demoqa.com
2025-08-23 11:51:42 [main] INFO  demoqaLog - Clicking on Elements Card...
2025-08-23 11:51:42 [main] WARN  demoqaLog - ⚠️ JS click failed, falling back to native click.
2025-08-23 11:51:42 [main] INFO  demoqaLog - Clicked on Elements Card...
Title of this Page is: DEMOQA
You can now Access: Elements
 
Page Text is: Please select an item from left to start practice.
Title of this Page is: DEMOQA
2025-08-23 11:51:42 [main] INFO  demoqaBase - Element Card Test Completed...
]]></system-out>
  </testcase>
  <testcase name="TextBox" classname="tests.ElementsTests" time="2.835">
    <system-out><![CDATA[2025-08-23 11:51:42 [main] INFO  demoqaBase - Closing the Browser...
2025-08-23 11:51:42 [main] INFO  demoqaBase - Starting Web Browser...
2025-08-23 11:51:44 [main] INFO  demoqaBase - Navigating to demoqa.com Website
2025-08-23 11:51:49 [main] INFO  RetryUrlAccess - Successfully navigated to: https://demoqa.com
2025-08-23 11:51:49 [main] INFO  demoqaBase - Starting Test Elements | Text Box Test...
Instance Variables Declared are: nullnull
2025-08-23 11:51:49 [main] INFO  demoqaBase - Accessing Elements Card...
2025-08-23 11:51:50 [main] INFO  RetryUrlAccess - Successfully navigated to: https://demoqa.com
2025-08-23 11:51:50 [main] INFO  demoqaLog - Clicking on Elements Card...
2025-08-23 11:51:50 [main] WARN  demoqaLog - ⚠️ JS click failed, falling back to native click.
2025-08-23 11:51:50 [main] INFO  demoqaLog - Clicked on Elements Card...
Title of this Page is: DEMOQA
You can now Access: Elements
 
Page Text is: Please select an item from left to start practice.
2025-08-23 11:51:50 [main] INFO  demoqaBase - Accessing Text Box...
Text Box
2025-08-23 11:51:51 [main] INFO  demoqaBase - You are accessing: Text Box
2025-08-23 11:51:51 [main] INFO  demoqaBase - Title of this Page is: DEMOQA
2025-08-23 11:51:51 [main] INFO  demoqaBase - Entering Full Name...
2025-08-23 11:51:51 [main] INFO  demoqaBase - Full Name is: John Rambo
2025-08-23 11:51:51 [main] INFO  demoqaBase - Entering Email Address...
2025-08-23 11:51:51 [main] INFO  demoqaBase - Email Address is: JRambo@demoqa.com
2025-08-23 11:51:51 [main] INFO  demoqaBase - Entering Current Address...
2025-08-23 11:51:52 [main] INFO  demoqaBase - Current Address is: 511 Grant 481, Prattsville
 Arkansas 72129
 United States
2025-08-23 11:51:52 [main] INFO  demoqaBase - Entering Permanent Address...
2025-08-23 11:51:52 [main] INFO  demoqaBase - Parmenant Address is: 579 Grant 3381, Prattsville
 Arkansas 72100
 United States
2025-08-23 11:51:52 [main] INFO  demoqaBase - Clicking on Submit Button...
2025-08-23 11:51:52 [main] INFO  demoqaBase - Clicked Submit Button...
Information Submitted is: Name:John Rambo
Email:JRambo@demoqa.com
Current Address :511 Grant 481, Prattsville Arkansas 72129 United States
Permananet Address :579 Grant 3381, Prattsville Arkansas 72100 United States
2025-08-23 11:51:52 [main] INFO  demoqaBase - Text Box Element Test Completed...
]]></system-out>
  </testcase>
  <testcase name="CheckBox" classname="tests.ElementsTests" time="1.461">
    <system-out><![CDATA[Path for Screenshot is: C:\ASN\eclipse_workspace\demoqa-automation/screenshots/TextBox Passed+2025-08-23_11-51-52.png
2025-08-23 11:51:52 [main] INFO  demoqaBase - Closing the Browser...
2025-08-23 11:51:53 [main] INFO  demoqaBase - Starting Web Browser...
2025-08-23 11:51:54 [main] INFO  demoqaBase - Navigating to demoqa.com Website
2025-08-23 11:52:03 [main] INFO  RetryUrlAccess - Successfully navigated to: https://demoqa.com
2025-08-23 11:52:03 [main] INFO  demoqaBase - Starting Test Elements | Check Box Test...
Instance Variables Declared are: nullnull
2025-08-23 11:52:03 [main] INFO  demoqaBase - Accessing Elements Card...
2025-08-23 11:52:04 [main] INFO  RetryUrlAccess - Successfully navigated to: https://demoqa.com
2025-08-23 11:52:04 [main] INFO  demoqaLog - Clicking on Elements Card...
2025-08-23 11:52:04 [main] WARN  demoqaLog - ⚠️ JS click failed, falling back to native click.
2025-08-23 11:52:04 [main] INFO  demoqaLog - Clicked on Elements Card...
Title of this Page is: DEMOQA
You can now Access: Elements
 
Page Text is: Please select an item from left to start practice.
2025-08-23 11:52:04 [main] INFO  demoqaBase - Accessing Check Box...
Check Box
2025-08-23 11:52:05 [main] INFO  demoqaBase - You are accessing: Check Box
2025-08-23 11:52:05 [main] INFO  demoqaBase - Test Elements | Check Box Test Test Completed...
]]></system-out>
  </testcase>
  <testcase name="SelectingHomeCheckBox" classname="tests.ElementsTests" time="1.478">
    <system-out><![CDATA[2025-08-23 11:52:05 [main] INFO  demoqaBase - Closing the Browser...
2025-08-23 11:52:05 [main] INFO  demoqaBase - Starting Web Browser...
2025-08-23 11:52:06 [main] INFO  demoqaBase - Navigating to demoqa.com Website
2025-08-23 11:52:12 [main] INFO  RetryUrlAccess - Successfully navigated to: https://demoqa.com
2025-08-23 11:52:12 [main] INFO  demoqaBase - Starting Test Elements | Selecting Home Check Box Test...
Instance Variables Declared are: nullnull
2025-08-23 11:52:12 [main] INFO  demoqaBase - Accessing Elements Card...
2025-08-23 11:52:13 [main] INFO  RetryUrlAccess - Successfully navigated to: https://demoqa.com
2025-08-23 11:52:13 [main] INFO  demoqaLog - Clicking on Elements Card...
2025-08-23 11:52:13 [main] WARN  demoqaLog - ⚠️ JS click failed, falling back to native click.
2025-08-23 11:52:13 [main] INFO  demoqaLog - Clicked on Elements Card...
Title of this Page is: DEMOQA
You can now Access: Elements
 
Page Text is: Please select an item from left to start practice.
2025-08-23 11:52:13 [main] INFO  demoqaBase - Accessing Check Box...
Check Box
2025-08-23 11:52:13 [main] INFO  demoqaBase - You are accessing: Check Box
2025-08-23 11:52:13 [main] INFO  demoqaBase - Selecting Home Check Box...
Information Submitted is: You have selected :
home
desktop
notes
commands
documents
workspace
react
angular
veu
office
public
private
classified
general
downloads
wordFile
excelFile
2025-08-23 11:52:14 [main] INFO  demoqaBase - You have Selected: You have selected :
home
desktop
notes
commands
documents
workspace
react
angular
veu
office
public
private
classified
general
downloads
wordFile
excelFile
2025-08-23 11:52:14 [main] INFO  demoqaBase - Elements | Selecting Home Test Completed...
]]></system-out>
  </testcase>
  <testcase name="SelectingDesktopCheckBox" classname="tests.ElementsTests" time="1.65">
    <system-out><![CDATA[2025-08-23 11:52:14 [main] INFO  demoqaBase - Closing the Browser...
2025-08-23 11:52:14 [main] INFO  demoqaBase - Starting Web Browser...
2025-08-23 11:52:16 [main] INFO  demoqaBase - Navigating to demoqa.com Website
2025-08-23 11:52:21 [main] INFO  RetryUrlAccess - Successfully navigated to: https://demoqa.com
2025-08-23 11:52:21 [main] INFO  demoqaBase - Starting Test Elements | Selecting Desktop Check Box Test...
Instance Variables Declared are: nullnull
2025-08-23 11:52:21 [main] INFO  demoqaBase - Accessing Elements Card...
2025-08-23 11:52:22 [main] INFO  RetryUrlAccess - Successfully navigated to: https://demoqa.com
2025-08-23 11:52:22 [main] INFO  demoqaLog - Clicking on Elements Card...
2025-08-23 11:52:22 [main] WARN  demoqaLog - ⚠️ JS click failed, falling back to native click.
2025-08-23 11:52:22 [main] INFO  demoqaLog - Clicked on Elements Card...
Title of this Page is: DEMOQA
You can now Access: Elements
 
Page Text is: Please select an item from left to start practice.
2025-08-23 11:52:22 [main] INFO  demoqaBase - Accessing Check Box...
Check Box
2025-08-23 11:52:22 [main] INFO  demoqaBase - You are accessing: Check Box
2025-08-23 11:52:22 [main] INFO  demoqaBase - Clicking on Home Toggle Button...
2025-08-23 11:52:23 [main] INFO  demoqaBase - Selecting Deskstop Check Box...
Information Submitted is: You have selected :
desktop
notes
commands
2025-08-23 11:52:23 [main] INFO  demoqaBase - You have Selected: You have selected :
desktop
notes
commands
2025-08-23 11:52:23 [main] INFO  demoqaBase - Elements | Home | Desktop Test Completed...
]]></system-out>
  </testcase>
  <testcase name="SelectingNotesCommandsClick" classname="tests.ElementsTests" time="2.21">
    <system-out><![CDATA[2025-08-23 11:52:23 [main] INFO  demoqaBase - Closing the Browser...
2025-08-23 11:52:23 [main] INFO  demoqaBase - Starting Web Browser...
2025-08-23 11:52:24 [main] INFO  demoqaBase - Navigating to demoqa.com Website
2025-08-23 11:52:29 [main] INFO  RetryUrlAccess - Successfully navigated to: https://demoqa.com
2025-08-23 11:52:29 [main] INFO  demoqaBase - Starting Test Elements | Selecting Desktop| Notes & Commands Check Box Test...
Instance Variables Declared are: nullnull
2025-08-23 11:52:29 [main] INFO  demoqaBase - Accessing Elements Card...
2025-08-23 11:52:30 [main] INFO  RetryUrlAccess - Successfully navigated to: https://demoqa.com
2025-08-23 11:52:30 [main] INFO  demoqaLog - Clicking on Elements Card...
2025-08-23 11:52:30 [main] WARN  demoqaLog - ⚠️ JS click failed, falling back to native click.
2025-08-23 11:52:30 [main] INFO  demoqaLog - Clicked on Elements Card...
Title of this Page is: DEMOQA
You can now Access: Elements
 
Page Text is: Please select an item from left to start practice.
2025-08-23 11:52:30 [main] INFO  demoqaBase - Accessing Check Box...
Check Box
2025-08-23 11:52:31 [main] INFO  demoqaBase - You are accessing: Check Box
2025-08-23 11:52:31 [main] INFO  demoqaBase - Clicking on Home Toggle Button...
2025-08-23 11:52:31 [main] INFO  demoqaBase - Clicking on Desktop Toggle Button...
2025-08-23 11:52:31 [main] INFO  demoqaBase - Clicking on Notes Button...
2025-08-23 11:52:31 [main] INFO  demoqaBase - Clicking on Commands Button...
2025-08-23 11:52:32 [main] INFO  demoqaBase - Selected Notes & Commands...
Information Submitted is: You have selected :
desktop
notes
commands
2025-08-23 11:52:32 [main] INFO  demoqaBase - You have Selected: You have selected :
desktop
notes
commands
2025-08-23 11:52:32 [main] INFO  demoqaBase - Elements | Home | Desktop | Notes & Commands Completed...
]]></system-out>
  </testcase>
  <testcase name="SelectingDocumentsCheckBox" classname="tests.ElementsTests" time="1.526">
    <system-out><![CDATA[2025-08-23 11:52:32 [main] INFO  demoqaBase - Closing the Browser...
2025-08-23 11:52:32 [main] INFO  demoqaBase - Starting Web Browser...
2025-08-23 11:52:33 [main] INFO  demoqaBase - Navigating to demoqa.com Website
2025-08-23 11:52:38 [main] INFO  RetryUrlAccess - Successfully navigated to: https://demoqa.com
2025-08-23 11:52:38 [main] INFO  demoqaBase - Starting Test Elements | Selecting Documents Check Box Test...
Instance Variables Declared are: nullnull
2025-08-23 11:52:38 [main] INFO  demoqaBase - Accessing Elements Card...
2025-08-23 11:52:39 [main] INFO  RetryUrlAccess - Successfully navigated to: https://demoqa.com
2025-08-23 11:52:39 [main] INFO  demoqaLog - Clicking on Elements Card...
2025-08-23 11:52:39 [main] WARN  demoqaLog - ⚠️ JS click failed, falling back to native click.
2025-08-23 11:52:39 [main] INFO  demoqaLog - Clicked on Elements Card...
Title of this Page is: DEMOQA
You can now Access: Elements
 
Page Text is: Please select an item from left to start practice.
2025-08-23 11:52:39 [main] INFO  demoqaBase - Accessing Check Box...
Check Box
2025-08-23 11:52:39 [main] INFO  demoqaBase - You are accessing: Check Box
2025-08-23 11:52:39 [main] INFO  demoqaBase - Clicking on Home Toggle Button...
2025-08-23 11:52:39 [main] INFO  demoqaBase - Selecting Documents Check Box...
2025-08-23 11:52:40 [main] INFO  demoqaBase - Selected Documents Check Box...
Information Submitted is: You have selected :
documents
workspace
react
angular
veu
office
public
private
classified
general
2025-08-23 11:52:40 [main] INFO  demoqaBase - You have Selected: You have selected :
documents
workspace
react
angular
veu
office
public
private
classified
general
2025-08-23 11:52:40 [main] INFO  demoqaBase - Test Elements | Selecting Documents Check Box Test Completed...
]]></system-out>
  </testcase>
  <testcase name="SelectingWorkSpace" classname="tests.ElementsTests" time="1.762">
    <system-out><![CDATA[2025-08-23 11:52:40 [main] INFO  demoqaBase - Closing the Browser...
2025-08-23 11:52:40 [main] INFO  demoqaBase - Starting Web Browser...
2025-08-23 11:52:41 [main] INFO  demoqaBase - Navigating to demoqa.com Website
2025-08-23 11:53:04 [main] INFO  RetryUrlAccess - Successfully navigated to: https://demoqa.com
2025-08-23 11:53:04 [main] INFO  demoqaBase - Starting Test Elements | Home | Selecting Documents | WorkSpace Check Box Test...
Instance Variables Declared are: nullnull
2025-08-23 11:53:04 [main] INFO  demoqaBase - Accessing Elements Card...
2025-08-23 11:53:04 [main] INFO  RetryUrlAccess - Successfully navigated to: https://demoqa.com
2025-08-23 11:53:04 [main] INFO  demoqaLog - Clicking on Elements Card...
2025-08-23 11:53:04 [main] WARN  demoqaLog - ⚠️ JS click failed, falling back to native click.
2025-08-23 11:53:04 [main] INFO  demoqaLog - Clicked on Elements Card...
Title of this Page is: DEMOQA
You can now Access: Elements
 
Page Text is: Please select an item from left to start practice.
2025-08-23 11:53:05 [main] INFO  demoqaBase - Accessing Check Box...
Check Box
2025-08-23 11:53:05 [main] INFO  demoqaBase - You are accessing: Check Box
2025-08-23 11:53:05 [main] INFO  demoqaBase - Clicking on Home Toggle Button...
2025-08-23 11:53:05 [main] INFO  demoqaBase - Clicking on Documents Toggle Button...
2025-08-23 11:53:05 [main] INFO  demoqaBase - Selecting WorkSpace Check Box...
2025-08-23 11:53:05 [main] INFO  demoqaBase - Selected WorkSpace Check Box...
Information Submitted is: You have selected :
workspace
react
angular
veu
2025-08-23 11:53:05 [main] INFO  demoqaBase - You have Selected: You have selected :
workspace
react
angular
veu
2025-08-23 11:53:05 [main] INFO  demoqaBase - Test Elements | Home | Selecting Documents | WorkSpace Check Box Completed...
]]></system-out>
  </testcase>
  <testcase name="SelectReact" classname="tests.ElementsTests" time="2.028">
    <system-out><![CDATA[2025-08-23 11:53:05 [main] INFO  demoqaBase - Closing the Browser...
2025-08-23 11:53:06 [main] INFO  demoqaBase - Starting Web Browser...
2025-08-23 11:53:07 [main] INFO  demoqaBase - Navigating to demoqa.com Website
2025-08-23 11:53:19 [main] INFO  RetryUrlAccess - Successfully navigated to: https://demoqa.com
2025-08-23 11:53:19 [main] INFO  demoqaBase - Starting Test Elements|Home|Selecting Documents|WorkSpace|React Check Box Test...
Instance Variables Declared are: nullnull
2025-08-23 11:53:19 [main] INFO  demoqaBase - Accessing Elements Card...
2025-08-23 11:53:20 [main] INFO  RetryUrlAccess - Successfully navigated to: https://demoqa.com
2025-08-23 11:53:20 [main] INFO  demoqaLog - Clicking on Elements Card...
2025-08-23 11:53:20 [main] WARN  demoqaLog - ⚠️ JS click failed, falling back to native click.
2025-08-23 11:53:20 [main] INFO  demoqaLog - Clicked on Elements Card...
Title of this Page is: DEMOQA
You can now Access: Elements
 
Page Text is: Please select an item from left to start practice.
2025-08-23 11:53:20 [main] INFO  demoqaBase - Accessing Check Box...
Check Box
2025-08-23 11:53:21 [main] INFO  demoqaBase - You are accessing: Check Box
2025-08-23 11:53:21 [main] INFO  demoqaBase - Clicking on Home Toggle Button...
2025-08-23 11:53:21 [main] INFO  demoqaBase - Clicking on Documents Toggle Button...
2025-08-23 11:53:21 [main] INFO  demoqaBase - Clicking WorkSpace Toggle Button...
2025-08-23 11:53:21 [main] INFO  demoqaBase - Clicked WorkSpace Toggle Button...
2025-08-23 11:53:21 [main] INFO  demoqaBase - Selecting WorkSpace | React Check Box...
2025-08-23 11:53:21 [main] INFO  demoqaBase - Selected WorkSpace | React Check Box...
Information Submitted is: You have selected :
react
2025-08-23 11:53:21 [main] INFO  demoqaBase - You have Selected: You have selected :
react
2025-08-23 11:53:21 [main] INFO  demoqaBase - Test Elements|Home|Documents| Selecting WorkSpace|React Check Box Completed...
]]></system-out>
  </testcase>
  <testcase name="SelectAngular" classname="tests.ElementsTests" time="2.592">
    <system-out><![CDATA[2025-08-23 11:53:21 [main] INFO  demoqaBase - Closing the Browser...
2025-08-23 11:53:22 [main] INFO  demoqaBase - Starting Web Browser...
2025-08-23 11:53:23 [main] INFO  demoqaBase - Navigating to demoqa.com Website
2025-08-23 11:53:28 [main] INFO  RetryUrlAccess - Successfully navigated to: https://demoqa.com
2025-08-23 11:53:28 [main] INFO  demoqaBase - Starting Test Elements|Home|Selecting Documents|WorkSpace|Angular Check Box Test...
Instance Variables Declared are: nullnull
2025-08-23 11:53:28 [main] INFO  demoqaBase - Accessing Elements Card...
2025-08-23 11:53:29 [main] INFO  RetryUrlAccess - Successfully navigated to: https://demoqa.com
2025-08-23 11:53:29 [main] INFO  demoqaLog - Clicking on Elements Card...
2025-08-23 11:53:29 [main] WARN  demoqaLog - ⚠️ JS click failed, falling back to native click.
2025-08-23 11:53:29 [main] INFO  demoqaLog - Clicked on Elements Card...
Title of this Page is: DEMOQA
You can now Access: Elements
 
Page Text is: Please select an item from left to start practice.
2025-08-23 11:53:29 [main] INFO  demoqaBase - Accessing Check Box...
Check Box
2025-08-23 11:53:30 [main] INFO  demoqaBase - You are accessing: Check Box
2025-08-23 11:53:30 [main] INFO  demoqaBase - Clicking on Home Toggle Button...
2025-08-23 11:53:30 [main] INFO  demoqaBase - Clicking on Documents Toggle Button...
2025-08-23 11:53:30 [main] INFO  demoqaBase - Clicking WorkSpace Toggle Button...
2025-08-23 11:53:30 [main] INFO  demoqaBase - Clicked WorkSpace Toggle Button...
2025-08-23 11:53:30 [main] INFO  demoqaBase - Selecting WorkSpace | Angular Check Box...
2025-08-23 11:53:31 [main] INFO  demoqaBase - Selected WorkSpace | Angular Check Box...
Information Submitted is: You have selected :
angular
2025-08-23 11:53:31 [main] INFO  demoqaBase - You have Selected: You have selected :
angular
2025-08-23 11:53:31 [main] INFO  demoqaBase - Test Elements|Home|Documents| Selecting WorkSpace|Angular Check Box Completed...
]]></system-out>
  </testcase>
  <testcase name="SelectVeu" classname="tests.ElementsTests" time="1.993">
    <system-out><![CDATA[2025-08-23 11:53:31 [main] INFO  demoqaBase - Closing the Browser...
2025-08-23 11:53:31 [main] INFO  demoqaBase - Starting Web Browser...
2025-08-23 11:53:32 [main] INFO  demoqaBase - Navigating to demoqa.com Website
2025-08-23 11:53:38 [main] INFO  RetryUrlAccess - Successfully navigated to: https://demoqa.com
2025-08-23 11:53:38 [main] INFO  demoqaBase - Starting Test Elements|Home|Selecting Documents|WorkSpace|Veu Check Box Test...
Instance Variables Declared are: nullnull
2025-08-23 11:53:38 [main] INFO  demoqaBase - Accessing Elements Card...
2025-08-23 11:53:39 [main] INFO  RetryUrlAccess - Successfully navigated to: https://demoqa.com
2025-08-23 11:53:39 [main] INFO  demoqaLog - Clicking on Elements Card...
2025-08-23 11:53:39 [main] WARN  demoqaLog - ⚠️ JS click failed, falling back to native click.
2025-08-23 11:53:39 [main] INFO  demoqaLog - Clicked on Elements Card...
Title of this Page is: DEMOQA
You can now Access: Elements
 
Page Text is: Please select an item from left to start practice.
2025-08-23 11:53:39 [main] INFO  demoqaBase - Accessing Check Box...
Check Box
2025-08-23 11:53:40 [main] INFO  demoqaBase - You are accessing: Check Box
2025-08-23 11:53:40 [main] INFO  demoqaBase - Clicking on Home Toggle Button...
2025-08-23 11:53:40 [main] INFO  demoqaBase - Clicking on Documents Toggle Button...
2025-08-23 11:53:40 [main] INFO  demoqaBase - Clicking WorkSpace Toggle Button...
2025-08-23 11:53:40 [main] INFO  demoqaBase - Clicked WorkSpace Toggle Button...
2025-08-23 11:53:40 [main] INFO  demoqaBase - Selecting WorkSpace | Veu Check Box...
2025-08-23 11:53:40 [main] INFO  demoqaBase - Selected WorkSpace | Veu Check Box...
Information Submitted is: You have selected :
veu
2025-08-23 11:53:40 [main] INFO  demoqaBase - You have Selected: You have selected :
veu
2025-08-23 11:53:40 [main] INFO  demoqaBase - Test Elements|Home|Documents| Selecting WorkSpace|Veu Check Box Completed...
]]></system-out>
  </testcase>
  <testcase name="SelectReactAnuglarVeu" classname="tests.ElementsTests" time="2.095">
    <system-out><![CDATA[2025-08-23 11:53:40 [main] INFO  demoqaBase - Closing the Browser...
2025-08-23 11:53:41 [main] INFO  demoqaBase - Starting Web Browser...
2025-08-23 11:53:42 [main] INFO  demoqaBase - Navigating to demoqa.com Website
2025-08-23 11:53:47 [main] INFO  RetryUrlAccess - Successfully navigated to: https://demoqa.com
2025-08-23 11:53:47 [main] INFO  demoqaBase - Starting Test Elements|Home|Selecting Documents|WorkSpace|React-Anuglar-Veu Check Box Test...
Instance Variables Declared are: nullnull
2025-08-23 11:53:47 [main] INFO  demoqaBase - Accessing Elements Card...
2025-08-23 11:53:48 [main] INFO  RetryUrlAccess - Successfully navigated to: https://demoqa.com
2025-08-23 11:53:48 [main] INFO  demoqaLog - Clicking on Elements Card...
2025-08-23 11:53:48 [main] WARN  demoqaLog - ⚠️ JS click failed, falling back to native click.
2025-08-23 11:53:48 [main] INFO  demoqaLog - Clicked on Elements Card...
Title of this Page is: DEMOQA
You can now Access: Elements
 
Page Text is: Please select an item from left to start practice.
2025-08-23 11:53:48 [main] INFO  demoqaBase - Accessing Check Box...
Check Box
2025-08-23 11:53:48 [main] INFO  demoqaBase - You are accessing: Check Box
2025-08-23 11:53:48 [main] INFO  demoqaBase - Clicking on Home Toggle Button...
2025-08-23 11:53:49 [main] INFO  demoqaBase - Clicking on Documents Toggle Button...
2025-08-23 11:53:49 [main] INFO  demoqaBase - Clicking WorkSpace Toggle Button...
2025-08-23 11:53:49 [main] INFO  demoqaBase - Clicked WorkSpace Toggle Button...
2025-08-23 11:53:49 [main] INFO  demoqaBase - Selecting WorkSpace | React Check Box...
2025-08-23 11:53:49 [main] INFO  demoqaBase - Selected WorkSpace | React Check Box...
2025-08-23 11:53:49 [main] INFO  demoqaBase - Selecting WorkSpace | Angular Check Box...
2025-08-23 11:53:49 [main] INFO  demoqaBase - Selected WorkSpace | Angular Check Box...
2025-08-23 11:53:49 [main] INFO  demoqaBase - Selecting WorkSpace | Veu Check Box...
2025-08-23 11:53:49 [main] INFO  demoqaBase - Selected WorkSpace | Veu Check Box...
Information Submitted is: You have selected :
workspace
react
angular
veu
2025-08-23 11:53:49 [main] INFO  demoqaBase - You have Selected: You have selected :
workspace
react
angular
veu
2025-08-23 11:53:49 [main] INFO  demoqaBase - Test Elements|Home|Documents| Selecting WorkSpace|React-Anuglar-Veu Check Box Completed...
]]></system-out>
  </testcase>
  <testcase name="SelectingOffice" classname="tests.ElementsTests" time="1.683">
    <system-out><![CDATA[2025-08-23 11:53:49 [main] INFO  demoqaBase - Closing the Browser...
2025-08-23 11:53:50 [main] INFO  demoqaBase - Starting Web Browser...
2025-08-23 11:53:51 [main] INFO  demoqaBase - Navigating to demoqa.com Website
2025-08-23 11:53:56 [main] INFO  RetryUrlAccess - Successfully navigated to: https://demoqa.com
2025-08-23 11:53:56 [main] INFO  demoqaBase - Starting Test Elements|Home|Selecting Documents|Office Check Box Test...
Instance Variables Declared are: nullnull
2025-08-23 11:53:56 [main] INFO  demoqaBase - Accessing Elements Card...
2025-08-23 11:53:56 [main] INFO  RetryUrlAccess - Successfully navigated to: https://demoqa.com
2025-08-23 11:53:56 [main] INFO  demoqaLog - Clicking on Elements Card...
2025-08-23 11:53:56 [main] WARN  demoqaLog - ⚠️ JS click failed, falling back to native click.
2025-08-23 11:53:57 [main] INFO  demoqaLog - Clicked on Elements Card...
Title of this Page is: DEMOQA
You can now Access: Elements
 
Page Text is: Please select an item from left to start practice.
2025-08-23 11:53:57 [main] INFO  demoqaBase - Accessing Check Box...
Check Box
2025-08-23 11:53:57 [main] INFO  demoqaBase - You are accessing: Check Box
2025-08-23 11:53:57 [main] INFO  demoqaBase - Clicking on Home Toggle Button...
2025-08-23 11:53:57 [main] INFO  demoqaBase - Clicking on Documents Toggle Button...
2025-08-23 11:53:57 [main] INFO  demoqaBase - Selecting WorkSpace Check Box...
2025-08-23 11:53:57 [main] INFO  demoqaBase - Selected WorkSpace Check Box...
Information Submitted is: You have selected :
office
public
private
classified
general
2025-08-23 11:53:57 [main] INFO  demoqaBase - You have Selected: You have selected :
office
public
private
classified
general
2025-08-23 11:53:57 [main] INFO  demoqaBase - Test Elements|Home|Selecting Documents|Office Check Box Completed...
]]></system-out>
  </testcase>
  <testcase name="SelectPublic" classname="tests.ElementsTests" time="2.306">
    <system-out><![CDATA[2025-08-23 11:53:57 [main] INFO  demoqaBase - Closing the Browser...
2025-08-23 11:53:58 [main] INFO  demoqaBase - Starting Web Browser...
2025-08-23 11:53:59 [main] INFO  demoqaBase - Navigating to demoqa.com Website
2025-08-23 11:54:05 [main] INFO  RetryUrlAccess - Successfully navigated to: https://demoqa.com
2025-08-23 11:54:05 [main] INFO  demoqaBase - Starting Test Elements|Home|Selecting Documents|Office|Public Check Box Test...
Instance Variables Declared are: nullnull
2025-08-23 11:54:05 [main] INFO  demoqaBase - Accessing Elements Card...
2025-08-23 11:54:05 [main] INFO  RetryUrlAccess - Successfully navigated to: https://demoqa.com
2025-08-23 11:54:05 [main] INFO  demoqaLog - Clicking on Elements Card...
2025-08-23 11:54:05 [main] WARN  demoqaLog - ⚠️ JS click failed, falling back to native click.
2025-08-23 11:54:06 [main] INFO  demoqaLog - Clicked on Elements Card...
Title of this Page is: DEMOQA
You can now Access: Elements
 
Page Text is: Please select an item from left to start practice.
2025-08-23 11:54:06 [main] INFO  demoqaBase - Accessing Check Box...
Check Box
2025-08-23 11:54:06 [main] INFO  demoqaBase - You are accessing: Check Box
2025-08-23 11:54:06 [main] INFO  demoqaBase - Clicking on Home Toggle Button...
2025-08-23 11:54:06 [main] INFO  demoqaBase - Clicking on Documents Toggle Button...
2025-08-23 11:54:07 [main] INFO  demoqaBase - Clicking Office Toggle Button...
2025-08-23 11:54:07 [main] INFO  demoqaBase - Clicked Office Toggle Button...
2025-08-23 11:54:07 [main] INFO  demoqaBase - Selecting Office | Public Check Box...
2025-08-23 11:54:07 [main] INFO  demoqaBase - Selected Office | Public Check Box...
Information Submitted is: You have selected :
public
2025-08-23 11:54:07 [main] INFO  demoqaBase - You have Selected: You have selected :
public
2025-08-23 11:54:07 [main] INFO  demoqaBase - Test Elements|Home|Documents|Office|Selecting Public Check Box Completed...
]]></system-out>
  </testcase>
  <testcase name="SelectPrivate" classname="tests.ElementsTests" time="1.932">
    <system-out><![CDATA[2025-08-23 11:54:07 [main] INFO  demoqaBase - Closing the Browser...
2025-08-23 11:54:07 [main] INFO  demoqaBase - Starting Web Browser...
2025-08-23 11:54:09 [main] INFO  demoqaBase - Navigating to demoqa.com Website
2025-08-23 11:54:14 [main] INFO  RetryUrlAccess - Successfully navigated to: https://demoqa.com
2025-08-23 11:54:14 [main] INFO  demoqaBase - Starting Test Elements|Home|Selecting Documents|Office|Private Check Box Test...
Instance Variables Declared are: nullnull
2025-08-23 11:54:14 [main] INFO  demoqaBase - Accessing Elements Card...
2025-08-23 11:54:14 [main] INFO  RetryUrlAccess - Successfully navigated to: https://demoqa.com
2025-08-23 11:54:14 [main] INFO  demoqaLog - Clicking on Elements Card...
2025-08-23 11:54:15 [main] WARN  demoqaLog - ⚠️ JS click failed, falling back to native click.
2025-08-23 11:54:15 [main] INFO  demoqaLog - Clicked on Elements Card...
Title of this Page is: DEMOQA
You can now Access: Elements
 
Page Text is: Please select an item from left to start practice.
2025-08-23 11:54:15 [main] INFO  demoqaBase - Accessing Check Box...
Check Box
2025-08-23 11:54:15 [main] INFO  demoqaBase - You are accessing: Check Box
2025-08-23 11:54:15 [main] INFO  demoqaBase - Clicking on Home Toggle Button...
2025-08-23 11:54:15 [main] INFO  demoqaBase - Clicking on Documents Toggle Button...
2025-08-23 11:54:15 [main] INFO  demoqaBase - Clicking Office Toggle Button...
2025-08-23 11:54:16 [main] INFO  demoqaBase - Clicked Office Toggle Button...
2025-08-23 11:54:16 [main] INFO  demoqaBase - Selecting Office | Private Check Box...
2025-08-23 11:54:16 [main] INFO  demoqaBase - Selected Office | Private Check Box...
Information Submitted is: You have selected :
private
2025-08-23 11:54:16 [main] INFO  demoqaBase - You have Selected: You have selected :
private
2025-08-23 11:54:16 [main] INFO  demoqaBase - Test Elements|Home|Documents|Office|Selecting Private Check Box Completed...
]]></system-out>
  </testcase>
  <testcase name="SelectClassified" classname="tests.ElementsTests" time="1.834">
    <system-out><![CDATA[2025-08-23 11:54:16 [main] INFO  demoqaBase - Closing the Browser...
2025-08-23 11:54:16 [main] INFO  demoqaBase - Starting Web Browser...
2025-08-23 11:54:19 [main] INFO  demoqaBase - Navigating to demoqa.com Website
2025-08-23 11:54:23 [main] INFO  RetryUrlAccess - Successfully navigated to: https://demoqa.com
2025-08-23 11:54:23 [main] INFO  demoqaBase - Starting Test Elements|Home|Selecting Documents|Office|Classified Check Box Test...
Instance Variables Declared are: nullnull
2025-08-23 11:54:23 [main] INFO  demoqaBase - Accessing Elements Card...
2025-08-23 11:54:24 [main] INFO  RetryUrlAccess - Successfully navigated to: https://demoqa.com
2025-08-23 11:54:24 [main] INFO  demoqaLog - Clicking on Elements Card...
2025-08-23 11:54:24 [main] WARN  demoqaLog - ⚠️ JS click failed, falling back to native click.
2025-08-23 11:54:24 [main] INFO  demoqaLog - Clicked on Elements Card...
Title of this Page is: DEMOQA
You can now Access: Elements
 
Page Text is: Please select an item from left to start practice.
2025-08-23 11:54:24 [main] INFO  demoqaBase - Accessing Check Box...
Check Box
2025-08-23 11:54:25 [main] INFO  demoqaBase - You are accessing: Check Box
2025-08-23 11:54:25 [main] INFO  demoqaBase - Clicking on Home Toggle Button...
2025-08-23 11:54:25 [main] INFO  demoqaBase - Clicking on Documents Toggle Button...
2025-08-23 11:54:25 [main] INFO  demoqaBase - Clicking Office Toggle Button...
2025-08-23 11:54:25 [main] INFO  demoqaBase - Clicked Office Toggle Button...
2025-08-23 11:54:25 [main] INFO  demoqaBase - Selecting Office | Classified Check Box...
Declared WebDriverWait: org.openqa.selenium.support.ui.WebDriverWait@63eea8c4
2025-08-23 11:54:25 [main] INFO  demoqaBase - Selected Office | Classified Check Box...
Information Submitted is: You have selected :
classified
2025-08-23 11:54:25 [main] INFO  demoqaBase - You have Selected: You have selected :
classified
2025-08-23 11:54:25 [main] INFO  demoqaBase - Test Elements|Home|Documents|Office|Selecting Classified Check Box Completed...
]]></system-out>
  </testcase>
  <testcase name="SelectGeneral" classname="tests.ElementsTests" time="2.82">
    <system-out><![CDATA[2025-08-23 11:54:25 [main] INFO  demoqaBase - Closing the Browser...
2025-08-23 11:54:26 [main] INFO  demoqaBase - Starting Web Browser...
2025-08-23 11:54:27 [main] INFO  demoqaBase - Navigating to demoqa.com Website
2025-08-23 11:54:39 [main] INFO  RetryUrlAccess - Successfully navigated to: https://demoqa.com
2025-08-23 11:54:39 [main] INFO  demoqaBase - Starting Test Elements|Home|Selecting Documents|Office|General Check Box Test...
Instance Variables Declared are: nullnull
2025-08-23 11:54:39 [main] INFO  demoqaBase - Accessing Elements Card...
2025-08-23 11:54:39 [main] INFO  RetryUrlAccess - Successfully navigated to: https://demoqa.com
2025-08-23 11:54:39 [main] INFO  demoqaLog - Clicking on Elements Card...
2025-08-23 11:54:39 [main] WARN  demoqaLog - ⚠️ JS click failed, falling back to native click.
2025-08-23 11:54:40 [main] INFO  demoqaLog - Clicked on Elements Card...
Title of this Page is: DEMOQA
You can now Access: Elements
 
Page Text is: Please select an item from left to start practice.
2025-08-23 11:54:40 [main] INFO  demoqaBase - Accessing Check Box...
Check Box
2025-08-23 11:54:40 [main] INFO  demoqaBase - You are accessing: Check Box
2025-08-23 11:54:40 [main] INFO  demoqaBase - Clicking on Home Toggle Button...
2025-08-23 11:54:41 [main] INFO  demoqaBase - Clicking on Documents Toggle Button...
2025-08-23 11:54:41 [main] INFO  demoqaBase - Clicking Office Toggle Button...
2025-08-23 11:54:41 [main] INFO  demoqaBase - Clicked Office Toggle Button...
2025-08-23 11:54:41 [main] INFO  demoqaBase - Selecting Office | General Check Box...
2025-08-23 11:54:41 [main] INFO  demoqaBase - Selected Office | General Check Box...
Information Submitted is: You have selected :
general
2025-08-23 11:54:41 [main] INFO  demoqaBase - You have Selected: You have selected :
general
2025-08-23 11:54:41 [main] INFO  demoqaBase - Test Elements|Home|Documents|Office|Selecting General Check Box Completed...
]]></system-out>
  </testcase>
  <testcase name="SelectOfficeAll" classname="tests.ElementsTests" time="2.681">
    <system-out><![CDATA[2025-08-23 11:54:41 [main] INFO  demoqaBase - Closing the Browser...
2025-08-23 11:54:42 [main] INFO  demoqaBase - Starting Web Browser...
2025-08-23 11:54:43 [main] INFO  demoqaBase - Navigating to demoqa.com Website
2025-08-23 11:54:49 [main] INFO  RetryUrlAccess - Successfully navigated to: https://demoqa.com
2025-08-23 11:54:49 [main] INFO  demoqaBase - Starting Test Elements|Home|Selecting Documents|Office|All Check Boxes Test...
Instance Variables Declared are: nullnull
2025-08-23 11:54:49 [main] INFO  demoqaBase - Accessing Elements Card...
2025-08-23 11:54:49 [main] INFO  RetryUrlAccess - Successfully navigated to: https://demoqa.com
2025-08-23 11:54:49 [main] INFO  demoqaLog - Clicking on Elements Card...
2025-08-23 11:54:49 [main] WARN  demoqaLog - ⚠️ JS click failed, falling back to native click.
2025-08-23 11:54:50 [main] INFO  demoqaLog - Clicked on Elements Card...
Title of this Page is: DEMOQA
You can now Access: Elements
 
Page Text is: Please select an item from left to start practice.
2025-08-23 11:54:50 [main] INFO  demoqaBase - Accessing Check Box...
Check Box
2025-08-23 11:54:50 [main] INFO  demoqaBase - You are accessing: Check Box
2025-08-23 11:54:50 [main] INFO  demoqaBase - Clicking on Home Toggle Button...
2025-08-23 11:54:50 [main] INFO  demoqaBase - Clicking on Documents Toggle Button...
2025-08-23 11:54:51 [main] INFO  demoqaBase - Clicking Office Toggle Button...
2025-08-23 11:54:51 [main] INFO  demoqaBase - Clicked Office Toggle Button...
2025-08-23 11:54:51 [main] INFO  demoqaBase - Selecting Office | Public Check Box...
2025-08-23 11:54:51 [main] INFO  demoqaBase - Selected Office | Public Check Box...
2025-08-23 11:54:51 [main] INFO  demoqaBase - Selecting Office | Private Check Box...
2025-08-23 11:54:51 [main] INFO  demoqaBase - Selected Office | Private Check Box...
2025-08-23 11:54:51 [main] INFO  demoqaBase - Selecting Office | Classified Check Box...
Declared WebDriverWait: org.openqa.selenium.support.ui.WebDriverWait@453a30f8
2025-08-23 11:54:51 [main] INFO  demoqaBase - Selected Office | Classified Check Box...
2025-08-23 11:54:51 [main] INFO  demoqaBase - Selecting Office | General Check Box...
2025-08-23 11:54:51 [main] INFO  demoqaBase - Selected Office | General Check Box...
Information Submitted is: You have selected :
office
public
private
classified
general
2025-08-23 11:54:51 [main] INFO  demoqaBase - You have Selected: You have selected :
office
public
private
classified
general
2025-08-23 11:54:51 [main] INFO  demoqaBase - Test Elements|Home|Documents|Office|Selecting All Check Boxes Completed...
]]></system-out>
  </testcase>
  <testcase name="SelectingDownloads" classname="tests.ElementsTests" time="1.962">
    <system-out><![CDATA[2025-08-23 11:54:51 [main] INFO  demoqaBase - Closing the Browser...
2025-08-23 11:54:52 [main] INFO  demoqaBase - Starting Web Browser...
2025-08-23 11:54:53 [main] INFO  demoqaBase - Navigating to demoqa.com Website
2025-08-23 11:54:58 [main] INFO  RetryUrlAccess - Successfully navigated to: https://demoqa.com
2025-08-23 11:54:59 [main] INFO  demoqaBase - Starting Test Elements|Home|Selecting Downloads Check Box Test...
Instance Variables Declared are: nullnull
2025-08-23 11:54:59 [main] INFO  demoqaBase - Accessing Elements Card...
2025-08-23 11:54:59 [main] INFO  RetryUrlAccess - Successfully navigated to: https://demoqa.com
2025-08-23 11:54:59 [main] INFO  demoqaLog - Clicking on Elements Card...
2025-08-23 11:54:59 [main] WARN  demoqaLog - ⚠️ JS click failed, falling back to native click.
2025-08-23 11:54:59 [main] INFO  demoqaLog - Clicked on Elements Card...
Title of this Page is: DEMOQA
You can now Access: Elements
 
Page Text is: Please select an item from left to start practice.
2025-08-23 11:55:00 [main] INFO  demoqaBase - Accessing Check Box...
Check Box
2025-08-23 11:55:00 [main] INFO  demoqaBase - You are accessing: Check Box
2025-08-23 11:55:00 [main] INFO  demoqaBase - Clicking on Home Toggle Button...
2025-08-23 11:55:00 [main] INFO  demoqaBase - Selecting Downloads Check Box...
2025-08-23 11:55:00 [main] INFO  demoqaBase - Selected Downloads Check Box...
Information Submitted is: You have selected :
downloads
wordFile
excelFile
2025-08-23 11:55:00 [main] INFO  demoqaBase - You have Selected: You have selected :
downloads
wordFile
excelFile
2025-08-23 11:55:00 [main] INFO  demoqaBase - Test Elements|Home|Selecting Downloads Check Box Completed...
]]></system-out>
  </testcase>
  <testcase name="SelectingWordFile" classname="tests.ElementsTests" time="1.955">
    <system-out><![CDATA[2025-08-23 11:55:00 [main] INFO  demoqaBase - Closing the Browser...
2025-08-23 11:55:01 [main] INFO  demoqaBase - Starting Web Browser...
2025-08-23 11:55:02 [main] INFO  demoqaBase - Navigating to demoqa.com Website
2025-08-23 11:55:08 [main] INFO  RetryUrlAccess - Successfully navigated to: https://demoqa.com
2025-08-23 11:55:08 [main] INFO  demoqaBase - Starting Test Elements|Home|Selecting Downloads|Word File Check Box Test...
Instance Variables Declared are: nullnull
2025-08-23 11:55:08 [main] INFO  demoqaBase - Accessing Elements Card...
2025-08-23 11:55:08 [main] INFO  RetryUrlAccess - Successfully navigated to: https://demoqa.com
2025-08-23 11:55:08 [main] INFO  demoqaLog - Clicking on Elements Card...
2025-08-23 11:55:08 [main] WARN  demoqaLog - ⚠️ JS click failed, falling back to native click.
2025-08-23 11:55:09 [main] INFO  demoqaLog - Clicked on Elements Card...
Title of this Page is: DEMOQA
You can now Access: Elements
 
Page Text is: Please select an item from left to start practice.
2025-08-23 11:55:09 [main] INFO  demoqaBase - Accessing Check Box...
Check Box
2025-08-23 11:55:09 [main] INFO  demoqaBase - You are accessing: Check Box
2025-08-23 11:55:09 [main] INFO  demoqaBase - Clicking on Home Toggle Button...
2025-08-23 11:55:09 [main] INFO  demoqaBase - Clicking Downloads Toggle Button...
2025-08-23 11:55:09 [main] INFO  demoqaBase - Clicked Downloads Toggle Button...
2025-08-23 11:55:09 [main] INFO  demoqaBase - Selecting Downloads | Word File Check Box...
2025-08-23 11:55:09 [main] INFO  demoqaBase - Selected Downloads | Word File Check Box...
Information Submitted is: You have selected :
wordFile
2025-08-23 11:55:10 [main] INFO  demoqaBase - You have Selected: You have selected :
wordFile
2025-08-23 11:55:10 [main] INFO  demoqaBase - Test Elements|Home|Selecting Downloads|Word File Check Box Completed...
]]></system-out>
  </testcase>
  <testcase name="SelectingExcelFile" classname="tests.ElementsTests" time="2.214">
    <system-out><![CDATA[2025-08-23 11:55:10 [main] INFO  demoqaBase - Closing the Browser...
2025-08-23 11:55:10 [main] INFO  demoqaBase - Starting Web Browser...
2025-08-23 11:55:11 [main] INFO  demoqaBase - Navigating to demoqa.com Website
2025-08-23 11:55:20 [main] INFO  RetryUrlAccess - Successfully navigated to: https://demoqa.com
2025-08-23 11:55:20 [main] INFO  demoqaBase - Starting Test Elements|Home|Selecting Downloads|Excel File Check Box Test...
Instance Variables Declared are: nullnull
2025-08-23 11:55:20 [main] INFO  demoqaBase - Accessing Elements Card...
2025-08-23 11:55:21 [main] INFO  RetryUrlAccess - Successfully navigated to: https://demoqa.com
2025-08-23 11:55:21 [main] INFO  demoqaLog - Clicking on Elements Card...
2025-08-23 11:55:21 [main] WARN  demoqaLog - ⚠️ JS click failed, falling back to native click.
2025-08-23 11:55:21 [main] INFO  demoqaLog - Clicked on Elements Card...
Title of this Page is: DEMOQA
You can now Access: Elements
 
Page Text is: Please select an item from left to start practice.
2025-08-23 11:55:21 [main] INFO  demoqaBase - Accessing Check Box...
Check Box
2025-08-23 11:55:22 [main] INFO  demoqaBase - You are accessing: Check Box
2025-08-23 11:55:22 [main] INFO  demoqaBase - Clicking on Home Toggle Button...
2025-08-23 11:55:22 [main] INFO  demoqaBase - Clicking Downloads Toggle Button...
2025-08-23 11:55:22 [main] INFO  demoqaBase - Clicked Downloads Toggle Button...
2025-08-23 11:55:22 [main] INFO  demoqaBase - Selecting Downloads | Excel File Check Box...
2025-08-23 11:55:22 [main] INFO  demoqaBase - Selected Downloads | Excel File Check Box...
Information Submitted is: You have selected :
excelFile
2025-08-23 11:55:22 [main] INFO  demoqaBase - You have Selected: You have selected :
excelFile
2025-08-23 11:55:22 [main] INFO  demoqaBase - Test Elements|Home|Selecting Downloads|Excel File Check Box Completed...
]]></system-out>
  </testcase>
  <testcase name="SelectingAllFiles" classname="tests.ElementsTests" time="2.045">
    <system-out><![CDATA[2025-08-23 11:55:22 [main] INFO  demoqaBase - Closing the Browser...
2025-08-23 11:55:23 [main] INFO  demoqaBase - Starting Web Browser...
2025-08-23 11:55:24 [main] INFO  demoqaBase - Navigating to demoqa.com Website
2025-08-23 11:55:30 [main] INFO  RetryUrlAccess - Successfully navigated to: https://demoqa.com
2025-08-23 11:55:30 [main] INFO  demoqaBase - Starting Test Elements|Home|Selecting Downloads|Word & Excel File Check Boxes Test...
Instance Variables Declared are: nullnull
2025-08-23 11:55:30 [main] INFO  demoqaBase - Accessing Elements Card...
2025-08-23 11:55:30 [main] INFO  RetryUrlAccess - Successfully navigated to: https://demoqa.com
2025-08-23 11:55:30 [main] INFO  demoqaLog - Clicking on Elements Card...
2025-08-23 11:55:30 [main] WARN  demoqaLog - ⚠️ JS click failed, falling back to native click.
2025-08-23 11:55:31 [main] INFO  demoqaLog - Clicked on Elements Card...
Title of this Page is: DEMOQA
You can now Access: Elements
 
Page Text is: Please select an item from left to start practice.
2025-08-23 11:55:31 [main] INFO  demoqaBase - Accessing Check Box...
Check Box
2025-08-23 11:55:31 [main] INFO  demoqaBase - You are accessing: Check Box
2025-08-23 11:55:31 [main] INFO  demoqaBase - Clicking on Home Toggle Button...
2025-08-23 11:55:31 [main] INFO  demoqaBase - Clicking Downloads Toggle Button...
2025-08-23 11:55:32 [main] INFO  demoqaBase - Clicked Downloads Toggle Button...
2025-08-23 11:55:32 [main] INFO  demoqaBase - Selecting Downloads | Word File Check Box...
2025-08-23 11:55:32 [main] INFO  demoqaBase - Selected Downloads | Word File Check Box...
2025-08-23 11:55:32 [main] INFO  demoqaBase - Selecting Downloads | Excel File Check Box...
2025-08-23 11:55:32 [main] INFO  demoqaBase - Selected Downloads | Excel File Check Box...
Information Submitted is: You have selected :
downloads
wordFile
excelFile
2025-08-23 11:55:32 [main] INFO  demoqaBase - You have Selected: You have selected :
downloads
wordFile
excelFile
2025-08-23 11:55:32 [main] INFO  demoqaBase - Test Elements|Home|Selecting Downloads|Word & Excel File Check Boxes Completed...
]]></system-out>
  </testcase>
  <testcase name="clickRadioButton" classname="tests.ElementsTests" time="1.705">
    <system-out><![CDATA[2025-08-23 11:55:32 [main] INFO  demoqaBase - Closing the Browser...
2025-08-23 11:55:32 [main] INFO  demoqaBase - Starting Web Browser...
2025-08-23 11:55:34 [main] INFO  demoqaBase - Navigating to demoqa.com Website
2025-08-23 11:55:39 [main] INFO  RetryUrlAccess - Successfully navigated to: https://demoqa.com
2025-08-23 11:55:39 [main] INFO  demoqaBase - Starting Test Elements|Radio Button Test...
Instance Variables Declared are: nullnull
2025-08-23 11:55:39 [main] INFO  demoqaBase - Accessing Elements Card...
2025-08-23 11:55:40 [main] INFO  RetryUrlAccess - Successfully navigated to: https://demoqa.com
2025-08-23 11:55:40 [main] INFO  demoqaLog - Clicking on Elements Card...
2025-08-23 11:55:40 [main] WARN  demoqaLog - ⚠️ JS click failed, falling back to native click.
2025-08-23 11:55:41 [main] INFO  demoqaLog - Clicked on Elements Card...
Title of this Page is: DEMOQA
You can now Access: Elements
 
Page Text is: Please select an item from left to start practice.
2025-08-23 11:55:41 [main] INFO  demoqaBase - Clicking on Radio Button...
2025-08-23 11:55:41 [main] INFO  demoqaBase - Validating Radio Button Click...
Page Title is: Radio Button
2025-08-23 11:55:41 [main] INFO  demoqaBase - Test Elements|Radio Button Completed...
]]></system-out>
  </testcase>
  <testcase name="SelectYesRadioButton" classname="tests.ElementsTests" time="1.881">
    <system-out><![CDATA[2025-08-23 11:55:41 [main] INFO  demoqaBase - Closing the Browser...
2025-08-23 11:55:42 [main] INFO  demoqaBase - Starting Web Browser...
2025-08-23 11:55:43 [main] INFO  demoqaBase - Navigating to demoqa.com Website
2025-08-23 11:55:54 [main] INFO  RetryUrlAccess - Successfully navigated to: https://demoqa.com
2025-08-23 11:55:54 [main] INFO  demoqaBase - Starting Test Elements|Yes Radio Button Test...
Instance Variables Declared are: nullnull
2025-08-23 11:55:54 [main] INFO  demoqaBase - Accessing Elements Card...
2025-08-23 11:55:55 [main] INFO  RetryUrlAccess - Successfully navigated to: https://demoqa.com
2025-08-23 11:55:55 [main] INFO  demoqaLog - Clicking on Elements Card...
2025-08-23 11:55:55 [main] WARN  demoqaLog - ⚠️ JS click failed, falling back to native click.
2025-08-23 11:55:55 [main] INFO  demoqaLog - Clicked on Elements Card...
Title of this Page is: DEMOQA
You can now Access: Elements
 
Page Text is: Please select an item from left to start practice.
2025-08-23 11:55:56 [main] INFO  demoqaBase - Clicking on Radio Button...
2025-08-23 11:55:56 [main] INFO  demoqaBase - Selecting on Yes Radio Button...
Declared WebDriverWait: org.openqa.selenium.support.ui.WebDriverWait@630febd7
2025-08-23 11:55:56 [main] INFO  demoqaBase - Validating Radio Selection Test Result...
2025-08-23 11:55:56 [main] INFO  demoqaBase - You have selected: Yes
2025-08-23 11:55:56 [main] INFO  demoqaBase - Test Case of Radio Button Selection PASSED...
2025-08-23 11:55:56 [main] INFO  demoqaBase - Test Elements|Yes Radio Button Completed...
]]></system-out>
  </testcase>
  <testcase name="SelectImpressiveRadioButton" classname="tests.ElementsTests" time="2.08">
    <system-out><![CDATA[2025-08-23 11:55:56 [main] INFO  demoqaBase - Closing the Browser...
2025-08-23 11:55:57 [main] INFO  demoqaBase - Starting Web Browser...
2025-08-23 11:55:58 [main] INFO  demoqaBase - Navigating to demoqa.com Website
2025-08-23 11:56:10 [main] INFO  RetryUrlAccess - Successfully navigated to: https://demoqa.com
2025-08-23 11:56:10 [main] INFO  demoqaBase - Starting Test Elements|Yes Radio Button Test...
Instance Variables Declared are: nullnull
2025-08-23 11:56:10 [main] INFO  demoqaBase - Accessing Elements Card...
2025-08-23 11:56:11 [main] INFO  RetryUrlAccess - Successfully navigated to: https://demoqa.com
2025-08-23 11:56:11 [main] INFO  demoqaLog - Clicking on Elements Card...
2025-08-23 11:56:11 [main] WARN  demoqaLog - ⚠️ JS click failed, falling back to native click.
2025-08-23 11:56:12 [main] INFO  demoqaLog - Clicked on Elements Card...
Title of this Page is: DEMOQA
You can now Access: Elements
 
Page Text is: Please select an item from left to start practice.
2025-08-23 11:56:12 [main] INFO  demoqaBase - Clicking on Radio Button...
2025-08-23 11:56:12 [main] INFO  demoqaBase - Selecting on Impressive Radio Button...
Declared WebDriverWait: org.openqa.selenium.support.ui.WebDriverWait@c414eb3
2025-08-23 11:56:12 [main] INFO  demoqaBase - Validating Radio Selection Test Result...
2025-08-23 11:56:12 [main] INFO  demoqaBase - You have selected: Impressive
2025-08-23 11:56:12 [main] INFO  demoqaBase - Test Case of Radio Button Selection PASSED...
2025-08-23 11:56:12 [main] INFO  demoqaBase - Test Elements|Radio Button|Impressive Completed...
]]></system-out>
  </testcase>
  <testcase name="WebTablesClick" classname="tests.ElementsTests" time="1.672">
    <system-out><![CDATA[2025-08-23 11:56:12 [main] INFO  demoqaBase - Closing the Browser...
2025-08-23 11:56:13 [main] INFO  demoqaBase - Starting Web Browser...
2025-08-23 11:56:14 [main] INFO  demoqaBase - Navigating to demoqa.com Website
2025-08-23 11:56:20 [main] INFO  RetryUrlAccess - Successfully navigated to: https://demoqa.com
2025-08-23 11:56:20 [main] INFO  demoqaBase - Starting Test Elements|Web Tables Test...
Instance Variables Declared are: nullnull
2025-08-23 11:56:20 [main] INFO  demoqaBase - Accessing Elements Card...
2025-08-23 11:56:20 [main] INFO  RetryUrlAccess - Successfully navigated to: https://demoqa.com
2025-08-23 11:56:20 [main] INFO  demoqaLog - Clicking on Elements Card...
2025-08-23 11:56:20 [main] WARN  demoqaLog - ⚠️ JS click failed, falling back to native click.
2025-08-23 11:56:21 [main] INFO  demoqaLog - Clicked on Elements Card...
Title of this Page is: DEMOQA
You can now Access: Elements
 
Page Text is: Please select an item from left to start practice.
2025-08-23 11:56:21 [main] INFO  demoqaBase - Click on Elements|Web Tables...
2025-08-23 11:56:21 [main] INFO  demoqaBase - Test Elements|Web Tables Completed...
]]></system-out>
  </testcase>
  <testcase name="webTableNewRegistration[WebTableUser{firstName=&apos;Johny&apos;, lastName=&apos;Bravo&apos;, email=&apos;Jbravo@demoqa.com&apos;, salary=280000, age=340, department=&apos;Information Technology&apos;}](1)" classname="tests.ElementsTests" time="4.663">
    <system-out><![CDATA[2025-08-23 11:56:21 [main] INFO  demoqaBase - Closing the Browser...
2025-08-23 11:56:23 [main] INFO  demoqaBase - Starting Web Browser...
2025-08-23 11:56:25 [main] INFO  demoqaBase - Navigating to demoqa.com Website
2025-08-23 11:56:30 [main] INFO  RetryUrlAccess - Successfully navigated to: https://demoqa.com
2025-08-23 11:56:30 [main] INFO  demoqaBase - Starting Test Elements|Web Tables|Registration Form Create User...
Instance Variables Declared are: nullnull
2025-08-23 11:56:30 [main] INFO  demoqaBase - Accessing Elements Card...
2025-08-23 11:56:31 [main] INFO  RetryUrlAccess - Successfully navigated to: https://demoqa.com
2025-08-23 11:56:31 [main] INFO  demoqaLog - Clicking on Elements Card...
2025-08-23 11:56:31 [main] WARN  demoqaLog - ⚠️ JS click failed, falling back to native click.
2025-08-23 11:56:31 [main] INFO  demoqaLog - Clicked on Elements Card...
Title of this Page is: DEMOQA
You can now Access: Elements
 
Page Text is: Please select an item from left to start practice.
2025-08-23 11:56:32 [main] INFO  demoqaBase - Click on Elements|Web Tables...
2025-08-23 11:56:32 [main] INFO  demoqaBase - Click on Elements|Web Tables|Registration Form...
2025-08-23 11:56:32 [main] ERROR demoqaBase - Registering User: Johny
2025-08-23 11:56:32 [main] INFO  demoqaBase - Click on Elements|Web Tables|Registration Form|FirstName...
2025-08-23 11:56:32 [main] INFO  demoqaBase - First Name entered is: Johny
2025-08-23 11:56:32 [main] INFO  demoqaBase - Click on Elements|Web Tables|Registration Form|LastName...
Last Name is: Bravo
2025-08-23 11:56:33 [main] INFO  demoqaBase - Last Name entered is: Bravo
2025-08-23 11:56:33 [main] INFO  demoqaBase - Click on Elements|Web Tables|Registration Form|Email...
Email ID is: Jbravo@demoqa.com
2025-08-23 11:56:33 [main] INFO  demoqaBase - Email entered is: Jbravo@demoqa.com
2025-08-23 11:56:33 [main] INFO  demoqaBase - Click on Elements|Web Tables|Registration Form|Age...
2025-08-23 11:56:34 [main] INFO  demoqaBase - Age entered is: 34
2025-08-23 11:56:34 [main] INFO  demoqaBase - Click on Elements|Web Tables|Registration Form|Salary...
2025-08-23 11:56:34 [main] INFO  demoqaBase - Salary entered is: 280000
2025-08-23 11:56:34 [main] INFO  demoqaBase - Click on Elements|Web Tables|Registration Form|Department...
2025-08-23 11:56:34 [main] INFO  demoqaBase - Department entered is: Information Technology
2025-08-23 11:56:34 [main] INFO  demoqaBase - Submitting Registration Form...
2025-08-23 11:56:34 [main] INFO  demoqaBase - Registration Form Submitted...
2025-08-23 11:56:34 [main] ERROR demoqaBase - Submitted to register user: Johny
2025-08-23 11:56:35 [main] INFO  demoqaBase - Test Elements|Web Tables|Registration Form Create User Completed...
]]></system-out>
  </testcase>
  <testcase name="webTableNewRegistration[WebTableUser{firstName=&apos;Gene&apos;, lastName=&apos;Femina&apos;, email=&apos;GFemina@demoqa.com&apos;, salary=180000, age=300, department=&apos;Finance&apos;}](2)" classname="tests.ElementsTests" time="4.513">
    <system-out><![CDATA[2025-08-23 11:56:35 [main] INFO  demoqaBase - Closing the Browser...
2025-08-23 11:56:35 [main] INFO  demoqaBase - Starting Web Browser...
2025-08-23 11:56:37 [main] INFO  demoqaBase - Navigating to demoqa.com Website
2025-08-23 11:56:42 [main] INFO  RetryUrlAccess - Successfully navigated to: https://demoqa.com
2025-08-23 11:56:42 [main] INFO  demoqaBase - Starting Test Elements|Web Tables|Registration Form Create User...
Instance Variables Declared are: nullnull
2025-08-23 11:56:42 [main] INFO  demoqaBase - Accessing Elements Card...
2025-08-23 11:56:43 [main] INFO  RetryUrlAccess - Successfully navigated to: https://demoqa.com
2025-08-23 11:56:43 [main] INFO  demoqaLog - Clicking on Elements Card...
2025-08-23 11:56:43 [main] WARN  demoqaLog - ⚠️ JS click failed, falling back to native click.
2025-08-23 11:56:43 [main] INFO  demoqaLog - Clicked on Elements Card...
Title of this Page is: DEMOQA
You can now Access: Elements
 
Page Text is: Please select an item from left to start practice.
2025-08-23 11:56:43 [main] INFO  demoqaBase - Click on Elements|Web Tables...
2025-08-23 11:56:44 [main] INFO  demoqaBase - Click on Elements|Web Tables|Registration Form...
2025-08-23 11:56:44 [main] ERROR demoqaBase - Registering User: Gene
2025-08-23 11:56:44 [main] INFO  demoqaBase - Click on Elements|Web Tables|Registration Form|FirstName...
2025-08-23 11:56:44 [main] INFO  demoqaBase - First Name entered is: Gene
2025-08-23 11:56:44 [main] INFO  demoqaBase - Click on Elements|Web Tables|Registration Form|LastName...
Last Name is: Femina
2025-08-23 11:56:45 [main] INFO  demoqaBase - Last Name entered is: Femina
[...]
2025-08-23 12:05:58 [main] INFO  AssertFormData - 🔍 [DOB] Raw expected='22-05-2002', Raw actual='22 May,2002'
2025-08-23 12:05:58 [main] INFO  AssertFormData - 🔧 [DOB] Normalized expected='22-05-2002', Normalized actual='22-05-2002'
2025-08-23 12:05:58 [main] INFO  AssertFormData - ✅ [DOB] matched: '22-05-2002'
2025-08-23 12:05:58 [main] INFO  AssertFormData - 🔍 [Picture] Raw expected='Fphoto.png', Raw actual='Fphoto.png'
2025-08-23 12:05:58 [main] INFO  AssertFormData - 🔧 [Picture] Normalized expected='Fphoto.png', Normalized actual='Fphoto.png'
2025-08-23 12:05:58 [main] INFO  AssertFormData - ✅ [Picture] matched: 'Fphoto.png'
2025-08-23 12:05:58 [main] INFO  AssertFormData - 🔍 [State] Raw expected='Uttar Pradesh', Raw actual='Uttar Pradesh'
2025-08-23 12:05:58 [main] INFO  AssertFormData - 🔧 [State] Normalized expected='Uttar Pradesh', Normalized actual='Uttar Pradesh'
2025-08-23 12:05:58 [main] INFO  AssertFormData - ✅ [State] matched: 'Uttar Pradesh'
2025-08-23 12:05:58 [main] INFO  AssertFormData - 🔍 [First Name] Raw expected='Gene', Raw actual='Gene'
2025-08-23 12:05:58 [main] INFO  AssertFormData - 🔧 [First Name] Normalized expected='Gene', Normalized actual='Gene'
2025-08-23 12:05:58 [main] INFO  AssertFormData - ✅ [First Name] matched: 'Gene'
2025-08-23 12:05:58 [main] INFO  AssertFormData - 🔍 [Gender] Raw expected='Female', Raw actual='Female'
2025-08-23 12:05:58 [main] INFO  AssertFormData - 🔧 [Gender] Normalized expected='Female', Normalized actual='Female'
2025-08-23 12:05:58 [main] INFO  AssertFormData - ✅ [Gender] matched: 'Female'
2025-08-23 12:05:58 [main] INFO  AssertFormData - 🔍 [City] Raw expected='Merrut', Raw actual='Merrut'
2025-08-23 12:05:58 [main] INFO  AssertFormData - 🔧 [City] Normalized expected='Merrut', Normalized actual='Merrut'
2025-08-23 12:05:58 [main] INFO  AssertFormData - ✅ [City] matched: 'Merrut'
2025-08-23 12:05:58 [main] INFO  AssertFormData - 🔍 [Last Name] Raw expected='Femina', Raw actual='Femina'
2025-08-23 12:05:58 [main] INFO  AssertFormData - 🔧 [Last Name] Normalized expected='Femina', Normalized actual='Femina'
2025-08-23 12:05:58 [main] INFO  AssertFormData - ✅ [Last Name] matched: 'Femina'
2025-08-23 12:05:58 [main] INFO  AssertFormData - 🔍 [Mobile] Raw expected='1888343432', Raw actual='1888343432'
2025-08-23 12:05:58 [main] INFO  AssertFormData - 🔧 [Mobile] Normalized expected='1888343432', Normalized actual='1888343432'
2025-08-23 12:05:58 [main] INFO  AssertFormData - ✅ [Mobile] matched: '1888343432'
2025-08-23 12:05:58 [main] INFO  AssertFormData - 🔍 [Hobbies] Raw expected='Music,Reading', Raw actual='Music, Reading'
2025-08-23 12:05:58 [main] INFO  AssertFormData - 🔧 [Hobbies] Normalized expected='Music,Reading', Normalized actual='Music,Reading'
2025-08-23 12:05:58 [main] INFO  AssertFormData - ✅ [Hobbies] matched: 'Music,Reading'
2025-08-23 12:05:58 [main] INFO  AssertFormData - 🔍 [Subject] Raw expected='Accounting', Raw actual='Accounting'
2025-08-23 12:05:58 [main] INFO  AssertFormData - 🔧 [Subject] Normalized expected='Accounting', Normalized actual='Accounting'
2025-08-23 12:05:58 [main] INFO  AssertFormData - ✅ [Subject] matched: 'Accounting'
2025-08-23 12:05:58 [main] INFO  demoqaBase - Test Form Filling Completed for: Gene Femina
]]></system-out>
  </testcase>
  <testcase name="fillForm[UserFormData{firstName=&apos;Bud&apos;, lastName=&apos;Wisem&apos;, userMail=&apos;BWisem@demoqa.com&apos;, gender=&apos;Other&apos;, mobile=&apos;8.932465432E9&apos;, dob=&apos;31-12-1999&apos;, subject=&apos;Biology&apos;, hobbies=&apos;Reading&apos;, picturePath=&apos;/TestData/Ophoto.jpg&apos;, address=&apos;513 Grant 481, Prattsville\n Arkansas 72129\n United States&apos;, state=&apos;Haryana&apos;, city=&apos;Panipat&apos;}](3)" classname="tests.FormTests" time="7.306">
    <system-out><![CDATA[Path for Screenshot is: C:\ASN\eclipse_workspace\demoqa-automation/screenshots/fillForm Passed+2025-08-23_12-05-58.png
2025-08-23 12:05:58 [main] INFO  demoqaBase - Closing the Browser...
2025-08-23 12:05:59 [main] INFO  demoqaBase - Starting Web Browser...
2025-08-23 12:06:00 [main] INFO  demoqaBase - Navigating to demoqa.com Website
2025-08-23 12:06:05 [main] INFO  RetryUrlAccess - Successfully navigated to: https://demoqa.com
2025-08-23 12:06:05 [main] INFO  demoqaBase - Starting Form Filling Test...
2025-08-23 12:06:06 [main] INFO  RetryUrlAccess - Successfully navigated to: https://demoqa.com
2025-08-23 12:06:06 [main] INFO  demoqaBase - Accessing Form Card...
2025-08-23 12:06:07 [main] INFO  RetryUrlAccess - Successfully navigated to: https://demoqa.com
2025-08-23 12:06:07 [main] INFO  demoqaLog - Clicking on Form Card...
2025-08-23 12:06:07 [main] INFO  demoqaLog - Clicked on Forms Card...
Page Text is: Please select an item from left to start practice.
2025-08-23 12:06:07 [main] INFO  demoqaBase - Clicking on Practice Form...
2025-08-23 12:06:07 [main] INFO  demoqaBase - Clicked on Practice Form...
2025-08-23 12:06:07 [main] INFO  demoqaBase - Filling form for: Bud Wisem
2025-08-23 12:06:07 [main] INFO  demoqaBase - Entering First Name...
2025-08-23 12:06:08 [main] INFO  demoqaBase - Entered First Name: Bud
Selected gender: Other
📅 Parsed DOB: 1999-12-31
📅 Parsed DOB: 1999-12-31
📥 Received DOB: 31-12-1999
📅 Normalized DOB: 31-12-1999
✅ Date selected: 31-12-1999
2025-08-23 12:06:09 [main] INFO  demoqaBase - Typed full subject: Biology
Typing subject: Biology
Dropdown Option: Biology
Selected: Biology
Selected hobby: reading
Uploaded photo: C:\ASN\eclipse_workspace\demoqa-automation//TestData/Ophoto.jpg
513 Grant 481, Prattsville
 Arkansas 72129
 United States
2025-08-23 12:06:10 [main] INFO  demoqaBase - Entering Address...
2025-08-23 12:06:10 [main] INFO  demoqaBase - Entered Address...
2025-08-23 12:06:10 [main] INFO  demoqaBase - Selecting State: Haryana
Available state option: NCR
Available state option: Uttar Pradesh
Available state option: Haryana
2025-08-23 12:06:10 [main] INFO  demoqaBase - Selected State: Haryana
2025-08-23 12:06:10 [main] INFO  demoqaBase - Selecting City: Panipat
Available city: Karnal
Available city: Panipat
2025-08-23 12:06:11 [main] INFO  demoqaBase - Selected City: Panipat
2025-08-23 12:06:11 [main] INFO  demoqaBase - Submitting Form...
2025-08-23 12:06:12 [main] INFO  demoqaBase - Form Submitted via normal click...
2025-08-23 12:06:12 [main] INFO  ConfirmationTableParser - 📋 Parsed [First Name] = 'Bud', [Last Name] = 'Wisem'
2025-08-23 12:06:12 [main] INFO  ConfirmationTableParser - 📋 Parsed [Email] = 'BWisem@demoqa.com'
2025-08-23 12:06:12 [main] INFO  ConfirmationTableParser - 📋 Parsed [Gender] = 'Other'
2025-08-23 12:06:12 [main] INFO  ConfirmationTableParser - 📋 Parsed [Mobile] = '8932465432'
2025-08-23 12:06:12 [main] INFO  ConfirmationTableParser - 📋 Parsed [DOB] = '31 December,1999'
2025-08-23 12:06:12 [main] INFO  ConfirmationTableParser - 📋 Parsed [Subject] = 'Biology'
2025-08-23 12:06:12 [main] INFO  ConfirmationTableParser - 📋 Parsed [Hobbies] = 'Reading'
2025-08-23 12:06:13 [main] INFO  ConfirmationTableParser - 📋 Parsed [Picture] = 'Ophoto.jpg'
2025-08-23 12:06:13 [main] INFO  ConfirmationTableParser - 📋 Parsed [Address] = '513 Grant 481, Prattsville Arkansas 72129 United States'
2025-08-23 12:06:13 [main] INFO  ConfirmationTableParser - 📋 Parsed [State] = 'Haryana', [City] = 'Panipat'
2025-08-23 12:06:13 [main] INFO  demoqaBase - 🧪 Starting confirmation assertion for user: Bud
2025-08-23 12:06:13 [main] INFO  AssertFormData - 🔍 [Email] Raw expected='BWisem@demoqa.com', Raw actual='BWisem@demoqa.com'
2025-08-23 12:06:13 [main] INFO  AssertFormData - 🔧 [Email] Normalized expected='BWisem@demoqa.com', Normalized actual='BWisem@demoqa.com'
2025-08-23 12:06:13 [main] INFO  AssertFormData - ✅ [Email] matched: 'BWisem@demoqa.com'
2025-08-23 12:06:13 [main] INFO  AssertFormData - 🔍 [Address] Raw expected='513 Grant 481, Prattsville\n Arkansas 72129\n United States', Raw actual='513 Grant 481, Prattsville Arkansas 72129 United States'
2025-08-23 12:06:13 [main] INFO  AssertFormData - 🔧 [Address] Normalized expected='513 Grant 481, Prattsville Arkansas 72129 United States', Normalized actual='513 Grant 481, Prattsville Arkansas 72129 United States'
2025-08-23 12:06:13 [main] INFO  AssertFormData - ✅ [Address] matched: '513 Grant 481, Prattsville Arkansas 72129 United States'
2025-08-23 12:06:13 [main] INFO  AssertFormData - 🔍 [DOB] Raw expected='31-12-1999', Raw actual='31 December,1999'
2025-08-23 12:06:13 [main] INFO  AssertFormData - 🔧 [DOB] Normalized expected='31-12-1999', Normalized actual='31-12-1999'
2025-08-23 12:06:13 [main] INFO  AssertFormData - ✅ [DOB] matched: '31-12-1999'
2025-08-23 12:06:13 [main] INFO  AssertFormData - 🔍 [Picture] Raw expected='Ophoto.jpg', Raw actual='Ophoto.jpg'
2025-08-23 12:06:13 [main] INFO  AssertFormData - 🔧 [Picture] Normalized expected='Ophoto.jpg', Normalized actual='Ophoto.jpg'
2025-08-23 12:06:13 [main] INFO  AssertFormData - ✅ [Picture] matched: 'Ophoto.jpg'
2025-08-23 12:06:13 [main] INFO  AssertFormData - 🔍 [State] Raw expected='Haryana', Raw actual='Haryana'
2025-08-23 12:06:13 [main] INFO  AssertFormData - 🔧 [State] Normalized expected='Haryana', Normalized actual='Haryana'
2025-08-23 12:06:13 [main] INFO  AssertFormData - ✅ [State] matched: 'Haryana'
2025-08-23 12:06:13 [main] INFO  AssertFormData - 🔍 [First Name] Raw expected='Bud', Raw actual='Bud'
2025-08-23 12:06:13 [main] INFO  AssertFormData - 🔧 [First Name] Normalized expected='Bud', Normalized actual='Bud'
2025-08-23 12:06:13 [main] INFO  AssertFormData - ✅ [First Name] matched: 'Bud'
2025-08-23 12:06:13 [main] INFO  AssertFormData - 🔍 [Gender] Raw expected='Other', Raw actual='Other'
2025-08-23 12:06:13 [main] INFO  AssertFormData - 🔧 [Gender] Normalized expected='Other', Normalized actual='Other'
2025-08-23 12:06:13 [main] INFO  AssertFormData - ✅ [Gender] matched: 'Other'
2025-08-23 12:06:13 [main] INFO  AssertFormData - 🔍 [City] Raw expected='Panipat', Raw actual='Panipat'
2025-08-23 12:06:13 [main] INFO  AssertFormData - 🔧 [City] Normalized expected='Panipat', Normalized actual='Panipat'
2025-08-23 12:06:13 [main] INFO  AssertFormData - ✅ [City] matched: 'Panipat'
2025-08-23 12:06:13 [main] INFO  AssertFormData - 🔍 [Last Name] Raw expected='Wisem', Raw actual='Wisem'
2025-08-23 12:06:13 [main] INFO  AssertFormData - 🔧 [Last Name] Normalized expected='Wisem', Normalized actual='Wisem'
2025-08-23 12:06:13 [main] INFO  AssertFormData - ✅ [Last Name] matched: 'Wisem'
2025-08-23 12:06:13 [main] INFO  AssertFormData - 🔍 [Mobile] Raw expected='8932465432', Raw actual='8932465432'
2025-08-23 12:06:13 [main] INFO  AssertFormData - 🔧 [Mobile] Normalized expected='8932465432', Normalized actual='8932465432'
2025-08-23 12:06:13 [main] INFO  AssertFormData - ✅ [Mobile] matched: '8932465432'
2025-08-23 12:06:13 [main] INFO  AssertFormData - 🔍 [Hobbies] Raw expected='Reading', Raw actual='Reading'
2025-08-23 12:06:13 [main] INFO  AssertFormData - 🔧 [Hobbies] Normalized expected='Reading', Normalized actual='Reading'
2025-08-23 12:06:13 [main] INFO  AssertFormData - ✅ [Hobbies] matched: 'Reading'
2025-08-23 12:06:13 [main] INFO  AssertFormData - 🔍 [Subject] Raw expected='Biology', Raw actual='Biology'
2025-08-23 12:06:13 [main] INFO  AssertFormData - 🔧 [Subject] Normalized expected='Biology', Normalized actual='Biology'
2025-08-23 12:06:13 [main] INFO  AssertFormData - ✅ [Subject] matched: 'Biology'
2025-08-23 12:06:13 [main] INFO  demoqaBase - Test Form Filling Completed for: Bud Wisem
]]></system-out>
  </testcase>
  <testcase name="fillForm[UserFormData{firstName=&apos;Tom&apos;, lastName=&apos;Boss&apos;, userMail=&apos;TBoss@demoqa.com&apos;, gender=&apos;Male&apos;, mobile=&apos;7.839875281E9&apos;, dob=&apos;26-01-2003&apos;, subject=&apos;Social Studies&apos;, hobbies=&apos;Sports,Reading&apos;, picturePath=&apos;/TestData/M2photo.jpg&apos;, address=&apos;514 Grant 481, Prattsville\n Arkansas 72129\n United States&apos;, state=&apos;Rajasthan&apos;, city=&apos;Jaiselmer&apos;}](4)" classname="tests.FormTests" time="8.72">
    <system-out><![CDATA[Path for Screenshot is: C:\ASN\eclipse_workspace\demoqa-automation/screenshots/fillForm Passed+2025-08-23_12-06-13.png
2025-08-23 12:06:13 [main] INFO  demoqaBase - Closing the Browser...
2025-08-23 12:06:13 [main] INFO  demoqaBase - Starting Web Browser...
2025-08-23 12:06:15 [main] INFO  demoqaBase - Navigating to demoqa.com Website
2025-08-23 12:06:20 [main] INFO  RetryUrlAccess - Successfully navigated to: https://demoqa.com
2025-08-23 12:06:20 [main] INFO  demoqaBase - Starting Form Filling Test...
2025-08-23 12:06:21 [main] INFO  RetryUrlAccess - Successfully navigated to: https://demoqa.com
2025-08-23 12:06:21 [main] INFO  demoqaBase - Accessing Form Card...
2025-08-23 12:06:21 [main] INFO  RetryUrlAccess - Successfully navigated to: https://demoqa.com
2025-08-23 12:06:21 [main] INFO  demoqaLog - Clicking on Form Card...
2025-08-23 12:06:22 [main] INFO  demoqaLog - Clicked on Forms Card...
Page Text is: Please select an item from left to start practice.
2025-08-23 12:06:22 [main] INFO  demoqaBase - Clicking on Practice Form...
2025-08-23 12:06:22 [main] INFO  demoqaBase - Clicked on Practice Form...
2025-08-23 12:06:22 [main] INFO  demoqaBase - Filling form for: Tom Boss
2025-08-23 12:06:22 [main] INFO  demoqaBase - Entering First Name...
2025-08-23 12:06:22 [main] INFO  demoqaBase - Entered First Name: Tom
Selected gender: Male
📅 Parsed DOB: 2003-01-26
📅 Parsed DOB: 2003-01-26
📥 Received DOB: 26-01-2003
📅 Normalized DOB: 26-01-2003
✅ Date selected: 26-01-2003
2025-08-23 12:06:24 [main] INFO  demoqaBase - Typed full subject: Social Studies
Typing subject: Social Studies
Dropdown Option: Social Studies
Selected: Social Studies
Selected hobby: sports
Selected hobby: reading
Uploaded photo: C:\ASN\eclipse_workspace\demoqa-automation//TestData/M2photo.jpg
514 Grant 481, Prattsville
 Arkansas 72129
 United States
2025-08-23 12:06:26 [main] INFO  demoqaBase - Entering Address...
2025-08-23 12:06:26 [main] INFO  demoqaBase - Entered Address...
2025-08-23 12:06:26 [main] INFO  demoqaBase - Selecting State: Rajasthan
Available state option: NCR
Available state option: Uttar Pradesh
Available state option: Haryana
Available state option: Rajasthan
2025-08-23 12:06:27 [main] INFO  demoqaBase - Selected State: Rajasthan
2025-08-23 12:06:27 [main] INFO  demoqaBase - Selecting City: Jaiselmer
Available city: Jaipur
Available city: Jaiselmer
2025-08-23 12:06:27 [main] INFO  demoqaBase - Selected City: Jaiselmer
2025-08-23 12:06:27 [main] INFO  demoqaBase - Submitting Form...
2025-08-23 12:06:28 [main] INFO  demoqaBase - Form Submitted via normal click...
2025-08-23 12:06:28 [main] INFO  ConfirmationTableParser - 📋 Parsed [First Name] = 'Tom', [Last Name] = 'Boss'
2025-08-23 12:06:28 [main] INFO  ConfirmationTableParser - 📋 Parsed [Email] = 'TBoss@demoqa.com'
2025-08-23 12:06:28 [main] INFO  ConfirmationTableParser - 📋 Parsed [Gender] = 'Male'
2025-08-23 12:06:28 [main] INFO  ConfirmationTableParser - 📋 Parsed [Mobile] = '7839875281'
2025-08-23 12:06:28 [main] INFO  ConfirmationTableParser - 📋 Parsed [DOB] = '26 January,2003'
2025-08-23 12:06:29 [main] INFO  ConfirmationTableParser - 📋 Parsed [Subject] = 'Social Studies'
2025-08-23 12:06:29 [main] INFO  ConfirmationTableParser - 📋 Parsed [Hobbies] = 'Sports, Reading'
2025-08-23 12:06:29 [main] INFO  ConfirmationTableParser - 📋 Parsed [Picture] = 'M2photo.jpg'
2025-08-23 12:06:29 [main] INFO  ConfirmationTableParser - 📋 Parsed [Address] = '514 Grant 481, Prattsville Arkansas 72129 United States'
2025-08-23 12:06:29 [main] INFO  ConfirmationTableParser - 📋 Parsed [State] = 'Rajasthan', [City] = 'Jaiselmer'
2025-08-23 12:06:29 [main] INFO  demoqaBase - 🧪 Starting confirmation assertion for user: Tom
2025-08-23 12:06:29 [main] INFO  AssertFormData - 🔍 [Email] Raw expected='TBoss@demoqa.com', Raw actual='TBoss@demoqa.com'
2025-08-23 12:06:29 [main] INFO  AssertFormData - 🔧 [Email] Normalized expected='TBoss@demoqa.com', Normalized actual='TBoss@demoqa.com'
2025-08-23 12:06:29 [main] INFO  AssertFormData - ✅ [Email] matched: 'TBoss@demoqa.com'
2025-08-23 12:06:29 [main] INFO  AssertFormData - 🔍 [Address] Raw expected='514 Grant 481, Prattsville\n Arkansas 72129\n United States', Raw actual='514 Grant 481, Prattsville Arkansas 72129 United States'
2025-08-23 12:06:29 [main] INFO  AssertFormData - 🔧 [Address] Normalized expected='514 Grant 481, Prattsville Arkansas 72129 United States', Normalized actual='514 Grant 481, Prattsville Arkansas 72129 United States'
2025-08-23 12:06:29 [main] INFO  AssertFormData - ✅ [Address] matched: '514 Grant 481, Prattsville Arkansas 72129 United States'
2025-08-23 12:06:29 [main] INFO  AssertFormData - 🔍 [DOB] Raw expected='26-01-2003', Raw actual='26 January,2003'
2025-08-23 12:06:29 [main] INFO  AssertFormData - 🔧 [DOB] Normalized expected='26-01-2003', Normalized actual='26-01-2003'
2025-08-23 12:06:29 [main] INFO  AssertFormData - ✅ [DOB] matched: '26-01-2003'
2025-08-23 12:06:29 [main] INFO  AssertFormData - 🔍 [Picture] Raw expected='M2photo.jpg', Raw actual='M2photo.jpg'
2025-08-23 12:06:29 [main] INFO  AssertFormData - 🔧 [Picture] Normalized expected='M2photo.jpg', Normalized actual='M2photo.jpg'
2025-08-23 12:06:29 [main] INFO  AssertFormData - ✅ [Picture] matched: 'M2photo.jpg'
2025-08-23 12:06:29 [main] INFO  AssertFormData - 🔍 [State] Raw expected='Rajasthan', Raw actual='Rajasthan'
2025-08-23 12:06:29 [main] INFO  AssertFormData - 🔧 [State] Normalized expected='Rajasthan', Normalized actual='Rajasthan'
2025-08-23 12:06:29 [main] INFO  AssertFormData - ✅ [State] matched: 'Rajasthan'
2025-08-23 12:06:29 [main] INFO  AssertFormData - 🔍 [First Name] Raw expected='Tom', Raw actual='Tom'
2025-08-23 12:06:29 [main] INFO  AssertFormData - 🔧 [First Name] Normalized expected='Tom', Normalized actual='Tom'
2025-08-23 12:06:29 [main] INFO  AssertFormData - ✅ [First Name] matched: 'Tom'
2025-08-23 12:06:29 [main] INFO  AssertFormData - 🔍 [Gender] Raw expected='Male', Raw actual='Male'
2025-08-23 12:06:29 [main] INFO  AssertFormData - 🔧 [Gender] Normalized expected='Male', Normalized actual='Male'
2025-08-23 12:06:29 [main] INFO  AssertFormData - ✅ [Gender] matched: 'Male'
2025-08-23 12:06:29 [main] INFO  AssertFormData - 🔍 [City] Raw expected='Jaiselmer', Raw actual='Jaiselmer'
2025-08-23 12:06:29 [main] INFO  AssertFormData - 🔧 [City] Normalized expected='Jaiselmer', Normalized actual='Jaiselmer'
2025-08-23 12:06:29 [main] INFO  AssertFormData - ✅ [City] matched: 'Jaiselmer'
2025-08-23 12:06:29 [main] INFO  AssertFormData - 🔍 [Last Name] Raw expected='Boss', Raw actual='Boss'
2025-08-23 12:06:29 [main] INFO  AssertFormData - 🔧 [Last Name] Normalized expected='Boss', Normalized actual='Boss'
2025-08-23 12:06:29 [main] INFO  AssertFormData - ✅ [Last Name] matched: 'Boss'
2025-08-23 12:06:29 [main] INFO  AssertFormData - 🔍 [Mobile] Raw expected='7839875281', Raw actual='7839875281'
2025-08-23 12:06:29 [main] INFO  AssertFormData - 🔧 [Mobile] Normalized expected='7839875281', Normalized actual='7839875281'
2025-08-23 12:06:29 [main] INFO  AssertFormData - ✅ [Mobile] matched: '7839875281'
2025-08-23 12:06:29 [main] INFO  AssertFormData - 🔍 [Hobbies] Raw expected='Sports,Reading', Raw actual='Sports, Reading'
2025-08-23 12:06:29 [main] INFO  AssertFormData - 🔧 [Hobbies] Normalized expected='Sports,Reading', Normalized actual='Sports,Reading'
2025-08-23 12:06:29 [main] INFO  AssertFormData - ✅ [Hobbies] matched: 'Sports,Reading'
2025-08-23 12:06:29 [main] INFO  AssertFormData - 🔍 [Subject] Raw expected='Social Studies', Raw actual='Social Studies'
2025-08-23 12:06:29 [main] INFO  AssertFormData - 🔧 [Subject] Normalized expected='Social Studies', Normalized actual='Social Studies'
2025-08-23 12:06:29 [main] INFO  AssertFormData - ✅ [Subject] matched: 'Social Studies'
2025-08-23 12:06:29 [main] INFO  demoqaBase - Test Form Filling Completed for: Tom Boss
]]></system-out>
  </testcase>
</testsuite>