<?xml version="1.0" encoding="UTF-8"?>
<testng-results ignored="0" total="12" passed="12" failed="0" skipped="0">
  <reporter-output>
  </reporter-output>
  <suite started-at="2025-07-28T12:41:56 IST" name="Surefire suite" finished-at="2025-07-28T12:43:52 IST" duration-ms="115261">
    <groups>
    </groups>
    <test started-at="2025-07-28T12:41:56 IST" name="Surefire test" finished-at="2025-07-28T12:43:52 IST" duration-ms="115261">
      <class name="tests.FormTests">
        <test-method is-config="true" signature="setUP()[pri:0, instance:tests.FormTests@39529185]" started-at="2025-07-28T12:42:56 IST" name="setUP" finished-at="2025-07-28T12:43:00 IST" duration-ms="4874" status="PASS">
          <reporter-output>
          </reporter-output>
        </test-method> <!-- setUP -->
        <test-method signature="FormCard()[pri:1, instance:tests.FormTests@39529185]" started-at="2025-07-28T12:43:00 IST" name="FormCard" finished-at="2025-07-28T12:43:01 IST" duration-ms="349" status="PASS">
          <reporter-output>
          </reporter-output>
        </test-method> <!-- FormCard -->
        <test-method is-config="true" signature="TearDown(org.testng.ITestResult)[pri:0, instance:tests.FormTests@39529185]" started-at="2025-07-28T12:43:01 IST" name="TearDown" finished-at="2025-07-28T12:43:01 IST" duration-ms="226" status="PASS">
          <params>
            <param index="0">
              <value>
                <![CDATA[[TestResult name=FormCard status=SUCCESS method=FormTests.FormCard()[pri:1, instance:tests.FormTests@39529185] output={null}]]]>
              </value>
            </param>
          </params>
          <reporter-output>
          </reporter-output>
        </test-method> <!-- TearDown -->
        <test-method is-config="true" signature="setUP()[pri:0, instance:tests.FormTests@39529185]" started-at="2025-07-28T12:43:02 IST" name="setUP" finished-at="2025-07-28T12:43:09 IST" duration-ms="7677" status="PASS">
          <reporter-output>
          </reporter-output>
        </test-method> <!-- setUP -->
        <test-method signature="fillForm(models.UserFormData)[pri:2, instance:tests.FormTests@39529185]" started-at="2025-07-28T12:43:09 IST" name="fillForm" data-provider="UserFormData1" finished-at="2025-07-28T12:43:13 IST" duration-ms="3900" status="PASS">
          <params>
            <param index="0">
              <value>
                <![CDATA[models.UserFormData@1b4872bc]]>
              </value>
            </param>
          </params>
          <reporter-output>
          </reporter-output>
        </test-method> <!-- fillForm -->
        <test-method is-config="true" signature="TearDown(org.testng.ITestResult)[pri:0, instance:tests.FormTests@39529185]" started-at="2025-07-28T12:43:13 IST" name="TearDown" finished-at="2025-07-28T12:43:15 IST" duration-ms="2095" status="PASS">
          <params>
            <param index="0">
              <value>
                <![CDATA[[TestResult name=fillForm status=SUCCESS method=FormTests.fillForm(models.UserFormData)[pri:2, instance:tests.FormTests@39529185] output={null}]]]>
              </value>
            </param>
          </params>
          <reporter-output>
          </reporter-output>
        </test-method> <!-- TearDown -->
        <test-method is-config="true" signature="setUP()[pri:0, instance:tests.FormTests@39529185]" started-at="2025-07-28T12:43:15 IST" name="setUP" finished-at="2025-07-28T12:43:21 IST" duration-ms="5320" status="PASS">
          <reporter-output>
          </reporter-output>
        </test-method> <!-- setUP -->
        <test-method signature="fillForm(models.UserFormData)[pri:2, instance:tests.FormTests@39529185]" started-at="2025-07-28T12:43:21 IST" name="fillForm" data-provider="UserFormData1" finished-at="2025-07-28T12:43:26 IST" duration-ms="5027" status="PASS">
          <params>
            <param index="0">
              <value>
                <![CDATA[models.UserFormData@61da0413]]>
              </value>
            </param>
          </params>
          <reporter-output>
          </reporter-output>
        </test-method> <!-- fillForm -->
        <test-method is-config="true" signature="TearDown(org.testng.ITestResult)[pri:0, instance:tests.FormTests@39529185]" started-at="2025-07-28T12:43:26 IST" name="TearDown" finished-at="2025-07-28T12:43:26 IST" duration-ms="509" status="PASS">
          <params>
            <param index="0">
              <value>
                <![CDATA[[TestResult name=fillForm status=SUCCESS method=FormTests.fillForm(models.UserFormData)[pri:2, instance:tests.FormTests@39529185] output={null}]]]>
              </value>
            </param>
          </params>
          <reporter-output>
          </reporter-output>
        </test-method> <!-- TearDown -->
        <test-method is-config="true" signature="setUP()[pri:0, instance:tests.FormTests@39529185]" started-at="2025-07-28T12:43:26 IST" name="setUP" finished-at="2025-07-28T12:43:31 IST" duration-ms="4988" status="PASS">
          <reporter-output>
          </reporter-output>
        </test-method> <!-- setUP -->
        <test-method signature="fillForm(models.UserFormData)[pri:2, instance:tests.FormTests@39529185]" started-at="2025-07-28T12:43:31 IST" name="fillForm" data-provider="UserFormData1" finished-at="2025-07-28T12:43:35 IST" duration-ms="4161" status="PASS">
          <params>
            <param index="0">
              <value>
                <![CDATA[models.UserFormData@505d2bac]]>
              </value>
            </param>
          </params>
          <reporter-output>
          </reporter-output>
        </test-method> <!-- fillForm -->
        <test-method is-config="true" signature="TearDown(org.testng.ITestResult)[pri:0, instance:tests.FormTests@39529185]" started-at="2025-07-28T12:43:35 IST" name="TearDown" finished-at="2025-07-28T12:43:36 IST" duration-ms="593" status="PASS">
          <params>
            <param index="0">
              <value>
                <![CDATA[[TestResult name=fillForm status=SUCCESS method=FormTests.fillForm(models.UserFormData)[pri:2, instance:tests.FormTests@39529185] output={null}]]]>
              </value>
            </param>
          </params>
          <reporter-output>
          </reporter-output>
        </test-method> <!-- TearDown -->
        <test-method is-config="true" signature="setUP()[pri:0, instance:tests.FormTests@39529185]" started-at="2025-07-28T12:43:36 IST" name="setUP" finished-at="2025-07-28T12:43:47 IST" duration-ms="10705" status="PASS">
          <reporter-output>
          </reporter-output>
        </test-method> <!-- setUP -->
        <test-method signature="fillForm(models.UserFormData)[pri:2, instance:tests.FormTests@39529185]" started-at="2025-07-28T12:43:47 IST" name="fillForm" data-provider="UserFormData1" finished-at="2025-07-28T12:43:51 IST" duration-ms="4195" status="PASS">
          <params>
            <param index="0">
              <value>
                <![CDATA[models.UserFormData@16cf7fd0]]>
              </value>
            </param>
          </params>
          <reporter-output>
          </reporter-output>
        </test-method> <!-- fillForm -->
        <test-method is-config="true" signature="TearDown(org.testng.ITestResult)[pri:0, instance:tests.FormTests@39529185]" started-at="2025-07-28T12:43:51 IST" name="TearDown" finished-at="2025-07-28T12:43:52 IST" duration-ms="815" status="PASS">
          <params>
            <param index="0">
              <value>
                <![CDATA[[TestResult name=fillForm status=SUCCESS method=FormTests.fillForm(models.UserFormData)[pri:2, instance:tests.FormTests@39529185] output={null}]]]>
              </value>
            </param>
          </params>
          <reporter-output>
          </reporter-output>
        </test-method> <!-- TearDown -->
      </class> <!-- tests.FormTests -->
      <class name="tests.ElementsTests">
        <test-method is-config="true" signature="setUP()[pri:0, instance:tests.ElementsTests@2145b572]" started-at="2025-07-28T12:42:03 IST" name="setUP" finished-at="2025-07-28T12:42:09 IST" duration-ms="5542" status="PASS">
          <reporter-output>
          </reporter-output>
        </test-method> <!-- setUP -->
        <test-method signature="ElementsCard()[pri:1, instance:tests.ElementsTests@2145b572]" started-at="2025-07-28T12:42:09 IST" name="ElementsCard" finished-at="2025-07-28T12:42:09 IST" duration-ms="215" status="PASS">
          <reporter-output>
          </reporter-output>
        </test-method> <!-- ElementsCard -->
        <test-method is-config="true" signature="TearDown(org.testng.ITestResult)[pri:0, instance:tests.ElementsTests@2145b572]" started-at="2025-07-28T12:42:09 IST" name="TearDown" finished-at="2025-07-28T12:42:09 IST" duration-ms="187" status="PASS">
          <params>
            <param index="0">
              <value>
                <![CDATA[[TestResult name=ElementsCard status=SUCCESS method=ElementsTests.ElementsCard()[pri:1, instance:tests.ElementsTests@2145b572] output={null}]]]>
              </value>
            </param>
          </params>
          <reporter-output>
          </reporter-output>
        </test-method> <!-- TearDown -->
        <test-method is-config="true" signature="setUP()[pri:0, instance:tests.ElementsTests@2145b572]" started-at="2025-07-28T12:42:09 IST" name="setUP" finished-at="2025-07-28T12:42:14 IST" duration-ms="4909" status="PASS">
          <reporter-output>
          </reporter-output>
        </test-method> <!-- setUP -->
        <test-method signature="TextBox()[pri:2, instance:tests.ElementsTests@2145b572]" started-at="2025-07-28T12:42:14 IST" name="TextBox" finished-at="2025-07-28T12:42:16 IST" duration-ms="1916" status="PASS">
          <reporter-output>
          </reporter-output>
        </test-method> <!-- TextBox -->
        <test-method is-config="true" signature="TearDown(org.testng.ITestResult)[pri:0, instance:tests.ElementsTests@2145b572]" started-at="2025-07-28T12:42:16 IST" name="TearDown" finished-at="2025-07-28T12:42:17 IST" duration-ms="441" status="PASS">
          <params>
            <param index="0">
              <value>
                <![CDATA[[TestResult name=TextBox status=SUCCESS method=ElementsTests.TextBox()[pri:2, instance:tests.ElementsTests@2145b572] output={null}]]]>
              </value>
            </param>
          </params>
          <reporter-output>
          </reporter-output>
        </test-method> <!-- TearDown -->
        <test-method is-config="true" signature="setUP()[pri:0, instance:tests.ElementsTests@2145b572]" started-at="2025-07-28T12:42:17 IST" name="setUP" finished-at="2025-07-28T12:42:22 IST" duration-ms="5301" status="PASS">
          <reporter-output>
          </reporter-output>
        </test-method> <!-- setUP -->
        <test-method signature="CheckBox()[pri:3, instance:tests.ElementsTests@2145b572]" started-at="2025-07-28T12:42:22 IST" name="CheckBox" finished-at="2025-07-28T12:42:22 IST" duration-ms="351" status="PASS">
          <reporter-output>
          </reporter-output>
        </test-method> <!-- CheckBox -->
        <test-method is-config="true" signature="TearDown(org.testng.ITestResult)[pri:0, instance:tests.ElementsTests@2145b572]" started-at="2025-07-28T12:42:22 IST" name="TearDown" finished-at="2025-07-28T12:42:22 IST" duration-ms="170" status="PASS">
          <params>
            <param index="0">
              <value>
                <![CDATA[[TestResult name=CheckBox status=SUCCESS method=ElementsTests.CheckBox()[pri:3, instance:tests.ElementsTests@2145b572] output={null}]]]>
              </value>
            </param>
          </params>
          <reporter-output>
          </reporter-output>
        </test-method> <!-- TearDown -->
        <test-method is-config="true" signature="setUP()[pri:0, instance:tests.ElementsTests@2145b572]" started-at="2025-07-28T12:42:22 IST" name="setUP" finished-at="2025-07-28T12:42:35 IST" duration-ms="12490" status="PASS">
          <reporter-output>
          </reporter-output>
        </test-method> <!-- setUP -->
        <test-method signature="SelectingHomeCheckBox()[pri:4, instance:tests.ElementsTests@2145b572]" started-at="2025-07-28T12:42:35 IST" name="SelectingHomeCheckBox" finished-at="2025-07-28T12:42:35 IST" duration-ms="448" status="PASS">
          <reporter-output>
          </reporter-output>
        </test-method> <!-- SelectingHomeCheckBox -->
        <test-method is-config="true" signature="TearDown(org.testng.ITestResult)[pri:0, instance:tests.ElementsTests@2145b572]" started-at="2025-07-28T12:42:35 IST" name="TearDown" finished-at="2025-07-28T12:42:36 IST" duration-ms="171" status="PASS">
          <params>
            <param index="0">
              <value>
                <![CDATA[[TestResult name=SelectingHomeCheckBox status=SUCCESS method=ElementsTests.SelectingHomeCheckBox()[pri:4, instance:tests.ElementsTests@2145b572] output={null}]]]>
              </value>
            </param>
          </params>
          <reporter-output>
          </reporter-output>
        </test-method> <!-- TearDown -->
        <test-method is-config="true" signature="setUP()[pri:0, instance:tests.ElementsTests@2145b572]" started-at="2025-07-28T12:42:36 IST" name="setUP" finished-at="2025-07-28T12:42:49 IST" duration-ms="13258" status="PASS">
          <reporter-output>
          </reporter-output>
        </test-method> <!-- setUP -->
        <test-method signature="SelectingDesktopCheckBox()[pri:5, instance:tests.ElementsTests@2145b572]" started-at="2025-07-28T12:42:49 IST" name="SelectingDesktopCheckBox" finished-at="2025-07-28T12:42:49 IST" duration-ms="592" status="PASS">
          <reporter-output>
          </reporter-output>
        </test-method> <!-- SelectingDesktopCheckBox -->
        <test-method is-config="true" signature="TearDown(org.testng.ITestResult)[pri:0, instance:tests.ElementsTests@2145b572]" started-at="2025-07-28T12:42:49 IST" name="TearDown" finished-at="2025-07-28T12:42:50 IST" duration-ms="199" status="PASS">
          <params>
            <param index="0">
              <value>
                <![CDATA[[TestResult name=SelectingDesktopCheckBox status=SUCCESS method=ElementsTests.SelectingDesktopCheckBox()[pri:5, instance:tests.ElementsTests@2145b572] output={null}]]]>
              </value>
            </param>
          </params>
          <reporter-output>
          </reporter-output>
        </test-method> <!-- TearDown -->
        <test-method is-config="true" signature="setUP()[pri:0, instance:tests.ElementsTests@2145b572]" started-at="2025-07-28T12:42:50 IST" name="setUP" finished-at="2025-07-28T12:42:55 IST" duration-ms="5096" status="PASS">
          <reporter-output>
          </reporter-output>
        </test-method> <!-- setUP -->
        <test-method signature="SelectingNotesCommandsClick()[pri:6, instance:tests.ElementsTests@2145b572]" started-at="2025-07-28T12:42:55 IST" name="SelectingNotesCommandsClick" finished-at="2025-07-28T12:42:55 IST" duration-ms="671" status="PASS">
          <reporter-output>
          </reporter-output>
        </test-method> <!-- SelectingNotesCommandsClick -->
        <test-method is-config="true" signature="TearDown(org.testng.ITestResult)[pri:0, instance:tests.ElementsTests@2145b572]" started-at="2025-07-28T12:42:55 IST" name="TearDown" finished-at="2025-07-28T12:42:56 IST" duration-ms="173" status="PASS">
          <params>
            <param index="0">
              <value>
                <![CDATA[[TestResult name=SelectingNotesCommandsClick status=SUCCESS method=ElementsTests.SelectingNotesCommandsClick()[pri:6, instance:tests.ElementsTests@2145b572] output={null}]]]>
              </value>
            </param>
          </params>
          <reporter-output>
          </reporter-output>
        </test-method> <!-- TearDown -->
      </class> <!-- tests.ElementsTests -->
      <class name="tests.AlertsFramesWindowsTests">
        <test-method is-config="true" signature="setupReport()[pri:0, instance:tests.AlertsFramesWindowsTests@76508ed1]" started-at="2025-07-28T12:41:56 IST" name="setupReport" finished-at="2025-07-28T12:41:56 IST" duration-ms="197" status="PASS">
          <reporter-output>
          </reporter-output>
        </test-method> <!-- setupReport -->
        <test-method is-config="true" signature="setUP()[pri:0, instance:tests.AlertsFramesWindowsTests@76508ed1]" started-at="2025-07-28T12:41:56 IST" name="setUP" finished-at="2025-07-28T12:42:03 IST" duration-ms="6462" status="PASS">
          <reporter-output>
          </reporter-output>
        </test-method> <!-- setUP -->
        <test-method signature="accessAlertsFrameWindows()[pri:1, instance:tests.AlertsFramesWindowsTests@76508ed1]" started-at="2025-07-28T12:42:03 IST" name="accessAlertsFrameWindows" finished-at="2025-07-28T12:42:03 IST" duration-ms="237" status="PASS">
          <reporter-output>
          </reporter-output>
        </test-method> <!-- accessAlertsFrameWindows -->
        <test-method is-config="true" signature="TearDown(org.testng.ITestResult)[pri:0, instance:tests.AlertsFramesWindowsTests@76508ed1]" started-at="2025-07-28T12:42:03 IST" name="TearDown" finished-at="2025-07-28T12:42:03 IST" duration-ms="197" status="PASS">
          <params>
            <param index="0">
              <value>
                <![CDATA[[TestResult name=accessAlertsFrameWindows status=SUCCESS method=AlertsFramesWindowsTests.accessAlertsFrameWindows()[pri:1, instance:tests.AlertsFramesWindowsTests@76508ed1] output={null}]]]>
              </value>
            </param>
          </params>
          <reporter-output>
          </reporter-output>
        </test-method> <!-- TearDown -->
        <test-method is-config="true" signature="teardownReport()[pri:0, instance:tests.AlertsFramesWindowsTests@76508ed1]" started-at="2025-07-28T12:43:52 IST" name="teardownReport" finished-at="2025-07-28T12:43:57 IST" duration-ms="5464" status="PASS">
          <reporter-output>
          </reporter-output>
        </test-method> <!-- teardownReport -->
      </class> <!-- tests.AlertsFramesWindowsTests -->
    </test> <!-- Surefire test -->
  </suite> <!-- Surefire suite -->
</testng-results>
