<?xml version="1.0" encoding="UTF-8"?>
<testsuite xmlns:xsi="http://www.w3.org/2001/XMLSchema-instance" xsi:noNamespaceSchemaLocation="https://maven.apache.org/surefire/maven-surefire-plugin/xsd/surefire-test-report-3.0.xsd" version="3.0" name="TestSuite" time="2357.397" tests="90" errors="0" skipped="0" failures="6">
  <properties>
[...]
</properties>
  <testcase name="accessAlertsFrameWindows" classname="tests.AlertsFramesWindowsTests" time="0.251">
    <system-out><![CDATA[2025-08-25T15:14:03.333177300Z main INFO Starting configuration XmlConfiguration[location=C:\ASN\eclipse_workspace\demoqa-automation\target\classes\log4j2.xml, lastModified=2025-08-05T03:16:47.250Z]...
2025-08-25T15:14:03.340097700Z main INFO Start watching for changes to C:\ASN\eclipse_workspace\demoqa-automation\target\classes\log4j2.xml every 0 seconds
2025-08-25T15:14:03.340097700Z main INFO Configuration XmlConfiguration[location=C:\ASN\eclipse_workspace\demoqa-automation\target\classes\log4j2.xml, lastModified=2025-08-05T03:16:47.250Z] started.
2025-08-25T15:14:03.343400300Z main INFO Stopping configuration org.apache.logging.log4j.core.config.DefaultConfiguration@3c77d488...
2025-08-25T15:14:03.343400300Z main INFO Configuration org.apache.logging.log4j.core.config.DefaultConfiguration@3c77d488 stopped.
2025-08-25 20:44:03 [main] INFO  demoqaBase - Starting Web Browser...
2025-08-25 20:44:05 [main] INFO  demoqaBase - Navigating to demoqa.com Website
2025-08-25 20:44:16 [main] INFO  RetryUrlAccess - Successfully navigated to: https://demoqa.com
2025-08-25 20:44:16 [main] INFO  demoqaBase - Starting Test Alerts, Frames & Windows...
2025-08-25 20:44:16 [main] INFO  demoqaBase - Accessing Alerts, Frame & Windows Card...
Declared Instance WebDriverWait: org.openqa.selenium.support.ui.WebDriverWait@61c76850
2025-08-25 20:44:16 [main] INFO  demoqaLog - Clicking on Alert Frame & Windows Card...
2025-08-25 20:44:16 [main] INFO  demoqaLog - Clicked on on Alert Frame & Windows Card...
Title of this Page is: DEMOQA
You can now access: Alerts, Frame & Windows
2025-08-25 20:44:16 [main] INFO  demoqaBase - Page: Alerts, Frame & Windows Card...
2025-08-25 20:44:16 [main] INFO  demoqaBase -  Alerts, Frames & Windows Test Completed...
]]></system-out>
    <system-err><![CDATA[SLF4J(W): No SLF4J providers were found.
SLF4J(W): Defaulting to no-operation (NOP) logger implementation
SLF4J(W): See https://www.slf4j.org/codes.html#noProviders for further details.
]]></system-err>
  </testcase>
  <testcase name="browserWindows" classname="tests.AlertsFramesWindowsTests" time="0.374">
    <system-out><![CDATA[2025-08-25 20:44:16 [main] INFO  demoqaBase - Closing the Browser...
2025-08-25 20:44:17 [main] INFO  demoqaBase - Starting Web Browser...
2025-08-25 20:44:18 [main] INFO  demoqaBase - Navigating to demoqa.com Website
2025-08-25 20:44:22 [main] INFO  RetryUrlAccess - Successfully navigated to: https://demoqa.com
2025-08-25 20:44:22 [main] INFO  demoqaBase - Starting Test Alerts, Frames & Windows...
2025-08-25 20:44:22 [main] INFO  demoqaBase - Accessing Alerts, Frame & Windows Card...
Declared Instance WebDriverWait: org.openqa.selenium.support.ui.WebDriverWait@5411dd90
2025-08-25 20:44:22 [main] INFO  demoqaLog - Clicking on Alert Frame & Windows Card...
2025-08-25 20:44:23 [main] INFO  demoqaLog - Clicked on on Alert Frame & Windows Card...
Title of this Page is: DEMOQA
You can now access: Alerts, Frame & Windows
2025-08-25 20:44:23 [main] INFO  demoqaBase - Page: Alerts, Frame & Windows Card...
2025-08-25 20:44:23 [main] INFO  demoqaBase - Clicking on Alerts, Frame & Windows Card|Browser Windows...
You are now Accessing: Browser Windows
2025-08-25 20:44:23 [main] INFO  demoqaBase - You are now Accessing: Browser Windows
2025-08-25 20:44:23 [main] INFO  demoqaBase -  Alerts, Frames & Windows|Browser Windows Test Completed...
]]></system-out>
  </testcase>
  <testcase name="browserWindowsNewTab" classname="tests.AlertsFramesWindowsTests" time="1.062">
    <system-out><![CDATA[2025-08-25 20:44:23 [main] INFO  demoqaBase - Closing the Browser...
2025-08-25 20:44:23 [main] INFO  demoqaBase - Starting Web Browser...
2025-08-25 20:44:24 [main] INFO  demoqaBase - Navigating to demoqa.com Website
2025-08-25 20:44:35 [main] INFO  RetryUrlAccess - Successfully navigated to: https://demoqa.com
2025-08-25 20:44:35 [main] INFO  demoqaBase - Starting Test Alerts, Frames & Windows|New Tab...
2025-08-25 20:44:35 [main] INFO  demoqaBase - Accessing Alerts, Frame & Windows Card...
Declared Instance WebDriverWait: org.openqa.selenium.support.ui.WebDriverWait@5e5073ab
2025-08-25 20:44:35 [main] INFO  demoqaLog - Clicking on Alert Frame & Windows Card...
2025-08-25 20:44:35 [main] INFO  demoqaLog - Clicked on on Alert Frame & Windows Card...
Title of this Page is: DEMOQA
You can now access: Alerts, Frame & Windows
2025-08-25 20:44:35 [main] INFO  demoqaBase - Page: Alerts, Frame & Windows Card...
2025-08-25 20:44:35 [main] INFO  demoqaBase - Clicking on Alerts, Frame & Windows Card|Browser Windows...
You are now Accessing: Browser Windows
2025-08-25 20:44:36 [main] INFO  demoqaBase - You are now Accessing: Browser Windows
2025-08-25 20:44:36 [main] INFO  demoqaBase - Initiating New Tab click sequence...
2025-08-25 20:44:36 [main] INFO  demoqaBase - Clicked New Tab button
2025-08-25 20:44:36 [main] INFO  demoqaBase - Switched to new tab: 0C237497B07416F262FFB6F6429D1B33
2025-08-25 20:44:36 [main] INFO  demoqaBase - New tab content: 'This is a sample page'
You are now accessing: This is a sample page
2025-08-25 20:44:36 [main] INFO  demoqaBase -  Alerts, Frames & Windows|Browser Windows|New Tab Test Completed...
]]></system-out>
  </testcase>
  <testcase name="browserWindowsNewWindow" classname="tests.AlertsFramesWindowsTests" time="1.039">
    <system-out><![CDATA[2025-08-25 20:44:36 [main] INFO  demoqaBase - Closing the Browser...
2025-08-25 20:44:37 [main] INFO  demoqaBase - Starting Web Browser...
2025-08-25 20:44:38 [main] INFO  demoqaBase - Navigating to demoqa.com Website
2025-08-25 20:44:43 [main] INFO  RetryUrlAccess - Successfully navigated to: https://demoqa.com
2025-08-25 20:44:43 [main] INFO  demoqaBase - Starting Test Alerts, Frames & Windows|New Window...
2025-08-25 20:44:43 [main] INFO  demoqaBase - Accessing Alerts, Frame & Windows Card...
Declared Instance WebDriverWait: org.openqa.selenium.support.ui.WebDriverWait@4893b344
2025-08-25 20:44:44 [main] INFO  demoqaLog - Clicking on Alert Frame & Windows Card...
2025-08-25 20:44:44 [main] INFO  demoqaLog - Clicked on on Alert Frame & Windows Card...
Title of this Page is: DEMOQA
You can now access: Alerts, Frame & Windows
2025-08-25 20:44:44 [main] INFO  demoqaBase - Page: Alerts, Frame & Windows Card...
2025-08-25 20:44:44 [main] INFO  demoqaBase - Clicking on Alerts, Frame & Windows Card|Browser Windows...
You are now Accessing: Browser Windows
2025-08-25 20:44:44 [main] INFO  demoqaBase - You are now Accessing: Browser Windows
2025-08-25 20:44:44 [main] INFO  demoqaBase - Initiating New Window click sequence...
2025-08-25 20:44:44 [main] INFO  demoqaBase - Clicked New Window button
2025-08-25 20:44:44 [main] INFO  demoqaBase - Switched to new tab: A9D22C6EC068269D29844432BAAAF262
2025-08-25 20:44:44 [main] INFO  demoqaBase - New tab content: 'This is a sample page'
You are now accessing: This is a sample page
2025-08-25 20:44:45 [main] INFO  demoqaBase -  Alerts, Frames & Windows|Browser Windows|New Window Test Completed...
]]></system-out>
  </testcase>
  <testcase name="browserWindowsNewWindowMsg" classname="tests.AlertsFramesWindowsTests" time="0.632">
    <system-out><![CDATA[2025-08-25 20:44:45 [main] INFO  demoqaBase - Closing the Browser...
2025-08-25 20:44:45 [main] INFO  demoqaBase - Starting Web Browser...
2025-08-25 20:44:46 [main] INFO  demoqaBase - Navigating to demoqa.com Website
2025-08-25 20:45:00 [main] INFO  RetryUrlAccess - Successfully navigated to: https://demoqa.com
2025-08-25 20:45:00 [main] INFO  demoqaBase - Starting Test Alerts, Frames & Windows|New Window Message...
2025-08-25 20:45:00 [main] INFO  demoqaBase - Accessing Alerts, Frame & Windows Card...
Declared Instance WebDriverWait: org.openqa.selenium.support.ui.WebDriverWait@7c8d5312
2025-08-25 20:45:00 [main] INFO  demoqaLog - Clicking on Alert Frame & Windows Card...
2025-08-25 20:45:00 [main] INFO  demoqaLog - Clicked on on Alert Frame & Windows Card...
Title of this Page is: DEMOQA
You can now access: Alerts, Frame & Windows
2025-08-25 20:45:00 [main] INFO  demoqaBase - Page: Alerts, Frame & Windows Card...
2025-08-25 20:45:00 [main] INFO  demoqaBase - Clicking on Alerts, Frame & Windows Card|Browser Windows...
You are now Accessing: Browser Windows
2025-08-25 20:45:01 [main] INFO  demoqaBase - You are now Accessing: Browser Windows
2025-08-25 20:45:01 [main] INFO  demoqaBase - 🔍 Starting 'New Window Message' click sequence...
2025-08-25 20:45:01 [main] INFO  demoqaBase - 🔀 Switched to new window: D3B3195D11BAFC6539259418D06C9430
2025-08-25 20:45:01 [main] INFO  demoqaBase - ✅ Verified new popup window opened successfully.
2025-08-25 20:45:01 [main] INFO  demoqaBase - ↩️ Switched back to original window: 32DAF227044FDF7D0F268DD57E7EEA02
2025-08-25 20:45:01 [main] INFO  demoqaBase - ✅ 'New Window Message' flow completed successfully.
2025-08-25 20:45:01 [main] INFO  demoqaBase -  Alerts, Frames & Windows|Browser Windows|New Window Message Test Completed...
]]></system-out>
  </testcase>
  <testcase name="ClickAlerts" classname="tests.AlertsFramesWindowsTests" time="0.284">
    <system-out><![CDATA[2025-08-25 20:45:01 [main] INFO  demoqaBase - Closing the Browser...
2025-08-25 20:45:01 [main] INFO  demoqaBase - Starting Web Browser...
2025-08-25 20:45:02 [main] INFO  demoqaBase - Navigating to demoqa.com Website
2025-08-25 20:45:14 [main] INFO  RetryUrlAccess - Successfully navigated to: https://demoqa.com
2025-08-25 20:45:14 [main] INFO  demoqaBase - Starting Test Alerts, Frames & Windows|New Window Message...
2025-08-25 20:45:14 [main] INFO  demoqaBase - Accessing Alerts, Frame & Windows Card...
Declared Instance WebDriverWait: org.openqa.selenium.support.ui.WebDriverWait@a92be4f
2025-08-25 20:45:14 [main] INFO  demoqaLog - Clicking on Alert Frame & Windows Card...
2025-08-25 20:45:14 [main] INFO  demoqaLog - Clicked on on Alert Frame & Windows Card...
Title of this Page is: DEMOQA
You can now access: Alerts, Frame & Windows
2025-08-25 20:45:14 [main] INFO  demoqaBase - Page: Alerts, Frame & Windows Card...
2025-08-25 20:45:14 [main] INFO  demoqaBase - 🔍 Starting test for Alerts click ..
2025-08-25 20:45:14 [main] INFO  demoqaBase - ✅ Clicked on Alerts...
2025-08-25 20:45:14 [main] INFO  demoqaBase - Page Title is: Alerts
2025-08-25 20:45:14 [main] INFO  demoqaBase -  Alerts, Frames & Windows|Alerts Test Completed...
]]></system-out>
  </testcase>
  <testcase name="ClickToSeeAlerts" classname="tests.AlertsFramesWindowsTests" time="5.707">
    <system-out><![CDATA[2025-08-25 20:45:14 [main] INFO  demoqaBase - Closing the Browser...
2025-08-25 20:45:14 [main] INFO  demoqaBase - Starting Web Browser...
2025-08-25 20:45:15 [main] INFO  demoqaBase - Navigating to demoqa.com Website
2025-08-25 20:45:23 [main] INFO  RetryUrlAccess - Successfully navigated to: https://demoqa.com
2025-08-25 20:45:23 [main] INFO  demoqaBase - Starting Test Alerts, Frames & Windows|Alerts|Click button to see Alert...
2025-08-25 20:45:23 [main] INFO  demoqaBase - Accessing Alerts, Frame & Windows Card...
Declared Instance WebDriverWait: org.openqa.selenium.support.ui.WebDriverWait@30ca0779
2025-08-25 20:45:23 [main] INFO  demoqaLog - Clicking on Alert Frame & Windows Card...
2025-08-25 20:45:23 [main] INFO  demoqaLog - Clicked on on Alert Frame & Windows Card...
Title of this Page is: DEMOQA
You can now access: Alerts, Frame & Windows
2025-08-25 20:45:24 [main] INFO  demoqaBase - Page: Alerts, Frame & Windows Card...
2025-08-25 20:45:24 [main] INFO  demoqaBase - 🔍 Starting test for Alerts click ..
2025-08-25 20:45:24 [main] INFO  demoqaBase - ✅ Clicked on Alerts...
2025-08-25 20:45:24 [main] INFO  demoqaBase - Page Title is: Alerts
2025-08-25 20:45:24 [main] INFO  demoqaBase - 🔍 Starting test for On button click, alert will appear after 5 seconds...
2025-08-25 20:45:24 [main] INFO  demoqaBase - ✅ Clicked on Click Button to see Alert after 5 seconds...
2025-08-25 20:45:29 [main] INFO  demoqaBase - ✅ On button click, alert will appear after 5 seconds, message is: This alert appeared after 5 seconds
2025-08-25 20:45:29 [main] INFO  demoqaBase -  Alerts, Frames & Windows|Alerts|Click button to see Alert Test Completed...
]]></system-out>
  </testcase>
  <testcase name="ClickAcceptConfirmationBox" classname="tests.AlertsFramesWindowsTests" time="0.419">
    <system-out><![CDATA[2025-08-25 20:45:29 [main] INFO  demoqaBase - Closing the Browser...
2025-08-25 20:45:30 [main] INFO  demoqaBase - Starting Web Browser...
2025-08-25 20:45:31 [main] INFO  demoqaBase - Navigating to demoqa.com Website
2025-08-25 20:45:41 [main] INFO  RetryUrlAccess - Successfully navigated to: https://demoqa.com
2025-08-25 20:45:41 [main] INFO  demoqaBase - Starting Test Alerts, Frames & Windows|AlertsOn button click, confirm box will appear, Accept...
2025-08-25 20:45:41 [main] INFO  demoqaBase - Accessing Alerts, Frame & Windows Card...
Declared Instance WebDriverWait: org.openqa.selenium.support.ui.WebDriverWait@29fd8e67
2025-08-25 20:45:41 [main] INFO  demoqaLog - Clicking on Alert Frame & Windows Card...
2025-08-25 20:45:41 [main] INFO  demoqaLog - Clicked on on Alert Frame & Windows Card...
Title of this Page is: DEMOQA
You can now access: Alerts, Frame & Windows
2025-08-25 20:45:41 [main] INFO  demoqaBase - Page: Alerts, Frame & Windows Card...
2025-08-25 20:45:41 [main] INFO  demoqaBase - 🔍 Starting test for Alerts click ..
2025-08-25 20:45:41 [main] INFO  demoqaBase - ✅ Clicked on Alerts...
2025-08-25 20:45:41 [main] INFO  demoqaBase - Page Title is: Alerts
2025-08-25 20:45:41 [main] INFO  demoqaBase - 🔍 Starting test for On button click, confirm box will appear, Accept...
2025-08-25 20:45:42 [main] INFO  demoqaBase - ✅ Clicked On button click, confirm box will appear, Accept...
2025-08-25 20:45:42 [main] INFO  demoqaBase - ✅ On button click, confirm box will appear, message is: Do you confirm action?
2025-08-25 20:45:42 [main] INFO  demoqaBase - ✅ Your Selection was: You selected Ok
2025-08-25 20:45:42 [main] INFO  demoqaBase -  Alerts, Frames & Windows|Alerts|On button click, confirm box will appear, Accept Test Completed...
]]></system-out>
  </testcase>
  <testcase name="ClickDenyConfirmationBox" classname="tests.AlertsFramesWindowsTests" time="0.425">
    <system-out><![CDATA[2025-08-25 20:45:42 [main] INFO  demoqaBase - Closing the Browser...
2025-08-25 20:45:42 [main] INFO  demoqaBase - Starting Web Browser...
2025-08-25 20:45:43 [main] INFO  demoqaBase - Navigating to demoqa.com Website
2025-08-25 20:45:53 [main] INFO  RetryUrlAccess - Successfully navigated to: https://demoqa.com
2025-08-25 20:45:53 [main] INFO  demoqaBase - Starting Test Alerts, Frames & Windows|Alerts|On button click, confirm box will appear, Deny...
2025-08-25 20:45:53 [main] INFO  demoqaBase - Accessing Alerts, Frame & Windows Card...
Declared Instance WebDriverWait: org.openqa.selenium.support.ui.WebDriverWait@6bc24e72
2025-08-25 20:45:53 [main] INFO  demoqaLog - Clicking on Alert Frame & Windows Card...
2025-08-25 20:45:53 [main] INFO  demoqaLog - Clicked on on Alert Frame & Windows Card...
Title of this Page is: DEMOQA
You can now access: Alerts, Frame & Windows
2025-08-25 20:45:53 [main] INFO  demoqaBase - Page: Alerts, Frame & Windows Card...
2025-08-25 20:45:53 [main] INFO  demoqaBase - 🔍 Starting test for Alerts click ..
2025-08-25 20:45:53 [main] INFO  demoqaBase - ✅ Clicked on Alerts...
2025-08-25 20:45:53 [main] INFO  demoqaBase - Page Title is: Alerts
2025-08-25 20:45:53 [main] INFO  demoqaBase - 🔍 Starting test for On button click, confirm box will appear, Deny...
2025-08-25 20:45:53 [main] INFO  demoqaBase - ✅ Clicked On button click, confirm box will appear, Deny...
2025-08-25 20:45:53 [main] INFO  demoqaBase - ✅ On button click, confirm box will appear, message is: Do you confirm action?
2025-08-25 20:45:53 [main] INFO  demoqaBase - ✅ Your Selection was: You selected Cancel
2025-08-25 20:45:53 [main] INFO  demoqaBase -  Alerts, Frames & Windows|Alerts|On button click, confirm box will appear, Deny Test Completed...
]]></system-out>
  </testcase>
  <testcase name="ClickPromptBoxFill" classname="tests.AlertsFramesWindowsTests" time="0.431">
    <system-out><![CDATA[2025-08-25 20:45:53 [main] INFO  demoqaBase - Closing the Browser...
2025-08-25 20:45:53 [main] INFO  demoqaBase - Starting Web Browser...
2025-08-25 20:45:55 [main] INFO  demoqaBase - Navigating to demoqa.com Website
2025-08-25 20:45:59 [main] INFO  RetryUrlAccess - Successfully navigated to: https://demoqa.com
2025-08-25 20:45:59 [main] INFO  demoqaBase - Starting Test Alerts, Frames & Windows|Alerts|On button click, prompt box will appear, Fill data...
2025-08-25 20:45:59 [main] INFO  demoqaBase - Accessing Alerts, Frame & Windows Card...
Declared Instance WebDriverWait: org.openqa.selenium.support.ui.WebDriverWait@1984212d
2025-08-25 20:45:59 [main] INFO  demoqaLog - Clicking on Alert Frame & Windows Card...
2025-08-25 20:45:59 [main] INFO  demoqaLog - Clicked on on Alert Frame & Windows Card...
Title of this Page is: DEMOQA
You can now access: Alerts, Frame & Windows
2025-08-25 20:45:59 [main] INFO  demoqaBase - Page: Alerts, Frame & Windows Card...
2025-08-25 20:45:59 [main] INFO  demoqaBase - 🔍 Starting test for Alerts click ..
2025-08-25 20:45:59 [main] INFO  demoqaBase - ✅ Clicked on Alerts...
2025-08-25 20:45:59 [main] INFO  demoqaBase - Page Title is: Alerts
2025-08-25 20:45:59 [main] INFO  demoqaBase - 🔍 Starting test for On button click, prompt box will appear, Fill data...
2025-08-25 20:45:59 [main] INFO  demoqaBase - ✅ Clicked On button click, prompt box will appear, Fill data...
2025-08-25 20:45:59 [main] INFO  demoqaBase - ✅ On button click, prompt box will appear, message is: Please enter your name
2025-08-25 20:45:59 [main] INFO  demoqaBase - ✅ Your Selection was: You entered Java Selenium
2025-08-25 20:45:59 [main] INFO  demoqaBase -  Alerts, Frames & Windows|Alerts|On button click, prompt box will appear, Fill data Test Completed...
]]></system-out>
  </testcase>
  <testcase name="ClickFrames" classname="tests.AlertsFramesWindowsTests" time="0.312">
    <system-out><![CDATA[2025-08-25 20:45:59 [main] INFO  demoqaBase - Closing the Browser...
2025-08-25 20:46:00 [main] INFO  demoqaBase - Starting Web Browser...
2025-08-25 20:46:01 [main] INFO  demoqaBase - Navigating to demoqa.com Website
2025-08-25 20:46:05 [main] INFO  RetryUrlAccess - Successfully navigated to: https://demoqa.com
2025-08-25 20:46:05 [main] INFO  demoqaBase - Starting Test Alerts, Frames & Windows|Frames...
2025-08-25 20:46:05 [main] INFO  demoqaBase - Accessing Alerts, Frame & Windows Card...
Declared Instance WebDriverWait: org.openqa.selenium.support.ui.WebDriverWait@5fcd1c5f
2025-08-25 20:46:05 [main] INFO  demoqaLog - Clicking on Alert Frame & Windows Card...
2025-08-25 20:46:05 [main] INFO  demoqaLog - Clicked on on Alert Frame & Windows Card...
Title of this Page is: DEMOQA
You can now access: Alerts, Frame & Windows
2025-08-25 20:46:05 [main] INFO  demoqaBase - Page: Alerts, Frame & Windows Card...
2025-08-25 20:46:05 [main] INFO  demoqaBase - 🔍 Starting test for Frames click ..
2025-08-25 20:46:06 [main] INFO  demoqaBase - ✅ Clicked on Frames...
2025-08-25 20:46:06 [main] INFO  demoqaBase - Page Title is: Frames
2025-08-25 20:46:06 [main] INFO  demoqaBase -  Alerts, Frames & Windows|Frames Test Completed...
]]></system-out>
  </testcase>
  <testcase name="GetFrame1" classname="tests.AlertsFramesWindowsTests" time="0.57">
    <system-out><![CDATA[2025-08-25 20:46:06 [main] INFO  demoqaBase - Closing the Browser...
2025-08-25 20:46:06 [main] INFO  demoqaBase - Starting Web Browser...
2025-08-25 20:46:07 [main] INFO  demoqaBase - Navigating to demoqa.com Website
2025-08-25 20:46:19 [main] INFO  RetryUrlAccess - Successfully navigated to: https://demoqa.com
2025-08-25 20:46:19 [main] INFO  demoqaBase - Starting Test Alerts, Frames & Windows|Frames|Frame1 message...
2025-08-25 20:46:19 [main] INFO  demoqaBase - Accessing Alerts, Frame & Windows Card...
Declared Instance WebDriverWait: org.openqa.selenium.support.ui.WebDriverWait@68ab6ab0
2025-08-25 20:46:19 [main] INFO  demoqaLog - Clicking on Alert Frame & Windows Card...
2025-08-25 20:46:19 [main] INFO  demoqaLog - Clicked on on Alert Frame & Windows Card...
Title of this Page is: DEMOQA
You can now access: Alerts, Frame & Windows
2025-08-25 20:46:19 [main] INFO  demoqaBase - Page: Alerts, Frame & Windows Card...
2025-08-25 20:46:19 [main] INFO  demoqaBase - 🔍 Starting test for Frames click ..
2025-08-25 20:46:20 [main] INFO  demoqaBase - ✅ Clicked on Frames...
2025-08-25 20:46:20 [main] INFO  demoqaBase - Page Title is: Frames
2025-08-25 20:46:20 [main] INFO  demoqaBase - 🔍 Starting test for Frames|Frame1 Message...
2025-08-25 20:46:20 [main] INFO  demoqaBase - ✅ Switched to Frame1...
2025-08-25 20:46:20 [main] INFO  demoqaBase - Frame1 contains: This is a sample page
2025-08-25 20:46:20 [main] INFO  demoqaBase -  Alerts, Frames & Windows|Frames|Frame1 message Test Completed...
]]></system-out>
  </testcase>
  <testcase name="GetFrame2" classname="tests.AlertsFramesWindowsTests" time="0.607">
    <system-out><![CDATA[2025-08-25 20:46:20 [main] INFO  demoqaBase - Closing the Browser...
2025-08-25 20:46:20 [main] INFO  demoqaBase - Starting Web Browser...
2025-08-25 20:46:21 [main] INFO  demoqaBase - Navigating to demoqa.com Website
2025-08-25 20:46:32 [main] INFO  RetryUrlAccess - Successfully navigated to: https://demoqa.com
2025-08-25 20:46:32 [main] INFO  demoqaBase - Starting Test Alerts, Frames & Windows|Frames|Frame2 message...
2025-08-25 20:46:32 [main] INFO  demoqaBase - Accessing Alerts, Frame & Windows Card...
Declared Instance WebDriverWait: org.openqa.selenium.support.ui.WebDriverWait@6e02721d
2025-08-25 20:46:32 [main] INFO  demoqaLog - Clicking on Alert Frame & Windows Card...
2025-08-25 20:46:32 [main] INFO  demoqaLog - Clicked on on Alert Frame & Windows Card...
Title of this Page is: DEMOQA
You can now access: Alerts, Frame & Windows
2025-08-25 20:46:32 [main] INFO  demoqaBase - Page: Alerts, Frame & Windows Card...
2025-08-25 20:46:32 [main] INFO  demoqaBase - 🔍 Starting test for Frames click ..
2025-08-25 20:46:32 [main] INFO  demoqaBase - ✅ Clicked on Frames...
2025-08-25 20:46:32 [main] INFO  demoqaBase - Page Title is: Frames
2025-08-25 20:46:32 [main] INFO  demoqaBase - 🔍 Starting test for Frames|Frame2 Message...
2025-08-25 20:46:33 [main] INFO  demoqaBase - ✅ Switched to Frame1...
2025-08-25 20:46:33 [main] INFO  demoqaBase - Frame1 contains: This is a sample page
2025-08-25 20:46:33 [main] INFO  demoqaBase -  Alerts, Frames & Windows|Frames|Frame2 message Test Completed...
]]></system-out>
  </testcase>
  <testcase name="ClickModalDialogs" classname="tests.AlertsFramesWindowsTests" time="0.278">
    <system-out><![CDATA[2025-08-25 20:46:33 [main] INFO  demoqaBase - Closing the Browser...
2025-08-25 20:46:33 [main] INFO  demoqaBase - Starting Web Browser...
2025-08-25 20:46:34 [main] INFO  demoqaBase - Navigating to demoqa.com Website
2025-08-25 20:46:44 [main] INFO  RetryUrlAccess - Successfully navigated to: https://demoqa.com
2025-08-25 20:46:44 [main] INFO  demoqaBase - Starting Test Alerts, Frames & Windows|Modal Dialogs...
2025-08-25 20:46:44 [main] INFO  demoqaBase - Accessing Alerts, Frame & Windows Card...
Declared Instance WebDriverWait: org.openqa.selenium.support.ui.WebDriverWait@42679fc2
2025-08-25 20:46:44 [main] INFO  demoqaLog - Clicking on Alert Frame & Windows Card...
2025-08-25 20:46:44 [main] INFO  demoqaLog - Clicked on on Alert Frame & Windows Card...
Title of this Page is: DEMOQA
You can now access: Alerts, Frame & Windows
2025-08-25 20:46:44 [main] INFO  demoqaBase - Page: Alerts, Frame & Windows Card...
2025-08-25 20:46:44 [main] INFO  demoqaBase - 🔍 Starting test for Frames|Modal Dialogs click ..
2025-08-25 20:46:44 [main] INFO  demoqaBase - ✅ Clicked on Modal Dialogs...
2025-08-25 20:46:44 [main] INFO  demoqaBase - Page Title is: Modal Dialogs
2025-08-25 20:46:44 [main] INFO  demoqaBase -  Alerts, Frames & Windows|Modal Dialogs Test Completed...
]]></system-out>
  </testcase>
  <testcase name="ClickNestedFrames" classname="tests.AlertsFramesWindowsTests" time="0.348">
    <system-out><![CDATA[2025-08-25 20:46:44 [main] INFO  demoqaBase - Closing the Browser...
2025-08-25 20:46:44 [main] INFO  demoqaBase - Starting Web Browser...
2025-08-25 20:46:45 [main] INFO  demoqaBase - Navigating to demoqa.com Website
2025-08-25 20:46:50 [main] INFO  RetryUrlAccess - Successfully navigated to: https://demoqa.com
2025-08-25 20:46:50 [main] INFO  demoqaBase - Starting Test Alerts, Frames & Windows|Nested Frames...
2025-08-25 20:46:50 [main] INFO  demoqaBase - Accessing Alerts, Frame & Windows Card...
Declared Instance WebDriverWait: org.openqa.selenium.support.ui.WebDriverWait@13250132
2025-08-25 20:46:50 [main] INFO  demoqaLog - Clicking on Alert Frame & Windows Card...
2025-08-25 20:46:50 [main] INFO  demoqaLog - Clicked on on Alert Frame & Windows Card...
Title of this Page is: DEMOQA
You can now access: Alerts, Frame & Windows
2025-08-25 20:46:50 [main] INFO  demoqaBase - Page: Alerts, Frame & Windows Card...
2025-08-25 20:46:50 [main] INFO  demoqaBase - 🔍 Starting test for Frames|Nested Frames click ..
2025-08-25 20:46:50 [main] INFO  demoqaBase - ✅ Clicked on Nested Frames...
2025-08-25 20:46:50 [main] INFO  demoqaBase - Page Title is: Nested Frames
2025-08-25 20:46:50 [main] INFO  demoqaBase -  Alerts, Frames & Windows|Nested Frames Test Completed...
]]></system-out>
  </testcase>
  <testcase name="ClickLargeModal" classname="tests.AlertsFramesWindowsTests" time="0.491">
    <system-out><![CDATA[2025-08-25 20:46:50 [main] INFO  demoqaBase - Closing the Browser...
2025-08-25 20:46:50 [main] INFO  demoqaBase - Starting Web Browser...
2025-08-25 20:46:51 [main] INFO  demoqaBase - Navigating to demoqa.com Website
2025-08-25 20:46:56 [main] INFO  RetryUrlAccess - Successfully navigated to: https://demoqa.com
2025-08-25 20:46:56 [main] INFO  demoqaBase - Starting Test Alerts, Frames & Windows|Modal Dialogs|Large Modal...
2025-08-25 20:46:56 [main] INFO  demoqaBase - Accessing Alerts, Frame & Windows Card...
Declared Instance WebDriverWait: org.openqa.selenium.support.ui.WebDriverWait@64656b9e
2025-08-25 20:46:56 [main] INFO  demoqaLog - Clicking on Alert Frame & Windows Card...
2025-08-25 20:46:56 [main] INFO  demoqaLog - Clicked on on Alert Frame & Windows Card...
Title of this Page is: DEMOQA
You can now access: Alerts, Frame & Windows
2025-08-25 20:46:56 [main] INFO  demoqaBase - Page: Alerts, Frame & Windows Card...
2025-08-25 20:46:56 [main] INFO  demoqaBase - 🔍 Starting test for Frames|Modal Dialogs click ..
2025-08-25 20:46:56 [main] INFO  demoqaBase - ✅ Clicked on Modal Dialogs...
2025-08-25 20:46:56 [main] INFO  demoqaBase - Page Title is: Modal Dialogs
2025-08-25 20:46:56 [main] INFO  demoqaBase - 🔍 Starting test for Frames|Modal Dialogs|Large Modal click...
2025-08-25 20:46:56 [main] INFO  demoqaBase - ✅ Clicked on Modal Dialogs|Large Modal...
2025-08-25 20:46:56 [main] INFO  demoqaBase - Page Title is: Large Modal
2025-08-25 20:46:56 [main] INFO  demoqaBase - Large Modal Body Contains: Lorem Ipsum is simply dummy text of the printing and typesetting industry. Lorem Ipsum has been the industry's standard dummy text ever since the 1500s, when an unknown printer took a galley of type and scrambled it to make a type specimen book. It has survived not only five centuries, but also the leap into electronic typesetting, remaining essentially unchanged. It was popularised in the 1960s with the release of Letraset sheets containing Lorem Ipsum passages, and more recently with desktop publishing software like Aldus PageMaker including versions of Lorem Ipsum.
2025-08-25 20:46:56 [main] INFO  demoqaBase -  Alerts, Frames & Windows|Modal Dialogs|Large Modal click Test Completed...
]]></system-out>
  </testcase>
  <testcase name="ClickSmallModal" classname="tests.AlertsFramesWindowsTests" time="0.549">
    <system-out><![CDATA[2025-08-25 20:46:56 [main] INFO  demoqaBase - Closing the Browser...
2025-08-25 20:46:56 [main] INFO  demoqaBase - Starting Web Browser...
2025-08-25 20:46:57 [main] INFO  demoqaBase - Navigating to demoqa.com Website
2025-08-25 20:47:08 [main] INFO  RetryUrlAccess - Successfully navigated to: https://demoqa.com
2025-08-25 20:47:08 [main] INFO  demoqaBase - Starting Test Alerts, Frames & Windows|Modal Dialogs|Small Modal...
2025-08-25 20:47:08 [main] INFO  demoqaBase - Accessing Alerts, Frame & Windows Card...
Declared Instance WebDriverWait: org.openqa.selenium.support.ui.WebDriverWait@6a8a551e
2025-08-25 20:47:08 [main] INFO  demoqaLog - Clicking on Alert Frame & Windows Card...
2025-08-25 20:47:08 [main] INFO  demoqaLog - Clicked on on Alert Frame & Windows Card...
Title of this Page is: DEMOQA
You can now access: Alerts, Frame & Windows
2025-08-25 20:47:08 [main] INFO  demoqaBase - Page: Alerts, Frame & Windows Card...
2025-08-25 20:47:08 [main] INFO  demoqaBase - 🔍 Starting test for Frames|Modal Dialogs click ..
2025-08-25 20:47:08 [main] INFO  demoqaBase - ✅ Clicked on Modal Dialogs...
2025-08-25 20:47:08 [main] INFO  demoqaBase - Page Title is: Modal Dialogs
2025-08-25 20:47:08 [main] INFO  demoqaBase - 🔍 Starting test for Frames|Modal Dialogs|Small Modal click...
2025-08-25 20:47:08 [main] INFO  demoqaBase - ✅ Clicked on Modal Dialogs|Small Modal...
2025-08-25 20:47:08 [main] INFO  demoqaBase - Page Title is: Small Modal
2025-08-25 20:47:08 [main] INFO  demoqaBase - Small Modal Body Contains: This is a small modal. It has very less content
2025-08-25 20:47:08 [main] INFO  demoqaBase -  Alerts, Frames & Windows|Modal Dialogs|Small Modal click Test Completed...
]]></system-out>
  </testcase>
  <testcase name="GetParentFrame" classname="tests.AlertsFramesWindowsTests" time="0.576">
    <system-out><![CDATA[2025-08-25 20:47:08 [main] INFO  demoqaBase - Closing the Browser...
2025-08-25 20:47:09 [main] INFO  demoqaBase - Starting Web Browser...
2025-08-25 20:47:10 [main] INFO  demoqaBase - Navigating to demoqa.com Website
2025-08-25 20:47:18 [main] INFO  RetryUrlAccess - Successfully navigated to: https://demoqa.com
2025-08-25 20:47:18 [main] INFO  demoqaBase - Starting Test Alerts, Frames & Windows|Frames|Parent Frame message...
2025-08-25 20:47:18 [main] INFO  demoqaBase - Accessing Alerts, Frame & Windows Card...
Declared Instance WebDriverWait: org.openqa.selenium.support.ui.WebDriverWait@3ccb12d
2025-08-25 20:47:18 [main] INFO  demoqaLog - Clicking on Alert Frame & Windows Card...
2025-08-25 20:47:19 [main] INFO  demoqaLog - Clicked on on Alert Frame & Windows Card...
Title of this Page is: DEMOQA
You can now access: Alerts, Frame & Windows
2025-08-25 20:47:19 [main] INFO  demoqaBase - Page: Alerts, Frame & Windows Card...
2025-08-25 20:47:19 [main] INFO  demoqaBase - 🔍 Starting test for Frames|Nested Frames click ..
2025-08-25 20:47:19 [main] INFO  demoqaBase - ✅ Clicked on Nested Frames...
2025-08-25 20:47:19 [main] INFO  demoqaBase - Page Title is: Nested Frames
2025-08-25 20:47:19 [main] INFO  demoqaBase - 🔍 Starting test for Frames|Parent Frame Message...
2025-08-25 20:47:19 [main] INFO  demoqaBase - After switching, frame body contains: [Parent frame]
2025-08-25 20:47:19 [main] INFO  demoqaBase -  Alerts, Frames & Windows|Frames|Parent Frame message Test Completed...
]]></system-out>
  </testcase>
  <testcase name="GetChildFrame" classname="tests.AlertsFramesWindowsTests" time="0.569">
    <system-out><![CDATA[2025-08-25 20:47:19 [main] INFO  demoqaBase - Closing the Browser...
2025-08-25 20:47:19 [main] INFO  demoqaBase - Starting Web Browser...
2025-08-25 20:47:21 [main] INFO  demoqaBase - Navigating to demoqa.com Website
2025-08-25 20:47:26 [main] INFO  RetryUrlAccess - Successfully navigated to: https://demoqa.com
2025-08-25 20:47:26 [main] INFO  demoqaBase - Starting Test Alerts, Frames & Windows|Frames|Child Frame message...
2025-08-25 20:47:26 [main] INFO  demoqaBase - Accessing Alerts, Frame & Windows Card...
Declared Instance WebDriverWait: org.openqa.selenium.support.ui.WebDriverWait@26bb92e2
2025-08-25 20:47:26 [main] INFO  demoqaLog - Clicking on Alert Frame & Windows Card...
2025-08-25 20:47:26 [main] INFO  demoqaLog - Clicked on on Alert Frame & Windows Card...
Title of this Page is: DEMOQA
You can now access: Alerts, Frame & Windows
2025-08-25 20:47:26 [main] INFO  demoqaBase - Page: Alerts, Frame & Windows Card...
2025-08-25 20:47:26 [main] INFO  demoqaBase - 🔍 Starting test for Frames|Nested Frames click ..
2025-08-25 20:47:26 [main] INFO  demoqaBase - ✅ Clicked on Nested Frames...
2025-08-25 20:47:26 [main] INFO  demoqaBase - Page Title is: Nested Frames
2025-08-25 20:47:26 [main] INFO  demoqaBase - 🔍 Starting test for Frames|Child Frame Message...
2025-08-25 20:47:26 [main] INFO  demoqaBase - After switching, frame body contains: [Child Iframe]
2025-08-25 20:47:26 [main] INFO  demoqaBase -  Alerts, Frames & Windows|Frames|Child Frame message Test Completed...
]]></system-out>
  </testcase>
  <testcase name="ElementsCard" classname="tests.ElementsTests" time="1.002">
    <system-out><![CDATA[2025-08-25 20:47:26 [main] INFO  demoqaBase - Closing the Browser...
2025-08-25 20:47:27 [main] INFO  demoqaBase - Starting Web Browser...
2025-08-25 20:47:28 [main] INFO  demoqaBase - Navigating to demoqa.com Website
2025-08-25 20:47:45 [main] INFO  RetryUrlAccess - Successfully navigated to: https://demoqa.com
2025-08-25 20:47:45 [main] INFO  demoqaBase - Starting Test Elements | Text Box Test...
Instance Variables Declared are: nullnull
2025-08-25 20:47:45 [main] INFO  demoqaBase - Accessing Elements Card...
2025-08-25 20:47:45 [main] INFO  RetryUrlAccess - Successfully navigated to: https://demoqa.com
2025-08-25 20:47:45 [main] INFO  demoqaLog - Clicking on Elements Card...
2025-08-25 20:47:45 [main] WARN  demoqaLog - ⚠️ JS click failed, falling back to native click.
2025-08-25 20:47:46 [main] INFO  demoqaLog - Clicked on Elements Card...
Title of this Page is: DEMOQA
You can now Access: Elements
 
Page Text is: Please select an item from left to start practice.
Title of this Page is: DEMOQA
2025-08-25 20:47:46 [main] INFO  demoqaBase - Element Card Test Completed...
]]></system-out>
  </testcase>
  <testcase name="TextBox" classname="tests.ElementsTests" time="2.571">
    <system-out><![CDATA[2025-08-25 20:47:46 [main] INFO  demoqaBase - Closing the Browser...
2025-08-25 20:47:46 [main] INFO  demoqaBase - Starting Web Browser...
2025-08-25 20:47:47 [main] INFO  demoqaBase - Navigating to demoqa.com Website
2025-08-25 20:47:57 [main] INFO  RetryUrlAccess - Successfully navigated to: https://demoqa.com
2025-08-25 20:47:57 [main] INFO  demoqaBase - Starting Test Elements | Text Box Test...
Instance Variables Declared are: nullnull
2025-08-25 20:47:57 [main] INFO  demoqaBase - Accessing Elements Card...
2025-08-25 20:47:58 [main] INFO  RetryUrlAccess - Successfully navigated to: https://demoqa.com
2025-08-25 20:47:58 [main] INFO  demoqaLog - Clicking on Elements Card...
2025-08-25 20:47:58 [main] WARN  demoqaLog - ⚠️ JS click failed, falling back to native click.
2025-08-25 20:47:58 [main] INFO  demoqaLog - Clicked on Elements Card...
Title of this Page is: DEMOQA
You can now Access: Elements
 
Page Text is: Please select an item from left to start practice.
2025-08-25 20:47:58 [main] INFO  demoqaBase - Accessing Text Box...
Text Box
2025-08-25 20:47:59 [main] INFO  demoqaBase - You are accessing: Text Box
2025-08-25 20:47:59 [main] INFO  demoqaBase - Title of this Page is: DEMOQA
2025-08-25 20:47:59 [main] INFO  demoqaBase - Entering Full Name...
2025-08-25 20:47:59 [main] INFO  demoqaBase - Full Name is: John Rambo
2025-08-25 20:47:59 [main] INFO  demoqaBase - Entering Email Address...
2025-08-25 20:47:59 [main] INFO  demoqaBase - Email Address is: JRambo@demoqa.com
2025-08-25 20:47:59 [main] INFO  demoqaBase - Entering Current Address...
2025-08-25 20:47:59 [main] INFO  demoqaBase - Current Address is: 511 Grant 481, Prattsville
 Arkansas 72129
 United States
2025-08-25 20:47:59 [main] INFO  demoqaBase - Entering Permanent Address...
2025-08-25 20:48:00 [main] INFO  demoqaBase - Parmenant Address is: 579 Grant 3381, Prattsville
 Arkansas 72100
 United States
2025-08-25 20:48:00 [main] INFO  demoqaBase - Clicking on Submit Button...
2025-08-25 20:48:00 [main] INFO  demoqaBase - Clicked Submit Button...
Information Submitted is: Name:John Rambo
Email:JRambo@demoqa.com
Current Address :511 Grant 481, Prattsville Arkansas 72129 United States
Permananet Address :579 Grant 3381, Prattsville Arkansas 72100 United States
2025-08-25 20:48:00 [main] INFO  demoqaBase - Text Box Element Test Completed...
]]></system-out>
  </testcase>
  <testcase name="CheckBox" classname="tests.ElementsTests" time="1.22">
    <system-out><![CDATA[Path for Screenshot is: C:\ASN\eclipse_workspace\demoqa-automation/screenshots/TextBox Passed+2025-08-25_20-48-00.png
2025-08-25 20:48:00 [main] INFO  demoqaBase - Closing the Browser...
2025-08-25 20:48:00 [main] INFO  demoqaBase - Starting Web Browser...
2025-08-25 20:48:01 [main] INFO  demoqaBase - Navigating to demoqa.com Website
2025-08-25 20:48:11 [main] INFO  RetryUrlAccess - Successfully navigated to: https://demoqa.com
2025-08-25 20:48:11 [main] INFO  demoqaBase - Starting Test Elements | Check Box Test...
Instance Variables Declared are: nullnull
2025-08-25 20:48:11 [main] INFO  demoqaBase - Accessing Elements Card...
2025-08-25 20:48:12 [main] INFO  RetryUrlAccess - Successfully navigated to: https://demoqa.com
2025-08-25 20:48:12 [main] INFO  demoqaLog - Clicking on Elements Card...
2025-08-25 20:48:12 [main] WARN  demoqaLog - ⚠️ JS click failed, falling back to native click.
2025-08-25 20:48:12 [main] INFO  demoqaLog - Clicked on Elements Card...
Title of this Page is: DEMOQA
You can now Access: Elements
 
Page Text is: Please select an item from left to start practice.
2025-08-25 20:48:12 [main] INFO  demoqaBase - Accessing Check Box...
Check Box
2025-08-25 20:48:12 [main] INFO  demoqaBase - You are accessing: Check Box
2025-08-25 20:48:13 [main] INFO  demoqaBase - Test Elements | Check Box Test Test Completed...
]]></system-out>
  </testcase>
  <testcase name="SelectingHomeCheckBox" classname="tests.ElementsTests" time="1.354">
    <system-out><![CDATA[2025-08-25 20:48:13 [main] INFO  demoqaBase - Closing the Browser...
2025-08-25 20:48:13 [main] INFO  demoqaBase - Starting Web Browser...
2025-08-25 20:48:14 [main] INFO  demoqaBase - Navigating to demoqa.com Website
2025-08-25 20:48:25 [main] INFO  RetryUrlAccess - Successfully navigated to: https://demoqa.com
2025-08-25 20:48:25 [main] INFO  demoqaBase - Starting Test Elements | Selecting Home Check Box Test...
Instance Variables Declared are: nullnull
2025-08-25 20:48:25 [main] INFO  demoqaBase - Accessing Elements Card...
2025-08-25 20:48:26 [main] INFO  RetryUrlAccess - Successfully navigated to: https://demoqa.com
2025-08-25 20:48:26 [main] INFO  demoqaLog - Clicking on Elements Card...
2025-08-25 20:48:26 [main] WARN  demoqaLog - ⚠️ JS click failed, falling back to native click.
2025-08-25 20:48:26 [main] INFO  demoqaLog - Clicked on Elements Card...
Title of this Page is: DEMOQA
You can now Access: Elements
 
Page Text is: Please select an item from left to start practice.
2025-08-25 20:48:26 [main] INFO  demoqaBase - Accessing Check Box...
Check Box
2025-08-25 20:48:26 [main] INFO  demoqaBase - You are accessing: Check Box
2025-08-25 20:48:26 [main] INFO  demoqaBase - Selecting Home Check Box...
Information Submitted is: You have selected :
home
desktop
notes
commands
documents
workspace
react
angular
veu
office
public
private
classified
general
downloads
wordFile
excelFile
2025-08-25 20:48:27 [main] INFO  demoqaBase - You have Selected: You have selected :
home
desktop
notes
commands
documents
workspace
react
angular
veu
office
public
private
classified
general
downloads
wordFile
excelFile
2025-08-25 20:48:27 [main] INFO  demoqaBase - Elements | Selecting Home Test Completed...
]]></system-out>
  </testcase>
  <testcase name="SelectingDesktopCheckBox" classname="tests.ElementsTests" time="1.565">
    <system-out><![CDATA[2025-08-25 20:48:27 [main] INFO  demoqaBase - Closing the Browser...
2025-08-25 20:48:27 [main] INFO  demoqaBase - Starting Web Browser...
2025-08-25 20:48:28 [main] INFO  demoqaBase - Navigating to demoqa.com Website
2025-08-25 20:48:33 [main] INFO  RetryUrlAccess - Successfully navigated to: https://demoqa.com
2025-08-25 20:48:33 [main] INFO  demoqaBase - Starting Test Elements | Selecting Desktop Check Box Test...
Instance Variables Declared are: nullnull
2025-08-25 20:48:33 [main] INFO  demoqaBase - Accessing Elements Card...
2025-08-25 20:48:33 [main] INFO  RetryUrlAccess - Successfully navigated to: https://demoqa.com
2025-08-25 20:48:33 [main] INFO  demoqaLog - Clicking on Elements Card...
2025-08-25 20:48:33 [main] WARN  demoqaLog - ⚠️ JS click failed, falling back to native click.
2025-08-25 20:48:34 [main] INFO  demoqaLog - Clicked on Elements Card...
Title of this Page is: DEMOQA
You can now Access: Elements
 
Page Text is: Please select an item from left to start practice.
2025-08-25 20:48:34 [main] INFO  demoqaBase - Accessing Check Box...
Check Box
2025-08-25 20:48:34 [main] INFO  demoqaBase - You are accessing: Check Box
2025-08-25 20:48:34 [main] INFO  demoqaBase - Clicking on Home Toggle Button...
2025-08-25 20:48:34 [main] INFO  demoqaBase - Selecting Deskstop Check Box...
Information Submitted is: You have selected :
desktop
notes
commands
2025-08-25 20:48:34 [main] INFO  demoqaBase - You have Selected: You have selected :
desktop
notes
commands
2025-08-25 20:48:34 [main] INFO  demoqaBase - Elements | Home | Desktop Test Completed...
]]></system-out>
  </testcase>
  <testcase name="SelectingNotesCommandsClick" classname="tests.ElementsTests" time="1.763">
    <system-out><![CDATA[2025-08-25 20:48:34 [main] INFO  demoqaBase - Closing the Browser...
2025-08-25 20:48:35 [main] INFO  demoqaBase - Starting Web Browser...
2025-08-25 20:48:36 [main] INFO  demoqaBase - Navigating to demoqa.com Website
2025-08-25 20:48:46 [main] INFO  RetryUrlAccess - Successfully navigated to: https://demoqa.com
2025-08-25 20:48:46 [main] INFO  demoqaBase - Starting Test Elements | Selecting Desktop| Notes & Commands Check Box Test...
Instance Variables Declared are: nullnull
2025-08-25 20:48:46 [main] INFO  demoqaBase - Accessing Elements Card...
2025-08-25 20:48:47 [main] INFO  RetryUrlAccess - Successfully navigated to: https://demoqa.com
2025-08-25 20:48:47 [main] INFO  demoqaLog - Clicking on Elements Card...
2025-08-25 20:48:47 [main] WARN  demoqaLog - ⚠️ JS click failed, falling back to native click.
2025-08-25 20:48:47 [main] INFO  demoqaLog - Clicked on Elements Card...
Title of this Page is: DEMOQA
You can now Access: Elements
 
Page Text is: Please select an item from left to start practice.
2025-08-25 20:48:47 [main] INFO  demoqaBase - Accessing Check Box...
Check Box
2025-08-25 20:48:47 [main] INFO  demoqaBase - You are accessing: Check Box
2025-08-25 20:48:47 [main] INFO  demoqaBase - Clicking on Home Toggle Button...
2025-08-25 20:48:47 [main] INFO  demoqaBase - Clicking on Desktop Toggle Button...
2025-08-25 20:48:48 [main] INFO  demoqaBase - Clicking on Notes Button...
2025-08-25 20:48:48 [main] INFO  demoqaBase - Clicking on Commands Button...
2025-08-25 20:48:48 [main] INFO  demoqaBase - Selected Notes & Commands...
Information Submitted is: You have selected :
desktop
notes
commands
2025-08-25 20:48:48 [main] INFO  demoqaBase - You have Selected: You have selected :
desktop
notes
commands
2025-08-25 20:48:48 [main] INFO  demoqaBase - Elements | Home | Desktop | Notes & Commands Completed...
]]></system-out>
  </testcase>
  <testcase name="SelectingDocumentsCheckBox" classname="tests.ElementsTests" time="1.462">
    <system-out><![CDATA[2025-08-25 20:48:48 [main] INFO  demoqaBase - Closing the Browser...
2025-08-25 20:48:48 [main] INFO  demoqaBase - Starting Web Browser...
2025-08-25 20:48:49 [main] INFO  demoqaBase - Navigating to demoqa.com Website
2025-08-25 20:49:00 [main] INFO  RetryUrlAccess - Successfully navigated to: https://demoqa.com
2025-08-25 20:49:00 [main] INFO  demoqaBase - Starting Test Elements | Selecting Documents Check Box Test...
Instance Variables Declared are: nullnull
2025-08-25 20:49:00 [main] INFO  demoqaBase - Accessing Elements Card...
2025-08-25 20:49:01 [main] INFO  RetryUrlAccess - Successfully navigated to: https://demoqa.com
2025-08-25 20:49:01 [main] INFO  demoqaLog - Clicking on Elements Card...
2025-08-25 20:49:01 [main] WARN  demoqaLog - ⚠️ JS click failed, falling back to native click.
2025-08-25 20:49:01 [main] INFO  demoqaLog - Clicked on Elements Card...
Title of this Page is: DEMOQA
You can now Access: Elements
 
Page Text is: Please select an item from left to start practice.
2025-08-25 20:49:01 [main] INFO  demoqaBase - Accessing Check Box...
Check Box
2025-08-25 20:49:01 [main] INFO  demoqaBase - You are accessing: Check Box
2025-08-25 20:49:01 [main] INFO  demoqaBase - Clicking on Home Toggle Button...
2025-08-25 20:49:01 [main] INFO  demoqaBase - Selecting Documents Check Box...
2025-08-25 20:49:01 [main] INFO  demoqaBase - Selected Documents Check Box...
Information Submitted is: You have selected :
documents
workspace
react
angular
veu
office
public
private
classified
general
2025-08-25 20:49:02 [main] INFO  demoqaBase - You have Selected: You have selected :
documents
workspace
react
angular
veu
office
public
private
classified
general
2025-08-25 20:49:02 [main] INFO  demoqaBase - Test Elements | Selecting Documents Check Box Test Completed...
]]></system-out>
  </testcase>
  <testcase name="SelectingWorkSpace" classname="tests.ElementsTests" time="1.793">
    <system-out><![CDATA[2025-08-25 20:49:02 [main] INFO  demoqaBase - Closing the Browser...
2025-08-25 20:49:02 [main] INFO  demoqaBase - Starting Web Browser...
2025-08-25 20:49:03 [main] INFO  demoqaBase - Navigating to demoqa.com Website
2025-08-25 20:49:14 [main] INFO  RetryUrlAccess - Successfully navigated to: https://demoqa.com
2025-08-25 20:49:14 [main] INFO  demoqaBase - Starting Test Elements | Home | Selecting Documents | WorkSpace Check Box Test...
Instance Variables Declared are: nullnull
2025-08-25 20:49:14 [main] INFO  demoqaBase - Accessing Elements Card...
2025-08-25 20:49:14 [main] INFO  RetryUrlAccess - Successfully navigated to: https://demoqa.com
2025-08-25 20:49:14 [main] INFO  demoqaLog - Clicking on Elements Card...
2025-08-25 20:49:14 [main] WARN  demoqaLog - ⚠️ JS click failed, falling back to native click.
2025-08-25 20:49:14 [main] INFO  demoqaLog - Clicked on Elements Card...
Title of this Page is: DEMOQA
You can now Access: Elements
 
Page Text is: Please select an item from left to start practice.
2025-08-25 20:49:14 [main] INFO  demoqaBase - Accessing Check Box...
Check Box
2025-08-25 20:49:15 [main] INFO  demoqaBase - You are accessing: Check Box
2025-08-25 20:49:15 [main] INFO  demoqaBase - Clicking on Home Toggle Button...
2025-08-25 20:49:15 [main] INFO  demoqaBase - Clicking on Documents Toggle Button...
2025-08-25 20:49:15 [main] INFO  demoqaBase - Selecting WorkSpace Check Box...
2025-08-25 20:49:15 [main] INFO  demoqaBase - Selected WorkSpace Check Box...
Information Submitted is: You have selected :
workspace
react
angular
veu
2025-08-25 20:49:15 [main] INFO  demoqaBase - You have Selected: You have selected :
workspace
react
angular
veu
2025-08-25 20:49:15 [main] INFO  demoqaBase - Test Elements | Home | Selecting Documents | WorkSpace Check Box Completed...
]]></system-out>
  </testcase>
  <testcase name="SelectReact" classname="tests.ElementsTests" time="1.721">
    <system-out><![CDATA[2025-08-25 20:49:15 [main] INFO  demoqaBase - Closing the Browser...
2025-08-25 20:49:16 [main] INFO  demoqaBase - Starting Web Browser...
2025-08-25 20:49:17 [main] INFO  demoqaBase - Navigating to demoqa.com Website
2025-08-25 20:49:22 [main] INFO  RetryUrlAccess - Successfully navigated to: https://demoqa.com
2025-08-25 20:49:22 [main] INFO  demoqaBase - Starting Test Elements|Home|Selecting Documents|WorkSpace|React Check Box Test...
Instance Variables Declared are: nullnull
2025-08-25 20:49:22 [main] INFO  demoqaBase - Accessing Elements Card...
2025-08-25 20:49:22 [main] INFO  RetryUrlAccess - Successfully navigated to: https://demoqa.com
2025-08-25 20:49:22 [main] INFO  demoqaLog - Clicking on Elements Card...
2025-08-25 20:49:22 [main] WARN  demoqaLog - ⚠️ JS click failed, falling back to native click.
2025-08-25 20:49:22 [main] INFO  demoqaLog - Clicked on Elements Card...
Title of this Page is: DEMOQA
You can now Access: Elements
 
Page Text is: Please select an item from left to start practice.
2025-08-25 20:49:22 [main] INFO  demoqaBase - Accessing Check Box...
Check Box
2025-08-25 20:49:23 [main] INFO  demoqaBase - You are accessing: Check Box
2025-08-25 20:49:23 [main] INFO  demoqaBase - Clicking on Home Toggle Button...
2025-08-25 20:49:23 [main] INFO  demoqaBase - Clicking on Documents Toggle Button...
2025-08-25 20:49:23 [main] INFO  demoqaBase - Clicking WorkSpace Toggle Button...
2025-08-25 20:49:23 [main] INFO  demoqaBase - Clicked WorkSpace Toggle Button...
2025-08-25 20:49:23 [main] INFO  demoqaBase - Selecting WorkSpace | React Check Box...
2025-08-25 20:49:23 [main] INFO  demoqaBase - Selected WorkSpace | React Check Box...
Information Submitted is: You have selected :
react
2025-08-25 20:49:23 [main] INFO  demoqaBase - You have Selected: You have selected :
react
2025-08-25 20:49:23 [main] INFO  demoqaBase - Test Elements|Home|Documents| Selecting WorkSpace|React Check Box Completed...
]]></system-out>
  </testcase>
  <testcase name="SelectAngular" classname="tests.ElementsTests" time="1.642">
    <system-out><![CDATA[2025-08-25 20:49:23 [main] INFO  demoqaBase - Closing the Browser...
2025-08-25 20:49:24 [main] INFO  demoqaBase - Starting Web Browser...
2025-08-25 20:49:25 [main] INFO  demoqaBase - Navigating to demoqa.com Website
2025-08-25 20:49:29 [main] INFO  RetryUrlAccess - Successfully navigated to: https://demoqa.com
2025-08-25 20:49:29 [main] INFO  demoqaBase - Starting Test Elements|Home|Selecting Documents|WorkSpace|Angular Check Box Test...
Instance Variables Declared are: nullnull
2025-08-25 20:49:29 [main] INFO  demoqaBase - Accessing Elements Card...
2025-08-25 20:49:30 [main] INFO  RetryUrlAccess - Successfully navigated to: https://demoqa.com
2025-08-25 20:49:30 [main] INFO  demoqaLog - Clicking on Elements Card...
2025-08-25 20:49:30 [main] WARN  demoqaLog - ⚠️ JS click failed, falling back to native click.
2025-08-25 20:49:30 [main] INFO  demoqaLog - Clicked on Elements Card...
Title of this Page is: DEMOQA
You can now Access: Elements
 
Page Text is: Please select an item from left to start practice.
2025-08-25 20:49:30 [main] INFO  demoqaBase - Accessing Check Box...
Check Box
2025-08-25 20:49:30 [main] INFO  demoqaBase - You are accessing: Check Box
2025-08-25 20:49:30 [main] INFO  demoqaBase - Clicking on Home Toggle Button...
2025-08-25 20:49:31 [main] INFO  demoqaBase - Clicking on Documents Toggle Button...
2025-08-25 20:49:31 [main] INFO  demoqaBase - Clicking WorkSpace Toggle Button...
2025-08-25 20:49:31 [main] INFO  demoqaBase - Clicked WorkSpace Toggle Button...
2025-08-25 20:49:31 [main] INFO  demoqaBase - Selecting WorkSpace | Angular Check Box...
2025-08-25 20:49:31 [main] INFO  demoqaBase - Selected WorkSpace | Angular Check Box...
Information Submitted is: You have selected :
angular
2025-08-25 20:49:31 [main] INFO  demoqaBase - You have Selected: You have selected :
angular
2025-08-25 20:49:31 [main] INFO  demoqaBase - Test Elements|Home|Documents| Selecting WorkSpace|Angular Check Box Completed...
]]></system-out>
  </testcase>
  <testcase name="SelectVeu" classname="tests.ElementsTests" time="1.652">
    <system-out><![CDATA[2025-08-25 20:49:31 [main] INFO  demoqaBase - Closing the Browser...
2025-08-25 20:49:31 [main] INFO  demoqaBase - Starting Web Browser...
2025-08-25 20:49:33 [main] INFO  demoqaBase - Navigating to demoqa.com Website
2025-08-25 20:49:37 [main] INFO  RetryUrlAccess - Successfully navigated to: https://demoqa.com
2025-08-25 20:49:37 [main] INFO  demoqaBase - Starting Test Elements|Home|Selecting Documents|WorkSpace|Veu Check Box Test...
Instance Variables Declared are: nullnull
2025-08-25 20:49:37 [main] INFO  demoqaBase - Accessing Elements Card...
2025-08-25 20:49:38 [main] INFO  RetryUrlAccess - Successfully navigated to: https://demoqa.com
2025-08-25 20:49:38 [main] INFO  demoqaLog - Clicking on Elements Card...
2025-08-25 20:49:38 [main] WARN  demoqaLog - ⚠️ JS click failed, falling back to native click.
2025-08-25 20:49:38 [main] INFO  demoqaLog - Clicked on Elements Card...
Title of this Page is: DEMOQA
You can now Access: Elements
 
Page Text is: Please select an item from left to start practice.
2025-08-25 20:49:38 [main] INFO  demoqaBase - Accessing Check Box...
Check Box
2025-08-25 20:49:39 [main] INFO  demoqaBase - You are accessing: Check Box
2025-08-25 20:49:39 [main] INFO  demoqaBase - Clicking on Home Toggle Button...
2025-08-25 20:49:39 [main] INFO  demoqaBase - Clicking on Documents Toggle Button...
2025-08-25 20:49:39 [main] INFO  demoqaBase - Clicking WorkSpace Toggle Button...
2025-08-25 20:49:39 [main] INFO  demoqaBase - Clicked WorkSpace Toggle Button...
2025-08-25 20:49:39 [main] INFO  demoqaBase - Selecting WorkSpace | Veu Check Box...
2025-08-25 20:49:39 [main] INFO  demoqaBase - Selected WorkSpace | Veu Check Box...
Information Submitted is: You have selected :
veu
2025-08-25 20:49:39 [main] INFO  demoqaBase - You have Selected: You have selected :
veu
2025-08-25 20:49:39 [main] INFO  demoqaBase - Test Elements|Home|Documents| Selecting WorkSpace|Veu Check Box Completed...
]]></system-out>
  </testcase>
  <testcase name="SelectReactAnuglarVeu" classname="tests.ElementsTests" time="8.194">
    <system-out><![CDATA[2025-08-25 20:49:39 [main] INFO  demoqaBase - Closing the Browser...
2025-08-25 20:49:39 [main] INFO  demoqaBase - Starting Web Browser...
2025-08-25 20:49:40 [main] INFO  demoqaBase - Navigating to demoqa.com Website
2025-08-25 20:49:46 [main] INFO  RetryUrlAccess - Successfully navigated to: https://demoqa.com
2025-08-25 20:49:46 [main] INFO  demoqaBase - Starting Test Elements|Home|Selecting Documents|WorkSpace|React-Anuglar-Veu Check Box Test...
Instance Variables Declared are: nullnull
2025-08-25 20:49:46 [main] INFO  demoqaBase - Accessing Elements Card...
2025-08-25 20:49:53 [main] INFO  RetryUrlAccess - Successfully navigated to: https://demoqa.com
2025-08-25 20:49:53 [main] INFO  demoqaLog - Clicking on Elements Card...
2025-08-25 20:49:53 [main] WARN  demoqaLog - ⚠️ JS click failed, falling back to native click.
2025-08-25 20:49:53 [main] INFO  demoqaLog - Clicked on Elements Card...
Title of this Page is: DEMOQA
You can now Access: Elements
 
Page Text is: Please select an item from left to start practice.
2025-08-25 20:49:53 [main] INFO  demoqaBase - Accessing Check Box...
Check Box
2025-08-25 20:49:53 [main] INFO  demoqaBase - You are accessing: Check Box
2025-08-25 20:49:53 [main] INFO  demoqaBase - Clicking on Home Toggle Button...
2025-08-25 20:49:53 [main] INFO  demoqaBase - Clicking on Documents Toggle Button...
2025-08-25 20:49:54 [main] INFO  demoqaBase - Clicking WorkSpace Toggle Button...
2025-08-25 20:49:54 [main] INFO  demoqaBase - Clicked WorkSpace Toggle Button...
2025-08-25 20:49:54 [main] INFO  demoqaBase - Selecting WorkSpace | React Check Box...
2025-08-25 20:49:54 [main] INFO  demoqaBase - Selected WorkSpace | React Check Box...
2025-08-25 20:49:54 [main] INFO  demoqaBase - Selecting WorkSpace | Angular Check Box...
2025-08-25 20:49:54 [main] INFO  demoqaBase - Selected WorkSpace | Angular Check Box...
2025-08-25 20:49:54 [main] INFO  demoqaBase - Selecting WorkSpace | Veu Check Box...
2025-08-25 20:49:54 [main] INFO  demoqaBase - Selected WorkSpace | Veu Check Box...
Information Submitted is: You have selected :
workspace
react
angular
veu
2025-08-25 20:49:54 [main] INFO  demoqaBase - You have Selected: You have selected :
workspace
react
angular
veu
2025-08-25 20:49:54 [main] INFO  demoqaBase - Test Elements|Home|Documents| Selecting WorkSpace|React-Anuglar-Veu Check Box Completed...
]]></system-out>
  </testcase>
  <testcase name="SelectingOffice" classname="tests.ElementsTests" time="1.631">
    <system-out><![CDATA[2025-08-25 20:49:54 [main] INFO  demoqaBase - Closing the Browser...
2025-08-25 20:49:54 [main] INFO  demoqaBase - Starting Web Browser...
2025-08-25 20:49:55 [main] INFO  demoqaBase - Navigating to demoqa.com Website
2025-08-25 20:50:03 [main] INFO  RetryUrlAccess - Successfully navigated to: https://demoqa.com
2025-08-25 20:50:03 [main] INFO  demoqaBase - Starting Test Elements|Home|Selecting Documents|Office Check Box Test...
Instance Variables Declared are: nullnull
2025-08-25 20:50:03 [main] INFO  demoqaBase - Accessing Elements Card...
2025-08-25 20:50:04 [main] INFO  RetryUrlAccess - Successfully navigated to: https://demoqa.com
2025-08-25 20:50:04 [main] INFO  demoqaLog - Clicking on Elements Card...
2025-08-25 20:50:04 [main] WARN  demoqaLog - ⚠️ JS click failed, falling back to native click.
2025-08-25 20:50:04 [main] INFO  demoqaLog - Clicked on Elements Card...
Title of this Page is: DEMOQA
You can now Access: Elements
 
Page Text is: Please select an item from left to start practice.
2025-08-25 20:50:04 [main] INFO  demoqaBase - Accessing Check Box...
Check Box
2025-08-25 20:50:04 [main] INFO  demoqaBase - You are accessing: Check Box
2025-08-25 20:50:04 [main] INFO  demoqaBase - Clicking on Home Toggle Button...
2025-08-25 20:50:05 [main] INFO  demoqaBase - Clicking on Documents Toggle Button...
2025-08-25 20:50:05 [main] INFO  demoqaBase - Selecting WorkSpace Check Box...
2025-08-25 20:50:05 [main] INFO  demoqaBase - Selected WorkSpace Check Box...
Information Submitted is: You have selected :
office
public
private
classified
general
2025-08-25 20:50:05 [main] INFO  demoqaBase - You have Selected: You have selected :
office
public
private
classified
general
2025-08-25 20:50:05 [main] INFO  demoqaBase - Test Elements|Home|Selecting Documents|Office Check Box Completed...
]]></system-out>
  </testcase>
  <testcase name="SelectPublic" classname="tests.ElementsTests" time="0.281">
    <failure message="no such element: Unable to locate element: {&quot;method&quot;:&quot;xpath&quot;,&quot;selector&quot;:&quot;//div[@class=&apos;category-cards&apos;]//div[1]//div[1]//div[2]//*[name()=&apos;svg&apos;]&quot;}&#10;  (Session info: chrome=137.0.7151.120)&#10;For documentation on this error, please visit: https://www.selenium.dev/documentation/webdriver/troubleshooting/errors#no-such-element-exception&#10;Build info: version: &apos;4.34.0&apos;, revision: &apos;707dcb4246*&apos;&#10;System info: os.name: &apos;Windows 11&apos;, os.arch: &apos;amd64&apos;, os.version: &apos;10.0&apos;, java.version: &apos;21.0.7&apos;&#10;Driver info: org.openqa.selenium.chrome.ChromeDriver&#10;Command: [9c61c706e71ac3127115021648f5da23, findElement {using=xpath, value=//div[@class=&apos;category-cards&apos;]//div[1]//div[1]//div[2]//*[name()=&apos;svg&apos;]}]&#10;Capabilities {acceptInsecureCerts: false, browserName: chrome, browserVersion: 137.0.7151.120, chrome: {chromedriverVersion: 137.0.7151.119 (e0ac9d12dff..., userDataDir: /tmp/chrome-profile-7d16662...}, fedcm:accounts: true, goog:chromeOptions: {debuggerAddress: localhost:52894}, networkConnectionEnabled: false, pageLoadStrategy: normal, platformName: windows, proxy: Proxy(), se:cdp: ws://localhost:52894/devtoo..., se:cdpVersion: 137.0.7151.120, setWindowRect: true, strictFileInteractability: false, timeouts: {implicit: 0, pageLoad: 300000, script: 30000}, unhandledPromptBehavior: dismiss and notify, webauthn:extension:credBlob: true, webauthn:extension:largeBlob: true, webauthn:extension:minPinLength: true, webauthn:extension:prf: true, webauthn:virtualAuthenticators: true}&#10;Session ID: 9c61c706e71ac3127115021648f5da23" type="org.openqa.selenium.NoSuchElementException"><![CDATA[org.openqa.selenium.NoSuchElementException: 
no such element: Unable to locate element: {"method":"xpath","selector":"//div[@class='category-cards']//div[1]//div[1]//div[2]//*[name()='svg']"}
  (Session info: chrome=137.0.7151.120)
For documentation on this error, please visit: https://www.selenium.dev/documentation/webdriver/troubleshooting/errors#no-such-element-exception
Build info: version: '4.34.0', revision: '707dcb4246*'
System info: os.name: 'Windows 11', os.arch: 'amd64', os.version: '10.0', java.version: '21.0.7'
Driver info: org.openqa.selenium.chrome.ChromeDriver
Command: [9c61c706e71ac3127115021648f5da23, findElement {using=xpath, value=//div[@class='category-cards']//div[1]//div[1]//div[2]//*[name()='svg']}]
Capabilities {acceptInsecureCerts: false, browserName: chrome, browserVersion: 137.0.7151.120, chrome: {chromedriverVersion: 137.0.7151.119 (e0ac9d12dff..., userDataDir: /tmp/chrome-profile-7d16662...}, fedcm:accounts: true, goog:chromeOptions: {debuggerAddress: localhost:52894}, networkConnectionEnabled: false, pageLoadStrategy: normal, platformName: windows, proxy: Proxy(), se:cdp: ws://localhost:52894/devtoo..., se:cdpVersion: 137.0.7151.120, setWindowRect: true, strictFileInteractability: false, timeouts: {implicit: 0, pageLoad: 300000, script: 30000}, unhandledPromptBehavior: dismiss and notify, webauthn:extension:credBlob: true, webauthn:extension:largeBlob: true, webauthn:extension:minPinLength: true, webauthn:extension:prf: true, webauthn:virtualAuthenticators: true}
Session ID: 9c61c706e71ac3127115021648f5da23
	at java.base/jdk.internal.reflect.DirectConstructorHandleAccessor.newInstance(DirectConstructorHandleAccessor.java:62)
	at java.base/java.lang.reflect.Constructor.newInstanceWithCaller(Constructor.java:502)
	at java.base/java.lang.reflect.Constructor.newInstance(Constructor.java:486)
	at org.openqa.selenium.remote.ErrorCodec.decode(ErrorCodec.java:167)
	at org.openqa.selenium.remote.codec.w3c.W3CHttpResponseCodec.decode(W3CHttpResponseCodec.java:138)
	at org.openqa.selenium.remote.codec.w3c.W3CHttpResponseCodec.decode(W3CHttpResponseCodec.java:50)
	at org.openqa.selenium.remote.HttpCommandExecutor.execute(HttpCommandExecutor.java:215)
	at org.openqa.selenium.remote.service.DriverCommandExecutor.invokeExecute(DriverCommandExecutor.java:216)
	at org.openqa.selenium.remote.service.DriverCommandExecutor.execute(DriverCommandExecutor.java:174)
	at org.openqa.selenium.remote.RemoteWebDriver.execute(RemoteWebDriver.java:544)
	at org.openqa.selenium.remote.ElementLocation$ElementFinder$2.findElement(ElementLocation.java:165)
	at org.openqa.selenium.remote.ElementLocation.findElement(ElementLocation.java:59)
	at org.openqa.selenium.remote.RemoteWebDriver.findElement(RemoteWebDriver.java:367)
	at org.openqa.selenium.remote.RemoteWebDriver.findElement(RemoteWebDriver.java:361)
	at pages.homePage.clickElementCard(homePage.java:24)
	at pages.elementsPage.accessElements(elementsPage.java:295)
	at tests.ElementsTests.SelectPublic(ElementsTests.java:275)
	at java.base/jdk.internal.reflect.DirectMethodHandleAccessor.invoke(DirectMethodHandleAccessor.java:103)
	at java.base/java.lang.reflect.Method.invoke(Method.java:580)
	at org.testng.internal.invokers.MethodInvocationHelper.invokeMethod(MethodInvocationHelper.java:141)
	at org.testng.internal.invokers.TestInvoker.invokeMethod(TestInvoker.java:687)
	at org.testng.internal.invokers.TestInvoker.invokeTestMethod(TestInvoker.java:230)
	at org.testng.internal.invokers.MethodRunner.runInSequence(MethodRunner.java:63)
	at org.testng.internal.invokers.TestInvoker$MethodInvocationAgent.invoke(TestInvoker.java:995)
	at org.testng.internal.invokers.TestInvoker.invokeTestMethods(TestInvoker.java:203)
	at org.testng.internal.invokers.TestMethodWorker.invokeTestMethods(TestMethodWorker.java:154)
	at org.testng.internal.invokers.TestMethodWorker.run(TestMethodWorker.java:134)
	at java.base/java.util.ArrayList.forEach(ArrayList.java:1596)
	at org.testng.TestRunner.privateRun(TestRunner.java:741)
	at org.testng.TestRunner.run(TestRunner.java:616)
	at org.testng.SuiteRunner.runTest(SuiteRunner.java:421)
	at org.testng.SuiteRunner.runSequentially(SuiteRunner.java:413)
	at org.testng.SuiteRunner.privateRun(SuiteRunner.java:373)
	at org.testng.SuiteRunner.run(SuiteRunner.java:312)
	at org.testng.SuiteRunnerWorker.runSuite(SuiteRunnerWorker.java:52)
	at org.testng.SuiteRunnerWorker.run(SuiteRunnerWorker.java:95)
	at org.testng.TestNG.runSuitesSequentially(TestNG.java:1274)
	at org.testng.TestNG.runSuitesLocally(TestNG.java:1208)
	at org.testng.TestNG.runSuites(TestNG.java:1112)
	at org.testng.TestNG.run(TestNG.java:1079)
	at org.apache.maven.surefire.testng.TestNGExecutor.run(TestNGExecutor.java:155)
	at org.apache.maven.surefire.testng.TestNGDirectoryTestSuite.executeMulti(TestNGDirectoryTestSuite.java:169)
	at org.apache.maven.surefire.testng.TestNGDirectoryTestSuite.execute(TestNGDirectoryTestSuite.java:88)
	at org.apache.maven.surefire.testng.TestNGProvider.invoke(TestNGProvider.java:137)
	at org.apache.maven.surefire.booter.ForkedBooter.runSuitesInProcess(ForkedBooter.java:385)
	at org.apache.maven.surefire.booter.ForkedBooter.execute(ForkedBooter.java:162)
	at org.apache.maven.surefire.booter.ForkedBooter.run(ForkedBooter.java:507)
	at org.apache.maven.surefire.booter.ForkedBooter.main(ForkedBooter.java:495)
]]></failure>
    <system-out><![CDATA[2025-08-25 20:50:05 [main] INFO  demoqaBase - Closing the Browser...
2025-08-25 20:50:05 [main] INFO  demoqaBase - Starting Web Browser...
2025-08-25 20:50:06 [main] INFO  demoqaBase - Navigating to demoqa.com Website
2025-08-25 20:50:35 [main] INFO  RetryUrlAccess - Successfully navigated to: https://demoqa.com
2025-08-25 20:50:35 [main] INFO  demoqaBase - Starting Test Elements|Home|Selecting Documents|Office|Public Check Box Test...
Instance Variables Declared are: nullnull
2025-08-25 20:50:35 [main] INFO  demoqaBase - Accessing Elements Card...
2025-08-25 20:50:35 [main] INFO  RetryUrlAccess - Successfully navigated to: https://demoqa.com
2025-08-25 20:50:35 [main] INFO  demoqaLog - Clicking on Elements Card...
]]></system-out>
  </testcase>
  <testcase name="SelectPrivate" classname="tests.ElementsTests" time="0.283">
    <failure message="no such element: Unable to locate element: {&quot;method&quot;:&quot;xpath&quot;,&quot;selector&quot;:&quot;//div[@class=&apos;category-cards&apos;]//div[1]//div[1]//div[2]//*[name()=&apos;svg&apos;]&quot;}&#10;  (Session info: chrome=137.0.7151.120)&#10;For documentation on this error, please visit: https://www.selenium.dev/documentation/webdriver/troubleshooting/errors#no-such-element-exception&#10;Build info: version: &apos;4.34.0&apos;, revision: &apos;707dcb4246*&apos;&#10;System info: os.name: &apos;Windows 11&apos;, os.arch: &apos;amd64&apos;, os.version: &apos;10.0&apos;, java.version: &apos;21.0.7&apos;&#10;Driver info: org.openqa.selenium.chrome.ChromeDriver&#10;Command: [9b0cdbdbc2065ddadf296d210445c854, findElement {using=xpath, value=//div[@class=&apos;category-cards&apos;]//div[1]//div[1]//div[2]//*[name()=&apos;svg&apos;]}]&#10;Capabilities {acceptInsecureCerts: false, browserName: chrome, browserVersion: 137.0.7151.120, chrome: {chromedriverVersion: 137.0.7151.119 (e0ac9d12dff..., userDataDir: /tmp/chrome-profile-897bd37...}, fedcm:accounts: true, goog:chromeOptions: {debuggerAddress: localhost:53051}, networkConnectionEnabled: false, pageLoadStrategy: normal, platformName: windows, proxy: Proxy(), se:cdp: ws://localhost:53051/devtoo..., se:cdpVersion: 137.0.7151.120, setWindowRect: true, strictFileInteractability: false, timeouts: {implicit: 0, pageLoad: 300000, script: 30000}, unhandledPromptBehavior: dismiss and notify, webauthn:extension:credBlob: true, webauthn:extension:largeBlob: true, webauthn:extension:minPinLength: true, webauthn:extension:prf: true, webauthn:virtualAuthenticators: true}&#10;Session ID: 9b0cdbdbc2065ddadf296d210445c854" type="org.openqa.selenium.NoSuchElementException"><![CDATA[org.openqa.selenium.NoSuchElementException: 
no such element: Unable to locate element: {"method":"xpath","selector":"//div[@class='category-cards']//div[1]//div[1]//div[2]//*[name()='svg']"}
  (Session info: chrome=137.0.7151.120)
For documentation on this error, please visit: https://www.selenium.dev/documentation/webdriver/troubleshooting/errors#no-such-element-exception
Build info: version: '4.34.0', revision: '707dcb4246*'
System info: os.name: 'Windows 11', os.arch: 'amd64', os.version: '10.0', java.version: '21.0.7'
Driver info: org.openqa.selenium.chrome.ChromeDriver
Command: [9b0cdbdbc2065ddadf296d210445c854, findElement {using=xpath, value=//div[@class='category-cards']//div[1]//div[1]//div[2]//*[name()='svg']}]
Capabilities {acceptInsecureCerts: false, browserName: chrome, browserVersion: 137.0.7151.120, chrome: {chromedriverVersion: 137.0.7151.119 (e0ac9d12dff..., userDataDir: /tmp/chrome-profile-897bd37...}, fedcm:accounts: true, goog:chromeOptions: {debuggerAddress: localhost:53051}, networkConnectionEnabled: false, pageLoadStrategy: normal, platformName: windows, proxy: Proxy(), se:cdp: ws://localhost:53051/devtoo..., se:cdpVersion: 137.0.7151.120, setWindowRect: true, strictFileInteractability: false, timeouts: {implicit: 0, pageLoad: 300000, script: 30000}, unhandledPromptBehavior: dismiss and notify, webauthn:extension:credBlob: true, webauthn:extension:largeBlob: true, webauthn:extension:minPinLength: true, webauthn:extension:prf: true, webauthn:virtualAuthenticators: true}
Session ID: 9b0cdbdbc2065ddadf296d210445c854
	at java.base/jdk.internal.reflect.DirectConstructorHandleAccessor.newInstance(DirectConstructorHandleAccessor.java:62)
	at java.base/java.lang.reflect.Constructor.newInstanceWithCaller(Constructor.java:502)
	at java.base/java.lang.reflect.Constructor.newInstance(Constructor.java:486)
	at org.openqa.selenium.remote.ErrorCodec.decode(ErrorCodec.java:167)
	at org.openqa.selenium.remote.codec.w3c.W3CHttpResponseCodec.decode(W3CHttpResponseCodec.java:138)
	at org.openqa.selenium.remote.codec.w3c.W3CHttpResponseCodec.decode(W3CHttpResponseCodec.java:50)
	at org.openqa.selenium.remote.HttpCommandExecutor.execute(HttpCommandExecutor.java:215)
	at org.openqa.selenium.remote.service.DriverCommandExecutor.invokeExecute(DriverCommandExecutor.java:216)
	at org.openqa.selenium.remote.service.DriverCommandExecutor.execute(DriverCommandExecutor.java:174)
	at org.openqa.selenium.remote.RemoteWebDriver.execute(RemoteWebDriver.java:544)
	at org.openqa.selenium.remote.ElementLocation$ElementFinder$2.findElement(ElementLocation.java:165)
	at org.openqa.selenium.remote.ElementLocation.findElement(ElementLocation.java:59)
	at org.openqa.selenium.remote.RemoteWebDriver.findElement(RemoteWebDriver.java:367)
	at org.openqa.selenium.remote.RemoteWebDriver.findElement(RemoteWebDriver.java:361)
	at pages.homePage.clickElementCard(homePage.java:24)
	at pages.elementsPage.accessElements(elementsPage.java:295)
	at tests.ElementsTests.SelectPrivate(ElementsTests.java:292)
	at java.base/jdk.internal.reflect.DirectMethodHandleAccessor.invoke(DirectMethodHandleAccessor.java:103)
	at java.base/java.lang.reflect.Method.invoke(Method.java:580)
	at org.testng.internal.invokers.MethodInvocationHelper.invokeMethod(MethodInvocationHelper.java:141)
	at org.testng.internal.invokers.TestInvoker.invokeMethod(TestInvoker.java:687)
	at org.testng.internal.invokers.TestInvoker.invokeTestMethod(TestInvoker.java:230)
	at org.testng.internal.invokers.MethodRunner.runInSequence(MethodRunner.java:63)
	at org.testng.internal.invokers.TestInvoker$MethodInvocationAgent.invoke(TestInvoker.java:995)
	at org.testng.internal.invokers.TestInvoker.invokeTestMethods(TestInvoker.java:203)
	at org.testng.internal.invokers.TestMethodWorker.invokeTestMethods(TestMethodWorker.java:154)
	at org.testng.internal.invokers.TestMethodWorker.run(TestMethodWorker.java:134)
	at java.base/java.util.ArrayList.forEach(ArrayList.java:1596)
	at org.testng.TestRunner.privateRun(TestRunner.java:741)
	at org.testng.TestRunner.run(TestRunner.java:616)
	at org.testng.SuiteRunner.runTest(SuiteRunner.java:421)
	at org.testng.SuiteRunner.runSequentially(SuiteRunner.java:413)
	at org.testng.SuiteRunner.privateRun(SuiteRunner.java:373)
	at org.testng.SuiteRunner.run(SuiteRunner.java:312)
	at org.testng.SuiteRunnerWorker.runSuite(SuiteRunnerWorker.java:52)
	at org.testng.SuiteRunnerWorker.run(SuiteRunnerWorker.java:95)
	at org.testng.TestNG.runSuitesSequentially(TestNG.java:1274)
	at org.testng.TestNG.runSuitesLocally(TestNG.java:1208)
	at org.testng.TestNG.runSuites(TestNG.java:1112)
	at org.testng.TestNG.run(TestNG.java:1079)
	at org.apache.maven.surefire.testng.TestNGExecutor.run(TestNGExecutor.java:155)
	at org.apache.maven.surefire.testng.TestNGDirectoryTestSuite.executeMulti(TestNGDirectoryTestSuite.java:169)
	at org.apache.maven.surefire.testng.TestNGDirectoryTestSuite.execute(TestNGDirectoryTestSuite.java:88)
	at org.apache.maven.surefire.testng.TestNGProvider.invoke(TestNGProvider.java:137)
	at org.apache.maven.surefire.booter.ForkedBooter.runSuitesInProcess(ForkedBooter.java:385)
	at org.apache.maven.surefire.booter.ForkedBooter.execute(ForkedBooter.java:162)
	at org.apache.maven.surefire.booter.ForkedBooter.run(ForkedBooter.java:507)
	at org.apache.maven.surefire.booter.ForkedBooter.main(ForkedBooter.java:495)
]]></failure>
    <system-out><![CDATA[Path for Screenshot is: C:\ASN\eclipse_workspace\demoqa-automation/screenshots/com.aventstack.extentreports.ExtentTest@25a2f432Test Failed+2025-08-25_20-50-35.png
2025-08-25 20:50:35 [main] INFO  demoqaBase - Closing the Browser...
2025-08-25 20:50:36 [main] INFO  demoqaBase - Starting Web Browser...
2025-08-25 20:50:37 [main] INFO  demoqaBase - Navigating to demoqa.com Website
2025-08-25 20:50:38 [main] INFO  RetryUrlAccess - Successfully navigated to: https://demoqa.com
2025-08-25 20:50:38 [main] INFO  demoqaBase - Starting Test Elements|Home|Selecting Documents|Office|Private Check Box Test...
Instance Variables Declared are: nullnull
2025-08-25 20:50:38 [main] INFO  demoqaBase - Accessing Elements Card...
2025-08-25 20:50:38 [main] INFO  RetryUrlAccess - Successfully navigated to: https://demoqa.com
2025-08-25 20:50:38 [main] INFO  demoqaLog - Clicking on Elements Card...
]]></system-out>
  </testcase>
  <testcase name="SelectClassified" classname="tests.ElementsTests" time="0.257">
    <failure message="no such element: Unable to locate element: {&quot;method&quot;:&quot;xpath&quot;,&quot;selector&quot;:&quot;//div[@class=&apos;category-cards&apos;]//div[1]//div[1]//div[2]//*[name()=&apos;svg&apos;]&quot;}&#10;  (Session info: chrome=137.0.7151.120)&#10;For documentation on this error, please visit: https://www.selenium.dev/documentation/webdriver/troubleshooting/errors#no-such-element-exception&#10;Build info: version: &apos;4.34.0&apos;, revision: &apos;707dcb4246*&apos;&#10;System info: os.name: &apos;Windows 11&apos;, os.arch: &apos;amd64&apos;, os.version: &apos;10.0&apos;, java.version: &apos;21.0.7&apos;&#10;Driver info: org.openqa.selenium.chrome.ChromeDriver&#10;Command: [31f6df1bf276a7e53104fe3afa36d04e, findElement {using=xpath, value=//div[@class=&apos;category-cards&apos;]//div[1]//div[1]//div[2]//*[name()=&apos;svg&apos;]}]&#10;Capabilities {acceptInsecureCerts: false, browserName: chrome, browserVersion: 137.0.7151.120, chrome: {chromedriverVersion: 137.0.7151.119 (e0ac9d12dff..., userDataDir: /tmp/chrome-profile-219164c...}, fedcm:accounts: true, goog:chromeOptions: {debuggerAddress: localhost:53082}, networkConnectionEnabled: false, pageLoadStrategy: normal, platformName: windows, proxy: Proxy(), se:cdp: ws://localhost:53082/devtoo..., se:cdpVersion: 137.0.7151.120, setWindowRect: true, strictFileInteractability: false, timeouts: {implicit: 0, pageLoad: 300000, script: 30000}, unhandledPromptBehavior: dismiss and notify, webauthn:extension:credBlob: true, webauthn:extension:largeBlob: true, webauthn:extension:minPinLength: true, webauthn:extension:prf: true, webauthn:virtualAuthenticators: true}&#10;Session ID: 31f6df1bf276a7e53104fe3afa36d04e" type="org.openqa.selenium.NoSuchElementException"><![CDATA[org.openqa.selenium.NoSuchElementException: 
no such element: Unable to locate element: {"method":"xpath","selector":"//div[@class='category-cards']//div[1]//div[1]//div[2]//*[name()='svg']"}
  (Session info: chrome=137.0.7151.120)
For documentation on this error, please visit: https://www.selenium.dev/documentation/webdriver/troubleshooting/errors#no-such-element-exception
Build info: version: '4.34.0', revision: '707dcb4246*'
System info: os.name: 'Windows 11', os.arch: 'amd64', os.version: '10.0', java.version: '21.0.7'
Driver info: org.openqa.selenium.chrome.ChromeDriver
Command: [31f6df1bf276a7e53104fe3afa36d04e, findElement {using=xpath, value=//div[@class='category-cards']//div[1]//div[1]//div[2]//*[name()='svg']}]
Capabilities {acceptInsecureCerts: false, browserName: chrome, browserVersion: 137.0.7151.120, chrome: {chromedriverVersion: 137.0.7151.119 (e0ac9d12dff..., userDataDir: /tmp/chrome-profile-219164c...}, fedcm:accounts: true, goog:chromeOptions: {debuggerAddress: localhost:53082}, networkConnectionEnabled: false, pageLoadStrategy: normal, platformName: windows, proxy: Proxy(), se:cdp: ws://localhost:53082/devtoo..., se:cdpVersion: 137.0.7151.120, setWindowRect: true, strictFileInteractability: false, timeouts: {implicit: 0, pageLoad: 300000, script: 30000}, unhandledPromptBehavior: dismiss and notify, webauthn:extension:credBlob: true, webauthn:extension:largeBlob: true, webauthn:extension:minPinLength: true, webauthn:extension:prf: true, webauthn:virtualAuthenticators: true}
Session ID: 31f6df1bf276a7e53104fe3afa36d04e
	at java.base/jdk.internal.reflect.DirectConstructorHandleAccessor.newInstance(DirectConstructorHandleAccessor.java:62)
	at java.base/java.lang.reflect.Constructor.newInstanceWithCaller(Constructor.java:502)
	at java.base/java.lang.reflect.Constructor.newInstance(Constructor.java:486)
	at org.openqa.selenium.remote.ErrorCodec.decode(ErrorCodec.java:167)
	at org.openqa.selenium.remote.codec.w3c.W3CHttpResponseCodec.decode(W3CHttpResponseCodec.java:138)
	at org.openqa.selenium.remote.codec.w3c.W3CHttpResponseCodec.decode(W3CHttpResponseCodec.java:50)
	at org.openqa.selenium.remote.HttpCommandExecutor.execute(HttpCommandExecutor.java:215)
	at org.openqa.selenium.remote.service.DriverCommandExecutor.invokeExecute(DriverCommandExecutor.java:216)
	at org.openqa.selenium.remote.service.DriverCommandExecutor.execute(DriverCommandExecutor.java:174)
	at org.openqa.selenium.remote.RemoteWebDriver.execute(RemoteWebDriver.java:544)
	at org.openqa.selenium.remote.ElementLocation$ElementFinder$2.findElement(ElementLocation.java:165)
	at org.openqa.selenium.remote.ElementLocation.findElement(ElementLocation.java:59)
	at org.openqa.selenium.remote.RemoteWebDriver.findElement(RemoteWebDriver.java:367)
	at org.openqa.selenium.remote.RemoteWebDriver.findElement(RemoteWebDriver.java:361)
	at pages.homePage.clickElementCard(homePage.java:24)
	at pages.elementsPage.accessElements(elementsPage.java:295)
	at tests.ElementsTests.SelectClassified(ElementsTests.java:309)
	at java.base/jdk.internal.reflect.DirectMethodHandleAccessor.invoke(DirectMethodHandleAccessor.java:103)
[...]
2025-08-25 21:21:56 [main] INFO  AssertFormData - ✅ [Hobbies] matched: 'Music,Reading'
2025-08-25 21:21:56 [main] INFO  AssertFormData - 🔍 [Subject] Raw expected='Accounting', Raw actual='Accounting'
2025-08-25 21:21:56 [main] INFO  AssertFormData - 🔧 [Subject] Normalized expected='Accounting', Normalized actual='Accounting'
2025-08-25 21:21:56 [main] INFO  AssertFormData - ✅ [Subject] matched: 'Accounting'
2025-08-25 21:21:56 [main] INFO  demoqaBase - Test Form Filling Completed for: Gene Femina
]]></system-out>
  </testcase>
  <testcase name="fillForm[UserFormData{firstName=&apos;Bud&apos;, lastName=&apos;Wisem&apos;, userMail=&apos;BWisem@demoqa.com&apos;, gender=&apos;Other&apos;, mobile=&apos;8.932465432E9&apos;, dob=&apos;31-12-1999&apos;, subject=&apos;Biology&apos;, hobbies=&apos;Reading&apos;, picturePath=&apos;/TestData/Ophoto.jpg&apos;, address=&apos;513 Grant 481, Prattsville\n Arkansas 72129\n United States&apos;, state=&apos;Haryana&apos;, city=&apos;Panipat&apos;}](3)" classname="tests.FormTests" time="5.248">
    <system-out><![CDATA[Path for Screenshot is: C:\ASN\eclipse_workspace\demoqa-automation/screenshots/fillForm Passed+2025-08-25_21-21-56.png
2025-08-25 21:21:56 [main] INFO  demoqaBase - Closing the Browser...
2025-08-25 21:21:57 [main] INFO  demoqaBase - Starting Web Browser...
2025-08-25 21:21:58 [main] INFO  demoqaBase - Navigating to demoqa.com Website
2025-08-25 21:22:28 [main] WARN  RetryUrlAccess - Attempt 1 failed due to retryable error: timeout: timed out receiving message from renderer: 29.049
  (session info: chrome=137.0.7151.120)
build info: version: '4.34.0', revision: '707dcb4246*'
system info: os.name: 'windows 11', os.arch: 'amd64', os.version: '10.0', java.version: '21.0.7'
driver info: org.openqa.selenium.chrome.chromedriver
command: [6c2b8888fb0f7041e0b916d89860a910, get {url=https://demoqa.com}]
capabilities {acceptinsecurecerts: false, browsername: chrome, browserversion: 137.0.7151.120, chrome: {chromedriverversion: 137.0.7151.119 (e0ac9d12dff..., userdatadir: /tmp/chrome-profile-b042cda...}, fedcm:accounts: true, goog:chromeoptions: {debuggeraddress: localhost:63075}, networkconnectionenabled: false, pageloadstrategy: normal, platformname: windows, proxy: proxy(), se:cdp: ws://localhost:63075/devtoo..., se:cdpversion: 137.0.7151.120, setwindowrect: true, strictfileinteractability: false, timeouts: {implicit: 0, pageload: 300000, script: 30000}, unhandledpromptbehavior: dismiss and notify, webauthn:extension:credblob: true, webauthn:extension:largeblob: true, webauthn:extension:minpinlength: true, webauthn:extension:prf: true, webauthn:virtualauthenticators: true}
session id: 6c2b8888fb0f7041e0b916d89860a910. Retrying after 3000ms...
2025-08-25 21:22:31 [main] INFO  RetryUrlAccess - Successfully navigated to: https://demoqa.com
2025-08-25 21:22:31 [main] INFO  demoqaBase - Starting Form Filling Test...
2025-08-25 21:22:32 [main] INFO  RetryUrlAccess - Successfully navigated to: https://demoqa.com
2025-08-25 21:22:32 [main] INFO  demoqaBase - Accessing Form Card...
2025-08-25 21:22:32 [main] INFO  RetryUrlAccess - Successfully navigated to: https://demoqa.com
2025-08-25 21:22:32 [main] INFO  demoqaLog - Clicking on Form Card...
2025-08-25 21:22:32 [main] INFO  demoqaLog - Clicked on Forms Card...
Page Text is: Please select an item from left to start practice.
2025-08-25 21:22:33 [main] INFO  demoqaBase - Clicking on Practice Form...
2025-08-25 21:22:33 [main] INFO  demoqaBase - Clicked on Practice Form...
2025-08-25 21:22:33 [main] INFO  demoqaBase - Filling form for: Bud Wisem
2025-08-25 21:22:33 [main] INFO  demoqaBase - Entering First Name...
2025-08-25 21:22:33 [main] INFO  demoqaBase - Entered First Name: Bud
Selected gender: Other
📅 Parsed DOB: 1999-12-31
📅 Parsed DOB: 1999-12-31
📥 Received DOB: 31-12-1999
📅 Normalized DOB: 31-12-1999
✅ Date selected: 31-12-1999
2025-08-25 21:22:34 [main] INFO  demoqaBase - Typed full subject: Biology
Typing subject: Biology
Dropdown Option: Biology
Selected: Biology
Selected hobby: reading
Uploaded photo: C:\ASN\eclipse_workspace\demoqa-automation//TestData/Ophoto.jpg
513 Grant 481, Prattsville
 Arkansas 72129
 United States
2025-08-25 21:22:35 [main] INFO  demoqaBase - Entering Address...
2025-08-25 21:22:35 [main] INFO  demoqaBase - Entered Address...
2025-08-25 21:22:35 [main] INFO  demoqaBase - Selecting State: Haryana
Available state option: NCR
Available state option: Uttar Pradesh
Available state option: Haryana
2025-08-25 21:22:35 [main] INFO  demoqaBase - Selected State: Haryana
2025-08-25 21:22:35 [main] INFO  demoqaBase - Selecting City: Panipat
Available city: Karnal
Available city: Panipat
2025-08-25 21:22:36 [main] INFO  demoqaBase - Selected City: Panipat
2025-08-25 21:22:36 [main] INFO  demoqaBase - Submitting Form...
2025-08-25 21:22:36 [main] INFO  demoqaBase - Form Submitted via normal click...
2025-08-25 21:22:36 [main] INFO  ConfirmationTableParser - 📋 Parsed [First Name] = 'Bud', [Last Name] = 'Wisem'
2025-08-25 21:22:36 [main] INFO  ConfirmationTableParser - 📋 Parsed [Email] = 'BWisem@demoqa.com'
2025-08-25 21:22:36 [main] INFO  ConfirmationTableParser - 📋 Parsed [Gender] = 'Other'
2025-08-25 21:22:36 [main] INFO  ConfirmationTableParser - 📋 Parsed [Mobile] = '8932465432'
2025-08-25 21:22:37 [main] INFO  ConfirmationTableParser - 📋 Parsed [DOB] = '31 December,1999'
2025-08-25 21:22:37 [main] INFO  ConfirmationTableParser - 📋 Parsed [Subject] = 'Biology'
2025-08-25 21:22:37 [main] INFO  ConfirmationTableParser - 📋 Parsed [Hobbies] = 'Reading'
2025-08-25 21:22:37 [main] INFO  ConfirmationTableParser - 📋 Parsed [Picture] = 'Ophoto.jpg'
2025-08-25 21:22:37 [main] INFO  ConfirmationTableParser - 📋 Parsed [Address] = '513 Grant 481, Prattsville Arkansas 72129 United States'
2025-08-25 21:22:37 [main] INFO  ConfirmationTableParser - 📋 Parsed [State] = 'Haryana', [City] = 'Panipat'
2025-08-25 21:22:37 [main] INFO  demoqaBase - 🧪 Starting confirmation assertion for user: Bud
2025-08-25 21:22:37 [main] INFO  AssertFormData - 🔍 [Email] Raw expected='BWisem@demoqa.com', Raw actual='BWisem@demoqa.com'
2025-08-25 21:22:37 [main] INFO  AssertFormData - 🔧 [Email] Normalized expected='BWisem@demoqa.com', Normalized actual='BWisem@demoqa.com'
2025-08-25 21:22:37 [main] INFO  AssertFormData - ✅ [Email] matched: 'BWisem@demoqa.com'
2025-08-25 21:22:37 [main] INFO  AssertFormData - 🔍 [Address] Raw expected='513 Grant 481, Prattsville\n Arkansas 72129\n United States', Raw actual='513 Grant 481, Prattsville Arkansas 72129 United States'
2025-08-25 21:22:37 [main] INFO  AssertFormData - 🔧 [Address] Normalized expected='513 Grant 481, Prattsville Arkansas 72129 United States', Normalized actual='513 Grant 481, Prattsville Arkansas 72129 United States'
2025-08-25 21:22:37 [main] INFO  AssertFormData - ✅ [Address] matched: '513 Grant 481, Prattsville Arkansas 72129 United States'
2025-08-25 21:22:37 [main] INFO  AssertFormData - 🔍 [DOB] Raw expected='31-12-1999', Raw actual='31 December,1999'
2025-08-25 21:22:37 [main] INFO  AssertFormData - 🔧 [DOB] Normalized expected='31-12-1999', Normalized actual='31-12-1999'
2025-08-25 21:22:37 [main] INFO  AssertFormData - ✅ [DOB] matched: '31-12-1999'
2025-08-25 21:22:37 [main] INFO  AssertFormData - 🔍 [Picture] Raw expected='Ophoto.jpg', Raw actual='Ophoto.jpg'
2025-08-25 21:22:37 [main] INFO  AssertFormData - 🔧 [Picture] Normalized expected='Ophoto.jpg', Normalized actual='Ophoto.jpg'
2025-08-25 21:22:37 [main] INFO  AssertFormData - ✅ [Picture] matched: 'Ophoto.jpg'
2025-08-25 21:22:37 [main] INFO  AssertFormData - 🔍 [State] Raw expected='Haryana', Raw actual='Haryana'
2025-08-25 21:22:37 [main] INFO  AssertFormData - 🔧 [State] Normalized expected='Haryana', Normalized actual='Haryana'
2025-08-25 21:22:37 [main] INFO  AssertFormData - ✅ [State] matched: 'Haryana'
2025-08-25 21:22:37 [main] INFO  AssertFormData - 🔍 [First Name] Raw expected='Bud', Raw actual='Bud'
2025-08-25 21:22:37 [main] INFO  AssertFormData - 🔧 [First Name] Normalized expected='Bud', Normalized actual='Bud'
2025-08-25 21:22:37 [main] INFO  AssertFormData - ✅ [First Name] matched: 'Bud'
2025-08-25 21:22:37 [main] INFO  AssertFormData - 🔍 [Gender] Raw expected='Other', Raw actual='Other'
2025-08-25 21:22:37 [main] INFO  AssertFormData - 🔧 [Gender] Normalized expected='Other', Normalized actual='Other'
2025-08-25 21:22:37 [main] INFO  AssertFormData - ✅ [Gender] matched: 'Other'
2025-08-25 21:22:37 [main] INFO  AssertFormData - 🔍 [City] Raw expected='Panipat', Raw actual='Panipat'
2025-08-25 21:22:37 [main] INFO  AssertFormData - 🔧 [City] Normalized expected='Panipat', Normalized actual='Panipat'
2025-08-25 21:22:37 [main] INFO  AssertFormData - ✅ [City] matched: 'Panipat'
2025-08-25 21:22:37 [main] INFO  AssertFormData - 🔍 [Last Name] Raw expected='Wisem', Raw actual='Wisem'
2025-08-25 21:22:37 [main] INFO  AssertFormData - 🔧 [Last Name] Normalized expected='Wisem', Normalized actual='Wisem'
2025-08-25 21:22:37 [main] INFO  AssertFormData - ✅ [Last Name] matched: 'Wisem'
2025-08-25 21:22:37 [main] INFO  AssertFormData - 🔍 [Mobile] Raw expected='8932465432', Raw actual='8932465432'
2025-08-25 21:22:37 [main] INFO  AssertFormData - 🔧 [Mobile] Normalized expected='8932465432', Normalized actual='8932465432'
2025-08-25 21:22:37 [main] INFO  AssertFormData - ✅ [Mobile] matched: '8932465432'
2025-08-25 21:22:37 [main] INFO  AssertFormData - 🔍 [Hobbies] Raw expected='Reading', Raw actual='Reading'
2025-08-25 21:22:37 [main] INFO  AssertFormData - 🔧 [Hobbies] Normalized expected='Reading', Normalized actual='Reading'
2025-08-25 21:22:37 [main] INFO  AssertFormData - ✅ [Hobbies] matched: 'Reading'
2025-08-25 21:22:37 [main] INFO  AssertFormData - 🔍 [Subject] Raw expected='Biology', Raw actual='Biology'
2025-08-25 21:22:37 [main] INFO  AssertFormData - 🔧 [Subject] Normalized expected='Biology', Normalized actual='Biology'
2025-08-25 21:22:37 [main] INFO  AssertFormData - ✅ [Subject] matched: 'Biology'
2025-08-25 21:22:37 [main] INFO  demoqaBase - Test Form Filling Completed for: Bud Wisem
]]></system-out>
  </testcase>
  <testcase name="fillForm[UserFormData{firstName=&apos;Tom&apos;, lastName=&apos;Boss&apos;, userMail=&apos;TBoss@demoqa.com&apos;, gender=&apos;Male&apos;, mobile=&apos;7.839875281E9&apos;, dob=&apos;26-01-2003&apos;, subject=&apos;Social Studies&apos;, hobbies=&apos;Sports,Reading&apos;, picturePath=&apos;/TestData/M2photo.jpg&apos;, address=&apos;514 Grant 481, Prattsville\n Arkansas 72129\n United States&apos;, state=&apos;Rajasthan&apos;, city=&apos;Jaiselmer&apos;}](4)" classname="tests.FormTests" time="6.099">
    <system-out><![CDATA[Path for Screenshot is: C:\ASN\eclipse_workspace\demoqa-automation/screenshots/fillForm Passed+2025-08-25_21-22-37.png
2025-08-25 21:22:37 [main] INFO  demoqaBase - Closing the Browser...
2025-08-25 21:22:37 [main] INFO  demoqaBase - Starting Web Browser...
2025-08-25 21:22:38 [main] INFO  demoqaBase - Navigating to demoqa.com Website
2025-08-25 21:23:08 [main] WARN  RetryUrlAccess - Attempt 1 failed due to retryable error: timeout: timed out receiving message from renderer: 29.095
  (session info: chrome=137.0.7151.120)
build info: version: '4.34.0', revision: '707dcb4246*'
system info: os.name: 'windows 11', os.arch: 'amd64', os.version: '10.0', java.version: '21.0.7'
driver info: org.openqa.selenium.chrome.chromedriver
command: [c359d3666ed042b4ff0b164100aac50c, get {url=https://demoqa.com}]
capabilities {acceptinsecurecerts: false, browsername: chrome, browserversion: 137.0.7151.120, chrome: {chromedriverversion: 137.0.7151.119 (e0ac9d12dff..., userdatadir: /tmp/chrome-profile-6c56d34...}, fedcm:accounts: true, goog:chromeoptions: {debuggeraddress: localhost:63268}, networkconnectionenabled: false, pageloadstrategy: normal, platformname: windows, proxy: proxy(), se:cdp: ws://localhost:63268/devtoo..., se:cdpversion: 137.0.7151.120, setwindowrect: true, strictfileinteractability: false, timeouts: {implicit: 0, pageload: 300000, script: 30000}, unhandledpromptbehavior: dismiss and notify, webauthn:extension:credblob: true, webauthn:extension:largeblob: true, webauthn:extension:minpinlength: true, webauthn:extension:prf: true, webauthn:virtualauthenticators: true}
session id: c359d3666ed042b4ff0b164100aac50c. Retrying after 3000ms...
2025-08-25 21:23:12 [main] INFO  RetryUrlAccess - Successfully navigated to: https://demoqa.com
2025-08-25 21:23:12 [main] INFO  demoqaBase - Starting Form Filling Test...
2025-08-25 21:23:13 [main] INFO  RetryUrlAccess - Successfully navigated to: https://demoqa.com
2025-08-25 21:23:13 [main] INFO  demoqaBase - Accessing Form Card...
2025-08-25 21:23:13 [main] INFO  RetryUrlAccess - Successfully navigated to: https://demoqa.com
2025-08-25 21:23:13 [main] INFO  demoqaLog - Clicking on Form Card...
2025-08-25 21:23:14 [main] INFO  demoqaLog - Clicked on Forms Card...
Page Text is: Please select an item from left to start practice.
2025-08-25 21:23:14 [main] INFO  demoqaBase - Clicking on Practice Form...
2025-08-25 21:23:14 [main] INFO  demoqaBase - Clicked on Practice Form...
2025-08-25 21:23:14 [main] INFO  demoqaBase - Filling form for: Tom Boss
2025-08-25 21:23:14 [main] INFO  demoqaBase - Entering First Name...
2025-08-25 21:23:14 [main] INFO  demoqaBase - Entered First Name: Tom
Selected gender: Male
📅 Parsed DOB: 2003-01-26
📅 Parsed DOB: 2003-01-26
📥 Received DOB: 26-01-2003
📅 Normalized DOB: 26-01-2003
✅ Date selected: 26-01-2003
2025-08-25 21:23:15 [main] INFO  demoqaBase - Typed full subject: Social Studies
Typing subject: Social Studies
Dropdown Option: Social Studies
Selected: Social Studies
Selected hobby: sports
Selected hobby: reading
Uploaded photo: C:\ASN\eclipse_workspace\demoqa-automation//TestData/M2photo.jpg
514 Grant 481, Prattsville
 Arkansas 72129
 United States
2025-08-25 21:23:16 [main] INFO  demoqaBase - Entering Address...
2025-08-25 21:23:17 [main] INFO  demoqaBase - Entered Address...
2025-08-25 21:23:17 [main] INFO  demoqaBase - Selecting State: Rajasthan
Available state option: NCR
Available state option: Uttar Pradesh
Available state option: Haryana
Available state option: Rajasthan
2025-08-25 21:23:17 [main] INFO  demoqaBase - Selected State: Rajasthan
2025-08-25 21:23:17 [main] INFO  demoqaBase - Selecting City: Jaiselmer
Available city: Jaipur
Available city: Jaiselmer
2025-08-25 21:23:17 [main] INFO  demoqaBase - Selected City: Jaiselmer
2025-08-25 21:23:17 [main] INFO  demoqaBase - Submitting Form...
2025-08-25 21:23:18 [main] INFO  demoqaBase - Form Submitted via normal click...
2025-08-25 21:23:18 [main] INFO  ConfirmationTableParser - 📋 Parsed [First Name] = 'Tom', [Last Name] = 'Boss'
2025-08-25 21:23:18 [main] INFO  ConfirmationTableParser - 📋 Parsed [Email] = 'TBoss@demoqa.com'
2025-08-25 21:23:18 [main] INFO  ConfirmationTableParser - 📋 Parsed [Gender] = 'Male'
2025-08-25 21:23:18 [main] INFO  ConfirmationTableParser - 📋 Parsed [Mobile] = '7839875281'
2025-08-25 21:23:18 [main] INFO  ConfirmationTableParser - 📋 Parsed [DOB] = '26 January,2003'
2025-08-25 21:23:18 [main] INFO  ConfirmationTableParser - 📋 Parsed [Subject] = 'Social Studies'
2025-08-25 21:23:18 [main] INFO  ConfirmationTableParser - 📋 Parsed [Hobbies] = 'Sports, Reading'
2025-08-25 21:23:18 [main] INFO  ConfirmationTableParser - 📋 Parsed [Picture] = 'M2photo.jpg'
2025-08-25 21:23:18 [main] INFO  ConfirmationTableParser - 📋 Parsed [Address] = '514 Grant 481, Prattsville Arkansas 72129 United States'
2025-08-25 21:23:18 [main] INFO  ConfirmationTableParser - 📋 Parsed [State] = 'Rajasthan', [City] = 'Jaiselmer'
2025-08-25 21:23:18 [main] INFO  demoqaBase - 🧪 Starting confirmation assertion for user: Tom
2025-08-25 21:23:18 [main] INFO  AssertFormData - 🔍 [Email] Raw expected='TBoss@demoqa.com', Raw actual='TBoss@demoqa.com'
2025-08-25 21:23:18 [main] INFO  AssertFormData - 🔧 [Email] Normalized expected='TBoss@demoqa.com', Normalized actual='TBoss@demoqa.com'
2025-08-25 21:23:18 [main] INFO  AssertFormData - ✅ [Email] matched: 'TBoss@demoqa.com'
2025-08-25 21:23:18 [main] INFO  AssertFormData - 🔍 [Address] Raw expected='514 Grant 481, Prattsville\n Arkansas 72129\n United States', Raw actual='514 Grant 481, Prattsville Arkansas 72129 United States'
2025-08-25 21:23:18 [main] INFO  AssertFormData - 🔧 [Address] Normalized expected='514 Grant 481, Prattsville Arkansas 72129 United States', Normalized actual='514 Grant 481, Prattsville Arkansas 72129 United States'
2025-08-25 21:23:18 [main] INFO  AssertFormData - ✅ [Address] matched: '514 Grant 481, Prattsville Arkansas 72129 United States'
2025-08-25 21:23:18 [main] INFO  AssertFormData - 🔍 [DOB] Raw expected='26-01-2003', Raw actual='26 January,2003'
2025-08-25 21:23:18 [main] INFO  AssertFormData - 🔧 [DOB] Normalized expected='26-01-2003', Normalized actual='26-01-2003'
2025-08-25 21:23:18 [main] INFO  AssertFormData - ✅ [DOB] matched: '26-01-2003'
2025-08-25 21:23:18 [main] INFO  AssertFormData - 🔍 [Picture] Raw expected='M2photo.jpg', Raw actual='M2photo.jpg'
2025-08-25 21:23:18 [main] INFO  AssertFormData - 🔧 [Picture] Normalized expected='M2photo.jpg', Normalized actual='M2photo.jpg'
2025-08-25 21:23:18 [main] INFO  AssertFormData - ✅ [Picture] matched: 'M2photo.jpg'
2025-08-25 21:23:18 [main] INFO  AssertFormData - 🔍 [State] Raw expected='Rajasthan', Raw actual='Rajasthan'
2025-08-25 21:23:18 [main] INFO  AssertFormData - 🔧 [State] Normalized expected='Rajasthan', Normalized actual='Rajasthan'
2025-08-25 21:23:18 [main] INFO  AssertFormData - ✅ [State] matched: 'Rajasthan'
2025-08-25 21:23:18 [main] INFO  AssertFormData - 🔍 [First Name] Raw expected='Tom', Raw actual='Tom'
2025-08-25 21:23:18 [main] INFO  AssertFormData - 🔧 [First Name] Normalized expected='Tom', Normalized actual='Tom'
2025-08-25 21:23:18 [main] INFO  AssertFormData - ✅ [First Name] matched: 'Tom'
2025-08-25 21:23:18 [main] INFO  AssertFormData - 🔍 [Gender] Raw expected='Male', Raw actual='Male'
2025-08-25 21:23:18 [main] INFO  AssertFormData - 🔧 [Gender] Normalized expected='Male', Normalized actual='Male'
2025-08-25 21:23:18 [main] INFO  AssertFormData - ✅ [Gender] matched: 'Male'
2025-08-25 21:23:18 [main] INFO  AssertFormData - 🔍 [City] Raw expected='Jaiselmer', Raw actual='Jaiselmer'
2025-08-25 21:23:18 [main] INFO  AssertFormData - 🔧 [City] Normalized expected='Jaiselmer', Normalized actual='Jaiselmer'
2025-08-25 21:23:18 [main] INFO  AssertFormData - ✅ [City] matched: 'Jaiselmer'
2025-08-25 21:23:18 [main] INFO  AssertFormData - 🔍 [Last Name] Raw expected='Boss', Raw actual='Boss'
2025-08-25 21:23:18 [main] INFO  AssertFormData - 🔧 [Last Name] Normalized expected='Boss', Normalized actual='Boss'
2025-08-25 21:23:18 [main] INFO  AssertFormData - ✅ [Last Name] matched: 'Boss'
2025-08-25 21:23:18 [main] INFO  AssertFormData - 🔍 [Mobile] Raw expected='7839875281', Raw actual='7839875281'
2025-08-25 21:23:18 [main] INFO  AssertFormData - 🔧 [Mobile] Normalized expected='7839875281', Normalized actual='7839875281'
2025-08-25 21:23:18 [main] INFO  AssertFormData - ✅ [Mobile] matched: '7839875281'
2025-08-25 21:23:18 [main] INFO  AssertFormData - 🔍 [Hobbies] Raw expected='Sports,Reading', Raw actual='Sports, Reading'
2025-08-25 21:23:18 [main] INFO  AssertFormData - 🔧 [Hobbies] Normalized expected='Sports,Reading', Normalized actual='Sports,Reading'
2025-08-25 21:23:18 [main] INFO  AssertFormData - ✅ [Hobbies] matched: 'Sports,Reading'
2025-08-25 21:23:18 [main] INFO  AssertFormData - 🔍 [Subject] Raw expected='Social Studies', Raw actual='Social Studies'
2025-08-25 21:23:18 [main] INFO  AssertFormData - 🔧 [Subject] Normalized expected='Social Studies', Normalized actual='Social Studies'
2025-08-25 21:23:18 [main] INFO  AssertFormData - ✅ [Subject] matched: 'Social Studies'
2025-08-25 21:23:18 [main] INFO  demoqaBase - Test Form Filling Completed for: Tom Boss
]]></system-out>
  </testcase>
</testsuite>