<?xml version="1.0" encoding="UTF-8"?>
<testsuite xmlns:xsi="http://www.w3.org/2001/XMLSchema-instance" xsi:noNamespaceSchemaLocation="https://maven.apache.org/surefire/maven-surefire-plugin/xsd/surefire-test-report-3.0.xsd" version="3.0" name="TestSuite" time="4789.122" tests="123" errors="0" skipped="0" failures="3">
  <properties>
[...]
</properties>
  <testcase name="accessAlertsFrameWindows" classname="tests.AlertsFramesWindowsTests" time="0.338">
    <system-out><![CDATA[2025-09-11T11:33:00.990713100Z main INFO Starting configuration XmlConfiguration[location=C:\ASN\eclipse_workspace\demoqa-automation\target\classes\log4j2.xml, lastModified=2025-09-11T04:15:37.379Z]...
2025-09-11T11:33:00.992968400Z main INFO Start watching for changes to C:\ASN\eclipse_workspace\demoqa-automation\target\classes\log4j2.xml every 0 seconds
2025-09-11T11:33:00.992968400Z main INFO Configuration XmlConfiguration[location=C:\ASN\eclipse_workspace\demoqa-automation\target\classes\log4j2.xml, lastModified=2025-09-11T04:15:37.379Z] started.
2025-09-11T11:33:00.996232800Z main INFO Stopping configuration org.apache.logging.log4j.core.config.DefaultConfiguration@46cdf8bd...
2025-09-11T11:33:00.998242400Z main INFO Configuration org.apache.logging.log4j.core.config.DefaultConfiguration@46cdf8bd stopped.
2025-09-11 17:03:01 [main] INFO  DriverFactory - 🌐 Starting Chrome Web Browser...
2025-09-11 17:03:01 [main] INFO  DriverFactory - ✅ Created temporary Chrome profile at C:\Users\dell\AppData\Local\Temp\chrome-profile-4944616763653027064
2025-09-11 17:03:03 [main] INFO  DriverFactory - 🚀 WebDriver started successfully
2025-09-11 17:03:03 [main] INFO  RetryUrlAccess - Navigating to URL (attempt 1): https://demoqa.com
2025-09-11 17:03:19 [main] INFO  demoqaBase - 🧪 Starting Test Alerts, Frames & Windows...
2025-09-11 17:03:19 [main] INFO  demoqaBase - Accessing Alerts, Frame & Windows Card...
Declared Instance WebDriverWait: org.openqa.selenium.support.ui.WebDriverWait@39109136
2025-09-11 17:03:19 [main] INFO  demoqaLog - Clicking on Alert Frame & Windows Card...
2025-09-11 17:03:20 [main] INFO  demoqaLog - Clicked on Alert Frame & Windows Card...
Title of this Page is: DEMOQA
You are Accessing: Alerts, Frame & Windows
2025-09-11 17:03:20 [main] INFO  demoqaBase - Alerts, Frame & Windows Card: Please select an item from left to start practice.
2025-09-11 17:03:20 [main] INFO  demoqaBase - ✅ Alerts, Frames & Windows Test Completed...
]]></system-out>
    <system-err><![CDATA[SLF4J(W): No SLF4J providers were found.
SLF4J(W): Defaulting to no-operation (NOP) logger implementation
SLF4J(W): See https://www.slf4j.org/codes.html#noProviders for further details.
]]></system-err>
  </testcase>
  <testcase name="browserWindows" classname="tests.AlertsFramesWindowsTests" time="0.554">
    <system-out><![CDATA[2025-09-11 17:03:20 [main] INFO  demoqaBase - Closing browser for test: accessAlertsFrameWindows
2025-09-11 17:03:20 [main] INFO  DriverFactory - 🌐 Starting Chrome Web Browser...
2025-09-11 17:03:20 [main] INFO  DriverFactory - ✅ Created temporary Chrome profile at C:\Users\dell\AppData\Local\Temp\chrome-profile-6703530320096471786
2025-09-11 17:03:21 [main] INFO  DriverFactory - 🚀 WebDriver started successfully
2025-09-11 17:03:21 [main] INFO  RetryUrlAccess - Navigating to URL (attempt 1): https://demoqa.com
2025-09-11 17:04:04 [main] INFO  demoqaBase - 🧪 Starting Test Alerts, Frames & Windows...
2025-09-11 17:04:04 [main] INFO  demoqaBase - Accessing Alerts, Frame & Windows Card...
Declared Instance WebDriverWait: org.openqa.selenium.support.ui.WebDriverWait@36f1046f
2025-09-11 17:04:04 [main] INFO  demoqaLog - Clicking on Alert Frame & Windows Card...
2025-09-11 17:04:04 [main] INFO  demoqaLog - Clicked on Alert Frame & Windows Card...
Title of this Page is: DEMOQA
You are Accessing: Alerts, Frame & Windows
2025-09-11 17:04:04 [main] INFO  demoqaBase - Alerts, Frame & Windows Card: Please select an item from left to start practice.
2025-09-11 17:04:04 [main] INFO  demoqaBase - Clicking on Alerts, Frame & Windows Card|Browser Windows...
You are now Accessing: Browser Windows
2025-09-11 17:04:05 [main] INFO  demoqaBase - You are now Accessing: Browser Windows
2025-09-11 17:04:05 [main] INFO  demoqaBase - ✅ Alerts, Frames & Windows|Browser Windows Test Completed...
]]></system-out>
  </testcase>
  <testcase name="browserWindowsNewTab" classname="tests.AlertsFramesWindowsTests" time="1.282">
    <system-out><![CDATA[2025-09-11 17:04:05 [main] INFO  demoqaBase - Closing browser for test: browserWindows
2025-09-11 17:04:05 [main] INFO  DriverFactory - 🌐 Starting Chrome Web Browser...
2025-09-11 17:04:05 [main] INFO  DriverFactory - ✅ Created temporary Chrome profile at C:\Users\dell\AppData\Local\Temp\chrome-profile-9788623611057664179
2025-09-11 17:04:06 [main] INFO  DriverFactory - 🚀 WebDriver started successfully
2025-09-11 17:04:06 [main] INFO  RetryUrlAccess - Navigating to URL (attempt 1): https://demoqa.com
2025-09-11 17:04:11 [main] INFO  demoqaBase - 🧪 Starting Test Alerts, Frames & Windows|New Tab...
2025-09-11 17:04:11 [main] INFO  demoqaBase - Accessing Alerts, Frame & Windows Card...
Declared Instance WebDriverWait: org.openqa.selenium.support.ui.WebDriverWait@5ae95707
2025-09-11 17:04:11 [main] INFO  demoqaLog - Clicking on Alert Frame & Windows Card...
2025-09-11 17:04:12 [main] INFO  demoqaLog - Clicked on Alert Frame & Windows Card...
Title of this Page is: DEMOQA
You are Accessing: Alerts, Frame & Windows
2025-09-11 17:04:12 [main] INFO  demoqaBase - Alerts, Frame & Windows Card: Please select an item from left to start practice.
2025-09-11 17:04:12 [main] INFO  demoqaBase - Clicking on Alerts, Frame & Windows Card|Browser Windows...
You are now Accessing: Browser Windows
2025-09-11 17:04:12 [main] INFO  demoqaBase - You are now Accessing: Browser Windows
2025-09-11 17:04:12 [main] INFO  demoqaBase - Initiating New Tab click sequence...
2025-09-11 17:04:12 [main] INFO  demoqaBase - Clicked New Tab button
2025-09-11 17:04:12 [main] INFO  demoqaBase - Switched to new tab: 9BCC97BB1C7FCC0BD8D5A1C36522018B
2025-09-11 17:04:13 [main] INFO  demoqaBase - New tab content: 'This is a sample page'
You are now accessing: This is a sample page
2025-09-11 17:04:13 [main] INFO  demoqaBase - ✅ Alerts, Frames & Windows|Browser Windows|New Tab Test Completed...
]]></system-out>
  </testcase>
  <testcase name="browserWindowsNewWindow" classname="tests.AlertsFramesWindowsTests" time="1.18">
    <system-out><![CDATA[2025-09-11 17:04:13 [main] INFO  demoqaBase - Closing browser for test: browserWindowsNewTab
2025-09-11 17:04:13 [main] INFO  DriverFactory - 🌐 Starting Chrome Web Browser...
2025-09-11 17:04:13 [main] INFO  DriverFactory - ✅ Created temporary Chrome profile at C:\Users\dell\AppData\Local\Temp\chrome-profile-3719988853410526889
2025-09-11 17:04:14 [main] INFO  DriverFactory - 🚀 WebDriver started successfully
2025-09-11 17:04:14 [main] INFO  RetryUrlAccess - Navigating to URL (attempt 1): https://demoqa.com
2025-09-11 17:04:29 [main] INFO  demoqaBase - 🧪 Starting Test Alerts, Frames & Windows|New Window...
2025-09-11 17:04:29 [main] INFO  demoqaBase - Accessing Alerts, Frame & Windows Card...
Declared Instance WebDriverWait: org.openqa.selenium.support.ui.WebDriverWait@5853495b
2025-09-11 17:04:29 [main] INFO  demoqaLog - Clicking on Alert Frame & Windows Card...
2025-09-11 17:04:29 [main] INFO  demoqaLog - Clicked on Alert Frame & Windows Card...
Title of this Page is: DEMOQA
You are Accessing: Alerts, Frame & Windows
2025-09-11 17:04:29 [main] INFO  demoqaBase - Alerts, Frame & Windows Card: Please select an item from left to start practice.
2025-09-11 17:04:29 [main] INFO  demoqaBase - Clicking on Alerts, Frame & Windows Card|Browser Windows...
You are now Accessing: Browser Windows
2025-09-11 17:04:29 [main] INFO  demoqaBase - You are now Accessing: Browser Windows
2025-09-11 17:04:29 [main] INFO  demoqaBase - Initiating New Window click sequence...
2025-09-11 17:04:30 [main] INFO  demoqaBase - Clicked New Window button
2025-09-11 17:04:30 [main] INFO  demoqaBase - Switched to new tab: 39B26C8675518FD2CF8935714340E494
2025-09-11 17:04:30 [main] INFO  demoqaBase - New tab content: 'This is a sample page'
You are now accessing: This is a sample page
2025-09-11 17:04:30 [main] INFO  demoqaBase - ✅ Alerts, Frames & Windows|Browser Windows|New Window Test Completed...
]]></system-out>
  </testcase>
  <testcase name="browserWindowsNewWindowMsg" classname="tests.AlertsFramesWindowsTests" time="1.364">
    <system-out><![CDATA[2025-09-11 17:04:30 [main] INFO  demoqaBase - Closing browser for test: browserWindowsNewWindow
2025-09-11 17:04:32 [main] INFO  DriverFactory - 🌐 Starting Chrome Web Browser...
2025-09-11 17:04:32 [main] INFO  DriverFactory - ✅ Created temporary Chrome profile at C:\Users\dell\AppData\Local\Temp\chrome-profile-9405173491698213354
2025-09-11 17:04:35 [main] INFO  DriverFactory - 🚀 WebDriver started successfully
2025-09-11 17:04:35 [main] INFO  RetryUrlAccess - Navigating to URL (attempt 1): https://demoqa.com
2025-09-11 17:05:06 [main] INFO  demoqaBase - 🧪 Starting Test Alerts, Frames & Windows|New Window Message...
2025-09-11 17:05:06 [main] INFO  demoqaBase - Accessing Alerts, Frame & Windows Card...
Declared Instance WebDriverWait: org.openqa.selenium.support.ui.WebDriverWait@53ec2968
2025-09-11 17:05:06 [main] INFO  demoqaLog - Clicking on Alert Frame & Windows Card...
2025-09-11 17:05:07 [main] INFO  demoqaLog - Clicked on Alert Frame & Windows Card...
Title of this Page is: DEMOQA
You are Accessing: Alerts, Frame & Windows
2025-09-11 17:05:07 [main] INFO  demoqaBase - Alerts, Frame & Windows Card: Please select an item from left to start practice.
2025-09-11 17:05:07 [main] INFO  demoqaBase - Clicking on Alerts, Frame & Windows Card|Browser Windows...
You are now Accessing: Browser Windows
2025-09-11 17:05:07 [main] INFO  demoqaBase - You are now Accessing: Browser Windows
2025-09-11 17:05:07 [main] INFO  demoqaBase - 🔍 Starting 'New Window Message' click sequence...
2025-09-11 17:05:08 [main] INFO  demoqaBase - 🔀 Switched to new window: 53019923413DBEA16072C307774EF543
2025-09-11 17:05:08 [main] INFO  demoqaBase - ✅ Verified new popup window opened successfully.
2025-09-11 17:05:08 [main] INFO  demoqaBase - ↩️ Switched back to original window: B20CFBF5A8C06D71F97CF14D8B091BE8
2025-09-11 17:05:08 [main] INFO  demoqaBase - ✅ 'New Window Message' flow completed successfully.
2025-09-11 17:05:08 [main] INFO  demoqaBase - ✅ Alerts, Frames & Windows|Browser Windows|New Window Message Test Completed...
]]></system-out>
  </testcase>
  <testcase name="ClickAlerts" classname="tests.AlertsFramesWindowsTests" time="0.534">
    <system-out><![CDATA[2025-09-11 17:05:08 [main] INFO  demoqaBase - Closing browser for test: browserWindowsNewWindowMsg
2025-09-11 17:05:08 [main] INFO  DriverFactory - 🌐 Starting Chrome Web Browser...
2025-09-11 17:05:08 [main] INFO  DriverFactory - ✅ Created temporary Chrome profile at C:\Users\dell\AppData\Local\Temp\chrome-profile-6713691361459795925
2025-09-11 17:05:09 [main] INFO  DriverFactory - 🚀 WebDriver started successfully
2025-09-11 17:05:09 [main] INFO  RetryUrlAccess - Navigating to URL (attempt 1): https://demoqa.com
2025-09-11 17:05:14 [main] INFO  demoqaBase - 🧪 Starting Test Alerts, Frames & Windows|New Window Message...
2025-09-11 17:05:14 [main] INFO  demoqaBase - Accessing Alerts, Frame & Windows Card...
Declared Instance WebDriverWait: org.openqa.selenium.support.ui.WebDriverWait@4bd51d3e
2025-09-11 17:05:14 [main] INFO  demoqaLog - Clicking on Alert Frame & Windows Card...
2025-09-11 17:05:14 [main] INFO  demoqaLog - Clicked on Alert Frame & Windows Card...
Title of this Page is: DEMOQA
You are Accessing: Alerts, Frame & Windows
2025-09-11 17:05:14 [main] INFO  demoqaBase - Alerts, Frame & Windows Card: Please select an item from left to start practice.
2025-09-11 17:05:14 [main] INFO  demoqaBase - 🔍 Starting test for Alerts click ..
2025-09-11 17:05:14 [main] INFO  demoqaBase - ✅ Clicked on Alerts...
2025-09-11 17:05:15 [main] INFO  demoqaBase - Page Title is: Alerts
2025-09-11 17:05:15 [main] INFO  demoqaBase - ✅ Alerts, Frames & Windows|Alerts Test Completed...
]]></system-out>
  </testcase>
  <testcase name="ClickToSeeAlerts" classname="tests.AlertsFramesWindowsTests" time="6.27">
    <system-out><![CDATA[2025-09-11 17:05:15 [main] INFO  demoqaBase - Closing browser for test: ClickAlerts
2025-09-11 17:05:15 [main] INFO  DriverFactory - 🌐 Starting Chrome Web Browser...
2025-09-11 17:05:15 [main] INFO  DriverFactory - ✅ Created temporary Chrome profile at C:\Users\dell\AppData\Local\Temp\chrome-profile-3291571071227492268
2025-09-11 17:05:16 [main] INFO  DriverFactory - 🚀 WebDriver started successfully
2025-09-11 17:05:16 [main] INFO  RetryUrlAccess - Navigating to URL (attempt 1): https://demoqa.com
2025-09-11 17:05:21 [main] INFO  demoqaBase - 🧪 Starting Test Alerts, Frames & Windows|Alerts|Click button to see Alert...
2025-09-11 17:05:21 [main] INFO  demoqaBase - Accessing Alerts, Frame & Windows Card...
Declared Instance WebDriverWait: org.openqa.selenium.support.ui.WebDriverWait@2aa7399c
2025-09-11 17:05:21 [main] INFO  demoqaLog - Clicking on Alert Frame & Windows Card...
2025-09-11 17:05:21 [main] INFO  demoqaLog - Clicked on Alert Frame & Windows Card...
Title of this Page is: DEMOQA
You are Accessing: Alerts, Frame & Windows
2025-09-11 17:05:21 [main] INFO  demoqaBase - Alerts, Frame & Windows Card: Please select an item from left to start practice.
2025-09-11 17:05:21 [main] INFO  demoqaBase - 🔍 Starting test for Alerts click ..
2025-09-11 17:05:21 [main] INFO  demoqaBase - ✅ Clicked on Alerts...
2025-09-11 17:05:22 [main] INFO  demoqaBase - Page Title is: Alerts
2025-09-11 17:05:22 [main] INFO  demoqaBase - 🔍 Starting test for On button click, alert will appear after 5 seconds...
2025-09-11 17:05:22 [main] INFO  demoqaBase - ✅ Clicked on Click Button to see Alert after 5 seconds...
2025-09-11 17:05:27 [main] INFO  demoqaBase - ✅ On button click, alert will appear after 5 seconds, message is: This alert appeared after 5 seconds
2025-09-11 17:05:27 [main] INFO  demoqaBase - ✅ Alerts, Frames & Windows|Alerts|Click button to see Alert Test Completed...
]]></system-out>
  </testcase>
  <testcase name="ClickAcceptConfirmationBox" classname="tests.AlertsFramesWindowsTests" time="71.067">
    <failure message="❌ smartClick failed after 3 attempts" type="java.lang.RuntimeException"><![CDATA[java.lang.RuntimeException: ❌ smartClick failed after 3 attempts
	at utils.ClickHandler.smartClick(ClickHandler.java:87)
	at pages.homePage.clickAlertsFrameWindowsCard(homePage.java:36)
	at pages.alertsframewindowsPage.accessAlertFramesWindows(alertsframewindowsPage.java:147)
	at tests.AlertsFramesWindowsTests.ClickAcceptConfirmationBox(AlertsFramesWindowsTests.java:111)
	at java.base/jdk.internal.reflect.DirectMethodHandleAccessor.invoke(DirectMethodHandleAccessor.java:103)
	at java.base/java.lang.reflect.Method.invoke(Method.java:580)
	at org.testng.internal.invokers.MethodInvocationHelper.invokeMethod(MethodInvocationHelper.java:141)
	at org.testng.internal.invokers.TestInvoker.invokeMethod(TestInvoker.java:687)
	at org.testng.internal.invokers.TestInvoker.invokeTestMethod(TestInvoker.java:230)
	at org.testng.internal.invokers.MethodRunner.runInSequence(MethodRunner.java:63)
	at org.testng.internal.invokers.TestInvoker$MethodInvocationAgent.invoke(TestInvoker.java:995)
	at org.testng.internal.invokers.TestInvoker.invokeTestMethods(TestInvoker.java:203)
	at org.testng.internal.invokers.TestMethodWorker.invokeTestMethods(TestMethodWorker.java:154)
	at org.testng.internal.invokers.TestMethodWorker.run(TestMethodWorker.java:134)
	at java.base/java.util.ArrayList.forEach(ArrayList.java:1596)
	at org.testng.TestRunner.privateRun(TestRunner.java:741)
	at org.testng.TestRunner.run(TestRunner.java:616)
	at org.testng.SuiteRunner.runTest(SuiteRunner.java:421)
	at org.testng.SuiteRunner.runSequentially(SuiteRunner.java:413)
	at org.testng.SuiteRunner.privateRun(SuiteRunner.java:373)
	at org.testng.SuiteRunner.run(SuiteRunner.java:312)
	at org.testng.SuiteRunnerWorker.runSuite(SuiteRunnerWorker.java:52)
	at org.testng.SuiteRunnerWorker.run(SuiteRunnerWorker.java:95)
	at org.testng.TestNG.runSuitesSequentially(TestNG.java:1274)
	at org.testng.TestNG.runSuitesLocally(TestNG.java:1208)
	at org.testng.TestNG.runSuites(TestNG.java:1112)
	at org.testng.TestNG.run(TestNG.java:1079)
	at org.apache.maven.surefire.testng.TestNGExecutor.run(TestNGExecutor.java:155)
	at org.apache.maven.surefire.testng.TestNGDirectoryTestSuite.executeMulti(TestNGDirectoryTestSuite.java:169)
	at org.apache.maven.surefire.testng.TestNGDirectoryTestSuite.execute(TestNGDirectoryTestSuite.java:88)
	at org.apache.maven.surefire.testng.TestNGProvider.invoke(TestNGProvider.java:137)
	at org.apache.maven.surefire.booter.ForkedBooter.runSuitesInProcess(ForkedBooter.java:385)
	at org.apache.maven.surefire.booter.ForkedBooter.execute(ForkedBooter.java:162)
	at org.apache.maven.surefire.booter.ForkedBooter.run(ForkedBooter.java:507)
	at org.apache.maven.surefire.booter.ForkedBooter.main(ForkedBooter.java:495)
Caused by: org.openqa.selenium.NoSuchElementException: no such element: Unable to locate element: {"method":"xpath","selector":"//body/div[@id='app']/div[@class='body-height']/div[@class='home-content']/div[@class='home-body']/div[@class='category-cards']/div[3]/div[1]"}
  (Session info: chrome=137.0.7151.120)
For documentation on this error, please visit: https://www.selenium.dev/documentation/webdriver/troubleshooting/errors#no-such-element-exception
Build info: version: '4.35.0', revision: '1c58e5028b'
System info: os.name: 'Windows 11', os.arch: 'amd64', os.version: '10.0', java.version: '21.0.7'
Driver info: org.openqa.selenium.chrome.ChromeDriver
Command: [29f6118a2c1cb2fa1b34a509788e26f7, findElement {using=xpath, value=//body/div[@id='app']/div[@class='body-height']/div[@class='home-content']/div[@class='home-body']/div[@class='category-cards']/div[3]/div[1]}]
Capabilities {acceptInsecureCerts: false, browserName: chrome, browserVersion: 137.0.7151.120, chrome: {chromedriverVersion: 137.0.7151.119 (e0ac9d12dff..., userDataDir: C:\Users\dell\AppData\Local...}, fedcm:accounts: true, goog:chromeOptions: {debuggerAddress: localhost:50858}, networkConnectionEnabled: false, pageLoadStrategy: normal, platformName: windows, proxy: Proxy(), se:cdp: ws://localhost:50858/devtoo..., se:cdpVersion: 137.0.7151.120, setWindowRect: true, strictFileInteractability: false, timeouts: {implicit: 0, pageLoad: 300000, script: 30000}, unhandledPromptBehavior: dismiss and notify, webauthn:extension:credBlob: true, webauthn:extension:largeBlob: true, webauthn:extension:minPinLength: true, webauthn:extension:prf: true, webauthn:virtualAuthenticators: true}
Session ID: 29f6118a2c1cb2fa1b34a509788e26f7
	at java.base/jdk.internal.reflect.DirectConstructorHandleAccessor.newInstance(DirectConstructorHandleAccessor.java:62)
	at java.base/java.lang.reflect.Constructor.newInstanceWithCaller(Constructor.java:502)
	at java.base/java.lang.reflect.Constructor.newInstance(Constructor.java:486)
	at org.openqa.selenium.remote.ErrorCodec.decode(ErrorCodec.java:167)
	at org.openqa.selenium.remote.codec.w3c.W3CHttpResponseCodec.decode(W3CHttpResponseCodec.java:138)
	at org.openqa.selenium.remote.codec.w3c.W3CHttpResponseCodec.decode(W3CHttpResponseCodec.java:50)
	at org.openqa.selenium.remote.HttpCommandExecutor.execute(HttpCommandExecutor.java:215)
	at org.openqa.selenium.remote.service.DriverCommandExecutor.invokeExecute(DriverCommandExecutor.java:216)
	at org.openqa.selenium.remote.service.DriverCommandExecutor.execute(DriverCommandExecutor.java:174)
	at org.openqa.selenium.remote.RemoteWebDriver.execute(RemoteWebDriver.java:557)
	at org.openqa.selenium.remote.ElementLocation$ElementFinder$2.findElement(ElementLocation.java:165)
	at org.openqa.selenium.remote.ElementLocation.findElement(ElementLocation.java:59)
	at org.openqa.selenium.remote.RemoteWebDriver.findElement(RemoteWebDriver.java:380)
	at org.openqa.selenium.remote.RemoteWebDriver.findElement(RemoteWebDriver.java:374)
	at utils.ClickHandler.smartClick(ClickHandler.java:66)
	... 34 more
]]></failure>
    <system-out><![CDATA[2025-09-11 17:05:27 [main] INFO  demoqaBase - Closing browser for test: ClickToSeeAlerts
2025-09-11 17:05:28 [main] INFO  DriverFactory - 🌐 Starting Chrome Web Browser...
2025-09-11 17:05:28 [main] INFO  DriverFactory - ✅ Created temporary Chrome profile at C:\Users\dell\AppData\Local\Temp\chrome-profile-13077872083480452444
2025-09-11 17:05:29 [main] INFO  DriverFactory - 🚀 WebDriver started successfully
2025-09-11 17:05:29 [main] INFO  RetryUrlAccess - Navigating to URL (attempt 1): https://demoqa.com
2025-09-11 17:05:30 [main] INFO  demoqaBase - 🧪 Starting Test Alerts, Frames & Windows|AlertsOn button click, confirm box will appear, Accept...
2025-09-11 17:05:30 [main] INFO  demoqaBase - Accessing Alerts, Frame & Windows Card...
Declared Instance WebDriverWait: org.openqa.selenium.support.ui.WebDriverWait@670f2466
2025-09-11 17:05:30 [main] INFO  demoqaLog - Clicking on Alert Frame & Windows Card...
]]></system-out>
  </testcase>
  <testcase name="ClickDenyConfirmationBox" classname="tests.AlertsFramesWindowsTests" time="1.078">
    <system-out><![CDATA[Path for Screenshot is: C:\ASN\eclipse_workspace\demoqa-automation/screenshots/ClickAcceptConfirmationBox_Failed_20250911_170641+2025-09-11_17-06-41.png
2025-09-11 17:06:41 [main] ERROR demoqaBase - ❌ Test ClickAcceptConfirmationBox failed. Screenshot captured.
2025-09-11 17:06:41 [main] INFO  demoqaBase - Closing browser for test: ClickAcceptConfirmationBox
2025-09-11 17:06:41 [main] INFO  DriverFactory - 🌐 Starting Chrome Web Browser...
2025-09-11 17:06:41 [main] INFO  DriverFactory - ✅ Created temporary Chrome profile at C:\Users\dell\AppData\Local\Temp\chrome-profile-2514825206690062428
2025-09-11 17:06:42 [main] INFO  DriverFactory - 🚀 WebDriver started successfully
2025-09-11 17:06:42 [main] INFO  RetryUrlAccess - Navigating to URL (attempt 1): https://demoqa.com
2025-09-11 17:07:12 [main] INFO  demoqaBase - 🧪 Starting Test Alerts, Frames & Windows|Alerts|On button click, confirm box will appear, Deny...
2025-09-11 17:07:12 [main] INFO  demoqaBase - Accessing Alerts, Frame & Windows Card...
Declared Instance WebDriverWait: org.openqa.selenium.support.ui.WebDriverWait@3b41e1bf
2025-09-11 17:07:12 [main] INFO  demoqaLog - Clicking on Alert Frame & Windows Card...
2025-09-11 17:07:13 [main] INFO  demoqaLog - Clicked on Alert Frame & Windows Card...
Title of this Page is: DEMOQA
You are Accessing: Alerts, Frame & Windows
2025-09-11 17:07:13 [main] INFO  demoqaBase - Alerts, Frame & Windows Card: Please select an item from left to start practice.
2025-09-11 17:07:13 [main] INFO  demoqaBase - 🔍 Starting test for Alerts click ..
2025-09-11 17:07:13 [main] INFO  demoqaBase - ✅ Clicked on Alerts...
2025-09-11 17:07:13 [main] INFO  demoqaBase - Page Title is: Alerts
2025-09-11 17:07:13 [main] INFO  demoqaBase - 🔍 Starting test for On button click, confirm box will appear, Deny...
2025-09-11 17:07:13 [main] INFO  demoqaBase - ✅ Clicked On button click, confirm box will appear, Deny...
2025-09-11 17:07:13 [main] INFO  demoqaBase - ✅ On button click, confirm box will appear, message is: Do you confirm action?
2025-09-11 17:07:13 [main] INFO  demoqaBase - ✅ Your Selection was: You selected Cancel
2025-09-11 17:07:13 [main] INFO  demoqaBase - ✅ Alerts, Frames & Windows|Alerts|On button click, confirm box will appear, Deny Test Completed...
]]></system-out>
  </testcase>
  <testcase name="ClickPromptBoxFill" classname="tests.AlertsFramesWindowsTests" time="1.313">
    <system-out><![CDATA[2025-09-11 17:07:13 [main] INFO  demoqaBase - Closing browser for test: ClickDenyConfirmationBox
2025-09-11 17:07:14 [main] INFO  DriverFactory - 🌐 Starting Chrome Web Browser...
2025-09-11 17:07:14 [main] INFO  DriverFactory - ✅ Created temporary Chrome profile at C:\Users\dell\AppData\Local\Temp\chrome-profile-5915759300344817874
2025-09-11 17:07:15 [main] INFO  DriverFactory - 🚀 WebDriver started successfully
2025-09-11 17:07:15 [main] INFO  RetryUrlAccess - Navigating to URL (attempt 1): https://demoqa.com
2025-09-11 17:07:28 [main] INFO  demoqaBase - 🧪 Starting Test Alerts, Frames & Windows|Alerts|On button click, prompt box will appear, Fill data...
2025-09-11 17:07:28 [main] INFO  demoqaBase - Accessing Alerts, Frame & Windows Card...
Declared Instance WebDriverWait: org.openqa.selenium.support.ui.WebDriverWait@1b8aaeab
2025-09-11 17:07:28 [main] INFO  demoqaLog - Clicking on Alert Frame & Windows Card...
2025-09-11 17:07:29 [main] INFO  demoqaLog - Clicked on Alert Frame & Windows Card...
Title of this Page is: DEMOQA
You are Accessing: Alerts, Frame & Windows
2025-09-11 17:07:29 [main] INFO  demoqaBase - Alerts, Frame & Windows Card: Please select an item from left to start practice.
2025-09-11 17:07:29 [main] INFO  demoqaBase - 🔍 Starting test for Alerts click ..
2025-09-11 17:07:29 [main] INFO  demoqaBase - ✅ Clicked on Alerts...
2025-09-11 17:07:29 [main] INFO  demoqaBase - Page Title is: Alerts
2025-09-11 17:07:29 [main] INFO  demoqaBase - 🔍 Starting test for On button click, prompt box will appear, Fill data...
2025-09-11 17:07:29 [main] INFO  demoqaBase - ✅ Clicked On button click, prompt box will appear, Fill data...
2025-09-11 17:07:29 [main] INFO  demoqaBase - ✅ On button click, prompt box will appear, message is: Please enter your name
2025-09-11 17:07:29 [main] INFO  demoqaBase - ✅ Your Selection was: You entered Java Selenium
2025-09-11 17:07:29 [main] INFO  demoqaBase - ✅ Alerts, Frames & Windows|Alerts|On button click, prompt box will appear, Fill data Test Completed...
]]></system-out>
  </testcase>
  <testcase name="ClickFrames" classname="tests.AlertsFramesWindowsTests" time="1.274">
    <system-out><![CDATA[2025-09-11 17:07:29 [main] INFO  demoqaBase - Closing browser for test: ClickPromptBoxFill
2025-09-11 17:07:30 [main] INFO  DriverFactory - 🌐 Starting Chrome Web Browser...
2025-09-11 17:07:30 [main] INFO  DriverFactory - ✅ Created temporary Chrome profile at C:\Users\dell\AppData\Local\Temp\chrome-profile-15828924480666915998
2025-09-11 17:07:32 [main] INFO  DriverFactory - 🚀 WebDriver started successfully
2025-09-11 17:07:32 [main] INFO  RetryUrlAccess - Navigating to URL (attempt 1): https://demoqa.com
2025-09-11 17:07:36 [main] INFO  demoqaBase - 🧪 Starting Test Alerts, Frames & Windows|Frames...
2025-09-11 17:07:36 [main] INFO  demoqaBase - Accessing Alerts, Frame & Windows Card...
Declared Instance WebDriverWait: org.openqa.selenium.support.ui.WebDriverWait@7b5021d1
2025-09-11 17:07:36 [main] INFO  demoqaLog - Clicking on Alert Frame & Windows Card...
2025-09-11 17:07:37 [main] INFO  demoqaLog - Clicked on Alert Frame & Windows Card...
Title of this Page is: DEMOQA
You are Accessing: Alerts, Frame & Windows
2025-09-11 17:07:37 [main] INFO  demoqaBase - Alerts, Frame & Windows Card: Please select an item from left to start practice.
2025-09-11 17:07:37 [main] INFO  demoqaBase - 🔍 Starting test for Frames click ..
2025-09-11 17:07:37 [main] INFO  demoqaBase - ✅ Clicked on Frames...
2025-09-11 17:07:38 [main] INFO  demoqaBase - Page Title is: Frames
2025-09-11 17:07:38 [main] INFO  demoqaBase - ✅ Alerts, Frames & Windows|Frames Test Completed...
]]></system-out>
  </testcase>
  <testcase name="GetFrame1" classname="tests.AlertsFramesWindowsTests" time="0.94">
    <system-out><![CDATA[2025-09-11 17:07:38 [main] INFO  demoqaBase - Closing browser for test: ClickFrames
2025-09-11 17:07:38 [main] INFO  DriverFactory - 🌐 Starting Chrome Web Browser...
2025-09-11 17:07:38 [main] INFO  DriverFactory - ✅ Created temporary Chrome profile at C:\Users\dell\AppData\Local\Temp\chrome-profile-17842848455028473630
2025-09-11 17:07:40 [main] INFO  DriverFactory - 🚀 WebDriver started successfully
2025-09-11 17:07:40 [main] INFO  RetryUrlAccess - Navigating to URL (attempt 1): https://demoqa.com
2025-09-11 17:07:54 [main] INFO  demoqaBase - 🧪 Starting Test Alerts, Frames & Windows|Frames|Frame1 message...
2025-09-11 17:07:54 [main] INFO  demoqaBase - Accessing Alerts, Frame & Windows Card...
Declared Instance WebDriverWait: org.openqa.selenium.support.ui.WebDriverWait@38f617f4
2025-09-11 17:07:54 [main] INFO  demoqaLog - Clicking on Alert Frame & Windows Card...
2025-09-11 17:07:55 [main] INFO  demoqaLog - Clicked on Alert Frame & Windows Card...
Title of this Page is: DEMOQA
You are Accessing: Alerts, Frame & Windows
2025-09-11 17:07:55 [main] INFO  demoqaBase - Alerts, Frame & Windows Card: Please select an item from left to start practice.
2025-09-11 17:07:55 [main] INFO  demoqaBase - 🔍 Starting test for Frames click ..
2025-09-11 17:07:55 [main] INFO  demoqaBase - ✅ Clicked on Frames...
2025-09-11 17:07:55 [main] INFO  demoqaBase - Page Title is: Frames
2025-09-11 17:07:55 [main] INFO  demoqaBase - 🔍 Starting test for Frames|Frame1 Message...
2025-09-11 17:07:55 [main] INFO  demoqaBase - ✅ Switched to Frame1...
2025-09-11 17:07:55 [main] INFO  demoqaBase - Frame1 contains: This is a sample page
2025-09-11 17:07:55 [main] INFO  demoqaBase - ✅ Alerts, Frames & Windows|Frames|Frame1 message Test Completed...
]]></system-out>
  </testcase>
  <testcase name="GetFrame2" classname="tests.AlertsFramesWindowsTests" time="1.384">
    <system-out><![CDATA[2025-09-11 17:07:55 [main] INFO  demoqaBase - Closing browser for test: GetFrame1
2025-09-11 17:07:56 [main] INFO  DriverFactory - 🌐 Starting Chrome Web Browser...
2025-09-11 17:07:56 [main] INFO  DriverFactory - ✅ Created temporary Chrome profile at C:\Users\dell\AppData\Local\Temp\chrome-profile-16926681638577291824
2025-09-11 17:07:57 [main] INFO  DriverFactory - 🚀 WebDriver started successfully
2025-09-11 17:07:57 [main] INFO  RetryUrlAccess - Navigating to URL (attempt 1): https://demoqa.com
2025-09-11 17:08:12 [main] INFO  demoqaBase - 🧪 Starting Test Alerts, Frames & Windows|Frames|Frame2 message...
2025-09-11 17:08:12 [main] INFO  demoqaBase - Accessing Alerts, Frame & Windows Card...
Declared Instance WebDriverWait: org.openqa.selenium.support.ui.WebDriverWait@64f3ca6
2025-09-11 17:08:12 [main] INFO  demoqaLog - Clicking on Alert Frame & Windows Card...
2025-09-11 17:08:12 [main] INFO  demoqaLog - Clicked on Alert Frame & Windows Card...
Title of this Page is: DEMOQA
You are Accessing: Alerts, Frame & Windows
2025-09-11 17:08:12 [main] INFO  demoqaBase - Alerts, Frame & Windows Card: Please select an item from left to start practice.
2025-09-11 17:08:12 [main] INFO  demoqaBase - 🔍 Starting test for Frames click ..
2025-09-11 17:08:12 [main] INFO  demoqaBase - ✅ Clicked on Frames...
2025-09-11 17:08:12 [main] INFO  demoqaBase - Page Title is: Frames
2025-09-11 17:08:12 [main] INFO  demoqaBase - 🔍 Starting test for Frames|Frame2 Message...
2025-09-11 17:08:13 [main] INFO  demoqaBase - ✅ Switched to Frame2...
2025-09-11 17:08:13 [main] INFO  demoqaBase - Frame2 contains: This is a sample page
2025-09-11 17:08:13 [main] INFO  demoqaBase - ✅ Alerts, Frames & Windows|Frames|Frame2 message Test Completed...
]]></system-out>
  </testcase>
  <testcase name="ClickModalDialogs" classname="tests.AlertsFramesWindowsTests" time="0.415">
    <system-out><![CDATA[2025-09-11 17:08:13 [main] INFO  demoqaBase - Closing browser for test: GetFrame2
2025-09-11 17:08:15 [main] INFO  DriverFactory - 🌐 Starting Chrome Web Browser...
2025-09-11 17:08:15 [main] INFO  DriverFactory - ✅ Created temporary Chrome profile at C:\Users\dell\AppData\Local\Temp\chrome-profile-813612857333656601
2025-09-11 17:08:19 [main] INFO  DriverFactory - 🚀 WebDriver started successfully
2025-09-11 17:08:19 [main] INFO  RetryUrlAccess - Navigating to URL (attempt 1): https://demoqa.com
2025-09-11 17:08:45 [main] INFO  demoqaBase - 🧪 Starting Test Alerts, Frames & Windows|Modal Dialogs...
2025-09-11 17:08:45 [main] INFO  demoqaBase - Accessing Alerts, Frame & Windows Card...
Declared Instance WebDriverWait: org.openqa.selenium.support.ui.WebDriverWait@20fcea37
2025-09-11 17:08:45 [main] INFO  demoqaLog - Clicking on Alert Frame & Windows Card...
2025-09-11 17:08:45 [main] INFO  demoqaLog - Clicked on Alert Frame & Windows Card...
Title of this Page is: DEMOQA
You are Accessing: Alerts, Frame & Windows
2025-09-11 17:08:45 [main] INFO  demoqaBase - Alerts, Frame & Windows Card: Please select an item from left to start practice.
2025-09-11 17:08:45 [main] INFO  demoqaBase - 🔍 Starting test for Frames|Modal Dialogs click ..
2025-09-11 17:08:45 [main] INFO  demoqaBase - ✅ Clicked on Modal Dialogs...
2025-09-11 17:08:45 [main] INFO  demoqaBase - Page Title is: Modal Dialogs
2025-09-11 17:08:45 [main] INFO  demoqaBase - ✅ Alerts, Frames & Windows|Modal Dialogs Test Completed...
]]></system-out>
  </testcase>
  <testcase name="ClickNestedFrames" classname="tests.AlertsFramesWindowsTests" time="0.501">
    <system-out><![CDATA[2025-09-11 17:08:45 [main] INFO  demoqaBase - Closing browser for test: ClickModalDialogs
2025-09-11 17:08:45 [main] INFO  DriverFactory - 🌐 Starting Chrome Web Browser...
2025-09-11 17:08:45 [main] INFO  DriverFactory - ✅ Created temporary Chrome profile at C:\Users\dell\AppData\Local\Temp\chrome-profile-2132212746657563401
2025-09-11 17:08:47 [main] INFO  DriverFactory - 🚀 WebDriver started successfully
2025-09-11 17:08:47 [main] INFO  RetryUrlAccess - Navigating to URL (attempt 1): https://demoqa.com
2025-09-11 17:08:58 [main] INFO  demoqaBase - 🧪 Starting Test Alerts, Frames & Windows|Nested Frames...
2025-09-11 17:08:58 [main] INFO  demoqaBase - Accessing Alerts, Frame & Windows Card...
Declared Instance WebDriverWait: org.openqa.selenium.support.ui.WebDriverWait@5c1c9881
2025-09-11 17:08:58 [main] INFO  demoqaLog - Clicking on Alert Frame & Windows Card...
2025-09-11 17:08:58 [main] INFO  demoqaLog - Clicked on Alert Frame & Windows Card...
Title of this Page is: DEMOQA
You are Accessing: Alerts, Frame & Windows
2025-09-11 17:08:59 [main] INFO  demoqaBase - Alerts, Frame & Windows Card: Please select an item from left to start practice.
2025-09-11 17:08:59 [main] INFO  demoqaBase - 🔍 Starting test for Frames|Nested Frames click ..
2025-09-11 17:08:59 [main] INFO  demoqaBase - ✅ Clicked on Nested Frames...
2025-09-11 17:08:59 [main] INFO  demoqaBase - Page Title is: Nested Frames
2025-09-11 17:08:59 [main] INFO  demoqaBase - ✅ Alerts, Frames & Windows|Nested Frames Test Completed...
]]></system-out>
  </testcase>
  <testcase name="ClickLargeModal" classname="tests.AlertsFramesWindowsTests" time="1.191">
    <system-out><![CDATA[2025-09-11 17:08:59 [main] INFO  demoqaBase - Closing browser for test: ClickNestedFrames
2025-09-11 17:08:59 [main] INFO  DriverFactory - 🌐 Starting Chrome Web Browser...
2025-09-11 17:08:59 [main] INFO  DriverFactory - ✅ Created temporary Chrome profile at C:\Users\dell\AppData\Local\Temp\chrome-profile-1448952212368886753
2025-09-11 17:09:00 [main] INFO  DriverFactory - 🚀 WebDriver started successfully
2025-09-11 17:09:00 [main] INFO  RetryUrlAccess - Navigating to URL (attempt 1): https://demoqa.com
2025-09-11 17:09:12 [main] INFO  demoqaBase - 🧪 Starting Test Alerts, Frames & Windows|Modal Dialogs|Large Modal...
2025-09-11 17:09:12 [main] INFO  demoqaBase - Accessing Alerts, Frame & Windows Card...
Declared Instance WebDriverWait: org.openqa.selenium.support.ui.WebDriverWait@2e93108a
2025-09-11 17:09:12 [main] INFO  demoqaLog - Clicking on Alert Frame & Windows Card...
2025-09-11 17:09:12 [main] INFO  demoqaLog - Clicked on Alert Frame & Windows Card...
Title of this Page is: DEMOQA
You are Accessing: Alerts, Frame & Windows
2025-09-11 17:09:12 [main] INFO  demoqaBase - Alerts, Frame & Windows Card: Please select an item from left to start practice.
2025-09-11 17:09:12 [main] INFO  demoqaBase - 🔍 Starting test for Frames|Modal Dialogs click ..
2025-09-11 17:09:13 [main] INFO  demoqaBase - ✅ Clicked on Modal Dialogs...
2025-09-11 17:09:13 [main] INFO  demoqaBase - Page Title is: Modal Dialogs
2025-09-11 17:09:13 [main] INFO  demoqaBase - 🔍 Starting test for Frames|Modal Dialogs|Large Modal click...
2025-09-11 17:09:13 [main] INFO  demoqaBase - ✅ Clicked on Modal Dialogs|Large Modal...
2025-09-11 17:09:13 [main] INFO  demoqaBase - Page Title is: Large Modal
2025-09-11 17:09:13 [main] INFO  demoqaBase - Large Modal Body Contains: Lorem Ipsum is simply dummy text of the printing and typesetting industry. Lorem Ipsum has been the industry's standard dummy text ever since the 1500s, when an unknown printer took a galley of type and scrambled it to make a type specimen book. It has survived not only five centuries, but also the leap into electronic typesetting, remaining essentially unchanged. It was popularised in the 1960s with the release of Letraset sheets containing Lorem Ipsum passages, and more recently with desktop publishing software like Aldus PageMaker including versions of Lorem Ipsum.
2025-09-11 17:09:13 [main] INFO  demoqaBase - ✅ Alerts, Frames & Windows|Modal Dialogs|Large Modal click Test Completed...
]]></system-out>
  </testcase>
  <testcase name="ClickSmallModal" classname="tests.AlertsFramesWindowsTests" time="1.431">
    <system-out><![CDATA[2025-09-11 17:09:13 [main] INFO  demoqaBase - Closing browser for test: ClickLargeModal
2025-09-11 17:09:14 [main] INFO  DriverFactory - 🌐 Starting Chrome Web Browser...
2025-09-11 17:09:14 [main] INFO  DriverFactory - ✅ Created temporary Chrome profile at C:\Users\dell\AppData\Local\Temp\chrome-profile-16064331181976810945
2025-09-11 17:09:15 [main] INFO  DriverFactory - 🚀 WebDriver started successfully
2025-09-11 17:09:15 [main] INFO  RetryUrlAccess - Navigating to URL (attempt 1): https://demoqa.com
2025-09-11 17:09:28 [main] INFO  demoqaBase - 🧪 Starting Test Alerts, Frames & Windows|Modal Dialogs|Small Modal...
2025-09-11 17:09:28 [main] INFO  demoqaBase - Accessing Alerts, Frame & Windows Card...
Declared Instance WebDriverWait: org.openqa.selenium.support.ui.WebDriverWait@37b238da
2025-09-11 17:09:28 [main] INFO  demoqaLog - Clicking on Alert Frame & Windows Card...
2025-09-11 17:09:28 [main] INFO  demoqaLog - Clicked on Alert Frame & Windows Card...
Title of this Page is: DEMOQA
You are Accessing: Alerts, Frame & Windows
2025-09-11 17:09:28 [main] INFO  demoqaBase - Alerts, Frame & Windows Card: Please select an item from left to start practice.
2025-09-11 17:09:28 [main] INFO  demoqaBase - 🔍 Starting test for Frames|Modal Dialogs click ..
2025-09-11 17:09:29 [main] INFO  demoqaBase - ✅ Clicked on Modal Dialogs...
2025-09-11 17:09:29 [main] INFO  demoqaBase - Page Title is: Modal Dialogs
2025-09-11 17:09:29 [main] INFO  demoqaBase - 🔍 Starting test for Frames|Modal Dialogs|Small Modal click...
2025-09-11 17:09:29 [main] INFO  demoqaBase - ✅ Clicked on Modal Dialogs|Small Modal...
2025-09-11 17:09:29 [main] INFO  demoqaBase - Page Title is: Small Modal
2025-09-11 17:09:29 [main] INFO  demoqaBase - Small Modal Body Contains: This is a small modal. It has very less content
2025-09-11 17:09:29 [main] INFO  demoqaBase - ✅ Alerts, Frames & Windows|Modal Dialogs|Small Modal click Test Completed...
]]></system-out>
  </testcase>
  <testcase name="GetParentFrame" classname="tests.AlertsFramesWindowsTests" time="3.75">
    <system-out><![CDATA[2025-09-11 17:09:29 [main] INFO  demoqaBase - Closing browser for test: ClickSmallModal
2025-09-11 17:09:30 [main] INFO  DriverFactory - 🌐 Starting Chrome Web Browser...
2025-09-11 17:09:30 [main] INFO  DriverFactory - ✅ Created temporary Chrome profile at C:\Users\dell\AppData\Local\Temp\chrome-profile-13057673615103539901
2025-09-11 17:09:31 [main] INFO  DriverFactory - 🚀 WebDriver started successfully
2025-09-11 17:09:31 [main] INFO  RetryUrlAccess - Navigating to URL (attempt 1): https://demoqa.com
2025-09-11 17:10:08 [main] INFO  demoqaBase - 🧪 Starting Test Alerts, Frames & Windows|Frames|Parent Frame message...
2025-09-11 17:10:08 [main] INFO  demoqaBase - Accessing Alerts, Frame & Windows Card...
Declared Instance WebDriverWait: org.openqa.selenium.support.ui.WebDriverWait@56a09a5c
2025-09-11 17:10:08 [main] INFO  demoqaLog - Clicking on Alert Frame & Windows Card...
2025-09-11 17:10:08 [main] INFO  demoqaLog - Clicked on Alert Frame & Windows Card...
Title of this Page is: DEMOQA
You are Accessing: Alerts, Frame & Windows
2025-09-11 17:10:08 [main] INFO  demoqaBase - Alerts, Frame & Windows Card: Please select an item from left to start practice.
2025-09-11 17:10:08 [main] INFO  demoqaBase - 🔍 Starting test for Frames|Nested Frames click ..
2025-09-11 17:10:09 [main] INFO  demoqaBase - ✅ Clicked on Nested Frames...
2025-09-11 17:10:09 [main] INFO  demoqaBase - Page Title is: Nested Frames
2025-09-11 17:10:09 [main] INFO  demoqaBase - 🔍 Starting test for Frames|Parent Frame Message...
2025-09-11 17:10:12 [main] INFO  demoqaBase - After switching, frame body contains: [Parent frame]
2025-09-11 17:10:12 [main] INFO  demoqaBase - ✅ Alerts, Frames & Windows|Frames|Parent Frame message Test Completed...
]]></system-out>
  </testcase>
  <testcase name="GetChildFrame" classname="tests.AlertsFramesWindowsTests" time="1.074">
    <system-out><![CDATA[2025-09-11 17:10:12 [main] INFO  demoqaBase - Closing browser for test: GetParentFrame
2025-09-11 17:10:12 [main] INFO  DriverFactory - 🌐 Starting Chrome Web Browser...
2025-09-11 17:10:12 [main] INFO  DriverFactory - ✅ Created temporary Chrome profile at C:\Users\dell\AppData\Local\Temp\chrome-profile-2224725762926891129
2025-09-11 17:10:14 [main] INFO  DriverFactory - 🚀 WebDriver started successfully
2025-09-11 17:10:14 [main] INFO  RetryUrlAccess - Navigating to URL (attempt 1): https://demoqa.com
2025-09-11 17:10:19 [main] INFO  demoqaBase - 🧪 Starting Test Alerts, Frames & Windows|Frames|Child Frame message...
2025-09-11 17:10:19 [main] INFO  demoqaBase - Accessing Alerts, Frame & Windows Card...
Declared Instance WebDriverWait: org.openqa.selenium.support.ui.WebDriverWait@3bda1f0
2025-09-11 17:10:19 [main] INFO  demoqaLog - Clicking on Alert Frame & Windows Card...
2025-09-11 17:10:19 [main] INFO  demoqaLog - Clicked on Alert Frame & Windows Card...
Title of this Page is: DEMOQA
You are Accessing: Alerts, Frame & Windows
2025-09-11 17:10:19 [main] INFO  demoqaBase - Alerts, Frame & Windows Card: Please select an item from left to start practice.
2025-09-11 17:10:19 [main] INFO  demoqaBase - 🔍 Starting test for Frames|Nested Frames click ..
2025-09-11 17:10:19 [main] INFO  demoqaBase - ✅ Clicked on Nested Frames...
2025-09-11 17:10:19 [main] INFO  demoqaBase - Page Title is: Nested Frames
2025-09-11 17:10:19 [main] INFO  demoqaBase - 🔍 Starting test for Frames|Child Frame Message...
2025-09-11 17:10:20 [main] INFO  demoqaBase - After switching, frame body contains: [Child Iframe]
2025-09-11 17:10:20 [main] INFO  demoqaBase - ✅ Alerts, Frames & Windows|Frames|Child Frame message Test Completed...
]]></system-out>
  </testcase>
  <testcase name="ElementsCard" classname="tests.ElementsTests" time="1.005">
    <system-out><![CDATA[2025-09-11 17:10:20 [main] INFO  demoqaBase - Closing browser for test: GetChildFrame
2025-09-11 17:10:20 [main] INFO  DriverFactory - 🌐 Starting Chrome Web Browser...
2025-09-11 17:10:20 [main] INFO  DriverFactory - ✅ Created temporary Chrome profile at C:\Users\dell\AppData\Local\Temp\chrome-profile-8739280912511713733
2025-09-11 17:10:21 [main] INFO  DriverFactory - 🚀 WebDriver started successfully
2025-09-11 17:10:21 [main] INFO  RetryUrlAccess - Navigating to URL (attempt 1): https://demoqa.com
2025-09-11 17:10:53 [main] INFO  demoqaBase - 🧪 Starting Test Elements | Text Box Test...
Instance Variables Declared are: nullnull
2025-09-11 17:10:53 [main] INFO  demoqaBase - Accessing Elements Card...
2025-09-11 17:10:53 [main] INFO  demoqaLog - Clicking on Elements Card...
2025-09-11 17:10:54 [main] INFO  demoqaLog - Clicked on Elements Card...
Title of this Page is: DEMOQA
You are Accessing: Elements
 
Elements: Please select an item from left to start practice.
2025-09-11 17:10:54 [main] INFO  demoqaBase - Elements: Please select an item from left to start practice.
Title of this Page is: DEMOQA
2025-09-11 17:10:54 [main] INFO  demoqaBase - ✅ Element Card Test Completed...
]]></system-out>
  </testcase>
  <testcase name="TextBox[TextBoxUser{firstName=&apos;Johny&apos;, lastName=&apos;Bravo&apos;, email=&apos;Jbravo@demoqa.com&apos;, currentAddress=&apos;301 Town 481, Brookville\n kansas 42129\n United States&apos;, permanentAddress=&apos;511 Grant 481, Prattsville\n Arkansas 72129\n United States&apos;}](1)" classname="tests.ElementsTests" time="2.332">
    <system-out><![CDATA[2025-09-11 17:10:54 [main] INFO  demoqaBase - Closing browser for test: ElementsCard
2025-09-11 17:10:55 [main] WARN  PauseManager - ⏸ Pausing for 5 minutes after 20 tests...
2025-09-11 17:10:55 [main] INFO  PauseManager - ▶ Resuming in 5 minutes...
2025-09-11 17:11:55 [main] INFO  PauseManager - ▶ Resuming in 4 minutes...
2025-09-11 17:12:56 [main] INFO  PauseManager - ▶ Resuming in 3 minutes...
2025-09-11 17:13:56 [main] INFO  PauseManager - ▶ Resuming in 2 minutes...
2025-09-11 17:14:57 [main] INFO  PauseManager - ▶ Resuming in 1 minutes...
2025-09-11 17:15:47 [main] INFO  PauseManager - ▶ Resuming in 10 seconds...
2025-09-11 17:15:48 [main] INFO  PauseManager - ▶ Resuming in 9 seconds...
2025-09-11 17:15:49 [main] INFO  PauseManager - ▶ Resuming in 8 seconds...
2025-09-11 17:15:50 [main] INFO  PauseManager - ▶ Resuming in 7 seconds...
2025-09-11 17:15:51 [main] INFO  PauseManager - ▶ Resuming in 6 seconds...
2025-09-11 17:15:52 [main] INFO  PauseManager - ▶ Resuming in 5 seconds...
2025-09-11 17:15:53 [main] INFO  PauseManager - ▶ Resuming in 4 seconds...
2025-09-11 17:15:54 [main] INFO  PauseManager - ▶ Resuming in 3 seconds...
2025-09-11 17:15:55 [main] INFO  PauseManager - ▶ Resuming in 2 seconds...
2025-09-11 17:15:56 [main] INFO  PauseManager - ▶ Resuming in 1 seconds...
2025-09-11 17:15:57 [main] INFO  PauseManager - ✅ Pause complete. Resuming tests...
🧾 Row 1: {Salary=28000.0, Email=Jbravo@demoqa.com, Address=511 Grant 481, Prattsville\n Arkansas 72129\n United States, First Name=Johny, Gender=Male, City=Delhi, Mobile=9.238343488E9, Hobbies=Sports,Music, Subject=Computer Science, Current Address=301 Town 481, Brookville\n kansas 42129\n United States, Department=Information Technology, DOB=15/08/2000, Picture=/TestData/Mphoto.jpg, State=NCR, Last Name=Bravo, Age=34.0}
🔍 Mapping field: firstName | Excel Column: First Name | Value: Johny
🔍 Mapping field: lastName | Excel Column: Last Name | Value: Bravo
🔍 Mapping field: email | Excel Column: Email | Value: Jbravo@demoqa.com
🔍 Mapping field: currentAddress | Excel Column: Current Address | Value: 301 Town 481, Brookville\n kansas 42129\n United States
🔍 Mapping field: permanentAddress | Excel Column: Address | Value: 511 Grant 481, Prattsville\n Arkansas 72129\n United States
🧾 Row 2: {Salary=18000.0, Email=GFemina@demoqa.com, Address=512 Grant 481, Prattsville\n Arkansas 72129\n United States, First Name=Gene, Gender=Female, City=Merrut, Mobile=1.888343432E9, Hobbies=Music,Reading, Subject=Accounting, Current Address=302 Town 481, Brookville\n kansas 42129\n United States, Department=Finance, DOB=22/05/2002, Picture=/TestData/Fphoto.png, State=Uttar Pradesh, Last Name=Femina, Age=30.0}
🔍 Mapping field: firstName | Excel Column: First Name | Value: Gene
🔍 Mapping field: lastName | Excel Column: Last Name | Value: Femina
🔍 Mapping field: email | Excel Column: Email | Value: GFemina@demoqa.com
🔍 Mapping field: currentAddress | Excel Column: Current Address | Value: 302 Town 481, Brookville\n kansas 42129\n United States
🔍 Mapping field: permanentAddress | Excel Column: Address | Value: 512 Grant 481, Prattsville\n Arkansas 72129\n United States
🧾 Row 3: {Salary=15000.0, Email=BWisem@demoqa.com, Address=513 Grant 481, Prattsville\n Arkansas 72129\n United States, First Name=Bud, Gender=Other, City=Panipat, Mobile=8.932465432E9, Hobbies=Reading, Subject=Biology, Current Address=303 Town 481, Brookville\n kansas 42129\n United States, Department=Medicine, DOB=31/12/1999, Picture=/TestData/Ophoto.jpg, State=Haryana, Last Name=Wisem, Age=40.0}
🔍 Mapping field: firstName | Excel Column: First Name | Value: Bud
🔍 Mapping field: lastName | Excel Column: Last Name | Value: Wisem
🔍 Mapping field: email | Excel Column: Email | Value: BWisem@demoqa.com
🔍 Mapping field: currentAddress | Excel Column: Current Address | Value: 303 Town 481, Brookville\n kansas 42129\n United States
🔍 Mapping field: permanentAddress | Excel Column: Address | Value: 513 Grant 481, Prattsville\n Arkansas 72129\n United States
🧾 Row 4: {Salary=19000.0, Email=TBoss@demoqa.com, Address=514 Grant 481, Prattsville\n Arkansas 72129\n United States, First Name=Tom, Gender=Male, City=Jaiselmer, Mobile=7.839875281E9, Hobbies=Sports,Reading, Subject=Social Studies, Current Address=304 Town 481, Brookville\n kansas 42129\n United States, Department=Recreation, DOB=1/26/03, Picture=/TestData/M2photo.jpg, State=Rajasthan, Last Name=Boss, Age=42.0}
🔍 Mapping field: firstName | Excel Column: First Name | Value: Tom
🔍 Mapping field: lastName | Excel Column: Last Name | Value: Boss
🔍 Mapping field: email | Excel Column: Email | Value: TBoss@demoqa.com
🔍 Mapping field: currentAddress | Excel Column: Current Address | Value: 304 Town 481, Brookville\n kansas 42129\n United States
🔍 Mapping field: permanentAddress | Excel Column: Address | Value: 514 Grant 481, Prattsville\n Arkansas 72129\n United States
2025-09-11 17:15:58 [main] INFO  DriverFactory - 🌐 Starting Chrome Web Browser...
2025-09-11 17:15:58 [main] INFO  DriverFactory - ✅ Created temporary Chrome profile at C:\Users\dell\AppData\Local\Temp\chrome-profile-4270013186026166954
2025-09-11 17:15:59 [main] INFO  DriverFactory - 🚀 WebDriver started successfully
2025-09-11 17:15:59 [main] INFO  RetryUrlAccess - Navigating to URL (attempt 1): https://demoqa.com
2025-09-11 17:16:04 [main] INFO  demoqaBase - 🧪 Starting Test Elements | Text Box Test...
Instance Variables Declared are: nullnull
2025-09-11 17:16:04 [main] INFO  demoqaBase - Accessing Elements Card...
2025-09-11 17:16:04 [main] INFO  demoqaLog - Clicking on Elements Card...
2025-09-11 17:16:05 [main] INFO  demoqaLog - Clicked on Elements Card...
Title of this Page is: DEMOQA
You are Accessing: Elements
 
Elements: Please select an item from left to start practice.
2025-09-11 17:16:05 [main] INFO  demoqaBase - Elements: Please select an item from left to start practice.
2025-09-11 17:16:05 [main] INFO  demoqaBase - Accessing Text Box...
Text Box
2025-09-11 17:16:05 [main] INFO  demoqaBase - You are accessing: Text Box
2025-09-11 17:16:05 [main] INFO  demoqaBase - 📝 Filling TextBox form for user: Johny Bravo
2025-09-11 17:16:06 [main] INFO  demoqaBase - ✅ Form filled successfully for: Johny Bravo
2025-09-11 17:16:06 [main] INFO  demoqaLog - ✅ JS click executed on element: {}
2025-09-11 17:16:06 [main] INFO  demoqaBase - 🔍 Validating submitted form for: Johny Bravo
2025-09-11 17:16:07 [main] INFO  demoqaBase - ✅ Validation passed for user: Johny Bravo
2025-09-11 17:16:07 [main] INFO  demoqaBase - ✅ Text Box Element Test Completed...
]]></system-out>
  </testcase>
  <testcase name="TextBox[TextBoxUser{firstName=&apos;Gene&apos;, lastName=&apos;Femina&apos;, email=&apos;GFemina@demoqa.com&apos;, currentAddress=&apos;302 Town 481, Brookville\n kansas 42129\n United States&apos;, permanentAddress=&apos;512 Grant 481, Prattsville\n Arkansas 72129\n United States&apos;}](2)" classname="tests.ElementsTests" time="2.472">
    <system-out><![CDATA[Path for Screenshot is: C:\ASN\eclipse_workspace\demoqa-automation/screenshots/TextBox_Passed_20250911_171607+2025-09-11_17-16-07.png
2025-09-11 17:16:07 [main] INFO  demoqaBase - ✅ Test TextBox passed. Screenshot captured.
2025-09-11 17:16:07 [main] INFO  demoqaBase - Closing browser for test: TextBox
2025-09-11 17:16:07 [main] INFO  DriverFactory - 🌐 Starting Chrome Web Browser...
2025-09-11 17:16:07 [main] INFO  DriverFactory - ✅ Created temporary Chrome profile at C:\Users\dell\AppData\Local\Temp\chrome-profile-4938366526885453833
2025-09-11 17:16:09 [main] INFO  DriverFactory - 🚀 WebDriver started successfully
2025-09-11 17:16:09 [main] INFO  RetryUrlAccess - Navigating to URL (attempt 1): https://demoqa.com
2025-09-11 17:16:29 [main] INFO  demoqaBase - 🧪 Starting Test Elements | Text Box Test...
Instance Variables Declared are: nullnull
2025-09-11 17:16:29 [main] INFO  demoqaBase - Accessing Elements Card...
2025-09-11 17:16:29 [main] INFO  demoqaLog - Clicking on Elements Card...
2025-09-11 17:16:29 [main] INFO  demoqaLog - Clicked on Elements Card...
Title of this Page is: DEMOQA
You are Accessing: Elements
 
Elements: Please select an item from left to start practice.
2025-09-11 17:16:29 [main] INFO  demoqaBase - Elements: Please select an item from left to start practice.
2025-09-11 17:16:29 [main] INFO  demoqaBase - Accessing Text Box...
Text Box
2025-09-11 17:16:30 [main] INFO  demoqaBase - You are accessing: Text Box
2025-09-11 17:16:30 [main] INFO  demoqaBase - 📝 Filling TextBox form for user: Gene Femina
2025-09-11 17:16:31 [main] INFO  demoqaBase - ✅ Form filled successfully for: Gene Femina
2025-09-11 17:16:31 [main] INFO  demoqaLog - ✅ JS click executed on element: {}
2025-09-11 17:16:31 [main] INFO  demoqaBase - 🔍 Validating submitted form for: Gene Femina
2025-09-11 17:16:31 [main] INFO  demoqaBase - ✅ Validation passed for user: Gene Femina
2025-09-11 17:16:31 [main] INFO  demoqaBase - ✅ Text Box Element Test Completed...
]]></system-out>
  </testcase>
  <testcase name="TextBox[TextBoxUser{firstName=&apos;Bud&apos;, lastName=&apos;Wisem&apos;, email=&apos;BWisem@demoqa.com&apos;, currentAddress=&apos;303 Town 481, Brookville\n kansas 42129\n United States&apos;, permanentAddress=&apos;513 Grant 481, Prattsville\n Arkansas 72129\n United States&apos;}](3)" classname="tests.ElementsTests" time="2.222">
    <system-out><![CDATA[Path for Screenshot is: C:\ASN\eclipse_workspace\demoqa-automation/screenshots/TextBox_Passed_20250911_171631+2025-09-11_17-16-31.png
2025-09-11 17:16:31 [main] INFO  demoqaBase - ✅ Test TextBox passed. Screenshot captured.
2025-09-11 17:16:31 [main] INFO  demoqaBase - Closing browser for test: TextBox
2025-09-11 17:16:32 [main] INFO  DriverFactory - 🌐 Starting Chrome Web Browser...
2025-09-11 17:16:32 [main] INFO  DriverFactory - ✅ Created temporary Chrome profile at C:\Users\dell\AppData\Local\Temp\chrome-profile-5260801039274573019
2025-09-11 17:16:33 [main] INFO  DriverFactory - 🚀 WebDriver started successfully
2025-09-11 17:16:33 [main] INFO  RetryUrlAccess - Navigating to URL (attempt 1): https://demoqa.com
2025-09-11 17:16:38 [main] INFO  demoqaBase - 🧪 Starting Test Elements | Text Box Test...
Instance Variables Declared are: nullnull
2025-09-11 17:16:38 [main] INFO  demoqaBase - Accessing Elements Card...
2025-09-11 17:16:38 [main] INFO  demoqaLog - Clicking on Elements Card...
2025-09-11 17:16:38 [main] INFO  demoqaLog - Clicked on Elements Card...
Title of this Page is: DEMOQA
You are Accessing: Elements
 
Elements: Please select an item from left to start practice.
2025-09-11 17:16:38 [main] INFO  demoqaBase - Elements: Please select an item from left to start practice.
2025-09-11 17:16:38 [main] INFO  demoqaBase - Accessing Text Box...
Text Box
2025-09-11 17:16:39 [main] INFO  demoqaBase - You are accessing: Text Box
2025-09-11 17:16:39 [main] INFO  demoqaBase - 📝 Filling TextBox form for user: Bud Wisem
2025-09-11 17:16:40 [main] INFO  demoqaBase - ✅ Form filled successfully for: Bud Wisem
2025-09-11 17:16:40 [main] INFO  demoqaLog - ✅ JS click executed on element: {}
2025-09-11 17:16:40 [main] INFO  demoqaBase - 🔍 Validating submitted form for: Bud Wisem
2025-09-11 17:16:40 [main] INFO  demoqaBase - ✅ Validation passed for user: Bud Wisem
2025-09-11 17:16:40 [main] INFO  demoqaBase - ✅ Text Box Element Test Completed...
]]></system-out>
  </testcase>
  <testcase name="TextBox[TextBoxUser{firstName=&apos;Tom&apos;, lastName=&apos;Boss&apos;, email=&apos;TBoss@demoqa.com&apos;, currentAddress=&apos;304 Town 481, Brookville\n kansas 42129\n United States&apos;, permanentAddress=&apos;514 Grant 481, Prattsville\n Arkansas 72129\n United States&apos;}](4)" classname="tests.ElementsTests" time="2.045">
    <system-out><![CDATA[Path for Screenshot is: C:\ASN\eclipse_workspace\demoqa-automation/screenshots/TextBox_Passed_20250911_171640+2025-09-11_17-16-40.png
2025-09-11 17:16:40 [main] INFO  demoqaBase - ✅ Test TextBox passed. Screenshot captured.
2025-09-11 17:16:40 [main] INFO  demoqaBase - Closing browser for test: TextBox
2025-09-11 17:16:40 [main] INFO  DriverFactory - 🌐 Starting Chrome Web Browser...
2025-09-11 17:16:40 [main] INFO  DriverFactory - ✅ Created temporary Chrome profile at C:\Users\dell\AppData\Local\Temp\chrome-profile-14756366793565269736
2025-09-11 17:16:42 [main] INFO  DriverFactory - 🚀 WebDriver started successfully
2025-09-11 17:16:42 [main] INFO  RetryUrlAccess - Navigating to URL (attempt 1): https://demoqa.com
2025-09-11 17:16:58 [main] INFO  demoqaBase - 🧪 Starting Test Elements | Text Box Test...
Instance Variables Declared are: nullnull
2025-09-11 17:16:58 [main] INFO  demoqaBase - Accessing Elements Card...
2025-09-11 17:16:58 [main] INFO  demoqaLog - Clicking on Elements Card...
2025-09-11 17:16:59 [main] INFO  demoqaLog - Clicked on Elements Card...
Title of this Page is: DEMOQA
You are Accessing: Elements
 
Elements: Please select an item from left to start practice.
2025-09-11 17:16:59 [main] INFO  demoqaBase - Elements: Please select an item from left to start practice.
2025-09-11 17:16:59 [main] INFO  demoqaBase - Accessing Text Box...
Text Box
2025-09-11 17:16:59 [main] INFO  demoqaBase - You are accessing: Text Box
2025-09-11 17:16:59 [main] INFO  demoqaBase - 📝 Filling TextBox form for user: Tom Boss
2025-09-11 17:17:00 [main] INFO  demoqaBase - ✅ Form filled successfully for: Tom Boss
2025-09-11 17:17:00 [main] INFO  demoqaLog - ✅ JS click executed on element: {}
2025-09-11 17:17:00 [main] INFO  demoqaBase - 🔍 Validating submitted form for: Tom Boss
2025-09-11 17:17:00 [main] INFO  demoqaBase - ✅ Validation passed for user: Tom Boss
2025-09-11 17:17:00 [main] INFO  demoqaBase - ✅ Text Box Element Test Completed...
]]></system-out>
  </testcase>
  <testcase name="CheckBox" classname="tests.ElementsTests" time="0.862">
    <system-out><![CDATA[Path for Screenshot is: C:\ASN\eclipse_workspace\demoqa-automation/screenshots/TextBox_Passed_20250911_171700+2025-09-11_17-17-00.png
2025-09-11 17:17:00 [main] INFO  demoqaBase - ✅ Test TextBox passed. Screenshot captured.
2025-09-11 17:17:00 [main] INFO  demoqaBase - Closing browser for test: TextBox
2025-09-11 17:17:01 [main] INFO  DriverFactory - 🌐 Starting Chrome Web Browser...
2025-09-11 17:17:01 [main] INFO  DriverFactory - ✅ Created temporary Chrome profile at C:\Users\dell\AppData\Local\Temp\chrome-profile-15239579312723382375
2025-09-11 17:17:02 [main] INFO  DriverFactory - 🚀 WebDriver started successfully
2025-09-11 17:17:02 [main] INFO  RetryUrlAccess - Navigating to URL (attempt 1): https://demoqa.com
2025-09-11 17:17:07 [main] INFO  demoqaBase - 🧪 Starting Test Elements | Check Box Test...
Instance Variables Declared are: nullnull
2025-09-11 17:17:07 [main] INFO  demoqaBase - Accessing Elements Card...
2025-09-11 17:17:07 [main] INFO  demoqaLog - Clicking on Elements Card...
2025-09-11 17:17:07 [main] INFO  demoqaLog - Clicked on Elements Card...
Title of this Page is: DEMOQA
You are Accessing: Elements
 
Elements: Please select an item from left to start practice.
2025-09-11 17:17:07 [main] INFO  demoqaBase - Elements: Please select an item from left to start practice.
2025-09-11 17:17:07 [main] INFO  demoqaBase - Accessing Check Box...
Check Box
2025-09-11 17:17:08 [main] INFO  demoqaBase - You are accessing: Check Box
2025-09-11 17:17:08 [main] INFO  demoqaBase - ✅ Test Elements | Check Box Test Test Completed...
]]></system-out>
  </testcase>
  <testcase name="SelectingHomeCheckBox" classname="tests.ElementsTests" time="1.655">
    <system-out><![CDATA[2025-09-11 17:17:08 [main] INFO  demoqaBase - Closing browser for test: CheckBox
2025-09-11 17:17:08 [main] INFO  DriverFactory - 🌐 Starting Chrome Web Browser...
2025-09-11 17:17:08 [main] INFO  DriverFactory - ✅ Created temporary Chrome profile at C:\Users\dell\AppData\Local\Temp\chrome-profile-135829312988234437
2025-09-11 17:17:09 [main] INFO  DriverFactory - 🚀 WebDriver started successfully
2025-09-11 17:17:09 [main] INFO  RetryUrlAccess - Navigating to URL (attempt 1): https://demoqa.com
2025-09-11 17:17:26 [main] INFO  demoqaBase - 🧪 Starting Test Elements | Selecting Home Check Box Test...
Instance Variables Declared are: nullnull
2025-09-11 17:17:26 [main] INFO  demoqaBase - Accessing Elements Card...
2025-09-11 17:17:26 [main] INFO  demoqaLog - Clicking on Elements Card...
2025-09-11 17:17:26 [main] INFO  demoqaLog - Clicked on Elements Card...
Title of this Page is: DEMOQA
You are Accessing: Elements
 
Elements: Please select an item from left to start practice.
2025-09-11 17:17:26 [main] INFO  demoqaBase - Elements: Please select an item from left to start practice.
2025-09-11 17:17:26 [main] INFO  demoqaBase - Accessing Check Box...
Check Box
2025-09-11 17:17:27 [main] INFO  demoqaBase - You are accessing: Check Box
2025-09-11 17:17:27 [main] INFO  demoqaBase - Selecting Home Check Box...
Information Submitted is: You have selected :
home
desktop
notes
commands
documents
workspace
react
angular
veu
office
public
private
classified
general
downloads
wordFile
excelFile
2025-09-11 17:17:27 [main] INFO  demoqaBase - You have Selected: You have selected :
home
desktop
notes
commands
documents
workspace
react
angular
veu
office
public
private
classified
general
downloads
wordFile
excelFile
2025-09-11 17:17:27 [main] INFO  demoqaBase - ✅ Elements | Selecting Home Test Completed...
]]></system-out>
  </testcase>
  <testcase name="SelectingDesktopCheckBox" classname="tests.ElementsTests" time="1.314">
    <system-out><![CDATA[2025-09-11 17:17:27 [main] INFO  demoqaBase - Closing browser for test: SelectingHomeCheckBox
2025-09-11 17:17:28 [main] INFO  DriverFactory - 🌐 Starting Chrome Web Browser...
2025-09-11 17:17:28 [main] INFO  DriverFactory - ✅ Created temporary Chrome profile at C:\Users\dell\AppData\Local\Temp\chrome-profile-10848148703656643919
2025-09-11 17:17:29 [main] INFO  DriverFactory - 🚀 WebDriver started successfully
2025-09-11 17:17:29 [main] INFO  RetryUrlAccess - Navigating to URL (attempt 1): https://demoqa.com
2025-09-11 17:18:02 [main] INFO  demoqaBase - 🧪 Starting Test Elements | Selecting Desktop Check Box Test...
Instance Variables Declared are: nullnull
2025-09-11 17:18:02 [main] INFO  demoqaBase - Accessing Elements Card...
2025-09-11 17:18:02 [main] INFO  demoqaLog - Clicking on Elements Card...
2025-09-11 17:18:02 [main] INFO  demoqaLog - Clicked on Elements Card...
Title of this Page is: DEMOQA
You are Accessing: Elements
 
Elements: Please select an item from left to start practice.
2025-09-11 17:18:02 [main] INFO  demoqaBase - Elements: Please select an item from left to start practice.
2025-09-11 17:18:02 [main] INFO  demoqaBase - Accessing Check Box...
Check Box
2025-09-11 17:18:03 [main] INFO  demoqaBase - You are accessing: Check Box
2025-09-11 17:18:03 [main] INFO  demoqaBase - Clicking on Home Toggle Button...
2025-09-11 17:18:03 [main] INFO  demoqaBase - Selecting Deskstop Check Box...
Information Submitted is: You have selected :
desktop
notes
commands
2025-09-11 17:18:03 [main] INFO  demoqaBase - You have Selected: You have selected :
desktop
notes
commands
2025-09-11 17:18:03 [main] INFO  demoqaBase - ✅ Elements | Home | Desktop Test Completed...
]]></system-out>
  </testcase>
  <testcase name="SelectingNotesCommandsClick" classname="tests.ElementsTests" time="1.534">
    <system-out><![CDATA[2025-09-11 17:18:03 [main] INFO  demoqaBase - Closing browser for test: SelectingDesktopCheckBox
2025-09-11 17:18:04 [main] INFO  DriverFactory - 🌐 Starting Chrome Web Browser...
2025-09-11 17:18:04 [main] INFO  DriverFactory - ✅ Created temporary Chrome profile at C:\Users\dell\AppData\Local\Temp\chrome-profile-9927674274207716100
2025-09-11 17:18:05 [main] INFO  DriverFactory - 🚀 WebDriver started successfully
2025-09-11 17:18:05 [main] INFO  RetryUrlAccess - Navigating to URL (attempt 1): https://demoqa.com
2025-09-11 17:18:09 [main] INFO  demoqaBase - 🧪 Starting Test Elements | Selecting Desktop| Notes & Commands Check Box Test...
Instance Variables Declared are: nullnull
2025-09-11 17:18:09 [main] INFO  demoqaBase - Accessing Elements Card...
2025-09-11 17:18:09 [main] INFO  demoqaLog - Clicking on Elements Card...
2025-09-11 17:18:10 [main] INFO  demoqaLog - Clicked on Elements Card...
Title of this Page is: DEMOQA
You are Accessing: Elements
 
Elements: Please select an item from left to start practice.
2025-09-11 17:18:10 [main] INFO  demoqaBase - Elements: Please select an item from left to start practice.
2025-09-11 17:18:10 [main] INFO  demoqaBase - Accessing Check Box...
Check Box
2025-09-11 17:18:10 [main] INFO  demoqaBase - You are accessing: Check Box
2025-09-11 17:18:10 [main] INFO  demoqaBase - Clicking on Home Toggle Button...
2025-09-11 17:18:10 [main] INFO  demoqaBase - Clicking on Desktop Toggle Button...
2025-09-11 17:18:10 [main] INFO  demoqaBase - Clicking on Notes Button...
2025-09-11 17:18:10 [main] INFO  demoqaBase - Clicking on Commands Button...
2025-09-11 17:18:11 [main] INFO  demoqaBase - Selected Notes & Commands...
Information Submitted is: You have selected :
desktop
notes
commands
2025-09-11 17:18:11 [main] INFO  demoqaBase - You have Selected: You have selected :
desktop
notes
commands
2025-09-11 17:18:11 [main] INFO  demoqaBase - ✅ Elements | Home | Desktop | Notes & Commands Completed...
]]></system-out>
  </testcase>
  <testcase name="SelectingDocumentsCheckBox" classname="tests.ElementsTests" time="1.507">
    <system-out><![CDATA[2025-09-11 17:18:11 [main] INFO  demoqaBase - Closing browser for test: SelectingNotesCommandsClick
2025-09-11 17:18:11 [main] INFO  DriverFactory - 🌐 Starting Chrome Web Browser...
2025-09-11 17:18:11 [main] INFO  DriverFactory - ✅ Created temporary Chrome profile at C:\Users\dell\AppData\Local\Temp\chrome-profile-10386869682324536211
2025-09-11 17:18:12 [main] INFO  DriverFactory - 🚀 WebDriver started successfully
2025-09-11 17:18:12 [main] INFO  RetryUrlAccess - Navigating to URL (attempt 1): https://demoqa.com
2025-09-11 17:18:29 [main] INFO  demoqaBase - 🧪 Starting Test Elements | Selecting Documents Check Box Test...
Instance Variables Declared are: nullnull
2025-09-11 17:18:29 [main] INFO  demoqaBase - Accessing Elements Card...
2025-09-11 17:18:29 [main] INFO  demoqaLog - Clicking on Elements Card...
2025-09-11 17:18:30 [main] INFO  demoqaLog - Clicked on Elements Card...
Title of this Page is: DEMOQA
You are Accessing: Elements
 
Elements: Please select an item from left to start practice.
2025-09-11 17:18:30 [main] INFO  demoqaBase - Elements: Please select an item from left to start practice.
2025-09-11 17:18:30 [main] INFO  demoqaBase - Accessing Check Box...
Check Box
2025-09-11 17:18:30 [main] INFO  demoqaBase - You are accessing: Check Box
2025-09-11 17:18:30 [main] INFO  demoqaBase - Clicking on Home Toggle Button...
2025-09-11 17:18:30 [main] INFO  demoqaBase - Selecting Documents Check Box...
2025-09-11 17:18:31 [main] INFO  demoqaBase - Selected Documents Check Box...
Information Submitted is: You have selected :
documents
workspace
react
angular
veu
office
public
private
classified
general
2025-09-11 17:18:31 [main] INFO  demoqaBase - You have Selected: You have selected :
documents
workspace
react
angular
veu
office
public
private
classified
general
2025-09-11 17:18:31 [main] INFO  demoqaBase - ✅ Test Elements | Selecting Documents Check Box Test Completed...
]]></system-out>
  </testcase>
  <testcase name="SelectingWorkSpace" classname="tests.ElementsTests" time="1.47">
    <system-out><![CDATA[2025-09-11 17:18:31 [main] INFO  demoqaBase - Closing browser for test: SelectingDocumentsCheckBox
2025-09-11 17:18:31 [main] INFO  DriverFactory - 🌐 Starting Chrome Web Browser...
2025-09-11 17:18:31 [main] INFO  DriverFactory - ✅ Created temporary Chrome profile at C:\Users\dell\AppData\Local\Temp\chrome-profile-12672894538760796532
2025-09-11 17:18:32 [main] INFO  DriverFactory - 🚀 WebDriver started successfully
2025-09-11 17:18:32 [main] INFO  RetryUrlAccess - Navigating to URL (attempt 1): https://demoqa.com
2025-09-11 17:18:37 [main] INFO  demoqaBase - 🧪 Starting Test Elements | Home | Selecting Documents | WorkSpace Check Box Test...
Instance Variables Declared are: nullnull
2025-09-11 17:18:37 [main] INFO  demoqaBase - Accessing Elements Card...
2025-09-11 17:18:37 [main] INFO  demoqaLog - Clicking on Elements Card...
2025-09-11 17:18:37 [main] INFO  demoqaLog - Clicked on Elements Card...
Title of this Page is: DEMOQA
You are Accessing: Elements
 
Elements: Please select an item from left to start practice.
2025-09-11 17:18:37 [main] INFO  demoqaBase - Elements: Please select an item from left to start practice.
2025-09-11 17:18:37 [main] INFO  demoqaBase - Accessing Check Box...
Check Box
2025-09-11 17:18:38 [main] INFO  demoqaBase - You are accessing: Check Box
2025-09-11 17:18:38 [main] INFO  demoqaBase - Clicking on Home Toggle Button...
2025-09-11 17:18:38 [main] INFO  demoqaBase - Clicking on Documents Toggle Button...
2025-09-11 17:18:38 [main] INFO  demoqaBase - Selecting WorkSpace Check Box...
2025-09-11 17:18:38 [main] INFO  demoqaBase - Selected WorkSpace Check Box...
Information Submitted is: You have selected :
workspace
react
angular
veu
2025-09-11 17:18:38 [main] INFO  demoqaBase - You have Selected: You have selected :
workspace
react
angular
veu
2025-09-11 17:18:38 [main] INFO  demoqaBase - ✅ Test Elements | Home | Selecting Documents | WorkSpace Check Box Completed...
]]></system-out>
  </testcase>
  <testcase name="SelectReact" classname="tests.ElementsTests" time="2.022">
    <system-out><![CDATA[2025-09-11 17:18:38 [main] INFO  demoqaBase - Closing browser for test: SelectingWorkSpace
2025-09-11 17:18:39 [main] INFO  DriverFactory - 🌐 Starting Chrome Web Browser...
2025-09-11 17:18:39 [main] INFO  DriverFactory - ✅ Created temporary Chrome profile at C:\Users\dell\AppData\Local\Temp\chrome-profile-5680371831445320535
2025-09-11 17:18:40 [main] INFO  DriverFactory - 🚀 WebDriver started successfully
2025-09-11 17:18:40 [main] INFO  RetryUrlAccess - Navigating to URL (attempt 1): https://demoqa.com
2025-09-11 17:18:49 [main] INFO  demoqaBase - 🧪 Starting Test Elements|Home|Selecting Documents|WorkSpace|React Check Box Test...
Instance Variables Declared are: nullnull
2025-09-11 17:18:49 [main] INFO  demoqaBase - Accessing Elements Card...
2025-09-11 17:18:49 [main] INFO  demoqaLog - Clicking on Elements Card...
2025-09-11 17:18:49 [main] INFO  demoqaLog - Clicked on Elements Card...
Title of this Page is: DEMOQA
You are Accessing: Elements
 
Elements: Please select an item from left to start practice.
2025-09-11 17:18:49 [main] INFO  demoqaBase - Elements: Please select an item from left to start practice.
2025-09-11 17:18:49 [main] INFO  demoqaBase - Accessing Check Box...
Check Box
2025-09-11 17:18:50 [main] INFO  demoqaBase - You are accessing: Check Box
2025-09-11 17:18:50 [main] INFO  demoqaBase - Clicking on Home Toggle Button...
2025-09-11 17:18:50 [main] INFO  demoqaBase - Clicking on Documents Toggle Button...
2025-09-11 17:18:50 [main] INFO  demoqaBase - Clicking WorkSpace Toggle Button...
2025-09-11 17:18:50 [main] INFO  demoqaBase - Clicked WorkSpace Toggle Button...
2025-09-11 17:18:50 [main] INFO  demoqaBase - Selecting WorkSpace | React Check Box...
2025-09-11 17:18:51 [main] INFO  demoqaBase - Selected WorkSpace | React Check Box...
Information Submitted is: You have selected :
react
2025-09-11 17:18:51 [main] INFO  demoqaBase - You have Selected: You have selected :
react
2025-09-11 17:18:51 [main] INFO  demoqaBase - ✅ Test Elements|Home|Documents| Selecting WorkSpace|React Check Box Completed...
]]></system-out>
  </testcase>
  <testcase name="SelectAngular" classname="tests.ElementsTests" time="1.964">
    <system-out><![CDATA[2025-09-11 17:18:51 [main] INFO  demoqaBase - Closing browser for test: SelectReact
2025-09-11 17:18:51 [main] INFO  DriverFactory - 🌐 Starting Chrome Web Browser...
2025-09-11 17:18:51 [main] INFO  DriverFactory - ✅ Created temporary Chrome profile at C:\Users\dell\AppData\Local\Temp\chrome-profile-3304386557167935919
2025-09-11 17:18:52 [main] INFO  DriverFactory - 🚀 WebDriver started successfully
2025-09-11 17:18:52 [main] INFO  RetryUrlAccess - Navigating to URL (attempt 1): https://demoqa.com
2025-09-11 17:18:57 [main] INFO  demoqaBase - 🧪 Starting Test Elements|Home|Selecting Documents|WorkSpace|Angular Check Box Test...
Instance Variables Declared are: nullnull
2025-09-11 17:18:57 [main] INFO  demoqaBase - Accessing Elements Card...
2025-09-11 17:18:57 [main] INFO  demoqaLog - Clicking on Elements Card...
2025-09-11 17:18:57 [main] INFO  demoqaLog - Clicked on Elements Card...
Title of this Page is: DEMOQA
You are Accessing: Elements
 
Elements: Please select an item from left to start practice.
2025-09-11 17:18:57 [main] INFO  demoqaBase - Elements: Please select an item from left to start practice.
2025-09-11 17:18:57 [main] INFO  demoqaBase - Accessing Check Box...
Check Box
2025-09-11 17:18:58 [main] INFO  demoqaBase - You are accessing: Check Box
2025-09-11 17:18:58 [main] INFO  demoqaBase - Clicking on Home Toggle Button...
2025-09-11 17:18:58 [main] INFO  demoqaBase - Clicking on Documents Toggle Button...
2025-09-11 17:18:58 [main] INFO  demoqaBase - Clicking WorkSpace Toggle Button...
2025-09-11 17:18:58 [main] INFO  demoqaBase - Clicked WorkSpace Toggle Button...
2025-09-11 17:18:58 [main] INFO  demoqaBase - Selecting WorkSpace | Angular Check Box...
2025-09-11 17:18:58 [main] INFO  demoqaBase - Selected WorkSpace | Angular Check Box...
Information Submitted is: You have selected :
angular
2025-09-11 17:18:59 [main] INFO  demoqaBase - You have Selected: You have selected :
angular
2025-09-11 17:18:59 [main] INFO  demoqaBase - ✅ Test Elements|Home|Documents| Selecting WorkSpace|Angular Check Box Completed...
]]></system-out>
  </testcase>
  <testcase name="SelectVeu" classname="tests.ElementsTests" time="1.412">
    <system-out><![CDATA[2025-09-11 17:18:59 [main] INFO  demoqaBase - Closing browser for test: SelectAngular
2025-09-11 17:18:59 [main] INFO  DriverFactory - 🌐 Starting Chrome Web Browser...
2025-09-11 17:18:59 [main] INFO  DriverFactory - ✅ Created temporary Chrome profile at C:\Users\dell\AppData\Local\Temp\chrome-profile-13045153207345568058
2025-09-11 17:19:00 [main] INFO  DriverFactory - 🚀 WebDriver started successfully
2025-09-11 17:19:00 [main] INFO  RetryUrlAccess - Navigating to URL (attempt 1): https://demoqa.com
2025-09-11 17:19:17 [main] INFO  demoqaBase - 🧪 Starting Test Elements|Home|Selecting Documents|WorkSpace|Veu Check Box Test...
Instance Variables Declared are: nullnull
2025-09-11 17:19:17 [main] INFO  demoqaBase - Accessing Elements Card...
2025-09-11 17:19:17 [main] INFO  demoqaLog - Clicking on Elements Card...
2025-09-11 17:19:17 [main] INFO  demoqaLog - Clicked on Elements Card...
Title of this Page is: DEMOQA
You are Accessing: Elements
 
Elements: Please select an item from left to start practice.
2025-09-11 17:19:18 [main] INFO  demoqaBase - Elements: Please select an item from left to start practice.
2025-09-11 17:19:18 [main] INFO  demoqaBase - Accessing Check Box...
Check Box
2025-09-11 17:19:18 [main] INFO  demoqaBase - You are accessing: Check Box
2025-09-11 17:19:18 [main] INFO  demoqaBase - Clicking on Home Toggle Button...
2025-09-11 17:19:18 [main] INFO  demoqaBase - Clicking on Documents Toggle Button...
2025-09-11 17:19:18 [main] INFO  demoqaBase - Clicking WorkSpace Toggle Button...
2025-09-11 17:19:18 [main] INFO  demoqaBase - Clicked WorkSpace Toggle Button...
2025-09-11 17:19:18 [main] INFO  demoqaBase - Selecting WorkSpace | Veu Check Box...
2025-09-11 17:19:19 [main] INFO  demoqaBase - Selected WorkSpace | Veu Check Box...
Information Submitted is: You have selected :
veu
2025-09-11 17:19:19 [main] INFO  demoqaBase - You have Selected: You have selected :
veu
2025-09-11 17:19:19 [main] INFO  demoqaBase - ✅ Test Elements|Home|Documents| Selecting WorkSpace|Veu Check Box Completed...
]]></system-out>
  </testcase>
  <testcase name="SelectReactAnuglarVeu" classname="tests.ElementsTests" time="1.961">
    <system-out><![CDATA[2025-09-11 17:19:19 [main] INFO  demoqaBase - Closing browser for test: SelectVeu
2025-09-11 17:19:19 [main] INFO  DriverFactory - 🌐 Starting Chrome Web Browser...
2025-09-11 17:19:19 [main] INFO  DriverFactory - ✅ Created temporary Chrome profile at C:\Users\dell\AppData\Local\Temp\chrome-profile-8082024505014511703
2025-09-11 17:19:20 [main] INFO  DriverFactory - 🚀 WebDriver started successfully
2025-09-11 17:19:20 [main] INFO  RetryUrlAccess - Navigating to URL (attempt 1): https://demoqa.com
2025-09-11 17:19:32 [main] INFO  demoqaBase - 🧪 Starting Test Elements|Home|Selecting Documents|WorkSpace|React-Anuglar-Veu Check Box Test...
Instance Variables Declared are: nullnull
2025-09-11 17:19:32 [main] INFO  demoqaBase - Accessing Elements Card...
2025-09-11 17:19:32 [main] INFO  demoqaLog - Clicking on Elements Card...
2025-09-11 17:19:33 [main] INFO  demoqaLog - Clicked on Elements Card...
Title of this Page is: DEMOQA
You are Accessing: Elements
 
Elements: Please select an item from left to start practice.
2025-09-11 17:19:33 [main] INFO  demoqaBase - Elements: Please select an item from left to start practice.
2025-09-11 17:19:33 [main] INFO  demoqaBase - Accessing Check Box...
Check Box
2025-09-11 17:19:33 [main] INFO  demoqaBase - You are accessing: Check Box
2025-09-11 17:19:33 [main] INFO  demoqaBase - Clicking on Home Toggle Button...
2025-09-11 17:19:33 [main] INFO  demoqaBase - Clicking on Documents Toggle Button...
2025-09-11 17:19:33 [main] INFO  demoqaBase - Clicking WorkSpace Toggle Button...
2025-09-11 17:19:34 [main] INFO  demoqaBase - Clicked WorkSpace Toggle Button...
2025-09-11 17:19:34 [main] INFO  demoqaBase - Selecting WorkSpace | React Check Box...
2025-09-11 17:19:34 [main] INFO  demoqaBase - Selected WorkSpace | React Check Box...
2025-09-11 17:19:34 [main] INFO  demoqaBase - Selecting WorkSpace | Angular Check Box...
2025-09-11 17:19:34 [main] INFO  demoqaBase - Selected WorkSpace | Angular Check Box...
2025-09-11 17:19:34 [main] INFO  demoqaBase - Selecting WorkSpace | Veu Check Box...
2025-09-11 17:19:34 [main] INFO  demoqaBase - Selected WorkSpace | Veu Check Box...
Information Submitted is: You have selected :
workspace
react
angular
veu
2025-09-11 17:19:34 [main] INFO  demoqaBase - You have Selected: You have selected :
workspace
react
angular
veu
2025-09-11 17:19:34 [main] INFO  demoqaBase - ✅ Test Elements|Home|Documents| Selecting WorkSpace|React-Anuglar-Veu Check Box Completed...
]]></system-out>
  </testcase>
  <testcase name="SelectingOffice" classname="tests.ElementsTests" time="1.568">
    <system-out><![CDATA[2025-09-11 17:19:34 [main] INFO  demoqaBase - Closing browser for test: SelectReactAnuglarVeu
2025-09-11 17:19:35 [main] INFO  DriverFactory - 🌐 Starting Chrome Web Browser...
2025-09-11 17:19:35 [main] INFO  DriverFactory - ✅ Created temporary Chrome profile at C:\Users\dell\AppData\Local\Temp\chrome-profile-5348073312271667223
2025-09-11 17:19:36 [main] INFO  DriverFactory - 🚀 WebDriver started successfully
2025-09-11 17:19:36 [main] INFO  RetryUrlAccess - Navigating to URL (attempt 1): https://demoqa.com
[...]
2025-09-11 18:15:55 [main] INFO  DriverFactory - ✅ Created temporary Chrome profile at C:\Users\dell\AppData\Local\Temp\chrome-profile-3704855443799235727
2025-09-11 18:15:57 [main] INFO  DriverFactory - 🚀 WebDriver started successfully
2025-09-11 18:15:57 [main] INFO  RetryUrlAccess - Navigating to URL (attempt 1): https://demoqa.com
2025-09-11 18:16:08 [main] INFO  demoqaBase - 🧪 Starting Test Widgets|Auto Complete...
2025-09-11 18:16:08 [main] INFO  demoqaBase - Accessing Widgets Card...
Declared Instance WebDriverWait: org.openqa.selenium.support.ui.WebDriverWait@1b87f5c8
2025-09-11 18:16:08 [main] INFO  demoqaLog - Clicking on Widgets Card...
2025-09-11 18:16:08 [main] INFO  demoqaLog - Clicked on Widgets Card...
Title of this Page is: DEMOQA
You are Accessing: Widgets
 
2025-09-11 18:16:08 [main] INFO  demoqaBase - Widgets: Please select an item from left to start practice.
2025-09-11 18:16:08 [main] INFO  demoqaBase - Clicking on Widgets|AutoComplete...
You are now Accessing: Auto Complete
2025-09-11 18:16:08 [main] INFO  demoqaBase - You are now Accessing: Auto Complete
Searching Colors using: V
Expected Color to be selected is/are: [Voilet]
2025-09-11 18:16:08 [main] INFO  demoqaBase - 🔍 Running test for search character: V
2025-09-11 18:16:08 [main] INFO  demoqaBase - Clicking on Widgets | Auto Complete | Type multiple color names...
Searching Colors using: V
Expected Color to be selected is/are: [Voilet]
2025-09-11 18:16:09 [main] INFO  demoqaBase - You are now Accessing: Auto Complete
2025-09-11 18:16:09 [main] INFO  demoqaBase - Available Color: Voilet
2025-09-11 18:16:09 [main] INFO  demoqaBase - ✅ Selected Color: Voilet
2025-09-11 18:16:09 [main] INFO  demoqaBase - 🎯 Final selected colors: [Voilet]
2025-09-11 18:16:09 [main] INFO  demoqaBase - ✅ Widgets|Auto Complete Test Completed...
]]></system-out>
  </testcase>
  <testcase name="AutoCompleteSearch[ColorSelectionData{searchFor=&apos;W&apos;, expectedColors=[Yellow, White]}](20)" classname="tests.WidgetsTests" time="2.054">
    <system-out><![CDATA[2025-09-11 18:16:09 [main] INFO  demoqaBase - Closing browser for test: AutoCompleteSearch
2025-09-11 18:16:09 [main] INFO  DriverFactory - 🌐 Starting Chrome Web Browser...
2025-09-11 18:16:09 [main] INFO  DriverFactory - ✅ Created temporary Chrome profile at C:\Users\dell\AppData\Local\Temp\chrome-profile-17754513787697455041
2025-09-11 18:16:11 [main] INFO  DriverFactory - 🚀 WebDriver started successfully
2025-09-11 18:16:11 [main] INFO  RetryUrlAccess - Navigating to URL (attempt 1): https://demoqa.com
2025-09-11 18:16:17 [main] INFO  demoqaBase - 🧪 Starting Test Widgets|Auto Complete...
2025-09-11 18:16:17 [main] INFO  demoqaBase - Accessing Widgets Card...
Declared Instance WebDriverWait: org.openqa.selenium.support.ui.WebDriverWait@6c2b2e65
2025-09-11 18:16:17 [main] INFO  demoqaLog - Clicking on Widgets Card...
2025-09-11 18:16:17 [main] INFO  demoqaLog - Clicked on Widgets Card...
Title of this Page is: DEMOQA
You are Accessing: Widgets
 
2025-09-11 18:16:17 [main] INFO  demoqaBase - Widgets: Please select an item from left to start practice.
2025-09-11 18:16:17 [main] INFO  demoqaBase - Clicking on Widgets|AutoComplete...
You are now Accessing: Auto Complete
2025-09-11 18:16:18 [main] INFO  demoqaBase - You are now Accessing: Auto Complete
Searching Colors using: W
Expected Color to be selected is/are: [Yellow, White]
2025-09-11 18:16:18 [main] INFO  demoqaBase - 🔍 Running test for search character: W
2025-09-11 18:16:18 [main] INFO  demoqaBase - Clicking on Widgets | Auto Complete | Type multiple color names...
Searching Colors using: W
Expected Color to be selected is/are: [Yellow, White]
2025-09-11 18:16:18 [main] INFO  demoqaBase - You are now Accessing: Auto Complete
2025-09-11 18:16:18 [main] INFO  demoqaBase - Available Color: Yellow
2025-09-11 18:16:18 [main] INFO  demoqaBase - ✅ Selected Color: Yellow
2025-09-11 18:16:18 [main] INFO  demoqaBase - Available Color: White
2025-09-11 18:16:19 [main] INFO  demoqaBase - ✅ Selected Color: White
2025-09-11 18:16:19 [main] INFO  demoqaBase - 🎯 Final selected colors: [Yellow, White]
2025-09-11 18:16:19 [main] INFO  demoqaBase - ✅ Widgets|Auto Complete Test Completed...
]]></system-out>
  </testcase>
  <testcase name="AutoCompleteSearch[ColorSelectionData{searchFor=&apos;Y&apos;, expectedColors=[Yellow]}](21)" classname="tests.WidgetsTests" time="1.369">
    <system-out><![CDATA[2025-09-11 18:16:19 [main] INFO  demoqaBase - Closing browser for test: AutoCompleteSearch
2025-09-11 18:16:19 [main] INFO  DriverFactory - 🌐 Starting Chrome Web Browser...
2025-09-11 18:16:19 [main] INFO  DriverFactory - ✅ Created temporary Chrome profile at C:\Users\dell\AppData\Local\Temp\chrome-profile-269940685760042153
2025-09-11 18:16:20 [main] INFO  DriverFactory - 🚀 WebDriver started successfully
2025-09-11 18:16:20 [main] INFO  RetryUrlAccess - Navigating to URL (attempt 1): https://demoqa.com
2025-09-11 18:16:31 [main] INFO  demoqaBase - 🧪 Starting Test Widgets|Auto Complete...
2025-09-11 18:16:31 [main] INFO  demoqaBase - Accessing Widgets Card...
Declared Instance WebDriverWait: org.openqa.selenium.support.ui.WebDriverWait@76619aa2
2025-09-11 18:16:31 [main] INFO  demoqaLog - Clicking on Widgets Card...
2025-09-11 18:16:32 [main] INFO  demoqaLog - Clicked on Widgets Card...
Title of this Page is: DEMOQA
You are Accessing: Widgets
 
2025-09-11 18:16:32 [main] INFO  demoqaBase - Widgets: Please select an item from left to start practice.
2025-09-11 18:16:32 [main] INFO  demoqaBase - Clicking on Widgets|AutoComplete...
You are now Accessing: Auto Complete
2025-09-11 18:16:32 [main] INFO  demoqaBase - You are now Accessing: Auto Complete
Searching Colors using: Y
Expected Color to be selected is/are: [Yellow]
2025-09-11 18:16:32 [main] INFO  demoqaBase - 🔍 Running test for search character: Y
2025-09-11 18:16:32 [main] INFO  demoqaBase - Clicking on Widgets | Auto Complete | Type multiple color names...
Searching Colors using: Y
Expected Color to be selected is/are: [Yellow]
2025-09-11 18:16:32 [main] INFO  demoqaBase - You are now Accessing: Auto Complete
2025-09-11 18:16:33 [main] INFO  demoqaBase - Available Color: Yellow
2025-09-11 18:16:33 [main] INFO  demoqaBase - ✅ Selected Color: Yellow
2025-09-11 18:16:33 [main] INFO  demoqaBase - 🎯 Final selected colors: [Yellow]
2025-09-11 18:16:33 [main] INFO  demoqaBase - ✅ Widgets|Auto Complete Test Completed...
]]></system-out>
  </testcase>
  <testcase name="AutoCompleteSearchRemove[ColorSelectionData{searchFor=&apos;E&apos;, expectedColors=[Green, Yellow]}](1)" classname="tests.WidgetsTests" time="6.656">
    <system-out><![CDATA[2025-09-11 18:16:33 [main] INFO  demoqaBase - Closing browser for test: AutoCompleteSearch
2025-09-11 18:16:33 [main] WARN  PauseManager - ⏸ Pausing for 5 minutes after 120 tests...
2025-09-11 18:16:33 [main] INFO  PauseManager - ▶ Resuming in 5 minutes...
2025-09-11 18:17:34 [main] INFO  PauseManager - ▶ Resuming in 4 minutes...
2025-09-11 18:18:34 [main] INFO  PauseManager - ▶ Resuming in 3 minutes...
2025-09-11 18:19:34 [main] INFO  PauseManager - ▶ Resuming in 2 minutes...
2025-09-11 18:20:35 [main] INFO  PauseManager - ▶ Resuming in 1 minutes...
2025-09-11 18:21:25 [main] INFO  PauseManager - ▶ Resuming in 10 seconds...
2025-09-11 18:21:26 [main] INFO  PauseManager - ▶ Resuming in 9 seconds...
2025-09-11 18:21:27 [main] INFO  PauseManager - ▶ Resuming in 8 seconds...
2025-09-11 18:21:28 [main] INFO  PauseManager - ▶ Resuming in 7 seconds...
2025-09-11 18:21:29 [main] INFO  PauseManager - ▶ Resuming in 6 seconds...
2025-09-11 18:21:30 [main] INFO  PauseManager - ▶ Resuming in 5 seconds...
2025-09-11 18:21:31 [main] INFO  PauseManager - ▶ Resuming in 4 seconds...
2025-09-11 18:21:32 [main] INFO  PauseManager - ▶ Resuming in 3 seconds...
2025-09-11 18:21:33 [main] INFO  PauseManager - ▶ Resuming in 2 seconds...
2025-09-11 18:21:34 [main] INFO  PauseManager - ▶ Resuming in 1 seconds...
2025-09-11 18:21:35 [main] INFO  PauseManager - ✅ Pause complete. Resuming tests...
🧾 Row 1: {SearchFor=E, ExpectedColors=Green,Yellow}
🔍 Mapping field: searchFor | Excel Column: SearchFor | Value: E
🔍 Mapping field: expectedColorsRaw | Excel Column: ExpectedColors | Value: Green,Yellow
2025-09-11 18:21:35 [main] INFO  DriverFactory - 🌐 Starting Chrome Web Browser...
2025-09-11 18:21:35 [main] INFO  DriverFactory - ✅ Created temporary Chrome profile at C:\Users\dell\AppData\Local\Temp\chrome-profile-8080265223468257840
2025-09-11 18:21:36 [main] INFO  DriverFactory - 🚀 WebDriver started successfully
2025-09-11 18:21:36 [main] INFO  RetryUrlAccess - Navigating to URL (attempt 1): https://demoqa.com
2025-09-11 18:21:43 [main] INFO  demoqaBase - 🧪 Starting Test Widgets|Auto Complete - Select & Remove Flow
2025-09-11 18:21:43 [main] INFO  demoqaBase - Accessing Widgets Card...
Declared Instance WebDriverWait: org.openqa.selenium.support.ui.WebDriverWait@122b11ef
2025-09-11 18:21:43 [main] INFO  demoqaLog - Clicking on Widgets Card...
2025-09-11 18:21:44 [main] INFO  demoqaLog - Clicked on Widgets Card...
Title of this Page is: DEMOQA
You are Accessing: Widgets
 
2025-09-11 18:21:44 [main] INFO  demoqaBase - Widgets: Please select an item from left to start practice.
2025-09-11 18:21:44 [main] INFO  demoqaBase - Clicking on Widgets|AutoComplete...
You are now Accessing: Auto Complete
2025-09-11 18:21:44 [main] INFO  demoqaBase - You are now Accessing: Auto Complete
🧾 Row 1: {SearchFor=A, ExpectedColors=Black,Magenta,Aqua}
🔍 Mapping field: searchFor | Excel Column: SearchFor | Value: A
🔍 Mapping field: expectedColorsRaw | Excel Column: ExpectedColors | Value: Black,Magenta,Aqua
🧾 Row 2: {SearchFor=B, ExpectedColors=Blue,Black}
🔍 Mapping field: searchFor | Excel Column: SearchFor | Value: B
🔍 Mapping field: expectedColorsRaw | Excel Column: ExpectedColors | Value: Blue,Black
🧾 Row 3: {SearchFor=C, ExpectedColors=Black}
🔍 Mapping field: searchFor | Excel Column: SearchFor | Value: C
🔍 Mapping field: expectedColorsRaw | Excel Column: ExpectedColors | Value: Black
🧾 Row 4: {SearchFor=D, ExpectedColors=Red,Indigo}
🔍 Mapping field: searchFor | Excel Column: SearchFor | Value: D
🔍 Mapping field: expectedColorsRaw | Excel Column: ExpectedColors | Value: Red,Indigo
🧾 Row 5: {SearchFor=E, ExpectedColors=Red,Blue,Green,Yellow,Purple,White,Voilet,Magenta}
🔍 Mapping field: searchFor | Excel Column: SearchFor | Value: E
🔍 Mapping field: expectedColorsRaw | Excel Column: ExpectedColors | Value: Red,Blue,Green,Yellow,Purple,White,Voilet,Magenta
🧾 Row 6: {SearchFor=G, ExpectedColors=Green,Indigo,Magenta}
🔍 Mapping field: searchFor | Excel Column: SearchFor | Value: G
🔍 Mapping field: expectedColorsRaw | Excel Column: ExpectedColors | Value: Green,Indigo,Magenta
🧾 Row 7: {SearchFor=H, ExpectedColors=White}
🔍 Mapping field: searchFor | Excel Column: SearchFor | Value: H
🔍 Mapping field: expectedColorsRaw | Excel Column: ExpectedColors | Value: White
🧾 Row 8: {SearchFor=I, ExpectedColors=White,Voilet,Indigo}
🔍 Mapping field: searchFor | Excel Column: SearchFor | Value: I
🔍 Mapping field: expectedColorsRaw | Excel Column: ExpectedColors | Value: White,Voilet,Indigo
🧾 Row 9: {SearchFor=K, ExpectedColors=Black}
🔍 Mapping field: searchFor | Excel Column: SearchFor | Value: K
🔍 Mapping field: expectedColorsRaw | Excel Column: ExpectedColors | Value: Black
🧾 Row 10: {SearchFor=L, ExpectedColors=Blue,Yellow,Purple,Black,Voilet}
🔍 Mapping field: searchFor | Excel Column: SearchFor | Value: L
🔍 Mapping field: expectedColorsRaw | Excel Column: ExpectedColors | Value: Blue,Yellow,Purple,Black,Voilet
🧾 Row 11: {SearchFor=M, ExpectedColors=Magenta}
🔍 Mapping field: searchFor | Excel Column: SearchFor | Value: M
🔍 Mapping field: expectedColorsRaw | Excel Column: ExpectedColors | Value: Magenta
🧾 Row 12: {SearchFor=N, ExpectedColors=Green,Indigo,Magenta}
🔍 Mapping field: searchFor | Excel Column: SearchFor | Value: N
🔍 Mapping field: expectedColorsRaw | Excel Column: ExpectedColors | Value: Green,Indigo,Magenta
🧾 Row 13: {SearchFor=O, ExpectedColors=Yellow,Voilet,Indigo}
🔍 Mapping field: searchFor | Excel Column: SearchFor | Value: O
🔍 Mapping field: expectedColorsRaw | Excel Column: ExpectedColors | Value: Yellow,Voilet,Indigo
🧾 Row 14: {SearchFor=P, ExpectedColors=Purple}
🔍 Mapping field: searchFor | Excel Column: SearchFor | Value: P
🔍 Mapping field: expectedColorsRaw | Excel Column: ExpectedColors | Value: Purple
🧾 Row 15: {SearchFor=Q, ExpectedColors=Aqua}
🔍 Mapping field: searchFor | Excel Column: SearchFor | Value: Q
🔍 Mapping field: expectedColorsRaw | Excel Column: ExpectedColors | Value: Aqua
🧾 Row 16: {SearchFor=R, ExpectedColors=Red,Green,Purple}
🔍 Mapping field: searchFor | Excel Column: SearchFor | Value: R
🔍 Mapping field: expectedColorsRaw | Excel Column: ExpectedColors | Value: Red,Green,Purple
🧾 Row 17: {SearchFor=T, ExpectedColors=White,Voilet,Magenta}
🔍 Mapping field: searchFor | Excel Column: SearchFor | Value: T
🔍 Mapping field: expectedColorsRaw | Excel Column: ExpectedColors | Value: White,Voilet,Magenta
🧾 Row 18: {SearchFor=U, ExpectedColors=Blue,Purple,Aqua}
🔍 Mapping field: searchFor | Excel Column: SearchFor | Value: U
🔍 Mapping field: expectedColorsRaw | Excel Column: ExpectedColors | Value: Blue,Purple,Aqua
🧾 Row 19: {SearchFor=V, ExpectedColors=Voilet}
🔍 Mapping field: searchFor | Excel Column: SearchFor | Value: V
🔍 Mapping field: expectedColorsRaw | Excel Column: ExpectedColors | Value: Voilet
🧾 Row 20: {SearchFor=W, ExpectedColors=Yellow,White}
🔍 Mapping field: searchFor | Excel Column: SearchFor | Value: W
🔍 Mapping field: expectedColorsRaw | Excel Column: ExpectedColors | Value: Yellow,White
🧾 Row 21: {SearchFor=Y, ExpectedColors=Yellow}
🔍 Mapping field: searchFor | Excel Column: SearchFor | Value: Y
🔍 Mapping field: expectedColorsRaw | Excel Column: ExpectedColors | Value: Yellow
2025-09-11 18:21:44 [main] INFO  demoqaBase - 🎨 Selecting colors for 'E': [Red, Blue, Green, Yellow, Purple, White, Voilet, Magenta]
2025-09-11 18:21:45 [main] INFO  demoqaBase - ✅ Selected color 'Red' for 'E'
2025-09-11 18:21:46 [main] INFO  demoqaBase - ✅ Selected color 'Blue' for 'E'
2025-09-11 18:21:46 [main] INFO  demoqaBase - ✅ Selected color 'Green' for 'E'
2025-09-11 18:21:47 [main] INFO  demoqaBase - ✅ Selected color 'Yellow' for 'E'
2025-09-11 18:21:48 [main] INFO  demoqaBase - ✅ Selected color 'Purple' for 'E'
2025-09-11 18:21:48 [main] INFO  demoqaBase - ✅ Selected color 'White' for 'E'
2025-09-11 18:21:49 [main] INFO  demoqaBase - ✅ Selected color 'Voilet' for 'E'
2025-09-11 18:21:49 [main] INFO  demoqaBase - ✅ Selected color 'Magenta' for 'E'
🧾 Row 1: {SearchFor=E, ExpectedColors=Green,Yellow}
🔍 Mapping field: searchFor | Excel Column: SearchFor | Value: E
🔍 Mapping field: expectedColorsRaw | Excel Column: ExpectedColors | Value: Green,Yellow
2025-09-11 18:21:49 [main] INFO  demoqaBase - 🗑️ Attempting to remove colors for 'E': [Green, Yellow]
2025-09-11 18:21:50 [main] INFO  demoqaBase - 🗑️ Removed color: Green
2025-09-11 18:21:50 [main] INFO  demoqaBase - 🗑️ Removed color: Yellow
2025-09-11 18:21:50 [main] INFO  demoqaBase - ✅ Assertion passed: Color 'Green' successfully removed.
2025-09-11 18:21:50 [main] INFO  demoqaBase - ✅ Assertion passed: Color 'Yellow' successfully removed.
2025-09-11 18:21:50 [main] INFO  demoqaBase - ✅ Auto Complete Select & Remove Flow completed for 'E'
]]></system-out>
  </testcase>
  <testcase name="AutoCompleteSingle[E, Green](1)" classname="tests.WidgetsTests" time="2.002">
    <system-out><![CDATA[2025-09-11 18:21:50 [main] INFO  demoqaBase - Closing browser for test: AutoCompleteSearchRemove
2025-09-11 18:21:51 [main] INFO  DriverFactory - 🌐 Starting Chrome Web Browser...
2025-09-11 18:21:51 [main] INFO  DriverFactory - ✅ Created temporary Chrome profile at C:\Users\dell\AppData\Local\Temp\chrome-profile-16628001847941155157
2025-09-11 18:21:52 [main] INFO  DriverFactory - 🚀 WebDriver started successfully
2025-09-11 18:21:52 [main] INFO  RetryUrlAccess - Navigating to URL (attempt 1): https://demoqa.com
2025-09-11 18:21:57 [main] INFO  demoqaBase - 🧪 Starting Test Widgets|Auto Complete - Select & Remove Flow|Type single color name - Search & Select
2025-09-11 18:21:57 [main] INFO  demoqaBase - Accessing Widgets Card...
Declared Instance WebDriverWait: org.openqa.selenium.support.ui.WebDriverWait@2b31269d
2025-09-11 18:21:57 [main] INFO  demoqaLog - Clicking on Widgets Card...
2025-09-11 18:21:57 [main] INFO  demoqaLog - Clicked on Widgets Card...
Title of this Page is: DEMOQA
You are Accessing: Widgets
 
2025-09-11 18:21:57 [main] INFO  demoqaBase - Widgets: Please select an item from left to start practice.
2025-09-11 18:21:57 [main] INFO  demoqaBase - Clicking on Widgets|AutoComplete...
You are now Accessing: Auto Complete
2025-09-11 18:21:57 [main] INFO  demoqaBase - You are now Accessing: Auto Complete
2025-09-11 18:21:57 [main] INFO  demoqaBase - Clicking on Widgets | Auto Complete | Type single color name...
Searching Colors using: E
Expected Color to be selected is/are: Green
2025-09-11 18:21:57 [main] INFO  demoqaBase - You are now Accessing: Auto Complete
2025-09-11 18:21:58 [main] INFO  demoqaBase - Clicked on Search Box with Title: Type single color name
2025-09-11 18:21:59 [main] INFO  demoqaBase - ✅ Selected color 'Green'
2025-09-11 18:21:59 [main] INFO  demoqaBase - Asserted Selected Color is: Green
2025-09-11 18:21:59 [main] INFO  demoqaBase - ✅ Test Widgets|Auto Complete - Select & Remove Flow|Type single color name - Search & Select Completed
]]></system-out>
  </testcase>
  <testcase name="SingleAddRemove[E, Green](1)" classname="tests.WidgetsTests" time="2.482">
    <system-out><![CDATA[2025-09-11 18:21:59 [main] INFO  demoqaBase - Closing browser for test: AutoCompleteSingle
2025-09-11 18:21:59 [main] INFO  DriverFactory - 🌐 Starting Chrome Web Browser...
2025-09-11 18:21:59 [main] INFO  DriverFactory - ✅ Created temporary Chrome profile at C:\Users\dell\AppData\Local\Temp\chrome-profile-12679830470032775221
2025-09-11 18:22:00 [main] INFO  DriverFactory - 🚀 WebDriver started successfully
2025-09-11 18:22:00 [main] INFO  RetryUrlAccess - Navigating to URL (attempt 1): https://demoqa.com
2025-09-11 18:22:13 [main] INFO  demoqaBase - 🧪 Test Widgets|Auto Complete - Select & Remove Flow|Type single color name - Remove Selection
2025-09-11 18:22:13 [main] INFO  demoqaBase - Accessing Widgets Card...
Declared Instance WebDriverWait: org.openqa.selenium.support.ui.WebDriverWait@a5ee522
2025-09-11 18:22:13 [main] INFO  demoqaLog - Clicking on Widgets Card...
2025-09-11 18:22:14 [main] INFO  demoqaLog - Clicked on Widgets Card...
Title of this Page is: DEMOQA
You are Accessing: Widgets
 
2025-09-11 18:22:14 [main] INFO  demoqaBase - Widgets: Please select an item from left to start practice.
2025-09-11 18:22:14 [main] INFO  demoqaBase - Clicking on Widgets|AutoComplete...
You are now Accessing: Auto Complete
2025-09-11 18:22:14 [main] INFO  demoqaBase - You are now Accessing: Auto Complete
2025-09-11 18:22:14 [main] INFO  demoqaBase - Clicking on Widgets | Auto Complete | Type single color name...
Searching Colors using: E
Expected Color to be selected is/are: Green
2025-09-11 18:22:14 [main] INFO  demoqaBase - You are now Accessing: Auto Complete
2025-09-11 18:22:14 [main] INFO  demoqaBase - Clicked on Search Box with Title: Type single color name
2025-09-11 18:22:15 [main] INFO  demoqaBase - ✅ Selected color 'Green'
2025-09-11 18:22:15 [main] INFO  demoqaBase - Asserted Selected Color is: Green
2025-09-11 18:22:15 [main] INFO  demoqaBase - 🔍 Checking selected color. Current value: 'Green'
2025-09-11 18:22:16 [main] INFO  demoqaBase - ✅ Native click succeeded on 'AutoCompleteSingle'
2025-09-11 18:22:16 [main] INFO  demoqaBase - ✅ Cleared color input for 'Green'
2025-09-11 18:22:16 [main] INFO  demoqaBase - ✅ Test Widgets|Auto Complete - Select & Remove Flow|Type single color name - Remove Selection Completed
]]></system-out>
  </testcase>
</testsuite>