<?xml version="1.0" encoding="UTF-8"?>
<testng-results ignored="0" total="123" passed="122" failed="1" skipped="0">
  <reporter-output>
  </reporter-output>
  <suite started-at="2025-09-11T10:53:54 IST" name="Surefire suite" finished-at="2025-09-11T11:57:25 IST" duration-ms="3811188">
    <groups>
    </groups>
    <test started-at="2025-09-11T10:53:54 IST" name="Surefire test" finished-at="2025-09-11T11:57:25 IST" duration-ms="3811188">
      <class name="tests.FormTests">
        <test-method is-config="true" signature="setup(java.lang.reflect.Method)[pri:0, instance:tests.FormTests@7164ca4c]" started-at="2025-09-11T11:38:20 IST" name="setup" finished-at="2025-09-11T11:38:25 IST" duration-ms="5287" status="PASS">
          <params>
            <param index="0">
              <value>
                <![CDATA[public void tests.FormTests.FormsCard()]]>
              </value>
            </param>
          </params>
          <reporter-output>
          </reporter-output>
        </test-method> <!-- setup -->
        <test-method signature="FormsCard()[pri:1, instance:tests.FormTests@7164ca4c]" started-at="2025-09-11T11:38:25 IST" name="FormsCard" finished-at="2025-09-11T11:38:26 IST" duration-ms="1229" status="PASS">
          <reporter-output>
          </reporter-output>
        </test-method> <!-- FormsCard -->
        <test-method is-config="true" signature="tearDown(org.testng.ITestResult)[pri:0, instance:tests.FormTests@7164ca4c]" started-at="2025-09-11T11:38:26 IST" name="tearDown" finished-at="2025-09-11T11:38:27 IST" duration-ms="933" status="PASS">
          <params>
            <param index="0">
              <value>
                <![CDATA[[TestResult name=FormsCard status=SUCCESS method=FormTests.FormsCard()[pri:1, instance:tests.FormTests@7164ca4c] output={null}]]]>
              </value>
            </param>
          </params>
          <reporter-output>
          </reporter-output>
        </test-method> <!-- tearDown -->
        <test-method is-config="true" signature="setup(java.lang.reflect.Method)[pri:0, instance:tests.FormTests@7164ca4c]" started-at="2025-09-11T11:38:27 IST" name="setup" finished-at="2025-09-11T11:38:45 IST" duration-ms="17793" status="PASS">
          <params>
            <param index="0">
              <value>
                <![CDATA[public void tests.FormTests.FormButton()]]>
              </value>
            </param>
          </params>
          <reporter-output>
          </reporter-output>
        </test-method> <!-- setup -->
        <test-method signature="FormButton()[pri:2, instance:tests.FormTests@7164ca4c]" started-at="2025-09-11T11:38:45 IST" name="FormButton" finished-at="2025-09-11T11:38:45 IST" duration-ms="293" status="PASS">
          <reporter-output>
          </reporter-output>
        </test-method> <!-- FormButton -->
        <test-method is-config="true" signature="tearDown(org.testng.ITestResult)[pri:0, instance:tests.FormTests@7164ca4c]" started-at="2025-09-11T11:38:45 IST" name="tearDown" finished-at="2025-09-11T11:38:46 IST" duration-ms="340" status="PASS">
          <params>
            <param index="0">
              <value>
                <![CDATA[[TestResult name=FormButton status=SUCCESS method=FormTests.FormButton()[pri:2, instance:tests.FormTests@7164ca4c] output={null}]]]>
              </value>
            </param>
          </params>
          <reporter-output>
          </reporter-output>
        </test-method> <!-- tearDown -->
        <test-method is-config="true" signature="setup(java.lang.reflect.Method)[pri:0, instance:tests.FormTests@7164ca4c]" started-at="2025-09-11T11:38:46 IST" name="setup" finished-at="2025-09-11T11:38:57 IST" duration-ms="11379" status="PASS">
          <params>
            <param index="0">
              <value>
                <![CDATA[public void tests.FormTests.fillForm(models.UserFormData)]]>
              </value>
            </param>
          </params>
          <reporter-output>
          </reporter-output>
        </test-method> <!-- setup -->
        <test-method signature="fillForm(models.UserFormData)[pri:3, instance:tests.FormTests@7164ca4c]" started-at="2025-09-11T11:38:57 IST" name="fillForm" data-provider="UserFormData" finished-at="2025-09-11T11:39:03 IST" duration-ms="6114" status="PASS">
          <params>
            <param index="0">
              <value>
                <![CDATA[UserFormData{firstName='Johny', lastName='Bravo', userMail='Jbravo@demoqa.com', gender='Male', mobile='9.238343488E9', dob='15/08/2000', subject='Computer Science', hobbies='Sports,Music', picturePath='/TestData/Mphoto.jpg', address='511 Grant 481, Prattsville\n Arkansas 72129\n United States', state='NCR', city='Delhi'}]]>
              </value>
            </param>
          </params>
          <reporter-output>
          </reporter-output>
        </test-method> <!-- fillForm -->
        <test-method is-config="true" signature="tearDown(org.testng.ITestResult)[pri:0, instance:tests.FormTests@7164ca4c]" started-at="2025-09-11T11:39:03 IST" name="tearDown" finished-at="2025-09-11T11:39:04 IST" duration-ms="465" status="PASS">
          <params>
            <param index="0">
              <value>
                <![CDATA[[TestResult name=fillForm status=SUCCESS method=FormTests.fillForm(models.UserFormData)[pri:3, instance:tests.FormTests@7164ca4c] output={null}]]]>
              </value>
            </param>
          </params>
          <reporter-output>
          </reporter-output>
        </test-method> <!-- tearDown -->
        <test-method is-config="true" signature="setup(java.lang.reflect.Method)[pri:0, instance:tests.FormTests@7164ca4c]" started-at="2025-09-11T11:39:04 IST" name="setup" finished-at="2025-09-11T11:39:09 IST" duration-ms="5153" status="PASS">
          <params>
            <param index="0">
              <value>
                <![CDATA[public void tests.FormTests.fillForm(models.UserFormData)]]>
              </value>
            </param>
          </params>
          <reporter-output>
          </reporter-output>
        </test-method> <!-- setup -->
        <test-method signature="fillForm(models.UserFormData)[pri:3, instance:tests.FormTests@7164ca4c]" started-at="2025-09-11T11:39:09 IST" name="fillForm" data-provider="UserFormData" finished-at="2025-09-11T11:39:15 IST" duration-ms="6696" status="PASS">
          <params>
            <param index="0">
              <value>
                <![CDATA[UserFormData{firstName='Gene', lastName='Femina', userMail='GFemina@demoqa.com', gender='Female', mobile='1.888343432E9', dob='22/05/2002', subject='Accounting', hobbies='Music,Reading', picturePath='/TestData/Fphoto.png', address='512 Grant 481, Prattsville\n Arkansas 72129\n United States', state='Uttar Pradesh', city='Merrut'}]]>
              </value>
            </param>
          </params>
          <reporter-output>
          </reporter-output>
        </test-method> <!-- fillForm -->
        <test-method is-config="true" signature="tearDown(org.testng.ITestResult)[pri:0, instance:tests.FormTests@7164ca4c]" started-at="2025-09-11T11:39:15 IST" name="tearDown" finished-at="2025-09-11T11:39:16 IST" duration-ms="442" status="PASS">
          <params>
            <param index="0">
              <value>
                <![CDATA[[TestResult name=fillForm status=SUCCESS method=FormTests.fillForm(models.UserFormData)[pri:3, instance:tests.FormTests@7164ca4c] output={null}]]]>
              </value>
            </param>
          </params>
          <reporter-output>
          </reporter-output>
        </test-method> <!-- tearDown -->
        <test-method is-config="true" signature="setup(java.lang.reflect.Method)[pri:0, instance:tests.FormTests@7164ca4c]" started-at="2025-09-11T11:39:16 IST" name="setup" finished-at="2025-09-11T11:39:32 IST" duration-ms="15704" status="PASS">
          <params>
            <param index="0">
              <value>
                <![CDATA[public void tests.FormTests.fillForm(models.UserFormData)]]>
              </value>
            </param>
          </params>
          <reporter-output>
          </reporter-output>
        </test-method> <!-- setup -->
        <test-method signature="fillForm(models.UserFormData)[pri:3, instance:tests.FormTests@7164ca4c]" started-at="2025-09-11T11:39:32 IST" name="fillForm" data-provider="UserFormData" finished-at="2025-09-11T11:39:37 IST" duration-ms="5242" status="PASS">
          <params>
            <param index="0">
              <value>
                <![CDATA[UserFormData{firstName='Bud', lastName='Wisem', userMail='BWisem@demoqa.com', gender='Other', mobile='8.932465432E9', dob='31/12/1999', subject='Biology', hobbies='Reading', picturePath='/TestData/Ophoto.jpg', address='513 Grant 481, Prattsville\n Arkansas 72129\n United States', state='Haryana', city='Panipat'}]]>
              </value>
            </param>
          </params>
          <reporter-output>
          </reporter-output>
        </test-method> <!-- fillForm -->
        <test-method is-config="true" signature="tearDown(org.testng.ITestResult)[pri:0, instance:tests.FormTests@7164ca4c]" started-at="2025-09-11T11:39:37 IST" name="tearDown" finished-at="2025-09-11T11:39:38 IST" duration-ms="1306" status="PASS">
          <params>
            <param index="0">
              <value>
                <![CDATA[[TestResult name=fillForm status=SUCCESS method=FormTests.fillForm(models.UserFormData)[pri:3, instance:tests.FormTests@7164ca4c] output={null}]]]>
              </value>
            </param>
          </params>
          <reporter-output>
          </reporter-output>
        </test-method> <!-- tearDown -->
        <test-method is-config="true" signature="setup(java.lang.reflect.Method)[pri:0, instance:tests.FormTests@7164ca4c]" started-at="2025-09-11T11:39:38 IST" name="setup" finished-at="2025-09-11T11:39:50 IST" duration-ms="11566" status="PASS">
          <params>
            <param index="0">
              <value>
                <![CDATA[public void tests.FormTests.fillForm(models.UserFormData)]]>
              </value>
            </param>
          </params>
          <reporter-output>
          </reporter-output>
        </test-method> <!-- setup -->
        <test-method signature="fillForm(models.UserFormData)[pri:3, instance:tests.FormTests@7164ca4c]" started-at="2025-09-11T11:39:50 IST" name="fillForm" data-provider="UserFormData" finished-at="2025-09-11T11:39:56 IST" duration-ms="6341" status="PASS">
          <params>
            <param index="0">
              <value>
                <![CDATA[UserFormData{firstName='Tom', lastName='Boss', userMail='TBoss@demoqa.com', gender='Male', mobile='7.839875281E9', dob='1/26/03', subject='Social Studies', hobbies='Sports,Reading', picturePath='/TestData/M2photo.jpg', address='514 Grant 481, Prattsville\n Arkansas 72129\n United States', state='Rajasthan', city='Jaiselmer'}]]>
              </value>
            </param>
          </params>
          <reporter-output>
          </reporter-output>
        </test-method> <!-- fillForm -->
        <test-method is-config="true" signature="tearDown(org.testng.ITestResult)[pri:0, instance:tests.FormTests@7164ca4c]" started-at="2025-09-11T11:39:56 IST" name="tearDown" finished-at="2025-09-11T11:39:56 IST" duration-ms="451" status="PASS">
          <params>
            <param index="0">
              <value>
                <![CDATA[[TestResult name=fillForm status=SUCCESS method=FormTests.fillForm(models.UserFormData)[pri:3, instance:tests.FormTests@7164ca4c] output={null}]]]>
              </value>
            </param>
          </params>
          <reporter-output>
          </reporter-output>
        </test-method> <!-- tearDown -->
      </class> <!-- tests.FormTests -->
      <class name="tests.WidgetsTests">
        <test-method is-config="true" signature="setup(java.lang.reflect.Method)[pri:0, instance:tests.WidgetsTests@4f3bbf68]" started-at="2025-09-11T11:39:56 IST" name="setup" finished-at="2025-09-11T11:40:02 IST" duration-ms="5443" status="PASS">
          <params>
            <param index="0">
              <value>
                <![CDATA[public void tests.WidgetsTests.accessWidgets()]]>
              </value>
            </param>
          </params>
          <reporter-output>
          </reporter-output>
        </test-method> <!-- setup -->
        <test-method signature="accessWidgets()[pri:1, instance:tests.WidgetsTests@4f3bbf68]" started-at="2025-09-11T11:40:02 IST" name="accessWidgets" finished-at="2025-09-11T11:40:02 IST" duration-ms="206" status="PASS">
          <reporter-output>
          </reporter-output>
        </test-method> <!-- accessWidgets -->
        <test-method is-config="true" signature="tearDown(org.testng.ITestResult)[pri:0, instance:tests.WidgetsTests@4f3bbf68]" started-at="2025-09-11T11:40:02 IST" name="tearDown" finished-at="2025-09-11T11:40:02 IST" duration-ms="288" status="PASS">
          <params>
            <param index="0">
              <value>
                <![CDATA[[TestResult name=accessWidgets status=SUCCESS method=WidgetsTests.accessWidgets()[pri:1, instance:tests.WidgetsTests@4f3bbf68] output={null}]]]>
              </value>
            </param>
          </params>
          <reporter-output>
          </reporter-output>
        </test-method> <!-- tearDown -->
        <test-method is-config="true" signature="setup(java.lang.reflect.Method)[pri:0, instance:tests.WidgetsTests@4f3bbf68]" started-at="2025-09-11T11:40:02 IST" name="setup" finished-at="2025-09-11T11:40:15 IST" duration-ms="12300" status="PASS">
          <params>
            <param index="0">
              <value>
                <![CDATA[public void tests.WidgetsTests.Accordian()]]>
              </value>
            </param>
          </params>
          <reporter-output>
          </reporter-output>
        </test-method> <!-- setup -->
        <test-method signature="Accordian()[pri:2, instance:tests.WidgetsTests@4f3bbf68]" started-at="2025-09-11T11:40:15 IST" name="Accordian" finished-at="2025-09-11T11:40:15 IST" duration-ms="368" status="PASS">
          <reporter-output>
          </reporter-output>
        </test-method> <!-- Accordian -->
        <test-method is-config="true" signature="tearDown(org.testng.ITestResult)[pri:0, instance:tests.WidgetsTests@4f3bbf68]" started-at="2025-09-11T11:40:15 IST" name="tearDown" finished-at="2025-09-11T11:40:15 IST" duration-ms="300" status="PASS">
          <params>
            <param index="0">
              <value>
                <![CDATA[[TestResult name=Accordian status=SUCCESS method=WidgetsTests.Accordian()[pri:2, instance:tests.WidgetsTests@4f3bbf68] output={null}]]]>
              </value>
            </param>
          </params>
          <reporter-output>
          </reporter-output>
        </test-method> <!-- tearDown -->
        <test-method is-config="true" signature="setup(java.lang.reflect.Method)[pri:0, instance:tests.WidgetsTests@4f3bbf68]" started-at="2025-09-11T11:40:15 IST" name="setup" finished-at="2025-09-11T11:40:31 IST" duration-ms="15815" status="PASS">
          <params>
            <param index="0">
              <value>
                <![CDATA[public void tests.WidgetsTests.AccessWhatis()]]>
              </value>
            </param>
          </params>
          <reporter-output>
          </reporter-output>
        </test-method> <!-- setup -->
        <test-method signature="AccessWhatis()[pri:3, instance:tests.WidgetsTests@4f3bbf68]" started-at="2025-09-11T11:40:31 IST" name="AccessWhatis" finished-at="2025-09-11T11:40:32 IST" duration-ms="678" status="PASS">
          <reporter-output>
          </reporter-output>
        </test-method> <!-- AccessWhatis -->
        <test-method is-config="true" signature="tearDown(org.testng.ITestResult)[pri:0, instance:tests.WidgetsTests@4f3bbf68]" started-at="2025-09-11T11:40:32 IST" name="tearDown" finished-at="2025-09-11T11:40:32 IST" duration-ms="302" status="PASS">
          <params>
            <param index="0">
              <value>
                <![CDATA[[TestResult name=AccessWhatis status=SUCCESS method=WidgetsTests.AccessWhatis()[pri:3, instance:tests.WidgetsTests@4f3bbf68] output={null}]]]>
              </value>
            </param>
          </params>
          <reporter-output>
          </reporter-output>
        </test-method> <!-- tearDown -->
        <test-method is-config="true" signature="setup(java.lang.reflect.Method)[pri:0, instance:tests.WidgetsTests@4f3bbf68]" started-at="2025-09-11T11:40:32 IST" name="setup" finished-at="2025-09-11T11:40:49 IST" duration-ms="16442" status="PASS">
          <params>
            <param index="0">
              <value>
                <![CDATA[public void tests.WidgetsTests.AccessWhereDoes()]]>
              </value>
            </param>
          </params>
          <reporter-output>
          </reporter-output>
        </test-method> <!-- setup -->
        <test-method signature="AccessWhereDoes()[pri:4, instance:tests.WidgetsTests@4f3bbf68]" started-at="2025-09-11T11:40:49 IST" name="AccessWhereDoes" finished-at="2025-09-11T11:40:49 IST" duration-ms="532" status="PASS">
          <reporter-output>
          </reporter-output>
        </test-method> <!-- AccessWhereDoes -->
        <test-method is-config="true" signature="tearDown(org.testng.ITestResult)[pri:0, instance:tests.WidgetsTests@4f3bbf68]" started-at="2025-09-11T11:40:49 IST" name="tearDown" finished-at="2025-09-11T11:40:49 IST" duration-ms="303" status="PASS">
          <params>
            <param index="0">
              <value>
                <![CDATA[[TestResult name=AccessWhereDoes status=SUCCESS method=WidgetsTests.AccessWhereDoes()[pri:4, instance:tests.WidgetsTests@4f3bbf68] output={null}]]]>
              </value>
            </param>
          </params>
          <reporter-output>
          </reporter-output>
        </test-method> <!-- tearDown -->
        <test-method is-config="true" signature="setup(java.lang.reflect.Method)[pri:0, instance:tests.WidgetsTests@4f3bbf68]" started-at="2025-09-11T11:40:49 IST" name="setup" finished-at="2025-09-11T11:41:02 IST" duration-ms="12799" status="PASS">
          <params>
            <param index="0">
              <value>
                <![CDATA[public void tests.WidgetsTests.AccessWhyDoWe()]]>
              </value>
            </param>
          </params>
          <reporter-output>
          </reporter-output>
        </test-method> <!-- setup -->
        <test-method signature="AccessWhyDoWe()[pri:5, instance:tests.WidgetsTests@4f3bbf68]" started-at="2025-09-11T11:41:02 IST" name="AccessWhyDoWe" finished-at="2025-09-11T11:41:03 IST" duration-ms="640" status="PASS">
          <reporter-output>
          </reporter-output>
        </test-method> <!-- AccessWhyDoWe -->
        <test-method is-config="true" signature="tearDown(org.testng.ITestResult)[pri:0, instance:tests.WidgetsTests@4f3bbf68]" started-at="2025-09-11T11:41:03 IST" name="tearDown" finished-at="2025-09-11T11:41:03 IST" duration-ms="294" status="PASS">
          <params>
            <param index="0">
              <value>
                <![CDATA[[TestResult name=AccessWhyDoWe status=SUCCESS method=WidgetsTests.AccessWhyDoWe()[pri:5, instance:tests.WidgetsTests@4f3bbf68] output={null}]]]>
              </value>
            </param>
          </params>
          <reporter-output>
          </reporter-output>
        </test-method> <!-- tearDown -->
        <test-method is-config="true" signature="setup(java.lang.reflect.Method)[pri:0, instance:tests.WidgetsTests@4f3bbf68]" started-at="2025-09-11T11:41:03 IST" name="setup" finished-at="2025-09-11T11:41:10 IST" duration-ms="7256" status="PASS">
          <params>
            <param index="0">
              <value>
                <![CDATA[public void tests.WidgetsTests.AutoComplete()]]>
              </value>
            </param>
          </params>
          <reporter-output>
          </reporter-output>
        </test-method> <!-- setup -->
        <test-method signature="AutoComplete()[pri:6, instance:tests.WidgetsTests@4f3bbf68]" started-at="2025-09-11T11:41:10 IST" name="AutoComplete" finished-at="2025-09-11T11:41:11 IST" duration-ms="383" status="PASS">
          <reporter-output>
          </reporter-output>
        </test-method> <!-- AutoComplete -->
        <test-method is-config="true" signature="tearDown(org.testng.ITestResult)[pri:0, instance:tests.WidgetsTests@4f3bbf68]" started-at="2025-09-11T11:41:11 IST" name="tearDown" finished-at="2025-09-11T11:41:11 IST" duration-ms="284" status="PASS">
          <params>
            <param index="0">
              <value>
                <![CDATA[[TestResult name=AutoComplete status=SUCCESS method=WidgetsTests.AutoComplete()[pri:6, instance:tests.WidgetsTests@4f3bbf68] output={null}]]]>
              </value>
            </param>
          </params>
          <reporter-output>
          </reporter-output>
        </test-method> <!-- tearDown -->
        <test-method is-config="true" signature="setup(java.lang.reflect.Method)[pri:0, instance:tests.WidgetsTests@4f3bbf68]" started-at="2025-09-11T11:41:11 IST" name="setup" finished-at="2025-09-11T11:41:17 IST" duration-ms="5771" status="PASS">
          <params>
            <param index="0">
              <value>
                <![CDATA[public void tests.WidgetsTests.AutoCompleteSearch(models.ColorSelectionData)]]>
              </value>
            </param>
          </params>
          <reporter-output>
          </reporter-output>
        </test-method> <!-- setup -->
        <test-method signature="AutoCompleteSearch(models.ColorSelectionData)[pri:7, instance:tests.WidgetsTests@4f3bbf68]" started-at="2025-09-11T11:41:17 IST" name="AutoCompleteSearch" data-provider="ColorSelectionData" finished-at="2025-09-11T11:41:19 IST" duration-ms="1687" status="PASS">
          <params>
            <param index="0">
              <value>
                <![CDATA[ColorSelectionData{searchFor='A', expectedColors=[Black, Magenta, Aqua]}]]>
              </value>
            </param>
          </params>
          <reporter-output>
          </reporter-output>
        </test-method> <!-- AutoCompleteSearch -->
        <test-method is-config="true" signature="tearDown(org.testng.ITestResult)[pri:0, instance:tests.WidgetsTests@4f3bbf68]" started-at="2025-09-11T11:41:19 IST" name="tearDown" finished-at="2025-09-11T11:46:21 IST" duration-ms="302486" status="PASS">
          <params>
            <param index="0">
              <value>
                <![CDATA[[TestResult name=AutoCompleteSearch status=SUCCESS method=WidgetsTests.AutoCompleteSearch(models.ColorSelectionData)[pri:7, instance:tests.WidgetsTests@4f3bbf68] output={null}]]]>
              </value>
            </param>
          </params>
          <reporter-output>
          </reporter-output>
        </test-method> <!-- tearDown -->
        <test-method is-config="true" signature="setup(java.lang.reflect.Method)[pri:0, instance:tests.WidgetsTests@4f3bbf68]" started-at="2025-09-11T11:46:21 IST" name="setup" finished-at="2025-09-11T11:46:35 IST" duration-ms="14101" status="PASS">
          <params>
            <param index="0">
              <value>
                <![CDATA[public void tests.WidgetsTests.AutoCompleteSearch(models.ColorSelectionData)]]>
              </value>
            </param>
          </params>
          <reporter-output>
          </reporter-output>
        </test-method> <!-- setup -->
        <test-method signature="AutoCompleteSearch(models.ColorSelectionData)[pri:7, instance:tests.WidgetsTests@4f3bbf68]" started-at="2025-09-11T11:46:35 IST" name="AutoCompleteSearch" data-provider="ColorSelectionData" finished-at="2025-09-11T11:46:36 IST" duration-ms="1171" status="PASS">
          <params>
            <param index="0">
              <value>
                <![CDATA[ColorSelectionData{searchFor='B', expectedColors=[Blue, Black]}]]>
              </value>
            </param>
          </params>
          <reporter-output>
          </reporter-output>
        </test-method> <!-- AutoCompleteSearch -->
        <test-method is-config="true" signature="tearDown(org.testng.ITestResult)[pri:0, instance:tests.WidgetsTests@4f3bbf68]" started-at="2025-09-11T11:46:36 IST" name="tearDown" finished-at="2025-09-11T11:46:37 IST" duration-ms="306" status="PASS">
          <params>
            <param index="0">
              <value>
                <![CDATA[[TestResult name=AutoCompleteSearch status=SUCCESS method=WidgetsTests.AutoCompleteSearch(models.ColorSelectionData)[pri:7, instance:tests.WidgetsTests@4f3bbf68] output={null}]]]>
              </value>
            </param>
          </params>
          <reporter-output>
          </reporter-output>
        </test-method> <!-- tearDown -->
        <test-method is-config="true" signature="setup(java.lang.reflect.Method)[pri:0, instance:tests.WidgetsTests@4f3bbf68]" started-at="2025-09-11T11:46:37 IST" name="setup" finished-at="2025-09-11T11:46:45 IST" duration-ms="8746" status="PASS">
          <params>
            <param index="0">
              <value>
                <![CDATA[public void tests.WidgetsTests.AutoCompleteSearch(models.ColorSelectionData)]]>
              </value>
            </param>
          </params>
          <reporter-output>
          </reporter-output>
        </test-method> <!-- setup -->
        <test-method signature="AutoCompleteSearch(models.ColorSelectionData)[pri:7, instance:tests.WidgetsTests@4f3bbf68]" started-at="2025-09-11T11:46:45 IST" name="AutoCompleteSearch" data-provider="ColorSelectionData" finished-at="2025-09-11T11:46:46 IST" duration-ms="848" status="PASS">
          <params>
            <param index="0">
              <value>
                <![CDATA[ColorSelectionData{searchFor='C', expectedColors=[Black]}]]>
              </value>
            </param>
          </params>
          <reporter-output>
          </reporter-output>
        </test-method> <!-- AutoCompleteSearch -->
        <test-method is-config="true" signature="tearDown(org.testng.ITestResult)[pri:0, instance:tests.WidgetsTests@4f3bbf68]" started-at="2025-09-11T11:46:46 IST" name="tearDown" finished-at="2025-09-11T11:46:47 IST" duration-ms="375" status="PASS">
          <params>
            <param index="0">
              <value>
                <![CDATA[[TestResult name=AutoCompleteSearch status=SUCCESS method=WidgetsTests.AutoCompleteSearch(models.ColorSelectionData)[pri:7, instance:tests.WidgetsTests@4f3bbf68] output={null}]]]>
              </value>
            </param>
          </params>
          <reporter-output>
          </reporter-output>
        </test-method> <!-- tearDown -->
        <test-method is-config="true" signature="setup(java.lang.reflect.Method)[pri:0, instance:tests.WidgetsTests@4f3bbf68]" started-at="2025-09-11T11:46:47 IST" name="setup" finished-at="2025-09-11T11:47:01 IST" duration-ms="14555" status="PASS">
          <params>
            <param index="0">
              <value>
                <![CDATA[public void tests.WidgetsTests.AutoCompleteSearch(models.ColorSelectionData)]]>
              </value>
            </param>
          </params>
          <reporter-output>
          </reporter-output>
        </test-method> <!-- setup -->
        <test-method signature="AutoCompleteSearch(models.ColorSelectionData)[pri:7, instance:tests.WidgetsTests@4f3bbf68]" started-at="2025-09-11T11:47:01 IST" name="AutoCompleteSearch" data-provider="ColorSelectionData" finished-at="2025-09-11T11:47:02 IST" duration-ms="1268" status="PASS">
          <params>
            <param index="0">
              <value>
                <![CDATA[ColorSelectionData{searchFor='D', expectedColors=[Red, Indigo]}]]>
              </value>
            </param>
          </params>
          <reporter-output>
          </reporter-output>
        </test-method> <!-- AutoCompleteSearch -->
        <test-method is-config="true" signature="tearDown(org.testng.ITestResult)[pri:0, instance:tests.WidgetsTests@4f3bbf68]" started-at="2025-09-11T11:47:02 IST" name="tearDown" finished-at="2025-09-11T11:47:03 IST" duration-ms="377" status="PASS">
          <params>
            <param index="0">
              <value>
                <![CDATA[[TestResult name=AutoCompleteSearch status=SUCCESS method=WidgetsTests.AutoCompleteSearch(models.ColorSelectionData)[pri:7, instance:tests.WidgetsTests@4f3bbf68] output={null}]]]>
              </value>
            </param>
          </params>
          <reporter-output>
          </reporter-output>
        </test-method> <!-- tearDown -->
        <test-method is-config="true" signature="setup(java.lang.reflect.Method)[pri:0, instance:tests.WidgetsTests@4f3bbf68]" started-at="2025-09-11T11:47:03 IST" name="setup" finished-at="2025-09-11T11:47:17 IST" duration-ms="14370" status="PASS">
          <params>
            <param index="0">
              <value>
                <![CDATA[public void tests.WidgetsTests.AutoCompleteSearch(models.ColorSelectionData)]]>
              </value>
            </param>
          </params>
          <reporter-output>
          </reporter-output>
        </test-method> <!-- setup -->
        <test-method signature="AutoCompleteSearch(models.ColorSelectionData)[pri:7, instance:tests.WidgetsTests@4f3bbf68]" started-at="2025-09-11T11:47:17 IST" name="AutoCompleteSearch" data-provider="ColorSelectionData" finished-at="2025-09-11T11:47:20 IST" duration-ms="2451" status="PASS">
          <params>
            <param index="0">
              <value>
                <![CDATA[ColorSelectionData{searchFor='E', expectedColors=[Red, Blue, Green, Yellow, Purple, White, Voilet, Magenta]}]]>
              </value>
            </param>
          </params>
          <reporter-output>
          </reporter-output>
        </test-method> <!-- AutoCompleteSearch -->
        <test-method is-config="true" signature="tearDown(org.testng.ITestResult)[pri:0, instance:tests.WidgetsTests@4f3bbf68]" started-at="2025-09-11T11:47:20 IST" name="tearDown" finished-at="2025-09-11T11:47:20 IST" duration-ms="306" status="PASS">
          <params>
            <param index="0">
              <value>
                <![CDATA[[TestResult name=AutoCompleteSearch status=SUCCESS method=WidgetsTests.AutoCompleteSearch(models.ColorSelectionData)[pri:7, instance:tests.WidgetsTests@4f3bbf68] output={null}]]]>
              </value>
            </param>
          </params>
          <reporter-output>
          </reporter-output>
        </test-method> <!-- tearDown -->
        <test-method is-config="true" signature="setup(java.lang.reflect.Method)[pri:0, instance:tests.WidgetsTests@4f3bbf68]" started-at="2025-09-11T11:47:20 IST" name="setup" finished-at="2025-09-11T11:47:36 IST" duration-ms="16382" status="PASS">
          <params>
            <param index="0">
              <value>
                <![CDATA[public void tests.WidgetsTests.AutoCompleteSearch(models.ColorSelectionData)]]>
              </value>
            </param>
          </params>
          <reporter-output>
          </reporter-output>
        </test-method> <!-- setup -->
        <test-method signature="AutoCompleteSearch(models.ColorSelectionData)[pri:7, instance:tests.WidgetsTests@4f3bbf68]" started-at="2025-09-11T11:47:36 IST" name="AutoCompleteSearch" data-provider="ColorSelectionData" finished-at="2025-09-11T11:47:38 IST" duration-ms="1396" status="PASS">
          <params>
            <param index="0">
              <value>
                <![CDATA[ColorSelectionData{searchFor='G', expectedColors=[Green, Indigo, Magenta]}]]>
              </value>
            </param>
          </params>
          <reporter-output>
          </reporter-output>
        </test-method> <!-- AutoCompleteSearch -->
        <test-method is-config="true" signature="tearDown(org.testng.ITestResult)[pri:0, instance:tests.WidgetsTests@4f3bbf68]" started-at="2025-09-11T11:47:38 IST" name="tearDown" finished-at="2025-09-11T11:47:38 IST" duration-ms="346" status="PASS">
          <params>
            <param index="0">
              <value>
                <![CDATA[[TestResult name=AutoCompleteSearch status=SUCCESS method=WidgetsTests.AutoCompleteSearch(models.ColorSelectionData)[pri:7, instance:tests.WidgetsTests@4f3bbf68] output={null}]]]>
              </value>
            </param>
          </params>
          <reporter-output>
          </reporter-output>
        </test-method> <!-- tearDown -->
        <test-method is-config="true" signature="setup(java.lang.reflect.Method)[pri:0, instance:tests.WidgetsTests@4f3bbf68]" started-at="2025-09-11T11:47:38 IST" name="setup" finished-at="2025-09-11T11:48:09 IST" duration-ms="31170" status="PASS">
          <params>
            <param index="0">
              <value>
                <![CDATA[public void tests.WidgetsTests.AutoCompleteSearch(models.ColorSelectionData)]]>
              </value>
            </param>
          </params>
          <reporter-output>
          </reporter-output>
        </test-method> <!-- setup -->
        <test-method signature="AutoCompleteSearch(models.ColorSelectionData)[pri:7, instance:tests.WidgetsTests@4f3bbf68]" started-at="2025-09-11T11:48:09 IST" name="AutoCompleteSearch" data-provider="ColorSelectionData" finished-at="2025-09-11T11:48:10 IST" duration-ms="883" status="PASS">
          <params>
            <param index="0">
              <value>
                <![CDATA[ColorSelectionData{searchFor='H', expectedColors=[White]}]]>
              </value>
            </param>
          </params>
          <reporter-output>
          </reporter-output>
        </test-method> <!-- AutoCompleteSearch -->
        <test-method is-config="true" signature="tearDown(org.testng.ITestResult)[pri:0, instance:tests.WidgetsTests@4f3bbf68]" started-at="2025-09-11T11:48:10 IST" name="tearDown" finished-at="2025-09-11T11:48:10 IST" duration-ms="307" status="PASS">
          <params>
            <param index="0">
              <value>
                <![CDATA[[TestResult name=AutoCompleteSearch status=SUCCESS method=WidgetsTests.AutoCompleteSearch(models.ColorSelectionData)[pri:7, instance:tests.WidgetsTests@4f3bbf68] output={null}]]]>
              </value>
            </param>
          </params>
          <reporter-output>
          </reporter-output>
        </test-method> <!-- tearDown -->
        <test-method is-config="true" signature="setup(java.lang.reflect.Method)[pri:0, instance:tests.WidgetsTests@4f3bbf68]" started-at="2025-09-11T11:48:10 IST" name="setup" finished-at="2025-09-11T11:48:25 IST" duration-ms="14308" status="PASS">
          <params>
            <param index="0">
              <value>
                <![CDATA[public void tests.WidgetsTests.AutoCompleteSearch(models.ColorSelectionData)]]>
              </value>
            </param>
          </params>
          <reporter-output>
          </reporter-output>
        </test-method> <!-- setup -->
        <test-method signature="AutoCompleteSearch(models.ColorSelectionData)[pri:7, instance:tests.WidgetsTests@4f3bbf68]" started-at="2025-09-11T11:48:25 IST" name="AutoCompleteSearch" data-provider="ColorSelectionData" finished-at="2025-09-11T11:48:26 IST" duration-ms="1574" status="PASS">
          <params>
            <param index="0">
              <value>
                <![CDATA[ColorSelectionData{searchFor='I', expectedColors=[White, Voilet, Indigo]}]]>
              </value>
            </param>
          </params>
          <reporter-output>
          </reporter-output>
        </test-method> <!-- AutoCompleteSearch -->
        <test-method is-config="true" signature="tearDown(org.testng.ITestResult)[pri:0, instance:tests.WidgetsTests@4f3bbf68]" started-at="2025-09-11T11:48:26 IST" name="tearDown" finished-at="2025-09-11T11:48:27 IST" duration-ms="320" status="PASS">
          <params>
            <param index="0">
              <value>
                <![CDATA[[TestResult name=AutoCompleteSearch status=SUCCESS method=WidgetsTests.AutoCompleteSearch(models.ColorSelectionData)[pri:7, instance:tests.WidgetsTests@4f3bbf68] output={null}]]]>
              </value>
            </param>
          </params>
          <reporter-output>
          </reporter-output>
        </test-method> <!-- tearDown -->
        <test-method is-config="true" signature="setup(java.lang.reflect.Method)[pri:0, instance:tests.WidgetsTests@4f3bbf68]" started-at="2025-09-11T11:48:27 IST" name="setup" finished-at="2025-09-11T11:48:41 IST" duration-ms="14468" status="PASS">
          <params>
            <param index="0">
              <value>
                <![CDATA[public void tests.WidgetsTests.AutoCompleteSearch(models.ColorSelectionData)]]>
              </value>
            </param>
          </params>
          <reporter-output>
          </reporter-output>
        </test-method> <!-- setup -->
        <test-method signature="AutoCompleteSearch(models.ColorSelectionData)[pri:7, instance:tests.WidgetsTests@4f3bbf68]" started-at="2025-09-11T11:48:41 IST" name="AutoCompleteSearch" data-provider="ColorSelectionData" finished-at="2025-09-11T11:48:42 IST" duration-ms="876" status="PASS">
          <params>
            <param index="0">
              <value>
                <![CDATA[ColorSelectionData{searchFor='K', expectedColors=[Black]}]]>
              </value>
            </param>
          </params>
          <reporter-output>
          </reporter-output>
        </test-method> <!-- AutoCompleteSearch -->
        <test-method is-config="true" signature="tearDown(org.testng.ITestResult)[pri:0, instance:tests.WidgetsTests@4f3bbf68]" started-at="2025-09-11T11:48:42 IST" name="tearDown" finished-at="2025-09-11T11:48:42 IST" duration-ms="314" status="PASS">
          <params>
            <param index="0">
              <value>
                <![CDATA[[TestResult name=AutoCompleteSearch status=SUCCESS method=WidgetsTests.AutoCompleteSearch(models.ColorSelectionData)[pri:7, instance:tests.WidgetsTests@4f3bbf68] output={null}]]]>
              </value>
            </param>
          </params>
          <reporter-output>
          </reporter-output>
        </test-method> <!-- tearDown -->
        <test-method is-config="true" signature="setup(java.lang.reflect.Method)[pri:0, instance:tests.WidgetsTests@4f3bbf68]" started-at="2025-09-11T11:48:42 IST" name="setup" finished-at="2025-09-11T11:48:49 IST" duration-ms="6680" status="PASS">
          <params>
            <param index="0">
              <value>
                <![CDATA[public void tests.WidgetsTests.AutoCompleteSearch(models.ColorSelectionData)]]>
              </value>
            </param>
          </params>
          <reporter-output>
          </reporter-output>
        </test-method> <!-- setup -->
        <test-method signature="AutoCompleteSearch(models.ColorSelectionData)[pri:7, instance:tests.WidgetsTests@4f3bbf68]" started-at="2025-09-11T11:48:49 IST" name="AutoCompleteSearch" data-provider="ColorSelectionData" finished-at="2025-09-11T11:48:51 IST" duration-ms="2105" status="PASS">
          <params>
            <param index="0">
              <value>
                <![CDATA[ColorSelectionData{searchFor='L', expectedColors=[Blue, Yellow, Purple, Black, Voilet]}]]>
              </value>
            </param>
          </params>
          <reporter-output>
          </reporter-output>
        </test-method> <!-- AutoCompleteSearch -->
        <test-method is-config="true" signature="tearDown(org.testng.ITestResult)[pri:0, instance:tests.WidgetsTests@4f3bbf68]" started-at="2025-09-11T11:48:51 IST" name="tearDown" finished-at="2025-09-11T11:48:51 IST" duration-ms="323" status="PASS">
          <params>
            <param index="0">
              <value>
                <![CDATA[[TestResult name=AutoCompleteSearch status=SUCCESS method=WidgetsTests.AutoCompleteSearch(models.ColorSelectionData)[pri:7, instance:tests.WidgetsTests@4f3bbf68] output={null}]]]>
              </value>
            </param>
          </params>
          <reporter-output>
          </reporter-output>
        </test-method> <!-- tearDown -->
        <test-method is-config="true" signature="setup(java.lang.reflect.Method)[pri:0, instance:tests.WidgetsTests@4f3bbf68]" started-at="2025-09-11T11:48:51 IST" name="setup" finished-at="2025-09-11T11:48:57 IST" duration-ms="5429" status="PASS">
          <params>
            <param index="0">
              <value>
                <![CDATA[public void tests.WidgetsTests.AutoCompleteSearch(models.ColorSelectionData)]]>
              </value>
            </param>
          </params>
          <reporter-output>
          </reporter-output>
        </test-method> <!-- setup -->
        <test-method signature="AutoCompleteSearch(models.ColorSelectionData)[pri:7, instance:tests.WidgetsTests@4f3bbf68]" started-at="2025-09-11T11:48:57 IST" name="AutoCompleteSearch" data-provider="ColorSelectionData" finished-at="2025-09-11T11:48:58 IST" duration-ms="776" status="PASS">
          <params>
            <param index="0">
              <value>
                <![CDATA[ColorSelectionData{searchFor='M', expectedColors=[Magenta]}]]>
              </value>
            </param>
          </params>
          <reporter-output>
          </reporter-output>
        </test-method> <!-- AutoCompleteSearch -->
        <test-method is-config="true" signature="tearDown(org.testng.ITestResult)[pri:0, instance:tests.WidgetsTests@4f3bbf68]" started-at="2025-09-11T11:48:58 IST" name="tearDown" finished-at="2025-09-11T11:48:58 IST" duration-ms="340" status="PASS">
          <params>
            <param index="0">
              <value>
                <![CDATA[[TestResult name=AutoCompleteSearch status=SUCCESS method=WidgetsTests.AutoCompleteSearch(models.ColorSelectionData)[pri:7, instance:tests.WidgetsTests@4f3bbf68] output={null}]]]>
              </value>
            </param>
          </params>
          <reporter-output>
          </reporter-output>
        </test-method> <!-- tearDown -->
        <test-method is-config="true" signature="setup(java.lang.reflect.Method)[pri:0, instance:tests.WidgetsTests@4f3bbf68]" started-at="2025-09-11T11:48:58 IST" name="setup" finished-at="2025-09-11T11:49:06 IST" duration-ms="7621" status="PASS">
          <params>
            <param index="0">
              <value>
                <![CDATA[public void tests.WidgetsTests.AutoCompleteSearch(models.ColorSelectionData)]]>
              </value>
            </param>
          </params>
          <reporter-output>
          </reporter-output>
        </test-method> <!-- setup -->
        <test-method signature="AutoCompleteSearch(models.ColorSelectionData)[pri:7, instance:tests.WidgetsTests@4f3bbf68]" started-at="2025-09-11T11:49:06 IST" name="AutoCompleteSearch" data-provider="ColorSelectionData" finished-at="2025-09-11T11:49:07 IST" duration-ms="1561" status="PASS">
          <params>
            <param index="0">
              <value>
                <![CDATA[ColorSelectionData{searchFor='N', expectedColors=[Green, Indigo, Magenta]}]]>
              </value>
            </param>
          </params>
          <reporter-output>
          </reporter-output>
        </test-method> <!-- AutoCompleteSearch -->
        <test-method is-config="true" signature="tearDown(org.testng.ITestResult)[pri:0, instance:tests.WidgetsTests@4f3bbf68]" started-at="2025-09-11T11:49:07 IST" name="tearDown" finished-at="2025-09-11T11:49:07 IST" duration-ms="387" status="PASS">
          <params>
            <param index="0">
              <value>
                <![CDATA[[TestResult name=AutoCompleteSearch status=SUCCESS method=WidgetsTests.AutoCompleteSearch(models.ColorSelectionData)[pri:7, instance:tests.WidgetsTests@4f3bbf68] output={null}]]]>
              </value>
            </param>
          </params>
          <reporter-output>
          </reporter-output>
        </test-method> <!-- tearDown -->
        <test-method is-config="true" signature="setup(java.lang.reflect.Method)[pri:0, instance:tests.WidgetsTests@4f3bbf68]" started-at="2025-09-11T11:49:07 IST" name="setup" finished-at="2025-09-11T11:49:16 IST" duration-ms="8612" status="PASS">
          <params>
            <param index="0">
              <value>
                <![CDATA[public void tests.WidgetsTests.AutoCompleteSearch(models.ColorSelectionData)]]>
              </value>
            </param>
          </params>
          <reporter-output>
          </reporter-output>
        </test-method> <!-- setup -->
        <test-method signature="AutoCompleteSearch(models.ColorSelectionData)[pri:7, instance:tests.WidgetsTests@4f3bbf68]" started-at="2025-09-11T11:49:16 IST" name="AutoCompleteSearch" data-provider="ColorSelectionData" finished-at="2025-09-11T11:49:18 IST" duration-ms="1546" status="PASS">
          <params>
            <param index="0">
              <value>
                <![CDATA[ColorSelectionData{searchFor='O', expectedColors=[Yellow, Voilet, Indigo]}]]>
              </value>
            </param>
          </params>
          <reporter-output>
          </reporter-output>
        </test-method> <!-- AutoCompleteSearch -->
        <test-method is-config="true" signature="tearDown(org.testng.ITestResult)[pri:0, instance:tests.WidgetsTests@4f3bbf68]" started-at="2025-09-11T11:49:18 IST" name="tearDown" finished-at="2025-09-11T11:49:18 IST" duration-ms="321" status="PASS">
          <params>
            <param index="0">
              <value>
                <![CDATA[[TestResult name=AutoCompleteSearch status=SUCCESS method=WidgetsTests.AutoCompleteSearch(models.ColorSelectionData)[pri:7, instance:tests.WidgetsTests@4f3bbf68] output={null}]]]>
              </value>
            </param>
          </params>
          <reporter-output>
          </reporter-output>
        </test-method> <!-- tearDown -->
        <test-method is-config="true" signature="setup(java.lang.reflect.Method)[pri:0, instance:tests.WidgetsTests@4f3bbf68]" started-at="2025-09-11T11:49:18 IST" name="setup" finished-at="2025-09-11T11:49:34 IST" duration-ms="16177" status="PASS">
          <params>
            <param index="0">
              <value>
                <![CDATA[public void tests.WidgetsTests.AutoCompleteSearch(models.ColorSelectionData)]]>
              </value>
            </param>
          </params>
          <reporter-output>
          </reporter-output>
        </test-method> <!-- setup -->
        <test-method signature="AutoCompleteSearch(models.ColorSelectionData)[pri:7, instance:tests.WidgetsTests@4f3bbf68]" started-at="2025-09-11T11:49:34 IST" name="AutoCompleteSearch" data-provider="ColorSelectionData" finished-at="2025-09-11T11:49:35 IST" duration-ms="835" status="PASS">
          <params>
            <param index="0">
              <value>
                <![CDATA[ColorSelectionData{searchFor='P', expectedColors=[Purple]}]]>
              </value>
            </param>
          </params>
          <reporter-output>
          </reporter-output>
        </test-method> <!-- AutoCompleteSearch -->
        <test-method is-config="true" signature="tearDown(org.testng.ITestResult)[pri:0, instance:tests.WidgetsTests@4f3bbf68]" started-at="2025-09-11T11:49:35 IST" name="tearDown" finished-at="2025-09-11T11:49:35 IST" duration-ms="299" status="PASS">
          <params>
            <param index="0">
              <value>
                <![CDATA[[TestResult name=AutoCompleteSearch status=SUCCESS method=WidgetsTests.AutoCompleteSearch(models.ColorSelectionData)[pri:7, instance:tests.WidgetsTests@4f3bbf68] output={null}]]]>
              </value>
            </param>
          </params>
          <reporter-output>
          </reporter-output>
        </test-method> <!-- tearDown -->
        <test-method is-config="true" signature="setup(java.lang.reflect.Method)[pri:0, instance:tests.WidgetsTests@4f3bbf68]" started-at="2025-09-11T11:49:35 IST" name="setup" finished-at="2025-09-11T11:49:52 IST" duration-ms="16391" status="PASS">
          <params>
            <param index="0">
              <value>
                <![CDATA[public void tests.WidgetsTests.AutoCompleteSearch(models.ColorSelectionData)]]>
              </value>
            </param>
          </params>
          <reporter-output>
          </reporter-output>
        </test-method> <!-- setup -->
        <test-method signature="AutoCompleteSearch(models.ColorSelectionData)[pri:7, instance:tests.WidgetsTests@4f3bbf68]" started-at="2025-09-11T11:49:52 IST" name="AutoCompleteSearch" data-provider="ColorSelectionData" finished-at="2025-09-11T11:49:53 IST" duration-ms="950" status="PASS">
          <params>
            <param index="0">
              <value>
                <![CDATA[ColorSelectionData{searchFor='Q', expectedColors=[Aqua]}]]>
              </value>
            </param>
          </params>
          <reporter-output>
          </reporter-output>
        </test-method> <!-- AutoCompleteSearch -->
        <test-method is-config="true" signature="tearDown(org.testng.ITestResult)[pri:0, instance:tests.WidgetsTests@4f3bbf68]" started-at="2025-09-11T11:49:53 IST" name="tearDown" finished-at="2025-09-11T11:49:53 IST" duration-ms="330" status="PASS">
          <params>
            <param index="0">
              <value>
                <![CDATA[[TestResult name=AutoCompleteSearch status=SUCCESS method=WidgetsTests.AutoCompleteSearch(models.ColorSelectionData)[pri:7, instance:tests.WidgetsTests@4f3bbf68] output={null}]]]>
              </value>
            </param>
          </params>
          <reporter-output>
          </reporter-output>
        </test-method> <!-- tearDown -->
        <test-method is-config="true" signature="setup(java.lang.reflect.Method)[pri:0, instance:tests.WidgetsTests@4f3bbf68]" started-at="2025-09-11T11:49:53 IST" name="setup" finished-at="2025-09-11T11:50:06 IST" duration-ms="12629" status="PASS">
          <params>
            <param index="0">
              <value>
                <![CDATA[public void tests.WidgetsTests.AutoCompleteSearch(models.ColorSelectionData)]]>
              </value>
            </param>
          </params>
          <reporter-output>
          </reporter-output>
        </test-method> <!-- setup -->
        <test-method signature="AutoCompleteSearch(models.ColorSelectionData)[pri:7, instance:tests.WidgetsTests@4f3bbf68]" started-at="2025-09-11T11:50:06 IST" name="AutoCompleteSearch" data-provider="ColorSelectionData" finished-at="2025-09-11T11:50:07 IST" duration-ms="1593" status="PASS">
          <params>
            <param index="0">
              <value>
                <![CDATA[ColorSelectionData{searchFor='R', expectedColors=[Red, Green, Purple]}]]>
              </value>
            </param>
          </params>
          <reporter-output>
          </reporter-output>
        </test-method> <!-- AutoCompleteSearch -->
        <test-method is-config="true" signature="tearDown(org.testng.ITestResult)[pri:0, instance:tests.WidgetsTests@4f3bbf68]" started-at="2025-09-11T11:50:07 IST" name="tearDown" finished-at="2025-09-11T11:50:08 IST" duration-ms="371" status="PASS">
          <params>
            <param index="0">
              <value>
                <![CDATA[[TestResult name=AutoCompleteSearch status=SUCCESS method=WidgetsTests.AutoCompleteSearch(models.ColorSelectionData)[pri:7, instance:tests.WidgetsTests@4f3bbf68] output={null}]]]>
              </value>
            </param>
          </params>
          <reporter-output>
          </reporter-output>
        </test-method> <!-- tearDown -->
        <test-method is-config="true" signature="setup(java.lang.reflect.Method)[pri:0, instance:tests.WidgetsTests@4f3bbf68]" started-at="2025-09-11T11:50:08 IST" name="setup" finished-at="2025-09-11T11:50:22 IST" duration-ms="14687" status="PASS">
          <params>
            <param index="0">
              <value>
                <![CDATA[public void tests.WidgetsTests.AutoCompleteSearch(models.ColorSelectionData)]]>
              </value>
            </param>
          </params>
          <reporter-output>
          </reporter-output>
        </test-method> <!-- setup -->
        <test-method signature="AutoCompleteSearch(models.ColorSelectionData)[pri:7, instance:tests.WidgetsTests@4f3bbf68]" started-at="2025-09-11T11:50:22 IST" name="AutoCompleteSearch" data-provider="ColorSelectionData" finished-at="2025-09-11T11:50:24 IST" duration-ms="1372" status="PASS">
          <params>
            <param index="0">
              <value>
                <![CDATA[ColorSelectionData{searchFor='T', expectedColors=[White, Voilet, Magenta]}]]>
              </value>
            </param>
          </params>
          <reporter-output>
          </reporter-output>
        </test-method> <!-- AutoCompleteSearch -->
        <test-method is-config="true" signature="tearDown(org.testng.ITestResult)[pri:0, instance:tests.WidgetsTests@4f3bbf68]" started-at="2025-09-11T11:50:24 IST" name="tearDown" finished-at="2025-09-11T11:50:24 IST" duration-ms="315" status="PASS">
          <params>
            <param index="0">
              <value>
                <![CDATA[[TestResult name=AutoCompleteSearch status=SUCCESS method=WidgetsTests.AutoCompleteSearch(models.ColorSelectionData)[pri:7, instance:tests.WidgetsTests@4f3bbf68] output={null}]]]>
              </value>
            </param>
          </params>
          <reporter-output>
          </reporter-output>
        </test-method> <!-- tearDown -->
        <test-method is-config="true" signature="setup(java.lang.reflect.Method)[pri:0, instance:tests.WidgetsTests@4f3bbf68]" started-at="2025-09-11T11:50:24 IST" name="setup" finished-at="2025-09-11T11:50:43 IST" duration-ms="19278" status="PASS">
          <params>
            <param index="0">
              <value>
                <![CDATA[public void tests.WidgetsTests.AutoCompleteSearch(models.ColorSelectionData)]]>
              </value>
            </param>
          </params>
          <reporter-output>
          </reporter-output>
        </test-method> <!-- setup -->
        <test-method signature="AutoCompleteSearch(models.ColorSelectionData)[pri:7, instance:tests.WidgetsTests@4f3bbf68]" started-at="2025-09-11T11:50:43 IST" name="AutoCompleteSearch" data-provider="ColorSelectionData" finished-at="2025-09-11T11:50:45 IST" duration-ms="1515" status="PASS">
          <params>
            <param index="0">
              <value>
                <![CDATA[ColorSelectionData{searchFor='U', expectedColors=[Blue, Purple, Aqua]}]]>
              </value>
            </param>
          </params>
          <reporter-output>
          </reporter-output>
        </test-method> <!-- AutoCompleteSearch -->
        <test-method is-config="true" signature="tearDown(org.testng.ITestResult)[pri:0, instance:tests.WidgetsTests@4f3bbf68]" started-at="2025-09-11T11:50:45 IST" name="tearDown" finished-at="2025-09-11T11:50:45 IST" duration-ms="332" status="PASS">
          <params>
            <param index="0">
              <value>
                <![CDATA[[TestResult name=AutoCompleteSearch status=SUCCESS method=WidgetsTests.AutoCompleteSearch(models.ColorSelectionData)[pri:7, instance:tests.WidgetsTests@4f3bbf68] output={null}]]]>
              </value>
            </param>
          </params>
          <reporter-output>
          </reporter-output>
        </test-method> <!-- tearDown -->
        <test-method is-config="true" signature="setup(java.lang.reflect.Method)[pri:0, instance:tests.WidgetsTests@4f3bbf68]" started-at="2025-09-11T11:50:45 IST" name="setup" finished-at="2025-09-11T11:50:51 IST" duration-ms="5612" status="PASS">
          <params>
            <param index="0">
              <value>
                <![CDATA[public void tests.WidgetsTests.AutoCompleteSearch(models.ColorSelectionData)]]>
              </value>
            </param>
          </params>
          <reporter-output>
          </reporter-output>
        </test-method> <!-- setup -->
        <test-method signature="AutoCompleteSearch(models.ColorSelectionData)[pri:7, instance:tests.WidgetsTests@4f3bbf68]" started-at="2025-09-11T11:50:51 IST" name="AutoCompleteSearch" data-provider="ColorSelectionData" finished-at="2025-09-11T11:50:52 IST" duration-ms="965" status="PASS">
          <params>
            <param index="0">
              <value>
                <![CDATA[ColorSelectionData{searchFor='V', expectedColors=[Voilet]}]]>
              </value>
            </param>
          </params>
          <reporter-output>
          </reporter-output>
        </test-method> <!-- AutoCompleteSearch -->
        <test-method is-config="true" signature="tearDown(org.testng.ITestResult)[pri:0, instance:tests.WidgetsTests@4f3bbf68]" started-at="2025-09-11T11:50:52 IST" name="tearDown" finished-at="2025-09-11T11:50:52 IST" duration-ms="344" status="PASS">
          <params>
            <param index="0">
              <value>
                <![CDATA[[TestResult name=AutoCompleteSearch status=SUCCESS method=WidgetsTests.AutoCompleteSearch(models.ColorSelectionData)[pri:7, instance:tests.WidgetsTests@4f3bbf68] output={null}]]]>
              </value>
            </param>
          </params>
          <reporter-output>
          </reporter-output>
        </test-method> <!-- tearDown -->
        <test-method is-config="true" signature="setup(java.lang.reflect.Method)[pri:0, instance:tests.WidgetsTests@4f3bbf68]" started-at="2025-09-11T11:50:52 IST" name="setup" finished-at="2025-09-11T11:51:05 IST" duration-ms="13306" status="PASS">
          <params>
            <param index="0">
              <value>
                <![CDATA[public void tests.WidgetsTests.AutoCompleteSearch(models.ColorSelectionData)]]>
              </value>
            </param>
          </params>
          <reporter-output>
          </reporter-output>
        </test-method> <!-- setup -->
        <test-method signature="AutoCompleteSearch(models.ColorSelectionData)[pri:7, instance:tests.WidgetsTests@4f3bbf68]" started-at="2025-09-11T11:51:05 IST" name="AutoCompleteSearch" data-provider="ColorSelectionData" finished-at="2025-09-11T11:51:06 IST" duration-ms="1151" status="PASS">
          <params>
            <param index="0">
              <value>
                <![CDATA[ColorSelectionData{searchFor='W', expectedColors=[Yellow, White]}]]>
              </value>
            </param>
          </params>
          <reporter-output>
          </reporter-output>
        </test-method> <!-- AutoCompleteSearch -->
        <test-method is-config="true" signature="tearDown(org.testng.ITestResult)[pri:0, instance:tests.WidgetsTests@4f3bbf68]" started-at="2025-09-11T11:51:06 IST" name="tearDown" finished-at="2025-09-11T11:51:07 IST" duration-ms="308" status="PASS">
          <params>
            <param index="0">
              <value>
                <![CDATA[[TestResult name=AutoCompleteSearch status=SUCCESS method=WidgetsTests.AutoCompleteSearch(models.ColorSelectionData)[pri:7, instance:tests.WidgetsTests@4f3bbf68] output={null}]]]>
              </value>
            </param>
          </params>
          <reporter-output>
          </reporter-output>
        </test-method> <!-- tearDown -->
        <test-method is-config="true" signature="setup(java.lang.reflect.Method)[pri:0, instance:tests.WidgetsTests@4f3bbf68]" started-at="2025-09-11T11:51:07 IST" name="setup" finished-at="2025-09-11T11:51:23 IST" duration-ms="16746" status="PASS">
          <params>
            <param index="0">
              <value>
                <![CDATA[public void tests.WidgetsTests.AutoCompleteSearch(models.ColorSelectionData)]]>
              </value>
            </param>
          </params>
          <reporter-output>
          </reporter-output>
        </test-method> <!-- setup -->
        <test-method signature="AutoCompleteSearch(models.ColorSelectionData)[pri:7, instance:tests.WidgetsTests@4f3bbf68]" started-at="2025-09-11T11:51:23 IST" name="AutoCompleteSearch" data-provider="ColorSelectionData" finished-at="2025-09-11T11:51:24 IST" duration-ms="932" status="PASS">
          <params>
            <param index="0">
              <value>
                <![CDATA[ColorSelectionData{searchFor='Y', expectedColors=[Yellow]}]]>
              </value>
            </param>
          </params>
          <reporter-output>
          </reporter-output>
        </test-method> <!-- AutoCompleteSearch -->
        <test-method is-config="true" signature="tearDown(org.testng.ITestResult)[pri:0, instance:tests.WidgetsTests@4f3bbf68]" started-at="2025-09-11T11:51:24 IST" name="tearDown" finished-at="2025-09-11T11:56:27 IST" duration-ms="302526" status="PASS">
          <params>
            <param index="0">
              <value>
                <![CDATA[[TestResult name=AutoCompleteSearch status=SUCCESS method=WidgetsTests.AutoCompleteSearch(models.ColorSelectionData)[pri:7, instance:tests.WidgetsTests@4f3bbf68] output={null}]]]>
              </value>
            </param>
          </params>
          <reporter-output>
          </reporter-output>
        </test-method> <!-- tearDown -->
        <test-method is-config="true" signature="setup(java.lang.reflect.Method)[pri:0, instance:tests.WidgetsTests@4f3bbf68]" started-at="2025-09-11T11:56:27 IST" name="setup" finished-at="2025-09-11T11:56:43 IST" duration-ms="16468" status="PASS">
          <params>
            <param index="0">
              <value>
                <![CDATA[public void tests.WidgetsTests.AutoCompleteSearchRemove(models.ColorSelectionData) throws java.io.IOException]]>
              </value>
            </param>
          </params>
          <reporter-output>
          </reporter-output>
        </test-method> <!-- setup -->
        <test-method signature="AutoCompleteSearchRemove(models.ColorSelectionData)[pri:8, instance:tests.WidgetsTests@4f3bbf68]" started-at="2025-09-11T11:56:43 IST" name="AutoCompleteSearchRemove" data-provider="ColorSelectionDataRemove" finished-at="2025-09-11T11:56:49 IST" duration-ms="5704" status="PASS">
          <params>
            <param index="0">
              <value>
                <![CDATA[ColorSelectionData{searchFor='E', expectedColors=[Green, Yellow]}]]>
              </value>
            </param>
          </params>
          <reporter-output>
          </reporter-output>
        </test-method> <!-- AutoCompleteSearchRemove -->
        <test-method is-config="true" signature="tearDown(org.testng.ITestResult)[pri:0, instance:tests.WidgetsTests@4f3bbf68]" started-at="2025-09-11T11:56:49 IST" name="tearDown" finished-at="2025-09-11T11:56:49 IST" duration-ms="316" status="PASS">
          <params>
            <param index="0">
              <value>
                <![CDATA[[TestResult name=AutoCompleteSearchRemove status=SUCCESS method=WidgetsTests.AutoCompleteSearchRemove(models.ColorSelectionData)[pri:8, instance:tests.WidgetsTests@4f3bbf68] output={null}]]]>
              </value>
            </param>
          </params>
          <reporter-output>
          </reporter-output>
        </test-method> <!-- tearDown -->
        <test-method is-config="true" signature="setup(java.lang.reflect.Method)[pri:0, instance:tests.WidgetsTests@4f3bbf68]" started-at="2025-09-11T11:56:49 IST" name="setup" finished-at="2025-09-11T11:57:05 IST" duration-ms="15409" status="PASS">
          <params>
            <param index="0">
              <value>
                <![CDATA[public void tests.WidgetsTests.AutoCompleteSingle(java.lang.String,java.lang.String)]]>
              </value>
            </param>
          </params>
          <reporter-output>
          </reporter-output>
        </test-method> <!-- setup -->
        <test-method signature="AutoCompleteSingle(java.lang.String,java.lang.String)[pri:9, instance:tests.WidgetsTests@4f3bbf68]" started-at="2025-09-11T11:57:05 IST" name="AutoCompleteSingle" data-provider="SingleColorData" finished-at="2025-09-11T11:57:06 IST" duration-ms="1459" status="PASS">
          <params>
            <param index="0">
              <value>
                <![CDATA[E]]>
              </value>
            </param>
            <param index="1">
              <value>
                <![CDATA[Green]]>
              </value>
            </param>
          </params>
          <reporter-output>
          </reporter-output>
        </test-method> <!-- AutoCompleteSingle -->
        <test-method is-config="true" signature="tearDown(org.testng.ITestResult)[pri:0, instance:tests.WidgetsTests@4f3bbf68]" started-at="2025-09-11T11:57:06 IST" name="tearDown" finished-at="2025-09-11T11:57:07 IST" duration-ms="347" status="PASS">
          <params>
            <param index="0">
              <value>
                <![CDATA[[TestResult name=AutoCompleteSingle status=SUCCESS method=WidgetsTests.AutoCompleteSingle(java.lang.String,java.lang.String)[pri:9, instance:tests.WidgetsTests@4f3bbf68] output={null}]]]>
              </value>
            </param>
          </params>
          <reporter-output>
          </reporter-output>
        </test-method> <!-- tearDown -->
        <test-method is-config="true" signature="setup(java.lang.reflect.Method)[pri:0, instance:tests.WidgetsTests@4f3bbf68]" started-at="2025-09-11T11:57:07 IST" name="setup" finished-at="2025-09-11T11:57:23 IST" duration-ms="16720" status="PASS">
          <params>
            <param index="0">
              <value>
                <![CDATA[public void tests.WidgetsTests.SingleAddRemove(java.lang.String,java.lang.String)]]>
              </value>
            </param>
          </params>
          <reporter-output>
          </reporter-output>
        </test-method> <!-- setup -->
        <test-method signature="SingleAddRemove(java.lang.String,java.lang.String)[pri:10, instance:tests.WidgetsTests@4f3bbf68]" started-at="2025-09-11T11:57:23 IST" name="SingleAddRemove" data-provider="SingleColorData" finished-at="2025-09-11T11:57:25 IST" duration-ms="1642" status="PASS">
          <params>
            <param index="0">
              <value>
                <![CDATA[E]]>
              </value>
            </param>
            <param index="1">
              <value>
                <![CDATA[Green]]>
              </value>
            </param>
          </params>
          <reporter-output>
          </reporter-output>
        </test-method> <!-- SingleAddRemove -->
        <test-method is-config="true" signature="tearDown(org.testng.ITestResult)[pri:0, instance:tests.WidgetsTests@4f3bbf68]" started-at="2025-09-11T11:57:25 IST" name="tearDown" finished-at="2025-09-11T11:57:25 IST" duration-ms="465" status="PASS">
          <params>
            <param index="0">
              <value>
                <![CDATA[[TestResult name=SingleAddRemove status=SUCCESS method=WidgetsTests.SingleAddRemove(java.lang.String,java.lang.String)[pri:10, instance:tests.WidgetsTests@4f3bbf68] output={null}]]]>
              </value>
            </param>
          </params>
          <reporter-output>
          </reporter-output>
        </test-method> <!-- tearDown -->
      </class> <!-- tests.WidgetsTests -->
      <class name="tests.ElementsTests">
        <test-method is-config="true" signature="setup(java.lang.reflect.Method)[pri:0, instance:tests.ElementsTests@479460a6]" started-at="2025-09-11T10:59:36 IST" name="setup" finished-at="2025-09-11T10:59:44 IST" duration-ms="7904" status="PASS">
          <params>
            <param index="0">
              <value>
                <![CDATA[public void tests.ElementsTests.ElementsCard()]]>
              </value>
            </param>
          </params>
          <reporter-output>
          </reporter-output>
        </test-method> <!-- setup -->
        <test-method signature="ElementsCard()[pri:1, instance:tests.ElementsTests@479460a6]" started-at="2025-09-11T10:59:44 IST" name="ElementsCard" finished-at="2025-09-11T10:59:44 IST" duration-ms="360" status="PASS">
          <reporter-output>
          </reporter-output>
        </test-method> <!-- ElementsCard -->
        <test-method is-config="true" signature="tearDown(org.testng.ITestResult)[pri:0, instance:tests.ElementsTests@479460a6]" started-at="2025-09-11T10:59:44 IST" name="tearDown" finished-at="2025-09-11T11:04:47 IST" duration-ms="302719" status="PASS">
          <params>
            <param index="0">
              <value>
                <![CDATA[[TestResult name=ElementsCard status=SUCCESS method=ElementsTests.ElementsCard()[pri:1, instance:tests.ElementsTests@479460a6] output={null}]]]>
              </value>
            </param>
          </params>
          <reporter-output>
          </reporter-output>
        </test-method> <!-- tearDown -->
        <test-method is-config="true" signature="setup(java.lang.reflect.Method)[pri:0, instance:tests.ElementsTests@479460a6]" started-at="2025-09-11T11:04:48 IST" name="setup" finished-at="2025-09-11T11:05:01 IST" duration-ms="13723" status="PASS">
          <params>
            <param index="0">
              <value>
                <![CDATA[public void tests.ElementsTests.TextBox(models.TextBoxUser)]]>
              </value>
            </param>
          </params>
          <reporter-output>
          </reporter-output>
        </test-method> <!-- setup -->
        <test-method signature="TextBox(models.TextBoxUser)[pri:2, instance:tests.ElementsTests@479460a6]" started-at="2025-09-11T11:05:01 IST" name="TextBox" data-provider="TextBoxUserData" finished-at="2025-09-11T11:05:04 IST" duration-ms="2549" status="PASS">
          <params>
            <param index="0">
              <value>
                <![CDATA[TextBoxUser{firstName='Johny', lastName='Bravo', email='Jbravo@demoqa.com', currentAddress='301 Town 481, Brookville\n kansas 42129\n United States', permanentAddress='511 Grant 481, Prattsville\n Arkansas 72129\n United States'}]]>
              </value>
            </param>
          </params>
          <reporter-output>
          </reporter-output>
        </test-method> <!-- TextBox -->
        <test-method is-config="true" signature="tearDown(org.testng.ITestResult)[pri:0, instance:tests.ElementsTests@479460a6]" started-at="2025-09-11T11:05:04 IST" name="tearDown" finished-at="2025-09-11T11:05:05 IST" duration-ms="696" status="PASS">
          <params>
            <param index="0">
              <value>
                <![CDATA[[TestResult name=TextBox status=SUCCESS method=ElementsTests.TextBox(models.TextBoxUser)[pri:2, instance:tests.ElementsTests@479460a6] output={null}]]]>
              </value>
            </param>
          </params>
          <reporter-output>
          </reporter-output>
        </test-method> <!-- tearDown -->
        <test-method is-config="true" signature="setup(java.lang.reflect.Method)[pri:0, instance:tests.ElementsTests@479460a6]" started-at="2025-09-11T11:05:05 IST" name="setup" finished-at="2025-09-11T11:05:13 IST" duration-ms="8770" status="PASS">
          <params>
            <param index="0">
              <value>
                <![CDATA[public void tests.ElementsTests.TextBox(models.TextBoxUser)]]>
              </value>
            </param>
          </params>
          <reporter-output>
          </reporter-output>
        </test-method> <!-- setup -->
        <test-method signature="TextBox(models.TextBoxUser)[pri:2, instance:tests.ElementsTests@479460a6]" started-at="2025-09-11T11:05:13 IST" name="TextBox" data-provider="TextBoxUserData" finished-at="2025-09-11T11:05:16 IST" duration-ms="2514" status="PASS">
          <params>
            <param index="0">
              <value>
                <![CDATA[TextBoxUser{firstName='Gene', lastName='Femina', email='GFemina@demoqa.com', currentAddress='302 Town 481, Brookville\n kansas 42129\n United States', permanentAddress='512 Grant 481, Prattsville\n Arkansas 72129\n United States'}]]>
              </value>
            </param>
          </params>
          <reporter-output>
          </reporter-output>
        </test-method> <!-- TextBox -->
        <test-method is-config="true" signature="tearDown(org.testng.ITestResult)[pri:0, instance:tests.ElementsTests@479460a6]" started-at="2025-09-11T11:05:16 IST" name="tearDown" finished-at="2025-09-11T11:05:17 IST" duration-ms="639" status="PASS">
          <params>
            <param index="0">
              <value>
                <![CDATA[[TestResult name=TextBox status=SUCCESS method=ElementsTests.TextBox(models.TextBoxUser)[pri:2, instance:tests.ElementsTests@479460a6] output={null}]]]>
              </value>
            </param>
          </params>
          <reporter-output>
          </reporter-output>
        </test-method> <!-- tearDown -->
        <test-method is-config="true" signature="setup(java.lang.reflect.Method)[pri:0, instance:tests.ElementsTests@479460a6]" started-at="2025-09-11T11:05:17 IST" name="setup" finished-at="2025-09-11T11:05:28 IST" duration-ms="11179" status="PASS">
          <params>
            <param index="0">
              <value>
                <![CDATA[public void tests.ElementsTests.TextBox(models.TextBoxUser)]]>
              </value>
            </param>
          </params>
          <reporter-output>
          </reporter-output>
        </test-method> <!-- setup -->
        <test-method signature="TextBox(models.TextBoxUser)[pri:2, instance:tests.ElementsTests@479460a6]" started-at="2025-09-11T11:05:28 IST" name="TextBox" data-provider="TextBoxUserData" finished-at="2025-09-11T11:05:29 IST" duration-ms="1735" status="PASS">
          <params>
            <param index="0">
              <value>
                <![CDATA[TextBoxUser{firstName='Bud', lastName='Wisem', email='BWisem@demoqa.com', currentAddress='303 Town 481, Brookville\n kansas 42129\n United States', permanentAddress='513 Grant 481, Prattsville\n Arkansas 72129\n United States'}]]>
              </value>
            </param>
          </params>
          <reporter-output>
          </reporter-output>
        </test-method> <!-- TextBox -->
        <test-method is-config="true" signature="tearDown(org.testng.ITestResult)[pri:0, instance:tests.ElementsTests@479460a6]" started-at="2025-09-11T11:05:29 IST" name="tearDown" finished-at="2025-09-11T11:05:30 IST" duration-ms="539" status="PASS">
          <params>
            <param index="0">
              <value>
                <![CDATA[[TestResult name=TextBox status=SUCCESS method=ElementsTests.TextBox(models.TextBoxUser)[pri:2, instance:tests.ElementsTests@479460a6] output={null}]]]>
              </value>
            </param>
          </params>
          <reporter-output>
          </reporter-output>
        </test-method> <!-- tearDown -->
        <test-method is-config="true" signature="setup(java.lang.reflect.Method)[pri:0, instance:tests.ElementsTests@479460a6]" started-at="2025-09-11T11:05:30 IST" name="setup" finished-at="2025-09-11T11:05:44 IST" duration-ms="13719" status="PASS">
          <params>
            <param index="0">
              <value>
                <![CDATA[public void tests.ElementsTests.TextBox(models.TextBoxUser)]]>
              </value>
            </param>
          </params>
          <reporter-output>
          </reporter-output>
        </test-method> <!-- setup -->
        <test-method signature="TextBox(models.TextBoxUser)[pri:2, instance:tests.ElementsTests@479460a6]" started-at="2025-09-11T11:05:44 IST" name="TextBox" data-provider="TextBoxUserData" finished-at="2025-09-11T11:05:46 IST" duration-ms="2229" status="PASS">
          <params>
            <param index="0">
              <value>
                <![CDATA[TextBoxUser{firstName='Tom', lastName='Boss', email='TBoss@demoqa.com', currentAddress='304 Town 481, Brookville\n kansas 42129\n United States', permanentAddress='514 Grant 481, Prattsville\n Arkansas 72129\n United States'}]]>
              </value>
            </param>
          </params>
          <reporter-output>
          </reporter-output>
        </test-method> <!-- TextBox -->
        <test-method is-config="true" signature="tearDown(org.testng.ITestResult)[pri:0, instance:tests.ElementsTests@479460a6]" started-at="2025-09-11T11:05:46 IST" name="tearDown" finished-at="2025-09-11T11:05:47 IST" duration-ms="580" status="PASS">
          <params>
            <param index="0">
              <value>
                <![CDATA[[TestResult name=TextBox status=SUCCESS method=ElementsTests.TextBox(models.TextBoxUser)[pri:2, instance:tests.ElementsTests@479460a6] output={null}]]]>
              </value>
            </param>
          </params>
          <reporter-output>
          </reporter-output>
        </test-method> <!-- tearDown -->
        <test-method is-config="true" signature="setup(java.lang.reflect.Method)[pri:0, instance:tests.ElementsTests@479460a6]" started-at="2025-09-11T11:05:47 IST" name="setup" finished-at="2025-09-11T11:06:03 IST" duration-ms="16898" status="PASS">
          <params>
            <param index="0">
              <value>
                <![CDATA[public void tests.ElementsTests.CheckBox()]]>
              </value>
            </param>
          </params>
          <reporter-output>
          </reporter-output>
        </test-method> <!-- setup -->
        <test-method signature="CheckBox()[pri:3, instance:tests.ElementsTests@479460a6]" started-at="2025-09-11T11:06:03 IST" name="CheckBox" finished-at="2025-09-11T11:06:04 IST" duration-ms="804" status="PASS">
          <reporter-output>
          </reporter-output>
        </test-method> <!-- CheckBox -->
        <test-method is-config="true" signature="tearDown(org.testng.ITestResult)[pri:0, instance:tests.ElementsTests@479460a6]" started-at="2025-09-11T11:06:04 IST" name="tearDown" finished-at="2025-09-11T11:06:05 IST" duration-ms="343" status="PASS">
          <params>
            <param index="0">
              <value>
                <![CDATA[[TestResult name=CheckBox status=SUCCESS method=ElementsTests.CheckBox()[pri:3, instance:tests.ElementsTests@479460a6] output={null}]]]>
              </value>
            </param>
          </params>
          <reporter-output>
          </reporter-output>
        </test-method> <!-- tearDown -->
        <test-method is-config="true" signature="setup(java.lang.reflect.Method)[pri:0, instance:tests.ElementsTests@479460a6]" started-at="2025-09-11T11:06:05 IST" name="setup" finished-at="2025-09-11T11:06:21 IST" duration-ms="16601" status="PASS">
          <params>
            <param index="0">
              <value>
                <![CDATA[public void tests.ElementsTests.SelectingHomeCheckBox()]]>
              </value>
            </param>
          </params>
          <reporter-output>
          </reporter-output>
        </test-method> <!-- setup -->
        <test-method signature="SelectingHomeCheckBox()[pri:4, instance:tests.ElementsTests@479460a6]" started-at="2025-09-11T11:06:21 IST" name="SelectingHomeCheckBox" finished-at="2025-09-11T11:06:22 IST" duration-ms="910" status="PASS">
          <reporter-output>
          </reporter-output>
        </test-method> <!-- SelectingHomeCheckBox -->
        <test-method is-config="true" signature="tearDown(org.testng.ITestResult)[pri:0, instance:tests.ElementsTests@479460a6]" started-at="2025-09-11T11:06:22 IST" name="tearDown" finished-at="2025-09-11T11:06:22 IST" duration-ms="349" status="PASS">
          <params>
            <param index="0">
              <value>
                <![CDATA[[TestResult name=SelectingHomeCheckBox status=SUCCESS method=ElementsTests.SelectingHomeCheckBox()[pri:4, instance:tests.ElementsTests@479460a6] output={null}]]]>
              </value>
            </param>
          </params>
          <reporter-output>
          </reporter-output>
        </test-method> <!-- tearDown -->
        <test-method is-config="true" signature="setup(java.lang.reflect.Method)[pri:0, instance:tests.ElementsTests@479460a6]" started-at="2025-09-11T11:06:22 IST" name="setup" finished-at="2025-09-11T11:06:37 IST" duration-ms="14529" status="PASS">
          <params>
            <param index="0">
              <value>
[...]
          <params>
            <param index="0">
              <value>
                <![CDATA[public void tests.AlertsFramesWindowsTests.ClickAcceptConfirmationBox()]]>
              </value>
            </param>
          </params>
          <reporter-output>
          </reporter-output>
        </test-method> <!-- setup -->
        <test-method signature="ClickAcceptConfirmationBox()[pri:8, instance:tests.AlertsFramesWindowsTests@1fb669c3]" started-at="2025-09-11T10:56:20 IST" name="ClickAcceptConfirmationBox" finished-at="2025-09-11T10:56:21 IST" duration-ms="753" status="PASS">
          <reporter-output>
          </reporter-output>
        </test-method> <!-- ClickAcceptConfirmationBox -->
        <test-method is-config="true" signature="tearDown(org.testng.ITestResult)[pri:0, instance:tests.AlertsFramesWindowsTests@1fb669c3]" started-at="2025-09-11T10:56:21 IST" name="tearDown" finished-at="2025-09-11T10:56:21 IST" duration-ms="325" status="PASS">
          <params>
            <param index="0">
              <value>
                <![CDATA[[TestResult name=ClickAcceptConfirmationBox status=SUCCESS method=AlertsFramesWindowsTests.ClickAcceptConfirmationBox()[pri:8, instance:tests.AlertsFramesWindowsTests@1fb669c3] output={null}]]]>
              </value>
            </param>
          </params>
          <reporter-output>
          </reporter-output>
        </test-method> <!-- tearDown -->
        <test-method is-config="true" signature="setup(java.lang.reflect.Method)[pri:0, instance:tests.AlertsFramesWindowsTests@1fb669c3]" started-at="2025-09-11T10:56:21 IST" name="setup" finished-at="2025-09-11T10:56:58 IST" duration-ms="36234" status="PASS">
          <params>
            <param index="0">
              <value>
                <![CDATA[public void tests.AlertsFramesWindowsTests.ClickDenyConfirmationBox()]]>
              </value>
            </param>
          </params>
          <reporter-output>
          </reporter-output>
        </test-method> <!-- setup -->
        <test-method signature="ClickDenyConfirmationBox()[pri:8, instance:tests.AlertsFramesWindowsTests@1fb669c3]" started-at="2025-09-11T10:56:58 IST" name="ClickDenyConfirmationBox" finished-at="2025-09-11T10:56:58 IST" duration-ms="707" status="PASS">
          <reporter-output>
          </reporter-output>
        </test-method> <!-- ClickDenyConfirmationBox -->
        <test-method is-config="true" signature="tearDown(org.testng.ITestResult)[pri:0, instance:tests.AlertsFramesWindowsTests@1fb669c3]" started-at="2025-09-11T10:56:58 IST" name="tearDown" finished-at="2025-09-11T10:56:59 IST" duration-ms="276" status="PASS">
          <params>
            <param index="0">
              <value>
                <![CDATA[[TestResult name=ClickDenyConfirmationBox status=SUCCESS method=AlertsFramesWindowsTests.ClickDenyConfirmationBox()[pri:8, instance:tests.AlertsFramesWindowsTests@1fb669c3] output={null}]]]>
              </value>
            </param>
          </params>
          <reporter-output>
          </reporter-output>
        </test-method> <!-- tearDown -->
        <test-method is-config="true" signature="setup(java.lang.reflect.Method)[pri:0, instance:tests.AlertsFramesWindowsTests@1fb669c3]" started-at="2025-09-11T10:56:59 IST" name="setup" finished-at="2025-09-11T10:57:16 IST" duration-ms="17306" status="PASS">
          <params>
            <param index="0">
              <value>
                <![CDATA[public void tests.AlertsFramesWindowsTests.ClickPromptBoxFill()]]>
              </value>
            </param>
          </params>
          <reporter-output>
          </reporter-output>
        </test-method> <!-- setup -->
        <test-method signature="ClickPromptBoxFill()[pri:9, instance:tests.AlertsFramesWindowsTests@1fb669c3]" started-at="2025-09-11T10:57:16 IST" name="ClickPromptBoxFill" finished-at="2025-09-11T10:57:17 IST" duration-ms="615" status="PASS">
          <reporter-output>
          </reporter-output>
        </test-method> <!-- ClickPromptBoxFill -->
        <test-method is-config="true" signature="tearDown(org.testng.ITestResult)[pri:0, instance:tests.AlertsFramesWindowsTests@1fb669c3]" started-at="2025-09-11T10:57:17 IST" name="tearDown" finished-at="2025-09-11T10:57:17 IST" duration-ms="314" status="PASS">
          <params>
            <param index="0">
              <value>
                <![CDATA[[TestResult name=ClickPromptBoxFill status=SUCCESS method=AlertsFramesWindowsTests.ClickPromptBoxFill()[pri:9, instance:tests.AlertsFramesWindowsTests@1fb669c3] output={null}]]]>
              </value>
            </param>
          </params>
          <reporter-output>
          </reporter-output>
        </test-method> <!-- tearDown -->
        <test-method is-config="true" signature="setup(java.lang.reflect.Method)[pri:0, instance:tests.AlertsFramesWindowsTests@1fb669c3]" started-at="2025-09-11T10:57:17 IST" name="setup" finished-at="2025-09-11T10:57:37 IST" duration-ms="20325" status="PASS">
          <params>
            <param index="0">
              <value>
                <![CDATA[public void tests.AlertsFramesWindowsTests.ClickFrames()]]>
              </value>
            </param>
          </params>
          <reporter-output>
          </reporter-output>
        </test-method> <!-- setup -->
        <test-method signature="ClickFrames()[pri:10, instance:tests.AlertsFramesWindowsTests@1fb669c3]" started-at="2025-09-11T10:57:37 IST" name="ClickFrames" finished-at="2025-09-11T10:57:38 IST" duration-ms="445" status="PASS">
          <reporter-output>
          </reporter-output>
        </test-method> <!-- ClickFrames -->
        <test-method is-config="true" signature="tearDown(org.testng.ITestResult)[pri:0, instance:tests.AlertsFramesWindowsTests@1fb669c3]" started-at="2025-09-11T10:57:38 IST" name="tearDown" finished-at="2025-09-11T10:57:38 IST" duration-ms="367" status="PASS">
          <params>
            <param index="0">
              <value>
                <![CDATA[[TestResult name=ClickFrames status=SUCCESS method=AlertsFramesWindowsTests.ClickFrames()[pri:10, instance:tests.AlertsFramesWindowsTests@1fb669c3] output={null}]]]>
              </value>
            </param>
          </params>
          <reporter-output>
          </reporter-output>
        </test-method> <!-- tearDown -->
        <test-method is-config="true" signature="setup(java.lang.reflect.Method)[pri:0, instance:tests.AlertsFramesWindowsTests@1fb669c3]" started-at="2025-09-11T10:57:38 IST" name="setup" finished-at="2025-09-11T10:57:54 IST" duration-ms="15588" status="PASS">
          <params>
            <param index="0">
              <value>
                <![CDATA[public void tests.AlertsFramesWindowsTests.GetFrame1()]]>
              </value>
            </param>
          </params>
          <reporter-output>
          </reporter-output>
        </test-method> <!-- setup -->
        <test-method signature="GetFrame1()[pri:11, instance:tests.AlertsFramesWindowsTests@1fb669c3]" started-at="2025-09-11T10:57:54 IST" name="GetFrame1" finished-at="2025-09-11T10:57:54 IST" duration-ms="614" status="PASS">
          <reporter-output>
          </reporter-output>
        </test-method> <!-- GetFrame1 -->
        <test-method is-config="true" signature="tearDown(org.testng.ITestResult)[pri:0, instance:tests.AlertsFramesWindowsTests@1fb669c3]" started-at="2025-09-11T10:57:54 IST" name="tearDown" finished-at="2025-09-11T10:57:54 IST" duration-ms="309" status="PASS">
          <params>
            <param index="0">
              <value>
                <![CDATA[[TestResult name=GetFrame1 status=SUCCESS method=AlertsFramesWindowsTests.GetFrame1()[pri:11, instance:tests.AlertsFramesWindowsTests@1fb669c3] output={null}]]]>
              </value>
            </param>
          </params>
          <reporter-output>
          </reporter-output>
        </test-method> <!-- tearDown -->
        <test-method is-config="true" signature="setup(java.lang.reflect.Method)[pri:0, instance:tests.AlertsFramesWindowsTests@1fb669c3]" started-at="2025-09-11T10:57:54 IST" name="setup" finished-at="2025-09-11T10:58:10 IST" duration-ms="15290" status="PASS">
          <params>
            <param index="0">
              <value>
                <![CDATA[public void tests.AlertsFramesWindowsTests.GetFrame2()]]>
              </value>
            </param>
          </params>
          <reporter-output>
          </reporter-output>
        </test-method> <!-- setup -->
        <test-method signature="GetFrame2()[pri:12, instance:tests.AlertsFramesWindowsTests@1fb669c3]" started-at="2025-09-11T10:58:10 IST" name="GetFrame2" finished-at="2025-09-11T10:58:11 IST" duration-ms="1241" status="PASS">
          <reporter-output>
          </reporter-output>
        </test-method> <!-- GetFrame2 -->
        <test-method is-config="true" signature="tearDown(org.testng.ITestResult)[pri:0, instance:tests.AlertsFramesWindowsTests@1fb669c3]" started-at="2025-09-11T10:58:11 IST" name="tearDown" finished-at="2025-09-11T10:58:11 IST" duration-ms="315" status="PASS">
          <params>
            <param index="0">
              <value>
                <![CDATA[[TestResult name=GetFrame2 status=SUCCESS method=AlertsFramesWindowsTests.GetFrame2()[pri:12, instance:tests.AlertsFramesWindowsTests@1fb669c3] output={null}]]]>
              </value>
            </param>
          </params>
          <reporter-output>
          </reporter-output>
        </test-method> <!-- tearDown -->
        <test-method is-config="true" signature="setup(java.lang.reflect.Method)[pri:0, instance:tests.AlertsFramesWindowsTests@1fb669c3]" started-at="2025-09-11T10:58:11 IST" name="setup" finished-at="2025-09-11T10:58:17 IST" duration-ms="5195" status="PASS">
          <params>
            <param index="0">
              <value>
                <![CDATA[public void tests.AlertsFramesWindowsTests.ClickModalDialogs()]]>
              </value>
            </param>
          </params>
          <reporter-output>
          </reporter-output>
        </test-method> <!-- setup -->
        <test-method signature="ClickModalDialogs()[pri:13, instance:tests.AlertsFramesWindowsTests@1fb669c3]" started-at="2025-09-11T10:58:17 IST" name="ClickModalDialogs" finished-at="2025-09-11T10:58:17 IST" duration-ms="416" status="PASS">
          <reporter-output>
          </reporter-output>
        </test-method> <!-- ClickModalDialogs -->
        <test-method is-config="true" signature="tearDown(org.testng.ITestResult)[pri:0, instance:tests.AlertsFramesWindowsTests@1fb669c3]" started-at="2025-09-11T10:58:17 IST" name="tearDown" finished-at="2025-09-11T10:58:17 IST" duration-ms="342" status="PASS">
          <params>
            <param index="0">
              <value>
                <![CDATA[[TestResult name=ClickModalDialogs status=SUCCESS method=AlertsFramesWindowsTests.ClickModalDialogs()[pri:13, instance:tests.AlertsFramesWindowsTests@1fb669c3] output={null}]]]>
              </value>
            </param>
          </params>
          <reporter-output>
          </reporter-output>
        </test-method> <!-- tearDown -->
        <test-method is-config="true" signature="setup(java.lang.reflect.Method)[pri:0, instance:tests.AlertsFramesWindowsTests@1fb669c3]" started-at="2025-09-11T10:58:17 IST" name="setup" finished-at="2025-09-11T10:58:35 IST" duration-ms="17511" status="PASS">
          <params>
            <param index="0">
              <value>
                <![CDATA[public void tests.AlertsFramesWindowsTests.ClickNestedFrames()]]>
              </value>
            </param>
          </params>
          <reporter-output>
          </reporter-output>
        </test-method> <!-- setup -->
        <test-method signature="ClickNestedFrames()[pri:13, instance:tests.AlertsFramesWindowsTests@1fb669c3]" started-at="2025-09-11T10:58:35 IST" name="ClickNestedFrames" finished-at="2025-09-11T10:58:35 IST" duration-ms="368" status="PASS">
          <reporter-output>
          </reporter-output>
        </test-method> <!-- ClickNestedFrames -->
        <test-method is-config="true" signature="tearDown(org.testng.ITestResult)[pri:0, instance:tests.AlertsFramesWindowsTests@1fb669c3]" started-at="2025-09-11T10:58:35 IST" name="tearDown" finished-at="2025-09-11T10:58:35 IST" duration-ms="293" status="PASS">
          <params>
            <param index="0">
              <value>
                <![CDATA[[TestResult name=ClickNestedFrames status=SUCCESS method=AlertsFramesWindowsTests.ClickNestedFrames()[pri:13, instance:tests.AlertsFramesWindowsTests@1fb669c3] output={null}]]]>
              </value>
            </param>
          </params>
          <reporter-output>
          </reporter-output>
        </test-method> <!-- tearDown -->
        <test-method is-config="true" signature="setup(java.lang.reflect.Method)[pri:0, instance:tests.AlertsFramesWindowsTests@1fb669c3]" started-at="2025-09-11T10:58:35 IST" name="setup" finished-at="2025-09-11T10:58:45 IST" duration-ms="9228" status="PASS">
          <params>
            <param index="0">
              <value>
                <![CDATA[public void tests.AlertsFramesWindowsTests.ClickLargeModal()]]>
              </value>
            </param>
          </params>
          <reporter-output>
          </reporter-output>
        </test-method> <!-- setup -->
        <test-method signature="ClickLargeModal()[pri:14, instance:tests.AlertsFramesWindowsTests@1fb669c3]" started-at="2025-09-11T10:58:45 IST" name="ClickLargeModal" finished-at="2025-09-11T10:58:46 IST" duration-ms="895" status="PASS">
          <reporter-output>
          </reporter-output>
        </test-method> <!-- ClickLargeModal -->
        <test-method is-config="true" signature="tearDown(org.testng.ITestResult)[pri:0, instance:tests.AlertsFramesWindowsTests@1fb669c3]" started-at="2025-09-11T10:58:46 IST" name="tearDown" finished-at="2025-09-11T10:58:46 IST" duration-ms="386" status="PASS">
          <params>
            <param index="0">
              <value>
                <![CDATA[[TestResult name=ClickLargeModal status=SUCCESS method=AlertsFramesWindowsTests.ClickLargeModal()[pri:14, instance:tests.AlertsFramesWindowsTests@1fb669c3] output={null}]]]>
              </value>
            </param>
          </params>
          <reporter-output>
          </reporter-output>
        </test-method> <!-- tearDown -->
        <test-method is-config="true" signature="setup(java.lang.reflect.Method)[pri:0, instance:tests.AlertsFramesWindowsTests@1fb669c3]" started-at="2025-09-11T10:58:46 IST" name="setup" finished-at="2025-09-11T10:59:03 IST" duration-ms="16784" status="PASS">
          <params>
            <param index="0">
              <value>
                <![CDATA[public void tests.AlertsFramesWindowsTests.ClickSmallModal()]]>
              </value>
            </param>
          </params>
          <reporter-output>
          </reporter-output>
        </test-method> <!-- setup -->
        <test-method signature="ClickSmallModal()[pri:14, instance:tests.AlertsFramesWindowsTests@1fb669c3]" started-at="2025-09-11T10:59:03 IST" name="ClickSmallModal" finished-at="2025-09-11T10:59:04 IST" duration-ms="840" status="PASS">
          <reporter-output>
          </reporter-output>
        </test-method> <!-- ClickSmallModal -->
        <test-method is-config="true" signature="tearDown(org.testng.ITestResult)[pri:0, instance:tests.AlertsFramesWindowsTests@1fb669c3]" started-at="2025-09-11T10:59:04 IST" name="tearDown" finished-at="2025-09-11T10:59:04 IST" duration-ms="328" status="PASS">
          <params>
            <param index="0">
              <value>
                <![CDATA[[TestResult name=ClickSmallModal status=SUCCESS method=AlertsFramesWindowsTests.ClickSmallModal()[pri:14, instance:tests.AlertsFramesWindowsTests@1fb669c3] output={null}]]]>
              </value>
            </param>
          </params>
          <reporter-output>
          </reporter-output>
        </test-method> <!-- tearDown -->
        <test-method is-config="true" signature="setup(java.lang.reflect.Method)[pri:0, instance:tests.AlertsFramesWindowsTests@1fb669c3]" started-at="2025-09-11T10:59:04 IST" name="setup" finished-at="2025-09-11T10:59:18 IST" duration-ms="13911" status="PASS">
          <params>
            <param index="0">
              <value>
                <![CDATA[public void tests.AlertsFramesWindowsTests.GetParentFrame()]]>
              </value>
            </param>
          </params>
          <reporter-output>
          </reporter-output>
        </test-method> <!-- setup -->
        <test-method signature="GetParentFrame()[pri:14, instance:tests.AlertsFramesWindowsTests@1fb669c3]" started-at="2025-09-11T10:59:18 IST" name="GetParentFrame" finished-at="2025-09-11T10:59:21 IST" duration-ms="3508" status="PASS">
          <reporter-output>
          </reporter-output>
        </test-method> <!-- GetParentFrame -->
        <test-method is-config="true" signature="tearDown(org.testng.ITestResult)[pri:0, instance:tests.AlertsFramesWindowsTests@1fb669c3]" started-at="2025-09-11T10:59:21 IST" name="tearDown" finished-at="2025-09-11T10:59:22 IST" duration-ms="315" status="PASS">
          <params>
            <param index="0">
              <value>
                <![CDATA[[TestResult name=GetParentFrame status=SUCCESS method=AlertsFramesWindowsTests.GetParentFrame()[pri:14, instance:tests.AlertsFramesWindowsTests@1fb669c3] output={null}]]]>
              </value>
            </param>
          </params>
          <reporter-output>
          </reporter-output>
        </test-method> <!-- tearDown -->
        <test-method is-config="true" signature="setup(java.lang.reflect.Method)[pri:0, instance:tests.AlertsFramesWindowsTests@1fb669c3]" started-at="2025-09-11T10:59:22 IST" name="setup" finished-at="2025-09-11T10:59:35 IST" duration-ms="13061" status="PASS">
          <params>
            <param index="0">
              <value>
                <![CDATA[public void tests.AlertsFramesWindowsTests.GetChildFrame()]]>
              </value>
            </param>
          </params>
          <reporter-output>
          </reporter-output>
        </test-method> <!-- setup -->
        <test-method signature="GetChildFrame()[pri:15, instance:tests.AlertsFramesWindowsTests@1fb669c3]" started-at="2025-09-11T10:59:35 IST" name="GetChildFrame" finished-at="2025-09-11T10:59:35 IST" duration-ms="699" status="PASS">
          <reporter-output>
          </reporter-output>
        </test-method> <!-- GetChildFrame -->
        <test-method is-config="true" signature="tearDown(org.testng.ITestResult)[pri:0, instance:tests.AlertsFramesWindowsTests@1fb669c3]" started-at="2025-09-11T10:59:35 IST" name="tearDown" finished-at="2025-09-11T10:59:36 IST" duration-ms="316" status="PASS">
          <params>
            <param index="0">
              <value>
                <![CDATA[[TestResult name=GetChildFrame status=SUCCESS method=AlertsFramesWindowsTests.GetChildFrame()[pri:15, instance:tests.AlertsFramesWindowsTests@1fb669c3] output={null}]]]>
              </value>
            </param>
          </params>
          <reporter-output>
          </reporter-output>
        </test-method> <!-- tearDown -->
        <test-method is-config="true" signature="teardownSuite()[pri:0, instance:tests.AlertsFramesWindowsTests@1fb669c3]" started-at="2025-09-11T11:57:26 IST" name="teardownSuite" finished-at="2025-09-11T11:57:51 IST" duration-ms="25219" status="PASS">
          <reporter-output>
          </reporter-output>
        </test-method> <!-- teardownSuite -->
      </class> <!-- tests.AlertsFramesWindowsTests -->
    </test> <!-- Surefire test -->
  </suite> <!-- Surefire suite -->
</testng-results>
