<?xml version="1.0" encoding="UTF-8"?>
<testsuite xmlns:xsi="http://www.w3.org/2001/XMLSchema-instance" xsi:noNamespaceSchemaLocation="https://maven.apache.org/surefire/maven-surefire-plugin/xsd/surefire-test-report-3.0.xsd" version="3.0" name="TestSuite" time="87.603" tests="7" errors="0" skipped="0" failures="0">
  <properties>
[...]
</properties>
  <testcase name="ElementsCard" classname="tests.ElementsTests" time="0.262">
    <system-out><![CDATA[2025-07-21T14:18:26.473226100Z main INFO Starting configuration XmlConfiguration[location=C:\ASN\eclipse_workspace\demoqa-automation\target\classes\log4j2.xml, lastModified=2025-07-15T10:06:09.722Z]...
2025-07-21T14:18:26.474909Z main INFO Start watching for changes to C:\ASN\eclipse_workspace\demoqa-automation\target\classes\log4j2.xml every 0 seconds
2025-07-21T14:18:26.474909Z main INFO Configuration XmlConfiguration[location=C:\ASN\eclipse_workspace\demoqa-automation\target\classes\log4j2.xml, lastModified=2025-07-15T10:06:09.722Z] started.
2025-07-21T14:18:26.474909Z main INFO Stopping configuration org.apache.logging.log4j.core.config.DefaultConfiguration@eda25e5...
2025-07-21T14:18:26.474909Z main INFO Configuration org.apache.logging.log4j.core.config.DefaultConfiguration@eda25e5 stopped.
2025-07-21 19:48:26 [main] INFO  demoqaLog - Starting Web Browser...
2025-07-21 19:48:28 [main] INFO  demoqaLog - Navigating to demoqa.com Website
2025-07-21 19:48:32 [main] INFO  demoqaLog - Starting Test Elements | Text Box Test...
2025-07-21 19:48:32 [main] INFO  demoqaLog - Accessing Elements Card...
2025-07-21 19:48:32 [main] INFO  demoqaLog - Clicking on Elements Card...
Title of this Page is: DEMOQA
Title of this Page is: DEMOQA
2025-07-21 19:48:33 [main] INFO  demoqaLog - Element Card Test Completed...
]]></system-out>
    <system-err><![CDATA[SLF4J(W): No SLF4J providers were found.
SLF4J(W): Defaulting to no-operation (NOP) logger implementation
SLF4J(W): See https://www.slf4j.org/codes.html#noProviders for further details.
]]></system-err>
  </testcase>
  <testcase name="TextBox" classname="tests.ElementsTests" time="2.403">
    <system-out><![CDATA[2025-07-21 19:48:33 [main] INFO  demoqaLog - Closing the Browser...
2025-07-21 19:48:33 [main] INFO  demoqaLog - Starting Web Browser...
2025-07-21 19:48:34 [main] INFO  demoqaLog - Navigating to demoqa.com Website
2025-07-21 19:48:41 [main] INFO  demoqaLog - Starting Test Elements | Text Box Test...
2025-07-21 19:48:41 [main] INFO  demoqaLog - Accessing Elements Card...
2025-07-21 19:48:41 [main] INFO  demoqaLog - Clicking on Elements Card...
Title of this Page is: DEMOQA
2025-07-21 19:48:41 [main] INFO  demoqaLog - Accessing Text Box...
2025-07-21 19:48:41 [main] INFO  demoqaLog - Title of this Page is: DEMOQA
2025-07-21 19:48:41 [main] INFO  demoqaLog - Entering Full Name...
2025-07-21 19:48:41 [main] INFO  demoqaLog - Full Name is: John Rambo
2025-07-21 19:48:41 [main] INFO  demoqaLog - Entering Email Address...
2025-07-21 19:48:42 [main] INFO  demoqaLog - Email Address is: JRambo@demoqa.com
2025-07-21 19:48:42 [main] INFO  demoqaLog - Entering Current Address...
2025-07-21 19:48:42 [main] INFO  demoqaLog - Current Address is: 511 Grant 481, Prattsville
 Arkansas 72129
 United States
2025-07-21 19:48:42 [main] INFO  demoqaLog - Entering Permanent Address...
2025-07-21 19:48:43 [main] INFO  demoqaLog - Parmenant Address is: 579 Grant 3381, Prattsville
 Arkansas 72100
 United States
2025-07-21 19:48:43 [main] INFO  demoqaLog - Clicking on Submit Button...
2025-07-21 19:48:43 [main] INFO  demoqaLog - Clicked Submit Button...
Information Submitted is: Name:John Rambo
Email:JRambo@demoqa.com
Current Address :511 Grant 481, Prattsville Arkansas 72129 United States
Permananet Address :579 Grant 3381, Prattsville Arkansas 72100 United States
2025-07-21 19:48:43 [main] INFO  demoqaLog - Text Box Element Test Completed...
]]></system-out>
  </testcase>
  <testcase name="FormCard" classname="tests.FormTests" time="0.429">
    <system-out><![CDATA[Path for Screenshot is: C:\ASN\eclipse_workspace\demoqa-automation/screenshots/TextBox Passed+2025-07-21_19-48-43.png
2025-07-21 19:48:43 [main] INFO  demoqaLog - Closing the Browser...
2025-07-21 19:48:44 [main] INFO  demoqaLog - Starting Web Browser...
2025-07-21 19:48:45 [main] INFO  demoqaLog - Navigating to demoqa.com Website
2025-07-21 19:48:51 [main] INFO  demoqaLog - Starting Form Card Test...
2025-07-21 19:48:51 [main] INFO  demoqaLog - Clicking on Form Card...
2025-07-21 19:48:51 [main] INFO  demoqaLog - Clicked on Form Card...
2025-07-21 19:48:51 [main] INFO  demoqaLog - Clicking on Practice Form...
2025-07-21 19:48:51 [main] INFO  demoqaLog - Clicked on Practice Form...
Title of this Page is: DEMOQA
2025-07-21 19:48:52 [main] INFO  demoqaLog - Form Card Test Completed...
]]></system-out>
  </testcase>
  <testcase name="fillForm[models.UserFormData@21a9a705](1)" classname="tests.FormTests" time="6.135">
    <system-out><![CDATA[2025-07-21 19:48:52 [main] INFO  demoqaLog - Closing the Browser...
2025-07-21 19:48:53 [main] INFO  demoqaLog - Starting Web Browser...
2025-07-21 19:48:54 [main] INFO  demoqaLog - Navigating to demoqa.com Website
2025-07-21 19:49:00 [main] INFO  demoqaLog - Starting Form Filling Test...
2025-07-21 19:49:00 [main] INFO  demoqaLog - Accessing Form Card...
2025-07-21 19:49:00 [main] INFO  demoqaLog - Clicking on Form Card...
2025-07-21 19:49:00 [main] INFO  demoqaLog - Clicked on Form Card...
2025-07-21 19:49:00 [main] INFO  demoqaLog - Clicking on Practice Form...
2025-07-21 19:49:01 [main] INFO  demoqaLog - Clicked on Practice Form...
2025-07-21 19:49:01 [main] INFO  demoqaLog - Filling form for: Johny Bravo
2025-07-21 19:49:01 [main] INFO  demoqaLog - Entering First Name...
2025-07-21 19:49:01 [main] INFO  demoqaLog - Entered First Name: Johny
Selected gender: Male
2025-07-21 19:49:02 [main] INFO  demoqaLog - Entering Date of Birth: 15-08-2000
Parsed DOB from Excel: 15-08-2000
2025-07-21 19:49:03 [main] INFO  demoqaLog - Typed full subject: Computer Science
Typing subject: Computer Science
Dropdown Option: Computer Science
Selected: Computer Science
Selected hobby: sports
Selected hobby: music
Uploaded photo: C:\ASN\eclipse_workspace\demoqa-automation//TestData/Mphoto.jpg
511 Grant 481, Prattsville
 Arkansas 72129
 United States
2025-07-21 19:49:04 [main] INFO  demoqaLog - Entering Address...
2025-07-21 19:49:05 [main] INFO  demoqaLog - Entered Address...
2025-07-21 19:49:05 [main] INFO  demoqaLog - Selecting State: NCR
Available state option: NCR
2025-07-21 19:49:05 [main] INFO  demoqaLog - Selected State: NCR
2025-07-21 19:49:05 [main] INFO  demoqaLog - Selecting City: Delhi
Available city: Delhi
2025-07-21 19:49:05 [main] INFO  demoqaLog - Selected City: Delhi
2025-07-21 19:49:05 [main] INFO  demoqaLog - Submitting Form...
2025-07-21 19:49:06 [main] INFO  demoqaLog - Form Submitted via normal click...
]]></system-out>
  </testcase>
  <testcase name="fillForm[models.UserFormData@193bb809](2)" classname="tests.FormTests" time="5.345">
    <system-out><![CDATA[Path for Screenshot is: C:\ASN\eclipse_workspace\demoqa-automation/screenshots/fillForm Passed+2025-07-21_19-49-06.png
2025-07-21 19:49:07 [main] INFO  demoqaLog - Closing the Browser...
2025-07-21 19:49:07 [main] INFO  demoqaLog - Starting Web Browser...
2025-07-21 19:49:08 [main] INFO  demoqaLog - Navigating to demoqa.com Website
2025-07-21 19:49:14 [main] INFO  demoqaLog - Starting Form Filling Test...
2025-07-21 19:49:14 [main] INFO  demoqaLog - Accessing Form Card...
2025-07-21 19:49:14 [main] INFO  demoqaLog - Clicking on Form Card...
2025-07-21 19:49:15 [main] INFO  demoqaLog - Clicked on Form Card...
2025-07-21 19:49:15 [main] INFO  demoqaLog - Clicking on Practice Form...
2025-07-21 19:49:15 [main] INFO  demoqaLog - Clicked on Practice Form...
2025-07-21 19:49:15 [main] INFO  demoqaLog - Filling form for: Gene Femina
2025-07-21 19:49:15 [main] INFO  demoqaLog - Entering First Name...
2025-07-21 19:49:15 [main] INFO  demoqaLog - Entered First Name: Gene
Selected gender: Female
2025-07-21 19:49:16 [main] INFO  demoqaLog - Entering Date of Birth: 22-05-2002
Parsed DOB from Excel: 22-05-2002
2025-07-21 19:49:17 [main] INFO  demoqaLog - Typed full subject: Accounting
Typing subject: Accounting
Dropdown Option: Accounting
Selected: Accounting
Selected hobby: music
Selected hobby: reading
Uploaded photo: C:\ASN\eclipse_workspace\demoqa-automation//TestData/Fphoto.png
512 Grant 481, Prattsville
 Arkansas 72129
 United States
2025-07-21 19:49:18 [main] INFO  demoqaLog - Entering Address...
2025-07-21 19:49:18 [main] INFO  demoqaLog - Entered Address...
2025-07-21 19:49:18 [main] INFO  demoqaLog - Selecting State: Uttar Pradesh
Available state option: NCR
Available state option: Uttar Pradesh
2025-07-21 19:49:19 [main] INFO  demoqaLog - Selected State: Uttar Pradesh
2025-07-21 19:49:19 [main] INFO  demoqaLog - Selecting City: Merrut
Available city: Agra
Available city: Lucknow
Available city: Merrut
2025-07-21 19:49:19 [main] INFO  demoqaLog - Selected City: Merrut
2025-07-21 19:49:19 [main] INFO  demoqaLog - Submitting Form...
2025-07-21 19:49:20 [main] INFO  demoqaLog - Form Submitted via normal click...
]]></system-out>
  </testcase>
  <testcase name="fillForm[models.UserFormData@5d194314](3)" classname="tests.FormTests" time="4.967">
    <system-out><![CDATA[Path for Screenshot is: C:\ASN\eclipse_workspace\demoqa-automation/screenshots/fillForm Passed+2025-07-21_19-49-20.png
2025-07-21 19:49:20 [main] INFO  demoqaLog - Closing the Browser...
2025-07-21 19:49:20 [main] INFO  demoqaLog - Starting Web Browser...
2025-07-21 19:49:22 [main] INFO  demoqaLog - Navigating to demoqa.com Website
2025-07-21 19:49:28 [main] INFO  demoqaLog - Starting Form Filling Test...
2025-07-21 19:49:28 [main] INFO  demoqaLog - Accessing Form Card...
2025-07-21 19:49:28 [main] INFO  demoqaLog - Clicking on Form Card...
2025-07-21 19:49:28 [main] INFO  demoqaLog - Clicked on Form Card...
2025-07-21 19:49:28 [main] INFO  demoqaLog - Clicking on Practice Form...
2025-07-21 19:49:28 [main] INFO  demoqaLog - Clicked on Practice Form...
2025-07-21 19:49:28 [main] INFO  demoqaLog - Filling form for: Bud Wisem
2025-07-21 19:49:28 [main] INFO  demoqaLog - Entering First Name...
2025-07-21 19:49:28 [main] INFO  demoqaLog - Entered First Name: Bud
Selected gender: Other
2025-07-21 19:49:29 [main] INFO  demoqaLog - Entering Date of Birth: 31-12-1999
Parsed DOB from Excel: 31-12-1999
2025-07-21 19:49:30 [main] INFO  demoqaLog - Typed full subject: Biology
Typing subject: Biology
Dropdown Option: Biology
Selected: Biology
Selected hobby: reading
Uploaded photo: C:\ASN\eclipse_workspace\demoqa-automation//TestData/Ophoto.jpg
513 Grant 481, Prattsville
 Arkansas 72129
 United States
2025-07-21 19:49:31 [main] INFO  demoqaLog - Entering Address...
2025-07-21 19:49:31 [main] INFO  demoqaLog - Entered Address...
2025-07-21 19:49:31 [main] INFO  demoqaLog - Selecting State: Haryana
Available state option: NCR
Available state option: Uttar Pradesh
Available state option: Haryana
2025-07-21 19:49:31 [main] INFO  demoqaLog - Selected State: Haryana
2025-07-21 19:49:31 [main] INFO  demoqaLog - Selecting City: Panipat
Available city: Karnal
Available city: Panipat
2025-07-21 19:49:32 [main] INFO  demoqaLog - Selected City: Panipat
2025-07-21 19:49:32 [main] INFO  demoqaLog - Submitting Form...
2025-07-21 19:49:33 [main] INFO  demoqaLog - Form Submitted via normal click...
]]></system-out>
  </testcase>
  <testcase name="fillForm[models.UserFormData@4357524b](4)" classname="tests.FormTests" time="5.127">
    <system-out><![CDATA[Path for Screenshot is: C:\ASN\eclipse_workspace\demoqa-automation/screenshots/fillForm Passed+2025-07-21_19-49-33.png
2025-07-21 19:49:33 [main] INFO  demoqaLog - Closing the Browser...
2025-07-21 19:49:33 [main] INFO  demoqaLog - Starting Web Browser...
2025-07-21 19:49:35 [main] INFO  demoqaLog - Navigating to demoqa.com Website
2025-07-21 19:49:40 [main] INFO  demoqaLog - Starting Form Filling Test...
2025-07-21 19:49:40 [main] INFO  demoqaLog - Accessing Form Card...
2025-07-21 19:49:40 [main] INFO  demoqaLog - Clicking on Form Card...
2025-07-21 19:49:41 [main] INFO  demoqaLog - Clicked on Form Card...
2025-07-21 19:49:41 [main] INFO  demoqaLog - Clicking on Practice Form...
2025-07-21 19:49:41 [main] INFO  demoqaLog - Clicked on Practice Form...
2025-07-21 19:49:41 [main] INFO  demoqaLog - Filling form for: Tom Boss
2025-07-21 19:49:41 [main] INFO  demoqaLog - Entering First Name...
2025-07-21 19:49:41 [main] INFO  demoqaLog - Entered First Name: Tom
Selected gender: Male
2025-07-21 19:49:42 [main] INFO  demoqaLog - Entering Date of Birth: 26-01-2003
Parsed DOB from Excel: 26-01-2003
2025-07-21 19:49:42 [main] INFO  demoqaLog - Typed full subject: Social Studies
Typing subject: Social Studies
Dropdown Option: Social Studies
Selected: Social Studies
Selected hobby: sports
Selected hobby: reading
Uploaded photo: C:\ASN\eclipse_workspace\demoqa-automation//TestData/M2photo.jpg
514 Grant 481, Prattsville
 Arkansas 72129
 United States
2025-07-21 19:49:44 [main] INFO  demoqaLog - Entering Address...
2025-07-21 19:49:44 [main] INFO  demoqaLog - Entered Address...
2025-07-21 19:49:44 [main] INFO  demoqaLog - Selecting State: Rajasthan
Available state option: NCR
Available state option: Uttar Pradesh
Available state option: Haryana
Available state option: Rajasthan
2025-07-21 19:49:44 [main] INFO  demoqaLog - Selected State: Rajasthan
2025-07-21 19:49:44 [main] INFO  demoqaLog - Selecting City: Jaiselmer
Available city: Jaipur
Available city: Jaiselmer
2025-07-21 19:49:45 [main] INFO  demoqaLog - Selected City: Jaiselmer
2025-07-21 19:49:45 [main] INFO  demoqaLog - Submitting Form...
2025-07-21 19:49:45 [main] INFO  demoqaLog - Form Submitted via normal click...
]]></system-out>
  </testcase>
</testsuite>