<?xml version="1.0" encoding="UTF-8"?>
<testng-results ignored="21" total="22" passed="1" failed="0" skipped="0">
  <reporter-output>
  </reporter-output>
  <suite started-at="2025-07-29T10:14:50 IST" name="Default suite" finished-at="2025-07-29T10:14:57 IST" duration-ms="7173">
    <groups>
    </groups>
    <test started-at="2025-07-29T10:14:50 IST" name="Default test" finished-at="2025-07-29T10:14:57 IST" duration-ms="7173">
      <class name="tests.ElementsTests">
        <test-method is-config="true" signature="setupReport()[pri:0, instance:tests.ElementsTests@40005471]" started-at="2025-07-29T10:14:49 IST" name="setupReport" finished-at="2025-07-29T10:14:50 IST" duration-ms="270" status="PASS">
          <reporter-output>
          </reporter-output>
        </test-method> <!-- setupReport -->
        <test-method is-config="true" signature="setUP()[pri:0, instance:tests.ElementsTests@40005471]" started-at="2025-07-29T10:14:50 IST" name="setUP" finished-at="2025-07-29T10:14:55 IST" duration-ms="5691" status="PASS">
          <reporter-output>
          </reporter-output>
        </test-method> <!-- setUP -->
        <test-method signature="SelectingAllFiles()[pri:22, instance:tests.ElementsTests@40005471]" started-at="2025-07-29T10:14:55 IST" name="SelectingAllFiles" finished-at="2025-07-29T10:14:57 IST" duration-ms="1438" status="PASS">
          <reporter-output>
          </reporter-output>
        </test-method> <!-- SelectingAllFiles -->
        <test-method is-config="true" signature="TearDown(org.testng.ITestResult)[pri:0, instance:tests.ElementsTests@40005471]" started-at="2025-07-29T10:14:57 IST" name="TearDown" finished-at="2025-07-29T10:14:57 IST" duration-ms="6" status="PASS">
          <params>
            <param index="0">
              <value>
                <![CDATA[[TestResult name=SelectingAllFiles status=SUCCESS method=ElementsTests.SelectingAllFiles()[pri:22, instance:tests.ElementsTests@40005471] output={null}]]]>
              </value>
            </param>
          </params>
          <reporter-output>
          </reporter-output>
        </test-method> <!-- TearDown -->
        <test-method is-config="true" signature="teardownReport()[pri:0, instance:tests.ElementsTests@40005471]" started-at="2025-07-29T10:14:57 IST" name="teardownReport" finished-at="2025-07-29T10:14:57 IST" duration-ms="537" status="PASS">
          <reporter-output>
          </reporter-output>
        </test-method> <!-- teardownReport -->
      </class> <!-- tests.ElementsTests -->
    </test> <!-- Default test -->
  </suite> <!-- Default suite -->
</testng-results>
