<?xml version="1.0" encoding="UTF-8"?>
<testng-results ignored="0" total="5" passed="5" failed="0" skipped="0">
  <reporter-output>
  </reporter-output>
  <suite started-at="2025-07-18T18:48:06 IST" name="demoqa-automation TestSuite" finished-at="2025-07-18T18:49:08 IST" duration-ms="62151">
    <groups>
    </groups>
    <test started-at="2025-07-18T18:48:06 IST" name="Forms test" finished-at="2025-07-18T18:49:08 IST" duration-ms="62151">
      <class name="tests.FormTests">
        <test-method is-config="true" signature="setupReport()[pri:0, instance:tests.FormTests@1fa121e2]" started-at="2025-07-18T18:48:06 IST" name="setupReport" finished-at="2025-07-18T18:48:06 IST" duration-ms="368" status="PASS">
          <reporter-output>
          </reporter-output>
        </test-method> <!-- setupReport -->
        <test-method is-config="true" signature="setUP()[pri:0, instance:tests.FormTests@1fa121e2]" started-at="2025-07-18T18:48:06 IST" name="setUP" finished-at="2025-07-18T18:48:14 IST" duration-ms="7886" status="PASS">
          <reporter-output>
          </reporter-output>
        </test-method> <!-- setUP -->
        <test-method signature="FormCard()[pri:1, instance:tests.FormTests@1fa121e2]" started-at="2025-07-18T18:48:14 IST" name="FormCard" finished-at="2025-07-18T18:48:15 IST" duration-ms="579" status="PASS">
          <reporter-output>
          </reporter-output>
        </test-method> <!-- FormCard -->
        <test-method is-config="true" signature="TearDown(org.testng.ITestResult)[pri:0, instance:tests.FormTests@1fa121e2]" started-at="2025-07-18T18:48:15 IST" name="TearDown" finished-at="2025-07-18T18:48:15 IST" duration-ms="215" status="PASS">
          <params>
            <param index="0">
              <value>
                <![CDATA[[TestResult name=FormCard status=SUCCESS method=FormTests.FormCard()[pri:1, instance:tests.FormTests@1fa121e2] output={null}]]]>
              </value>
            </param>
          </params>
          <reporter-output>
          </reporter-output>
        </test-method> <!-- TearDown -->
        <test-method is-config="true" signature="setUP()[pri:0, instance:tests.FormTests@1fa121e2]" started-at="2025-07-18T18:48:17 IST" name="setUP" finished-at="2025-07-18T18:48:22 IST" duration-ms="5442" status="PASS">
          <reporter-output>
          </reporter-output>
        </test-method> <!-- setUP -->
        <test-method signature="fillForm(models.UserFormData)[pri:2, instance:tests.FormTests@1fa121e2]" started-at="2025-07-18T18:48:22 IST" name="fillForm" data-provider="UserFormData1" finished-at="2025-07-18T18:48:27 IST" duration-ms="4979" status="PASS">
          <params>
            <param index="0">
              <value>
                <![CDATA[models.UserFormData@5434e40c]]>
              </value>
            </param>
          </params>
          <reporter-output>
          </reporter-output>
        </test-method> <!-- fillForm -->
        <test-method is-config="true" signature="TearDown(org.testng.ITestResult)[pri:0, instance:tests.FormTests@1fa121e2]" started-at="2025-07-18T18:48:27 IST" name="TearDown" finished-at="2025-07-18T18:48:28 IST" duration-ms="568" status="PASS">
          <params>
            <param index="0">
              <value>
                <![CDATA[[TestResult name=fillForm status=SUCCESS method=FormTests.fillForm(models.UserFormData)[pri:2, instance:tests.FormTests@1fa121e2] output={null}]]]>
              </value>
            </param>
          </params>
          <reporter-output>
          </reporter-output>
        </test-method> <!-- TearDown -->
        <test-method is-config="true" signature="setUP()[pri:0, instance:tests.FormTests@1fa121e2]" started-at="2025-07-18T18:48:28 IST" name="setUP" finished-at="2025-07-18T18:48:39 IST" duration-ms="10982" status="PASS">
          <reporter-output>
          </reporter-output>
        </test-method> <!-- setUP -->
        <test-method signature="fillForm(models.UserFormData)[pri:2, instance:tests.FormTests@1fa121e2]" started-at="2025-07-18T18:48:39 IST" name="fillForm" data-provider="UserFormData1" finished-at="2025-07-18T18:48:43 IST" duration-ms="4836" status="PASS">
          <params>
            <param index="0">
              <value>
                <![CDATA[models.UserFormData@1f95881a]]>
              </value>
            </param>
          </params>
          <reporter-output>
          </reporter-output>
        </test-method> <!-- fillForm -->
        <test-method is-config="true" signature="TearDown(org.testng.ITestResult)[pri:0, instance:tests.FormTests@1fa121e2]" started-at="2025-07-18T18:48:43 IST" name="TearDown" finished-at="2025-07-18T18:48:44 IST" duration-ms="583" status="PASS">
          <params>
            <param index="0">
              <value>
                <![CDATA[[TestResult name=fillForm status=SUCCESS method=FormTests.fillForm(models.UserFormData)[pri:2, instance:tests.FormTests@1fa121e2] output={null}]]]>
              </value>
            </param>
          </params>
          <reporter-output>
          </reporter-output>
        </test-method> <!-- TearDown -->
        <test-method is-config="true" signature="setUP()[pri:0, instance:tests.FormTests@1fa121e2]" started-at="2025-07-18T18:48:44 IST" name="setUP" finished-at="2025-07-18T18:48:49 IST" duration-ms="5542" status="PASS">
          <reporter-output>
          </reporter-output>
        </test-method> <!-- setUP -->
        <test-method signature="fillForm(models.UserFormData)[pri:2, instance:tests.FormTests@1fa121e2]" started-at="2025-07-18T18:48:49 IST" name="fillForm" data-provider="UserFormData1" finished-at="2025-07-18T18:48:54 IST" duration-ms="4512" status="PASS">
          <params>
            <param index="0">
              <value>
                <![CDATA[models.UserFormData@1e98b788]]>
              </value>
            </param>
          </params>
          <reporter-output>
          </reporter-output>
        </test-method> <!-- fillForm -->
        <test-method is-config="true" signature="TearDown(org.testng.ITestResult)[pri:0, instance:tests.FormTests@1fa121e2]" started-at="2025-07-18T18:48:54 IST" name="TearDown" finished-at="2025-07-18T18:48:55 IST" duration-ms="613" status="PASS">
          <params>
            <param index="0">
              <value>
                <![CDATA[[TestResult name=fillForm status=SUCCESS method=FormTests.fillForm(models.UserFormData)[pri:2, instance:tests.FormTests@1fa121e2] output={null}]]]>
              </value>
            </param>
          </params>
          <reporter-output>
          </reporter-output>
        </test-method> <!-- TearDown -->
        <test-method is-config="true" signature="setUP()[pri:0, instance:tests.FormTests@1fa121e2]" started-at="2025-07-18T18:48:55 IST" name="setUP" finished-at="2025-07-18T18:49:00 IST" duration-ms="5809" status="PASS">
          <reporter-output>
          </reporter-output>
        </test-method> <!-- setUP -->
        <test-method signature="fillForm(models.UserFormData)[pri:2, instance:tests.FormTests@1fa121e2]" started-at="2025-07-18T18:49:00 IST" name="fillForm" data-provider="UserFormData1" finished-at="2025-07-18T18:49:06 IST" duration-ms="5705" status="PASS">
          <params>
            <param index="0">
              <value>
                <![CDATA[models.UserFormData@78116659]]>
              </value>
            </param>
          </params>
          <reporter-output>
          </reporter-output>
        </test-method> <!-- fillForm -->
        <test-method is-config="true" signature="TearDown(org.testng.ITestResult)[pri:0, instance:tests.FormTests@1fa121e2]" started-at="2025-07-18T18:49:06 IST" name="TearDown" finished-at="2025-07-18T18:49:08 IST" duration-ms="2158" status="PASS">
          <params>
            <param index="0">
              <value>
                <![CDATA[[TestResult name=fillForm status=SUCCESS method=FormTests.fillForm(models.UserFormData)[pri:2, instance:tests.FormTests@1fa121e2] output={null}]]]>
              </value>
            </param>
          </params>
          <reporter-output>
          </reporter-output>
        </test-method> <!-- TearDown -->
        <test-method is-config="true" signature="teardownReport()[pri:0, instance:tests.FormTests@1fa121e2]" started-at="2025-07-18T18:49:08 IST" name="teardownReport" finished-at="2025-07-18T18:49:14 IST" duration-ms="6037" status="PASS">
          <reporter-output>
          </reporter-output>
        </test-method> <!-- teardownReport -->
      </class> <!-- tests.FormTests -->
    </test> <!-- Forms test -->
  </suite> <!-- demoqa-automation TestSuite -->
</testng-results>
